[2021-09-22 10:26:40,306] {processor.py:162} INFO - Started process (PID=156) to work on /home/airflow/.local/lib/python3.6/site-packages/airflow/example_dags/example_trigger_controller_dag.py
[2021-09-22 10:26:40,308] {processor.py:613} INFO - Processing file /home/airflow/.local/lib/python3.6/site-packages/airflow/example_dags/example_trigger_controller_dag.py for tasks to queue
[2021-09-22 10:26:40,313] {logging_mixin.py:109} INFO - [2021-09-22 10:26:40,308] {dagbag.py:496} INFO - Filling up the DagBag from /home/airflow/.local/lib/python3.6/site-packages/airflow/example_dags/example_trigger_controller_dag.py
[2021-09-22 10:26:40,333] {processor.py:623} INFO - DAG(s) dict_keys(['example_trigger_controller_dag']) retrieved from /home/airflow/.local/lib/python3.6/site-packages/airflow/example_dags/example_trigger_controller_dag.py
[2021-09-22 10:26:44,142] {logging_mixin.py:109} INFO - [2021-09-22 10:26:44,140] {dag.py:1834} INFO - Sync 1 DAGs
[2021-09-22 10:26:44,178] {logging_mixin.py:109} INFO - [2021-09-22 10:26:44,175] {dag.py:1853} INFO - Creating ORM DAG for example_trigger_controller_dag
[2021-09-22 10:26:44,192] {logging_mixin.py:109} INFO - [2021-09-22 10:26:44,192] {dag.py:2287} INFO - Setting next_dagrun for example_trigger_controller_dag to 2021-09-20 00:00:00+00:00
[2021-09-22 10:26:44,236] {processor.py:170} INFO - Processing /home/airflow/.local/lib/python3.6/site-packages/airflow/example_dags/example_trigger_controller_dag.py took 3.936 seconds
[2021-09-22 10:27:25,201] {processor.py:162} INFO - Started process (PID=233) to work on /home/airflow/.local/lib/python3.6/site-packages/airflow/example_dags/example_trigger_controller_dag.py
[2021-09-22 10:27:25,206] {processor.py:613} INFO - Processing file /home/airflow/.local/lib/python3.6/site-packages/airflow/example_dags/example_trigger_controller_dag.py for tasks to queue
[2021-09-22 10:27:25,211] {logging_mixin.py:109} INFO - [2021-09-22 10:27:25,211] {dagbag.py:496} INFO - Filling up the DagBag from /home/airflow/.local/lib/python3.6/site-packages/airflow/example_dags/example_trigger_controller_dag.py
[2021-09-22 10:27:25,246] {processor.py:623} INFO - DAG(s) dict_keys(['example_trigger_controller_dag']) retrieved from /home/airflow/.local/lib/python3.6/site-packages/airflow/example_dags/example_trigger_controller_dag.py
[2021-09-22 10:27:25,367] {logging_mixin.py:109} INFO - [2021-09-22 10:27:25,367] {dag.py:1834} INFO - Sync 1 DAGs
[2021-09-22 10:27:25,454] {logging_mixin.py:109} INFO - [2021-09-22 10:27:25,454] {dag.py:2287} INFO - Setting next_dagrun for example_trigger_controller_dag to 2021-09-20 00:00:00+00:00
[2021-09-22 10:27:25,518] {processor.py:170} INFO - Processing /home/airflow/.local/lib/python3.6/site-packages/airflow/example_dags/example_trigger_controller_dag.py took 0.332 seconds
[2021-09-22 10:27:55,858] {processor.py:162} INFO - Started process (PID=285) to work on /home/airflow/.local/lib/python3.6/site-packages/airflow/example_dags/example_trigger_controller_dag.py
[2021-09-22 10:27:55,873] {processor.py:613} INFO - Processing file /home/airflow/.local/lib/python3.6/site-packages/airflow/example_dags/example_trigger_controller_dag.py for tasks to queue
[2021-09-22 10:27:55,874] {logging_mixin.py:109} INFO - [2021-09-22 10:27:55,873] {dagbag.py:496} INFO - Filling up the DagBag from /home/airflow/.local/lib/python3.6/site-packages/airflow/example_dags/example_trigger_controller_dag.py
[2021-09-22 10:27:55,906] {processor.py:623} INFO - DAG(s) dict_keys(['example_trigger_controller_dag']) retrieved from /home/airflow/.local/lib/python3.6/site-packages/airflow/example_dags/example_trigger_controller_dag.py
[2021-09-22 10:27:55,939] {logging_mixin.py:109} INFO - [2021-09-22 10:27:55,939] {dag.py:1834} INFO - Sync 1 DAGs
[2021-09-22 10:27:55,958] {logging_mixin.py:109} INFO - [2021-09-22 10:27:55,958] {dag.py:2287} INFO - Setting next_dagrun for example_trigger_controller_dag to 2021-09-20 00:00:00+00:00
[2021-09-22 10:27:55,973] {processor.py:170} INFO - Processing /home/airflow/.local/lib/python3.6/site-packages/airflow/example_dags/example_trigger_controller_dag.py took 0.121 seconds
[2021-09-22 10:28:26,161] {processor.py:162} INFO - Started process (PID=336) to work on /home/airflow/.local/lib/python3.6/site-packages/airflow/example_dags/example_trigger_controller_dag.py
[2021-09-22 10:28:26,163] {processor.py:613} INFO - Processing file /home/airflow/.local/lib/python3.6/site-packages/airflow/example_dags/example_trigger_controller_dag.py for tasks to queue
[2021-09-22 10:28:26,164] {logging_mixin.py:109} INFO - [2021-09-22 10:28:26,163] {dagbag.py:496} INFO - Filling up the DagBag from /home/airflow/.local/lib/python3.6/site-packages/airflow/example_dags/example_trigger_controller_dag.py
[2021-09-22 10:28:26,175] {processor.py:623} INFO - DAG(s) dict_keys(['example_trigger_controller_dag']) retrieved from /home/airflow/.local/lib/python3.6/site-packages/airflow/example_dags/example_trigger_controller_dag.py
[2021-09-22 10:28:26,195] {logging_mixin.py:109} INFO - [2021-09-22 10:28:26,195] {dag.py:1834} INFO - Sync 1 DAGs
[2021-09-22 10:28:26,209] {logging_mixin.py:109} INFO - [2021-09-22 10:28:26,208] {dag.py:2287} INFO - Setting next_dagrun for example_trigger_controller_dag to 2021-09-20 00:00:00+00:00
[2021-09-22 10:28:26,218] {processor.py:170} INFO - Processing /home/airflow/.local/lib/python3.6/site-packages/airflow/example_dags/example_trigger_controller_dag.py took 0.060 seconds
[2021-09-22 10:28:59,046] {processor.py:162} INFO - Started process (PID=398) to work on /home/airflow/.local/lib/python3.6/site-packages/airflow/example_dags/example_trigger_controller_dag.py
[2021-09-22 10:28:59,060] {processor.py:613} INFO - Processing file /home/airflow/.local/lib/python3.6/site-packages/airflow/example_dags/example_trigger_controller_dag.py for tasks to queue
[2021-09-22 10:28:59,061] {logging_mixin.py:109} INFO - [2021-09-22 10:28:59,061] {dagbag.py:496} INFO - Filling up the DagBag from /home/airflow/.local/lib/python3.6/site-packages/airflow/example_dags/example_trigger_controller_dag.py
[2021-09-22 10:28:59,107] {processor.py:623} INFO - DAG(s) dict_keys(['example_trigger_controller_dag']) retrieved from /home/airflow/.local/lib/python3.6/site-packages/airflow/example_dags/example_trigger_controller_dag.py
[2021-09-22 10:28:59,190] {logging_mixin.py:109} INFO - [2021-09-22 10:28:59,190] {dag.py:1834} INFO - Sync 1 DAGs
[2021-09-22 10:28:59,221] {logging_mixin.py:109} INFO - [2021-09-22 10:28:59,220] {dag.py:2287} INFO - Setting next_dagrun for example_trigger_controller_dag to 2021-09-20 00:00:00+00:00
[2021-09-22 10:28:59,249] {processor.py:170} INFO - Processing /home/airflow/.local/lib/python3.6/site-packages/airflow/example_dags/example_trigger_controller_dag.py took 0.233 seconds
[2021-09-22 10:29:29,714] {processor.py:162} INFO - Started process (PID=447) to work on /home/airflow/.local/lib/python3.6/site-packages/airflow/example_dags/example_trigger_controller_dag.py
[2021-09-22 10:29:29,715] {processor.py:613} INFO - Processing file /home/airflow/.local/lib/python3.6/site-packages/airflow/example_dags/example_trigger_controller_dag.py for tasks to queue
[2021-09-22 10:29:29,716] {logging_mixin.py:109} INFO - [2021-09-22 10:29:29,716] {dagbag.py:496} INFO - Filling up the DagBag from /home/airflow/.local/lib/python3.6/site-packages/airflow/example_dags/example_trigger_controller_dag.py
[2021-09-22 10:29:29,736] {processor.py:623} INFO - DAG(s) dict_keys(['example_trigger_controller_dag']) retrieved from /home/airflow/.local/lib/python3.6/site-packages/airflow/example_dags/example_trigger_controller_dag.py
[2021-09-22 10:29:29,764] {logging_mixin.py:109} INFO - [2021-09-22 10:29:29,763] {dag.py:1834} INFO - Sync 1 DAGs
[2021-09-22 10:29:29,782] {logging_mixin.py:109} INFO - [2021-09-22 10:29:29,782] {dag.py:2287} INFO - Setting next_dagrun for example_trigger_controller_dag to 2021-09-20 00:00:00+00:00
[2021-09-22 10:29:29,796] {processor.py:170} INFO - Processing /home/airflow/.local/lib/python3.6/site-packages/airflow/example_dags/example_trigger_controller_dag.py took 0.086 seconds
[2021-09-22 10:30:00,308] {processor.py:162} INFO - Started process (PID=498) to work on /home/airflow/.local/lib/python3.6/site-packages/airflow/example_dags/example_trigger_controller_dag.py
[2021-09-22 10:30:00,313] {processor.py:613} INFO - Processing file /home/airflow/.local/lib/python3.6/site-packages/airflow/example_dags/example_trigger_controller_dag.py for tasks to queue
[2021-09-22 10:30:00,314] {logging_mixin.py:109} INFO - [2021-09-22 10:30:00,313] {dagbag.py:496} INFO - Filling up the DagBag from /home/airflow/.local/lib/python3.6/site-packages/airflow/example_dags/example_trigger_controller_dag.py
[2021-09-22 10:30:00,334] {processor.py:623} INFO - DAG(s) dict_keys(['example_trigger_controller_dag']) retrieved from /home/airflow/.local/lib/python3.6/site-packages/airflow/example_dags/example_trigger_controller_dag.py
[2021-09-22 10:30:00,363] {logging_mixin.py:109} INFO - [2021-09-22 10:30:00,363] {dag.py:1834} INFO - Sync 1 DAGs
[2021-09-22 10:30:00,381] {logging_mixin.py:109} INFO - [2021-09-22 10:30:00,380] {dag.py:2287} INFO - Setting next_dagrun for example_trigger_controller_dag to 2021-09-20 00:00:00+00:00
[2021-09-22 10:30:00,390] {processor.py:170} INFO - Processing /home/airflow/.local/lib/python3.6/site-packages/airflow/example_dags/example_trigger_controller_dag.py took 0.087 seconds
[2021-09-22 10:30:30,861] {processor.py:162} INFO - Started process (PID=561) to work on /home/airflow/.local/lib/python3.6/site-packages/airflow/example_dags/example_trigger_controller_dag.py
[2021-09-22 10:30:30,862] {processor.py:613} INFO - Processing file /home/airflow/.local/lib/python3.6/site-packages/airflow/example_dags/example_trigger_controller_dag.py for tasks to queue
[2021-09-22 10:30:30,868] {logging_mixin.py:109} INFO - [2021-09-22 10:30:30,868] {dagbag.py:496} INFO - Filling up the DagBag from /home/airflow/.local/lib/python3.6/site-packages/airflow/example_dags/example_trigger_controller_dag.py
[2021-09-22 10:30:30,923] {processor.py:623} INFO - DAG(s) dict_keys(['example_trigger_controller_dag']) retrieved from /home/airflow/.local/lib/python3.6/site-packages/airflow/example_dags/example_trigger_controller_dag.py
[2021-09-22 10:30:31,027] {logging_mixin.py:109} INFO - [2021-09-22 10:30:31,027] {dag.py:1834} INFO - Sync 1 DAGs
[2021-09-22 10:30:31,070] {logging_mixin.py:109} INFO - [2021-09-22 10:30:31,069] {dag.py:2287} INFO - Setting next_dagrun for example_trigger_controller_dag to 2021-09-20 00:00:00+00:00
[2021-09-22 10:30:31,113] {processor.py:170} INFO - Processing /home/airflow/.local/lib/python3.6/site-packages/airflow/example_dags/example_trigger_controller_dag.py took 0.261 seconds
[2021-09-22 10:31:01,811] {processor.py:162} INFO - Started process (PID=614) to work on /home/airflow/.local/lib/python3.6/site-packages/airflow/example_dags/example_trigger_controller_dag.py
[2021-09-22 10:31:01,816] {processor.py:613} INFO - Processing file /home/airflow/.local/lib/python3.6/site-packages/airflow/example_dags/example_trigger_controller_dag.py for tasks to queue
[2021-09-22 10:31:01,819] {logging_mixin.py:109} INFO - [2021-09-22 10:31:01,819] {dagbag.py:496} INFO - Filling up the DagBag from /home/airflow/.local/lib/python3.6/site-packages/airflow/example_dags/example_trigger_controller_dag.py
[2021-09-22 10:31:01,844] {processor.py:623} INFO - DAG(s) dict_keys(['example_trigger_controller_dag']) retrieved from /home/airflow/.local/lib/python3.6/site-packages/airflow/example_dags/example_trigger_controller_dag.py
[2021-09-22 10:31:01,895] {logging_mixin.py:109} INFO - [2021-09-22 10:31:01,895] {dag.py:1834} INFO - Sync 1 DAGs
[2021-09-22 10:31:01,916] {logging_mixin.py:109} INFO - [2021-09-22 10:31:01,915] {dag.py:2287} INFO - Setting next_dagrun for example_trigger_controller_dag to 2021-09-20 00:00:00+00:00
[2021-09-22 10:31:01,938] {processor.py:170} INFO - Processing /home/airflow/.local/lib/python3.6/site-packages/airflow/example_dags/example_trigger_controller_dag.py took 0.134 seconds
[2021-09-22 10:31:32,061] {processor.py:162} INFO - Started process (PID=675) to work on /home/airflow/.local/lib/python3.6/site-packages/airflow/example_dags/example_trigger_controller_dag.py
[2021-09-22 10:31:32,062] {processor.py:613} INFO - Processing file /home/airflow/.local/lib/python3.6/site-packages/airflow/example_dags/example_trigger_controller_dag.py for tasks to queue
[2021-09-22 10:31:32,065] {logging_mixin.py:109} INFO - [2021-09-22 10:31:32,065] {dagbag.py:496} INFO - Filling up the DagBag from /home/airflow/.local/lib/python3.6/site-packages/airflow/example_dags/example_trigger_controller_dag.py
[2021-09-22 10:31:32,083] {processor.py:623} INFO - DAG(s) dict_keys(['example_trigger_controller_dag']) retrieved from /home/airflow/.local/lib/python3.6/site-packages/airflow/example_dags/example_trigger_controller_dag.py
[2021-09-22 10:31:32,114] {logging_mixin.py:109} INFO - [2021-09-22 10:31:32,113] {dag.py:1834} INFO - Sync 1 DAGs
[2021-09-22 10:31:32,136] {logging_mixin.py:109} INFO - [2021-09-22 10:31:32,136] {dag.py:2287} INFO - Setting next_dagrun for example_trigger_controller_dag to 2021-09-20 00:00:00+00:00
[2021-09-22 10:31:32,174] {processor.py:170} INFO - Processing /home/airflow/.local/lib/python3.6/site-packages/airflow/example_dags/example_trigger_controller_dag.py took 0.117 seconds
[2021-09-22 10:32:02,647] {processor.py:162} INFO - Started process (PID=728) to work on /home/airflow/.local/lib/python3.6/site-packages/airflow/example_dags/example_trigger_controller_dag.py
[2021-09-22 10:32:02,652] {processor.py:613} INFO - Processing file /home/airflow/.local/lib/python3.6/site-packages/airflow/example_dags/example_trigger_controller_dag.py for tasks to queue
[2021-09-22 10:32:02,653] {logging_mixin.py:109} INFO - [2021-09-22 10:32:02,653] {dagbag.py:496} INFO - Filling up the DagBag from /home/airflow/.local/lib/python3.6/site-packages/airflow/example_dags/example_trigger_controller_dag.py
[2021-09-22 10:32:02,677] {processor.py:623} INFO - DAG(s) dict_keys(['example_trigger_controller_dag']) retrieved from /home/airflow/.local/lib/python3.6/site-packages/airflow/example_dags/example_trigger_controller_dag.py
[2021-09-22 10:32:02,725] {logging_mixin.py:109} INFO - [2021-09-22 10:32:02,725] {dag.py:1834} INFO - Sync 1 DAGs
[2021-09-22 10:32:02,775] {logging_mixin.py:109} INFO - [2021-09-22 10:32:02,774] {dag.py:2287} INFO - Setting next_dagrun for example_trigger_controller_dag to 2021-09-20 00:00:00+00:00
[2021-09-22 10:32:02,805] {processor.py:170} INFO - Processing /home/airflow/.local/lib/python3.6/site-packages/airflow/example_dags/example_trigger_controller_dag.py took 0.171 seconds
[2021-09-22 10:32:33,772] {processor.py:162} INFO - Started process (PID=790) to work on /home/airflow/.local/lib/python3.6/site-packages/airflow/example_dags/example_trigger_controller_dag.py
[2021-09-22 10:32:33,777] {processor.py:613} INFO - Processing file /home/airflow/.local/lib/python3.6/site-packages/airflow/example_dags/example_trigger_controller_dag.py for tasks to queue
[2021-09-22 10:32:33,778] {logging_mixin.py:109} INFO - [2021-09-22 10:32:33,777] {dagbag.py:496} INFO - Filling up the DagBag from /home/airflow/.local/lib/python3.6/site-packages/airflow/example_dags/example_trigger_controller_dag.py
[2021-09-22 10:32:33,806] {processor.py:623} INFO - DAG(s) dict_keys(['example_trigger_controller_dag']) retrieved from /home/airflow/.local/lib/python3.6/site-packages/airflow/example_dags/example_trigger_controller_dag.py
[2021-09-22 10:32:33,834] {logging_mixin.py:109} INFO - [2021-09-22 10:32:33,834] {dag.py:1834} INFO - Sync 1 DAGs
[2021-09-22 10:32:33,861] {logging_mixin.py:109} INFO - [2021-09-22 10:32:33,861] {dag.py:2287} INFO - Setting next_dagrun for example_trigger_controller_dag to 2021-09-20 00:00:00+00:00
[2021-09-22 10:32:33,877] {processor.py:170} INFO - Processing /home/airflow/.local/lib/python3.6/site-packages/airflow/example_dags/example_trigger_controller_dag.py took 0.110 seconds
[2021-09-22 10:33:04,566] {processor.py:162} INFO - Started process (PID=841) to work on /home/airflow/.local/lib/python3.6/site-packages/airflow/example_dags/example_trigger_controller_dag.py
[2021-09-22 10:33:04,568] {processor.py:613} INFO - Processing file /home/airflow/.local/lib/python3.6/site-packages/airflow/example_dags/example_trigger_controller_dag.py for tasks to queue
[2021-09-22 10:33:04,569] {logging_mixin.py:109} INFO - [2021-09-22 10:33:04,569] {dagbag.py:496} INFO - Filling up the DagBag from /home/airflow/.local/lib/python3.6/site-packages/airflow/example_dags/example_trigger_controller_dag.py
[2021-09-22 10:33:04,605] {processor.py:623} INFO - DAG(s) dict_keys(['example_trigger_controller_dag']) retrieved from /home/airflow/.local/lib/python3.6/site-packages/airflow/example_dags/example_trigger_controller_dag.py
[2021-09-22 10:33:04,647] {logging_mixin.py:109} INFO - [2021-09-22 10:33:04,647] {dag.py:1834} INFO - Sync 1 DAGs
[2021-09-22 10:33:04,670] {logging_mixin.py:109} INFO - [2021-09-22 10:33:04,670] {dag.py:2287} INFO - Setting next_dagrun for example_trigger_controller_dag to 2021-09-20 00:00:00+00:00
[2021-09-22 10:33:04,695] {processor.py:170} INFO - Processing /home/airflow/.local/lib/python3.6/site-packages/airflow/example_dags/example_trigger_controller_dag.py took 0.137 seconds
[2021-09-22 10:33:35,134] {processor.py:162} INFO - Started process (PID=903) to work on /home/airflow/.local/lib/python3.6/site-packages/airflow/example_dags/example_trigger_controller_dag.py
[2021-09-22 10:33:35,136] {processor.py:613} INFO - Processing file /home/airflow/.local/lib/python3.6/site-packages/airflow/example_dags/example_trigger_controller_dag.py for tasks to queue
[2021-09-22 10:33:35,136] {logging_mixin.py:109} INFO - [2021-09-22 10:33:35,136] {dagbag.py:496} INFO - Filling up the DagBag from /home/airflow/.local/lib/python3.6/site-packages/airflow/example_dags/example_trigger_controller_dag.py
[2021-09-22 10:33:35,158] {processor.py:623} INFO - DAG(s) dict_keys(['example_trigger_controller_dag']) retrieved from /home/airflow/.local/lib/python3.6/site-packages/airflow/example_dags/example_trigger_controller_dag.py
[2021-09-22 10:33:35,192] {logging_mixin.py:109} INFO - [2021-09-22 10:33:35,191] {dag.py:1834} INFO - Sync 1 DAGs
[2021-09-22 10:33:35,209] {logging_mixin.py:109} INFO - [2021-09-22 10:33:35,209] {dag.py:2287} INFO - Setting next_dagrun for example_trigger_controller_dag to 2021-09-20 00:00:00+00:00
[2021-09-22 10:33:35,225] {processor.py:170} INFO - Processing /home/airflow/.local/lib/python3.6/site-packages/airflow/example_dags/example_trigger_controller_dag.py took 0.095 seconds
[2021-09-22 10:34:05,709] {processor.py:162} INFO - Started process (PID=954) to work on /home/airflow/.local/lib/python3.6/site-packages/airflow/example_dags/example_trigger_controller_dag.py
[2021-09-22 10:34:05,711] {processor.py:613} INFO - Processing file /home/airflow/.local/lib/python3.6/site-packages/airflow/example_dags/example_trigger_controller_dag.py for tasks to queue
[2021-09-22 10:34:05,712] {logging_mixin.py:109} INFO - [2021-09-22 10:34:05,712] {dagbag.py:496} INFO - Filling up the DagBag from /home/airflow/.local/lib/python3.6/site-packages/airflow/example_dags/example_trigger_controller_dag.py
[2021-09-22 10:34:05,727] {processor.py:623} INFO - DAG(s) dict_keys(['example_trigger_controller_dag']) retrieved from /home/airflow/.local/lib/python3.6/site-packages/airflow/example_dags/example_trigger_controller_dag.py
[2021-09-22 10:34:05,761] {logging_mixin.py:109} INFO - [2021-09-22 10:34:05,761] {dag.py:1834} INFO - Sync 1 DAGs
[2021-09-22 10:34:05,781] {logging_mixin.py:109} INFO - [2021-09-22 10:34:05,781] {dag.py:2287} INFO - Setting next_dagrun for example_trigger_controller_dag to 2021-09-20 00:00:00+00:00
[2021-09-22 10:34:05,798] {processor.py:170} INFO - Processing /home/airflow/.local/lib/python3.6/site-packages/airflow/example_dags/example_trigger_controller_dag.py took 0.093 seconds
[2021-09-22 10:34:36,381] {processor.py:162} INFO - Started process (PID=1011) to work on /home/airflow/.local/lib/python3.6/site-packages/airflow/example_dags/example_trigger_controller_dag.py
[2021-09-22 10:34:36,383] {processor.py:613} INFO - Processing file /home/airflow/.local/lib/python3.6/site-packages/airflow/example_dags/example_trigger_controller_dag.py for tasks to queue
[2021-09-22 10:34:36,384] {logging_mixin.py:109} INFO - [2021-09-22 10:34:36,383] {dagbag.py:496} INFO - Filling up the DagBag from /home/airflow/.local/lib/python3.6/site-packages/airflow/example_dags/example_trigger_controller_dag.py
[2021-09-22 10:34:36,399] {processor.py:623} INFO - DAG(s) dict_keys(['example_trigger_controller_dag']) retrieved from /home/airflow/.local/lib/python3.6/site-packages/airflow/example_dags/example_trigger_controller_dag.py
[2021-09-22 10:34:36,478] {logging_mixin.py:109} INFO - [2021-09-22 10:34:36,478] {dag.py:1834} INFO - Sync 1 DAGs
[2021-09-22 10:34:36,495] {logging_mixin.py:109} INFO - [2021-09-22 10:34:36,495] {dag.py:2287} INFO - Setting next_dagrun for example_trigger_controller_dag to 2021-09-20 00:00:00+00:00
[2021-09-22 10:34:36,521] {processor.py:170} INFO - Processing /home/airflow/.local/lib/python3.6/site-packages/airflow/example_dags/example_trigger_controller_dag.py took 0.144 seconds
[2021-09-22 10:35:07,140] {processor.py:162} INFO - Started process (PID=1065) to work on /home/airflow/.local/lib/python3.6/site-packages/airflow/example_dags/example_trigger_controller_dag.py
[2021-09-22 10:35:07,168] {processor.py:613} INFO - Processing file /home/airflow/.local/lib/python3.6/site-packages/airflow/example_dags/example_trigger_controller_dag.py for tasks to queue
[2021-09-22 10:35:07,169] {logging_mixin.py:109} INFO - [2021-09-22 10:35:07,169] {dagbag.py:496} INFO - Filling up the DagBag from /home/airflow/.local/lib/python3.6/site-packages/airflow/example_dags/example_trigger_controller_dag.py
[2021-09-22 10:35:07,197] {processor.py:623} INFO - DAG(s) dict_keys(['example_trigger_controller_dag']) retrieved from /home/airflow/.local/lib/python3.6/site-packages/airflow/example_dags/example_trigger_controller_dag.py
[2021-09-22 10:35:07,370] {logging_mixin.py:109} INFO - [2021-09-22 10:35:07,370] {dag.py:1834} INFO - Sync 1 DAGs
[2021-09-22 10:35:07,409] {logging_mixin.py:109} INFO - [2021-09-22 10:35:07,409] {dag.py:2287} INFO - Setting next_dagrun for example_trigger_controller_dag to 2021-09-20 00:00:00+00:00
[2021-09-22 10:35:07,478] {processor.py:170} INFO - Processing /home/airflow/.local/lib/python3.6/site-packages/airflow/example_dags/example_trigger_controller_dag.py took 0.342 seconds
[2021-09-22 10:35:37,891] {processor.py:162} INFO - Started process (PID=1117) to work on /home/airflow/.local/lib/python3.6/site-packages/airflow/example_dags/example_trigger_controller_dag.py
[2021-09-22 10:35:37,892] {processor.py:613} INFO - Processing file /home/airflow/.local/lib/python3.6/site-packages/airflow/example_dags/example_trigger_controller_dag.py for tasks to queue
[2021-09-22 10:35:37,897] {logging_mixin.py:109} INFO - [2021-09-22 10:35:37,897] {dagbag.py:496} INFO - Filling up the DagBag from /home/airflow/.local/lib/python3.6/site-packages/airflow/example_dags/example_trigger_controller_dag.py
[2021-09-22 10:35:37,918] {processor.py:623} INFO - DAG(s) dict_keys(['example_trigger_controller_dag']) retrieved from /home/airflow/.local/lib/python3.6/site-packages/airflow/example_dags/example_trigger_controller_dag.py
[2021-09-22 10:35:37,949] {logging_mixin.py:109} INFO - [2021-09-22 10:35:37,949] {dag.py:1834} INFO - Sync 1 DAGs
[2021-09-22 10:35:37,977] {logging_mixin.py:109} INFO - [2021-09-22 10:35:37,977] {dag.py:2287} INFO - Setting next_dagrun for example_trigger_controller_dag to 2021-09-20 00:00:00+00:00
[2021-09-22 10:35:38,001] {processor.py:170} INFO - Processing /home/airflow/.local/lib/python3.6/site-packages/airflow/example_dags/example_trigger_controller_dag.py took 0.116 seconds
[2021-09-22 10:36:08,229] {processor.py:162} INFO - Started process (PID=1168) to work on /home/airflow/.local/lib/python3.6/site-packages/airflow/example_dags/example_trigger_controller_dag.py
[2021-09-22 10:36:08,231] {processor.py:613} INFO - Processing file /home/airflow/.local/lib/python3.6/site-packages/airflow/example_dags/example_trigger_controller_dag.py for tasks to queue
[2021-09-22 10:36:08,231] {logging_mixin.py:109} INFO - [2021-09-22 10:36:08,231] {dagbag.py:496} INFO - Filling up the DagBag from /home/airflow/.local/lib/python3.6/site-packages/airflow/example_dags/example_trigger_controller_dag.py
[2021-09-22 10:36:08,248] {processor.py:623} INFO - DAG(s) dict_keys(['example_trigger_controller_dag']) retrieved from /home/airflow/.local/lib/python3.6/site-packages/airflow/example_dags/example_trigger_controller_dag.py
[2021-09-22 10:36:08,279] {logging_mixin.py:109} INFO - [2021-09-22 10:36:08,279] {dag.py:1834} INFO - Sync 1 DAGs
[2021-09-22 10:36:08,300] {logging_mixin.py:109} INFO - [2021-09-22 10:36:08,300] {dag.py:2287} INFO - Setting next_dagrun for example_trigger_controller_dag to 2021-09-20 00:00:00+00:00
[2021-09-22 10:36:08,313] {processor.py:170} INFO - Processing /home/airflow/.local/lib/python3.6/site-packages/airflow/example_dags/example_trigger_controller_dag.py took 0.088 seconds
[2021-09-22 10:36:39,076] {processor.py:162} INFO - Started process (PID=1229) to work on /home/airflow/.local/lib/python3.6/site-packages/airflow/example_dags/example_trigger_controller_dag.py
[2021-09-22 10:36:39,083] {processor.py:613} INFO - Processing file /home/airflow/.local/lib/python3.6/site-packages/airflow/example_dags/example_trigger_controller_dag.py for tasks to queue
[2021-09-22 10:36:39,083] {logging_mixin.py:109} INFO - [2021-09-22 10:36:39,083] {dagbag.py:496} INFO - Filling up the DagBag from /home/airflow/.local/lib/python3.6/site-packages/airflow/example_dags/example_trigger_controller_dag.py
[2021-09-22 10:36:39,119] {processor.py:623} INFO - DAG(s) dict_keys(['example_trigger_controller_dag']) retrieved from /home/airflow/.local/lib/python3.6/site-packages/airflow/example_dags/example_trigger_controller_dag.py
[2021-09-22 10:36:39,169] {logging_mixin.py:109} INFO - [2021-09-22 10:36:39,169] {dag.py:1834} INFO - Sync 1 DAGs
[2021-09-22 10:36:39,189] {logging_mixin.py:109} INFO - [2021-09-22 10:36:39,189] {dag.py:2287} INFO - Setting next_dagrun for example_trigger_controller_dag to 2021-09-20 00:00:00+00:00
[2021-09-22 10:36:39,210] {processor.py:170} INFO - Processing /home/airflow/.local/lib/python3.6/site-packages/airflow/example_dags/example_trigger_controller_dag.py took 0.144 seconds
[2021-09-22 10:38:18,008] {processor.py:162} INFO - Started process (PID=76) to work on /home/airflow/.local/lib/python3.6/site-packages/airflow/example_dags/example_trigger_controller_dag.py
[2021-09-22 10:38:18,019] {processor.py:613} INFO - Processing file /home/airflow/.local/lib/python3.6/site-packages/airflow/example_dags/example_trigger_controller_dag.py for tasks to queue
[2021-09-22 10:38:18,020] {logging_mixin.py:109} INFO - [2021-09-22 10:38:18,020] {dagbag.py:496} INFO - Filling up the DagBag from /home/airflow/.local/lib/python3.6/site-packages/airflow/example_dags/example_trigger_controller_dag.py
[2021-09-22 10:38:18,133] {processor.py:623} INFO - DAG(s) dict_keys(['example_trigger_controller_dag']) retrieved from /home/airflow/.local/lib/python3.6/site-packages/airflow/example_dags/example_trigger_controller_dag.py
[2021-09-22 10:38:18,273] {logging_mixin.py:109} INFO - [2021-09-22 10:38:18,273] {dag.py:1834} INFO - Sync 1 DAGs
[2021-09-22 10:38:18,345] {logging_mixin.py:109} INFO - [2021-09-22 10:38:18,345] {dag.py:2287} INFO - Setting next_dagrun for example_trigger_controller_dag to 2021-09-20 00:00:00+00:00
[2021-09-22 10:38:18,430] {processor.py:170} INFO - Processing /home/airflow/.local/lib/python3.6/site-packages/airflow/example_dags/example_trigger_controller_dag.py took 0.442 seconds
[2021-09-22 10:38:49,340] {processor.py:162} INFO - Started process (PID=126) to work on /home/airflow/.local/lib/python3.6/site-packages/airflow/example_dags/example_trigger_controller_dag.py
[2021-09-22 10:38:49,341] {processor.py:613} INFO - Processing file /home/airflow/.local/lib/python3.6/site-packages/airflow/example_dags/example_trigger_controller_dag.py for tasks to queue
[2021-09-22 10:38:49,342] {logging_mixin.py:109} INFO - [2021-09-22 10:38:49,342] {dagbag.py:496} INFO - Filling up the DagBag from /home/airflow/.local/lib/python3.6/site-packages/airflow/example_dags/example_trigger_controller_dag.py
[2021-09-22 10:38:49,371] {processor.py:623} INFO - DAG(s) dict_keys(['example_trigger_controller_dag']) retrieved from /home/airflow/.local/lib/python3.6/site-packages/airflow/example_dags/example_trigger_controller_dag.py
[2021-09-22 10:38:49,399] {logging_mixin.py:109} INFO - [2021-09-22 10:38:49,399] {dag.py:1834} INFO - Sync 1 DAGs
[2021-09-22 10:38:49,422] {logging_mixin.py:109} INFO - [2021-09-22 10:38:49,422] {dag.py:2287} INFO - Setting next_dagrun for example_trigger_controller_dag to 2021-09-20 00:00:00+00:00
[2021-09-22 10:38:49,435] {processor.py:170} INFO - Processing /home/airflow/.local/lib/python3.6/site-packages/airflow/example_dags/example_trigger_controller_dag.py took 0.099 seconds
[2021-09-22 10:41:40,072] {processor.py:162} INFO - Started process (PID=64) to work on /home/airflow/.local/lib/python3.6/site-packages/airflow/example_dags/example_trigger_controller_dag.py
[2021-09-22 10:41:40,086] {processor.py:613} INFO - Processing file /home/airflow/.local/lib/python3.6/site-packages/airflow/example_dags/example_trigger_controller_dag.py for tasks to queue
[2021-09-22 10:41:40,088] {logging_mixin.py:109} INFO - [2021-09-22 10:41:40,087] {dagbag.py:496} INFO - Filling up the DagBag from /home/airflow/.local/lib/python3.6/site-packages/airflow/example_dags/example_trigger_controller_dag.py
[2021-09-22 10:41:40,189] {processor.py:623} INFO - DAG(s) dict_keys(['example_trigger_controller_dag']) retrieved from /home/airflow/.local/lib/python3.6/site-packages/airflow/example_dags/example_trigger_controller_dag.py
[2021-09-22 10:41:40,277] {logging_mixin.py:109} INFO - [2021-09-22 10:41:40,277] {dag.py:1834} INFO - Sync 1 DAGs
[2021-09-22 10:41:40,330] {logging_mixin.py:109} INFO - [2021-09-22 10:41:40,330] {dag.py:2287} INFO - Setting next_dagrun for example_trigger_controller_dag to 2021-09-20 00:00:00+00:00
[2021-09-22 10:41:40,384] {processor.py:170} INFO - Processing /home/airflow/.local/lib/python3.6/site-packages/airflow/example_dags/example_trigger_controller_dag.py took 0.348 seconds
[2021-09-22 10:42:10,505] {processor.py:162} INFO - Started process (PID=116) to work on /home/airflow/.local/lib/python3.6/site-packages/airflow/example_dags/example_trigger_controller_dag.py
[2021-09-22 10:42:10,507] {processor.py:613} INFO - Processing file /home/airflow/.local/lib/python3.6/site-packages/airflow/example_dags/example_trigger_controller_dag.py for tasks to queue
[2021-09-22 10:42:10,507] {logging_mixin.py:109} INFO - [2021-09-22 10:42:10,507] {dagbag.py:496} INFO - Filling up the DagBag from /home/airflow/.local/lib/python3.6/site-packages/airflow/example_dags/example_trigger_controller_dag.py
[2021-09-22 10:42:10,519] {processor.py:623} INFO - DAG(s) dict_keys(['example_trigger_controller_dag']) retrieved from /home/airflow/.local/lib/python3.6/site-packages/airflow/example_dags/example_trigger_controller_dag.py
[2021-09-22 10:42:10,550] {logging_mixin.py:109} INFO - [2021-09-22 10:42:10,550] {dag.py:1834} INFO - Sync 1 DAGs
[2021-09-22 10:42:10,572] {logging_mixin.py:109} INFO - [2021-09-22 10:42:10,572] {dag.py:2287} INFO - Setting next_dagrun for example_trigger_controller_dag to 2021-09-20 00:00:00+00:00
[2021-09-22 10:42:10,587] {processor.py:170} INFO - Processing /home/airflow/.local/lib/python3.6/site-packages/airflow/example_dags/example_trigger_controller_dag.py took 0.084 seconds
[2021-09-22 10:42:40,879] {processor.py:162} INFO - Started process (PID=178) to work on /home/airflow/.local/lib/python3.6/site-packages/airflow/example_dags/example_trigger_controller_dag.py
[2021-09-22 10:42:40,881] {processor.py:613} INFO - Processing file /home/airflow/.local/lib/python3.6/site-packages/airflow/example_dags/example_trigger_controller_dag.py for tasks to queue
[2021-09-22 10:42:40,882] {logging_mixin.py:109} INFO - [2021-09-22 10:42:40,882] {dagbag.py:496} INFO - Filling up the DagBag from /home/airflow/.local/lib/python3.6/site-packages/airflow/example_dags/example_trigger_controller_dag.py
[2021-09-22 10:42:40,907] {processor.py:623} INFO - DAG(s) dict_keys(['example_trigger_controller_dag']) retrieved from /home/airflow/.local/lib/python3.6/site-packages/airflow/example_dags/example_trigger_controller_dag.py
[2021-09-22 10:42:40,973] {logging_mixin.py:109} INFO - [2021-09-22 10:42:40,973] {dag.py:1834} INFO - Sync 1 DAGs
[2021-09-22 10:42:40,996] {logging_mixin.py:109} INFO - [2021-09-22 10:42:40,996] {dag.py:2287} INFO - Setting next_dagrun for example_trigger_controller_dag to 2021-09-20 00:00:00+00:00
[2021-09-22 10:42:41,031] {processor.py:170} INFO - Processing /home/airflow/.local/lib/python3.6/site-packages/airflow/example_dags/example_trigger_controller_dag.py took 0.157 seconds
[2021-09-22 10:43:11,193] {processor.py:162} INFO - Started process (PID=230) to work on /home/airflow/.local/lib/python3.6/site-packages/airflow/example_dags/example_trigger_controller_dag.py
[2021-09-22 10:43:11,194] {processor.py:613} INFO - Processing file /home/airflow/.local/lib/python3.6/site-packages/airflow/example_dags/example_trigger_controller_dag.py for tasks to queue
[2021-09-22 10:43:11,195] {logging_mixin.py:109} INFO - [2021-09-22 10:43:11,195] {dagbag.py:496} INFO - Filling up the DagBag from /home/airflow/.local/lib/python3.6/site-packages/airflow/example_dags/example_trigger_controller_dag.py
[2021-09-22 10:43:11,208] {processor.py:623} INFO - DAG(s) dict_keys(['example_trigger_controller_dag']) retrieved from /home/airflow/.local/lib/python3.6/site-packages/airflow/example_dags/example_trigger_controller_dag.py
[2021-09-22 10:43:11,235] {logging_mixin.py:109} INFO - [2021-09-22 10:43:11,235] {dag.py:1834} INFO - Sync 1 DAGs
[2021-09-22 10:43:11,253] {logging_mixin.py:109} INFO - [2021-09-22 10:43:11,252] {dag.py:2287} INFO - Setting next_dagrun for example_trigger_controller_dag to 2021-09-20 00:00:00+00:00
[2021-09-22 10:43:11,264] {processor.py:170} INFO - Processing /home/airflow/.local/lib/python3.6/site-packages/airflow/example_dags/example_trigger_controller_dag.py took 0.075 seconds
[2021-09-22 10:43:41,990] {processor.py:162} INFO - Started process (PID=291) to work on /home/airflow/.local/lib/python3.6/site-packages/airflow/example_dags/example_trigger_controller_dag.py
[2021-09-22 10:43:41,992] {processor.py:613} INFO - Processing file /home/airflow/.local/lib/python3.6/site-packages/airflow/example_dags/example_trigger_controller_dag.py for tasks to queue
[2021-09-22 10:43:41,993] {logging_mixin.py:109} INFO - [2021-09-22 10:43:41,993] {dagbag.py:496} INFO - Filling up the DagBag from /home/airflow/.local/lib/python3.6/site-packages/airflow/example_dags/example_trigger_controller_dag.py
[2021-09-22 10:43:42,008] {processor.py:623} INFO - DAG(s) dict_keys(['example_trigger_controller_dag']) retrieved from /home/airflow/.local/lib/python3.6/site-packages/airflow/example_dags/example_trigger_controller_dag.py
[2021-09-22 10:43:42,041] {logging_mixin.py:109} INFO - [2021-09-22 10:43:42,041] {dag.py:1834} INFO - Sync 1 DAGs
[2021-09-22 10:43:42,063] {logging_mixin.py:109} INFO - [2021-09-22 10:43:42,063] {dag.py:2287} INFO - Setting next_dagrun for example_trigger_controller_dag to 2021-09-20 00:00:00+00:00
[2021-09-22 10:43:42,076] {processor.py:170} INFO - Processing /home/airflow/.local/lib/python3.6/site-packages/airflow/example_dags/example_trigger_controller_dag.py took 0.091 seconds
[2021-09-22 10:44:12,168] {processor.py:162} INFO - Started process (PID=341) to work on /home/airflow/.local/lib/python3.6/site-packages/airflow/example_dags/example_trigger_controller_dag.py
[2021-09-22 10:44:12,171] {processor.py:613} INFO - Processing file /home/airflow/.local/lib/python3.6/site-packages/airflow/example_dags/example_trigger_controller_dag.py for tasks to queue
[2021-09-22 10:44:12,172] {logging_mixin.py:109} INFO - [2021-09-22 10:44:12,172] {dagbag.py:496} INFO - Filling up the DagBag from /home/airflow/.local/lib/python3.6/site-packages/airflow/example_dags/example_trigger_controller_dag.py
[2021-09-22 10:44:12,189] {processor.py:623} INFO - DAG(s) dict_keys(['example_trigger_controller_dag']) retrieved from /home/airflow/.local/lib/python3.6/site-packages/airflow/example_dags/example_trigger_controller_dag.py
[2021-09-22 10:44:12,262] {logging_mixin.py:109} INFO - [2021-09-22 10:44:12,262] {dag.py:1834} INFO - Sync 1 DAGs
[2021-09-22 10:44:12,300] {logging_mixin.py:109} INFO - [2021-09-22 10:44:12,300] {dag.py:2287} INFO - Setting next_dagrun for example_trigger_controller_dag to 2021-09-20 00:00:00+00:00
[2021-09-22 10:44:12,321] {processor.py:170} INFO - Processing /home/airflow/.local/lib/python3.6/site-packages/airflow/example_dags/example_trigger_controller_dag.py took 0.158 seconds
