[2021-09-22 10:26:40,196] {processor.py:162} INFO - Started process (PID=155) to work on /home/airflow/.local/lib/python3.6/site-packages/airflow/example_dags/example_task_group_decorator.py
[2021-09-22 10:26:40,199] {processor.py:613} INFO - Processing file /home/airflow/.local/lib/python3.6/site-packages/airflow/example_dags/example_task_group_decorator.py for tasks to queue
[2021-09-22 10:26:40,200] {logging_mixin.py:109} INFO - [2021-09-22 10:26:40,199] {dagbag.py:496} INFO - Filling up the DagBag from /home/airflow/.local/lib/python3.6/site-packages/airflow/example_dags/example_task_group_decorator.py
[2021-09-22 10:26:40,233] {processor.py:623} INFO - DAG(s) dict_keys(['example_task_group_decorator']) retrieved from /home/airflow/.local/lib/python3.6/site-packages/airflow/example_dags/example_task_group_decorator.py
[2021-09-22 10:26:44,585] {logging_mixin.py:109} INFO - [2021-09-22 10:26:44,583] {dag.py:1834} INFO - Sync 1 DAGs
[2021-09-22 10:26:44,628] {logging_mixin.py:109} INFO - [2021-09-22 10:26:44,622] {dag.py:1853} INFO - Creating ORM DAG for example_task_group_decorator
[2021-09-22 10:26:44,639] {logging_mixin.py:109} INFO - [2021-09-22 10:26:44,639] {dag.py:2287} INFO - Setting next_dagrun for example_task_group_decorator to 2021-09-20 00:00:00+00:00
[2021-09-22 10:26:44,684] {processor.py:170} INFO - Processing /home/airflow/.local/lib/python3.6/site-packages/airflow/example_dags/example_task_group_decorator.py took 4.495 seconds
[2021-09-22 10:27:24,995] {processor.py:162} INFO - Started process (PID=231) to work on /home/airflow/.local/lib/python3.6/site-packages/airflow/example_dags/example_task_group_decorator.py
[2021-09-22 10:27:25,038] {processor.py:613} INFO - Processing file /home/airflow/.local/lib/python3.6/site-packages/airflow/example_dags/example_task_group_decorator.py for tasks to queue
[2021-09-22 10:27:25,039] {logging_mixin.py:109} INFO - [2021-09-22 10:27:25,039] {dagbag.py:496} INFO - Filling up the DagBag from /home/airflow/.local/lib/python3.6/site-packages/airflow/example_dags/example_task_group_decorator.py
[2021-09-22 10:27:25,183] {processor.py:623} INFO - DAG(s) dict_keys(['example_task_group_decorator']) retrieved from /home/airflow/.local/lib/python3.6/site-packages/airflow/example_dags/example_task_group_decorator.py
[2021-09-22 10:27:26,072] {logging_mixin.py:109} INFO - [2021-09-22 10:27:26,072] {dag.py:1834} INFO - Sync 1 DAGs
[2021-09-22 10:27:26,145] {logging_mixin.py:109} INFO - [2021-09-22 10:27:26,145] {dag.py:2287} INFO - Setting next_dagrun for example_task_group_decorator to 2021-09-20 00:00:00+00:00
[2021-09-22 10:27:26,223] {processor.py:170} INFO - Processing /home/airflow/.local/lib/python3.6/site-packages/airflow/example_dags/example_task_group_decorator.py took 1.264 seconds
[2021-09-22 10:27:56,915] {processor.py:162} INFO - Started process (PID=286) to work on /home/airflow/.local/lib/python3.6/site-packages/airflow/example_dags/example_task_group_decorator.py
[2021-09-22 10:27:56,918] {processor.py:613} INFO - Processing file /home/airflow/.local/lib/python3.6/site-packages/airflow/example_dags/example_task_group_decorator.py for tasks to queue
[2021-09-22 10:27:56,919] {logging_mixin.py:109} INFO - [2021-09-22 10:27:56,919] {dagbag.py:496} INFO - Filling up the DagBag from /home/airflow/.local/lib/python3.6/site-packages/airflow/example_dags/example_task_group_decorator.py
[2021-09-22 10:27:56,957] {processor.py:623} INFO - DAG(s) dict_keys(['example_task_group_decorator']) retrieved from /home/airflow/.local/lib/python3.6/site-packages/airflow/example_dags/example_task_group_decorator.py
[2021-09-22 10:27:57,200] {logging_mixin.py:109} INFO - [2021-09-22 10:27:57,200] {dag.py:1834} INFO - Sync 1 DAGs
[2021-09-22 10:27:57,212] {logging_mixin.py:109} INFO - [2021-09-22 10:27:57,212] {dag.py:2287} INFO - Setting next_dagrun for example_task_group_decorator to 2021-09-20 00:00:00+00:00
[2021-09-22 10:27:57,223] {processor.py:170} INFO - Processing /home/airflow/.local/lib/python3.6/site-packages/airflow/example_dags/example_task_group_decorator.py took 0.311 seconds
[2021-09-22 10:28:27,290] {processor.py:162} INFO - Started process (PID=339) to work on /home/airflow/.local/lib/python3.6/site-packages/airflow/example_dags/example_task_group_decorator.py
[2021-09-22 10:28:27,291] {processor.py:613} INFO - Processing file /home/airflow/.local/lib/python3.6/site-packages/airflow/example_dags/example_task_group_decorator.py for tasks to queue
[2021-09-22 10:28:27,292] {logging_mixin.py:109} INFO - [2021-09-22 10:28:27,292] {dagbag.py:496} INFO - Filling up the DagBag from /home/airflow/.local/lib/python3.6/site-packages/airflow/example_dags/example_task_group_decorator.py
[2021-09-22 10:28:27,315] {processor.py:623} INFO - DAG(s) dict_keys(['example_task_group_decorator']) retrieved from /home/airflow/.local/lib/python3.6/site-packages/airflow/example_dags/example_task_group_decorator.py
[2021-09-22 10:28:27,494] {logging_mixin.py:109} INFO - [2021-09-22 10:28:27,494] {dag.py:1834} INFO - Sync 1 DAGs
[2021-09-22 10:28:27,506] {logging_mixin.py:109} INFO - [2021-09-22 10:28:27,506] {dag.py:2287} INFO - Setting next_dagrun for example_task_group_decorator to 2021-09-20 00:00:00+00:00
[2021-09-22 10:28:27,517] {processor.py:170} INFO - Processing /home/airflow/.local/lib/python3.6/site-packages/airflow/example_dags/example_task_group_decorator.py took 0.230 seconds
[2021-09-22 10:28:58,548] {processor.py:162} INFO - Started process (PID=397) to work on /home/airflow/.local/lib/python3.6/site-packages/airflow/example_dags/example_task_group_decorator.py
[2021-09-22 10:28:58,565] {processor.py:613} INFO - Processing file /home/airflow/.local/lib/python3.6/site-packages/airflow/example_dags/example_task_group_decorator.py for tasks to queue
[2021-09-22 10:28:58,570] {logging_mixin.py:109} INFO - [2021-09-22 10:28:58,570] {dagbag.py:496} INFO - Filling up the DagBag from /home/airflow/.local/lib/python3.6/site-packages/airflow/example_dags/example_task_group_decorator.py
[2021-09-22 10:28:58,905] {processor.py:623} INFO - DAG(s) dict_keys(['example_task_group_decorator']) retrieved from /home/airflow/.local/lib/python3.6/site-packages/airflow/example_dags/example_task_group_decorator.py
[2021-09-22 10:28:59,877] {logging_mixin.py:109} INFO - [2021-09-22 10:28:59,877] {dag.py:1834} INFO - Sync 1 DAGs
[2021-09-22 10:28:59,909] {logging_mixin.py:109} INFO - [2021-09-22 10:28:59,909] {dag.py:2287} INFO - Setting next_dagrun for example_task_group_decorator to 2021-09-20 00:00:00+00:00
[2021-09-22 10:28:59,941] {processor.py:170} INFO - Processing /home/airflow/.local/lib/python3.6/site-packages/airflow/example_dags/example_task_group_decorator.py took 1.426 seconds
[2021-09-22 10:29:30,902] {processor.py:162} INFO - Started process (PID=450) to work on /home/airflow/.local/lib/python3.6/site-packages/airflow/example_dags/example_task_group_decorator.py
[2021-09-22 10:29:30,903] {processor.py:613} INFO - Processing file /home/airflow/.local/lib/python3.6/site-packages/airflow/example_dags/example_task_group_decorator.py for tasks to queue
[2021-09-22 10:29:30,904] {logging_mixin.py:109} INFO - [2021-09-22 10:29:30,904] {dagbag.py:496} INFO - Filling up the DagBag from /home/airflow/.local/lib/python3.6/site-packages/airflow/example_dags/example_task_group_decorator.py
[2021-09-22 10:29:30,930] {processor.py:623} INFO - DAG(s) dict_keys(['example_task_group_decorator']) retrieved from /home/airflow/.local/lib/python3.6/site-packages/airflow/example_dags/example_task_group_decorator.py
[2021-09-22 10:29:31,188] {logging_mixin.py:109} INFO - [2021-09-22 10:29:31,188] {dag.py:1834} INFO - Sync 1 DAGs
[2021-09-22 10:29:31,202] {logging_mixin.py:109} INFO - [2021-09-22 10:29:31,201] {dag.py:2287} INFO - Setting next_dagrun for example_task_group_decorator to 2021-09-20 00:00:00+00:00
[2021-09-22 10:29:31,214] {processor.py:170} INFO - Processing /home/airflow/.local/lib/python3.6/site-packages/airflow/example_dags/example_task_group_decorator.py took 0.315 seconds
[2021-09-22 10:30:01,504] {processor.py:162} INFO - Started process (PID=501) to work on /home/airflow/.local/lib/python3.6/site-packages/airflow/example_dags/example_task_group_decorator.py
[2021-09-22 10:30:01,505] {processor.py:613} INFO - Processing file /home/airflow/.local/lib/python3.6/site-packages/airflow/example_dags/example_task_group_decorator.py for tasks to queue
[2021-09-22 10:30:01,506] {logging_mixin.py:109} INFO - [2021-09-22 10:30:01,506] {dagbag.py:496} INFO - Filling up the DagBag from /home/airflow/.local/lib/python3.6/site-packages/airflow/example_dags/example_task_group_decorator.py
[2021-09-22 10:30:01,564] {processor.py:623} INFO - DAG(s) dict_keys(['example_task_group_decorator']) retrieved from /home/airflow/.local/lib/python3.6/site-packages/airflow/example_dags/example_task_group_decorator.py
[2021-09-22 10:30:01,935] {logging_mixin.py:109} INFO - [2021-09-22 10:30:01,935] {dag.py:1834} INFO - Sync 1 DAGs
[2021-09-22 10:30:01,950] {logging_mixin.py:109} INFO - [2021-09-22 10:30:01,950] {dag.py:2287} INFO - Setting next_dagrun for example_task_group_decorator to 2021-09-20 00:00:00+00:00
[2021-09-22 10:30:01,964] {processor.py:170} INFO - Processing /home/airflow/.local/lib/python3.6/site-packages/airflow/example_dags/example_task_group_decorator.py took 0.465 seconds
[2021-09-22 10:30:32,289] {processor.py:162} INFO - Started process (PID=564) to work on /home/airflow/.local/lib/python3.6/site-packages/airflow/example_dags/example_task_group_decorator.py
[2021-09-22 10:30:32,303] {processor.py:613} INFO - Processing file /home/airflow/.local/lib/python3.6/site-packages/airflow/example_dags/example_task_group_decorator.py for tasks to queue
[2021-09-22 10:30:32,304] {logging_mixin.py:109} INFO - [2021-09-22 10:30:32,304] {dagbag.py:496} INFO - Filling up the DagBag from /home/airflow/.local/lib/python3.6/site-packages/airflow/example_dags/example_task_group_decorator.py
[2021-09-22 10:30:32,354] {processor.py:623} INFO - DAG(s) dict_keys(['example_task_group_decorator']) retrieved from /home/airflow/.local/lib/python3.6/site-packages/airflow/example_dags/example_task_group_decorator.py
[2021-09-22 10:30:32,657] {logging_mixin.py:109} INFO - [2021-09-22 10:30:32,657] {dag.py:1834} INFO - Sync 1 DAGs
[2021-09-22 10:30:32,678] {logging_mixin.py:109} INFO - [2021-09-22 10:30:32,678] {dag.py:2287} INFO - Setting next_dagrun for example_task_group_decorator to 2021-09-20 00:00:00+00:00
[2021-09-22 10:30:32,702] {processor.py:170} INFO - Processing /home/airflow/.local/lib/python3.6/site-packages/airflow/example_dags/example_task_group_decorator.py took 0.418 seconds
[2021-09-22 10:31:03,027] {processor.py:162} INFO - Started process (PID=617) to work on /home/airflow/.local/lib/python3.6/site-packages/airflow/example_dags/example_task_group_decorator.py
[2021-09-22 10:31:03,029] {processor.py:613} INFO - Processing file /home/airflow/.local/lib/python3.6/site-packages/airflow/example_dags/example_task_group_decorator.py for tasks to queue
[2021-09-22 10:31:03,030] {logging_mixin.py:109} INFO - [2021-09-22 10:31:03,029] {dagbag.py:496} INFO - Filling up the DagBag from /home/airflow/.local/lib/python3.6/site-packages/airflow/example_dags/example_task_group_decorator.py
[2021-09-22 10:31:03,062] {processor.py:623} INFO - DAG(s) dict_keys(['example_task_group_decorator']) retrieved from /home/airflow/.local/lib/python3.6/site-packages/airflow/example_dags/example_task_group_decorator.py
[2021-09-22 10:31:03,263] {logging_mixin.py:109} INFO - [2021-09-22 10:31:03,263] {dag.py:1834} INFO - Sync 1 DAGs
[2021-09-22 10:31:03,276] {logging_mixin.py:109} INFO - [2021-09-22 10:31:03,276] {dag.py:2287} INFO - Setting next_dagrun for example_task_group_decorator to 2021-09-20 00:00:00+00:00
[2021-09-22 10:31:03,289] {processor.py:170} INFO - Processing /home/airflow/.local/lib/python3.6/site-packages/airflow/example_dags/example_task_group_decorator.py took 0.266 seconds
[2021-09-22 10:31:33,347] {processor.py:162} INFO - Started process (PID=679) to work on /home/airflow/.local/lib/python3.6/site-packages/airflow/example_dags/example_task_group_decorator.py
[2021-09-22 10:31:33,349] {processor.py:613} INFO - Processing file /home/airflow/.local/lib/python3.6/site-packages/airflow/example_dags/example_task_group_decorator.py for tasks to queue
[2021-09-22 10:31:33,350] {logging_mixin.py:109} INFO - [2021-09-22 10:31:33,349] {dagbag.py:496} INFO - Filling up the DagBag from /home/airflow/.local/lib/python3.6/site-packages/airflow/example_dags/example_task_group_decorator.py
[2021-09-22 10:31:33,413] {processor.py:623} INFO - DAG(s) dict_keys(['example_task_group_decorator']) retrieved from /home/airflow/.local/lib/python3.6/site-packages/airflow/example_dags/example_task_group_decorator.py
[2021-09-22 10:31:33,682] {logging_mixin.py:109} INFO - [2021-09-22 10:31:33,682] {dag.py:1834} INFO - Sync 1 DAGs
[2021-09-22 10:31:33,693] {logging_mixin.py:109} INFO - [2021-09-22 10:31:33,693] {dag.py:2287} INFO - Setting next_dagrun for example_task_group_decorator to 2021-09-20 00:00:00+00:00
[2021-09-22 10:31:33,705] {processor.py:170} INFO - Processing /home/airflow/.local/lib/python3.6/site-packages/airflow/example_dags/example_task_group_decorator.py took 0.364 seconds
[2021-09-22 10:32:03,965] {processor.py:162} INFO - Started process (PID=731) to work on /home/airflow/.local/lib/python3.6/site-packages/airflow/example_dags/example_task_group_decorator.py
[2021-09-22 10:32:03,966] {processor.py:613} INFO - Processing file /home/airflow/.local/lib/python3.6/site-packages/airflow/example_dags/example_task_group_decorator.py for tasks to queue
[2021-09-22 10:32:03,967] {logging_mixin.py:109} INFO - [2021-09-22 10:32:03,967] {dagbag.py:496} INFO - Filling up the DagBag from /home/airflow/.local/lib/python3.6/site-packages/airflow/example_dags/example_task_group_decorator.py
[2021-09-22 10:32:04,001] {processor.py:623} INFO - DAG(s) dict_keys(['example_task_group_decorator']) retrieved from /home/airflow/.local/lib/python3.6/site-packages/airflow/example_dags/example_task_group_decorator.py
[2021-09-22 10:32:04,211] {logging_mixin.py:109} INFO - [2021-09-22 10:32:04,211] {dag.py:1834} INFO - Sync 1 DAGs
[2021-09-22 10:32:04,225] {logging_mixin.py:109} INFO - [2021-09-22 10:32:04,225] {dag.py:2287} INFO - Setting next_dagrun for example_task_group_decorator to 2021-09-20 00:00:00+00:00
[2021-09-22 10:32:04,238] {processor.py:170} INFO - Processing /home/airflow/.local/lib/python3.6/site-packages/airflow/example_dags/example_task_group_decorator.py took 0.277 seconds
[2021-09-22 10:32:34,981] {processor.py:162} INFO - Started process (PID=793) to work on /home/airflow/.local/lib/python3.6/site-packages/airflow/example_dags/example_task_group_decorator.py
[2021-09-22 10:32:34,982] {processor.py:613} INFO - Processing file /home/airflow/.local/lib/python3.6/site-packages/airflow/example_dags/example_task_group_decorator.py for tasks to queue
[2021-09-22 10:32:34,983] {logging_mixin.py:109} INFO - [2021-09-22 10:32:34,983] {dagbag.py:496} INFO - Filling up the DagBag from /home/airflow/.local/lib/python3.6/site-packages/airflow/example_dags/example_task_group_decorator.py
[2021-09-22 10:32:35,023] {processor.py:623} INFO - DAG(s) dict_keys(['example_task_group_decorator']) retrieved from /home/airflow/.local/lib/python3.6/site-packages/airflow/example_dags/example_task_group_decorator.py
[2021-09-22 10:32:35,236] {logging_mixin.py:109} INFO - [2021-09-22 10:32:35,236] {dag.py:1834} INFO - Sync 1 DAGs
[2021-09-22 10:32:35,249] {logging_mixin.py:109} INFO - [2021-09-22 10:32:35,249] {dag.py:2287} INFO - Setting next_dagrun for example_task_group_decorator to 2021-09-20 00:00:00+00:00
[2021-09-22 10:32:35,260] {processor.py:170} INFO - Processing /home/airflow/.local/lib/python3.6/site-packages/airflow/example_dags/example_task_group_decorator.py took 0.282 seconds
[2021-09-22 10:33:05,810] {processor.py:162} INFO - Started process (PID=844) to work on /home/airflow/.local/lib/python3.6/site-packages/airflow/example_dags/example_task_group_decorator.py
[2021-09-22 10:33:05,819] {processor.py:613} INFO - Processing file /home/airflow/.local/lib/python3.6/site-packages/airflow/example_dags/example_task_group_decorator.py for tasks to queue
[2021-09-22 10:33:05,820] {logging_mixin.py:109} INFO - [2021-09-22 10:33:05,819] {dagbag.py:496} INFO - Filling up the DagBag from /home/airflow/.local/lib/python3.6/site-packages/airflow/example_dags/example_task_group_decorator.py
[2021-09-22 10:33:05,875] {processor.py:623} INFO - DAG(s) dict_keys(['example_task_group_decorator']) retrieved from /home/airflow/.local/lib/python3.6/site-packages/airflow/example_dags/example_task_group_decorator.py
[2021-09-22 10:33:06,271] {logging_mixin.py:109} INFO - [2021-09-22 10:33:06,270] {dag.py:1834} INFO - Sync 1 DAGs
[2021-09-22 10:33:06,290] {logging_mixin.py:109} INFO - [2021-09-22 10:33:06,290] {dag.py:2287} INFO - Setting next_dagrun for example_task_group_decorator to 2021-09-20 00:00:00+00:00
[2021-09-22 10:33:06,310] {processor.py:170} INFO - Processing /home/airflow/.local/lib/python3.6/site-packages/airflow/example_dags/example_task_group_decorator.py took 0.503 seconds
[2021-09-22 10:33:36,345] {processor.py:162} INFO - Started process (PID=907) to work on /home/airflow/.local/lib/python3.6/site-packages/airflow/example_dags/example_task_group_decorator.py
[2021-09-22 10:33:36,346] {processor.py:613} INFO - Processing file /home/airflow/.local/lib/python3.6/site-packages/airflow/example_dags/example_task_group_decorator.py for tasks to queue
[2021-09-22 10:33:36,347] {logging_mixin.py:109} INFO - [2021-09-22 10:33:36,347] {dagbag.py:496} INFO - Filling up the DagBag from /home/airflow/.local/lib/python3.6/site-packages/airflow/example_dags/example_task_group_decorator.py
[2021-09-22 10:33:36,375] {processor.py:623} INFO - DAG(s) dict_keys(['example_task_group_decorator']) retrieved from /home/airflow/.local/lib/python3.6/site-packages/airflow/example_dags/example_task_group_decorator.py
[2021-09-22 10:33:36,587] {logging_mixin.py:109} INFO - [2021-09-22 10:33:36,587] {dag.py:1834} INFO - Sync 1 DAGs
[2021-09-22 10:33:36,603] {logging_mixin.py:109} INFO - [2021-09-22 10:33:36,603] {dag.py:2287} INFO - Setting next_dagrun for example_task_group_decorator to 2021-09-20 00:00:00+00:00
[2021-09-22 10:33:36,616] {processor.py:170} INFO - Processing /home/airflow/.local/lib/python3.6/site-packages/airflow/example_dags/example_task_group_decorator.py took 0.275 seconds
[2021-09-22 10:34:06,912] {processor.py:162} INFO - Started process (PID=957) to work on /home/airflow/.local/lib/python3.6/site-packages/airflow/example_dags/example_task_group_decorator.py
[2021-09-22 10:34:06,913] {processor.py:613} INFO - Processing file /home/airflow/.local/lib/python3.6/site-packages/airflow/example_dags/example_task_group_decorator.py for tasks to queue
[2021-09-22 10:34:06,914] {logging_mixin.py:109} INFO - [2021-09-22 10:34:06,914] {dagbag.py:496} INFO - Filling up the DagBag from /home/airflow/.local/lib/python3.6/site-packages/airflow/example_dags/example_task_group_decorator.py
[2021-09-22 10:34:06,953] {processor.py:623} INFO - DAG(s) dict_keys(['example_task_group_decorator']) retrieved from /home/airflow/.local/lib/python3.6/site-packages/airflow/example_dags/example_task_group_decorator.py
[2021-09-22 10:34:07,163] {logging_mixin.py:109} INFO - [2021-09-22 10:34:07,162] {dag.py:1834} INFO - Sync 1 DAGs
[2021-09-22 10:34:07,175] {logging_mixin.py:109} INFO - [2021-09-22 10:34:07,175] {dag.py:2287} INFO - Setting next_dagrun for example_task_group_decorator to 2021-09-20 00:00:00+00:00
[2021-09-22 10:34:07,185] {processor.py:170} INFO - Processing /home/airflow/.local/lib/python3.6/site-packages/airflow/example_dags/example_task_group_decorator.py took 0.277 seconds
[2021-09-22 10:34:37,701] {processor.py:162} INFO - Started process (PID=1017) to work on /home/airflow/.local/lib/python3.6/site-packages/airflow/example_dags/example_task_group_decorator.py
[2021-09-22 10:34:37,712] {processor.py:613} INFO - Processing file /home/airflow/.local/lib/python3.6/site-packages/airflow/example_dags/example_task_group_decorator.py for tasks to queue
[2021-09-22 10:34:37,713] {logging_mixin.py:109} INFO - [2021-09-22 10:34:37,712] {dagbag.py:496} INFO - Filling up the DagBag from /home/airflow/.local/lib/python3.6/site-packages/airflow/example_dags/example_task_group_decorator.py
[2021-09-22 10:34:37,854] {processor.py:623} INFO - DAG(s) dict_keys(['example_task_group_decorator']) retrieved from /home/airflow/.local/lib/python3.6/site-packages/airflow/example_dags/example_task_group_decorator.py
[2021-09-22 10:34:38,676] {logging_mixin.py:109} INFO - [2021-09-22 10:34:38,676] {dag.py:1834} INFO - Sync 1 DAGs
[2021-09-22 10:34:38,711] {logging_mixin.py:109} INFO - [2021-09-22 10:34:38,711] {dag.py:2287} INFO - Setting next_dagrun for example_task_group_decorator to 2021-09-20 00:00:00+00:00
[2021-09-22 10:34:38,749] {processor.py:170} INFO - Processing /home/airflow/.local/lib/python3.6/site-packages/airflow/example_dags/example_task_group_decorator.py took 1.054 seconds
[2021-09-22 10:35:09,536] {processor.py:162} INFO - Started process (PID=1069) to work on /home/airflow/.local/lib/python3.6/site-packages/airflow/example_dags/example_task_group_decorator.py
[2021-09-22 10:35:09,537] {processor.py:613} INFO - Processing file /home/airflow/.local/lib/python3.6/site-packages/airflow/example_dags/example_task_group_decorator.py for tasks to queue
[2021-09-22 10:35:09,538] {logging_mixin.py:109} INFO - [2021-09-22 10:35:09,538] {dagbag.py:496} INFO - Filling up the DagBag from /home/airflow/.local/lib/python3.6/site-packages/airflow/example_dags/example_task_group_decorator.py
[2021-09-22 10:35:09,604] {processor.py:623} INFO - DAG(s) dict_keys(['example_task_group_decorator']) retrieved from /home/airflow/.local/lib/python3.6/site-packages/airflow/example_dags/example_task_group_decorator.py
[2021-09-22 10:35:09,993] {logging_mixin.py:109} INFO - [2021-09-22 10:35:09,993] {dag.py:1834} INFO - Sync 1 DAGs
[2021-09-22 10:35:10,021] {logging_mixin.py:109} INFO - [2021-09-22 10:35:10,021] {dag.py:2287} INFO - Setting next_dagrun for example_task_group_decorator to 2021-09-20 00:00:00+00:00
[2021-09-22 10:35:10,084] {processor.py:170} INFO - Processing /home/airflow/.local/lib/python3.6/site-packages/airflow/example_dags/example_task_group_decorator.py took 0.553 seconds
[2021-09-22 10:35:40,180] {processor.py:162} INFO - Started process (PID=1121) to work on /home/airflow/.local/lib/python3.6/site-packages/airflow/example_dags/example_task_group_decorator.py
[2021-09-22 10:35:40,181] {processor.py:613} INFO - Processing file /home/airflow/.local/lib/python3.6/site-packages/airflow/example_dags/example_task_group_decorator.py for tasks to queue
[2021-09-22 10:35:40,182] {logging_mixin.py:109} INFO - [2021-09-22 10:35:40,182] {dagbag.py:496} INFO - Filling up the DagBag from /home/airflow/.local/lib/python3.6/site-packages/airflow/example_dags/example_task_group_decorator.py
[2021-09-22 10:35:40,229] {processor.py:623} INFO - DAG(s) dict_keys(['example_task_group_decorator']) retrieved from /home/airflow/.local/lib/python3.6/site-packages/airflow/example_dags/example_task_group_decorator.py
[2021-09-22 10:35:40,589] {logging_mixin.py:109} INFO - [2021-09-22 10:35:40,589] {dag.py:1834} INFO - Sync 1 DAGs
[2021-09-22 10:35:40,622] {logging_mixin.py:109} INFO - [2021-09-22 10:35:40,622] {dag.py:2287} INFO - Setting next_dagrun for example_task_group_decorator to 2021-09-20 00:00:00+00:00
[2021-09-22 10:35:40,654] {processor.py:170} INFO - Processing /home/airflow/.local/lib/python3.6/site-packages/airflow/example_dags/example_task_group_decorator.py took 0.478 seconds
[2021-09-22 10:36:11,523] {processor.py:162} INFO - Started process (PID=1182) to work on /home/airflow/.local/lib/python3.6/site-packages/airflow/example_dags/example_task_group_decorator.py
[2021-09-22 10:36:11,527] {processor.py:613} INFO - Processing file /home/airflow/.local/lib/python3.6/site-packages/airflow/example_dags/example_task_group_decorator.py for tasks to queue
[2021-09-22 10:36:11,528] {logging_mixin.py:109} INFO - [2021-09-22 10:36:11,528] {dagbag.py:496} INFO - Filling up the DagBag from /home/airflow/.local/lib/python3.6/site-packages/airflow/example_dags/example_task_group_decorator.py
[2021-09-22 10:36:11,603] {processor.py:623} INFO - DAG(s) dict_keys(['example_task_group_decorator']) retrieved from /home/airflow/.local/lib/python3.6/site-packages/airflow/example_dags/example_task_group_decorator.py
[2021-09-22 10:36:12,286] {logging_mixin.py:109} INFO - [2021-09-22 10:36:12,286] {dag.py:1834} INFO - Sync 1 DAGs
[2021-09-22 10:36:12,327] {logging_mixin.py:109} INFO - [2021-09-22 10:36:12,327] {dag.py:2287} INFO - Setting next_dagrun for example_task_group_decorator to 2021-09-20 00:00:00+00:00
[2021-09-22 10:36:12,364] {processor.py:170} INFO - Processing /home/airflow/.local/lib/python3.6/site-packages/airflow/example_dags/example_task_group_decorator.py took 0.849 seconds
[2021-09-22 10:36:43,319] {processor.py:162} INFO - Started process (PID=1233) to work on /home/airflow/.local/lib/python3.6/site-packages/airflow/example_dags/example_task_group_decorator.py
[2021-09-22 10:36:43,326] {processor.py:613} INFO - Processing file /home/airflow/.local/lib/python3.6/site-packages/airflow/example_dags/example_task_group_decorator.py for tasks to queue
[2021-09-22 10:36:43,327] {logging_mixin.py:109} INFO - [2021-09-22 10:36:43,326] {dagbag.py:496} INFO - Filling up the DagBag from /home/airflow/.local/lib/python3.6/site-packages/airflow/example_dags/example_task_group_decorator.py
[2021-09-22 10:36:43,528] {processor.py:623} INFO - DAG(s) dict_keys(['example_task_group_decorator']) retrieved from /home/airflow/.local/lib/python3.6/site-packages/airflow/example_dags/example_task_group_decorator.py
[2021-09-22 10:36:44,127] {logging_mixin.py:109} INFO - [2021-09-22 10:36:44,127] {dag.py:1834} INFO - Sync 1 DAGs
[2021-09-22 10:36:44,171] {logging_mixin.py:109} INFO - [2021-09-22 10:36:44,171] {dag.py:2287} INFO - Setting next_dagrun for example_task_group_decorator to 2021-09-20 00:00:00+00:00
[2021-09-22 10:36:44,242] {processor.py:170} INFO - Processing /home/airflow/.local/lib/python3.6/site-packages/airflow/example_dags/example_task_group_decorator.py took 0.939 seconds
[2021-09-22 10:38:17,862] {processor.py:162} INFO - Started process (PID=75) to work on /home/airflow/.local/lib/python3.6/site-packages/airflow/example_dags/example_task_group_decorator.py
[2021-09-22 10:38:17,881] {processor.py:613} INFO - Processing file /home/airflow/.local/lib/python3.6/site-packages/airflow/example_dags/example_task_group_decorator.py for tasks to queue
[2021-09-22 10:38:17,887] {logging_mixin.py:109} INFO - [2021-09-22 10:38:17,881] {dagbag.py:496} INFO - Filling up the DagBag from /home/airflow/.local/lib/python3.6/site-packages/airflow/example_dags/example_task_group_decorator.py
[2021-09-22 10:38:18,124] {processor.py:623} INFO - DAG(s) dict_keys(['example_task_group_decorator']) retrieved from /home/airflow/.local/lib/python3.6/site-packages/airflow/example_dags/example_task_group_decorator.py
[2021-09-22 10:38:19,496] {logging_mixin.py:109} INFO - [2021-09-22 10:38:19,496] {dag.py:1834} INFO - Sync 1 DAGs
[2021-09-22 10:38:19,538] {logging_mixin.py:109} INFO - [2021-09-22 10:38:19,537] {dag.py:2287} INFO - Setting next_dagrun for example_task_group_decorator to 2021-09-20 00:00:00+00:00
[2021-09-22 10:38:19,582] {processor.py:170} INFO - Processing /home/airflow/.local/lib/python3.6/site-packages/airflow/example_dags/example_task_group_decorator.py took 1.757 seconds
[2021-09-22 10:38:50,466] {processor.py:162} INFO - Started process (PID=128) to work on /home/airflow/.local/lib/python3.6/site-packages/airflow/example_dags/example_task_group_decorator.py
[2021-09-22 10:38:50,468] {processor.py:613} INFO - Processing file /home/airflow/.local/lib/python3.6/site-packages/airflow/example_dags/example_task_group_decorator.py for tasks to queue
[2021-09-22 10:38:50,469] {logging_mixin.py:109} INFO - [2021-09-22 10:38:50,468] {dagbag.py:496} INFO - Filling up the DagBag from /home/airflow/.local/lib/python3.6/site-packages/airflow/example_dags/example_task_group_decorator.py
[2021-09-22 10:38:50,510] {processor.py:623} INFO - DAG(s) dict_keys(['example_task_group_decorator']) retrieved from /home/airflow/.local/lib/python3.6/site-packages/airflow/example_dags/example_task_group_decorator.py
[2021-09-22 10:38:50,989] {logging_mixin.py:109} INFO - [2021-09-22 10:38:50,989] {dag.py:1834} INFO - Sync 1 DAGs
[2021-09-22 10:38:51,004] {logging_mixin.py:109} INFO - [2021-09-22 10:38:51,004] {dag.py:2287} INFO - Setting next_dagrun for example_task_group_decorator to 2021-09-20 00:00:00+00:00
[2021-09-22 10:38:51,018] {processor.py:170} INFO - Processing /home/airflow/.local/lib/python3.6/site-packages/airflow/example_dags/example_task_group_decorator.py took 0.556 seconds
[2021-09-22 10:41:39,368] {processor.py:162} INFO - Started process (PID=63) to work on /home/airflow/.local/lib/python3.6/site-packages/airflow/example_dags/example_task_group_decorator.py
[2021-09-22 10:41:39,376] {processor.py:613} INFO - Processing file /home/airflow/.local/lib/python3.6/site-packages/airflow/example_dags/example_task_group_decorator.py for tasks to queue
[2021-09-22 10:41:39,377] {logging_mixin.py:109} INFO - [2021-09-22 10:41:39,377] {dagbag.py:496} INFO - Filling up the DagBag from /home/airflow/.local/lib/python3.6/site-packages/airflow/example_dags/example_task_group_decorator.py
[2021-09-22 10:41:39,428] {processor.py:623} INFO - DAG(s) dict_keys(['example_task_group_decorator']) retrieved from /home/airflow/.local/lib/python3.6/site-packages/airflow/example_dags/example_task_group_decorator.py
[2021-09-22 10:41:39,903] {logging_mixin.py:109} INFO - [2021-09-22 10:41:39,903] {dag.py:1834} INFO - Sync 1 DAGs
[2021-09-22 10:41:39,962] {logging_mixin.py:109} INFO - [2021-09-22 10:41:39,962] {dag.py:2287} INFO - Setting next_dagrun for example_task_group_decorator to 2021-09-20 00:00:00+00:00
[2021-09-22 10:41:39,987] {processor.py:170} INFO - Processing /home/airflow/.local/lib/python3.6/site-packages/airflow/example_dags/example_task_group_decorator.py took 0.629 seconds
[2021-09-22 10:42:10,150] {processor.py:162} INFO - Started process (PID=114) to work on /home/airflow/.local/lib/python3.6/site-packages/airflow/example_dags/example_task_group_decorator.py
[2021-09-22 10:42:10,153] {processor.py:613} INFO - Processing file /home/airflow/.local/lib/python3.6/site-packages/airflow/example_dags/example_task_group_decorator.py for tasks to queue
[2021-09-22 10:42:10,154] {logging_mixin.py:109} INFO - [2021-09-22 10:42:10,154] {dagbag.py:496} INFO - Filling up the DagBag from /home/airflow/.local/lib/python3.6/site-packages/airflow/example_dags/example_task_group_decorator.py
[2021-09-22 10:42:10,194] {processor.py:623} INFO - DAG(s) dict_keys(['example_task_group_decorator']) retrieved from /home/airflow/.local/lib/python3.6/site-packages/airflow/example_dags/example_task_group_decorator.py
[2021-09-22 10:42:10,387] {logging_mixin.py:109} INFO - [2021-09-22 10:42:10,387] {dag.py:1834} INFO - Sync 1 DAGs
[2021-09-22 10:42:10,399] {logging_mixin.py:109} INFO - [2021-09-22 10:42:10,399] {dag.py:2287} INFO - Setting next_dagrun for example_task_group_decorator to 2021-09-20 00:00:00+00:00
[2021-09-22 10:42:10,410] {processor.py:170} INFO - Processing /home/airflow/.local/lib/python3.6/site-packages/airflow/example_dags/example_task_group_decorator.py took 0.264 seconds
[2021-09-22 10:42:40,484] {processor.py:162} INFO - Started process (PID=177) to work on /home/airflow/.local/lib/python3.6/site-packages/airflow/example_dags/example_task_group_decorator.py
[2021-09-22 10:42:40,485] {processor.py:613} INFO - Processing file /home/airflow/.local/lib/python3.6/site-packages/airflow/example_dags/example_task_group_decorator.py for tasks to queue
[2021-09-22 10:42:40,486] {logging_mixin.py:109} INFO - [2021-09-22 10:42:40,486] {dagbag.py:496} INFO - Filling up the DagBag from /home/airflow/.local/lib/python3.6/site-packages/airflow/example_dags/example_task_group_decorator.py
[2021-09-22 10:42:40,525] {processor.py:623} INFO - DAG(s) dict_keys(['example_task_group_decorator']) retrieved from /home/airflow/.local/lib/python3.6/site-packages/airflow/example_dags/example_task_group_decorator.py
[2021-09-22 10:42:40,814] {logging_mixin.py:109} INFO - [2021-09-22 10:42:40,814] {dag.py:1834} INFO - Sync 1 DAGs
[2021-09-22 10:42:40,831] {logging_mixin.py:109} INFO - [2021-09-22 10:42:40,830] {dag.py:2287} INFO - Setting next_dagrun for example_task_group_decorator to 2021-09-20 00:00:00+00:00
[2021-09-22 10:42:40,845] {processor.py:170} INFO - Processing /home/airflow/.local/lib/python3.6/site-packages/airflow/example_dags/example_task_group_decorator.py took 0.365 seconds
[2021-09-22 10:43:10,925] {processor.py:162} INFO - Started process (PID=229) to work on /home/airflow/.local/lib/python3.6/site-packages/airflow/example_dags/example_task_group_decorator.py
[2021-09-22 10:43:10,926] {processor.py:613} INFO - Processing file /home/airflow/.local/lib/python3.6/site-packages/airflow/example_dags/example_task_group_decorator.py for tasks to queue
[2021-09-22 10:43:10,927] {logging_mixin.py:109} INFO - [2021-09-22 10:43:10,927] {dagbag.py:496} INFO - Filling up the DagBag from /home/airflow/.local/lib/python3.6/site-packages/airflow/example_dags/example_task_group_decorator.py
[2021-09-22 10:43:10,960] {processor.py:623} INFO - DAG(s) dict_keys(['example_task_group_decorator']) retrieved from /home/airflow/.local/lib/python3.6/site-packages/airflow/example_dags/example_task_group_decorator.py
[2021-09-22 10:43:11,154] {logging_mixin.py:109} INFO - [2021-09-22 10:43:11,154] {dag.py:1834} INFO - Sync 1 DAGs
[2021-09-22 10:43:11,164] {logging_mixin.py:109} INFO - [2021-09-22 10:43:11,164] {dag.py:2287} INFO - Setting next_dagrun for example_task_group_decorator to 2021-09-20 00:00:00+00:00
[2021-09-22 10:43:11,174] {processor.py:170} INFO - Processing /home/airflow/.local/lib/python3.6/site-packages/airflow/example_dags/example_task_group_decorator.py took 0.254 seconds
[2021-09-22 10:43:41,914] {processor.py:162} INFO - Started process (PID=290) to work on /home/airflow/.local/lib/python3.6/site-packages/airflow/example_dags/example_task_group_decorator.py
[2021-09-22 10:43:41,917] {processor.py:613} INFO - Processing file /home/airflow/.local/lib/python3.6/site-packages/airflow/example_dags/example_task_group_decorator.py for tasks to queue
[2021-09-22 10:43:41,918] {logging_mixin.py:109} INFO - [2021-09-22 10:43:41,917] {dagbag.py:496} INFO - Filling up the DagBag from /home/airflow/.local/lib/python3.6/site-packages/airflow/example_dags/example_task_group_decorator.py
[2021-09-22 10:43:41,954] {processor.py:623} INFO - DAG(s) dict_keys(['example_task_group_decorator']) retrieved from /home/airflow/.local/lib/python3.6/site-packages/airflow/example_dags/example_task_group_decorator.py
[2021-09-22 10:43:42,274] {logging_mixin.py:109} INFO - [2021-09-22 10:43:42,274] {dag.py:1834} INFO - Sync 1 DAGs
[2021-09-22 10:43:42,287] {logging_mixin.py:109} INFO - [2021-09-22 10:43:42,287] {dag.py:2287} INFO - Setting next_dagrun for example_task_group_decorator to 2021-09-20 00:00:00+00:00
[2021-09-22 10:43:42,302] {processor.py:170} INFO - Processing /home/airflow/.local/lib/python3.6/site-packages/airflow/example_dags/example_task_group_decorator.py took 0.392 seconds
[2021-09-22 10:44:12,351] {processor.py:162} INFO - Started process (PID=343) to work on /home/airflow/.local/lib/python3.6/site-packages/airflow/example_dags/example_task_group_decorator.py
[2021-09-22 10:44:12,368] {processor.py:613} INFO - Processing file /home/airflow/.local/lib/python3.6/site-packages/airflow/example_dags/example_task_group_decorator.py for tasks to queue
[2021-09-22 10:44:12,369] {logging_mixin.py:109} INFO - [2021-09-22 10:44:12,369] {dagbag.py:496} INFO - Filling up the DagBag from /home/airflow/.local/lib/python3.6/site-packages/airflow/example_dags/example_task_group_decorator.py
[2021-09-22 10:44:12,445] {processor.py:623} INFO - DAG(s) dict_keys(['example_task_group_decorator']) retrieved from /home/airflow/.local/lib/python3.6/site-packages/airflow/example_dags/example_task_group_decorator.py
[2021-09-22 10:44:12,773] {logging_mixin.py:109} INFO - [2021-09-22 10:44:12,773] {dag.py:1834} INFO - Sync 1 DAGs
[2021-09-22 10:44:12,789] {logging_mixin.py:109} INFO - [2021-09-22 10:44:12,789] {dag.py:2287} INFO - Setting next_dagrun for example_task_group_decorator to 2021-09-20 00:00:00+00:00
[2021-09-22 10:44:12,803] {processor.py:170} INFO - Processing /home/airflow/.local/lib/python3.6/site-packages/airflow/example_dags/example_task_group_decorator.py took 0.458 seconds
