[2021-09-22 10:26:18,462] {processor.py:162} INFO - Started process (PID=105) to work on /home/airflow/.local/lib/python3.6/site-packages/airflow/example_dags/example_kubernetes_executor_config.py
[2021-09-22 10:26:18,463] {processor.py:613} INFO - Processing file /home/airflow/.local/lib/python3.6/site-packages/airflow/example_dags/example_kubernetes_executor_config.py for tasks to queue
[2021-09-22 10:26:18,464] {logging_mixin.py:109} INFO - [2021-09-22 10:26:18,464] {dagbag.py:496} INFO - Filling up the DagBag from /home/airflow/.local/lib/python3.6/site-packages/airflow/example_dags/example_kubernetes_executor_config.py
[2021-09-22 10:26:18,485] {processor.py:623} INFO - DAG(s) dict_keys(['example_kubernetes_executor_config']) retrieved from /home/airflow/.local/lib/python3.6/site-packages/airflow/example_dags/example_kubernetes_executor_config.py
[2021-09-22 10:26:23,261] {logging_mixin.py:109} INFO - [2021-09-22 10:26:23,259] {dag.py:1834} INFO - Sync 1 DAGs
[2021-09-22 10:26:23,291] {logging_mixin.py:109} INFO - [2021-09-22 10:26:23,286] {dag.py:1853} INFO - Creating ORM DAG for example_kubernetes_executor_config
[2021-09-22 10:26:23,300] {logging_mixin.py:109} INFO - [2021-09-22 10:26:23,300] {dag.py:2287} INFO - Setting next_dagrun for example_kubernetes_executor_config to None
[2021-09-22 10:26:23,334] {processor.py:170} INFO - Processing /home/airflow/.local/lib/python3.6/site-packages/airflow/example_dags/example_kubernetes_executor_config.py took 4.876 seconds
[2021-09-22 10:27:23,266] {processor.py:162} INFO - Started process (PID=215) to work on /home/airflow/.local/lib/python3.6/site-packages/airflow/example_dags/example_kubernetes_executor_config.py
[2021-09-22 10:27:23,289] {processor.py:613} INFO - Processing file /home/airflow/.local/lib/python3.6/site-packages/airflow/example_dags/example_kubernetes_executor_config.py for tasks to queue
[2021-09-22 10:27:23,290] {logging_mixin.py:109} INFO - [2021-09-22 10:27:23,290] {dagbag.py:496} INFO - Filling up the DagBag from /home/airflow/.local/lib/python3.6/site-packages/airflow/example_dags/example_kubernetes_executor_config.py
[2021-09-22 10:27:23,376] {processor.py:623} INFO - DAG(s) dict_keys(['example_kubernetes_executor_config']) retrieved from /home/airflow/.local/lib/python3.6/site-packages/airflow/example_dags/example_kubernetes_executor_config.py
[2021-09-22 10:27:23,567] {logging_mixin.py:109} INFO - [2021-09-22 10:27:23,567] {dag.py:1834} INFO - Sync 1 DAGs
[2021-09-22 10:27:23,600] {logging_mixin.py:109} INFO - [2021-09-22 10:27:23,600] {dag.py:2287} INFO - Setting next_dagrun for example_kubernetes_executor_config to None
[2021-09-22 10:27:23,650] {processor.py:170} INFO - Processing /home/airflow/.local/lib/python3.6/site-packages/airflow/example_dags/example_kubernetes_executor_config.py took 0.398 seconds
[2021-09-22 10:27:54,583] {processor.py:162} INFO - Started process (PID=275) to work on /home/airflow/.local/lib/python3.6/site-packages/airflow/example_dags/example_kubernetes_executor_config.py
[2021-09-22 10:27:54,584] {processor.py:613} INFO - Processing file /home/airflow/.local/lib/python3.6/site-packages/airflow/example_dags/example_kubernetes_executor_config.py for tasks to queue
[2021-09-22 10:27:54,593] {logging_mixin.py:109} INFO - [2021-09-22 10:27:54,593] {dagbag.py:496} INFO - Filling up the DagBag from /home/airflow/.local/lib/python3.6/site-packages/airflow/example_dags/example_kubernetes_executor_config.py
[2021-09-22 10:27:54,614] {processor.py:623} INFO - DAG(s) dict_keys(['example_kubernetes_executor_config']) retrieved from /home/airflow/.local/lib/python3.6/site-packages/airflow/example_dags/example_kubernetes_executor_config.py
[2021-09-22 10:27:54,646] {logging_mixin.py:109} INFO - [2021-09-22 10:27:54,646] {dag.py:1834} INFO - Sync 1 DAGs
[2021-09-22 10:27:54,667] {logging_mixin.py:109} INFO - [2021-09-22 10:27:54,666] {dag.py:2287} INFO - Setting next_dagrun for example_kubernetes_executor_config to None
[2021-09-22 10:27:54,691] {processor.py:170} INFO - Processing /home/airflow/.local/lib/python3.6/site-packages/airflow/example_dags/example_kubernetes_executor_config.py took 0.129 seconds
[2021-09-22 10:28:25,165] {processor.py:162} INFO - Started process (PID=326) to work on /home/airflow/.local/lib/python3.6/site-packages/airflow/example_dags/example_kubernetes_executor_config.py
[2021-09-22 10:28:25,167] {processor.py:613} INFO - Processing file /home/airflow/.local/lib/python3.6/site-packages/airflow/example_dags/example_kubernetes_executor_config.py for tasks to queue
[2021-09-22 10:28:25,168] {logging_mixin.py:109} INFO - [2021-09-22 10:28:25,168] {dagbag.py:496} INFO - Filling up the DagBag from /home/airflow/.local/lib/python3.6/site-packages/airflow/example_dags/example_kubernetes_executor_config.py
[2021-09-22 10:28:25,192] {processor.py:623} INFO - DAG(s) dict_keys(['example_kubernetes_executor_config']) retrieved from /home/airflow/.local/lib/python3.6/site-packages/airflow/example_dags/example_kubernetes_executor_config.py
[2021-09-22 10:28:25,233] {logging_mixin.py:109} INFO - [2021-09-22 10:28:25,233] {dag.py:1834} INFO - Sync 1 DAGs
[2021-09-22 10:28:25,256] {logging_mixin.py:109} INFO - [2021-09-22 10:28:25,256] {dag.py:2287} INFO - Setting next_dagrun for example_kubernetes_executor_config to None
[2021-09-22 10:28:25,270] {processor.py:170} INFO - Processing /home/airflow/.local/lib/python3.6/site-packages/airflow/example_dags/example_kubernetes_executor_config.py took 0.109 seconds
[2021-09-22 10:28:55,544] {processor.py:162} INFO - Started process (PID=377) to work on /home/airflow/.local/lib/python3.6/site-packages/airflow/example_dags/example_kubernetes_executor_config.py
[2021-09-22 10:28:55,546] {processor.py:613} INFO - Processing file /home/airflow/.local/lib/python3.6/site-packages/airflow/example_dags/example_kubernetes_executor_config.py for tasks to queue
[2021-09-22 10:28:55,547] {logging_mixin.py:109} INFO - [2021-09-22 10:28:55,546] {dagbag.py:496} INFO - Filling up the DagBag from /home/airflow/.local/lib/python3.6/site-packages/airflow/example_dags/example_kubernetes_executor_config.py
[2021-09-22 10:28:55,624] {processor.py:623} INFO - DAG(s) dict_keys(['example_kubernetes_executor_config']) retrieved from /home/airflow/.local/lib/python3.6/site-packages/airflow/example_dags/example_kubernetes_executor_config.py
[2021-09-22 10:28:55,836] {logging_mixin.py:109} INFO - [2021-09-22 10:28:55,836] {dag.py:1834} INFO - Sync 1 DAGs
[2021-09-22 10:28:55,992] {logging_mixin.py:109} INFO - [2021-09-22 10:28:55,992] {dag.py:2287} INFO - Setting next_dagrun for example_kubernetes_executor_config to None
[2021-09-22 10:28:56,045] {processor.py:170} INFO - Processing /home/airflow/.local/lib/python3.6/site-packages/airflow/example_dags/example_kubernetes_executor_config.py took 0.505 seconds
[2021-09-22 10:29:26,794] {processor.py:162} INFO - Started process (PID=436) to work on /home/airflow/.local/lib/python3.6/site-packages/airflow/example_dags/example_kubernetes_executor_config.py
[2021-09-22 10:29:26,799] {processor.py:613} INFO - Processing file /home/airflow/.local/lib/python3.6/site-packages/airflow/example_dags/example_kubernetes_executor_config.py for tasks to queue
[2021-09-22 10:29:26,800] {logging_mixin.py:109} INFO - [2021-09-22 10:29:26,800] {dagbag.py:496} INFO - Filling up the DagBag from /home/airflow/.local/lib/python3.6/site-packages/airflow/example_dags/example_kubernetes_executor_config.py
[2021-09-22 10:29:26,919] {processor.py:623} INFO - DAG(s) dict_keys(['example_kubernetes_executor_config']) retrieved from /home/airflow/.local/lib/python3.6/site-packages/airflow/example_dags/example_kubernetes_executor_config.py
[2021-09-22 10:29:27,094] {logging_mixin.py:109} INFO - [2021-09-22 10:29:27,094] {dag.py:1834} INFO - Sync 1 DAGs
[2021-09-22 10:29:27,172] {logging_mixin.py:109} INFO - [2021-09-22 10:29:27,172] {dag.py:2287} INFO - Setting next_dagrun for example_kubernetes_executor_config to None
[2021-09-22 10:29:27,223] {processor.py:170} INFO - Processing /home/airflow/.local/lib/python3.6/site-packages/airflow/example_dags/example_kubernetes_executor_config.py took 0.441 seconds
[2021-09-22 10:29:57,410] {processor.py:162} INFO - Started process (PID=487) to work on /home/airflow/.local/lib/python3.6/site-packages/airflow/example_dags/example_kubernetes_executor_config.py
[2021-09-22 10:29:57,412] {processor.py:613} INFO - Processing file /home/airflow/.local/lib/python3.6/site-packages/airflow/example_dags/example_kubernetes_executor_config.py for tasks to queue
[2021-09-22 10:29:57,413] {logging_mixin.py:109} INFO - [2021-09-22 10:29:57,412] {dagbag.py:496} INFO - Filling up the DagBag from /home/airflow/.local/lib/python3.6/site-packages/airflow/example_dags/example_kubernetes_executor_config.py
[2021-09-22 10:29:57,441] {processor.py:623} INFO - DAG(s) dict_keys(['example_kubernetes_executor_config']) retrieved from /home/airflow/.local/lib/python3.6/site-packages/airflow/example_dags/example_kubernetes_executor_config.py
[2021-09-22 10:29:57,516] {logging_mixin.py:109} INFO - [2021-09-22 10:29:57,515] {dag.py:1834} INFO - Sync 1 DAGs
[2021-09-22 10:29:57,535] {logging_mixin.py:109} INFO - [2021-09-22 10:29:57,535] {dag.py:2287} INFO - Setting next_dagrun for example_kubernetes_executor_config to None
[2021-09-22 10:29:57,546] {processor.py:170} INFO - Processing /home/airflow/.local/lib/python3.6/site-packages/airflow/example_dags/example_kubernetes_executor_config.py took 0.140 seconds
[2021-09-22 10:30:28,555] {processor.py:162} INFO - Started process (PID=547) to work on /home/airflow/.local/lib/python3.6/site-packages/airflow/example_dags/example_kubernetes_executor_config.py
[2021-09-22 10:30:28,557] {processor.py:613} INFO - Processing file /home/airflow/.local/lib/python3.6/site-packages/airflow/example_dags/example_kubernetes_executor_config.py for tasks to queue
[2021-09-22 10:30:28,558] {logging_mixin.py:109} INFO - [2021-09-22 10:30:28,558] {dagbag.py:496} INFO - Filling up the DagBag from /home/airflow/.local/lib/python3.6/site-packages/airflow/example_dags/example_kubernetes_executor_config.py
[2021-09-22 10:30:28,604] {processor.py:623} INFO - DAG(s) dict_keys(['example_kubernetes_executor_config']) retrieved from /home/airflow/.local/lib/python3.6/site-packages/airflow/example_dags/example_kubernetes_executor_config.py
[2021-09-22 10:30:28,642] {logging_mixin.py:109} INFO - [2021-09-22 10:30:28,642] {dag.py:1834} INFO - Sync 1 DAGs
[2021-09-22 10:30:28,665] {logging_mixin.py:109} INFO - [2021-09-22 10:30:28,664] {dag.py:2287} INFO - Setting next_dagrun for example_kubernetes_executor_config to None
[2021-09-22 10:30:28,683] {processor.py:170} INFO - Processing /home/airflow/.local/lib/python3.6/site-packages/airflow/example_dags/example_kubernetes_executor_config.py took 0.132 seconds
[2021-09-22 10:30:59,630] {processor.py:162} INFO - Started process (PID=603) to work on /home/airflow/.local/lib/python3.6/site-packages/airflow/example_dags/example_kubernetes_executor_config.py
[2021-09-22 10:30:59,632] {processor.py:613} INFO - Processing file /home/airflow/.local/lib/python3.6/site-packages/airflow/example_dags/example_kubernetes_executor_config.py for tasks to queue
[2021-09-22 10:30:59,632] {logging_mixin.py:109} INFO - [2021-09-22 10:30:59,632] {dagbag.py:496} INFO - Filling up the DagBag from /home/airflow/.local/lib/python3.6/site-packages/airflow/example_dags/example_kubernetes_executor_config.py
[2021-09-22 10:30:59,646] {processor.py:623} INFO - DAG(s) dict_keys(['example_kubernetes_executor_config']) retrieved from /home/airflow/.local/lib/python3.6/site-packages/airflow/example_dags/example_kubernetes_executor_config.py
[2021-09-22 10:30:59,669] {logging_mixin.py:109} INFO - [2021-09-22 10:30:59,669] {dag.py:1834} INFO - Sync 1 DAGs
[2021-09-22 10:30:59,688] {logging_mixin.py:109} INFO - [2021-09-22 10:30:59,688] {dag.py:2287} INFO - Setting next_dagrun for example_kubernetes_executor_config to None
[2021-09-22 10:30:59,701] {processor.py:170} INFO - Processing /home/airflow/.local/lib/python3.6/site-packages/airflow/example_dags/example_kubernetes_executor_config.py took 0.074 seconds
[2021-09-22 10:31:29,873] {processor.py:162} INFO - Started process (PID=655) to work on /home/airflow/.local/lib/python3.6/site-packages/airflow/example_dags/example_kubernetes_executor_config.py
[2021-09-22 10:31:29,874] {processor.py:613} INFO - Processing file /home/airflow/.local/lib/python3.6/site-packages/airflow/example_dags/example_kubernetes_executor_config.py for tasks to queue
[2021-09-22 10:31:29,875] {logging_mixin.py:109} INFO - [2021-09-22 10:31:29,875] {dagbag.py:496} INFO - Filling up the DagBag from /home/airflow/.local/lib/python3.6/site-packages/airflow/example_dags/example_kubernetes_executor_config.py
[2021-09-22 10:31:29,899] {processor.py:623} INFO - DAG(s) dict_keys(['example_kubernetes_executor_config']) retrieved from /home/airflow/.local/lib/python3.6/site-packages/airflow/example_dags/example_kubernetes_executor_config.py
[2021-09-22 10:31:29,935] {logging_mixin.py:109} INFO - [2021-09-22 10:31:29,935] {dag.py:1834} INFO - Sync 1 DAGs
[2021-09-22 10:31:29,958] {logging_mixin.py:109} INFO - [2021-09-22 10:31:29,958] {dag.py:2287} INFO - Setting next_dagrun for example_kubernetes_executor_config to None
[2021-09-22 10:31:29,972] {processor.py:170} INFO - Processing /home/airflow/.local/lib/python3.6/site-packages/airflow/example_dags/example_kubernetes_executor_config.py took 0.102 seconds
[2021-09-22 10:32:00,282] {processor.py:162} INFO - Started process (PID=717) to work on /home/airflow/.local/lib/python3.6/site-packages/airflow/example_dags/example_kubernetes_executor_config.py
[2021-09-22 10:32:00,286] {processor.py:613} INFO - Processing file /home/airflow/.local/lib/python3.6/site-packages/airflow/example_dags/example_kubernetes_executor_config.py for tasks to queue
[2021-09-22 10:32:00,289] {logging_mixin.py:109} INFO - [2021-09-22 10:32:00,289] {dagbag.py:496} INFO - Filling up the DagBag from /home/airflow/.local/lib/python3.6/site-packages/airflow/example_dags/example_kubernetes_executor_config.py
[2021-09-22 10:32:00,313] {processor.py:623} INFO - DAG(s) dict_keys(['example_kubernetes_executor_config']) retrieved from /home/airflow/.local/lib/python3.6/site-packages/airflow/example_dags/example_kubernetes_executor_config.py
[2021-09-22 10:32:00,343] {logging_mixin.py:109} INFO - [2021-09-22 10:32:00,343] {dag.py:1834} INFO - Sync 1 DAGs
[2021-09-22 10:32:00,371] {logging_mixin.py:109} INFO - [2021-09-22 10:32:00,371] {dag.py:2287} INFO - Setting next_dagrun for example_kubernetes_executor_config to None
[2021-09-22 10:32:00,415] {processor.py:170} INFO - Processing /home/airflow/.local/lib/python3.6/site-packages/airflow/example_dags/example_kubernetes_executor_config.py took 0.137 seconds
[2021-09-22 10:32:30,632] {processor.py:162} INFO - Started process (PID=769) to work on /home/airflow/.local/lib/python3.6/site-packages/airflow/example_dags/example_kubernetes_executor_config.py
[2021-09-22 10:32:30,634] {processor.py:613} INFO - Processing file /home/airflow/.local/lib/python3.6/site-packages/airflow/example_dags/example_kubernetes_executor_config.py for tasks to queue
[2021-09-22 10:32:30,635] {logging_mixin.py:109} INFO - [2021-09-22 10:32:30,635] {dagbag.py:496} INFO - Filling up the DagBag from /home/airflow/.local/lib/python3.6/site-packages/airflow/example_dags/example_kubernetes_executor_config.py
[2021-09-22 10:32:30,662] {processor.py:623} INFO - DAG(s) dict_keys(['example_kubernetes_executor_config']) retrieved from /home/airflow/.local/lib/python3.6/site-packages/airflow/example_dags/example_kubernetes_executor_config.py
[2021-09-22 10:32:30,697] {logging_mixin.py:109} INFO - [2021-09-22 10:32:30,696] {dag.py:1834} INFO - Sync 1 DAGs
[2021-09-22 10:32:30,723] {logging_mixin.py:109} INFO - [2021-09-22 10:32:30,723] {dag.py:2287} INFO - Setting next_dagrun for example_kubernetes_executor_config to None
[2021-09-22 10:32:30,735] {processor.py:170} INFO - Processing /home/airflow/.local/lib/python3.6/site-packages/airflow/example_dags/example_kubernetes_executor_config.py took 0.112 seconds
[2021-09-22 10:33:01,401] {processor.py:162} INFO - Started process (PID=829) to work on /home/airflow/.local/lib/python3.6/site-packages/airflow/example_dags/example_kubernetes_executor_config.py
[2021-09-22 10:33:01,403] {processor.py:613} INFO - Processing file /home/airflow/.local/lib/python3.6/site-packages/airflow/example_dags/example_kubernetes_executor_config.py for tasks to queue
[2021-09-22 10:33:01,404] {logging_mixin.py:109} INFO - [2021-09-22 10:33:01,404] {dagbag.py:496} INFO - Filling up the DagBag from /home/airflow/.local/lib/python3.6/site-packages/airflow/example_dags/example_kubernetes_executor_config.py
[2021-09-22 10:33:01,452] {processor.py:623} INFO - DAG(s) dict_keys(['example_kubernetes_executor_config']) retrieved from /home/airflow/.local/lib/python3.6/site-packages/airflow/example_dags/example_kubernetes_executor_config.py
[2021-09-22 10:33:01,488] {logging_mixin.py:109} INFO - [2021-09-22 10:33:01,488] {dag.py:1834} INFO - Sync 1 DAGs
[2021-09-22 10:33:01,506] {logging_mixin.py:109} INFO - [2021-09-22 10:33:01,505] {dag.py:2287} INFO - Setting next_dagrun for example_kubernetes_executor_config to None
[2021-09-22 10:33:01,520] {processor.py:170} INFO - Processing /home/airflow/.local/lib/python3.6/site-packages/airflow/example_dags/example_kubernetes_executor_config.py took 0.123 seconds
[2021-09-22 10:33:32,039] {processor.py:162} INFO - Started process (PID=881) to work on /home/airflow/.local/lib/python3.6/site-packages/airflow/example_dags/example_kubernetes_executor_config.py
[2021-09-22 10:33:32,050] {processor.py:613} INFO - Processing file /home/airflow/.local/lib/python3.6/site-packages/airflow/example_dags/example_kubernetes_executor_config.py for tasks to queue
[2021-09-22 10:33:32,051] {logging_mixin.py:109} INFO - [2021-09-22 10:33:32,051] {dagbag.py:496} INFO - Filling up the DagBag from /home/airflow/.local/lib/python3.6/site-packages/airflow/example_dags/example_kubernetes_executor_config.py
[2021-09-22 10:33:32,073] {processor.py:623} INFO - DAG(s) dict_keys(['example_kubernetes_executor_config']) retrieved from /home/airflow/.local/lib/python3.6/site-packages/airflow/example_dags/example_kubernetes_executor_config.py
[2021-09-22 10:33:32,149] {logging_mixin.py:109} INFO - [2021-09-22 10:33:32,149] {dag.py:1834} INFO - Sync 1 DAGs
[2021-09-22 10:33:32,188] {logging_mixin.py:109} INFO - [2021-09-22 10:33:32,187] {dag.py:2287} INFO - Setting next_dagrun for example_kubernetes_executor_config to None
[2021-09-22 10:33:32,214] {processor.py:170} INFO - Processing /home/airflow/.local/lib/python3.6/site-packages/airflow/example_dags/example_kubernetes_executor_config.py took 0.191 seconds
[2021-09-22 10:34:02,585] {processor.py:162} INFO - Started process (PID=941) to work on /home/airflow/.local/lib/python3.6/site-packages/airflow/example_dags/example_kubernetes_executor_config.py
[2021-09-22 10:34:02,591] {processor.py:613} INFO - Processing file /home/airflow/.local/lib/python3.6/site-packages/airflow/example_dags/example_kubernetes_executor_config.py for tasks to queue
[2021-09-22 10:34:02,592] {logging_mixin.py:109} INFO - [2021-09-22 10:34:02,592] {dagbag.py:496} INFO - Filling up the DagBag from /home/airflow/.local/lib/python3.6/site-packages/airflow/example_dags/example_kubernetes_executor_config.py
[2021-09-22 10:34:02,619] {processor.py:623} INFO - DAG(s) dict_keys(['example_kubernetes_executor_config']) retrieved from /home/airflow/.local/lib/python3.6/site-packages/airflow/example_dags/example_kubernetes_executor_config.py
[2021-09-22 10:34:02,661] {logging_mixin.py:109} INFO - [2021-09-22 10:34:02,661] {dag.py:1834} INFO - Sync 1 DAGs
[2021-09-22 10:34:02,681] {logging_mixin.py:109} INFO - [2021-09-22 10:34:02,681] {dag.py:2287} INFO - Setting next_dagrun for example_kubernetes_executor_config to None
[2021-09-22 10:34:02,698] {processor.py:170} INFO - Processing /home/airflow/.local/lib/python3.6/site-packages/airflow/example_dags/example_kubernetes_executor_config.py took 0.118 seconds
[2021-09-22 10:34:32,998] {processor.py:162} INFO - Started process (PID=992) to work on /home/airflow/.local/lib/python3.6/site-packages/airflow/example_dags/example_kubernetes_executor_config.py
[2021-09-22 10:34:32,999] {processor.py:613} INFO - Processing file /home/airflow/.local/lib/python3.6/site-packages/airflow/example_dags/example_kubernetes_executor_config.py for tasks to queue
[2021-09-22 10:34:33,000] {logging_mixin.py:109} INFO - [2021-09-22 10:34:33,000] {dagbag.py:496} INFO - Filling up the DagBag from /home/airflow/.local/lib/python3.6/site-packages/airflow/example_dags/example_kubernetes_executor_config.py
[2021-09-22 10:34:33,021] {processor.py:623} INFO - DAG(s) dict_keys(['example_kubernetes_executor_config']) retrieved from /home/airflow/.local/lib/python3.6/site-packages/airflow/example_dags/example_kubernetes_executor_config.py
[2021-09-22 10:34:33,056] {logging_mixin.py:109} INFO - [2021-09-22 10:34:33,056] {dag.py:1834} INFO - Sync 1 DAGs
[2021-09-22 10:34:33,081] {logging_mixin.py:109} INFO - [2021-09-22 10:34:33,081] {dag.py:2287} INFO - Setting next_dagrun for example_kubernetes_executor_config to None
[2021-09-22 10:34:33,096] {processor.py:170} INFO - Processing /home/airflow/.local/lib/python3.6/site-packages/airflow/example_dags/example_kubernetes_executor_config.py took 0.102 seconds
[2021-09-22 10:35:03,435] {processor.py:162} INFO - Started process (PID=1051) to work on /home/airflow/.local/lib/python3.6/site-packages/airflow/example_dags/example_kubernetes_executor_config.py
[2021-09-22 10:35:03,438] {processor.py:613} INFO - Processing file /home/airflow/.local/lib/python3.6/site-packages/airflow/example_dags/example_kubernetes_executor_config.py for tasks to queue
[2021-09-22 10:35:03,439] {logging_mixin.py:109} INFO - [2021-09-22 10:35:03,439] {dagbag.py:496} INFO - Filling up the DagBag from /home/airflow/.local/lib/python3.6/site-packages/airflow/example_dags/example_kubernetes_executor_config.py
[2021-09-22 10:35:03,463] {processor.py:623} INFO - DAG(s) dict_keys(['example_kubernetes_executor_config']) retrieved from /home/airflow/.local/lib/python3.6/site-packages/airflow/example_dags/example_kubernetes_executor_config.py
[2021-09-22 10:35:03,495] {logging_mixin.py:109} INFO - [2021-09-22 10:35:03,495] {dag.py:1834} INFO - Sync 1 DAGs
[2021-09-22 10:35:03,528] {logging_mixin.py:109} INFO - [2021-09-22 10:35:03,528] {dag.py:2287} INFO - Setting next_dagrun for example_kubernetes_executor_config to None
[2021-09-22 10:35:03,565] {processor.py:170} INFO - Processing /home/airflow/.local/lib/python3.6/site-packages/airflow/example_dags/example_kubernetes_executor_config.py took 0.134 seconds
[2021-09-22 10:35:34,219] {processor.py:162} INFO - Started process (PID=1104) to work on /home/airflow/.local/lib/python3.6/site-packages/airflow/example_dags/example_kubernetes_executor_config.py
[2021-09-22 10:35:34,221] {processor.py:613} INFO - Processing file /home/airflow/.local/lib/python3.6/site-packages/airflow/example_dags/example_kubernetes_executor_config.py for tasks to queue
[2021-09-22 10:35:34,225] {logging_mixin.py:109} INFO - [2021-09-22 10:35:34,225] {dagbag.py:496} INFO - Filling up the DagBag from /home/airflow/.local/lib/python3.6/site-packages/airflow/example_dags/example_kubernetes_executor_config.py
[2021-09-22 10:35:34,297] {processor.py:623} INFO - DAG(s) dict_keys(['example_kubernetes_executor_config']) retrieved from /home/airflow/.local/lib/python3.6/site-packages/airflow/example_dags/example_kubernetes_executor_config.py
[2021-09-22 10:35:34,350] {logging_mixin.py:109} INFO - [2021-09-22 10:35:34,350] {dag.py:1834} INFO - Sync 1 DAGs
[2021-09-22 10:35:34,388] {logging_mixin.py:109} INFO - [2021-09-22 10:35:34,387] {dag.py:2287} INFO - Setting next_dagrun for example_kubernetes_executor_config to None
[2021-09-22 10:35:34,412] {processor.py:170} INFO - Processing /home/airflow/.local/lib/python3.6/site-packages/airflow/example_dags/example_kubernetes_executor_config.py took 0.208 seconds
[2021-09-22 10:36:04,661] {processor.py:162} INFO - Started process (PID=1156) to work on /home/airflow/.local/lib/python3.6/site-packages/airflow/example_dags/example_kubernetes_executor_config.py
[2021-09-22 10:36:04,673] {processor.py:613} INFO - Processing file /home/airflow/.local/lib/python3.6/site-packages/airflow/example_dags/example_kubernetes_executor_config.py for tasks to queue
[2021-09-22 10:36:04,675] {logging_mixin.py:109} INFO - [2021-09-22 10:36:04,674] {dagbag.py:496} INFO - Filling up the DagBag from /home/airflow/.local/lib/python3.6/site-packages/airflow/example_dags/example_kubernetes_executor_config.py
[2021-09-22 10:36:04,734] {processor.py:623} INFO - DAG(s) dict_keys(['example_kubernetes_executor_config']) retrieved from /home/airflow/.local/lib/python3.6/site-packages/airflow/example_dags/example_kubernetes_executor_config.py
[2021-09-22 10:36:04,907] {logging_mixin.py:109} INFO - [2021-09-22 10:36:04,906] {dag.py:1834} INFO - Sync 1 DAGs
[2021-09-22 10:36:04,943] {logging_mixin.py:109} INFO - [2021-09-22 10:36:04,943] {dag.py:2287} INFO - Setting next_dagrun for example_kubernetes_executor_config to None
[2021-09-22 10:36:04,966] {processor.py:170} INFO - Processing /home/airflow/.local/lib/python3.6/site-packages/airflow/example_dags/example_kubernetes_executor_config.py took 0.328 seconds
[2021-09-22 10:36:35,193] {processor.py:162} INFO - Started process (PID=1216) to work on /home/airflow/.local/lib/python3.6/site-packages/airflow/example_dags/example_kubernetes_executor_config.py
[2021-09-22 10:36:35,194] {processor.py:613} INFO - Processing file /home/airflow/.local/lib/python3.6/site-packages/airflow/example_dags/example_kubernetes_executor_config.py for tasks to queue
[2021-09-22 10:36:35,195] {logging_mixin.py:109} INFO - [2021-09-22 10:36:35,195] {dagbag.py:496} INFO - Filling up the DagBag from /home/airflow/.local/lib/python3.6/site-packages/airflow/example_dags/example_kubernetes_executor_config.py
[2021-09-22 10:36:35,213] {processor.py:623} INFO - DAG(s) dict_keys(['example_kubernetes_executor_config']) retrieved from /home/airflow/.local/lib/python3.6/site-packages/airflow/example_dags/example_kubernetes_executor_config.py
[2021-09-22 10:36:35,260] {logging_mixin.py:109} INFO - [2021-09-22 10:36:35,260] {dag.py:1834} INFO - Sync 1 DAGs
[2021-09-22 10:36:35,287] {logging_mixin.py:109} INFO - [2021-09-22 10:36:35,284] {dag.py:2287} INFO - Setting next_dagrun for example_kubernetes_executor_config to None
[2021-09-22 10:36:35,307] {processor.py:170} INFO - Processing /home/airflow/.local/lib/python3.6/site-packages/airflow/example_dags/example_kubernetes_executor_config.py took 0.119 seconds
[2021-09-22 10:38:14,254] {processor.py:162} INFO - Started process (PID=65) to work on /home/airflow/.local/lib/python3.6/site-packages/airflow/example_dags/example_kubernetes_executor_config.py
[2021-09-22 10:38:14,270] {processor.py:613} INFO - Processing file /home/airflow/.local/lib/python3.6/site-packages/airflow/example_dags/example_kubernetes_executor_config.py for tasks to queue
[2021-09-22 10:38:14,273] {logging_mixin.py:109} INFO - [2021-09-22 10:38:14,271] {dagbag.py:496} INFO - Filling up the DagBag from /home/airflow/.local/lib/python3.6/site-packages/airflow/example_dags/example_kubernetes_executor_config.py
[2021-09-22 10:38:14,378] {processor.py:623} INFO - DAG(s) dict_keys(['example_kubernetes_executor_config']) retrieved from /home/airflow/.local/lib/python3.6/site-packages/airflow/example_dags/example_kubernetes_executor_config.py
[2021-09-22 10:38:14,571] {logging_mixin.py:109} INFO - [2021-09-22 10:38:14,571] {dag.py:1834} INFO - Sync 1 DAGs
[2021-09-22 10:38:14,674] {logging_mixin.py:109} INFO - [2021-09-22 10:38:14,674] {dag.py:2287} INFO - Setting next_dagrun for example_kubernetes_executor_config to None
[2021-09-22 10:38:14,777] {processor.py:170} INFO - Processing /home/airflow/.local/lib/python3.6/site-packages/airflow/example_dags/example_kubernetes_executor_config.py took 0.547 seconds
[2021-09-22 10:38:45,070] {processor.py:162} INFO - Started process (PID=114) to work on /home/airflow/.local/lib/python3.6/site-packages/airflow/example_dags/example_kubernetes_executor_config.py
[2021-09-22 10:38:45,080] {processor.py:613} INFO - Processing file /home/airflow/.local/lib/python3.6/site-packages/airflow/example_dags/example_kubernetes_executor_config.py for tasks to queue
[2021-09-22 10:38:45,081] {logging_mixin.py:109} INFO - [2021-09-22 10:38:45,081] {dagbag.py:496} INFO - Filling up the DagBag from /home/airflow/.local/lib/python3.6/site-packages/airflow/example_dags/example_kubernetes_executor_config.py
[2021-09-22 10:38:45,125] {processor.py:623} INFO - DAG(s) dict_keys(['example_kubernetes_executor_config']) retrieved from /home/airflow/.local/lib/python3.6/site-packages/airflow/example_dags/example_kubernetes_executor_config.py
[2021-09-22 10:38:45,296] {logging_mixin.py:109} INFO - [2021-09-22 10:38:45,295] {dag.py:1834} INFO - Sync 1 DAGs
[2021-09-22 10:38:45,322] {logging_mixin.py:109} INFO - [2021-09-22 10:38:45,322] {dag.py:2287} INFO - Setting next_dagrun for example_kubernetes_executor_config to None
[2021-09-22 10:38:45,342] {processor.py:170} INFO - Processing /home/airflow/.local/lib/python3.6/site-packages/airflow/example_dags/example_kubernetes_executor_config.py took 0.278 seconds
[2021-09-22 10:41:37,459] {processor.py:162} INFO - Started process (PID=53) to work on /home/airflow/.local/lib/python3.6/site-packages/airflow/example_dags/example_kubernetes_executor_config.py
[2021-09-22 10:41:37,461] {processor.py:613} INFO - Processing file /home/airflow/.local/lib/python3.6/site-packages/airflow/example_dags/example_kubernetes_executor_config.py for tasks to queue
[2021-09-22 10:41:37,465] {logging_mixin.py:109} INFO - [2021-09-22 10:41:37,462] {dagbag.py:496} INFO - Filling up the DagBag from /home/airflow/.local/lib/python3.6/site-packages/airflow/example_dags/example_kubernetes_executor_config.py
[2021-09-22 10:41:37,531] {processor.py:623} INFO - DAG(s) dict_keys(['example_kubernetes_executor_config']) retrieved from /home/airflow/.local/lib/python3.6/site-packages/airflow/example_dags/example_kubernetes_executor_config.py
[2021-09-22 10:41:37,735] {logging_mixin.py:109} INFO - [2021-09-22 10:41:37,735] {dag.py:1834} INFO - Sync 1 DAGs
[2021-09-22 10:41:37,827] {logging_mixin.py:109} INFO - [2021-09-22 10:41:37,827] {dag.py:2287} INFO - Setting next_dagrun for example_kubernetes_executor_config to None
[2021-09-22 10:41:37,885] {processor.py:170} INFO - Processing /home/airflow/.local/lib/python3.6/site-packages/airflow/example_dags/example_kubernetes_executor_config.py took 0.437 seconds
[2021-09-22 10:42:08,494] {processor.py:162} INFO - Started process (PID=104) to work on /home/airflow/.local/lib/python3.6/site-packages/airflow/example_dags/example_kubernetes_executor_config.py
[2021-09-22 10:42:08,495] {processor.py:613} INFO - Processing file /home/airflow/.local/lib/python3.6/site-packages/airflow/example_dags/example_kubernetes_executor_config.py for tasks to queue
[2021-09-22 10:42:08,496] {logging_mixin.py:109} INFO - [2021-09-22 10:42:08,496] {dagbag.py:496} INFO - Filling up the DagBag from /home/airflow/.local/lib/python3.6/site-packages/airflow/example_dags/example_kubernetes_executor_config.py
[2021-09-22 10:42:08,514] {processor.py:623} INFO - DAG(s) dict_keys(['example_kubernetes_executor_config']) retrieved from /home/airflow/.local/lib/python3.6/site-packages/airflow/example_dags/example_kubernetes_executor_config.py
[2021-09-22 10:42:08,544] {logging_mixin.py:109} INFO - [2021-09-22 10:42:08,544] {dag.py:1834} INFO - Sync 1 DAGs
[2021-09-22 10:42:08,566] {logging_mixin.py:109} INFO - [2021-09-22 10:42:08,565] {dag.py:2287} INFO - Setting next_dagrun for example_kubernetes_executor_config to None
[2021-09-22 10:42:08,586] {processor.py:170} INFO - Processing /home/airflow/.local/lib/python3.6/site-packages/airflow/example_dags/example_kubernetes_executor_config.py took 0.097 seconds
[2021-09-22 10:42:38,632] {processor.py:162} INFO - Started process (PID=167) to work on /home/airflow/.local/lib/python3.6/site-packages/airflow/example_dags/example_kubernetes_executor_config.py
[2021-09-22 10:42:38,638] {processor.py:613} INFO - Processing file /home/airflow/.local/lib/python3.6/site-packages/airflow/example_dags/example_kubernetes_executor_config.py for tasks to queue
[2021-09-22 10:42:38,639] {logging_mixin.py:109} INFO - [2021-09-22 10:42:38,639] {dagbag.py:496} INFO - Filling up the DagBag from /home/airflow/.local/lib/python3.6/site-packages/airflow/example_dags/example_kubernetes_executor_config.py
[2021-09-22 10:42:38,674] {processor.py:623} INFO - DAG(s) dict_keys(['example_kubernetes_executor_config']) retrieved from /home/airflow/.local/lib/python3.6/site-packages/airflow/example_dags/example_kubernetes_executor_config.py
[2021-09-22 10:42:38,711] {logging_mixin.py:109} INFO - [2021-09-22 10:42:38,711] {dag.py:1834} INFO - Sync 1 DAGs
[2021-09-22 10:42:38,728] {logging_mixin.py:109} INFO - [2021-09-22 10:42:38,728] {dag.py:2287} INFO - Setting next_dagrun for example_kubernetes_executor_config to None
[2021-09-22 10:42:38,738] {processor.py:170} INFO - Processing /home/airflow/.local/lib/python3.6/site-packages/airflow/example_dags/example_kubernetes_executor_config.py took 0.117 seconds
[2021-09-22 10:43:09,311] {processor.py:162} INFO - Started process (PID=219) to work on /home/airflow/.local/lib/python3.6/site-packages/airflow/example_dags/example_kubernetes_executor_config.py
[2021-09-22 10:43:09,314] {processor.py:613} INFO - Processing file /home/airflow/.local/lib/python3.6/site-packages/airflow/example_dags/example_kubernetes_executor_config.py for tasks to queue
[2021-09-22 10:43:09,315] {logging_mixin.py:109} INFO - [2021-09-22 10:43:09,315] {dagbag.py:496} INFO - Filling up the DagBag from /home/airflow/.local/lib/python3.6/site-packages/airflow/example_dags/example_kubernetes_executor_config.py
[2021-09-22 10:43:09,332] {processor.py:623} INFO - DAG(s) dict_keys(['example_kubernetes_executor_config']) retrieved from /home/airflow/.local/lib/python3.6/site-packages/airflow/example_dags/example_kubernetes_executor_config.py
[2021-09-22 10:43:09,362] {logging_mixin.py:109} INFO - [2021-09-22 10:43:09,362] {dag.py:1834} INFO - Sync 1 DAGs
[2021-09-22 10:43:09,378] {logging_mixin.py:109} INFO - [2021-09-22 10:43:09,378] {dag.py:2287} INFO - Setting next_dagrun for example_kubernetes_executor_config to None
[2021-09-22 10:43:09,392] {processor.py:170} INFO - Processing /home/airflow/.local/lib/python3.6/site-packages/airflow/example_dags/example_kubernetes_executor_config.py took 0.088 seconds
[2021-09-22 10:43:40,291] {processor.py:162} INFO - Started process (PID=280) to work on /home/airflow/.local/lib/python3.6/site-packages/airflow/example_dags/example_kubernetes_executor_config.py
[2021-09-22 10:43:40,293] {processor.py:613} INFO - Processing file /home/airflow/.local/lib/python3.6/site-packages/airflow/example_dags/example_kubernetes_executor_config.py for tasks to queue
[2021-09-22 10:43:40,294] {logging_mixin.py:109} INFO - [2021-09-22 10:43:40,293] {dagbag.py:496} INFO - Filling up the DagBag from /home/airflow/.local/lib/python3.6/site-packages/airflow/example_dags/example_kubernetes_executor_config.py
[2021-09-22 10:43:40,310] {processor.py:623} INFO - DAG(s) dict_keys(['example_kubernetes_executor_config']) retrieved from /home/airflow/.local/lib/python3.6/site-packages/airflow/example_dags/example_kubernetes_executor_config.py
[2021-09-22 10:43:40,342] {logging_mixin.py:109} INFO - [2021-09-22 10:43:40,342] {dag.py:1834} INFO - Sync 1 DAGs
[2021-09-22 10:43:40,359] {logging_mixin.py:109} INFO - [2021-09-22 10:43:40,359] {dag.py:2287} INFO - Setting next_dagrun for example_kubernetes_executor_config to None
[2021-09-22 10:43:40,369] {processor.py:170} INFO - Processing /home/airflow/.local/lib/python3.6/site-packages/airflow/example_dags/example_kubernetes_executor_config.py took 0.082 seconds
[2021-09-22 10:44:11,145] {processor.py:162} INFO - Started process (PID=331) to work on /home/airflow/.local/lib/python3.6/site-packages/airflow/example_dags/example_kubernetes_executor_config.py
[2021-09-22 10:44:11,152] {processor.py:613} INFO - Processing file /home/airflow/.local/lib/python3.6/site-packages/airflow/example_dags/example_kubernetes_executor_config.py for tasks to queue
[2021-09-22 10:44:11,152] {logging_mixin.py:109} INFO - [2021-09-22 10:44:11,152] {dagbag.py:496} INFO - Filling up the DagBag from /home/airflow/.local/lib/python3.6/site-packages/airflow/example_dags/example_kubernetes_executor_config.py
[2021-09-22 10:44:11,209] {processor.py:623} INFO - DAG(s) dict_keys(['example_kubernetes_executor_config']) retrieved from /home/airflow/.local/lib/python3.6/site-packages/airflow/example_dags/example_kubernetes_executor_config.py
[2021-09-22 10:44:11,292] {logging_mixin.py:109} INFO - [2021-09-22 10:44:11,292] {dag.py:1834} INFO - Sync 1 DAGs
[2021-09-22 10:44:11,316] {logging_mixin.py:109} INFO - [2021-09-22 10:44:11,316] {dag.py:2287} INFO - Setting next_dagrun for example_kubernetes_executor_config to None
[2021-09-22 10:44:11,357] {processor.py:170} INFO - Processing /home/airflow/.local/lib/python3.6/site-packages/airflow/example_dags/example_kubernetes_executor_config.py took 0.228 seconds
