[2021-09-22 10:25:49,349] {processor.py:162} INFO - Started process (PID=72) to work on /home/airflow/.local/lib/python3.6/site-packages/airflow/example_dags/example_branch_labels.py
[2021-09-22 10:25:49,358] {processor.py:613} INFO - Processing file /home/airflow/.local/lib/python3.6/site-packages/airflow/example_dags/example_branch_labels.py for tasks to queue
[2021-09-22 10:25:49,359] {logging_mixin.py:109} INFO - [2021-09-22 10:25:49,358] {dagbag.py:496} INFO - Filling up the DagBag from /home/airflow/.local/lib/python3.6/site-packages/airflow/example_dags/example_branch_labels.py
[2021-09-22 10:25:49,410] {processor.py:623} INFO - DAG(s) dict_keys(['example_branch_labels']) retrieved from /home/airflow/.local/lib/python3.6/site-packages/airflow/example_dags/example_branch_labels.py
[2021-09-22 10:25:59,071] {logging_mixin.py:109} INFO - [2021-09-22 10:25:59,070] {dag.py:1834} INFO - Sync 1 DAGs
[2021-09-22 10:25:59,094] {logging_mixin.py:109} INFO - [2021-09-22 10:25:59,093] {dag.py:1853} INFO - Creating ORM DAG for example_branch_labels
[2021-09-22 10:25:59,102] {logging_mixin.py:109} INFO - [2021-09-22 10:25:59,102] {dag.py:2287} INFO - Setting next_dagrun for example_branch_labels to 2021-09-20 00:00:00+00:00
[2021-09-22 10:25:59,130] {processor.py:170} INFO - Processing /home/airflow/.local/lib/python3.6/site-packages/airflow/example_dags/example_branch_labels.py took 9.797 seconds
[2021-09-22 10:27:20,678] {processor.py:162} INFO - Started process (PID=208) to work on /home/airflow/.local/lib/python3.6/site-packages/airflow/example_dags/example_branch_labels.py
[2021-09-22 10:27:20,692] {processor.py:613} INFO - Processing file /home/airflow/.local/lib/python3.6/site-packages/airflow/example_dags/example_branch_labels.py for tasks to queue
[2021-09-22 10:27:20,693] {logging_mixin.py:109} INFO - [2021-09-22 10:27:20,692] {dagbag.py:496} INFO - Filling up the DagBag from /home/airflow/.local/lib/python3.6/site-packages/airflow/example_dags/example_branch_labels.py
[2021-09-22 10:27:20,793] {processor.py:623} INFO - DAG(s) dict_keys(['example_branch_labels']) retrieved from /home/airflow/.local/lib/python3.6/site-packages/airflow/example_dags/example_branch_labels.py
[2021-09-22 10:27:20,987] {logging_mixin.py:109} INFO - [2021-09-22 10:27:20,987] {dag.py:1834} INFO - Sync 1 DAGs
[2021-09-22 10:27:21,024] {logging_mixin.py:109} INFO - [2021-09-22 10:27:21,024] {dag.py:2287} INFO - Setting next_dagrun for example_branch_labels to 2021-09-20 00:00:00+00:00
[2021-09-22 10:27:21,070] {processor.py:170} INFO - Processing /home/airflow/.local/lib/python3.6/site-packages/airflow/example_dags/example_branch_labels.py took 0.429 seconds
[2021-09-22 10:27:51,588] {processor.py:162} INFO - Started process (PID=258) to work on /home/airflow/.local/lib/python3.6/site-packages/airflow/example_dags/example_branch_labels.py
[2021-09-22 10:27:51,613] {processor.py:613} INFO - Processing file /home/airflow/.local/lib/python3.6/site-packages/airflow/example_dags/example_branch_labels.py for tasks to queue
[2021-09-22 10:27:51,636] {logging_mixin.py:109} INFO - [2021-09-22 10:27:51,613] {dagbag.py:496} INFO - Filling up the DagBag from /home/airflow/.local/lib/python3.6/site-packages/airflow/example_dags/example_branch_labels.py
[2021-09-22 10:27:51,805] {processor.py:623} INFO - DAG(s) dict_keys(['example_branch_labels']) retrieved from /home/airflow/.local/lib/python3.6/site-packages/airflow/example_dags/example_branch_labels.py
[2021-09-22 10:27:51,933] {logging_mixin.py:109} INFO - [2021-09-22 10:27:51,932] {dag.py:1834} INFO - Sync 1 DAGs
[2021-09-22 10:27:52,003] {logging_mixin.py:109} INFO - [2021-09-22 10:27:52,002] {dag.py:2287} INFO - Setting next_dagrun for example_branch_labels to 2021-09-20 00:00:00+00:00
[2021-09-22 10:27:52,046] {processor.py:170} INFO - Processing /home/airflow/.local/lib/python3.6/site-packages/airflow/example_dags/example_branch_labels.py took 0.478 seconds
[2021-09-22 10:28:22,232] {processor.py:162} INFO - Started process (PID=318) to work on /home/airflow/.local/lib/python3.6/site-packages/airflow/example_dags/example_branch_labels.py
[2021-09-22 10:28:22,245] {processor.py:613} INFO - Processing file /home/airflow/.local/lib/python3.6/site-packages/airflow/example_dags/example_branch_labels.py for tasks to queue
[2021-09-22 10:28:22,246] {logging_mixin.py:109} INFO - [2021-09-22 10:28:22,246] {dagbag.py:496} INFO - Filling up the DagBag from /home/airflow/.local/lib/python3.6/site-packages/airflow/example_dags/example_branch_labels.py
[2021-09-22 10:28:22,294] {processor.py:623} INFO - DAG(s) dict_keys(['example_branch_labels']) retrieved from /home/airflow/.local/lib/python3.6/site-packages/airflow/example_dags/example_branch_labels.py
[2021-09-22 10:28:22,346] {logging_mixin.py:109} INFO - [2021-09-22 10:28:22,346] {dag.py:1834} INFO - Sync 1 DAGs
[2021-09-22 10:28:22,388] {logging_mixin.py:109} INFO - [2021-09-22 10:28:22,387] {dag.py:2287} INFO - Setting next_dagrun for example_branch_labels to 2021-09-20 00:00:00+00:00
[2021-09-22 10:28:22,407] {processor.py:170} INFO - Processing /home/airflow/.local/lib/python3.6/site-packages/airflow/example_dags/example_branch_labels.py took 0.189 seconds
[2021-09-22 10:28:52,622] {processor.py:162} INFO - Started process (PID=369) to work on /home/airflow/.local/lib/python3.6/site-packages/airflow/example_dags/example_branch_labels.py
[2021-09-22 10:28:52,623] {processor.py:613} INFO - Processing file /home/airflow/.local/lib/python3.6/site-packages/airflow/example_dags/example_branch_labels.py for tasks to queue
[2021-09-22 10:28:52,624] {logging_mixin.py:109} INFO - [2021-09-22 10:28:52,624] {dagbag.py:496} INFO - Filling up the DagBag from /home/airflow/.local/lib/python3.6/site-packages/airflow/example_dags/example_branch_labels.py
[2021-09-22 10:28:52,647] {processor.py:623} INFO - DAG(s) dict_keys(['example_branch_labels']) retrieved from /home/airflow/.local/lib/python3.6/site-packages/airflow/example_dags/example_branch_labels.py
[2021-09-22 10:28:52,681] {logging_mixin.py:109} INFO - [2021-09-22 10:28:52,680] {dag.py:1834} INFO - Sync 1 DAGs
[2021-09-22 10:28:52,703] {logging_mixin.py:109} INFO - [2021-09-22 10:28:52,703] {dag.py:2287} INFO - Setting next_dagrun for example_branch_labels to 2021-09-20 00:00:00+00:00
[2021-09-22 10:28:52,713] {processor.py:170} INFO - Processing /home/airflow/.local/lib/python3.6/site-packages/airflow/example_dags/example_branch_labels.py took 0.096 seconds
[2021-09-22 10:29:23,461] {processor.py:162} INFO - Started process (PID=419) to work on /home/airflow/.local/lib/python3.6/site-packages/airflow/example_dags/example_branch_labels.py
[2021-09-22 10:29:23,468] {processor.py:613} INFO - Processing file /home/airflow/.local/lib/python3.6/site-packages/airflow/example_dags/example_branch_labels.py for tasks to queue
[2021-09-22 10:29:23,469] {logging_mixin.py:109} INFO - [2021-09-22 10:29:23,469] {dagbag.py:496} INFO - Filling up the DagBag from /home/airflow/.local/lib/python3.6/site-packages/airflow/example_dags/example_branch_labels.py
[2021-09-22 10:29:23,493] {processor.py:623} INFO - DAG(s) dict_keys(['example_branch_labels']) retrieved from /home/airflow/.local/lib/python3.6/site-packages/airflow/example_dags/example_branch_labels.py
[2021-09-22 10:29:23,538] {logging_mixin.py:109} INFO - [2021-09-22 10:29:23,538] {dag.py:1834} INFO - Sync 1 DAGs
[2021-09-22 10:29:23,567] {logging_mixin.py:109} INFO - [2021-09-22 10:29:23,567] {dag.py:2287} INFO - Setting next_dagrun for example_branch_labels to 2021-09-20 00:00:00+00:00
[2021-09-22 10:29:23,579] {processor.py:170} INFO - Processing /home/airflow/.local/lib/python3.6/site-packages/airflow/example_dags/example_branch_labels.py took 0.122 seconds
[2021-09-22 10:29:54,033] {processor.py:162} INFO - Started process (PID=479) to work on /home/airflow/.local/lib/python3.6/site-packages/airflow/example_dags/example_branch_labels.py
[2021-09-22 10:29:54,034] {processor.py:613} INFO - Processing file /home/airflow/.local/lib/python3.6/site-packages/airflow/example_dags/example_branch_labels.py for tasks to queue
[2021-09-22 10:29:54,035] {logging_mixin.py:109} INFO - [2021-09-22 10:29:54,035] {dagbag.py:496} INFO - Filling up the DagBag from /home/airflow/.local/lib/python3.6/site-packages/airflow/example_dags/example_branch_labels.py
[2021-09-22 10:29:54,050] {processor.py:623} INFO - DAG(s) dict_keys(['example_branch_labels']) retrieved from /home/airflow/.local/lib/python3.6/site-packages/airflow/example_dags/example_branch_labels.py
[2021-09-22 10:29:54,079] {logging_mixin.py:109} INFO - [2021-09-22 10:29:54,079] {dag.py:1834} INFO - Sync 1 DAGs
[2021-09-22 10:29:54,101] {logging_mixin.py:109} INFO - [2021-09-22 10:29:54,101] {dag.py:2287} INFO - Setting next_dagrun for example_branch_labels to 2021-09-20 00:00:00+00:00
[2021-09-22 10:29:54,115] {processor.py:170} INFO - Processing /home/airflow/.local/lib/python3.6/site-packages/airflow/example_dags/example_branch_labels.py took 0.085 seconds
[2021-09-22 10:30:24,170] {processor.py:162} INFO - Started process (PID=529) to work on /home/airflow/.local/lib/python3.6/site-packages/airflow/example_dags/example_branch_labels.py
[2021-09-22 10:30:24,173] {processor.py:613} INFO - Processing file /home/airflow/.local/lib/python3.6/site-packages/airflow/example_dags/example_branch_labels.py for tasks to queue
[2021-09-22 10:30:24,174] {logging_mixin.py:109} INFO - [2021-09-22 10:30:24,173] {dagbag.py:496} INFO - Filling up the DagBag from /home/airflow/.local/lib/python3.6/site-packages/airflow/example_dags/example_branch_labels.py
[2021-09-22 10:30:24,196] {processor.py:623} INFO - DAG(s) dict_keys(['example_branch_labels']) retrieved from /home/airflow/.local/lib/python3.6/site-packages/airflow/example_dags/example_branch_labels.py
[2021-09-22 10:30:24,296] {logging_mixin.py:109} INFO - [2021-09-22 10:30:24,295] {dag.py:1834} INFO - Sync 1 DAGs
[2021-09-22 10:30:24,370] {logging_mixin.py:109} INFO - [2021-09-22 10:30:24,370] {dag.py:2287} INFO - Setting next_dagrun for example_branch_labels to 2021-09-20 00:00:00+00:00
[2021-09-22 10:30:24,382] {processor.py:170} INFO - Processing /home/airflow/.local/lib/python3.6/site-packages/airflow/example_dags/example_branch_labels.py took 0.217 seconds
[2021-09-22 10:30:55,259] {processor.py:162} INFO - Started process (PID=595) to work on /home/airflow/.local/lib/python3.6/site-packages/airflow/example_dags/example_branch_labels.py
[2021-09-22 10:30:55,262] {processor.py:613} INFO - Processing file /home/airflow/.local/lib/python3.6/site-packages/airflow/example_dags/example_branch_labels.py for tasks to queue
[2021-09-22 10:30:55,263] {logging_mixin.py:109} INFO - [2021-09-22 10:30:55,263] {dagbag.py:496} INFO - Filling up the DagBag from /home/airflow/.local/lib/python3.6/site-packages/airflow/example_dags/example_branch_labels.py
[2021-09-22 10:30:55,288] {processor.py:623} INFO - DAG(s) dict_keys(['example_branch_labels']) retrieved from /home/airflow/.local/lib/python3.6/site-packages/airflow/example_dags/example_branch_labels.py
[2021-09-22 10:30:55,342] {logging_mixin.py:109} INFO - [2021-09-22 10:30:55,342] {dag.py:1834} INFO - Sync 1 DAGs
[2021-09-22 10:30:55,372] {logging_mixin.py:109} INFO - [2021-09-22 10:30:55,371] {dag.py:2287} INFO - Setting next_dagrun for example_branch_labels to 2021-09-20 00:00:00+00:00
[2021-09-22 10:30:55,396] {processor.py:170} INFO - Processing /home/airflow/.local/lib/python3.6/site-packages/airflow/example_dags/example_branch_labels.py took 0.144 seconds
[2021-09-22 10:31:25,741] {processor.py:162} INFO - Started process (PID=647) to work on /home/airflow/.local/lib/python3.6/site-packages/airflow/example_dags/example_branch_labels.py
[2021-09-22 10:31:25,744] {processor.py:613} INFO - Processing file /home/airflow/.local/lib/python3.6/site-packages/airflow/example_dags/example_branch_labels.py for tasks to queue
[2021-09-22 10:31:25,747] {logging_mixin.py:109} INFO - [2021-09-22 10:31:25,747] {dagbag.py:496} INFO - Filling up the DagBag from /home/airflow/.local/lib/python3.6/site-packages/airflow/example_dags/example_branch_labels.py
[2021-09-22 10:31:25,776] {processor.py:623} INFO - DAG(s) dict_keys(['example_branch_labels']) retrieved from /home/airflow/.local/lib/python3.6/site-packages/airflow/example_dags/example_branch_labels.py
[2021-09-22 10:31:25,810] {logging_mixin.py:109} INFO - [2021-09-22 10:31:25,810] {dag.py:1834} INFO - Sync 1 DAGs
[2021-09-22 10:31:25,834] {logging_mixin.py:109} INFO - [2021-09-22 10:31:25,834] {dag.py:2287} INFO - Setting next_dagrun for example_branch_labels to 2021-09-20 00:00:00+00:00
[2021-09-22 10:31:25,844] {processor.py:170} INFO - Processing /home/airflow/.local/lib/python3.6/site-packages/airflow/example_dags/example_branch_labels.py took 0.111 seconds
[2021-09-22 10:31:56,250] {processor.py:162} INFO - Started process (PID=708) to work on /home/airflow/.local/lib/python3.6/site-packages/airflow/example_dags/example_branch_labels.py
[2021-09-22 10:31:56,257] {processor.py:613} INFO - Processing file /home/airflow/.local/lib/python3.6/site-packages/airflow/example_dags/example_branch_labels.py for tasks to queue
[2021-09-22 10:31:56,258] {logging_mixin.py:109} INFO - [2021-09-22 10:31:56,258] {dagbag.py:496} INFO - Filling up the DagBag from /home/airflow/.local/lib/python3.6/site-packages/airflow/example_dags/example_branch_labels.py
[2021-09-22 10:31:56,292] {processor.py:623} INFO - DAG(s) dict_keys(['example_branch_labels']) retrieved from /home/airflow/.local/lib/python3.6/site-packages/airflow/example_dags/example_branch_labels.py
[2021-09-22 10:31:56,359] {logging_mixin.py:109} INFO - [2021-09-22 10:31:56,359] {dag.py:1834} INFO - Sync 1 DAGs
[2021-09-22 10:31:56,384] {logging_mixin.py:109} INFO - [2021-09-22 10:31:56,384] {dag.py:2287} INFO - Setting next_dagrun for example_branch_labels to 2021-09-20 00:00:00+00:00
[2021-09-22 10:31:56,411] {processor.py:170} INFO - Processing /home/airflow/.local/lib/python3.6/site-packages/airflow/example_dags/example_branch_labels.py took 0.175 seconds
[2021-09-22 10:32:26,658] {processor.py:162} INFO - Started process (PID=761) to work on /home/airflow/.local/lib/python3.6/site-packages/airflow/example_dags/example_branch_labels.py
[2021-09-22 10:32:26,662] {processor.py:613} INFO - Processing file /home/airflow/.local/lib/python3.6/site-packages/airflow/example_dags/example_branch_labels.py for tasks to queue
[2021-09-22 10:32:26,665] {logging_mixin.py:109} INFO - [2021-09-22 10:32:26,665] {dagbag.py:496} INFO - Filling up the DagBag from /home/airflow/.local/lib/python3.6/site-packages/airflow/example_dags/example_branch_labels.py
[2021-09-22 10:32:26,697] {processor.py:623} INFO - DAG(s) dict_keys(['example_branch_labels']) retrieved from /home/airflow/.local/lib/python3.6/site-packages/airflow/example_dags/example_branch_labels.py
[2021-09-22 10:32:26,771] {logging_mixin.py:109} INFO - [2021-09-22 10:32:26,771] {dag.py:1834} INFO - Sync 1 DAGs
[2021-09-22 10:32:26,802] {logging_mixin.py:109} INFO - [2021-09-22 10:32:26,802] {dag.py:2287} INFO - Setting next_dagrun for example_branch_labels to 2021-09-20 00:00:00+00:00
[2021-09-22 10:32:26,819] {processor.py:170} INFO - Processing /home/airflow/.local/lib/python3.6/site-packages/airflow/example_dags/example_branch_labels.py took 0.170 seconds
[2021-09-22 10:32:57,734] {processor.py:162} INFO - Started process (PID=822) to work on /home/airflow/.local/lib/python3.6/site-packages/airflow/example_dags/example_branch_labels.py
[2021-09-22 10:32:57,740] {processor.py:613} INFO - Processing file /home/airflow/.local/lib/python3.6/site-packages/airflow/example_dags/example_branch_labels.py for tasks to queue
[2021-09-22 10:32:57,741] {logging_mixin.py:109} INFO - [2021-09-22 10:32:57,740] {dagbag.py:496} INFO - Filling up the DagBag from /home/airflow/.local/lib/python3.6/site-packages/airflow/example_dags/example_branch_labels.py
[2021-09-22 10:32:57,761] {processor.py:623} INFO - DAG(s) dict_keys(['example_branch_labels']) retrieved from /home/airflow/.local/lib/python3.6/site-packages/airflow/example_dags/example_branch_labels.py
[2021-09-22 10:32:57,845] {logging_mixin.py:109} INFO - [2021-09-22 10:32:57,845] {dag.py:1834} INFO - Sync 1 DAGs
[2021-09-22 10:32:57,868] {logging_mixin.py:109} INFO - [2021-09-22 10:32:57,868] {dag.py:2287} INFO - Setting next_dagrun for example_branch_labels to 2021-09-20 00:00:00+00:00
[2021-09-22 10:32:57,882] {processor.py:170} INFO - Processing /home/airflow/.local/lib/python3.6/site-packages/airflow/example_dags/example_branch_labels.py took 0.155 seconds
[2021-09-22 10:33:27,991] {processor.py:162} INFO - Started process (PID=874) to work on /home/airflow/.local/lib/python3.6/site-packages/airflow/example_dags/example_branch_labels.py
[2021-09-22 10:33:27,993] {processor.py:613} INFO - Processing file /home/airflow/.local/lib/python3.6/site-packages/airflow/example_dags/example_branch_labels.py for tasks to queue
[2021-09-22 10:33:27,993] {logging_mixin.py:109} INFO - [2021-09-22 10:33:27,993] {dagbag.py:496} INFO - Filling up the DagBag from /home/airflow/.local/lib/python3.6/site-packages/airflow/example_dags/example_branch_labels.py
[2021-09-22 10:33:28,011] {processor.py:623} INFO - DAG(s) dict_keys(['example_branch_labels']) retrieved from /home/airflow/.local/lib/python3.6/site-packages/airflow/example_dags/example_branch_labels.py
[2021-09-22 10:33:28,052] {logging_mixin.py:109} INFO - [2021-09-22 10:33:28,052] {dag.py:1834} INFO - Sync 1 DAGs
[2021-09-22 10:33:28,081] {logging_mixin.py:109} INFO - [2021-09-22 10:33:28,081] {dag.py:2287} INFO - Setting next_dagrun for example_branch_labels to 2021-09-20 00:00:00+00:00
[2021-09-22 10:33:28,100] {processor.py:170} INFO - Processing /home/airflow/.local/lib/python3.6/site-packages/airflow/example_dags/example_branch_labels.py took 0.113 seconds
[2021-09-22 10:33:58,989] {processor.py:162} INFO - Started process (PID=935) to work on /home/airflow/.local/lib/python3.6/site-packages/airflow/example_dags/example_branch_labels.py
[2021-09-22 10:33:59,001] {processor.py:613} INFO - Processing file /home/airflow/.local/lib/python3.6/site-packages/airflow/example_dags/example_branch_labels.py for tasks to queue
[2021-09-22 10:33:59,002] {logging_mixin.py:109} INFO - [2021-09-22 10:33:59,002] {dagbag.py:496} INFO - Filling up the DagBag from /home/airflow/.local/lib/python3.6/site-packages/airflow/example_dags/example_branch_labels.py
[2021-09-22 10:33:59,044] {processor.py:623} INFO - DAG(s) dict_keys(['example_branch_labels']) retrieved from /home/airflow/.local/lib/python3.6/site-packages/airflow/example_dags/example_branch_labels.py
[2021-09-22 10:33:59,130] {logging_mixin.py:109} INFO - [2021-09-22 10:33:59,130] {dag.py:1834} INFO - Sync 1 DAGs
[2021-09-22 10:33:59,170] {logging_mixin.py:109} INFO - [2021-09-22 10:33:59,170] {dag.py:2287} INFO - Setting next_dagrun for example_branch_labels to 2021-09-20 00:00:00+00:00
[2021-09-22 10:33:59,216] {processor.py:170} INFO - Processing /home/airflow/.local/lib/python3.6/site-packages/airflow/example_dags/example_branch_labels.py took 0.237 seconds
[2021-09-22 10:34:29,589] {processor.py:162} INFO - Started process (PID=986) to work on /home/airflow/.local/lib/python3.6/site-packages/airflow/example_dags/example_branch_labels.py
[2021-09-22 10:34:29,590] {processor.py:613} INFO - Processing file /home/airflow/.local/lib/python3.6/site-packages/airflow/example_dags/example_branch_labels.py for tasks to queue
[2021-09-22 10:34:29,598] {logging_mixin.py:109} INFO - [2021-09-22 10:34:29,591] {dagbag.py:496} INFO - Filling up the DagBag from /home/airflow/.local/lib/python3.6/site-packages/airflow/example_dags/example_branch_labels.py
[2021-09-22 10:34:29,623] {processor.py:623} INFO - DAG(s) dict_keys(['example_branch_labels']) retrieved from /home/airflow/.local/lib/python3.6/site-packages/airflow/example_dags/example_branch_labels.py
[2021-09-22 10:34:29,658] {logging_mixin.py:109} INFO - [2021-09-22 10:34:29,658] {dag.py:1834} INFO - Sync 1 DAGs
[2021-09-22 10:34:29,700] {logging_mixin.py:109} INFO - [2021-09-22 10:34:29,700] {dag.py:2287} INFO - Setting next_dagrun for example_branch_labels to 2021-09-20 00:00:00+00:00
[2021-09-22 10:34:29,714] {processor.py:170} INFO - Processing /home/airflow/.local/lib/python3.6/site-packages/airflow/example_dags/example_branch_labels.py took 0.129 seconds
[2021-09-22 10:34:59,824] {processor.py:162} INFO - Started process (PID=1036) to work on /home/airflow/.local/lib/python3.6/site-packages/airflow/example_dags/example_branch_labels.py
[2021-09-22 10:34:59,826] {processor.py:613} INFO - Processing file /home/airflow/.local/lib/python3.6/site-packages/airflow/example_dags/example_branch_labels.py for tasks to queue
[2021-09-22 10:34:59,826] {logging_mixin.py:109} INFO - [2021-09-22 10:34:59,826] {dagbag.py:496} INFO - Filling up the DagBag from /home/airflow/.local/lib/python3.6/site-packages/airflow/example_dags/example_branch_labels.py
[2021-09-22 10:34:59,839] {processor.py:623} INFO - DAG(s) dict_keys(['example_branch_labels']) retrieved from /home/airflow/.local/lib/python3.6/site-packages/airflow/example_dags/example_branch_labels.py
[2021-09-22 10:34:59,859] {logging_mixin.py:109} INFO - [2021-09-22 10:34:59,859] {dag.py:1834} INFO - Sync 1 DAGs
[2021-09-22 10:34:59,875] {logging_mixin.py:109} INFO - [2021-09-22 10:34:59,875] {dag.py:2287} INFO - Setting next_dagrun for example_branch_labels to 2021-09-20 00:00:00+00:00
[2021-09-22 10:34:59,884] {processor.py:170} INFO - Processing /home/airflow/.local/lib/python3.6/site-packages/airflow/example_dags/example_branch_labels.py took 0.063 seconds
[2021-09-22 10:35:30,522] {processor.py:162} INFO - Started process (PID=1088) to work on /home/airflow/.local/lib/python3.6/site-packages/airflow/example_dags/example_branch_labels.py
[2021-09-22 10:35:30,525] {processor.py:613} INFO - Processing file /home/airflow/.local/lib/python3.6/site-packages/airflow/example_dags/example_branch_labels.py for tasks to queue
[2021-09-22 10:35:30,526] {logging_mixin.py:109} INFO - [2021-09-22 10:35:30,526] {dagbag.py:496} INFO - Filling up the DagBag from /home/airflow/.local/lib/python3.6/site-packages/airflow/example_dags/example_branch_labels.py
[2021-09-22 10:35:30,546] {processor.py:623} INFO - DAG(s) dict_keys(['example_branch_labels']) retrieved from /home/airflow/.local/lib/python3.6/site-packages/airflow/example_dags/example_branch_labels.py
[2021-09-22 10:35:30,590] {logging_mixin.py:109} INFO - [2021-09-22 10:35:30,590] {dag.py:1834} INFO - Sync 1 DAGs
[2021-09-22 10:35:30,619] {logging_mixin.py:109} INFO - [2021-09-22 10:35:30,619] {dag.py:2287} INFO - Setting next_dagrun for example_branch_labels to 2021-09-20 00:00:00+00:00
[2021-09-22 10:35:30,630] {processor.py:170} INFO - Processing /home/airflow/.local/lib/python3.6/site-packages/airflow/example_dags/example_branch_labels.py took 0.111 seconds
[2021-09-22 10:36:01,031] {processor.py:162} INFO - Started process (PID=1149) to work on /home/airflow/.local/lib/python3.6/site-packages/airflow/example_dags/example_branch_labels.py
[2021-09-22 10:36:01,032] {processor.py:613} INFO - Processing file /home/airflow/.local/lib/python3.6/site-packages/airflow/example_dags/example_branch_labels.py for tasks to queue
[2021-09-22 10:36:01,033] {logging_mixin.py:109} INFO - [2021-09-22 10:36:01,033] {dagbag.py:496} INFO - Filling up the DagBag from /home/airflow/.local/lib/python3.6/site-packages/airflow/example_dags/example_branch_labels.py
[2021-09-22 10:36:01,048] {processor.py:623} INFO - DAG(s) dict_keys(['example_branch_labels']) retrieved from /home/airflow/.local/lib/python3.6/site-packages/airflow/example_dags/example_branch_labels.py
[2021-09-22 10:36:01,076] {logging_mixin.py:109} INFO - [2021-09-22 10:36:01,075] {dag.py:1834} INFO - Sync 1 DAGs
[2021-09-22 10:36:01,102] {logging_mixin.py:109} INFO - [2021-09-22 10:36:01,102] {dag.py:2287} INFO - Setting next_dagrun for example_branch_labels to 2021-09-20 00:00:00+00:00
[2021-09-22 10:36:01,111] {processor.py:170} INFO - Processing /home/airflow/.local/lib/python3.6/site-packages/airflow/example_dags/example_branch_labels.py took 0.084 seconds
[2021-09-22 10:36:31,764] {processor.py:162} INFO - Started process (PID=1200) to work on /home/airflow/.local/lib/python3.6/site-packages/airflow/example_dags/example_branch_labels.py
[2021-09-22 10:36:31,766] {processor.py:613} INFO - Processing file /home/airflow/.local/lib/python3.6/site-packages/airflow/example_dags/example_branch_labels.py for tasks to queue
[2021-09-22 10:36:31,767] {logging_mixin.py:109} INFO - [2021-09-22 10:36:31,767] {dagbag.py:496} INFO - Filling up the DagBag from /home/airflow/.local/lib/python3.6/site-packages/airflow/example_dags/example_branch_labels.py
[2021-09-22 10:36:31,781] {processor.py:623} INFO - DAG(s) dict_keys(['example_branch_labels']) retrieved from /home/airflow/.local/lib/python3.6/site-packages/airflow/example_dags/example_branch_labels.py
[2021-09-22 10:36:31,807] {logging_mixin.py:109} INFO - [2021-09-22 10:36:31,807] {dag.py:1834} INFO - Sync 1 DAGs
[2021-09-22 10:36:31,826] {logging_mixin.py:109} INFO - [2021-09-22 10:36:31,826] {dag.py:2287} INFO - Setting next_dagrun for example_branch_labels to 2021-09-20 00:00:00+00:00
[2021-09-22 10:36:31,837] {processor.py:170} INFO - Processing /home/airflow/.local/lib/python3.6/site-packages/airflow/example_dags/example_branch_labels.py took 0.076 seconds
[2021-09-22 10:38:11,013] {processor.py:162} INFO - Started process (PID=55) to work on /home/airflow/.local/lib/python3.6/site-packages/airflow/example_dags/example_branch_labels.py
[2021-09-22 10:38:11,027] {processor.py:613} INFO - Processing file /home/airflow/.local/lib/python3.6/site-packages/airflow/example_dags/example_branch_labels.py for tasks to queue
[2021-09-22 10:38:11,035] {logging_mixin.py:109} INFO - [2021-09-22 10:38:11,035] {dagbag.py:496} INFO - Filling up the DagBag from /home/airflow/.local/lib/python3.6/site-packages/airflow/example_dags/example_branch_labels.py
[2021-09-22 10:38:11,106] {processor.py:623} INFO - DAG(s) dict_keys(['example_branch_labels']) retrieved from /home/airflow/.local/lib/python3.6/site-packages/airflow/example_dags/example_branch_labels.py
[2021-09-22 10:38:11,327] {logging_mixin.py:109} INFO - [2021-09-22 10:38:11,327] {dag.py:1834} INFO - Sync 1 DAGs
[2021-09-22 10:38:11,408] {logging_mixin.py:109} INFO - [2021-09-22 10:38:11,408] {dag.py:2287} INFO - Setting next_dagrun for example_branch_labels to 2021-09-20 00:00:00+00:00
[2021-09-22 10:38:11,512] {processor.py:170} INFO - Processing /home/airflow/.local/lib/python3.6/site-packages/airflow/example_dags/example_branch_labels.py took 0.520 seconds
[2021-09-22 10:38:42,039] {processor.py:162} INFO - Started process (PID=99) to work on /home/airflow/.local/lib/python3.6/site-packages/airflow/example_dags/example_branch_labels.py
[2021-09-22 10:38:42,040] {processor.py:613} INFO - Processing file /home/airflow/.local/lib/python3.6/site-packages/airflow/example_dags/example_branch_labels.py for tasks to queue
[2021-09-22 10:38:42,041] {logging_mixin.py:109} INFO - [2021-09-22 10:38:42,041] {dagbag.py:496} INFO - Filling up the DagBag from /home/airflow/.local/lib/python3.6/site-packages/airflow/example_dags/example_branch_labels.py
[2021-09-22 10:38:42,077] {processor.py:623} INFO - DAG(s) dict_keys(['example_branch_labels']) retrieved from /home/airflow/.local/lib/python3.6/site-packages/airflow/example_dags/example_branch_labels.py
[2021-09-22 10:38:42,130] {logging_mixin.py:109} INFO - [2021-09-22 10:38:42,130] {dag.py:1834} INFO - Sync 1 DAGs
[2021-09-22 10:38:42,159] {logging_mixin.py:109} INFO - [2021-09-22 10:38:42,158] {dag.py:2287} INFO - Setting next_dagrun for example_branch_labels to 2021-09-20 00:00:00+00:00
[2021-09-22 10:38:42,179] {processor.py:170} INFO - Processing /home/airflow/.local/lib/python3.6/site-packages/airflow/example_dags/example_branch_labels.py took 0.146 seconds
[2021-09-22 10:41:35,835] {processor.py:162} INFO - Started process (PID=46) to work on /home/airflow/.local/lib/python3.6/site-packages/airflow/example_dags/example_branch_labels.py
[2021-09-22 10:41:35,841] {processor.py:613} INFO - Processing file /home/airflow/.local/lib/python3.6/site-packages/airflow/example_dags/example_branch_labels.py for tasks to queue
[2021-09-22 10:41:35,845] {logging_mixin.py:109} INFO - [2021-09-22 10:41:35,842] {dagbag.py:496} INFO - Filling up the DagBag from /home/airflow/.local/lib/python3.6/site-packages/airflow/example_dags/example_branch_labels.py
[2021-09-22 10:41:35,895] {processor.py:623} INFO - DAG(s) dict_keys(['example_branch_labels']) retrieved from /home/airflow/.local/lib/python3.6/site-packages/airflow/example_dags/example_branch_labels.py
[2021-09-22 10:41:35,990] {logging_mixin.py:109} INFO - [2021-09-22 10:41:35,990] {dag.py:1834} INFO - Sync 1 DAGs
[2021-09-22 10:41:36,061] {logging_mixin.py:109} INFO - [2021-09-22 10:41:36,061] {dag.py:2287} INFO - Setting next_dagrun for example_branch_labels to 2021-09-20 00:00:00+00:00
[2021-09-22 10:41:36,093] {processor.py:170} INFO - Processing /home/airflow/.local/lib/python3.6/site-packages/airflow/example_dags/example_branch_labels.py took 0.279 seconds
[2021-09-22 10:42:07,032] {processor.py:162} INFO - Started process (PID=97) to work on /home/airflow/.local/lib/python3.6/site-packages/airflow/example_dags/example_branch_labels.py
[2021-09-22 10:42:07,034] {processor.py:613} INFO - Processing file /home/airflow/.local/lib/python3.6/site-packages/airflow/example_dags/example_branch_labels.py for tasks to queue
[2021-09-22 10:42:07,035] {logging_mixin.py:109} INFO - [2021-09-22 10:42:07,035] {dagbag.py:496} INFO - Filling up the DagBag from /home/airflow/.local/lib/python3.6/site-packages/airflow/example_dags/example_branch_labels.py
[2021-09-22 10:42:07,059] {processor.py:623} INFO - DAG(s) dict_keys(['example_branch_labels']) retrieved from /home/airflow/.local/lib/python3.6/site-packages/airflow/example_dags/example_branch_labels.py
[2021-09-22 10:42:07,114] {logging_mixin.py:109} INFO - [2021-09-22 10:42:07,113] {dag.py:1834} INFO - Sync 1 DAGs
[2021-09-22 10:42:07,133] {logging_mixin.py:109} INFO - [2021-09-22 10:42:07,133] {dag.py:2287} INFO - Setting next_dagrun for example_branch_labels to 2021-09-20 00:00:00+00:00
[2021-09-22 10:42:07,144] {processor.py:170} INFO - Processing /home/airflow/.local/lib/python3.6/site-packages/airflow/example_dags/example_branch_labels.py took 0.115 seconds
[2021-09-22 10:42:37,871] {processor.py:162} INFO - Started process (PID=160) to work on /home/airflow/.local/lib/python3.6/site-packages/airflow/example_dags/example_branch_labels.py
[2021-09-22 10:42:37,876] {processor.py:613} INFO - Processing file /home/airflow/.local/lib/python3.6/site-packages/airflow/example_dags/example_branch_labels.py for tasks to queue
[2021-09-22 10:42:37,877] {logging_mixin.py:109} INFO - [2021-09-22 10:42:37,877] {dagbag.py:496} INFO - Filling up the DagBag from /home/airflow/.local/lib/python3.6/site-packages/airflow/example_dags/example_branch_labels.py
[2021-09-22 10:42:37,906] {processor.py:623} INFO - DAG(s) dict_keys(['example_branch_labels']) retrieved from /home/airflow/.local/lib/python3.6/site-packages/airflow/example_dags/example_branch_labels.py
[2021-09-22 10:42:37,937] {logging_mixin.py:109} INFO - [2021-09-22 10:42:37,937] {dag.py:1834} INFO - Sync 1 DAGs
[2021-09-22 10:42:37,960] {logging_mixin.py:109} INFO - [2021-09-22 10:42:37,960] {dag.py:2287} INFO - Setting next_dagrun for example_branch_labels to 2021-09-20 00:00:00+00:00
[2021-09-22 10:42:37,971] {processor.py:170} INFO - Processing /home/airflow/.local/lib/python3.6/site-packages/airflow/example_dags/example_branch_labels.py took 0.107 seconds
[2021-09-22 10:43:08,506] {processor.py:162} INFO - Started process (PID=212) to work on /home/airflow/.local/lib/python3.6/site-packages/airflow/example_dags/example_branch_labels.py
[2021-09-22 10:43:08,511] {processor.py:613} INFO - Processing file /home/airflow/.local/lib/python3.6/site-packages/airflow/example_dags/example_branch_labels.py for tasks to queue
[2021-09-22 10:43:08,511] {logging_mixin.py:109} INFO - [2021-09-22 10:43:08,511] {dagbag.py:496} INFO - Filling up the DagBag from /home/airflow/.local/lib/python3.6/site-packages/airflow/example_dags/example_branch_labels.py
[2021-09-22 10:43:08,532] {processor.py:623} INFO - DAG(s) dict_keys(['example_branch_labels']) retrieved from /home/airflow/.local/lib/python3.6/site-packages/airflow/example_dags/example_branch_labels.py
[2021-09-22 10:43:08,560] {logging_mixin.py:109} INFO - [2021-09-22 10:43:08,560] {dag.py:1834} INFO - Sync 1 DAGs
[2021-09-22 10:43:08,582] {logging_mixin.py:109} INFO - [2021-09-22 10:43:08,582] {dag.py:2287} INFO - Setting next_dagrun for example_branch_labels to 2021-09-20 00:00:00+00:00
[2021-09-22 10:43:08,593] {processor.py:170} INFO - Processing /home/airflow/.local/lib/python3.6/site-packages/airflow/example_dags/example_branch_labels.py took 0.094 seconds
[2021-09-22 10:43:38,620] {processor.py:162} INFO - Started process (PID=272) to work on /home/airflow/.local/lib/python3.6/site-packages/airflow/example_dags/example_branch_labels.py
[2021-09-22 10:43:38,622] {processor.py:613} INFO - Processing file /home/airflow/.local/lib/python3.6/site-packages/airflow/example_dags/example_branch_labels.py for tasks to queue
[2021-09-22 10:43:38,623] {logging_mixin.py:109} INFO - [2021-09-22 10:43:38,623] {dagbag.py:496} INFO - Filling up the DagBag from /home/airflow/.local/lib/python3.6/site-packages/airflow/example_dags/example_branch_labels.py
[2021-09-22 10:43:38,638] {processor.py:623} INFO - DAG(s) dict_keys(['example_branch_labels']) retrieved from /home/airflow/.local/lib/python3.6/site-packages/airflow/example_dags/example_branch_labels.py
[2021-09-22 10:43:38,665] {logging_mixin.py:109} INFO - [2021-09-22 10:43:38,665] {dag.py:1834} INFO - Sync 1 DAGs
[2021-09-22 10:43:38,688] {logging_mixin.py:109} INFO - [2021-09-22 10:43:38,687] {dag.py:2287} INFO - Setting next_dagrun for example_branch_labels to 2021-09-20 00:00:00+00:00
[2021-09-22 10:43:38,698] {processor.py:170} INFO - Processing /home/airflow/.local/lib/python3.6/site-packages/airflow/example_dags/example_branch_labels.py took 0.083 seconds
[2021-09-22 10:44:09,455] {processor.py:162} INFO - Started process (PID=324) to work on /home/airflow/.local/lib/python3.6/site-packages/airflow/example_dags/example_branch_labels.py
[2021-09-22 10:44:09,456] {processor.py:613} INFO - Processing file /home/airflow/.local/lib/python3.6/site-packages/airflow/example_dags/example_branch_labels.py for tasks to queue
[2021-09-22 10:44:09,457] {logging_mixin.py:109} INFO - [2021-09-22 10:44:09,457] {dagbag.py:496} INFO - Filling up the DagBag from /home/airflow/.local/lib/python3.6/site-packages/airflow/example_dags/example_branch_labels.py
[2021-09-22 10:44:09,478] {processor.py:623} INFO - DAG(s) dict_keys(['example_branch_labels']) retrieved from /home/airflow/.local/lib/python3.6/site-packages/airflow/example_dags/example_branch_labels.py
[2021-09-22 10:44:09,507] {logging_mixin.py:109} INFO - [2021-09-22 10:44:09,507] {dag.py:1834} INFO - Sync 1 DAGs
[2021-09-22 10:44:09,530] {logging_mixin.py:109} INFO - [2021-09-22 10:44:09,530] {dag.py:2287} INFO - Setting next_dagrun for example_branch_labels to 2021-09-20 00:00:00+00:00
[2021-09-22 10:44:09,542] {processor.py:170} INFO - Processing /home/airflow/.local/lib/python3.6/site-packages/airflow/example_dags/example_branch_labels.py took 0.092 seconds
