[2021-09-22 10:26:13,365] {processor.py:162} INFO - Started process (PID=100) to work on /home/airflow/.local/lib/python3.6/site-packages/airflow/example_dags/example_kubernetes_executor.py
[2021-09-22 10:26:13,366] {processor.py:613} INFO - Processing file /home/airflow/.local/lib/python3.6/site-packages/airflow/example_dags/example_kubernetes_executor.py for tasks to queue
[2021-09-22 10:26:13,367] {logging_mixin.py:109} INFO - [2021-09-22 10:26:13,367] {dagbag.py:496} INFO - Filling up the DagBag from /home/airflow/.local/lib/python3.6/site-packages/airflow/example_dags/example_kubernetes_executor.py
[2021-09-22 10:26:13,388] {processor.py:623} INFO - DAG(s) dict_keys(['example_kubernetes_executor']) retrieved from /home/airflow/.local/lib/python3.6/site-packages/airflow/example_dags/example_kubernetes_executor.py
[2021-09-22 10:26:18,427] {logging_mixin.py:109} INFO - [2021-09-22 10:26:18,425] {dag.py:1834} INFO - Sync 1 DAGs
[2021-09-22 10:26:18,441] {logging_mixin.py:109} INFO - [2021-09-22 10:26:18,440] {dag.py:1853} INFO - Creating ORM DAG for example_kubernetes_executor
[2021-09-22 10:26:18,446] {logging_mixin.py:109} INFO - [2021-09-22 10:26:18,446] {dag.py:2287} INFO - Setting next_dagrun for example_kubernetes_executor to None
[2021-09-22 10:26:18,463] {processor.py:170} INFO - Processing /home/airflow/.local/lib/python3.6/site-packages/airflow/example_dags/example_kubernetes_executor.py took 5.104 seconds
[2021-09-22 10:27:22,966] {processor.py:162} INFO - Started process (PID=214) to work on /home/airflow/.local/lib/python3.6/site-packages/airflow/example_dags/example_kubernetes_executor.py
[2021-09-22 10:27:22,992] {processor.py:613} INFO - Processing file /home/airflow/.local/lib/python3.6/site-packages/airflow/example_dags/example_kubernetes_executor.py for tasks to queue
[2021-09-22 10:27:22,993] {logging_mixin.py:109} INFO - [2021-09-22 10:27:22,993] {dagbag.py:496} INFO - Filling up the DagBag from /home/airflow/.local/lib/python3.6/site-packages/airflow/example_dags/example_kubernetes_executor.py
[2021-09-22 10:27:23,065] {processor.py:623} INFO - DAG(s) dict_keys(['example_kubernetes_executor']) retrieved from /home/airflow/.local/lib/python3.6/site-packages/airflow/example_dags/example_kubernetes_executor.py
[2021-09-22 10:27:23,250] {logging_mixin.py:109} INFO - [2021-09-22 10:27:23,250] {dag.py:1834} INFO - Sync 1 DAGs
[2021-09-22 10:27:23,308] {logging_mixin.py:109} INFO - [2021-09-22 10:27:23,308] {dag.py:2287} INFO - Setting next_dagrun for example_kubernetes_executor to None
[2021-09-22 10:27:23,411] {processor.py:170} INFO - Processing /home/airflow/.local/lib/python3.6/site-packages/airflow/example_dags/example_kubernetes_executor.py took 0.448 seconds
[2021-09-22 10:27:54,169] {processor.py:162} INFO - Started process (PID=274) to work on /home/airflow/.local/lib/python3.6/site-packages/airflow/example_dags/example_kubernetes_executor.py
[2021-09-22 10:27:54,185] {processor.py:613} INFO - Processing file /home/airflow/.local/lib/python3.6/site-packages/airflow/example_dags/example_kubernetes_executor.py for tasks to queue
[2021-09-22 10:27:54,186] {logging_mixin.py:109} INFO - [2021-09-22 10:27:54,186] {dagbag.py:496} INFO - Filling up the DagBag from /home/airflow/.local/lib/python3.6/site-packages/airflow/example_dags/example_kubernetes_executor.py
[2021-09-22 10:27:54,242] {processor.py:623} INFO - DAG(s) dict_keys(['example_kubernetes_executor']) retrieved from /home/airflow/.local/lib/python3.6/site-packages/airflow/example_dags/example_kubernetes_executor.py
[2021-09-22 10:27:54,368] {logging_mixin.py:109} INFO - [2021-09-22 10:27:54,368] {dag.py:1834} INFO - Sync 1 DAGs
[2021-09-22 10:27:54,439] {logging_mixin.py:109} INFO - [2021-09-22 10:27:54,439] {dag.py:2287} INFO - Setting next_dagrun for example_kubernetes_executor to None
[2021-09-22 10:27:54,497] {processor.py:170} INFO - Processing /home/airflow/.local/lib/python3.6/site-packages/airflow/example_dags/example_kubernetes_executor.py took 0.341 seconds
[2021-09-22 10:28:25,001] {processor.py:162} INFO - Started process (PID=325) to work on /home/airflow/.local/lib/python3.6/site-packages/airflow/example_dags/example_kubernetes_executor.py
[2021-09-22 10:28:25,003] {processor.py:613} INFO - Processing file /home/airflow/.local/lib/python3.6/site-packages/airflow/example_dags/example_kubernetes_executor.py for tasks to queue
[2021-09-22 10:28:25,004] {logging_mixin.py:109} INFO - [2021-09-22 10:28:25,004] {dagbag.py:496} INFO - Filling up the DagBag from /home/airflow/.local/lib/python3.6/site-packages/airflow/example_dags/example_kubernetes_executor.py
[2021-09-22 10:28:25,028] {processor.py:623} INFO - DAG(s) dict_keys(['example_kubernetes_executor']) retrieved from /home/airflow/.local/lib/python3.6/site-packages/airflow/example_dags/example_kubernetes_executor.py
[2021-09-22 10:28:25,091] {logging_mixin.py:109} INFO - [2021-09-22 10:28:25,091] {dag.py:1834} INFO - Sync 1 DAGs
[2021-09-22 10:28:25,116] {logging_mixin.py:109} INFO - [2021-09-22 10:28:25,116] {dag.py:2287} INFO - Setting next_dagrun for example_kubernetes_executor to None
[2021-09-22 10:28:25,134] {processor.py:170} INFO - Processing /home/airflow/.local/lib/python3.6/site-packages/airflow/example_dags/example_kubernetes_executor.py took 0.138 seconds
[2021-09-22 10:28:55,321] {processor.py:162} INFO - Started process (PID=375) to work on /home/airflow/.local/lib/python3.6/site-packages/airflow/example_dags/example_kubernetes_executor.py
[2021-09-22 10:28:55,322] {processor.py:613} INFO - Processing file /home/airflow/.local/lib/python3.6/site-packages/airflow/example_dags/example_kubernetes_executor.py for tasks to queue
[2021-09-22 10:28:55,323] {logging_mixin.py:109} INFO - [2021-09-22 10:28:55,323] {dagbag.py:496} INFO - Filling up the DagBag from /home/airflow/.local/lib/python3.6/site-packages/airflow/example_dags/example_kubernetes_executor.py
[2021-09-22 10:28:55,352] {processor.py:623} INFO - DAG(s) dict_keys(['example_kubernetes_executor']) retrieved from /home/airflow/.local/lib/python3.6/site-packages/airflow/example_dags/example_kubernetes_executor.py
[2021-09-22 10:28:55,388] {logging_mixin.py:109} INFO - [2021-09-22 10:28:55,388] {dag.py:1834} INFO - Sync 1 DAGs
[2021-09-22 10:28:55,414] {logging_mixin.py:109} INFO - [2021-09-22 10:28:55,414] {dag.py:2287} INFO - Setting next_dagrun for example_kubernetes_executor to None
[2021-09-22 10:28:55,438] {processor.py:170} INFO - Processing /home/airflow/.local/lib/python3.6/site-packages/airflow/example_dags/example_kubernetes_executor.py took 0.122 seconds
[2021-09-22 10:29:26,411] {processor.py:162} INFO - Started process (PID=435) to work on /home/airflow/.local/lib/python3.6/site-packages/airflow/example_dags/example_kubernetes_executor.py
[2021-09-22 10:29:26,430] {processor.py:613} INFO - Processing file /home/airflow/.local/lib/python3.6/site-packages/airflow/example_dags/example_kubernetes_executor.py for tasks to queue
[2021-09-22 10:29:26,431] {logging_mixin.py:109} INFO - [2021-09-22 10:29:26,431] {dagbag.py:496} INFO - Filling up the DagBag from /home/airflow/.local/lib/python3.6/site-packages/airflow/example_dags/example_kubernetes_executor.py
[2021-09-22 10:29:26,478] {processor.py:623} INFO - DAG(s) dict_keys(['example_kubernetes_executor']) retrieved from /home/airflow/.local/lib/python3.6/site-packages/airflow/example_dags/example_kubernetes_executor.py
[2021-09-22 10:29:26,599] {logging_mixin.py:109} INFO - [2021-09-22 10:29:26,599] {dag.py:1834} INFO - Sync 1 DAGs
[2021-09-22 10:29:26,668] {logging_mixin.py:109} INFO - [2021-09-22 10:29:26,668] {dag.py:2287} INFO - Setting next_dagrun for example_kubernetes_executor to None
[2021-09-22 10:29:26,716] {processor.py:170} INFO - Processing /home/airflow/.local/lib/python3.6/site-packages/airflow/example_dags/example_kubernetes_executor.py took 0.309 seconds
[2021-09-22 10:29:57,256] {processor.py:162} INFO - Started process (PID=486) to work on /home/airflow/.local/lib/python3.6/site-packages/airflow/example_dags/example_kubernetes_executor.py
[2021-09-22 10:29:57,258] {processor.py:613} INFO - Processing file /home/airflow/.local/lib/python3.6/site-packages/airflow/example_dags/example_kubernetes_executor.py for tasks to queue
[2021-09-22 10:29:57,258] {logging_mixin.py:109} INFO - [2021-09-22 10:29:57,258] {dagbag.py:496} INFO - Filling up the DagBag from /home/airflow/.local/lib/python3.6/site-packages/airflow/example_dags/example_kubernetes_executor.py
[2021-09-22 10:29:57,288] {processor.py:623} INFO - DAG(s) dict_keys(['example_kubernetes_executor']) retrieved from /home/airflow/.local/lib/python3.6/site-packages/airflow/example_dags/example_kubernetes_executor.py
[2021-09-22 10:29:57,346] {logging_mixin.py:109} INFO - [2021-09-22 10:29:57,346] {dag.py:1834} INFO - Sync 1 DAGs
[2021-09-22 10:29:57,396] {logging_mixin.py:109} INFO - [2021-09-22 10:29:57,396] {dag.py:2287} INFO - Setting next_dagrun for example_kubernetes_executor to None
[2021-09-22 10:29:57,424] {processor.py:170} INFO - Processing /home/airflow/.local/lib/python3.6/site-packages/airflow/example_dags/example_kubernetes_executor.py took 0.172 seconds
[2021-09-22 10:30:28,289] {processor.py:162} INFO - Started process (PID=546) to work on /home/airflow/.local/lib/python3.6/site-packages/airflow/example_dags/example_kubernetes_executor.py
[2021-09-22 10:30:28,296] {processor.py:613} INFO - Processing file /home/airflow/.local/lib/python3.6/site-packages/airflow/example_dags/example_kubernetes_executor.py for tasks to queue
[2021-09-22 10:30:28,308] {logging_mixin.py:109} INFO - [2021-09-22 10:30:28,297] {dagbag.py:496} INFO - Filling up the DagBag from /home/airflow/.local/lib/python3.6/site-packages/airflow/example_dags/example_kubernetes_executor.py
[2021-09-22 10:30:28,399] {processor.py:623} INFO - DAG(s) dict_keys(['example_kubernetes_executor']) retrieved from /home/airflow/.local/lib/python3.6/site-packages/airflow/example_dags/example_kubernetes_executor.py
[2021-09-22 10:30:28,446] {logging_mixin.py:109} INFO - [2021-09-22 10:30:28,446] {dag.py:1834} INFO - Sync 1 DAGs
[2021-09-22 10:30:28,471] {logging_mixin.py:109} INFO - [2021-09-22 10:30:28,470] {dag.py:2287} INFO - Setting next_dagrun for example_kubernetes_executor to None
[2021-09-22 10:30:28,527] {processor.py:170} INFO - Processing /home/airflow/.local/lib/python3.6/site-packages/airflow/example_dags/example_kubernetes_executor.py took 0.277 seconds
[2021-09-22 10:30:59,534] {processor.py:162} INFO - Started process (PID=602) to work on /home/airflow/.local/lib/python3.6/site-packages/airflow/example_dags/example_kubernetes_executor.py
[2021-09-22 10:30:59,535] {processor.py:613} INFO - Processing file /home/airflow/.local/lib/python3.6/site-packages/airflow/example_dags/example_kubernetes_executor.py for tasks to queue
[2021-09-22 10:30:59,536] {logging_mixin.py:109} INFO - [2021-09-22 10:30:59,536] {dagbag.py:496} INFO - Filling up the DagBag from /home/airflow/.local/lib/python3.6/site-packages/airflow/example_dags/example_kubernetes_executor.py
[2021-09-22 10:30:59,552] {processor.py:623} INFO - DAG(s) dict_keys(['example_kubernetes_executor']) retrieved from /home/airflow/.local/lib/python3.6/site-packages/airflow/example_dags/example_kubernetes_executor.py
[2021-09-22 10:30:59,578] {logging_mixin.py:109} INFO - [2021-09-22 10:30:59,578] {dag.py:1834} INFO - Sync 1 DAGs
[2021-09-22 10:30:59,595] {logging_mixin.py:109} INFO - [2021-09-22 10:30:59,595] {dag.py:2287} INFO - Setting next_dagrun for example_kubernetes_executor to None
[2021-09-22 10:30:59,609] {processor.py:170} INFO - Processing /home/airflow/.local/lib/python3.6/site-packages/airflow/example_dags/example_kubernetes_executor.py took 0.079 seconds
[2021-09-22 10:31:29,777] {processor.py:162} INFO - Started process (PID=654) to work on /home/airflow/.local/lib/python3.6/site-packages/airflow/example_dags/example_kubernetes_executor.py
[2021-09-22 10:31:29,778] {processor.py:613} INFO - Processing file /home/airflow/.local/lib/python3.6/site-packages/airflow/example_dags/example_kubernetes_executor.py for tasks to queue
[2021-09-22 10:31:29,779] {logging_mixin.py:109} INFO - [2021-09-22 10:31:29,779] {dagbag.py:496} INFO - Filling up the DagBag from /home/airflow/.local/lib/python3.6/site-packages/airflow/example_dags/example_kubernetes_executor.py
[2021-09-22 10:31:29,800] {processor.py:623} INFO - DAG(s) dict_keys(['example_kubernetes_executor']) retrieved from /home/airflow/.local/lib/python3.6/site-packages/airflow/example_dags/example_kubernetes_executor.py
[2021-09-22 10:31:29,829] {logging_mixin.py:109} INFO - [2021-09-22 10:31:29,829] {dag.py:1834} INFO - Sync 1 DAGs
[2021-09-22 10:31:29,851] {logging_mixin.py:109} INFO - [2021-09-22 10:31:29,851] {dag.py:2287} INFO - Setting next_dagrun for example_kubernetes_executor to None
[2021-09-22 10:31:29,862] {processor.py:170} INFO - Processing /home/airflow/.local/lib/python3.6/site-packages/airflow/example_dags/example_kubernetes_executor.py took 0.089 seconds
[2021-09-22 10:32:00,145] {processor.py:162} INFO - Started process (PID=716) to work on /home/airflow/.local/lib/python3.6/site-packages/airflow/example_dags/example_kubernetes_executor.py
[2021-09-22 10:32:00,152] {processor.py:613} INFO - Processing file /home/airflow/.local/lib/python3.6/site-packages/airflow/example_dags/example_kubernetes_executor.py for tasks to queue
[2021-09-22 10:32:00,153] {logging_mixin.py:109} INFO - [2021-09-22 10:32:00,153] {dagbag.py:496} INFO - Filling up the DagBag from /home/airflow/.local/lib/python3.6/site-packages/airflow/example_dags/example_kubernetes_executor.py
[2021-09-22 10:32:00,180] {processor.py:623} INFO - DAG(s) dict_keys(['example_kubernetes_executor']) retrieved from /home/airflow/.local/lib/python3.6/site-packages/airflow/example_dags/example_kubernetes_executor.py
[2021-09-22 10:32:00,240] {logging_mixin.py:109} INFO - [2021-09-22 10:32:00,240] {dag.py:1834} INFO - Sync 1 DAGs
[2021-09-22 10:32:00,283] {logging_mixin.py:109} INFO - [2021-09-22 10:32:00,283] {dag.py:2287} INFO - Setting next_dagrun for example_kubernetes_executor to None
[2021-09-22 10:32:00,317] {processor.py:170} INFO - Processing /home/airflow/.local/lib/python3.6/site-packages/airflow/example_dags/example_kubernetes_executor.py took 0.181 seconds
[2021-09-22 10:32:30,533] {processor.py:162} INFO - Started process (PID=768) to work on /home/airflow/.local/lib/python3.6/site-packages/airflow/example_dags/example_kubernetes_executor.py
[2021-09-22 10:32:30,535] {processor.py:613} INFO - Processing file /home/airflow/.local/lib/python3.6/site-packages/airflow/example_dags/example_kubernetes_executor.py for tasks to queue
[2021-09-22 10:32:30,535] {logging_mixin.py:109} INFO - [2021-09-22 10:32:30,535] {dagbag.py:496} INFO - Filling up the DagBag from /home/airflow/.local/lib/python3.6/site-packages/airflow/example_dags/example_kubernetes_executor.py
[2021-09-22 10:32:30,549] {processor.py:623} INFO - DAG(s) dict_keys(['example_kubernetes_executor']) retrieved from /home/airflow/.local/lib/python3.6/site-packages/airflow/example_dags/example_kubernetes_executor.py
[2021-09-22 10:32:30,574] {logging_mixin.py:109} INFO - [2021-09-22 10:32:30,574] {dag.py:1834} INFO - Sync 1 DAGs
[2021-09-22 10:32:30,590] {logging_mixin.py:109} INFO - [2021-09-22 10:32:30,590] {dag.py:2287} INFO - Setting next_dagrun for example_kubernetes_executor to None
[2021-09-22 10:32:30,600] {processor.py:170} INFO - Processing /home/airflow/.local/lib/python3.6/site-packages/airflow/example_dags/example_kubernetes_executor.py took 0.071 seconds
[2021-09-22 10:33:01,284] {processor.py:162} INFO - Started process (PID=828) to work on /home/airflow/.local/lib/python3.6/site-packages/airflow/example_dags/example_kubernetes_executor.py
[2021-09-22 10:33:01,286] {processor.py:613} INFO - Processing file /home/airflow/.local/lib/python3.6/site-packages/airflow/example_dags/example_kubernetes_executor.py for tasks to queue
[2021-09-22 10:33:01,287] {logging_mixin.py:109} INFO - [2021-09-22 10:33:01,286] {dagbag.py:496} INFO - Filling up the DagBag from /home/airflow/.local/lib/python3.6/site-packages/airflow/example_dags/example_kubernetes_executor.py
[2021-09-22 10:33:01,311] {processor.py:623} INFO - DAG(s) dict_keys(['example_kubernetes_executor']) retrieved from /home/airflow/.local/lib/python3.6/site-packages/airflow/example_dags/example_kubernetes_executor.py
[2021-09-22 10:33:01,348] {logging_mixin.py:109} INFO - [2021-09-22 10:33:01,348] {dag.py:1834} INFO - Sync 1 DAGs
[2021-09-22 10:33:01,370] {logging_mixin.py:109} INFO - [2021-09-22 10:33:01,370] {dag.py:2287} INFO - Setting next_dagrun for example_kubernetes_executor to None
[2021-09-22 10:33:01,382] {processor.py:170} INFO - Processing /home/airflow/.local/lib/python3.6/site-packages/airflow/example_dags/example_kubernetes_executor.py took 0.108 seconds
[2021-09-22 10:33:31,858] {processor.py:162} INFO - Started process (PID=880) to work on /home/airflow/.local/lib/python3.6/site-packages/airflow/example_dags/example_kubernetes_executor.py
[2021-09-22 10:33:31,866] {processor.py:613} INFO - Processing file /home/airflow/.local/lib/python3.6/site-packages/airflow/example_dags/example_kubernetes_executor.py for tasks to queue
[2021-09-22 10:33:31,866] {logging_mixin.py:109} INFO - [2021-09-22 10:33:31,866] {dagbag.py:496} INFO - Filling up the DagBag from /home/airflow/.local/lib/python3.6/site-packages/airflow/example_dags/example_kubernetes_executor.py
[2021-09-22 10:33:31,904] {processor.py:623} INFO - DAG(s) dict_keys(['example_kubernetes_executor']) retrieved from /home/airflow/.local/lib/python3.6/site-packages/airflow/example_dags/example_kubernetes_executor.py
[2021-09-22 10:33:31,936] {logging_mixin.py:109} INFO - [2021-09-22 10:33:31,936] {dag.py:1834} INFO - Sync 1 DAGs
[2021-09-22 10:33:31,955] {logging_mixin.py:109} INFO - [2021-09-22 10:33:31,955] {dag.py:2287} INFO - Setting next_dagrun for example_kubernetes_executor to None
[2021-09-22 10:33:31,982] {processor.py:170} INFO - Processing /home/airflow/.local/lib/python3.6/site-packages/airflow/example_dags/example_kubernetes_executor.py took 0.137 seconds
[2021-09-22 10:34:02,426] {processor.py:162} INFO - Started process (PID=940) to work on /home/airflow/.local/lib/python3.6/site-packages/airflow/example_dags/example_kubernetes_executor.py
[2021-09-22 10:34:02,431] {processor.py:613} INFO - Processing file /home/airflow/.local/lib/python3.6/site-packages/airflow/example_dags/example_kubernetes_executor.py for tasks to queue
[2021-09-22 10:34:02,433] {logging_mixin.py:109} INFO - [2021-09-22 10:34:02,432] {dagbag.py:496} INFO - Filling up the DagBag from /home/airflow/.local/lib/python3.6/site-packages/airflow/example_dags/example_kubernetes_executor.py
[2021-09-22 10:34:02,463] {processor.py:623} INFO - DAG(s) dict_keys(['example_kubernetes_executor']) retrieved from /home/airflow/.local/lib/python3.6/site-packages/airflow/example_dags/example_kubernetes_executor.py
[2021-09-22 10:34:02,505] {logging_mixin.py:109} INFO - [2021-09-22 10:34:02,505] {dag.py:1834} INFO - Sync 1 DAGs
[2021-09-22 10:34:02,525] {logging_mixin.py:109} INFO - [2021-09-22 10:34:02,525] {dag.py:2287} INFO - Setting next_dagrun for example_kubernetes_executor to None
[2021-09-22 10:34:02,548] {processor.py:170} INFO - Processing /home/airflow/.local/lib/python3.6/site-packages/airflow/example_dags/example_kubernetes_executor.py took 0.134 seconds
[2021-09-22 10:34:32,868] {processor.py:162} INFO - Started process (PID=991) to work on /home/airflow/.local/lib/python3.6/site-packages/airflow/example_dags/example_kubernetes_executor.py
[2021-09-22 10:34:32,869] {processor.py:613} INFO - Processing file /home/airflow/.local/lib/python3.6/site-packages/airflow/example_dags/example_kubernetes_executor.py for tasks to queue
[2021-09-22 10:34:32,870] {logging_mixin.py:109} INFO - [2021-09-22 10:34:32,869] {dagbag.py:496} INFO - Filling up the DagBag from /home/airflow/.local/lib/python3.6/site-packages/airflow/example_dags/example_kubernetes_executor.py
[2021-09-22 10:34:32,904] {processor.py:623} INFO - DAG(s) dict_keys(['example_kubernetes_executor']) retrieved from /home/airflow/.local/lib/python3.6/site-packages/airflow/example_dags/example_kubernetes_executor.py
[2021-09-22 10:34:32,948] {logging_mixin.py:109} INFO - [2021-09-22 10:34:32,947] {dag.py:1834} INFO - Sync 1 DAGs
[2021-09-22 10:34:32,981] {logging_mixin.py:109} INFO - [2021-09-22 10:34:32,980] {dag.py:2287} INFO - Setting next_dagrun for example_kubernetes_executor to None
[2021-09-22 10:34:32,994] {processor.py:170} INFO - Processing /home/airflow/.local/lib/python3.6/site-packages/airflow/example_dags/example_kubernetes_executor.py took 0.132 seconds
[2021-09-22 10:35:03,205] {processor.py:162} INFO - Started process (PID=1048) to work on /home/airflow/.local/lib/python3.6/site-packages/airflow/example_dags/example_kubernetes_executor.py
[2021-09-22 10:35:03,217] {processor.py:613} INFO - Processing file /home/airflow/.local/lib/python3.6/site-packages/airflow/example_dags/example_kubernetes_executor.py for tasks to queue
[2021-09-22 10:35:03,218] {logging_mixin.py:109} INFO - [2021-09-22 10:35:03,218] {dagbag.py:496} INFO - Filling up the DagBag from /home/airflow/.local/lib/python3.6/site-packages/airflow/example_dags/example_kubernetes_executor.py
[2021-09-22 10:35:03,310] {processor.py:623} INFO - DAG(s) dict_keys(['example_kubernetes_executor']) retrieved from /home/airflow/.local/lib/python3.6/site-packages/airflow/example_dags/example_kubernetes_executor.py
[2021-09-22 10:35:03,416] {logging_mixin.py:109} INFO - [2021-09-22 10:35:03,416] {dag.py:1834} INFO - Sync 1 DAGs
[2021-09-22 10:35:03,457] {logging_mixin.py:109} INFO - [2021-09-22 10:35:03,457] {dag.py:2287} INFO - Setting next_dagrun for example_kubernetes_executor to None
[2021-09-22 10:35:03,495] {processor.py:170} INFO - Processing /home/airflow/.local/lib/python3.6/site-packages/airflow/example_dags/example_kubernetes_executor.py took 0.299 seconds
[2021-09-22 10:35:34,045] {processor.py:162} INFO - Started process (PID=1103) to work on /home/airflow/.local/lib/python3.6/site-packages/airflow/example_dags/example_kubernetes_executor.py
[2021-09-22 10:35:34,052] {processor.py:613} INFO - Processing file /home/airflow/.local/lib/python3.6/site-packages/airflow/example_dags/example_kubernetes_executor.py for tasks to queue
[2021-09-22 10:35:34,053] {logging_mixin.py:109} INFO - [2021-09-22 10:35:34,053] {dagbag.py:496} INFO - Filling up the DagBag from /home/airflow/.local/lib/python3.6/site-packages/airflow/example_dags/example_kubernetes_executor.py
[2021-09-22 10:35:34,088] {processor.py:623} INFO - DAG(s) dict_keys(['example_kubernetes_executor']) retrieved from /home/airflow/.local/lib/python3.6/site-packages/airflow/example_dags/example_kubernetes_executor.py
[2021-09-22 10:35:34,180] {logging_mixin.py:109} INFO - [2021-09-22 10:35:34,180] {dag.py:1834} INFO - Sync 1 DAGs
[2021-09-22 10:35:34,205] {logging_mixin.py:109} INFO - [2021-09-22 10:35:34,205] {dag.py:2287} INFO - Setting next_dagrun for example_kubernetes_executor to None
[2021-09-22 10:35:34,228] {processor.py:170} INFO - Processing /home/airflow/.local/lib/python3.6/site-packages/airflow/example_dags/example_kubernetes_executor.py took 0.199 seconds
[2021-09-22 10:36:04,293] {processor.py:162} INFO - Started process (PID=1154) to work on /home/airflow/.local/lib/python3.6/site-packages/airflow/example_dags/example_kubernetes_executor.py
[2021-09-22 10:36:04,295] {processor.py:613} INFO - Processing file /home/airflow/.local/lib/python3.6/site-packages/airflow/example_dags/example_kubernetes_executor.py for tasks to queue
[2021-09-22 10:36:04,297] {logging_mixin.py:109} INFO - [2021-09-22 10:36:04,295] {dagbag.py:496} INFO - Filling up the DagBag from /home/airflow/.local/lib/python3.6/site-packages/airflow/example_dags/example_kubernetes_executor.py
[2021-09-22 10:36:04,328] {processor.py:623} INFO - DAG(s) dict_keys(['example_kubernetes_executor']) retrieved from /home/airflow/.local/lib/python3.6/site-packages/airflow/example_dags/example_kubernetes_executor.py
[2021-09-22 10:36:04,424] {logging_mixin.py:109} INFO - [2021-09-22 10:36:04,424] {dag.py:1834} INFO - Sync 1 DAGs
[2021-09-22 10:36:04,490] {logging_mixin.py:109} INFO - [2021-09-22 10:36:04,489] {dag.py:2287} INFO - Setting next_dagrun for example_kubernetes_executor to None
[2021-09-22 10:36:04,522] {processor.py:170} INFO - Processing /home/airflow/.local/lib/python3.6/site-packages/airflow/example_dags/example_kubernetes_executor.py took 0.234 seconds
[2021-09-22 10:36:35,090] {processor.py:162} INFO - Started process (PID=1215) to work on /home/airflow/.local/lib/python3.6/site-packages/airflow/example_dags/example_kubernetes_executor.py
[2021-09-22 10:36:35,091] {processor.py:613} INFO - Processing file /home/airflow/.local/lib/python3.6/site-packages/airflow/example_dags/example_kubernetes_executor.py for tasks to queue
[2021-09-22 10:36:35,092] {logging_mixin.py:109} INFO - [2021-09-22 10:36:35,092] {dagbag.py:496} INFO - Filling up the DagBag from /home/airflow/.local/lib/python3.6/site-packages/airflow/example_dags/example_kubernetes_executor.py
[2021-09-22 10:36:35,108] {processor.py:623} INFO - DAG(s) dict_keys(['example_kubernetes_executor']) retrieved from /home/airflow/.local/lib/python3.6/site-packages/airflow/example_dags/example_kubernetes_executor.py
[2021-09-22 10:36:35,138] {logging_mixin.py:109} INFO - [2021-09-22 10:36:35,138] {dag.py:1834} INFO - Sync 1 DAGs
[2021-09-22 10:36:35,155] {logging_mixin.py:109} INFO - [2021-09-22 10:36:35,155] {dag.py:2287} INFO - Setting next_dagrun for example_kubernetes_executor to None
[2021-09-22 10:36:35,166] {processor.py:170} INFO - Processing /home/airflow/.local/lib/python3.6/site-packages/airflow/example_dags/example_kubernetes_executor.py took 0.080 seconds
[2021-09-22 10:38:13,409] {processor.py:162} INFO - Started process (PID=63) to work on /home/airflow/.local/lib/python3.6/site-packages/airflow/example_dags/example_kubernetes_executor.py
[2021-09-22 10:38:13,417] {processor.py:613} INFO - Processing file /home/airflow/.local/lib/python3.6/site-packages/airflow/example_dags/example_kubernetes_executor.py for tasks to queue
[2021-09-22 10:38:13,420] {logging_mixin.py:109} INFO - [2021-09-22 10:38:13,418] {dagbag.py:496} INFO - Filling up the DagBag from /home/airflow/.local/lib/python3.6/site-packages/airflow/example_dags/example_kubernetes_executor.py
[2021-09-22 10:38:13,490] {processor.py:623} INFO - DAG(s) dict_keys(['example_kubernetes_executor']) retrieved from /home/airflow/.local/lib/python3.6/site-packages/airflow/example_dags/example_kubernetes_executor.py
[2021-09-22 10:38:13,842] {logging_mixin.py:109} INFO - [2021-09-22 10:38:13,842] {dag.py:1834} INFO - Sync 1 DAGs
[2021-09-22 10:38:13,998] {logging_mixin.py:109} INFO - [2021-09-22 10:38:13,998] {dag.py:2287} INFO - Setting next_dagrun for example_kubernetes_executor to None
[2021-09-22 10:38:14,131] {processor.py:170} INFO - Processing /home/airflow/.local/lib/python3.6/site-packages/airflow/example_dags/example_kubernetes_executor.py took 0.737 seconds
[2021-09-22 10:38:44,819] {processor.py:162} INFO - Started process (PID=111) to work on /home/airflow/.local/lib/python3.6/site-packages/airflow/example_dags/example_kubernetes_executor.py
[2021-09-22 10:38:44,834] {processor.py:613} INFO - Processing file /home/airflow/.local/lib/python3.6/site-packages/airflow/example_dags/example_kubernetes_executor.py for tasks to queue
[2021-09-22 10:38:44,840] {logging_mixin.py:109} INFO - [2021-09-22 10:38:44,839] {dagbag.py:496} INFO - Filling up the DagBag from /home/airflow/.local/lib/python3.6/site-packages/airflow/example_dags/example_kubernetes_executor.py
[2021-09-22 10:38:44,906] {processor.py:623} INFO - DAG(s) dict_keys(['example_kubernetes_executor']) retrieved from /home/airflow/.local/lib/python3.6/site-packages/airflow/example_dags/example_kubernetes_executor.py
[2021-09-22 10:38:44,965] {logging_mixin.py:109} INFO - [2021-09-22 10:38:44,965] {dag.py:1834} INFO - Sync 1 DAGs
[2021-09-22 10:38:45,003] {logging_mixin.py:109} INFO - [2021-09-22 10:38:45,003] {dag.py:2287} INFO - Setting next_dagrun for example_kubernetes_executor to None
[2021-09-22 10:38:45,030] {processor.py:170} INFO - Processing /home/airflow/.local/lib/python3.6/site-packages/airflow/example_dags/example_kubernetes_executor.py took 0.248 seconds
[2021-09-22 10:41:37,250] {processor.py:162} INFO - Started process (PID=52) to work on /home/airflow/.local/lib/python3.6/site-packages/airflow/example_dags/example_kubernetes_executor.py
[2021-09-22 10:41:37,256] {processor.py:613} INFO - Processing file /home/airflow/.local/lib/python3.6/site-packages/airflow/example_dags/example_kubernetes_executor.py for tasks to queue
[2021-09-22 10:41:37,257] {logging_mixin.py:109} INFO - [2021-09-22 10:41:37,257] {dagbag.py:496} INFO - Filling up the DagBag from /home/airflow/.local/lib/python3.6/site-packages/airflow/example_dags/example_kubernetes_executor.py
[2021-09-22 10:41:37,292] {processor.py:623} INFO - DAG(s) dict_keys(['example_kubernetes_executor']) retrieved from /home/airflow/.local/lib/python3.6/site-packages/airflow/example_dags/example_kubernetes_executor.py
[2021-09-22 10:41:37,358] {logging_mixin.py:109} INFO - [2021-09-22 10:41:37,358] {dag.py:1834} INFO - Sync 1 DAGs
[2021-09-22 10:41:37,390] {logging_mixin.py:109} INFO - [2021-09-22 10:41:37,390] {dag.py:2287} INFO - Setting next_dagrun for example_kubernetes_executor to None
[2021-09-22 10:41:37,414] {processor.py:170} INFO - Processing /home/airflow/.local/lib/python3.6/site-packages/airflow/example_dags/example_kubernetes_executor.py took 0.175 seconds
[2021-09-22 10:42:07,485] {processor.py:162} INFO - Started process (PID=103) to work on /home/airflow/.local/lib/python3.6/site-packages/airflow/example_dags/example_kubernetes_executor.py
[2021-09-22 10:42:07,486] {processor.py:613} INFO - Processing file /home/airflow/.local/lib/python3.6/site-packages/airflow/example_dags/example_kubernetes_executor.py for tasks to queue
[2021-09-22 10:42:07,487] {logging_mixin.py:109} INFO - [2021-09-22 10:42:07,487] {dagbag.py:496} INFO - Filling up the DagBag from /home/airflow/.local/lib/python3.6/site-packages/airflow/example_dags/example_kubernetes_executor.py
[2021-09-22 10:42:07,500] {processor.py:623} INFO - DAG(s) dict_keys(['example_kubernetes_executor']) retrieved from /home/airflow/.local/lib/python3.6/site-packages/airflow/example_dags/example_kubernetes_executor.py
[2021-09-22 10:42:07,522] {logging_mixin.py:109} INFO - [2021-09-22 10:42:07,522] {dag.py:1834} INFO - Sync 1 DAGs
[2021-09-22 10:42:07,534] {logging_mixin.py:109} INFO - [2021-09-22 10:42:07,534] {dag.py:2287} INFO - Setting next_dagrun for example_kubernetes_executor to None
[2021-09-22 10:42:07,544] {processor.py:170} INFO - Processing /home/airflow/.local/lib/python3.6/site-packages/airflow/example_dags/example_kubernetes_executor.py took 0.061 seconds
[2021-09-22 10:42:38,617] {processor.py:162} INFO - Started process (PID=166) to work on /home/airflow/.local/lib/python3.6/site-packages/airflow/example_dags/example_kubernetes_executor.py
[2021-09-22 10:42:38,622] {processor.py:613} INFO - Processing file /home/airflow/.local/lib/python3.6/site-packages/airflow/example_dags/example_kubernetes_executor.py for tasks to queue
[2021-09-22 10:42:38,623] {logging_mixin.py:109} INFO - [2021-09-22 10:42:38,623] {dagbag.py:496} INFO - Filling up the DagBag from /home/airflow/.local/lib/python3.6/site-packages/airflow/example_dags/example_kubernetes_executor.py
[2021-09-22 10:42:38,658] {processor.py:623} INFO - DAG(s) dict_keys(['example_kubernetes_executor']) retrieved from /home/airflow/.local/lib/python3.6/site-packages/airflow/example_dags/example_kubernetes_executor.py
[2021-09-22 10:42:38,705] {logging_mixin.py:109} INFO - [2021-09-22 10:42:38,704] {dag.py:1834} INFO - Sync 1 DAGs
[2021-09-22 10:42:38,726] {logging_mixin.py:109} INFO - [2021-09-22 10:42:38,725] {dag.py:2287} INFO - Setting next_dagrun for example_kubernetes_executor to None
[2021-09-22 10:42:38,740] {processor.py:170} INFO - Processing /home/airflow/.local/lib/python3.6/site-packages/airflow/example_dags/example_kubernetes_executor.py took 0.127 seconds
[2021-09-22 10:43:09,271] {processor.py:162} INFO - Started process (PID=218) to work on /home/airflow/.local/lib/python3.6/site-packages/airflow/example_dags/example_kubernetes_executor.py
[2021-09-22 10:43:09,273] {processor.py:613} INFO - Processing file /home/airflow/.local/lib/python3.6/site-packages/airflow/example_dags/example_kubernetes_executor.py for tasks to queue
[2021-09-22 10:43:09,273] {logging_mixin.py:109} INFO - [2021-09-22 10:43:09,273] {dagbag.py:496} INFO - Filling up the DagBag from /home/airflow/.local/lib/python3.6/site-packages/airflow/example_dags/example_kubernetes_executor.py
[2021-09-22 10:43:09,306] {processor.py:623} INFO - DAG(s) dict_keys(['example_kubernetes_executor']) retrieved from /home/airflow/.local/lib/python3.6/site-packages/airflow/example_dags/example_kubernetes_executor.py
[2021-09-22 10:43:09,352] {logging_mixin.py:109} INFO - [2021-09-22 10:43:09,352] {dag.py:1834} INFO - Sync 1 DAGs
[2021-09-22 10:43:09,386] {logging_mixin.py:109} INFO - [2021-09-22 10:43:09,386] {dag.py:2287} INFO - Setting next_dagrun for example_kubernetes_executor to None
[2021-09-22 10:43:09,417] {processor.py:170} INFO - Processing /home/airflow/.local/lib/python3.6/site-packages/airflow/example_dags/example_kubernetes_executor.py took 0.151 seconds
[2021-09-22 10:43:40,168] {processor.py:162} INFO - Started process (PID=279) to work on /home/airflow/.local/lib/python3.6/site-packages/airflow/example_dags/example_kubernetes_executor.py
[2021-09-22 10:43:40,170] {processor.py:613} INFO - Processing file /home/airflow/.local/lib/python3.6/site-packages/airflow/example_dags/example_kubernetes_executor.py for tasks to queue
[2021-09-22 10:43:40,171] {logging_mixin.py:109} INFO - [2021-09-22 10:43:40,171] {dagbag.py:496} INFO - Filling up the DagBag from /home/airflow/.local/lib/python3.6/site-packages/airflow/example_dags/example_kubernetes_executor.py
[2021-09-22 10:43:40,186] {processor.py:623} INFO - DAG(s) dict_keys(['example_kubernetes_executor']) retrieved from /home/airflow/.local/lib/python3.6/site-packages/airflow/example_dags/example_kubernetes_executor.py
[2021-09-22 10:43:40,237] {logging_mixin.py:109} INFO - [2021-09-22 10:43:40,237] {dag.py:1834} INFO - Sync 1 DAGs
[2021-09-22 10:43:40,254] {logging_mixin.py:109} INFO - [2021-09-22 10:43:40,254] {dag.py:2287} INFO - Setting next_dagrun for example_kubernetes_executor to None
[2021-09-22 10:43:40,266] {processor.py:170} INFO - Processing /home/airflow/.local/lib/python3.6/site-packages/airflow/example_dags/example_kubernetes_executor.py took 0.102 seconds
[2021-09-22 10:44:10,995] {processor.py:162} INFO - Started process (PID=330) to work on /home/airflow/.local/lib/python3.6/site-packages/airflow/example_dags/example_kubernetes_executor.py
[2021-09-22 10:44:10,997] {processor.py:613} INFO - Processing file /home/airflow/.local/lib/python3.6/site-packages/airflow/example_dags/example_kubernetes_executor.py for tasks to queue
[2021-09-22 10:44:10,997] {logging_mixin.py:109} INFO - [2021-09-22 10:44:10,997] {dagbag.py:496} INFO - Filling up the DagBag from /home/airflow/.local/lib/python3.6/site-packages/airflow/example_dags/example_kubernetes_executor.py
[2021-09-22 10:44:11,014] {processor.py:623} INFO - DAG(s) dict_keys(['example_kubernetes_executor']) retrieved from /home/airflow/.local/lib/python3.6/site-packages/airflow/example_dags/example_kubernetes_executor.py
[2021-09-22 10:44:11,058] {logging_mixin.py:109} INFO - [2021-09-22 10:44:11,057] {dag.py:1834} INFO - Sync 1 DAGs
[2021-09-22 10:44:11,079] {logging_mixin.py:109} INFO - [2021-09-22 10:44:11,079] {dag.py:2287} INFO - Setting next_dagrun for example_kubernetes_executor to None
[2021-09-22 10:44:11,105] {processor.py:170} INFO - Processing /home/airflow/.local/lib/python3.6/site-packages/airflow/example_dags/example_kubernetes_executor.py took 0.114 seconds
