[2021-09-22 10:26:44,302] {processor.py:162} INFO - Started process (PID=161) to work on /home/airflow/.local/lib/python3.6/site-packages/airflow/example_dags/example_trigger_target_dag.py
[2021-09-22 10:26:44,305] {processor.py:613} INFO - Processing file /home/airflow/.local/lib/python3.6/site-packages/airflow/example_dags/example_trigger_target_dag.py for tasks to queue
[2021-09-22 10:26:44,306] {logging_mixin.py:109} INFO - [2021-09-22 10:26:44,306] {dagbag.py:496} INFO - Filling up the DagBag from /home/airflow/.local/lib/python3.6/site-packages/airflow/example_dags/example_trigger_target_dag.py
[2021-09-22 10:26:44,352] {processor.py:623} INFO - DAG(s) dict_keys(['example_trigger_target_dag']) retrieved from /home/airflow/.local/lib/python3.6/site-packages/airflow/example_dags/example_trigger_target_dag.py
[2021-09-22 10:26:48,653] {logging_mixin.py:109} INFO - [2021-09-22 10:26:48,651] {dag.py:1834} INFO - Sync 1 DAGs
[2021-09-22 10:26:48,691] {logging_mixin.py:109} INFO - [2021-09-22 10:26:48,689] {dag.py:1853} INFO - Creating ORM DAG for example_trigger_target_dag
[2021-09-22 10:26:48,700] {logging_mixin.py:109} INFO - [2021-09-22 10:26:48,699] {dag.py:2287} INFO - Setting next_dagrun for example_trigger_target_dag to None
[2021-09-22 10:26:48,761] {processor.py:170} INFO - Processing /home/airflow/.local/lib/python3.6/site-packages/airflow/example_dags/example_trigger_target_dag.py took 4.472 seconds
[2021-09-22 10:27:25,635] {processor.py:162} INFO - Started process (PID=236) to work on /home/airflow/.local/lib/python3.6/site-packages/airflow/example_dags/example_trigger_target_dag.py
[2021-09-22 10:27:25,654] {processor.py:613} INFO - Processing file /home/airflow/.local/lib/python3.6/site-packages/airflow/example_dags/example_trigger_target_dag.py for tasks to queue
[2021-09-22 10:27:25,655] {logging_mixin.py:109} INFO - [2021-09-22 10:27:25,655] {dagbag.py:496} INFO - Filling up the DagBag from /home/airflow/.local/lib/python3.6/site-packages/airflow/example_dags/example_trigger_target_dag.py
[2021-09-22 10:27:25,708] {processor.py:623} INFO - DAG(s) dict_keys(['example_trigger_target_dag']) retrieved from /home/airflow/.local/lib/python3.6/site-packages/airflow/example_dags/example_trigger_target_dag.py
[2021-09-22 10:27:25,817] {logging_mixin.py:109} INFO - [2021-09-22 10:27:25,817] {dag.py:1834} INFO - Sync 1 DAGs
[2021-09-22 10:27:25,873] {logging_mixin.py:109} INFO - [2021-09-22 10:27:25,873] {dag.py:2287} INFO - Setting next_dagrun for example_trigger_target_dag to None
[2021-09-22 10:27:25,958] {processor.py:170} INFO - Processing /home/airflow/.local/lib/python3.6/site-packages/airflow/example_dags/example_trigger_target_dag.py took 0.327 seconds
[2021-09-22 10:27:56,923] {processor.py:162} INFO - Started process (PID=287) to work on /home/airflow/.local/lib/python3.6/site-packages/airflow/example_dags/example_trigger_target_dag.py
[2021-09-22 10:27:56,925] {processor.py:613} INFO - Processing file /home/airflow/.local/lib/python3.6/site-packages/airflow/example_dags/example_trigger_target_dag.py for tasks to queue
[2021-09-22 10:27:56,926] {logging_mixin.py:109} INFO - [2021-09-22 10:27:56,925] {dagbag.py:496} INFO - Filling up the DagBag from /home/airflow/.local/lib/python3.6/site-packages/airflow/example_dags/example_trigger_target_dag.py
[2021-09-22 10:27:56,942] {processor.py:623} INFO - DAG(s) dict_keys(['example_trigger_target_dag']) retrieved from /home/airflow/.local/lib/python3.6/site-packages/airflow/example_dags/example_trigger_target_dag.py
[2021-09-22 10:27:56,976] {logging_mixin.py:109} INFO - [2021-09-22 10:27:56,975] {dag.py:1834} INFO - Sync 1 DAGs
[2021-09-22 10:27:56,996] {logging_mixin.py:109} INFO - [2021-09-22 10:27:56,996] {dag.py:2287} INFO - Setting next_dagrun for example_trigger_target_dag to None
[2021-09-22 10:27:57,011] {processor.py:170} INFO - Processing /home/airflow/.local/lib/python3.6/site-packages/airflow/example_dags/example_trigger_target_dag.py took 0.092 seconds
[2021-09-22 10:28:27,176] {processor.py:162} INFO - Started process (PID=337) to work on /home/airflow/.local/lib/python3.6/site-packages/airflow/example_dags/example_trigger_target_dag.py
[2021-09-22 10:28:27,181] {processor.py:613} INFO - Processing file /home/airflow/.local/lib/python3.6/site-packages/airflow/example_dags/example_trigger_target_dag.py for tasks to queue
[2021-09-22 10:28:27,182] {logging_mixin.py:109} INFO - [2021-09-22 10:28:27,182] {dagbag.py:496} INFO - Filling up the DagBag from /home/airflow/.local/lib/python3.6/site-packages/airflow/example_dags/example_trigger_target_dag.py
[2021-09-22 10:28:27,200] {processor.py:623} INFO - DAG(s) dict_keys(['example_trigger_target_dag']) retrieved from /home/airflow/.local/lib/python3.6/site-packages/airflow/example_dags/example_trigger_target_dag.py
[2021-09-22 10:28:27,231] {logging_mixin.py:109} INFO - [2021-09-22 10:28:27,231] {dag.py:1834} INFO - Sync 1 DAGs
[2021-09-22 10:28:27,249] {logging_mixin.py:109} INFO - [2021-09-22 10:28:27,249] {dag.py:2287} INFO - Setting next_dagrun for example_trigger_target_dag to None
[2021-09-22 10:28:27,260] {processor.py:170} INFO - Processing /home/airflow/.local/lib/python3.6/site-packages/airflow/example_dags/example_trigger_target_dag.py took 0.088 seconds
[2021-09-22 10:28:59,290] {processor.py:162} INFO - Started process (PID=399) to work on /home/airflow/.local/lib/python3.6/site-packages/airflow/example_dags/example_trigger_target_dag.py
[2021-09-22 10:28:59,291] {processor.py:613} INFO - Processing file /home/airflow/.local/lib/python3.6/site-packages/airflow/example_dags/example_trigger_target_dag.py for tasks to queue
[2021-09-22 10:28:59,294] {logging_mixin.py:109} INFO - [2021-09-22 10:28:59,294] {dagbag.py:496} INFO - Filling up the DagBag from /home/airflow/.local/lib/python3.6/site-packages/airflow/example_dags/example_trigger_target_dag.py
[2021-09-22 10:28:59,333] {processor.py:623} INFO - DAG(s) dict_keys(['example_trigger_target_dag']) retrieved from /home/airflow/.local/lib/python3.6/site-packages/airflow/example_dags/example_trigger_target_dag.py
[2021-09-22 10:28:59,498] {logging_mixin.py:109} INFO - [2021-09-22 10:28:59,498] {dag.py:1834} INFO - Sync 1 DAGs
[2021-09-22 10:28:59,535] {logging_mixin.py:109} INFO - [2021-09-22 10:28:59,535] {dag.py:2287} INFO - Setting next_dagrun for example_trigger_target_dag to None
[2021-09-22 10:28:59,573] {processor.py:170} INFO - Processing /home/airflow/.local/lib/python3.6/site-packages/airflow/example_dags/example_trigger_target_dag.py took 0.293 seconds
[2021-09-22 10:29:29,816] {processor.py:162} INFO - Started process (PID=448) to work on /home/airflow/.local/lib/python3.6/site-packages/airflow/example_dags/example_trigger_target_dag.py
[2021-09-22 10:29:29,817] {processor.py:613} INFO - Processing file /home/airflow/.local/lib/python3.6/site-packages/airflow/example_dags/example_trigger_target_dag.py for tasks to queue
[2021-09-22 10:29:29,818] {logging_mixin.py:109} INFO - [2021-09-22 10:29:29,818] {dagbag.py:496} INFO - Filling up the DagBag from /home/airflow/.local/lib/python3.6/site-packages/airflow/example_dags/example_trigger_target_dag.py
[2021-09-22 10:29:29,835] {processor.py:623} INFO - DAG(s) dict_keys(['example_trigger_target_dag']) retrieved from /home/airflow/.local/lib/python3.6/site-packages/airflow/example_dags/example_trigger_target_dag.py
[2021-09-22 10:29:29,856] {logging_mixin.py:109} INFO - [2021-09-22 10:29:29,856] {dag.py:1834} INFO - Sync 1 DAGs
[2021-09-22 10:29:29,868] {logging_mixin.py:109} INFO - [2021-09-22 10:29:29,868] {dag.py:2287} INFO - Setting next_dagrun for example_trigger_target_dag to None
[2021-09-22 10:29:29,876] {processor.py:170} INFO - Processing /home/airflow/.local/lib/python3.6/site-packages/airflow/example_dags/example_trigger_target_dag.py took 0.063 seconds
[2021-09-22 10:30:00,409] {processor.py:162} INFO - Started process (PID=499) to work on /home/airflow/.local/lib/python3.6/site-packages/airflow/example_dags/example_trigger_target_dag.py
[2021-09-22 10:30:00,411] {processor.py:613} INFO - Processing file /home/airflow/.local/lib/python3.6/site-packages/airflow/example_dags/example_trigger_target_dag.py for tasks to queue
[2021-09-22 10:30:00,411] {logging_mixin.py:109} INFO - [2021-09-22 10:30:00,411] {dagbag.py:496} INFO - Filling up the DagBag from /home/airflow/.local/lib/python3.6/site-packages/airflow/example_dags/example_trigger_target_dag.py
[2021-09-22 10:30:00,425] {processor.py:623} INFO - DAG(s) dict_keys(['example_trigger_target_dag']) retrieved from /home/airflow/.local/lib/python3.6/site-packages/airflow/example_dags/example_trigger_target_dag.py
[2021-09-22 10:30:00,446] {logging_mixin.py:109} INFO - [2021-09-22 10:30:00,446] {dag.py:1834} INFO - Sync 1 DAGs
[2021-09-22 10:30:00,459] {logging_mixin.py:109} INFO - [2021-09-22 10:30:00,459] {dag.py:2287} INFO - Setting next_dagrun for example_trigger_target_dag to None
[2021-09-22 10:30:00,469] {processor.py:170} INFO - Processing /home/airflow/.local/lib/python3.6/site-packages/airflow/example_dags/example_trigger_target_dag.py took 0.062 seconds
[2021-09-22 10:30:30,959] {processor.py:162} INFO - Started process (PID=562) to work on /home/airflow/.local/lib/python3.6/site-packages/airflow/example_dags/example_trigger_target_dag.py
[2021-09-22 10:30:30,963] {processor.py:613} INFO - Processing file /home/airflow/.local/lib/python3.6/site-packages/airflow/example_dags/example_trigger_target_dag.py for tasks to queue
[2021-09-22 10:30:30,964] {logging_mixin.py:109} INFO - [2021-09-22 10:30:30,964] {dagbag.py:496} INFO - Filling up the DagBag from /home/airflow/.local/lib/python3.6/site-packages/airflow/example_dags/example_trigger_target_dag.py
[2021-09-22 10:30:31,024] {processor.py:623} INFO - DAG(s) dict_keys(['example_trigger_target_dag']) retrieved from /home/airflow/.local/lib/python3.6/site-packages/airflow/example_dags/example_trigger_target_dag.py
[2021-09-22 10:30:31,106] {logging_mixin.py:109} INFO - [2021-09-22 10:30:31,106] {dag.py:1834} INFO - Sync 1 DAGs
[2021-09-22 10:30:31,171] {logging_mixin.py:109} INFO - [2021-09-22 10:30:31,171] {dag.py:2287} INFO - Setting next_dagrun for example_trigger_target_dag to None
[2021-09-22 10:30:31,228] {processor.py:170} INFO - Processing /home/airflow/.local/lib/python3.6/site-packages/airflow/example_dags/example_trigger_target_dag.py took 0.284 seconds
[2021-09-22 10:31:01,835] {processor.py:162} INFO - Started process (PID=615) to work on /home/airflow/.local/lib/python3.6/site-packages/airflow/example_dags/example_trigger_target_dag.py
[2021-09-22 10:31:01,843] {processor.py:613} INFO - Processing file /home/airflow/.local/lib/python3.6/site-packages/airflow/example_dags/example_trigger_target_dag.py for tasks to queue
[2021-09-22 10:31:01,856] {logging_mixin.py:109} INFO - [2021-09-22 10:31:01,854] {dagbag.py:496} INFO - Filling up the DagBag from /home/airflow/.local/lib/python3.6/site-packages/airflow/example_dags/example_trigger_target_dag.py
[2021-09-22 10:31:01,878] {processor.py:623} INFO - DAG(s) dict_keys(['example_trigger_target_dag']) retrieved from /home/airflow/.local/lib/python3.6/site-packages/airflow/example_dags/example_trigger_target_dag.py
[2021-09-22 10:31:01,915] {logging_mixin.py:109} INFO - [2021-09-22 10:31:01,915] {dag.py:1834} INFO - Sync 1 DAGs
[2021-09-22 10:31:01,964] {logging_mixin.py:109} INFO - [2021-09-22 10:31:01,964] {dag.py:2287} INFO - Setting next_dagrun for example_trigger_target_dag to None
[2021-09-22 10:31:01,984] {processor.py:170} INFO - Processing /home/airflow/.local/lib/python3.6/site-packages/airflow/example_dags/example_trigger_target_dag.py took 0.154 seconds
[2021-09-22 10:31:32,194] {processor.py:162} INFO - Started process (PID=677) to work on /home/airflow/.local/lib/python3.6/site-packages/airflow/example_dags/example_trigger_target_dag.py
[2021-09-22 10:31:32,195] {processor.py:613} INFO - Processing file /home/airflow/.local/lib/python3.6/site-packages/airflow/example_dags/example_trigger_target_dag.py for tasks to queue
[2021-09-22 10:31:32,196] {logging_mixin.py:109} INFO - [2021-09-22 10:31:32,196] {dagbag.py:496} INFO - Filling up the DagBag from /home/airflow/.local/lib/python3.6/site-packages/airflow/example_dags/example_trigger_target_dag.py
[2021-09-22 10:31:32,258] {processor.py:623} INFO - DAG(s) dict_keys(['example_trigger_target_dag']) retrieved from /home/airflow/.local/lib/python3.6/site-packages/airflow/example_dags/example_trigger_target_dag.py
[2021-09-22 10:31:32,328] {logging_mixin.py:109} INFO - [2021-09-22 10:31:32,328] {dag.py:1834} INFO - Sync 1 DAGs
[2021-09-22 10:31:32,351] {logging_mixin.py:109} INFO - [2021-09-22 10:31:32,351] {dag.py:2287} INFO - Setting next_dagrun for example_trigger_target_dag to None
[2021-09-22 10:31:32,365] {processor.py:170} INFO - Processing /home/airflow/.local/lib/python3.6/site-packages/airflow/example_dags/example_trigger_target_dag.py took 0.182 seconds
[2021-09-22 10:32:02,735] {processor.py:162} INFO - Started process (PID=729) to work on /home/airflow/.local/lib/python3.6/site-packages/airflow/example_dags/example_trigger_target_dag.py
[2021-09-22 10:32:02,738] {processor.py:613} INFO - Processing file /home/airflow/.local/lib/python3.6/site-packages/airflow/example_dags/example_trigger_target_dag.py for tasks to queue
[2021-09-22 10:32:02,739] {logging_mixin.py:109} INFO - [2021-09-22 10:32:02,739] {dagbag.py:496} INFO - Filling up the DagBag from /home/airflow/.local/lib/python3.6/site-packages/airflow/example_dags/example_trigger_target_dag.py
[2021-09-22 10:32:02,794] {processor.py:623} INFO - DAG(s) dict_keys(['example_trigger_target_dag']) retrieved from /home/airflow/.local/lib/python3.6/site-packages/airflow/example_dags/example_trigger_target_dag.py
[2021-09-22 10:32:02,888] {logging_mixin.py:109} INFO - [2021-09-22 10:32:02,888] {dag.py:1834} INFO - Sync 1 DAGs
[2021-09-22 10:32:02,908] {logging_mixin.py:109} INFO - [2021-09-22 10:32:02,908] {dag.py:2287} INFO - Setting next_dagrun for example_trigger_target_dag to None
[2021-09-22 10:32:02,926] {processor.py:170} INFO - Processing /home/airflow/.local/lib/python3.6/site-packages/airflow/example_dags/example_trigger_target_dag.py took 0.202 seconds
[2021-09-22 10:32:33,836] {processor.py:162} INFO - Started process (PID=791) to work on /home/airflow/.local/lib/python3.6/site-packages/airflow/example_dags/example_trigger_target_dag.py
[2021-09-22 10:32:33,838] {processor.py:613} INFO - Processing file /home/airflow/.local/lib/python3.6/site-packages/airflow/example_dags/example_trigger_target_dag.py for tasks to queue
[2021-09-22 10:32:33,842] {logging_mixin.py:109} INFO - [2021-09-22 10:32:33,841] {dagbag.py:496} INFO - Filling up the DagBag from /home/airflow/.local/lib/python3.6/site-packages/airflow/example_dags/example_trigger_target_dag.py
[2021-09-22 10:32:33,880] {processor.py:623} INFO - DAG(s) dict_keys(['example_trigger_target_dag']) retrieved from /home/airflow/.local/lib/python3.6/site-packages/airflow/example_dags/example_trigger_target_dag.py
[2021-09-22 10:32:33,920] {logging_mixin.py:109} INFO - [2021-09-22 10:32:33,920] {dag.py:1834} INFO - Sync 1 DAGs
[2021-09-22 10:32:33,938] {logging_mixin.py:109} INFO - [2021-09-22 10:32:33,938] {dag.py:2287} INFO - Setting next_dagrun for example_trigger_target_dag to None
[2021-09-22 10:32:33,949] {processor.py:170} INFO - Processing /home/airflow/.local/lib/python3.6/site-packages/airflow/example_dags/example_trigger_target_dag.py took 0.124 seconds
[2021-09-22 10:33:04,655] {processor.py:162} INFO - Started process (PID=842) to work on /home/airflow/.local/lib/python3.6/site-packages/airflow/example_dags/example_trigger_target_dag.py
[2021-09-22 10:33:04,659] {processor.py:613} INFO - Processing file /home/airflow/.local/lib/python3.6/site-packages/airflow/example_dags/example_trigger_target_dag.py for tasks to queue
[2021-09-22 10:33:04,659] {logging_mixin.py:109} INFO - [2021-09-22 10:33:04,659] {dagbag.py:496} INFO - Filling up the DagBag from /home/airflow/.local/lib/python3.6/site-packages/airflow/example_dags/example_trigger_target_dag.py
[2021-09-22 10:33:04,686] {processor.py:623} INFO - DAG(s) dict_keys(['example_trigger_target_dag']) retrieved from /home/airflow/.local/lib/python3.6/site-packages/airflow/example_dags/example_trigger_target_dag.py
[2021-09-22 10:33:04,715] {logging_mixin.py:109} INFO - [2021-09-22 10:33:04,715] {dag.py:1834} INFO - Sync 1 DAGs
[2021-09-22 10:33:04,735] {logging_mixin.py:109} INFO - [2021-09-22 10:33:04,735] {dag.py:2287} INFO - Setting next_dagrun for example_trigger_target_dag to None
[2021-09-22 10:33:04,768] {processor.py:170} INFO - Processing /home/airflow/.local/lib/python3.6/site-packages/airflow/example_dags/example_trigger_target_dag.py took 0.120 seconds
[2021-09-22 10:33:35,187] {processor.py:162} INFO - Started process (PID=904) to work on /home/airflow/.local/lib/python3.6/site-packages/airflow/example_dags/example_trigger_target_dag.py
[2021-09-22 10:33:35,190] {processor.py:613} INFO - Processing file /home/airflow/.local/lib/python3.6/site-packages/airflow/example_dags/example_trigger_target_dag.py for tasks to queue
[2021-09-22 10:33:35,191] {logging_mixin.py:109} INFO - [2021-09-22 10:33:35,191] {dagbag.py:496} INFO - Filling up the DagBag from /home/airflow/.local/lib/python3.6/site-packages/airflow/example_dags/example_trigger_target_dag.py
[2021-09-22 10:33:35,212] {processor.py:623} INFO - DAG(s) dict_keys(['example_trigger_target_dag']) retrieved from /home/airflow/.local/lib/python3.6/site-packages/airflow/example_dags/example_trigger_target_dag.py
[2021-09-22 10:33:35,238] {logging_mixin.py:109} INFO - [2021-09-22 10:33:35,238] {dag.py:1834} INFO - Sync 1 DAGs
[2021-09-22 10:33:35,257] {logging_mixin.py:109} INFO - [2021-09-22 10:33:35,256] {dag.py:2287} INFO - Setting next_dagrun for example_trigger_target_dag to None
[2021-09-22 10:33:35,268] {processor.py:170} INFO - Processing /home/airflow/.local/lib/python3.6/site-packages/airflow/example_dags/example_trigger_target_dag.py took 0.085 seconds
[2021-09-22 10:34:05,822] {processor.py:162} INFO - Started process (PID=955) to work on /home/airflow/.local/lib/python3.6/site-packages/airflow/example_dags/example_trigger_target_dag.py
[2021-09-22 10:34:05,824] {processor.py:613} INFO - Processing file /home/airflow/.local/lib/python3.6/site-packages/airflow/example_dags/example_trigger_target_dag.py for tasks to queue
[2021-09-22 10:34:05,825] {logging_mixin.py:109} INFO - [2021-09-22 10:34:05,825] {dagbag.py:496} INFO - Filling up the DagBag from /home/airflow/.local/lib/python3.6/site-packages/airflow/example_dags/example_trigger_target_dag.py
[2021-09-22 10:34:05,840] {processor.py:623} INFO - DAG(s) dict_keys(['example_trigger_target_dag']) retrieved from /home/airflow/.local/lib/python3.6/site-packages/airflow/example_dags/example_trigger_target_dag.py
[2021-09-22 10:34:05,864] {logging_mixin.py:109} INFO - [2021-09-22 10:34:05,864] {dag.py:1834} INFO - Sync 1 DAGs
[2021-09-22 10:34:05,877] {logging_mixin.py:109} INFO - [2021-09-22 10:34:05,877] {dag.py:2287} INFO - Setting next_dagrun for example_trigger_target_dag to None
[2021-09-22 10:34:05,886] {processor.py:170} INFO - Processing /home/airflow/.local/lib/python3.6/site-packages/airflow/example_dags/example_trigger_target_dag.py took 0.067 seconds
[2021-09-22 10:34:36,521] {processor.py:162} INFO - Started process (PID=1012) to work on /home/airflow/.local/lib/python3.6/site-packages/airflow/example_dags/example_trigger_target_dag.py
[2021-09-22 10:34:36,526] {processor.py:613} INFO - Processing file /home/airflow/.local/lib/python3.6/site-packages/airflow/example_dags/example_trigger_target_dag.py for tasks to queue
[2021-09-22 10:34:36,527] {logging_mixin.py:109} INFO - [2021-09-22 10:34:36,527] {dagbag.py:496} INFO - Filling up the DagBag from /home/airflow/.local/lib/python3.6/site-packages/airflow/example_dags/example_trigger_target_dag.py
[2021-09-22 10:34:36,561] {processor.py:623} INFO - DAG(s) dict_keys(['example_trigger_target_dag']) retrieved from /home/airflow/.local/lib/python3.6/site-packages/airflow/example_dags/example_trigger_target_dag.py
[2021-09-22 10:34:36,599] {logging_mixin.py:109} INFO - [2021-09-22 10:34:36,599] {dag.py:1834} INFO - Sync 1 DAGs
[2021-09-22 10:34:36,621] {logging_mixin.py:109} INFO - [2021-09-22 10:34:36,621] {dag.py:2287} INFO - Setting next_dagrun for example_trigger_target_dag to None
[2021-09-22 10:34:36,640] {processor.py:170} INFO - Processing /home/airflow/.local/lib/python3.6/site-packages/airflow/example_dags/example_trigger_target_dag.py took 0.123 seconds
[2021-09-22 10:35:07,439] {processor.py:162} INFO - Started process (PID=1066) to work on /home/airflow/.local/lib/python3.6/site-packages/airflow/example_dags/example_trigger_target_dag.py
[2021-09-22 10:35:07,457] {processor.py:613} INFO - Processing file /home/airflow/.local/lib/python3.6/site-packages/airflow/example_dags/example_trigger_target_dag.py for tasks to queue
[2021-09-22 10:35:07,458] {logging_mixin.py:109} INFO - [2021-09-22 10:35:07,458] {dagbag.py:496} INFO - Filling up the DagBag from /home/airflow/.local/lib/python3.6/site-packages/airflow/example_dags/example_trigger_target_dag.py
[2021-09-22 10:35:07,554] {processor.py:623} INFO - DAG(s) dict_keys(['example_trigger_target_dag']) retrieved from /home/airflow/.local/lib/python3.6/site-packages/airflow/example_dags/example_trigger_target_dag.py
[2021-09-22 10:35:07,651] {logging_mixin.py:109} INFO - [2021-09-22 10:35:07,651] {dag.py:1834} INFO - Sync 1 DAGs
[2021-09-22 10:35:07,681] {logging_mixin.py:109} INFO - [2021-09-22 10:35:07,681] {dag.py:2287} INFO - Setting next_dagrun for example_trigger_target_dag to None
[2021-09-22 10:35:07,715] {processor.py:170} INFO - Processing /home/airflow/.local/lib/python3.6/site-packages/airflow/example_dags/example_trigger_target_dag.py took 0.280 seconds
[2021-09-22 10:35:37,977] {processor.py:162} INFO - Started process (PID=1118) to work on /home/airflow/.local/lib/python3.6/site-packages/airflow/example_dags/example_trigger_target_dag.py
[2021-09-22 10:35:37,978] {processor.py:613} INFO - Processing file /home/airflow/.local/lib/python3.6/site-packages/airflow/example_dags/example_trigger_target_dag.py for tasks to queue
[2021-09-22 10:35:37,981] {logging_mixin.py:109} INFO - [2021-09-22 10:35:37,981] {dagbag.py:496} INFO - Filling up the DagBag from /home/airflow/.local/lib/python3.6/site-packages/airflow/example_dags/example_trigger_target_dag.py
[2021-09-22 10:35:38,005] {processor.py:623} INFO - DAG(s) dict_keys(['example_trigger_target_dag']) retrieved from /home/airflow/.local/lib/python3.6/site-packages/airflow/example_dags/example_trigger_target_dag.py
[2021-09-22 10:35:38,039] {logging_mixin.py:109} INFO - [2021-09-22 10:35:38,039] {dag.py:1834} INFO - Sync 1 DAGs
[2021-09-22 10:35:38,073] {logging_mixin.py:109} INFO - [2021-09-22 10:35:38,072] {dag.py:2287} INFO - Setting next_dagrun for example_trigger_target_dag to None
[2021-09-22 10:35:38,097] {processor.py:170} INFO - Processing /home/airflow/.local/lib/python3.6/site-packages/airflow/example_dags/example_trigger_target_dag.py took 0.127 seconds
[2021-09-22 10:36:08,346] {processor.py:162} INFO - Started process (PID=1169) to work on /home/airflow/.local/lib/python3.6/site-packages/airflow/example_dags/example_trigger_target_dag.py
[2021-09-22 10:36:08,351] {processor.py:613} INFO - Processing file /home/airflow/.local/lib/python3.6/site-packages/airflow/example_dags/example_trigger_target_dag.py for tasks to queue
[2021-09-22 10:36:08,351] {logging_mixin.py:109} INFO - [2021-09-22 10:36:08,351] {dagbag.py:496} INFO - Filling up the DagBag from /home/airflow/.local/lib/python3.6/site-packages/airflow/example_dags/example_trigger_target_dag.py
[2021-09-22 10:36:08,374] {processor.py:623} INFO - DAG(s) dict_keys(['example_trigger_target_dag']) retrieved from /home/airflow/.local/lib/python3.6/site-packages/airflow/example_dags/example_trigger_target_dag.py
[2021-09-22 10:36:08,406] {logging_mixin.py:109} INFO - [2021-09-22 10:36:08,406] {dag.py:1834} INFO - Sync 1 DAGs
[2021-09-22 10:36:08,425] {logging_mixin.py:109} INFO - [2021-09-22 10:36:08,425] {dag.py:2287} INFO - Setting next_dagrun for example_trigger_target_dag to None
[2021-09-22 10:36:08,439] {processor.py:170} INFO - Processing /home/airflow/.local/lib/python3.6/site-packages/airflow/example_dags/example_trigger_target_dag.py took 0.100 seconds
[2021-09-22 10:36:39,100] {processor.py:162} INFO - Started process (PID=1230) to work on /home/airflow/.local/lib/python3.6/site-packages/airflow/example_dags/example_trigger_target_dag.py
[2021-09-22 10:36:39,105] {processor.py:613} INFO - Processing file /home/airflow/.local/lib/python3.6/site-packages/airflow/example_dags/example_trigger_target_dag.py for tasks to queue
[2021-09-22 10:36:39,106] {logging_mixin.py:109} INFO - [2021-09-22 10:36:39,106] {dagbag.py:496} INFO - Filling up the DagBag from /home/airflow/.local/lib/python3.6/site-packages/airflow/example_dags/example_trigger_target_dag.py
[2021-09-22 10:36:39,142] {processor.py:623} INFO - DAG(s) dict_keys(['example_trigger_target_dag']) retrieved from /home/airflow/.local/lib/python3.6/site-packages/airflow/example_dags/example_trigger_target_dag.py
[2021-09-22 10:36:39,199] {logging_mixin.py:109} INFO - [2021-09-22 10:36:39,199] {dag.py:1834} INFO - Sync 1 DAGs
[2021-09-22 10:36:39,217] {logging_mixin.py:109} INFO - [2021-09-22 10:36:39,217] {dag.py:2287} INFO - Setting next_dagrun for example_trigger_target_dag to None
[2021-09-22 10:36:39,232] {processor.py:170} INFO - Processing /home/airflow/.local/lib/python3.6/site-packages/airflow/example_dags/example_trigger_target_dag.py took 0.140 seconds
[2021-09-22 10:38:18,538] {processor.py:162} INFO - Started process (PID=77) to work on /home/airflow/.local/lib/python3.6/site-packages/airflow/example_dags/example_trigger_target_dag.py
[2021-09-22 10:38:18,551] {processor.py:613} INFO - Processing file /home/airflow/.local/lib/python3.6/site-packages/airflow/example_dags/example_trigger_target_dag.py for tasks to queue
[2021-09-22 10:38:18,552] {logging_mixin.py:109} INFO - [2021-09-22 10:38:18,552] {dagbag.py:496} INFO - Filling up the DagBag from /home/airflow/.local/lib/python3.6/site-packages/airflow/example_dags/example_trigger_target_dag.py
[2021-09-22 10:38:18,653] {processor.py:623} INFO - DAG(s) dict_keys(['example_trigger_target_dag']) retrieved from /home/airflow/.local/lib/python3.6/site-packages/airflow/example_dags/example_trigger_target_dag.py
[2021-09-22 10:38:18,988] {logging_mixin.py:109} INFO - [2021-09-22 10:38:18,988] {dag.py:1834} INFO - Sync 1 DAGs
[2021-09-22 10:38:19,107] {logging_mixin.py:109} INFO - [2021-09-22 10:38:19,107] {dag.py:2287} INFO - Setting next_dagrun for example_trigger_target_dag to None
[2021-09-22 10:38:19,323] {processor.py:170} INFO - Processing /home/airflow/.local/lib/python3.6/site-packages/airflow/example_dags/example_trigger_target_dag.py took 0.816 seconds
[2021-09-22 10:38:49,463] {processor.py:162} INFO - Started process (PID=127) to work on /home/airflow/.local/lib/python3.6/site-packages/airflow/example_dags/example_trigger_target_dag.py
[2021-09-22 10:38:49,466] {processor.py:613} INFO - Processing file /home/airflow/.local/lib/python3.6/site-packages/airflow/example_dags/example_trigger_target_dag.py for tasks to queue
[2021-09-22 10:38:49,467] {logging_mixin.py:109} INFO - [2021-09-22 10:38:49,467] {dagbag.py:496} INFO - Filling up the DagBag from /home/airflow/.local/lib/python3.6/site-packages/airflow/example_dags/example_trigger_target_dag.py
[2021-09-22 10:38:49,486] {processor.py:623} INFO - DAG(s) dict_keys(['example_trigger_target_dag']) retrieved from /home/airflow/.local/lib/python3.6/site-packages/airflow/example_dags/example_trigger_target_dag.py
[2021-09-22 10:38:49,513] {logging_mixin.py:109} INFO - [2021-09-22 10:38:49,513] {dag.py:1834} INFO - Sync 1 DAGs
[2021-09-22 10:38:49,526] {logging_mixin.py:109} INFO - [2021-09-22 10:38:49,526] {dag.py:2287} INFO - Setting next_dagrun for example_trigger_target_dag to None
[2021-09-22 10:38:49,535] {processor.py:170} INFO - Processing /home/airflow/.local/lib/python3.6/site-packages/airflow/example_dags/example_trigger_target_dag.py took 0.075 seconds
[2021-09-22 10:41:40,090] {processor.py:162} INFO - Started process (PID=65) to work on /home/airflow/.local/lib/python3.6/site-packages/airflow/example_dags/example_trigger_target_dag.py
[2021-09-22 10:41:40,105] {processor.py:613} INFO - Processing file /home/airflow/.local/lib/python3.6/site-packages/airflow/example_dags/example_trigger_target_dag.py for tasks to queue
[2021-09-22 10:41:40,124] {logging_mixin.py:109} INFO - [2021-09-22 10:41:40,105] {dagbag.py:496} INFO - Filling up the DagBag from /home/airflow/.local/lib/python3.6/site-packages/airflow/example_dags/example_trigger_target_dag.py
[2021-09-22 10:41:40,236] {processor.py:623} INFO - DAG(s) dict_keys(['example_trigger_target_dag']) retrieved from /home/airflow/.local/lib/python3.6/site-packages/airflow/example_dags/example_trigger_target_dag.py
[2021-09-22 10:41:40,348] {logging_mixin.py:109} INFO - [2021-09-22 10:41:40,348] {dag.py:1834} INFO - Sync 1 DAGs
[2021-09-22 10:41:40,366] {logging_mixin.py:109} INFO - [2021-09-22 10:41:40,366] {dag.py:2287} INFO - Setting next_dagrun for example_trigger_target_dag to None
[2021-09-22 10:41:40,392] {processor.py:170} INFO - Processing /home/airflow/.local/lib/python3.6/site-packages/airflow/example_dags/example_trigger_target_dag.py took 0.324 seconds
[2021-09-22 10:42:10,428] {processor.py:162} INFO - Started process (PID=115) to work on /home/airflow/.local/lib/python3.6/site-packages/airflow/example_dags/example_trigger_target_dag.py
[2021-09-22 10:42:10,429] {processor.py:613} INFO - Processing file /home/airflow/.local/lib/python3.6/site-packages/airflow/example_dags/example_trigger_target_dag.py for tasks to queue
[2021-09-22 10:42:10,430] {logging_mixin.py:109} INFO - [2021-09-22 10:42:10,430] {dagbag.py:496} INFO - Filling up the DagBag from /home/airflow/.local/lib/python3.6/site-packages/airflow/example_dags/example_trigger_target_dag.py
[2021-09-22 10:42:10,443] {processor.py:623} INFO - DAG(s) dict_keys(['example_trigger_target_dag']) retrieved from /home/airflow/.local/lib/python3.6/site-packages/airflow/example_dags/example_trigger_target_dag.py
[2021-09-22 10:42:10,464] {logging_mixin.py:109} INFO - [2021-09-22 10:42:10,464] {dag.py:1834} INFO - Sync 1 DAGs
[2021-09-22 10:42:10,477] {logging_mixin.py:109} INFO - [2021-09-22 10:42:10,477] {dag.py:2287} INFO - Setting next_dagrun for example_trigger_target_dag to None
[2021-09-22 10:42:10,488] {processor.py:170} INFO - Processing /home/airflow/.local/lib/python3.6/site-packages/airflow/example_dags/example_trigger_target_dag.py took 0.063 seconds
[2021-09-22 10:42:40,907] {processor.py:162} INFO - Started process (PID=179) to work on /home/airflow/.local/lib/python3.6/site-packages/airflow/example_dags/example_trigger_target_dag.py
[2021-09-22 10:42:40,912] {processor.py:613} INFO - Processing file /home/airflow/.local/lib/python3.6/site-packages/airflow/example_dags/example_trigger_target_dag.py for tasks to queue
[2021-09-22 10:42:40,918] {logging_mixin.py:109} INFO - [2021-09-22 10:42:40,913] {dagbag.py:496} INFO - Filling up the DagBag from /home/airflow/.local/lib/python3.6/site-packages/airflow/example_dags/example_trigger_target_dag.py
[2021-09-22 10:42:40,942] {processor.py:623} INFO - DAG(s) dict_keys(['example_trigger_target_dag']) retrieved from /home/airflow/.local/lib/python3.6/site-packages/airflow/example_dags/example_trigger_target_dag.py
[2021-09-22 10:42:41,023] {logging_mixin.py:109} INFO - [2021-09-22 10:42:41,023] {dag.py:1834} INFO - Sync 1 DAGs
[2021-09-22 10:42:41,058] {logging_mixin.py:109} INFO - [2021-09-22 10:42:41,058] {dag.py:2287} INFO - Setting next_dagrun for example_trigger_target_dag to None
[2021-09-22 10:42:41,071] {processor.py:170} INFO - Processing /home/airflow/.local/lib/python3.6/site-packages/airflow/example_dags/example_trigger_target_dag.py took 0.173 seconds
[2021-09-22 10:43:11,200] {processor.py:162} INFO - Started process (PID=231) to work on /home/airflow/.local/lib/python3.6/site-packages/airflow/example_dags/example_trigger_target_dag.py
[2021-09-22 10:43:11,201] {processor.py:613} INFO - Processing file /home/airflow/.local/lib/python3.6/site-packages/airflow/example_dags/example_trigger_target_dag.py for tasks to queue
[2021-09-22 10:43:11,202] {logging_mixin.py:109} INFO - [2021-09-22 10:43:11,202] {dagbag.py:496} INFO - Filling up the DagBag from /home/airflow/.local/lib/python3.6/site-packages/airflow/example_dags/example_trigger_target_dag.py
[2021-09-22 10:43:11,221] {processor.py:623} INFO - DAG(s) dict_keys(['example_trigger_target_dag']) retrieved from /home/airflow/.local/lib/python3.6/site-packages/airflow/example_dags/example_trigger_target_dag.py
[2021-09-22 10:43:11,248] {logging_mixin.py:109} INFO - [2021-09-22 10:43:11,247] {dag.py:1834} INFO - Sync 1 DAGs
[2021-09-22 10:43:11,263] {logging_mixin.py:109} INFO - [2021-09-22 10:43:11,263] {dag.py:2287} INFO - Setting next_dagrun for example_trigger_target_dag to None
[2021-09-22 10:43:11,273] {processor.py:170} INFO - Processing /home/airflow/.local/lib/python3.6/site-packages/airflow/example_dags/example_trigger_target_dag.py took 0.078 seconds
[2021-09-22 10:43:42,107] {processor.py:162} INFO - Started process (PID=292) to work on /home/airflow/.local/lib/python3.6/site-packages/airflow/example_dags/example_trigger_target_dag.py
[2021-09-22 10:43:42,109] {processor.py:613} INFO - Processing file /home/airflow/.local/lib/python3.6/site-packages/airflow/example_dags/example_trigger_target_dag.py for tasks to queue
[2021-09-22 10:43:42,111] {logging_mixin.py:109} INFO - [2021-09-22 10:43:42,111] {dagbag.py:496} INFO - Filling up the DagBag from /home/airflow/.local/lib/python3.6/site-packages/airflow/example_dags/example_trigger_target_dag.py
[2021-09-22 10:43:42,153] {processor.py:623} INFO - DAG(s) dict_keys(['example_trigger_target_dag']) retrieved from /home/airflow/.local/lib/python3.6/site-packages/airflow/example_dags/example_trigger_target_dag.py
[2021-09-22 10:43:42,199] {logging_mixin.py:109} INFO - [2021-09-22 10:43:42,199] {dag.py:1834} INFO - Sync 1 DAGs
[2021-09-22 10:43:42,227] {logging_mixin.py:109} INFO - [2021-09-22 10:43:42,227] {dag.py:2287} INFO - Setting next_dagrun for example_trigger_target_dag to None
[2021-09-22 10:43:42,249] {processor.py:170} INFO - Processing /home/airflow/.local/lib/python3.6/site-packages/airflow/example_dags/example_trigger_target_dag.py took 0.146 seconds
[2021-09-22 10:44:12,309] {processor.py:162} INFO - Started process (PID=342) to work on /home/airflow/.local/lib/python3.6/site-packages/airflow/example_dags/example_trigger_target_dag.py
[2021-09-22 10:44:12,311] {processor.py:613} INFO - Processing file /home/airflow/.local/lib/python3.6/site-packages/airflow/example_dags/example_trigger_target_dag.py for tasks to queue
[2021-09-22 10:44:12,312] {logging_mixin.py:109} INFO - [2021-09-22 10:44:12,312] {dagbag.py:496} INFO - Filling up the DagBag from /home/airflow/.local/lib/python3.6/site-packages/airflow/example_dags/example_trigger_target_dag.py
[2021-09-22 10:44:12,350] {processor.py:623} INFO - DAG(s) dict_keys(['example_trigger_target_dag']) retrieved from /home/airflow/.local/lib/python3.6/site-packages/airflow/example_dags/example_trigger_target_dag.py
[2021-09-22 10:44:12,386] {logging_mixin.py:109} INFO - [2021-09-22 10:44:12,386] {dag.py:1834} INFO - Sync 1 DAGs
[2021-09-22 10:44:12,403] {logging_mixin.py:109} INFO - [2021-09-22 10:44:12,403] {dag.py:2287} INFO - Setting next_dagrun for example_trigger_target_dag to None
[2021-09-22 10:44:12,422] {processor.py:170} INFO - Processing /home/airflow/.local/lib/python3.6/site-packages/airflow/example_dags/example_trigger_target_dag.py took 0.123 seconds
