[2021-09-22 10:26:22,230] {processor.py:162} INFO - Started process (PID=121) to work on /home/airflow/.local/lib/python3.6/site-packages/airflow/example_dags/example_latest_only_with_trigger.py
[2021-09-22 10:26:22,237] {processor.py:613} INFO - Processing file /home/airflow/.local/lib/python3.6/site-packages/airflow/example_dags/example_latest_only_with_trigger.py for tasks to queue
[2021-09-22 10:26:22,238] {logging_mixin.py:109} INFO - [2021-09-22 10:26:22,238] {dagbag.py:496} INFO - Filling up the DagBag from /home/airflow/.local/lib/python3.6/site-packages/airflow/example_dags/example_latest_only_with_trigger.py
[2021-09-22 10:26:22,280] {processor.py:623} INFO - DAG(s) dict_keys(['latest_only_with_trigger']) retrieved from /home/airflow/.local/lib/python3.6/site-packages/airflow/example_dags/example_latest_only_with_trigger.py
[2021-09-22 10:26:26,276] {logging_mixin.py:109} INFO - [2021-09-22 10:26:26,275] {dag.py:1834} INFO - Sync 1 DAGs
[2021-09-22 10:26:26,292] {logging_mixin.py:109} INFO - [2021-09-22 10:26:26,291] {dag.py:1853} INFO - Creating ORM DAG for latest_only_with_trigger
[2021-09-22 10:26:26,297] {logging_mixin.py:109} INFO - [2021-09-22 10:26:26,297] {dag.py:2287} INFO - Setting next_dagrun for latest_only_with_trigger to 2021-09-20 00:00:00+00:00
[2021-09-22 10:26:26,313] {processor.py:170} INFO - Processing /home/airflow/.local/lib/python3.6/site-packages/airflow/example_dags/example_latest_only_with_trigger.py took 4.092 seconds
[2021-09-22 10:27:23,701] {processor.py:162} INFO - Started process (PID=217) to work on /home/airflow/.local/lib/python3.6/site-packages/airflow/example_dags/example_latest_only_with_trigger.py
[2021-09-22 10:27:23,703] {processor.py:613} INFO - Processing file /home/airflow/.local/lib/python3.6/site-packages/airflow/example_dags/example_latest_only_with_trigger.py for tasks to queue
[2021-09-22 10:27:23,704] {logging_mixin.py:109} INFO - [2021-09-22 10:27:23,703] {dagbag.py:496} INFO - Filling up the DagBag from /home/airflow/.local/lib/python3.6/site-packages/airflow/example_dags/example_latest_only_with_trigger.py
[2021-09-22 10:27:23,759] {processor.py:623} INFO - DAG(s) dict_keys(['latest_only_with_trigger']) retrieved from /home/airflow/.local/lib/python3.6/site-packages/airflow/example_dags/example_latest_only_with_trigger.py
[2021-09-22 10:27:23,867] {logging_mixin.py:109} INFO - [2021-09-22 10:27:23,867] {dag.py:1834} INFO - Sync 1 DAGs
[2021-09-22 10:27:23,895] {logging_mixin.py:109} INFO - [2021-09-22 10:27:23,895] {dag.py:2287} INFO - Setting next_dagrun for latest_only_with_trigger to 2021-09-20 00:00:00+00:00
[2021-09-22 10:27:23,916] {processor.py:170} INFO - Processing /home/airflow/.local/lib/python3.6/site-packages/airflow/example_dags/example_latest_only_with_trigger.py took 0.225 seconds
[2021-09-22 10:27:54,811] {processor.py:162} INFO - Started process (PID=277) to work on /home/airflow/.local/lib/python3.6/site-packages/airflow/example_dags/example_latest_only_with_trigger.py
[2021-09-22 10:27:54,819] {processor.py:613} INFO - Processing file /home/airflow/.local/lib/python3.6/site-packages/airflow/example_dags/example_latest_only_with_trigger.py for tasks to queue
[2021-09-22 10:27:54,820] {logging_mixin.py:109} INFO - [2021-09-22 10:27:54,820] {dagbag.py:496} INFO - Filling up the DagBag from /home/airflow/.local/lib/python3.6/site-packages/airflow/example_dags/example_latest_only_with_trigger.py
[2021-09-22 10:27:54,867] {processor.py:623} INFO - DAG(s) dict_keys(['latest_only_with_trigger']) retrieved from /home/airflow/.local/lib/python3.6/site-packages/airflow/example_dags/example_latest_only_with_trigger.py
[2021-09-22 10:27:54,896] {logging_mixin.py:109} INFO - [2021-09-22 10:27:54,896] {dag.py:1834} INFO - Sync 1 DAGs
[2021-09-22 10:27:54,930] {logging_mixin.py:109} INFO - [2021-09-22 10:27:54,929] {dag.py:2287} INFO - Setting next_dagrun for latest_only_with_trigger to 2021-09-20 00:00:00+00:00
[2021-09-22 10:27:54,982] {processor.py:170} INFO - Processing /home/airflow/.local/lib/python3.6/site-packages/airflow/example_dags/example_latest_only_with_trigger.py took 0.177 seconds
[2021-09-22 10:28:25,395] {processor.py:162} INFO - Started process (PID=328) to work on /home/airflow/.local/lib/python3.6/site-packages/airflow/example_dags/example_latest_only_with_trigger.py
[2021-09-22 10:28:25,397] {processor.py:613} INFO - Processing file /home/airflow/.local/lib/python3.6/site-packages/airflow/example_dags/example_latest_only_with_trigger.py for tasks to queue
[2021-09-22 10:28:25,401] {logging_mixin.py:109} INFO - [2021-09-22 10:28:25,400] {dagbag.py:496} INFO - Filling up the DagBag from /home/airflow/.local/lib/python3.6/site-packages/airflow/example_dags/example_latest_only_with_trigger.py
[2021-09-22 10:28:25,462] {processor.py:623} INFO - DAG(s) dict_keys(['latest_only_with_trigger']) retrieved from /home/airflow/.local/lib/python3.6/site-packages/airflow/example_dags/example_latest_only_with_trigger.py
[2021-09-22 10:28:25,508] {logging_mixin.py:109} INFO - [2021-09-22 10:28:25,507] {dag.py:1834} INFO - Sync 1 DAGs
[2021-09-22 10:28:25,530] {logging_mixin.py:109} INFO - [2021-09-22 10:28:25,530] {dag.py:2287} INFO - Setting next_dagrun for latest_only_with_trigger to 2021-09-20 00:00:00+00:00
[2021-09-22 10:28:25,543] {processor.py:170} INFO - Processing /home/airflow/.local/lib/python3.6/site-packages/airflow/example_dags/example_latest_only_with_trigger.py took 0.153 seconds
[2021-09-22 10:28:56,476] {processor.py:162} INFO - Started process (PID=386) to work on /home/airflow/.local/lib/python3.6/site-packages/airflow/example_dags/example_latest_only_with_trigger.py
[2021-09-22 10:28:56,498] {processor.py:613} INFO - Processing file /home/airflow/.local/lib/python3.6/site-packages/airflow/example_dags/example_latest_only_with_trigger.py for tasks to queue
[2021-09-22 10:28:56,499] {logging_mixin.py:109} INFO - [2021-09-22 10:28:56,499] {dagbag.py:496} INFO - Filling up the DagBag from /home/airflow/.local/lib/python3.6/site-packages/airflow/example_dags/example_latest_only_with_trigger.py
[2021-09-22 10:28:56,588] {processor.py:623} INFO - DAG(s) dict_keys(['latest_only_with_trigger']) retrieved from /home/airflow/.local/lib/python3.6/site-packages/airflow/example_dags/example_latest_only_with_trigger.py
[2021-09-22 10:28:56,675] {logging_mixin.py:109} INFO - [2021-09-22 10:28:56,675] {dag.py:1834} INFO - Sync 1 DAGs
[2021-09-22 10:28:56,776] {logging_mixin.py:109} INFO - [2021-09-22 10:28:56,776] {dag.py:2287} INFO - Setting next_dagrun for latest_only_with_trigger to 2021-09-20 00:00:00+00:00
[2021-09-22 10:28:56,831] {processor.py:170} INFO - Processing /home/airflow/.local/lib/python3.6/site-packages/airflow/example_dags/example_latest_only_with_trigger.py took 0.397 seconds
[2021-09-22 10:29:27,321] {processor.py:162} INFO - Started process (PID=439) to work on /home/airflow/.local/lib/python3.6/site-packages/airflow/example_dags/example_latest_only_with_trigger.py
[2021-09-22 10:29:27,329] {processor.py:613} INFO - Processing file /home/airflow/.local/lib/python3.6/site-packages/airflow/example_dags/example_latest_only_with_trigger.py for tasks to queue
[2021-09-22 10:29:27,330] {logging_mixin.py:109} INFO - [2021-09-22 10:29:27,330] {dagbag.py:496} INFO - Filling up the DagBag from /home/airflow/.local/lib/python3.6/site-packages/airflow/example_dags/example_latest_only_with_trigger.py
[2021-09-22 10:29:27,378] {processor.py:623} INFO - DAG(s) dict_keys(['latest_only_with_trigger']) retrieved from /home/airflow/.local/lib/python3.6/site-packages/airflow/example_dags/example_latest_only_with_trigger.py
[2021-09-22 10:29:27,505] {logging_mixin.py:109} INFO - [2021-09-22 10:29:27,505] {dag.py:1834} INFO - Sync 1 DAGs
[2021-09-22 10:29:27,544] {logging_mixin.py:109} INFO - [2021-09-22 10:29:27,543] {dag.py:2287} INFO - Setting next_dagrun for latest_only_with_trigger to 2021-09-20 00:00:00+00:00
[2021-09-22 10:29:27,587] {processor.py:170} INFO - Processing /home/airflow/.local/lib/python3.6/site-packages/airflow/example_dags/example_latest_only_with_trigger.py took 0.285 seconds
[2021-09-22 10:29:58,583] {processor.py:162} INFO - Started process (PID=490) to work on /home/airflow/.local/lib/python3.6/site-packages/airflow/example_dags/example_latest_only_with_trigger.py
[2021-09-22 10:29:58,588] {processor.py:613} INFO - Processing file /home/airflow/.local/lib/python3.6/site-packages/airflow/example_dags/example_latest_only_with_trigger.py for tasks to queue
[2021-09-22 10:29:58,589] {logging_mixin.py:109} INFO - [2021-09-22 10:29:58,589] {dagbag.py:496} INFO - Filling up the DagBag from /home/airflow/.local/lib/python3.6/site-packages/airflow/example_dags/example_latest_only_with_trigger.py
[2021-09-22 10:29:58,616] {processor.py:623} INFO - DAG(s) dict_keys(['latest_only_with_trigger']) retrieved from /home/airflow/.local/lib/python3.6/site-packages/airflow/example_dags/example_latest_only_with_trigger.py
[2021-09-22 10:29:58,651] {logging_mixin.py:109} INFO - [2021-09-22 10:29:58,651] {dag.py:1834} INFO - Sync 1 DAGs
[2021-09-22 10:29:58,675] {logging_mixin.py:109} INFO - [2021-09-22 10:29:58,675] {dag.py:2287} INFO - Setting next_dagrun for latest_only_with_trigger to 2021-09-20 00:00:00+00:00
[2021-09-22 10:29:58,688] {processor.py:170} INFO - Processing /home/airflow/.local/lib/python3.6/site-packages/airflow/example_dags/example_latest_only_with_trigger.py took 0.112 seconds
[2021-09-22 10:30:28,773] {processor.py:162} INFO - Started process (PID=551) to work on /home/airflow/.local/lib/python3.6/site-packages/airflow/example_dags/example_latest_only_with_trigger.py
[2021-09-22 10:30:28,774] {processor.py:613} INFO - Processing file /home/airflow/.local/lib/python3.6/site-packages/airflow/example_dags/example_latest_only_with_trigger.py for tasks to queue
[2021-09-22 10:30:28,774] {logging_mixin.py:109} INFO - [2021-09-22 10:30:28,774] {dagbag.py:496} INFO - Filling up the DagBag from /home/airflow/.local/lib/python3.6/site-packages/airflow/example_dags/example_latest_only_with_trigger.py
[2021-09-22 10:30:28,793] {processor.py:623} INFO - DAG(s) dict_keys(['latest_only_with_trigger']) retrieved from /home/airflow/.local/lib/python3.6/site-packages/airflow/example_dags/example_latest_only_with_trigger.py
[2021-09-22 10:30:28,824] {logging_mixin.py:109} INFO - [2021-09-22 10:30:28,824] {dag.py:1834} INFO - Sync 1 DAGs
[2021-09-22 10:30:28,844] {logging_mixin.py:109} INFO - [2021-09-22 10:30:28,844] {dag.py:2287} INFO - Setting next_dagrun for latest_only_with_trigger to 2021-09-20 00:00:00+00:00
[2021-09-22 10:30:28,857] {processor.py:170} INFO - Processing /home/airflow/.local/lib/python3.6/site-packages/airflow/example_dags/example_latest_only_with_trigger.py took 0.089 seconds
[2021-09-22 10:30:59,730] {processor.py:162} INFO - Started process (PID=605) to work on /home/airflow/.local/lib/python3.6/site-packages/airflow/example_dags/example_latest_only_with_trigger.py
[2021-09-22 10:30:59,735] {processor.py:613} INFO - Processing file /home/airflow/.local/lib/python3.6/site-packages/airflow/example_dags/example_latest_only_with_trigger.py for tasks to queue
[2021-09-22 10:30:59,735] {logging_mixin.py:109} INFO - [2021-09-22 10:30:59,735] {dagbag.py:496} INFO - Filling up the DagBag from /home/airflow/.local/lib/python3.6/site-packages/airflow/example_dags/example_latest_only_with_trigger.py
[2021-09-22 10:30:59,757] {processor.py:623} INFO - DAG(s) dict_keys(['latest_only_with_trigger']) retrieved from /home/airflow/.local/lib/python3.6/site-packages/airflow/example_dags/example_latest_only_with_trigger.py
[2021-09-22 10:30:59,786] {logging_mixin.py:109} INFO - [2021-09-22 10:30:59,786] {dag.py:1834} INFO - Sync 1 DAGs
[2021-09-22 10:30:59,803] {logging_mixin.py:109} INFO - [2021-09-22 10:30:59,803] {dag.py:2287} INFO - Setting next_dagrun for latest_only_with_trigger to 2021-09-20 00:00:00+00:00
[2021-09-22 10:30:59,814] {processor.py:170} INFO - Processing /home/airflow/.local/lib/python3.6/site-packages/airflow/example_dags/example_latest_only_with_trigger.py took 0.088 seconds
[2021-09-22 10:31:29,987] {processor.py:162} INFO - Started process (PID=657) to work on /home/airflow/.local/lib/python3.6/site-packages/airflow/example_dags/example_latest_only_with_trigger.py
[2021-09-22 10:31:29,988] {processor.py:613} INFO - Processing file /home/airflow/.local/lib/python3.6/site-packages/airflow/example_dags/example_latest_only_with_trigger.py for tasks to queue
[2021-09-22 10:31:29,989] {logging_mixin.py:109} INFO - [2021-09-22 10:31:29,989] {dagbag.py:496} INFO - Filling up the DagBag from /home/airflow/.local/lib/python3.6/site-packages/airflow/example_dags/example_latest_only_with_trigger.py
[2021-09-22 10:31:30,000] {processor.py:623} INFO - DAG(s) dict_keys(['latest_only_with_trigger']) retrieved from /home/airflow/.local/lib/python3.6/site-packages/airflow/example_dags/example_latest_only_with_trigger.py
[2021-09-22 10:31:30,021] {logging_mixin.py:109} INFO - [2021-09-22 10:31:30,021] {dag.py:1834} INFO - Sync 1 DAGs
[2021-09-22 10:31:30,035] {logging_mixin.py:109} INFO - [2021-09-22 10:31:30,035] {dag.py:2287} INFO - Setting next_dagrun for latest_only_with_trigger to 2021-09-20 00:00:00+00:00
[2021-09-22 10:31:30,045] {processor.py:170} INFO - Processing /home/airflow/.local/lib/python3.6/site-packages/airflow/example_dags/example_latest_only_with_trigger.py took 0.061 seconds
[2021-09-22 10:32:00,457] {processor.py:162} INFO - Started process (PID=719) to work on /home/airflow/.local/lib/python3.6/site-packages/airflow/example_dags/example_latest_only_with_trigger.py
[2021-09-22 10:32:00,462] {processor.py:613} INFO - Processing file /home/airflow/.local/lib/python3.6/site-packages/airflow/example_dags/example_latest_only_with_trigger.py for tasks to queue
[2021-09-22 10:32:00,463] {logging_mixin.py:109} INFO - [2021-09-22 10:32:00,463] {dagbag.py:496} INFO - Filling up the DagBag from /home/airflow/.local/lib/python3.6/site-packages/airflow/example_dags/example_latest_only_with_trigger.py
[2021-09-22 10:32:00,517] {processor.py:623} INFO - DAG(s) dict_keys(['latest_only_with_trigger']) retrieved from /home/airflow/.local/lib/python3.6/site-packages/airflow/example_dags/example_latest_only_with_trigger.py
[2021-09-22 10:32:00,543] {logging_mixin.py:109} INFO - [2021-09-22 10:32:00,543] {dag.py:1834} INFO - Sync 1 DAGs
[2021-09-22 10:32:00,563] {logging_mixin.py:109} INFO - [2021-09-22 10:32:00,563] {dag.py:2287} INFO - Setting next_dagrun for latest_only_with_trigger to 2021-09-20 00:00:00+00:00
[2021-09-22 10:32:00,576] {processor.py:170} INFO - Processing /home/airflow/.local/lib/python3.6/site-packages/airflow/example_dags/example_latest_only_with_trigger.py took 0.135 seconds
[2021-09-22 10:32:30,772] {processor.py:162} INFO - Started process (PID=771) to work on /home/airflow/.local/lib/python3.6/site-packages/airflow/example_dags/example_latest_only_with_trigger.py
[2021-09-22 10:32:30,776] {processor.py:613} INFO - Processing file /home/airflow/.local/lib/python3.6/site-packages/airflow/example_dags/example_latest_only_with_trigger.py for tasks to queue
[2021-09-22 10:32:30,777] {logging_mixin.py:109} INFO - [2021-09-22 10:32:30,776] {dagbag.py:496} INFO - Filling up the DagBag from /home/airflow/.local/lib/python3.6/site-packages/airflow/example_dags/example_latest_only_with_trigger.py
[2021-09-22 10:32:30,790] {processor.py:623} INFO - DAG(s) dict_keys(['latest_only_with_trigger']) retrieved from /home/airflow/.local/lib/python3.6/site-packages/airflow/example_dags/example_latest_only_with_trigger.py
[2021-09-22 10:32:30,813] {logging_mixin.py:109} INFO - [2021-09-22 10:32:30,813] {dag.py:1834} INFO - Sync 1 DAGs
[2021-09-22 10:32:30,828] {logging_mixin.py:109} INFO - [2021-09-22 10:32:30,828] {dag.py:2287} INFO - Setting next_dagrun for latest_only_with_trigger to 2021-09-20 00:00:00+00:00
[2021-09-22 10:32:30,842] {processor.py:170} INFO - Processing /home/airflow/.local/lib/python3.6/site-packages/airflow/example_dags/example_latest_only_with_trigger.py took 0.075 seconds
[2021-09-22 10:33:01,540] {processor.py:162} INFO - Started process (PID=831) to work on /home/airflow/.local/lib/python3.6/site-packages/airflow/example_dags/example_latest_only_with_trigger.py
[2021-09-22 10:33:01,542] {processor.py:613} INFO - Processing file /home/airflow/.local/lib/python3.6/site-packages/airflow/example_dags/example_latest_only_with_trigger.py for tasks to queue
[2021-09-22 10:33:01,542] {logging_mixin.py:109} INFO - [2021-09-22 10:33:01,542] {dagbag.py:496} INFO - Filling up the DagBag from /home/airflow/.local/lib/python3.6/site-packages/airflow/example_dags/example_latest_only_with_trigger.py
[2021-09-22 10:33:01,554] {processor.py:623} INFO - DAG(s) dict_keys(['latest_only_with_trigger']) retrieved from /home/airflow/.local/lib/python3.6/site-packages/airflow/example_dags/example_latest_only_with_trigger.py
[2021-09-22 10:33:01,574] {logging_mixin.py:109} INFO - [2021-09-22 10:33:01,574] {dag.py:1834} INFO - Sync 1 DAGs
[2021-09-22 10:33:01,587] {logging_mixin.py:109} INFO - [2021-09-22 10:33:01,587] {dag.py:2287} INFO - Setting next_dagrun for latest_only_with_trigger to 2021-09-20 00:00:00+00:00
[2021-09-22 10:33:01,599] {processor.py:170} INFO - Processing /home/airflow/.local/lib/python3.6/site-packages/airflow/example_dags/example_latest_only_with_trigger.py took 0.062 seconds
[2021-09-22 10:33:32,255] {processor.py:162} INFO - Started process (PID=883) to work on /home/airflow/.local/lib/python3.6/site-packages/airflow/example_dags/example_latest_only_with_trigger.py
[2021-09-22 10:33:32,256] {processor.py:613} INFO - Processing file /home/airflow/.local/lib/python3.6/site-packages/airflow/example_dags/example_latest_only_with_trigger.py for tasks to queue
[2021-09-22 10:33:32,256] {logging_mixin.py:109} INFO - [2021-09-22 10:33:32,256] {dagbag.py:496} INFO - Filling up the DagBag from /home/airflow/.local/lib/python3.6/site-packages/airflow/example_dags/example_latest_only_with_trigger.py
[2021-09-22 10:33:32,277] {processor.py:623} INFO - DAG(s) dict_keys(['latest_only_with_trigger']) retrieved from /home/airflow/.local/lib/python3.6/site-packages/airflow/example_dags/example_latest_only_with_trigger.py
[2021-09-22 10:33:32,345] {logging_mixin.py:109} INFO - [2021-09-22 10:33:32,345] {dag.py:1834} INFO - Sync 1 DAGs
[2021-09-22 10:33:32,393] {logging_mixin.py:109} INFO - [2021-09-22 10:33:32,393] {dag.py:2287} INFO - Setting next_dagrun for latest_only_with_trigger to 2021-09-20 00:00:00+00:00
[2021-09-22 10:33:32,430] {processor.py:170} INFO - Processing /home/airflow/.local/lib/python3.6/site-packages/airflow/example_dags/example_latest_only_with_trigger.py took 0.180 seconds
[2021-09-22 10:34:02,761] {processor.py:162} INFO - Started process (PID=944) to work on /home/airflow/.local/lib/python3.6/site-packages/airflow/example_dags/example_latest_only_with_trigger.py
[2021-09-22 10:34:02,762] {processor.py:613} INFO - Processing file /home/airflow/.local/lib/python3.6/site-packages/airflow/example_dags/example_latest_only_with_trigger.py for tasks to queue
[2021-09-22 10:34:02,763] {logging_mixin.py:109} INFO - [2021-09-22 10:34:02,763] {dagbag.py:496} INFO - Filling up the DagBag from /home/airflow/.local/lib/python3.6/site-packages/airflow/example_dags/example_latest_only_with_trigger.py
[2021-09-22 10:34:02,784] {processor.py:623} INFO - DAG(s) dict_keys(['latest_only_with_trigger']) retrieved from /home/airflow/.local/lib/python3.6/site-packages/airflow/example_dags/example_latest_only_with_trigger.py
[2021-09-22 10:34:02,819] {logging_mixin.py:109} INFO - [2021-09-22 10:34:02,819] {dag.py:1834} INFO - Sync 1 DAGs
[2021-09-22 10:34:02,846] {logging_mixin.py:109} INFO - [2021-09-22 10:34:02,846] {dag.py:2287} INFO - Setting next_dagrun for latest_only_with_trigger to 2021-09-20 00:00:00+00:00
[2021-09-22 10:34:02,862] {processor.py:170} INFO - Processing /home/airflow/.local/lib/python3.6/site-packages/airflow/example_dags/example_latest_only_with_trigger.py took 0.106 seconds
[2021-09-22 10:34:33,149] {processor.py:162} INFO - Started process (PID=994) to work on /home/airflow/.local/lib/python3.6/site-packages/airflow/example_dags/example_latest_only_with_trigger.py
[2021-09-22 10:34:33,151] {processor.py:613} INFO - Processing file /home/airflow/.local/lib/python3.6/site-packages/airflow/example_dags/example_latest_only_with_trigger.py for tasks to queue
[2021-09-22 10:34:33,152] {logging_mixin.py:109} INFO - [2021-09-22 10:34:33,151] {dagbag.py:496} INFO - Filling up the DagBag from /home/airflow/.local/lib/python3.6/site-packages/airflow/example_dags/example_latest_only_with_trigger.py
[2021-09-22 10:34:33,188] {processor.py:623} INFO - DAG(s) dict_keys(['latest_only_with_trigger']) retrieved from /home/airflow/.local/lib/python3.6/site-packages/airflow/example_dags/example_latest_only_with_trigger.py
[2021-09-22 10:34:33,278] {logging_mixin.py:109} INFO - [2021-09-22 10:34:33,278] {dag.py:1834} INFO - Sync 1 DAGs
[2021-09-22 10:34:33,313] {logging_mixin.py:109} INFO - [2021-09-22 10:34:33,313] {dag.py:2287} INFO - Setting next_dagrun for latest_only_with_trigger to 2021-09-20 00:00:00+00:00
[2021-09-22 10:34:33,326] {processor.py:170} INFO - Processing /home/airflow/.local/lib/python3.6/site-packages/airflow/example_dags/example_latest_only_with_trigger.py took 0.182 seconds
[2021-09-22 10:35:03,609] {processor.py:162} INFO - Started process (PID=1053) to work on /home/airflow/.local/lib/python3.6/site-packages/airflow/example_dags/example_latest_only_with_trigger.py
[2021-09-22 10:35:03,614] {processor.py:613} INFO - Processing file /home/airflow/.local/lib/python3.6/site-packages/airflow/example_dags/example_latest_only_with_trigger.py for tasks to queue
[2021-09-22 10:35:03,615] {logging_mixin.py:109} INFO - [2021-09-22 10:35:03,615] {dagbag.py:496} INFO - Filling up the DagBag from /home/airflow/.local/lib/python3.6/site-packages/airflow/example_dags/example_latest_only_with_trigger.py
[2021-09-22 10:35:03,649] {processor.py:623} INFO - DAG(s) dict_keys(['latest_only_with_trigger']) retrieved from /home/airflow/.local/lib/python3.6/site-packages/airflow/example_dags/example_latest_only_with_trigger.py
[2021-09-22 10:35:03,755] {logging_mixin.py:109} INFO - [2021-09-22 10:35:03,755] {dag.py:1834} INFO - Sync 1 DAGs
[2021-09-22 10:35:03,795] {logging_mixin.py:109} INFO - [2021-09-22 10:35:03,794] {dag.py:2287} INFO - Setting next_dagrun for latest_only_with_trigger to 2021-09-20 00:00:00+00:00
[2021-09-22 10:35:03,825] {processor.py:170} INFO - Processing /home/airflow/.local/lib/python3.6/site-packages/airflow/example_dags/example_latest_only_with_trigger.py took 0.222 seconds
[2021-09-22 10:35:34,386] {processor.py:162} INFO - Started process (PID=1106) to work on /home/airflow/.local/lib/python3.6/site-packages/airflow/example_dags/example_latest_only_with_trigger.py
[2021-09-22 10:35:34,395] {processor.py:613} INFO - Processing file /home/airflow/.local/lib/python3.6/site-packages/airflow/example_dags/example_latest_only_with_trigger.py for tasks to queue
[2021-09-22 10:35:34,396] {logging_mixin.py:109} INFO - [2021-09-22 10:35:34,396] {dagbag.py:496} INFO - Filling up the DagBag from /home/airflow/.local/lib/python3.6/site-packages/airflow/example_dags/example_latest_only_with_trigger.py
[2021-09-22 10:35:34,410] {processor.py:623} INFO - DAG(s) dict_keys(['latest_only_with_trigger']) retrieved from /home/airflow/.local/lib/python3.6/site-packages/airflow/example_dags/example_latest_only_with_trigger.py
[2021-09-22 10:35:34,446] {logging_mixin.py:109} INFO - [2021-09-22 10:35:34,446] {dag.py:1834} INFO - Sync 1 DAGs
[2021-09-22 10:35:34,463] {logging_mixin.py:109} INFO - [2021-09-22 10:35:34,463] {dag.py:2287} INFO - Setting next_dagrun for latest_only_with_trigger to 2021-09-20 00:00:00+00:00
[2021-09-22 10:35:34,475] {processor.py:170} INFO - Processing /home/airflow/.local/lib/python3.6/site-packages/airflow/example_dags/example_latest_only_with_trigger.py took 0.095 seconds
[2021-09-22 10:36:05,018] {processor.py:162} INFO - Started process (PID=1157) to work on /home/airflow/.local/lib/python3.6/site-packages/airflow/example_dags/example_latest_only_with_trigger.py
[2021-09-22 10:36:05,020] {processor.py:613} INFO - Processing file /home/airflow/.local/lib/python3.6/site-packages/airflow/example_dags/example_latest_only_with_trigger.py for tasks to queue
[2021-09-22 10:36:05,022] {logging_mixin.py:109} INFO - [2021-09-22 10:36:05,021] {dagbag.py:496} INFO - Filling up the DagBag from /home/airflow/.local/lib/python3.6/site-packages/airflow/example_dags/example_latest_only_with_trigger.py
[2021-09-22 10:36:05,050] {processor.py:623} INFO - DAG(s) dict_keys(['latest_only_with_trigger']) retrieved from /home/airflow/.local/lib/python3.6/site-packages/airflow/example_dags/example_latest_only_with_trigger.py
[2021-09-22 10:36:05,079] {logging_mixin.py:109} INFO - [2021-09-22 10:36:05,079] {dag.py:1834} INFO - Sync 1 DAGs
[2021-09-22 10:36:05,093] {logging_mixin.py:109} INFO - [2021-09-22 10:36:05,093] {dag.py:2287} INFO - Setting next_dagrun for latest_only_with_trigger to 2021-09-20 00:00:00+00:00
[2021-09-22 10:36:05,104] {processor.py:170} INFO - Processing /home/airflow/.local/lib/python3.6/site-packages/airflow/example_dags/example_latest_only_with_trigger.py took 0.103 seconds
[2021-09-22 10:36:35,356] {processor.py:162} INFO - Started process (PID=1218) to work on /home/airflow/.local/lib/python3.6/site-packages/airflow/example_dags/example_latest_only_with_trigger.py
[2021-09-22 10:36:35,357] {processor.py:613} INFO - Processing file /home/airflow/.local/lib/python3.6/site-packages/airflow/example_dags/example_latest_only_with_trigger.py for tasks to queue
[2021-09-22 10:36:35,362] {logging_mixin.py:109} INFO - [2021-09-22 10:36:35,362] {dagbag.py:496} INFO - Filling up the DagBag from /home/airflow/.local/lib/python3.6/site-packages/airflow/example_dags/example_latest_only_with_trigger.py
[2021-09-22 10:36:35,378] {processor.py:623} INFO - DAG(s) dict_keys(['latest_only_with_trigger']) retrieved from /home/airflow/.local/lib/python3.6/site-packages/airflow/example_dags/example_latest_only_with_trigger.py
[2021-09-22 10:36:35,411] {logging_mixin.py:109} INFO - [2021-09-22 10:36:35,411] {dag.py:1834} INFO - Sync 1 DAGs
[2021-09-22 10:36:35,434] {logging_mixin.py:109} INFO - [2021-09-22 10:36:35,433] {dag.py:2287} INFO - Setting next_dagrun for latest_only_with_trigger to 2021-09-20 00:00:00+00:00
[2021-09-22 10:36:35,452] {processor.py:170} INFO - Processing /home/airflow/.local/lib/python3.6/site-packages/airflow/example_dags/example_latest_only_with_trigger.py took 0.100 seconds
[2021-09-22 10:38:15,518] {processor.py:162} INFO - Started process (PID=67) to work on /home/airflow/.local/lib/python3.6/site-packages/airflow/example_dags/example_latest_only_with_trigger.py
[2021-09-22 10:38:15,520] {processor.py:613} INFO - Processing file /home/airflow/.local/lib/python3.6/site-packages/airflow/example_dags/example_latest_only_with_trigger.py for tasks to queue
[2021-09-22 10:38:15,521] {logging_mixin.py:109} INFO - [2021-09-22 10:38:15,521] {dagbag.py:496} INFO - Filling up the DagBag from /home/airflow/.local/lib/python3.6/site-packages/airflow/example_dags/example_latest_only_with_trigger.py
[2021-09-22 10:38:15,638] {processor.py:623} INFO - DAG(s) dict_keys(['latest_only_with_trigger']) retrieved from /home/airflow/.local/lib/python3.6/site-packages/airflow/example_dags/example_latest_only_with_trigger.py
[2021-09-22 10:38:15,763] {logging_mixin.py:109} INFO - [2021-09-22 10:38:15,763] {dag.py:1834} INFO - Sync 1 DAGs
[2021-09-22 10:38:15,844] {logging_mixin.py:109} INFO - [2021-09-22 10:38:15,844] {dag.py:2287} INFO - Setting next_dagrun for latest_only_with_trigger to 2021-09-20 00:00:00+00:00
[2021-09-22 10:38:15,904] {processor.py:170} INFO - Processing /home/airflow/.local/lib/python3.6/site-packages/airflow/example_dags/example_latest_only_with_trigger.py took 0.412 seconds
[2021-09-22 10:38:46,503] {processor.py:162} INFO - Started process (PID=118) to work on /home/airflow/.local/lib/python3.6/site-packages/airflow/example_dags/example_latest_only_with_trigger.py
[2021-09-22 10:38:46,517] {processor.py:613} INFO - Processing file /home/airflow/.local/lib/python3.6/site-packages/airflow/example_dags/example_latest_only_with_trigger.py for tasks to queue
[2021-09-22 10:38:46,519] {logging_mixin.py:109} INFO - [2021-09-22 10:38:46,519] {dagbag.py:496} INFO - Filling up the DagBag from /home/airflow/.local/lib/python3.6/site-packages/airflow/example_dags/example_latest_only_with_trigger.py
[2021-09-22 10:38:46,606] {processor.py:623} INFO - DAG(s) dict_keys(['latest_only_with_trigger']) retrieved from /home/airflow/.local/lib/python3.6/site-packages/airflow/example_dags/example_latest_only_with_trigger.py
[2021-09-22 10:38:46,746] {logging_mixin.py:109} INFO - [2021-09-22 10:38:46,746] {dag.py:1834} INFO - Sync 1 DAGs
[2021-09-22 10:38:46,783] {logging_mixin.py:109} INFO - [2021-09-22 10:38:46,783] {dag.py:2287} INFO - Setting next_dagrun for latest_only_with_trigger to 2021-09-20 00:00:00+00:00
[2021-09-22 10:38:46,811] {processor.py:170} INFO - Processing /home/airflow/.local/lib/python3.6/site-packages/airflow/example_dags/example_latest_only_with_trigger.py took 0.329 seconds
[2021-09-22 10:41:37,869] {processor.py:162} INFO - Started process (PID=55) to work on /home/airflow/.local/lib/python3.6/site-packages/airflow/example_dags/example_latest_only_with_trigger.py
[2021-09-22 10:41:37,872] {processor.py:613} INFO - Processing file /home/airflow/.local/lib/python3.6/site-packages/airflow/example_dags/example_latest_only_with_trigger.py for tasks to queue
[2021-09-22 10:41:37,873] {logging_mixin.py:109} INFO - [2021-09-22 10:41:37,873] {dagbag.py:496} INFO - Filling up the DagBag from /home/airflow/.local/lib/python3.6/site-packages/airflow/example_dags/example_latest_only_with_trigger.py
[2021-09-22 10:41:37,925] {processor.py:623} INFO - DAG(s) dict_keys(['latest_only_with_trigger']) retrieved from /home/airflow/.local/lib/python3.6/site-packages/airflow/example_dags/example_latest_only_with_trigger.py
[2021-09-22 10:41:38,013] {logging_mixin.py:109} INFO - [2021-09-22 10:41:38,013] {dag.py:1834} INFO - Sync 1 DAGs
[2021-09-22 10:41:38,065] {logging_mixin.py:109} INFO - [2021-09-22 10:41:38,065] {dag.py:2287} INFO - Setting next_dagrun for latest_only_with_trigger to 2021-09-20 00:00:00+00:00
[2021-09-22 10:41:38,113] {processor.py:170} INFO - Processing /home/airflow/.local/lib/python3.6/site-packages/airflow/example_dags/example_latest_only_with_trigger.py took 0.257 seconds
[2021-09-22 10:42:08,624] {processor.py:162} INFO - Started process (PID=106) to work on /home/airflow/.local/lib/python3.6/site-packages/airflow/example_dags/example_latest_only_with_trigger.py
[2021-09-22 10:42:08,625] {processor.py:613} INFO - Processing file /home/airflow/.local/lib/python3.6/site-packages/airflow/example_dags/example_latest_only_with_trigger.py for tasks to queue
[2021-09-22 10:42:08,626] {logging_mixin.py:109} INFO - [2021-09-22 10:42:08,626] {dagbag.py:496} INFO - Filling up the DagBag from /home/airflow/.local/lib/python3.6/site-packages/airflow/example_dags/example_latest_only_with_trigger.py
[2021-09-22 10:42:08,644] {processor.py:623} INFO - DAG(s) dict_keys(['latest_only_with_trigger']) retrieved from /home/airflow/.local/lib/python3.6/site-packages/airflow/example_dags/example_latest_only_with_trigger.py
[2021-09-22 10:42:08,686] {logging_mixin.py:109} INFO - [2021-09-22 10:42:08,686] {dag.py:1834} INFO - Sync 1 DAGs
[2021-09-22 10:42:08,724] {logging_mixin.py:109} INFO - [2021-09-22 10:42:08,724] {dag.py:2287} INFO - Setting next_dagrun for latest_only_with_trigger to 2021-09-20 00:00:00+00:00
[2021-09-22 10:42:08,757] {processor.py:170} INFO - Processing /home/airflow/.local/lib/python3.6/site-packages/airflow/example_dags/example_latest_only_with_trigger.py took 0.142 seconds
[2021-09-22 10:42:38,833] {processor.py:162} INFO - Started process (PID=169) to work on /home/airflow/.local/lib/python3.6/site-packages/airflow/example_dags/example_latest_only_with_trigger.py
[2021-09-22 10:42:38,834] {processor.py:613} INFO - Processing file /home/airflow/.local/lib/python3.6/site-packages/airflow/example_dags/example_latest_only_with_trigger.py for tasks to queue
[2021-09-22 10:42:38,835] {logging_mixin.py:109} INFO - [2021-09-22 10:42:38,835] {dagbag.py:496} INFO - Filling up the DagBag from /home/airflow/.local/lib/python3.6/site-packages/airflow/example_dags/example_latest_only_with_trigger.py
[2021-09-22 10:42:38,847] {processor.py:623} INFO - DAG(s) dict_keys(['latest_only_with_trigger']) retrieved from /home/airflow/.local/lib/python3.6/site-packages/airflow/example_dags/example_latest_only_with_trigger.py
[2021-09-22 10:42:38,867] {logging_mixin.py:109} INFO - [2021-09-22 10:42:38,867] {dag.py:1834} INFO - Sync 1 DAGs
[2021-09-22 10:42:38,880] {logging_mixin.py:109} INFO - [2021-09-22 10:42:38,880] {dag.py:2287} INFO - Setting next_dagrun for latest_only_with_trigger to 2021-09-20 00:00:00+00:00
[2021-09-22 10:42:38,889] {processor.py:170} INFO - Processing /home/airflow/.local/lib/python3.6/site-packages/airflow/example_dags/example_latest_only_with_trigger.py took 0.059 seconds
[2021-09-22 10:43:09,462] {processor.py:162} INFO - Started process (PID=221) to work on /home/airflow/.local/lib/python3.6/site-packages/airflow/example_dags/example_latest_only_with_trigger.py
[2021-09-22 10:43:09,463] {processor.py:613} INFO - Processing file /home/airflow/.local/lib/python3.6/site-packages/airflow/example_dags/example_latest_only_with_trigger.py for tasks to queue
[2021-09-22 10:43:09,472] {logging_mixin.py:109} INFO - [2021-09-22 10:43:09,472] {dagbag.py:496} INFO - Filling up the DagBag from /home/airflow/.local/lib/python3.6/site-packages/airflow/example_dags/example_latest_only_with_trigger.py
[2021-09-22 10:43:09,510] {processor.py:623} INFO - DAG(s) dict_keys(['latest_only_with_trigger']) retrieved from /home/airflow/.local/lib/python3.6/site-packages/airflow/example_dags/example_latest_only_with_trigger.py
[2021-09-22 10:43:09,593] {logging_mixin.py:109} INFO - [2021-09-22 10:43:09,593] {dag.py:1834} INFO - Sync 1 DAGs
[2021-09-22 10:43:09,610] {logging_mixin.py:109} INFO - [2021-09-22 10:43:09,610] {dag.py:2287} INFO - Setting next_dagrun for latest_only_with_trigger to 2021-09-20 00:00:00+00:00
[2021-09-22 10:43:09,624] {processor.py:170} INFO - Processing /home/airflow/.local/lib/python3.6/site-packages/airflow/example_dags/example_latest_only_with_trigger.py took 0.167 seconds
[2021-09-22 10:43:40,404] {processor.py:162} INFO - Started process (PID=282) to work on /home/airflow/.local/lib/python3.6/site-packages/airflow/example_dags/example_latest_only_with_trigger.py
[2021-09-22 10:43:40,406] {processor.py:613} INFO - Processing file /home/airflow/.local/lib/python3.6/site-packages/airflow/example_dags/example_latest_only_with_trigger.py for tasks to queue
[2021-09-22 10:43:40,407] {logging_mixin.py:109} INFO - [2021-09-22 10:43:40,407] {dagbag.py:496} INFO - Filling up the DagBag from /home/airflow/.local/lib/python3.6/site-packages/airflow/example_dags/example_latest_only_with_trigger.py
[2021-09-22 10:43:40,422] {processor.py:623} INFO - DAG(s) dict_keys(['latest_only_with_trigger']) retrieved from /home/airflow/.local/lib/python3.6/site-packages/airflow/example_dags/example_latest_only_with_trigger.py
[2021-09-22 10:43:40,449] {logging_mixin.py:109} INFO - [2021-09-22 10:43:40,449] {dag.py:1834} INFO - Sync 1 DAGs
[2021-09-22 10:43:40,466] {logging_mixin.py:109} INFO - [2021-09-22 10:43:40,466] {dag.py:2287} INFO - Setting next_dagrun for latest_only_with_trigger to 2021-09-20 00:00:00+00:00
[2021-09-22 10:43:40,476] {processor.py:170} INFO - Processing /home/airflow/.local/lib/python3.6/site-packages/airflow/example_dags/example_latest_only_with_trigger.py took 0.075 seconds
[2021-09-22 10:44:11,403] {processor.py:162} INFO - Started process (PID=333) to work on /home/airflow/.local/lib/python3.6/site-packages/airflow/example_dags/example_latest_only_with_trigger.py
[2021-09-22 10:44:11,404] {processor.py:613} INFO - Processing file /home/airflow/.local/lib/python3.6/site-packages/airflow/example_dags/example_latest_only_with_trigger.py for tasks to queue
[2021-09-22 10:44:11,405] {logging_mixin.py:109} INFO - [2021-09-22 10:44:11,405] {dagbag.py:496} INFO - Filling up the DagBag from /home/airflow/.local/lib/python3.6/site-packages/airflow/example_dags/example_latest_only_with_trigger.py
[2021-09-22 10:44:11,445] {processor.py:623} INFO - DAG(s) dict_keys(['latest_only_with_trigger']) retrieved from /home/airflow/.local/lib/python3.6/site-packages/airflow/example_dags/example_latest_only_with_trigger.py
[2021-09-22 10:44:11,476] {logging_mixin.py:109} INFO - [2021-09-22 10:44:11,476] {dag.py:1834} INFO - Sync 1 DAGs
[2021-09-22 10:44:11,494] {logging_mixin.py:109} INFO - [2021-09-22 10:44:11,493] {dag.py:2287} INFO - Setting next_dagrun for latest_only_with_trigger to 2021-09-20 00:00:00+00:00
[2021-09-22 10:44:11,517] {processor.py:170} INFO - Processing /home/airflow/.local/lib/python3.6/site-packages/airflow/example_dags/example_latest_only_with_trigger.py took 0.118 seconds
