[2021-09-22 10:26:23,440] {processor.py:162} INFO - Started process (PID=123) to work on /home/airflow/.local/lib/python3.6/site-packages/airflow/example_dags/example_nested_branch_dag.py
[2021-09-22 10:26:23,442] {processor.py:613} INFO - Processing file /home/airflow/.local/lib/python3.6/site-packages/airflow/example_dags/example_nested_branch_dag.py for tasks to queue
[2021-09-22 10:26:23,445] {logging_mixin.py:109} INFO - [2021-09-22 10:26:23,444] {dagbag.py:496} INFO - Filling up the DagBag from /home/airflow/.local/lib/python3.6/site-packages/airflow/example_dags/example_nested_branch_dag.py
[2021-09-22 10:26:23,489] {processor.py:623} INFO - DAG(s) dict_keys(['example_nested_branch_dag']) retrieved from /home/airflow/.local/lib/python3.6/site-packages/airflow/example_dags/example_nested_branch_dag.py
[2021-09-22 10:26:26,872] {logging_mixin.py:109} INFO - [2021-09-22 10:26:26,871] {dag.py:1834} INFO - Sync 1 DAGs
[2021-09-22 10:26:26,886] {logging_mixin.py:109} INFO - [2021-09-22 10:26:26,885] {dag.py:1853} INFO - Creating ORM DAG for example_nested_branch_dag
[2021-09-22 10:26:26,895] {logging_mixin.py:109} INFO - [2021-09-22 10:26:26,895] {dag.py:2287} INFO - Setting next_dagrun for example_nested_branch_dag to 2021-09-20 00:00:00+00:00
[2021-09-22 10:26:26,909] {processor.py:170} INFO - Processing /home/airflow/.local/lib/python3.6/site-packages/airflow/example_dags/example_nested_branch_dag.py took 3.479 seconds
[2021-09-22 10:27:23,783] {processor.py:162} INFO - Started process (PID=218) to work on /home/airflow/.local/lib/python3.6/site-packages/airflow/example_dags/example_nested_branch_dag.py
[2021-09-22 10:27:23,796] {processor.py:613} INFO - Processing file /home/airflow/.local/lib/python3.6/site-packages/airflow/example_dags/example_nested_branch_dag.py for tasks to queue
[2021-09-22 10:27:23,797] {logging_mixin.py:109} INFO - [2021-09-22 10:27:23,797] {dagbag.py:496} INFO - Filling up the DagBag from /home/airflow/.local/lib/python3.6/site-packages/airflow/example_dags/example_nested_branch_dag.py
[2021-09-22 10:27:23,838] {processor.py:623} INFO - DAG(s) dict_keys(['example_nested_branch_dag']) retrieved from /home/airflow/.local/lib/python3.6/site-packages/airflow/example_dags/example_nested_branch_dag.py
[2021-09-22 10:27:23,954] {logging_mixin.py:109} INFO - [2021-09-22 10:27:23,954] {dag.py:1834} INFO - Sync 1 DAGs
[2021-09-22 10:27:23,980] {logging_mixin.py:109} INFO - [2021-09-22 10:27:23,980] {dag.py:2287} INFO - Setting next_dagrun for example_nested_branch_dag to 2021-09-20 00:00:00+00:00
[2021-09-22 10:27:23,995] {processor.py:170} INFO - Processing /home/airflow/.local/lib/python3.6/site-packages/airflow/example_dags/example_nested_branch_dag.py took 0.220 seconds
[2021-09-22 10:27:55,017] {processor.py:162} INFO - Started process (PID=278) to work on /home/airflow/.local/lib/python3.6/site-packages/airflow/example_dags/example_nested_branch_dag.py
[2021-09-22 10:27:55,022] {processor.py:613} INFO - Processing file /home/airflow/.local/lib/python3.6/site-packages/airflow/example_dags/example_nested_branch_dag.py for tasks to queue
[2021-09-22 10:27:55,023] {logging_mixin.py:109} INFO - [2021-09-22 10:27:55,023] {dagbag.py:496} INFO - Filling up the DagBag from /home/airflow/.local/lib/python3.6/site-packages/airflow/example_dags/example_nested_branch_dag.py
[2021-09-22 10:27:55,041] {processor.py:623} INFO - DAG(s) dict_keys(['example_nested_branch_dag']) retrieved from /home/airflow/.local/lib/python3.6/site-packages/airflow/example_dags/example_nested_branch_dag.py
[2021-09-22 10:27:55,093] {logging_mixin.py:109} INFO - [2021-09-22 10:27:55,093] {dag.py:1834} INFO - Sync 1 DAGs
[2021-09-22 10:27:55,142] {logging_mixin.py:109} INFO - [2021-09-22 10:27:55,141] {dag.py:2287} INFO - Setting next_dagrun for example_nested_branch_dag to 2021-09-20 00:00:00+00:00
[2021-09-22 10:27:55,182] {processor.py:170} INFO - Processing /home/airflow/.local/lib/python3.6/site-packages/airflow/example_dags/example_nested_branch_dag.py took 0.168 seconds
[2021-09-22 10:28:25,414] {processor.py:162} INFO - Started process (PID=329) to work on /home/airflow/.local/lib/python3.6/site-packages/airflow/example_dags/example_nested_branch_dag.py
[2021-09-22 10:28:25,415] {processor.py:613} INFO - Processing file /home/airflow/.local/lib/python3.6/site-packages/airflow/example_dags/example_nested_branch_dag.py for tasks to queue
[2021-09-22 10:28:25,416] {logging_mixin.py:109} INFO - [2021-09-22 10:28:25,416] {dagbag.py:496} INFO - Filling up the DagBag from /home/airflow/.local/lib/python3.6/site-packages/airflow/example_dags/example_nested_branch_dag.py
[2021-09-22 10:28:25,441] {processor.py:623} INFO - DAG(s) dict_keys(['example_nested_branch_dag']) retrieved from /home/airflow/.local/lib/python3.6/site-packages/airflow/example_dags/example_nested_branch_dag.py
[2021-09-22 10:28:25,480] {logging_mixin.py:109} INFO - [2021-09-22 10:28:25,480] {dag.py:1834} INFO - Sync 1 DAGs
[2021-09-22 10:28:25,522] {logging_mixin.py:109} INFO - [2021-09-22 10:28:25,516] {dag.py:2287} INFO - Setting next_dagrun for example_nested_branch_dag to 2021-09-20 00:00:00+00:00
[2021-09-22 10:28:25,549] {processor.py:170} INFO - Processing /home/airflow/.local/lib/python3.6/site-packages/airflow/example_dags/example_nested_branch_dag.py took 0.140 seconds
[2021-09-22 10:28:56,901] {processor.py:162} INFO - Started process (PID=389) to work on /home/airflow/.local/lib/python3.6/site-packages/airflow/example_dags/example_nested_branch_dag.py
[2021-09-22 10:28:56,904] {processor.py:613} INFO - Processing file /home/airflow/.local/lib/python3.6/site-packages/airflow/example_dags/example_nested_branch_dag.py for tasks to queue
[2021-09-22 10:28:56,905] {logging_mixin.py:109} INFO - [2021-09-22 10:28:56,905] {dagbag.py:496} INFO - Filling up the DagBag from /home/airflow/.local/lib/python3.6/site-packages/airflow/example_dags/example_nested_branch_dag.py
[2021-09-22 10:28:56,946] {processor.py:623} INFO - DAG(s) dict_keys(['example_nested_branch_dag']) retrieved from /home/airflow/.local/lib/python3.6/site-packages/airflow/example_dags/example_nested_branch_dag.py
[2021-09-22 10:28:57,060] {logging_mixin.py:109} INFO - [2021-09-22 10:28:57,060] {dag.py:1834} INFO - Sync 1 DAGs
[2021-09-22 10:28:57,106] {logging_mixin.py:109} INFO - [2021-09-22 10:28:57,106] {dag.py:2287} INFO - Setting next_dagrun for example_nested_branch_dag to 2021-09-20 00:00:00+00:00
[2021-09-22 10:28:57,144] {processor.py:170} INFO - Processing /home/airflow/.local/lib/python3.6/site-packages/airflow/example_dags/example_nested_branch_dag.py took 0.256 seconds
[2021-09-22 10:29:27,655] {processor.py:162} INFO - Started process (PID=440) to work on /home/airflow/.local/lib/python3.6/site-packages/airflow/example_dags/example_nested_branch_dag.py
[2021-09-22 10:29:27,656] {processor.py:613} INFO - Processing file /home/airflow/.local/lib/python3.6/site-packages/airflow/example_dags/example_nested_branch_dag.py for tasks to queue
[2021-09-22 10:29:27,657] {logging_mixin.py:109} INFO - [2021-09-22 10:29:27,657] {dagbag.py:496} INFO - Filling up the DagBag from /home/airflow/.local/lib/python3.6/site-packages/airflow/example_dags/example_nested_branch_dag.py
[2021-09-22 10:29:27,738] {processor.py:623} INFO - DAG(s) dict_keys(['example_nested_branch_dag']) retrieved from /home/airflow/.local/lib/python3.6/site-packages/airflow/example_dags/example_nested_branch_dag.py
[2021-09-22 10:29:27,914] {logging_mixin.py:109} INFO - [2021-09-22 10:29:27,914] {dag.py:1834} INFO - Sync 1 DAGs
[2021-09-22 10:29:27,960] {logging_mixin.py:109} INFO - [2021-09-22 10:29:27,960] {dag.py:2287} INFO - Setting next_dagrun for example_nested_branch_dag to 2021-09-20 00:00:00+00:00
[2021-09-22 10:29:28,060] {processor.py:170} INFO - Processing /home/airflow/.local/lib/python3.6/site-packages/airflow/example_dags/example_nested_branch_dag.py took 0.417 seconds
[2021-09-22 10:29:58,723] {processor.py:162} INFO - Started process (PID=491) to work on /home/airflow/.local/lib/python3.6/site-packages/airflow/example_dags/example_nested_branch_dag.py
[2021-09-22 10:29:58,725] {processor.py:613} INFO - Processing file /home/airflow/.local/lib/python3.6/site-packages/airflow/example_dags/example_nested_branch_dag.py for tasks to queue
[2021-09-22 10:29:58,725] {logging_mixin.py:109} INFO - [2021-09-22 10:29:58,725] {dagbag.py:496} INFO - Filling up the DagBag from /home/airflow/.local/lib/python3.6/site-packages/airflow/example_dags/example_nested_branch_dag.py
[2021-09-22 10:29:58,757] {processor.py:623} INFO - DAG(s) dict_keys(['example_nested_branch_dag']) retrieved from /home/airflow/.local/lib/python3.6/site-packages/airflow/example_dags/example_nested_branch_dag.py
[2021-09-22 10:29:58,837] {logging_mixin.py:109} INFO - [2021-09-22 10:29:58,837] {dag.py:1834} INFO - Sync 1 DAGs
[2021-09-22 10:29:58,871] {logging_mixin.py:109} INFO - [2021-09-22 10:29:58,871] {dag.py:2287} INFO - Setting next_dagrun for example_nested_branch_dag to 2021-09-20 00:00:00+00:00
[2021-09-22 10:29:58,898] {processor.py:170} INFO - Processing /home/airflow/.local/lib/python3.6/site-packages/airflow/example_dags/example_nested_branch_dag.py took 0.179 seconds
[2021-09-22 10:30:29,807] {processor.py:162} INFO - Started process (PID=554) to work on /home/airflow/.local/lib/python3.6/site-packages/airflow/example_dags/example_nested_branch_dag.py
[2021-09-22 10:30:29,808] {processor.py:613} INFO - Processing file /home/airflow/.local/lib/python3.6/site-packages/airflow/example_dags/example_nested_branch_dag.py for tasks to queue
[2021-09-22 10:30:29,809] {logging_mixin.py:109} INFO - [2021-09-22 10:30:29,809] {dagbag.py:496} INFO - Filling up the DagBag from /home/airflow/.local/lib/python3.6/site-packages/airflow/example_dags/example_nested_branch_dag.py
[2021-09-22 10:30:29,839] {processor.py:623} INFO - DAG(s) dict_keys(['example_nested_branch_dag']) retrieved from /home/airflow/.local/lib/python3.6/site-packages/airflow/example_dags/example_nested_branch_dag.py
[2021-09-22 10:30:29,868] {logging_mixin.py:109} INFO - [2021-09-22 10:30:29,868] {dag.py:1834} INFO - Sync 1 DAGs
[2021-09-22 10:30:29,891] {logging_mixin.py:109} INFO - [2021-09-22 10:30:29,891] {dag.py:2287} INFO - Setting next_dagrun for example_nested_branch_dag to 2021-09-20 00:00:00+00:00
[2021-09-22 10:30:29,925] {processor.py:170} INFO - Processing /home/airflow/.local/lib/python3.6/site-packages/airflow/example_dags/example_nested_branch_dag.py took 0.129 seconds
[2021-09-22 10:31:00,851] {processor.py:162} INFO - Started process (PID=607) to work on /home/airflow/.local/lib/python3.6/site-packages/airflow/example_dags/example_nested_branch_dag.py
[2021-09-22 10:31:00,856] {processor.py:613} INFO - Processing file /home/airflow/.local/lib/python3.6/site-packages/airflow/example_dags/example_nested_branch_dag.py for tasks to queue
[2021-09-22 10:31:00,857] {logging_mixin.py:109} INFO - [2021-09-22 10:31:00,857] {dagbag.py:496} INFO - Filling up the DagBag from /home/airflow/.local/lib/python3.6/site-packages/airflow/example_dags/example_nested_branch_dag.py
[2021-09-22 10:31:00,885] {processor.py:623} INFO - DAG(s) dict_keys(['example_nested_branch_dag']) retrieved from /home/airflow/.local/lib/python3.6/site-packages/airflow/example_dags/example_nested_branch_dag.py
[2021-09-22 10:31:00,916] {logging_mixin.py:109} INFO - [2021-09-22 10:31:00,916] {dag.py:1834} INFO - Sync 1 DAGs
[2021-09-22 10:31:00,944] {logging_mixin.py:109} INFO - [2021-09-22 10:31:00,944] {dag.py:2287} INFO - Setting next_dagrun for example_nested_branch_dag to 2021-09-20 00:00:00+00:00
[2021-09-22 10:31:00,960] {processor.py:170} INFO - Processing /home/airflow/.local/lib/python3.6/site-packages/airflow/example_dags/example_nested_branch_dag.py took 0.113 seconds
[2021-09-22 10:31:30,999] {processor.py:162} INFO - Started process (PID=658) to work on /home/airflow/.local/lib/python3.6/site-packages/airflow/example_dags/example_nested_branch_dag.py
[2021-09-22 10:31:31,000] {processor.py:613} INFO - Processing file /home/airflow/.local/lib/python3.6/site-packages/airflow/example_dags/example_nested_branch_dag.py for tasks to queue
[2021-09-22 10:31:31,001] {logging_mixin.py:109} INFO - [2021-09-22 10:31:31,001] {dagbag.py:496} INFO - Filling up the DagBag from /home/airflow/.local/lib/python3.6/site-packages/airflow/example_dags/example_nested_branch_dag.py
[2021-09-22 10:31:31,022] {processor.py:623} INFO - DAG(s) dict_keys(['example_nested_branch_dag']) retrieved from /home/airflow/.local/lib/python3.6/site-packages/airflow/example_dags/example_nested_branch_dag.py
[2021-09-22 10:31:31,082] {logging_mixin.py:109} INFO - [2021-09-22 10:31:31,082] {dag.py:1834} INFO - Sync 1 DAGs
[2021-09-22 10:31:31,116] {logging_mixin.py:109} INFO - [2021-09-22 10:31:31,116] {dag.py:2287} INFO - Setting next_dagrun for example_nested_branch_dag to 2021-09-20 00:00:00+00:00
[2021-09-22 10:31:31,138] {processor.py:170} INFO - Processing /home/airflow/.local/lib/python3.6/site-packages/airflow/example_dags/example_nested_branch_dag.py took 0.143 seconds
[2021-09-22 10:32:01,554] {processor.py:162} INFO - Started process (PID=720) to work on /home/airflow/.local/lib/python3.6/site-packages/airflow/example_dags/example_nested_branch_dag.py
[2021-09-22 10:32:01,559] {processor.py:613} INFO - Processing file /home/airflow/.local/lib/python3.6/site-packages/airflow/example_dags/example_nested_branch_dag.py for tasks to queue
[2021-09-22 10:32:01,560] {logging_mixin.py:109} INFO - [2021-09-22 10:32:01,560] {dagbag.py:496} INFO - Filling up the DagBag from /home/airflow/.local/lib/python3.6/site-packages/airflow/example_dags/example_nested_branch_dag.py
[2021-09-22 10:32:01,600] {processor.py:623} INFO - DAG(s) dict_keys(['example_nested_branch_dag']) retrieved from /home/airflow/.local/lib/python3.6/site-packages/airflow/example_dags/example_nested_branch_dag.py
[2021-09-22 10:32:01,685] {logging_mixin.py:109} INFO - [2021-09-22 10:32:01,685] {dag.py:1834} INFO - Sync 1 DAGs
[2021-09-22 10:32:01,738] {logging_mixin.py:109} INFO - [2021-09-22 10:32:01,738] {dag.py:2287} INFO - Setting next_dagrun for example_nested_branch_dag to 2021-09-20 00:00:00+00:00
[2021-09-22 10:32:01,763] {processor.py:170} INFO - Processing /home/airflow/.local/lib/python3.6/site-packages/airflow/example_dags/example_nested_branch_dag.py took 0.239 seconds
[2021-09-22 10:32:31,793] {processor.py:162} INFO - Started process (PID=772) to work on /home/airflow/.local/lib/python3.6/site-packages/airflow/example_dags/example_nested_branch_dag.py
[2021-09-22 10:32:31,795] {processor.py:613} INFO - Processing file /home/airflow/.local/lib/python3.6/site-packages/airflow/example_dags/example_nested_branch_dag.py for tasks to queue
[2021-09-22 10:32:31,795] {logging_mixin.py:109} INFO - [2021-09-22 10:32:31,795] {dagbag.py:496} INFO - Filling up the DagBag from /home/airflow/.local/lib/python3.6/site-packages/airflow/example_dags/example_nested_branch_dag.py
[2021-09-22 10:32:31,813] {processor.py:623} INFO - DAG(s) dict_keys(['example_nested_branch_dag']) retrieved from /home/airflow/.local/lib/python3.6/site-packages/airflow/example_dags/example_nested_branch_dag.py
[2021-09-22 10:32:31,860] {logging_mixin.py:109} INFO - [2021-09-22 10:32:31,860] {dag.py:1834} INFO - Sync 1 DAGs
[2021-09-22 10:32:31,882] {logging_mixin.py:109} INFO - [2021-09-22 10:32:31,882] {dag.py:2287} INFO - Setting next_dagrun for example_nested_branch_dag to 2021-09-20 00:00:00+00:00
[2021-09-22 10:32:31,907] {processor.py:170} INFO - Processing /home/airflow/.local/lib/python3.6/site-packages/airflow/example_dags/example_nested_branch_dag.py took 0.118 seconds
[2021-09-22 10:33:02,623] {processor.py:162} INFO - Started process (PID=833) to work on /home/airflow/.local/lib/python3.6/site-packages/airflow/example_dags/example_nested_branch_dag.py
[2021-09-22 10:33:02,625] {processor.py:613} INFO - Processing file /home/airflow/.local/lib/python3.6/site-packages/airflow/example_dags/example_nested_branch_dag.py for tasks to queue
[2021-09-22 10:33:02,626] {logging_mixin.py:109} INFO - [2021-09-22 10:33:02,625] {dagbag.py:496} INFO - Filling up the DagBag from /home/airflow/.local/lib/python3.6/site-packages/airflow/example_dags/example_nested_branch_dag.py
[2021-09-22 10:33:02,645] {processor.py:623} INFO - DAG(s) dict_keys(['example_nested_branch_dag']) retrieved from /home/airflow/.local/lib/python3.6/site-packages/airflow/example_dags/example_nested_branch_dag.py
[2021-09-22 10:33:02,677] {logging_mixin.py:109} INFO - [2021-09-22 10:33:02,677] {dag.py:1834} INFO - Sync 1 DAGs
[2021-09-22 10:33:02,701] {logging_mixin.py:109} INFO - [2021-09-22 10:33:02,701] {dag.py:2287} INFO - Setting next_dagrun for example_nested_branch_dag to 2021-09-20 00:00:00+00:00
[2021-09-22 10:33:02,713] {processor.py:170} INFO - Processing /home/airflow/.local/lib/python3.6/site-packages/airflow/example_dags/example_nested_branch_dag.py took 0.094 seconds
[2021-09-22 10:33:33,486] {processor.py:162} INFO - Started process (PID=894) to work on /home/airflow/.local/lib/python3.6/site-packages/airflow/example_dags/example_nested_branch_dag.py
[2021-09-22 10:33:33,487] {processor.py:613} INFO - Processing file /home/airflow/.local/lib/python3.6/site-packages/airflow/example_dags/example_nested_branch_dag.py for tasks to queue
[2021-09-22 10:33:33,490] {logging_mixin.py:109} INFO - [2021-09-22 10:33:33,490] {dagbag.py:496} INFO - Filling up the DagBag from /home/airflow/.local/lib/python3.6/site-packages/airflow/example_dags/example_nested_branch_dag.py
[2021-09-22 10:33:33,516] {processor.py:623} INFO - DAG(s) dict_keys(['example_nested_branch_dag']) retrieved from /home/airflow/.local/lib/python3.6/site-packages/airflow/example_dags/example_nested_branch_dag.py
[2021-09-22 10:33:33,547] {logging_mixin.py:109} INFO - [2021-09-22 10:33:33,546] {dag.py:1834} INFO - Sync 1 DAGs
[2021-09-22 10:33:33,574] {logging_mixin.py:109} INFO - [2021-09-22 10:33:33,574] {dag.py:2287} INFO - Setting next_dagrun for example_nested_branch_dag to 2021-09-20 00:00:00+00:00
[2021-09-22 10:33:33,588] {processor.py:170} INFO - Processing /home/airflow/.local/lib/python3.6/site-packages/airflow/example_dags/example_nested_branch_dag.py took 0.111 seconds
[2021-09-22 10:34:04,139] {processor.py:162} INFO - Started process (PID=946) to work on /home/airflow/.local/lib/python3.6/site-packages/airflow/example_dags/example_nested_branch_dag.py
[2021-09-22 10:34:04,141] {processor.py:613} INFO - Processing file /home/airflow/.local/lib/python3.6/site-packages/airflow/example_dags/example_nested_branch_dag.py for tasks to queue
[2021-09-22 10:34:04,141] {logging_mixin.py:109} INFO - [2021-09-22 10:34:04,141] {dagbag.py:496} INFO - Filling up the DagBag from /home/airflow/.local/lib/python3.6/site-packages/airflow/example_dags/example_nested_branch_dag.py
[2021-09-22 10:34:04,166] {processor.py:623} INFO - DAG(s) dict_keys(['example_nested_branch_dag']) retrieved from /home/airflow/.local/lib/python3.6/site-packages/airflow/example_dags/example_nested_branch_dag.py
[2021-09-22 10:34:04,210] {logging_mixin.py:109} INFO - [2021-09-22 10:34:04,210] {dag.py:1834} INFO - Sync 1 DAGs
[2021-09-22 10:34:04,235] {logging_mixin.py:109} INFO - [2021-09-22 10:34:04,235] {dag.py:2287} INFO - Setting next_dagrun for example_nested_branch_dag to 2021-09-20 00:00:00+00:00
[2021-09-22 10:34:04,248] {processor.py:170} INFO - Processing /home/airflow/.local/lib/python3.6/site-packages/airflow/example_dags/example_nested_branch_dag.py took 0.114 seconds
[2021-09-22 10:34:34,569] {processor.py:162} INFO - Started process (PID=997) to work on /home/airflow/.local/lib/python3.6/site-packages/airflow/example_dags/example_nested_branch_dag.py
[2021-09-22 10:34:34,570] {processor.py:613} INFO - Processing file /home/airflow/.local/lib/python3.6/site-packages/airflow/example_dags/example_nested_branch_dag.py for tasks to queue
[2021-09-22 10:34:34,571] {logging_mixin.py:109} INFO - [2021-09-22 10:34:34,570] {dagbag.py:496} INFO - Filling up the DagBag from /home/airflow/.local/lib/python3.6/site-packages/airflow/example_dags/example_nested_branch_dag.py
[2021-09-22 10:34:34,591] {processor.py:623} INFO - DAG(s) dict_keys(['example_nested_branch_dag']) retrieved from /home/airflow/.local/lib/python3.6/site-packages/airflow/example_dags/example_nested_branch_dag.py
[2021-09-22 10:34:34,621] {logging_mixin.py:109} INFO - [2021-09-22 10:34:34,621] {dag.py:1834} INFO - Sync 1 DAGs
[2021-09-22 10:34:34,643] {logging_mixin.py:109} INFO - [2021-09-22 10:34:34,643] {dag.py:2287} INFO - Setting next_dagrun for example_nested_branch_dag to 2021-09-20 00:00:00+00:00
[2021-09-22 10:34:34,655] {processor.py:170} INFO - Processing /home/airflow/.local/lib/python3.6/site-packages/airflow/example_dags/example_nested_branch_dag.py took 0.090 seconds
[2021-09-22 10:35:05,606] {processor.py:162} INFO - Started process (PID=1057) to work on /home/airflow/.local/lib/python3.6/site-packages/airflow/example_dags/example_nested_branch_dag.py
[2021-09-22 10:35:05,610] {processor.py:613} INFO - Processing file /home/airflow/.local/lib/python3.6/site-packages/airflow/example_dags/example_nested_branch_dag.py for tasks to queue
[2021-09-22 10:35:05,615] {logging_mixin.py:109} INFO - [2021-09-22 10:35:05,611] {dagbag.py:496} INFO - Filling up the DagBag from /home/airflow/.local/lib/python3.6/site-packages/airflow/example_dags/example_nested_branch_dag.py
[2021-09-22 10:35:05,700] {processor.py:623} INFO - DAG(s) dict_keys(['example_nested_branch_dag']) retrieved from /home/airflow/.local/lib/python3.6/site-packages/airflow/example_dags/example_nested_branch_dag.py
[2021-09-22 10:35:05,798] {logging_mixin.py:109} INFO - [2021-09-22 10:35:05,798] {dag.py:1834} INFO - Sync 1 DAGs
[2021-09-22 10:35:05,829] {logging_mixin.py:109} INFO - [2021-09-22 10:35:05,829] {dag.py:2287} INFO - Setting next_dagrun for example_nested_branch_dag to 2021-09-20 00:00:00+00:00
[2021-09-22 10:35:05,884] {processor.py:170} INFO - Processing /home/airflow/.local/lib/python3.6/site-packages/airflow/example_dags/example_nested_branch_dag.py took 0.293 seconds
[2021-09-22 10:35:35,939] {processor.py:162} INFO - Started process (PID=1110) to work on /home/airflow/.local/lib/python3.6/site-packages/airflow/example_dags/example_nested_branch_dag.py
[2021-09-22 10:35:35,941] {processor.py:613} INFO - Processing file /home/airflow/.local/lib/python3.6/site-packages/airflow/example_dags/example_nested_branch_dag.py for tasks to queue
[2021-09-22 10:35:35,945] {logging_mixin.py:109} INFO - [2021-09-22 10:35:35,945] {dagbag.py:496} INFO - Filling up the DagBag from /home/airflow/.local/lib/python3.6/site-packages/airflow/example_dags/example_nested_branch_dag.py
[2021-09-22 10:35:36,003] {processor.py:623} INFO - DAG(s) dict_keys(['example_nested_branch_dag']) retrieved from /home/airflow/.local/lib/python3.6/site-packages/airflow/example_dags/example_nested_branch_dag.py
[2021-09-22 10:35:36,065] {logging_mixin.py:109} INFO - [2021-09-22 10:35:36,064] {dag.py:1834} INFO - Sync 1 DAGs
[2021-09-22 10:35:36,120] {logging_mixin.py:109} INFO - [2021-09-22 10:35:36,120] {dag.py:2287} INFO - Setting next_dagrun for example_nested_branch_dag to 2021-09-20 00:00:00+00:00
[2021-09-22 10:35:36,161] {processor.py:170} INFO - Processing /home/airflow/.local/lib/python3.6/site-packages/airflow/example_dags/example_nested_branch_dag.py took 0.226 seconds
[2021-09-22 10:36:06,374] {processor.py:162} INFO - Started process (PID=1160) to work on /home/airflow/.local/lib/python3.6/site-packages/airflow/example_dags/example_nested_branch_dag.py
[2021-09-22 10:36:06,376] {processor.py:613} INFO - Processing file /home/airflow/.local/lib/python3.6/site-packages/airflow/example_dags/example_nested_branch_dag.py for tasks to queue
[2021-09-22 10:36:06,376] {logging_mixin.py:109} INFO - [2021-09-22 10:36:06,376] {dagbag.py:496} INFO - Filling up the DagBag from /home/airflow/.local/lib/python3.6/site-packages/airflow/example_dags/example_nested_branch_dag.py
[2021-09-22 10:36:06,392] {processor.py:623} INFO - DAG(s) dict_keys(['example_nested_branch_dag']) retrieved from /home/airflow/.local/lib/python3.6/site-packages/airflow/example_dags/example_nested_branch_dag.py
[2021-09-22 10:36:06,431] {logging_mixin.py:109} INFO - [2021-09-22 10:36:06,430] {dag.py:1834} INFO - Sync 1 DAGs
[2021-09-22 10:36:06,482] {logging_mixin.py:109} INFO - [2021-09-22 10:36:06,482] {dag.py:2287} INFO - Setting next_dagrun for example_nested_branch_dag to 2021-09-20 00:00:00+00:00
[2021-09-22 10:36:06,498] {processor.py:170} INFO - Processing /home/airflow/.local/lib/python3.6/site-packages/airflow/example_dags/example_nested_branch_dag.py took 0.127 seconds
[2021-09-22 10:36:36,953] {processor.py:162} INFO - Started process (PID=1221) to work on /home/airflow/.local/lib/python3.6/site-packages/airflow/example_dags/example_nested_branch_dag.py
[2021-09-22 10:36:36,961] {processor.py:613} INFO - Processing file /home/airflow/.local/lib/python3.6/site-packages/airflow/example_dags/example_nested_branch_dag.py for tasks to queue
[2021-09-22 10:36:36,962] {logging_mixin.py:109} INFO - [2021-09-22 10:36:36,962] {dagbag.py:496} INFO - Filling up the DagBag from /home/airflow/.local/lib/python3.6/site-packages/airflow/example_dags/example_nested_branch_dag.py
[2021-09-22 10:36:37,018] {processor.py:623} INFO - DAG(s) dict_keys(['example_nested_branch_dag']) retrieved from /home/airflow/.local/lib/python3.6/site-packages/airflow/example_dags/example_nested_branch_dag.py
[2021-09-22 10:36:37,130] {logging_mixin.py:109} INFO - [2021-09-22 10:36:37,130] {dag.py:1834} INFO - Sync 1 DAGs
[2021-09-22 10:36:37,162] {logging_mixin.py:109} INFO - [2021-09-22 10:36:37,159] {dag.py:2287} INFO - Setting next_dagrun for example_nested_branch_dag to 2021-09-20 00:00:00+00:00
[2021-09-22 10:36:37,175] {processor.py:170} INFO - Processing /home/airflow/.local/lib/python3.6/site-packages/airflow/example_dags/example_nested_branch_dag.py took 0.240 seconds
[2021-09-22 10:38:15,741] {processor.py:162} INFO - Started process (PID=68) to work on /home/airflow/.local/lib/python3.6/site-packages/airflow/example_dags/example_nested_branch_dag.py
[2021-09-22 10:38:15,752] {processor.py:613} INFO - Processing file /home/airflow/.local/lib/python3.6/site-packages/airflow/example_dags/example_nested_branch_dag.py for tasks to queue
[2021-09-22 10:38:15,753] {logging_mixin.py:109} INFO - [2021-09-22 10:38:15,753] {dagbag.py:496} INFO - Filling up the DagBag from /home/airflow/.local/lib/python3.6/site-packages/airflow/example_dags/example_nested_branch_dag.py
[2021-09-22 10:38:15,860] {processor.py:623} INFO - DAG(s) dict_keys(['example_nested_branch_dag']) retrieved from /home/airflow/.local/lib/python3.6/site-packages/airflow/example_dags/example_nested_branch_dag.py
[2021-09-22 10:38:16,080] {logging_mixin.py:109} INFO - [2021-09-22 10:38:16,080] {dag.py:1834} INFO - Sync 1 DAGs
[2021-09-22 10:38:16,133] {logging_mixin.py:109} INFO - [2021-09-22 10:38:16,133] {dag.py:2287} INFO - Setting next_dagrun for example_nested_branch_dag to 2021-09-20 00:00:00+00:00
[2021-09-22 10:38:16,157] {processor.py:170} INFO - Processing /home/airflow/.local/lib/python3.6/site-packages/airflow/example_dags/example_nested_branch_dag.py took 0.436 seconds
[2021-09-22 10:38:46,896] {processor.py:162} INFO - Started process (PID=119) to work on /home/airflow/.local/lib/python3.6/site-packages/airflow/example_dags/example_nested_branch_dag.py
[2021-09-22 10:38:46,911] {processor.py:613} INFO - Processing file /home/airflow/.local/lib/python3.6/site-packages/airflow/example_dags/example_nested_branch_dag.py for tasks to queue
[2021-09-22 10:38:46,912] {logging_mixin.py:109} INFO - [2021-09-22 10:38:46,911] {dagbag.py:496} INFO - Filling up the DagBag from /home/airflow/.local/lib/python3.6/site-packages/airflow/example_dags/example_nested_branch_dag.py
[2021-09-22 10:38:47,004] {processor.py:623} INFO - DAG(s) dict_keys(['example_nested_branch_dag']) retrieved from /home/airflow/.local/lib/python3.6/site-packages/airflow/example_dags/example_nested_branch_dag.py
[2021-09-22 10:38:47,149] {logging_mixin.py:109} INFO - [2021-09-22 10:38:47,149] {dag.py:1834} INFO - Sync 1 DAGs
[2021-09-22 10:38:47,252] {logging_mixin.py:109} INFO - [2021-09-22 10:38:47,251] {dag.py:2287} INFO - Setting next_dagrun for example_nested_branch_dag to 2021-09-20 00:00:00+00:00
[2021-09-22 10:38:47,309] {processor.py:170} INFO - Processing /home/airflow/.local/lib/python3.6/site-packages/airflow/example_dags/example_nested_branch_dag.py took 0.442 seconds
[2021-09-22 10:41:37,955] {processor.py:162} INFO - Started process (PID=56) to work on /home/airflow/.local/lib/python3.6/site-packages/airflow/example_dags/example_nested_branch_dag.py
[2021-09-22 10:41:37,963] {processor.py:613} INFO - Processing file /home/airflow/.local/lib/python3.6/site-packages/airflow/example_dags/example_nested_branch_dag.py for tasks to queue
[2021-09-22 10:41:37,964] {logging_mixin.py:109} INFO - [2021-09-22 10:41:37,964] {dagbag.py:496} INFO - Filling up the DagBag from /home/airflow/.local/lib/python3.6/site-packages/airflow/example_dags/example_nested_branch_dag.py
[2021-09-22 10:41:38,018] {processor.py:623} INFO - DAG(s) dict_keys(['example_nested_branch_dag']) retrieved from /home/airflow/.local/lib/python3.6/site-packages/airflow/example_dags/example_nested_branch_dag.py
[2021-09-22 10:41:38,092] {logging_mixin.py:109} INFO - [2021-09-22 10:41:38,092] {dag.py:1834} INFO - Sync 1 DAGs
[2021-09-22 10:41:38,134] {logging_mixin.py:109} INFO - [2021-09-22 10:41:38,134] {dag.py:2287} INFO - Setting next_dagrun for example_nested_branch_dag to 2021-09-20 00:00:00+00:00
[2021-09-22 10:41:38,162] {processor.py:170} INFO - Processing /home/airflow/.local/lib/python3.6/site-packages/airflow/example_dags/example_nested_branch_dag.py took 0.218 seconds
[2021-09-22 10:42:08,658] {processor.py:162} INFO - Started process (PID=107) to work on /home/airflow/.local/lib/python3.6/site-packages/airflow/example_dags/example_nested_branch_dag.py
[2021-09-22 10:42:08,660] {processor.py:613} INFO - Processing file /home/airflow/.local/lib/python3.6/site-packages/airflow/example_dags/example_nested_branch_dag.py for tasks to queue
[2021-09-22 10:42:08,661] {logging_mixin.py:109} INFO - [2021-09-22 10:42:08,661] {dagbag.py:496} INFO - Filling up the DagBag from /home/airflow/.local/lib/python3.6/site-packages/airflow/example_dags/example_nested_branch_dag.py
[2021-09-22 10:42:08,690] {processor.py:623} INFO - DAG(s) dict_keys(['example_nested_branch_dag']) retrieved from /home/airflow/.local/lib/python3.6/site-packages/airflow/example_dags/example_nested_branch_dag.py
[2021-09-22 10:42:08,755] {logging_mixin.py:109} INFO - [2021-09-22 10:42:08,754] {dag.py:1834} INFO - Sync 1 DAGs
[2021-09-22 10:42:08,794] {logging_mixin.py:109} INFO - [2021-09-22 10:42:08,794] {dag.py:2287} INFO - Setting next_dagrun for example_nested_branch_dag to 2021-09-20 00:00:00+00:00
[2021-09-22 10:42:08,815] {processor.py:170} INFO - Processing /home/airflow/.local/lib/python3.6/site-packages/airflow/example_dags/example_nested_branch_dag.py took 0.161 seconds
[2021-09-22 10:42:38,906] {processor.py:162} INFO - Started process (PID=170) to work on /home/airflow/.local/lib/python3.6/site-packages/airflow/example_dags/example_nested_branch_dag.py
[2021-09-22 10:42:38,907] {processor.py:613} INFO - Processing file /home/airflow/.local/lib/python3.6/site-packages/airflow/example_dags/example_nested_branch_dag.py for tasks to queue
[2021-09-22 10:42:38,908] {logging_mixin.py:109} INFO - [2021-09-22 10:42:38,908] {dagbag.py:496} INFO - Filling up the DagBag from /home/airflow/.local/lib/python3.6/site-packages/airflow/example_dags/example_nested_branch_dag.py
[2021-09-22 10:42:38,922] {processor.py:623} INFO - DAG(s) dict_keys(['example_nested_branch_dag']) retrieved from /home/airflow/.local/lib/python3.6/site-packages/airflow/example_dags/example_nested_branch_dag.py
[2021-09-22 10:42:38,943] {logging_mixin.py:109} INFO - [2021-09-22 10:42:38,943] {dag.py:1834} INFO - Sync 1 DAGs
[2021-09-22 10:42:38,958] {logging_mixin.py:109} INFO - [2021-09-22 10:42:38,958] {dag.py:2287} INFO - Setting next_dagrun for example_nested_branch_dag to 2021-09-20 00:00:00+00:00
[2021-09-22 10:42:38,967] {processor.py:170} INFO - Processing /home/airflow/.local/lib/python3.6/site-packages/airflow/example_dags/example_nested_branch_dag.py took 0.064 seconds
[2021-09-22 10:43:09,549] {processor.py:162} INFO - Started process (PID=222) to work on /home/airflow/.local/lib/python3.6/site-packages/airflow/example_dags/example_nested_branch_dag.py
[2021-09-22 10:43:09,552] {processor.py:613} INFO - Processing file /home/airflow/.local/lib/python3.6/site-packages/airflow/example_dags/example_nested_branch_dag.py for tasks to queue
[2021-09-22 10:43:09,553] {logging_mixin.py:109} INFO - [2021-09-22 10:43:09,553] {dagbag.py:496} INFO - Filling up the DagBag from /home/airflow/.local/lib/python3.6/site-packages/airflow/example_dags/example_nested_branch_dag.py
[2021-09-22 10:43:09,575] {processor.py:623} INFO - DAG(s) dict_keys(['example_nested_branch_dag']) retrieved from /home/airflow/.local/lib/python3.6/site-packages/airflow/example_dags/example_nested_branch_dag.py
[2021-09-22 10:43:09,621] {logging_mixin.py:109} INFO - [2021-09-22 10:43:09,621] {dag.py:1834} INFO - Sync 1 DAGs
[2021-09-22 10:43:09,683] {logging_mixin.py:109} INFO - [2021-09-22 10:43:09,683] {dag.py:2287} INFO - Setting next_dagrun for example_nested_branch_dag to 2021-09-20 00:00:00+00:00
[2021-09-22 10:43:09,708] {processor.py:170} INFO - Processing /home/airflow/.local/lib/python3.6/site-packages/airflow/example_dags/example_nested_branch_dag.py took 0.163 seconds
[2021-09-22 10:43:40,487] {processor.py:162} INFO - Started process (PID=283) to work on /home/airflow/.local/lib/python3.6/site-packages/airflow/example_dags/example_nested_branch_dag.py
[2021-09-22 10:43:40,489] {processor.py:613} INFO - Processing file /home/airflow/.local/lib/python3.6/site-packages/airflow/example_dags/example_nested_branch_dag.py for tasks to queue
[2021-09-22 10:43:40,489] {logging_mixin.py:109} INFO - [2021-09-22 10:43:40,489] {dagbag.py:496} INFO - Filling up the DagBag from /home/airflow/.local/lib/python3.6/site-packages/airflow/example_dags/example_nested_branch_dag.py
[2021-09-22 10:43:40,507] {processor.py:623} INFO - DAG(s) dict_keys(['example_nested_branch_dag']) retrieved from /home/airflow/.local/lib/python3.6/site-packages/airflow/example_dags/example_nested_branch_dag.py
[2021-09-22 10:43:40,535] {logging_mixin.py:109} INFO - [2021-09-22 10:43:40,535] {dag.py:1834} INFO - Sync 1 DAGs
[2021-09-22 10:43:40,568] {logging_mixin.py:109} INFO - [2021-09-22 10:43:40,568] {dag.py:2287} INFO - Setting next_dagrun for example_nested_branch_dag to 2021-09-20 00:00:00+00:00
[2021-09-22 10:43:40,593] {processor.py:170} INFO - Processing /home/airflow/.local/lib/python3.6/site-packages/airflow/example_dags/example_nested_branch_dag.py took 0.110 seconds
[2021-09-22 10:44:11,553] {processor.py:162} INFO - Started process (PID=334) to work on /home/airflow/.local/lib/python3.6/site-packages/airflow/example_dags/example_nested_branch_dag.py
[2021-09-22 10:44:11,554] {processor.py:613} INFO - Processing file /home/airflow/.local/lib/python3.6/site-packages/airflow/example_dags/example_nested_branch_dag.py for tasks to queue
[2021-09-22 10:44:11,555] {logging_mixin.py:109} INFO - [2021-09-22 10:44:11,554] {dagbag.py:496} INFO - Filling up the DagBag from /home/airflow/.local/lib/python3.6/site-packages/airflow/example_dags/example_nested_branch_dag.py
[2021-09-22 10:44:11,573] {processor.py:623} INFO - DAG(s) dict_keys(['example_nested_branch_dag']) retrieved from /home/airflow/.local/lib/python3.6/site-packages/airflow/example_dags/example_nested_branch_dag.py
[2021-09-22 10:44:11,632] {logging_mixin.py:109} INFO - [2021-09-22 10:44:11,631] {dag.py:1834} INFO - Sync 1 DAGs
[2021-09-22 10:44:11,688] {logging_mixin.py:109} INFO - [2021-09-22 10:44:11,688] {dag.py:2287} INFO - Setting next_dagrun for example_nested_branch_dag to 2021-09-20 00:00:00+00:00
[2021-09-22 10:44:11,738] {processor.py:170} INFO - Processing /home/airflow/.local/lib/python3.6/site-packages/airflow/example_dags/example_nested_branch_dag.py took 0.189 seconds
