[2021-09-22 10:25:59,238] {processor.py:162} INFO - Started process (PID=77) to work on /home/airflow/.local/lib/python3.6/site-packages/airflow/example_dags/example_branch_operator.py
[2021-09-22 10:25:59,251] {processor.py:613} INFO - Processing file /home/airflow/.local/lib/python3.6/site-packages/airflow/example_dags/example_branch_operator.py for tasks to queue
[2021-09-22 10:25:59,252] {logging_mixin.py:109} INFO - [2021-09-22 10:25:59,252] {dagbag.py:496} INFO - Filling up the DagBag from /home/airflow/.local/lib/python3.6/site-packages/airflow/example_dags/example_branch_operator.py
[2021-09-22 10:25:59,428] {processor.py:623} INFO - DAG(s) dict_keys(['example_branch_operator']) retrieved from /home/airflow/.local/lib/python3.6/site-packages/airflow/example_dags/example_branch_operator.py
[2021-09-22 10:26:09,818] {logging_mixin.py:109} INFO - [2021-09-22 10:26:09,816] {dag.py:1834} INFO - Sync 1 DAGs
[2021-09-22 10:26:09,837] {logging_mixin.py:109} INFO - [2021-09-22 10:26:09,836] {dag.py:1853} INFO - Creating ORM DAG for example_branch_operator
[2021-09-22 10:26:09,845] {logging_mixin.py:109} INFO - [2021-09-22 10:26:09,845] {dag.py:2287} INFO - Setting next_dagrun for example_branch_operator to 2021-09-20 00:00:00+00:00
[2021-09-22 10:26:09,859] {processor.py:170} INFO - Processing /home/airflow/.local/lib/python3.6/site-packages/airflow/example_dags/example_branch_operator.py took 10.637 seconds
[2021-09-22 10:27:21,051] {processor.py:162} INFO - Started process (PID=209) to work on /home/airflow/.local/lib/python3.6/site-packages/airflow/example_dags/example_branch_operator.py
[2021-09-22 10:27:21,059] {processor.py:613} INFO - Processing file /home/airflow/.local/lib/python3.6/site-packages/airflow/example_dags/example_branch_operator.py for tasks to queue
[2021-09-22 10:27:21,060] {logging_mixin.py:109} INFO - [2021-09-22 10:27:21,060] {dagbag.py:496} INFO - Filling up the DagBag from /home/airflow/.local/lib/python3.6/site-packages/airflow/example_dags/example_branch_operator.py
[2021-09-22 10:27:21,144] {processor.py:623} INFO - DAG(s) dict_keys(['example_branch_operator']) retrieved from /home/airflow/.local/lib/python3.6/site-packages/airflow/example_dags/example_branch_operator.py
[2021-09-22 10:27:21,241] {logging_mixin.py:109} INFO - [2021-09-22 10:27:21,241] {dag.py:1834} INFO - Sync 1 DAGs
[2021-09-22 10:27:21,296] {logging_mixin.py:109} INFO - [2021-09-22 10:27:21,295] {dag.py:2287} INFO - Setting next_dagrun for example_branch_operator to 2021-09-20 00:00:00+00:00
[2021-09-22 10:27:21,332] {processor.py:170} INFO - Processing /home/airflow/.local/lib/python3.6/site-packages/airflow/example_dags/example_branch_operator.py took 0.289 seconds
[2021-09-22 10:27:51,886] {processor.py:162} INFO - Started process (PID=265) to work on /home/airflow/.local/lib/python3.6/site-packages/airflow/example_dags/example_branch_operator.py
[2021-09-22 10:27:51,894] {processor.py:613} INFO - Processing file /home/airflow/.local/lib/python3.6/site-packages/airflow/example_dags/example_branch_operator.py for tasks to queue
[2021-09-22 10:27:51,902] {logging_mixin.py:109} INFO - [2021-09-22 10:27:51,895] {dagbag.py:496} INFO - Filling up the DagBag from /home/airflow/.local/lib/python3.6/site-packages/airflow/example_dags/example_branch_operator.py
[2021-09-22 10:27:51,978] {processor.py:623} INFO - DAG(s) dict_keys(['example_branch_operator']) retrieved from /home/airflow/.local/lib/python3.6/site-packages/airflow/example_dags/example_branch_operator.py
[2021-09-22 10:27:52,097] {logging_mixin.py:109} INFO - [2021-09-22 10:27:52,097] {dag.py:1834} INFO - Sync 1 DAGs
[2021-09-22 10:27:52,159] {logging_mixin.py:109} INFO - [2021-09-22 10:27:52,158] {dag.py:2287} INFO - Setting next_dagrun for example_branch_operator to 2021-09-20 00:00:00+00:00
[2021-09-22 10:27:52,206] {processor.py:170} INFO - Processing /home/airflow/.local/lib/python3.6/site-packages/airflow/example_dags/example_branch_operator.py took 0.332 seconds
[2021-09-22 10:28:22,475] {processor.py:162} INFO - Started process (PID=320) to work on /home/airflow/.local/lib/python3.6/site-packages/airflow/example_dags/example_branch_operator.py
[2021-09-22 10:28:22,477] {processor.py:613} INFO - Processing file /home/airflow/.local/lib/python3.6/site-packages/airflow/example_dags/example_branch_operator.py for tasks to queue
[2021-09-22 10:28:22,478] {logging_mixin.py:109} INFO - [2021-09-22 10:28:22,478] {dagbag.py:496} INFO - Filling up the DagBag from /home/airflow/.local/lib/python3.6/site-packages/airflow/example_dags/example_branch_operator.py
[2021-09-22 10:28:22,501] {processor.py:623} INFO - DAG(s) dict_keys(['example_branch_operator']) retrieved from /home/airflow/.local/lib/python3.6/site-packages/airflow/example_dags/example_branch_operator.py
[2021-09-22 10:28:22,532] {logging_mixin.py:109} INFO - [2021-09-22 10:28:22,532] {dag.py:1834} INFO - Sync 1 DAGs
[2021-09-22 10:28:22,557] {logging_mixin.py:109} INFO - [2021-09-22 10:28:22,557] {dag.py:2287} INFO - Setting next_dagrun for example_branch_operator to 2021-09-20 00:00:00+00:00
[2021-09-22 10:28:22,572] {processor.py:170} INFO - Processing /home/airflow/.local/lib/python3.6/site-packages/airflow/example_dags/example_branch_operator.py took 0.111 seconds
[2021-09-22 10:28:52,733] {processor.py:162} INFO - Started process (PID=370) to work on /home/airflow/.local/lib/python3.6/site-packages/airflow/example_dags/example_branch_operator.py
[2021-09-22 10:28:52,734] {processor.py:613} INFO - Processing file /home/airflow/.local/lib/python3.6/site-packages/airflow/example_dags/example_branch_operator.py for tasks to queue
[2021-09-22 10:28:52,735] {logging_mixin.py:109} INFO - [2021-09-22 10:28:52,734] {dagbag.py:496} INFO - Filling up the DagBag from /home/airflow/.local/lib/python3.6/site-packages/airflow/example_dags/example_branch_operator.py
[2021-09-22 10:28:52,751] {processor.py:623} INFO - DAG(s) dict_keys(['example_branch_operator']) retrieved from /home/airflow/.local/lib/python3.6/site-packages/airflow/example_dags/example_branch_operator.py
[2021-09-22 10:28:52,774] {logging_mixin.py:109} INFO - [2021-09-22 10:28:52,774] {dag.py:1834} INFO - Sync 1 DAGs
[2021-09-22 10:28:52,792] {logging_mixin.py:109} INFO - [2021-09-22 10:28:52,792] {dag.py:2287} INFO - Setting next_dagrun for example_branch_operator to 2021-09-20 00:00:00+00:00
[2021-09-22 10:28:52,803] {processor.py:170} INFO - Processing /home/airflow/.local/lib/python3.6/site-packages/airflow/example_dags/example_branch_operator.py took 0.074 seconds
[2021-09-22 10:29:23,586] {processor.py:162} INFO - Started process (PID=420) to work on /home/airflow/.local/lib/python3.6/site-packages/airflow/example_dags/example_branch_operator.py
[2021-09-22 10:29:23,588] {processor.py:613} INFO - Processing file /home/airflow/.local/lib/python3.6/site-packages/airflow/example_dags/example_branch_operator.py for tasks to queue
[2021-09-22 10:29:23,588] {logging_mixin.py:109} INFO - [2021-09-22 10:29:23,588] {dagbag.py:496} INFO - Filling up the DagBag from /home/airflow/.local/lib/python3.6/site-packages/airflow/example_dags/example_branch_operator.py
[2021-09-22 10:29:23,628] {processor.py:623} INFO - DAG(s) dict_keys(['example_branch_operator']) retrieved from /home/airflow/.local/lib/python3.6/site-packages/airflow/example_dags/example_branch_operator.py
[2021-09-22 10:29:23,663] {logging_mixin.py:109} INFO - [2021-09-22 10:29:23,663] {dag.py:1834} INFO - Sync 1 DAGs
[2021-09-22 10:29:23,696] {logging_mixin.py:109} INFO - [2021-09-22 10:29:23,696] {dag.py:2287} INFO - Setting next_dagrun for example_branch_operator to 2021-09-20 00:00:00+00:00
[2021-09-22 10:29:23,715] {processor.py:170} INFO - Processing /home/airflow/.local/lib/python3.6/site-packages/airflow/example_dags/example_branch_operator.py took 0.135 seconds
[2021-09-22 10:29:54,150] {processor.py:162} INFO - Started process (PID=480) to work on /home/airflow/.local/lib/python3.6/site-packages/airflow/example_dags/example_branch_operator.py
[2021-09-22 10:29:54,152] {processor.py:613} INFO - Processing file /home/airflow/.local/lib/python3.6/site-packages/airflow/example_dags/example_branch_operator.py for tasks to queue
[2021-09-22 10:29:54,153] {logging_mixin.py:109} INFO - [2021-09-22 10:29:54,153] {dagbag.py:496} INFO - Filling up the DagBag from /home/airflow/.local/lib/python3.6/site-packages/airflow/example_dags/example_branch_operator.py
[2021-09-22 10:29:54,189] {processor.py:623} INFO - DAG(s) dict_keys(['example_branch_operator']) retrieved from /home/airflow/.local/lib/python3.6/site-packages/airflow/example_dags/example_branch_operator.py
[2021-09-22 10:29:54,263] {logging_mixin.py:109} INFO - [2021-09-22 10:29:54,263] {dag.py:1834} INFO - Sync 1 DAGs
[2021-09-22 10:29:54,315] {logging_mixin.py:109} INFO - [2021-09-22 10:29:54,315] {dag.py:2287} INFO - Setting next_dagrun for example_branch_operator to 2021-09-20 00:00:00+00:00
[2021-09-22 10:29:54,345] {processor.py:170} INFO - Processing /home/airflow/.local/lib/python3.6/site-packages/airflow/example_dags/example_branch_operator.py took 0.199 seconds
[2021-09-22 10:30:24,426] {processor.py:162} INFO - Started process (PID=531) to work on /home/airflow/.local/lib/python3.6/site-packages/airflow/example_dags/example_branch_operator.py
[2021-09-22 10:30:24,428] {processor.py:613} INFO - Processing file /home/airflow/.local/lib/python3.6/site-packages/airflow/example_dags/example_branch_operator.py for tasks to queue
[2021-09-22 10:30:24,429] {logging_mixin.py:109} INFO - [2021-09-22 10:30:24,429] {dagbag.py:496} INFO - Filling up the DagBag from /home/airflow/.local/lib/python3.6/site-packages/airflow/example_dags/example_branch_operator.py
[2021-09-22 10:30:24,465] {processor.py:623} INFO - DAG(s) dict_keys(['example_branch_operator']) retrieved from /home/airflow/.local/lib/python3.6/site-packages/airflow/example_dags/example_branch_operator.py
[2021-09-22 10:30:24,513] {logging_mixin.py:109} INFO - [2021-09-22 10:30:24,513] {dag.py:1834} INFO - Sync 1 DAGs
[2021-09-22 10:30:24,535] {logging_mixin.py:109} INFO - [2021-09-22 10:30:24,535] {dag.py:2287} INFO - Setting next_dagrun for example_branch_operator to 2021-09-20 00:00:00+00:00
[2021-09-22 10:30:24,553] {processor.py:170} INFO - Processing /home/airflow/.local/lib/python3.6/site-packages/airflow/example_dags/example_branch_operator.py took 0.133 seconds
[2021-09-22 10:30:55,343] {processor.py:162} INFO - Started process (PID=596) to work on /home/airflow/.local/lib/python3.6/site-packages/airflow/example_dags/example_branch_operator.py
[2021-09-22 10:30:55,346] {processor.py:613} INFO - Processing file /home/airflow/.local/lib/python3.6/site-packages/airflow/example_dags/example_branch_operator.py for tasks to queue
[2021-09-22 10:30:55,347] {logging_mixin.py:109} INFO - [2021-09-22 10:30:55,347] {dagbag.py:496} INFO - Filling up the DagBag from /home/airflow/.local/lib/python3.6/site-packages/airflow/example_dags/example_branch_operator.py
[2021-09-22 10:30:55,387] {processor.py:623} INFO - DAG(s) dict_keys(['example_branch_operator']) retrieved from /home/airflow/.local/lib/python3.6/site-packages/airflow/example_dags/example_branch_operator.py
[2021-09-22 10:30:55,479] {logging_mixin.py:109} INFO - [2021-09-22 10:30:55,478] {dag.py:1834} INFO - Sync 1 DAGs
[2021-09-22 10:30:55,505] {logging_mixin.py:109} INFO - [2021-09-22 10:30:55,505] {dag.py:2287} INFO - Setting next_dagrun for example_branch_operator to 2021-09-20 00:00:00+00:00
[2021-09-22 10:30:55,552] {processor.py:170} INFO - Processing /home/airflow/.local/lib/python3.6/site-packages/airflow/example_dags/example_branch_operator.py took 0.216 seconds
[2021-09-22 10:31:25,885] {processor.py:162} INFO - Started process (PID=648) to work on /home/airflow/.local/lib/python3.6/site-packages/airflow/example_dags/example_branch_operator.py
[2021-09-22 10:31:25,903] {processor.py:613} INFO - Processing file /home/airflow/.local/lib/python3.6/site-packages/airflow/example_dags/example_branch_operator.py for tasks to queue
[2021-09-22 10:31:25,904] {logging_mixin.py:109} INFO - [2021-09-22 10:31:25,904] {dagbag.py:496} INFO - Filling up the DagBag from /home/airflow/.local/lib/python3.6/site-packages/airflow/example_dags/example_branch_operator.py
[2021-09-22 10:31:25,938] {processor.py:623} INFO - DAG(s) dict_keys(['example_branch_operator']) retrieved from /home/airflow/.local/lib/python3.6/site-packages/airflow/example_dags/example_branch_operator.py
[2021-09-22 10:31:25,980] {logging_mixin.py:109} INFO - [2021-09-22 10:31:25,980] {dag.py:1834} INFO - Sync 1 DAGs
[2021-09-22 10:31:26,010] {logging_mixin.py:109} INFO - [2021-09-22 10:31:26,010] {dag.py:2287} INFO - Setting next_dagrun for example_branch_operator to 2021-09-20 00:00:00+00:00
[2021-09-22 10:31:26,028] {processor.py:170} INFO - Processing /home/airflow/.local/lib/python3.6/site-packages/airflow/example_dags/example_branch_operator.py took 0.147 seconds
[2021-09-22 10:31:56,304] {processor.py:162} INFO - Started process (PID=709) to work on /home/airflow/.local/lib/python3.6/site-packages/airflow/example_dags/example_branch_operator.py
[2021-09-22 10:31:56,305] {processor.py:613} INFO - Processing file /home/airflow/.local/lib/python3.6/site-packages/airflow/example_dags/example_branch_operator.py for tasks to queue
[2021-09-22 10:31:56,306] {logging_mixin.py:109} INFO - [2021-09-22 10:31:56,306] {dagbag.py:496} INFO - Filling up the DagBag from /home/airflow/.local/lib/python3.6/site-packages/airflow/example_dags/example_branch_operator.py
[2021-09-22 10:31:56,335] {processor.py:623} INFO - DAG(s) dict_keys(['example_branch_operator']) retrieved from /home/airflow/.local/lib/python3.6/site-packages/airflow/example_dags/example_branch_operator.py
[2021-09-22 10:31:56,476] {logging_mixin.py:109} INFO - [2021-09-22 10:31:56,476] {dag.py:1834} INFO - Sync 1 DAGs
[2021-09-22 10:31:56,533] {logging_mixin.py:109} INFO - [2021-09-22 10:31:56,533] {dag.py:2287} INFO - Setting next_dagrun for example_branch_operator to 2021-09-20 00:00:00+00:00
[2021-09-22 10:31:56,558] {processor.py:170} INFO - Processing /home/airflow/.local/lib/python3.6/site-packages/airflow/example_dags/example_branch_operator.py took 0.263 seconds
[2021-09-22 10:32:26,713] {processor.py:162} INFO - Started process (PID=762) to work on /home/airflow/.local/lib/python3.6/site-packages/airflow/example_dags/example_branch_operator.py
[2021-09-22 10:32:26,717] {processor.py:613} INFO - Processing file /home/airflow/.local/lib/python3.6/site-packages/airflow/example_dags/example_branch_operator.py for tasks to queue
[2021-09-22 10:32:26,718] {logging_mixin.py:109} INFO - [2021-09-22 10:32:26,718] {dagbag.py:496} INFO - Filling up the DagBag from /home/airflow/.local/lib/python3.6/site-packages/airflow/example_dags/example_branch_operator.py
[2021-09-22 10:32:26,749] {processor.py:623} INFO - DAG(s) dict_keys(['example_branch_operator']) retrieved from /home/airflow/.local/lib/python3.6/site-packages/airflow/example_dags/example_branch_operator.py
[2021-09-22 10:32:26,818] {logging_mixin.py:109} INFO - [2021-09-22 10:32:26,817] {dag.py:1834} INFO - Sync 1 DAGs
[2021-09-22 10:32:26,838] {logging_mixin.py:109} INFO - [2021-09-22 10:32:26,838] {dag.py:2287} INFO - Setting next_dagrun for example_branch_operator to 2021-09-20 00:00:00+00:00
[2021-09-22 10:32:26,852] {processor.py:170} INFO - Processing /home/airflow/.local/lib/python3.6/site-packages/airflow/example_dags/example_branch_operator.py took 0.144 seconds
[2021-09-22 10:32:57,795] {processor.py:162} INFO - Started process (PID=823) to work on /home/airflow/.local/lib/python3.6/site-packages/airflow/example_dags/example_branch_operator.py
[2021-09-22 10:32:57,798] {processor.py:613} INFO - Processing file /home/airflow/.local/lib/python3.6/site-packages/airflow/example_dags/example_branch_operator.py for tasks to queue
[2021-09-22 10:32:57,799] {logging_mixin.py:109} INFO - [2021-09-22 10:32:57,799] {dagbag.py:496} INFO - Filling up the DagBag from /home/airflow/.local/lib/python3.6/site-packages/airflow/example_dags/example_branch_operator.py
[2021-09-22 10:32:57,823] {processor.py:623} INFO - DAG(s) dict_keys(['example_branch_operator']) retrieved from /home/airflow/.local/lib/python3.6/site-packages/airflow/example_dags/example_branch_operator.py
[2021-09-22 10:32:57,906] {logging_mixin.py:109} INFO - [2021-09-22 10:32:57,906] {dag.py:1834} INFO - Sync 1 DAGs
[2021-09-22 10:32:57,945] {logging_mixin.py:109} INFO - [2021-09-22 10:32:57,945] {dag.py:2287} INFO - Setting next_dagrun for example_branch_operator to 2021-09-20 00:00:00+00:00
[2021-09-22 10:32:57,994] {processor.py:170} INFO - Processing /home/airflow/.local/lib/python3.6/site-packages/airflow/example_dags/example_branch_operator.py took 0.206 seconds
[2021-09-22 10:33:28,035] {processor.py:162} INFO - Started process (PID=875) to work on /home/airflow/.local/lib/python3.6/site-packages/airflow/example_dags/example_branch_operator.py
[2021-09-22 10:33:28,037] {processor.py:613} INFO - Processing file /home/airflow/.local/lib/python3.6/site-packages/airflow/example_dags/example_branch_operator.py for tasks to queue
[2021-09-22 10:33:28,037] {logging_mixin.py:109} INFO - [2021-09-22 10:33:28,037] {dagbag.py:496} INFO - Filling up the DagBag from /home/airflow/.local/lib/python3.6/site-packages/airflow/example_dags/example_branch_operator.py
[2021-09-22 10:33:28,059] {processor.py:623} INFO - DAG(s) dict_keys(['example_branch_operator']) retrieved from /home/airflow/.local/lib/python3.6/site-packages/airflow/example_dags/example_branch_operator.py
[2021-09-22 10:33:28,090] {logging_mixin.py:109} INFO - [2021-09-22 10:33:28,090] {dag.py:1834} INFO - Sync 1 DAGs
[2021-09-22 10:33:28,116] {logging_mixin.py:109} INFO - [2021-09-22 10:33:28,116] {dag.py:2287} INFO - Setting next_dagrun for example_branch_operator to 2021-09-20 00:00:00+00:00
[2021-09-22 10:33:28,126] {processor.py:170} INFO - Processing /home/airflow/.local/lib/python3.6/site-packages/airflow/example_dags/example_branch_operator.py took 0.097 seconds
[2021-09-22 10:33:59,049] {processor.py:162} INFO - Started process (PID=936) to work on /home/airflow/.local/lib/python3.6/site-packages/airflow/example_dags/example_branch_operator.py
[2021-09-22 10:33:59,053] {processor.py:613} INFO - Processing file /home/airflow/.local/lib/python3.6/site-packages/airflow/example_dags/example_branch_operator.py for tasks to queue
[2021-09-22 10:33:59,055] {logging_mixin.py:109} INFO - [2021-09-22 10:33:59,055] {dagbag.py:496} INFO - Filling up the DagBag from /home/airflow/.local/lib/python3.6/site-packages/airflow/example_dags/example_branch_operator.py
[2021-09-22 10:33:59,108] {processor.py:623} INFO - DAG(s) dict_keys(['example_branch_operator']) retrieved from /home/airflow/.local/lib/python3.6/site-packages/airflow/example_dags/example_branch_operator.py
[2021-09-22 10:33:59,208] {logging_mixin.py:109} INFO - [2021-09-22 10:33:59,208] {dag.py:1834} INFO - Sync 1 DAGs
[2021-09-22 10:33:59,248] {logging_mixin.py:109} INFO - [2021-09-22 10:33:59,248] {dag.py:2287} INFO - Setting next_dagrun for example_branch_operator to 2021-09-20 00:00:00+00:00
[2021-09-22 10:33:59,260] {processor.py:170} INFO - Processing /home/airflow/.local/lib/python3.6/site-packages/airflow/example_dags/example_branch_operator.py took 0.219 seconds
[2021-09-22 10:34:29,603] {processor.py:162} INFO - Started process (PID=987) to work on /home/airflow/.local/lib/python3.6/site-packages/airflow/example_dags/example_branch_operator.py
[2021-09-22 10:34:29,604] {processor.py:613} INFO - Processing file /home/airflow/.local/lib/python3.6/site-packages/airflow/example_dags/example_branch_operator.py for tasks to queue
[2021-09-22 10:34:29,605] {logging_mixin.py:109} INFO - [2021-09-22 10:34:29,605] {dagbag.py:496} INFO - Filling up the DagBag from /home/airflow/.local/lib/python3.6/site-packages/airflow/example_dags/example_branch_operator.py
[2021-09-22 10:34:29,627] {processor.py:623} INFO - DAG(s) dict_keys(['example_branch_operator']) retrieved from /home/airflow/.local/lib/python3.6/site-packages/airflow/example_dags/example_branch_operator.py
[2021-09-22 10:34:29,658] {logging_mixin.py:109} INFO - [2021-09-22 10:34:29,658] {dag.py:1834} INFO - Sync 1 DAGs
[2021-09-22 10:34:29,691] {logging_mixin.py:109} INFO - [2021-09-22 10:34:29,690] {dag.py:2287} INFO - Setting next_dagrun for example_branch_operator to 2021-09-20 00:00:00+00:00
[2021-09-22 10:34:29,704] {processor.py:170} INFO - Processing /home/airflow/.local/lib/python3.6/site-packages/airflow/example_dags/example_branch_operator.py took 0.106 seconds
[2021-09-22 10:34:59,900] {processor.py:162} INFO - Started process (PID=1037) to work on /home/airflow/.local/lib/python3.6/site-packages/airflow/example_dags/example_branch_operator.py
[2021-09-22 10:34:59,902] {processor.py:613} INFO - Processing file /home/airflow/.local/lib/python3.6/site-packages/airflow/example_dags/example_branch_operator.py for tasks to queue
[2021-09-22 10:34:59,903] {logging_mixin.py:109} INFO - [2021-09-22 10:34:59,903] {dagbag.py:496} INFO - Filling up the DagBag from /home/airflow/.local/lib/python3.6/site-packages/airflow/example_dags/example_branch_operator.py
[2021-09-22 10:34:59,918] {processor.py:623} INFO - DAG(s) dict_keys(['example_branch_operator']) retrieved from /home/airflow/.local/lib/python3.6/site-packages/airflow/example_dags/example_branch_operator.py
[2021-09-22 10:34:59,940] {logging_mixin.py:109} INFO - [2021-09-22 10:34:59,940] {dag.py:1834} INFO - Sync 1 DAGs
[2021-09-22 10:34:59,956] {logging_mixin.py:109} INFO - [2021-09-22 10:34:59,956] {dag.py:2287} INFO - Setting next_dagrun for example_branch_operator to 2021-09-20 00:00:00+00:00
[2021-09-22 10:34:59,966] {processor.py:170} INFO - Processing /home/airflow/.local/lib/python3.6/site-packages/airflow/example_dags/example_branch_operator.py took 0.069 seconds
[2021-09-22 10:35:30,548] {processor.py:162} INFO - Started process (PID=1089) to work on /home/airflow/.local/lib/python3.6/site-packages/airflow/example_dags/example_branch_operator.py
[2021-09-22 10:35:30,550] {processor.py:613} INFO - Processing file /home/airflow/.local/lib/python3.6/site-packages/airflow/example_dags/example_branch_operator.py for tasks to queue
[2021-09-22 10:35:30,553] {logging_mixin.py:109} INFO - [2021-09-22 10:35:30,551] {dagbag.py:496} INFO - Filling up the DagBag from /home/airflow/.local/lib/python3.6/site-packages/airflow/example_dags/example_branch_operator.py
[2021-09-22 10:35:30,577] {processor.py:623} INFO - DAG(s) dict_keys(['example_branch_operator']) retrieved from /home/airflow/.local/lib/python3.6/site-packages/airflow/example_dags/example_branch_operator.py
[2021-09-22 10:35:30,609] {logging_mixin.py:109} INFO - [2021-09-22 10:35:30,609] {dag.py:1834} INFO - Sync 1 DAGs
[2021-09-22 10:35:30,634] {logging_mixin.py:109} INFO - [2021-09-22 10:35:30,634] {dag.py:2287} INFO - Setting next_dagrun for example_branch_operator to 2021-09-20 00:00:00+00:00
[2021-09-22 10:35:30,651] {processor.py:170} INFO - Processing /home/airflow/.local/lib/python3.6/site-packages/airflow/example_dags/example_branch_operator.py took 0.107 seconds
[2021-09-22 10:36:01,056] {processor.py:162} INFO - Started process (PID=1150) to work on /home/airflow/.local/lib/python3.6/site-packages/airflow/example_dags/example_branch_operator.py
[2021-09-22 10:36:01,058] {processor.py:613} INFO - Processing file /home/airflow/.local/lib/python3.6/site-packages/airflow/example_dags/example_branch_operator.py for tasks to queue
[2021-09-22 10:36:01,058] {logging_mixin.py:109} INFO - [2021-09-22 10:36:01,058] {dagbag.py:496} INFO - Filling up the DagBag from /home/airflow/.local/lib/python3.6/site-packages/airflow/example_dags/example_branch_operator.py
[2021-09-22 10:36:01,083] {processor.py:623} INFO - DAG(s) dict_keys(['example_branch_operator']) retrieved from /home/airflow/.local/lib/python3.6/site-packages/airflow/example_dags/example_branch_operator.py
[2021-09-22 10:36:01,114] {logging_mixin.py:109} INFO - [2021-09-22 10:36:01,114] {dag.py:1834} INFO - Sync 1 DAGs
[2021-09-22 10:36:01,132] {logging_mixin.py:109} INFO - [2021-09-22 10:36:01,132] {dag.py:2287} INFO - Setting next_dagrun for example_branch_operator to 2021-09-20 00:00:00+00:00
[2021-09-22 10:36:01,142] {processor.py:170} INFO - Processing /home/airflow/.local/lib/python3.6/site-packages/airflow/example_dags/example_branch_operator.py took 0.092 seconds
[2021-09-22 10:36:31,864] {processor.py:162} INFO - Started process (PID=1201) to work on /home/airflow/.local/lib/python3.6/site-packages/airflow/example_dags/example_branch_operator.py
[2021-09-22 10:36:31,866] {processor.py:613} INFO - Processing file /home/airflow/.local/lib/python3.6/site-packages/airflow/example_dags/example_branch_operator.py for tasks to queue
[2021-09-22 10:36:31,867] {logging_mixin.py:109} INFO - [2021-09-22 10:36:31,867] {dagbag.py:496} INFO - Filling up the DagBag from /home/airflow/.local/lib/python3.6/site-packages/airflow/example_dags/example_branch_operator.py
[2021-09-22 10:36:31,884] {processor.py:623} INFO - DAG(s) dict_keys(['example_branch_operator']) retrieved from /home/airflow/.local/lib/python3.6/site-packages/airflow/example_dags/example_branch_operator.py
[2021-09-22 10:36:31,909] {logging_mixin.py:109} INFO - [2021-09-22 10:36:31,909] {dag.py:1834} INFO - Sync 1 DAGs
[2021-09-22 10:36:31,931] {logging_mixin.py:109} INFO - [2021-09-22 10:36:31,931] {dag.py:2287} INFO - Setting next_dagrun for example_branch_operator to 2021-09-20 00:00:00+00:00
[2021-09-22 10:36:31,946] {processor.py:170} INFO - Processing /home/airflow/.local/lib/python3.6/site-packages/airflow/example_dags/example_branch_operator.py took 0.085 seconds
[2021-09-22 10:38:11,487] {processor.py:162} INFO - Started process (PID=58) to work on /home/airflow/.local/lib/python3.6/site-packages/airflow/example_dags/example_branch_operator.py
[2021-09-22 10:38:11,507] {processor.py:613} INFO - Processing file /home/airflow/.local/lib/python3.6/site-packages/airflow/example_dags/example_branch_operator.py for tasks to queue
[2021-09-22 10:38:11,530] {logging_mixin.py:109} INFO - [2021-09-22 10:38:11,530] {dagbag.py:496} INFO - Filling up the DagBag from /home/airflow/.local/lib/python3.6/site-packages/airflow/example_dags/example_branch_operator.py
[2021-09-22 10:38:11,718] {processor.py:623} INFO - DAG(s) dict_keys(['example_branch_operator']) retrieved from /home/airflow/.local/lib/python3.6/site-packages/airflow/example_dags/example_branch_operator.py
[2021-09-22 10:38:11,969] {logging_mixin.py:109} INFO - [2021-09-22 10:38:11,969] {dag.py:1834} INFO - Sync 1 DAGs
[2021-09-22 10:38:12,083] {logging_mixin.py:109} INFO - [2021-09-22 10:38:12,083] {dag.py:2287} INFO - Setting next_dagrun for example_branch_operator to 2021-09-20 00:00:00+00:00
[2021-09-22 10:38:12,125] {processor.py:170} INFO - Processing /home/airflow/.local/lib/python3.6/site-packages/airflow/example_dags/example_branch_operator.py took 0.649 seconds
[2021-09-22 10:38:42,229] {processor.py:162} INFO - Started process (PID=100) to work on /home/airflow/.local/lib/python3.6/site-packages/airflow/example_dags/example_branch_operator.py
[2021-09-22 10:38:42,230] {processor.py:613} INFO - Processing file /home/airflow/.local/lib/python3.6/site-packages/airflow/example_dags/example_branch_operator.py for tasks to queue
[2021-09-22 10:38:42,235] {logging_mixin.py:109} INFO - [2021-09-22 10:38:42,235] {dagbag.py:496} INFO - Filling up the DagBag from /home/airflow/.local/lib/python3.6/site-packages/airflow/example_dags/example_branch_operator.py
[2021-09-22 10:38:42,278] {processor.py:623} INFO - DAG(s) dict_keys(['example_branch_operator']) retrieved from /home/airflow/.local/lib/python3.6/site-packages/airflow/example_dags/example_branch_operator.py
[2021-09-22 10:38:42,354] {logging_mixin.py:109} INFO - [2021-09-22 10:38:42,354] {dag.py:1834} INFO - Sync 1 DAGs
[2021-09-22 10:38:42,413] {logging_mixin.py:109} INFO - [2021-09-22 10:38:42,413] {dag.py:2287} INFO - Setting next_dagrun for example_branch_operator to 2021-09-20 00:00:00+00:00
[2021-09-22 10:38:42,447] {processor.py:170} INFO - Processing /home/airflow/.local/lib/python3.6/site-packages/airflow/example_dags/example_branch_operator.py took 0.224 seconds
[2021-09-22 10:41:36,141] {processor.py:162} INFO - Started process (PID=47) to work on /home/airflow/.local/lib/python3.6/site-packages/airflow/example_dags/example_branch_operator.py
[2021-09-22 10:41:36,143] {processor.py:613} INFO - Processing file /home/airflow/.local/lib/python3.6/site-packages/airflow/example_dags/example_branch_operator.py for tasks to queue
[2021-09-22 10:41:36,144] {logging_mixin.py:109} INFO - [2021-09-22 10:41:36,144] {dagbag.py:496} INFO - Filling up the DagBag from /home/airflow/.local/lib/python3.6/site-packages/airflow/example_dags/example_branch_operator.py
[2021-09-22 10:41:36,257] {processor.py:623} INFO - DAG(s) dict_keys(['example_branch_operator']) retrieved from /home/airflow/.local/lib/python3.6/site-packages/airflow/example_dags/example_branch_operator.py
[2021-09-22 10:41:36,305] {logging_mixin.py:109} INFO - [2021-09-22 10:41:36,305] {dag.py:1834} INFO - Sync 1 DAGs
[2021-09-22 10:41:36,351] {logging_mixin.py:109} INFO - [2021-09-22 10:41:36,351] {dag.py:2287} INFO - Setting next_dagrun for example_branch_operator to 2021-09-20 00:00:00+00:00
[2021-09-22 10:41:36,376] {processor.py:170} INFO - Processing /home/airflow/.local/lib/python3.6/site-packages/airflow/example_dags/example_branch_operator.py took 0.261 seconds
[2021-09-22 10:42:07,146] {processor.py:162} INFO - Started process (PID=98) to work on /home/airflow/.local/lib/python3.6/site-packages/airflow/example_dags/example_branch_operator.py
[2021-09-22 10:42:07,148] {processor.py:613} INFO - Processing file /home/airflow/.local/lib/python3.6/site-packages/airflow/example_dags/example_branch_operator.py for tasks to queue
[2021-09-22 10:42:07,148] {logging_mixin.py:109} INFO - [2021-09-22 10:42:07,148] {dagbag.py:496} INFO - Filling up the DagBag from /home/airflow/.local/lib/python3.6/site-packages/airflow/example_dags/example_branch_operator.py
[2021-09-22 10:42:07,171] {processor.py:623} INFO - DAG(s) dict_keys(['example_branch_operator']) retrieved from /home/airflow/.local/lib/python3.6/site-packages/airflow/example_dags/example_branch_operator.py
[2021-09-22 10:42:07,207] {logging_mixin.py:109} INFO - [2021-09-22 10:42:07,206] {dag.py:1834} INFO - Sync 1 DAGs
[2021-09-22 10:42:07,231] {logging_mixin.py:109} INFO - [2021-09-22 10:42:07,231] {dag.py:2287} INFO - Setting next_dagrun for example_branch_operator to 2021-09-20 00:00:00+00:00
[2021-09-22 10:42:07,247] {processor.py:170} INFO - Processing /home/airflow/.local/lib/python3.6/site-packages/airflow/example_dags/example_branch_operator.py took 0.105 seconds
[2021-09-22 10:42:37,998] {processor.py:162} INFO - Started process (PID=161) to work on /home/airflow/.local/lib/python3.6/site-packages/airflow/example_dags/example_branch_operator.py
[2021-09-22 10:42:38,000] {processor.py:613} INFO - Processing file /home/airflow/.local/lib/python3.6/site-packages/airflow/example_dags/example_branch_operator.py for tasks to queue
[2021-09-22 10:42:38,003] {logging_mixin.py:109} INFO - [2021-09-22 10:42:38,003] {dagbag.py:496} INFO - Filling up the DagBag from /home/airflow/.local/lib/python3.6/site-packages/airflow/example_dags/example_branch_operator.py
[2021-09-22 10:42:38,027] {processor.py:623} INFO - DAG(s) dict_keys(['example_branch_operator']) retrieved from /home/airflow/.local/lib/python3.6/site-packages/airflow/example_dags/example_branch_operator.py
[2021-09-22 10:42:38,058] {logging_mixin.py:109} INFO - [2021-09-22 10:42:38,058] {dag.py:1834} INFO - Sync 1 DAGs
[2021-09-22 10:42:38,118] {logging_mixin.py:109} INFO - [2021-09-22 10:42:38,117] {dag.py:2287} INFO - Setting next_dagrun for example_branch_operator to 2021-09-20 00:00:00+00:00
[2021-09-22 10:42:38,147] {processor.py:170} INFO - Processing /home/airflow/.local/lib/python3.6/site-packages/airflow/example_dags/example_branch_operator.py took 0.153 seconds
[2021-09-22 10:43:08,620] {processor.py:162} INFO - Started process (PID=213) to work on /home/airflow/.local/lib/python3.6/site-packages/airflow/example_dags/example_branch_operator.py
[2021-09-22 10:43:08,621] {processor.py:613} INFO - Processing file /home/airflow/.local/lib/python3.6/site-packages/airflow/example_dags/example_branch_operator.py for tasks to queue
[2021-09-22 10:43:08,622] {logging_mixin.py:109} INFO - [2021-09-22 10:43:08,622] {dagbag.py:496} INFO - Filling up the DagBag from /home/airflow/.local/lib/python3.6/site-packages/airflow/example_dags/example_branch_operator.py
[2021-09-22 10:43:08,641] {processor.py:623} INFO - DAG(s) dict_keys(['example_branch_operator']) retrieved from /home/airflow/.local/lib/python3.6/site-packages/airflow/example_dags/example_branch_operator.py
[2021-09-22 10:43:08,691] {logging_mixin.py:109} INFO - [2021-09-22 10:43:08,691] {dag.py:1834} INFO - Sync 1 DAGs
[2021-09-22 10:43:08,713] {logging_mixin.py:109} INFO - [2021-09-22 10:43:08,713] {dag.py:2287} INFO - Setting next_dagrun for example_branch_operator to 2021-09-20 00:00:00+00:00
[2021-09-22 10:43:08,737] {processor.py:170} INFO - Processing /home/airflow/.local/lib/python3.6/site-packages/airflow/example_dags/example_branch_operator.py took 0.121 seconds
[2021-09-22 10:43:38,824] {processor.py:162} INFO - Started process (PID=274) to work on /home/airflow/.local/lib/python3.6/site-packages/airflow/example_dags/example_branch_operator.py
[2021-09-22 10:43:38,826] {processor.py:613} INFO - Processing file /home/airflow/.local/lib/python3.6/site-packages/airflow/example_dags/example_branch_operator.py for tasks to queue
[2021-09-22 10:43:38,827] {logging_mixin.py:109} INFO - [2021-09-22 10:43:38,827] {dagbag.py:496} INFO - Filling up the DagBag from /home/airflow/.local/lib/python3.6/site-packages/airflow/example_dags/example_branch_operator.py
[2021-09-22 10:43:38,845] {processor.py:623} INFO - DAG(s) dict_keys(['example_branch_operator']) retrieved from /home/airflow/.local/lib/python3.6/site-packages/airflow/example_dags/example_branch_operator.py
[2021-09-22 10:43:38,874] {logging_mixin.py:109} INFO - [2021-09-22 10:43:38,874] {dag.py:1834} INFO - Sync 1 DAGs
[2021-09-22 10:43:38,896] {logging_mixin.py:109} INFO - [2021-09-22 10:43:38,896] {dag.py:2287} INFO - Setting next_dagrun for example_branch_operator to 2021-09-20 00:00:00+00:00
[2021-09-22 10:43:38,909] {processor.py:170} INFO - Processing /home/airflow/.local/lib/python3.6/site-packages/airflow/example_dags/example_branch_operator.py took 0.089 seconds
[2021-09-22 10:44:09,559] {processor.py:162} INFO - Started process (PID=325) to work on /home/airflow/.local/lib/python3.6/site-packages/airflow/example_dags/example_branch_operator.py
[2021-09-22 10:44:09,560] {processor.py:613} INFO - Processing file /home/airflow/.local/lib/python3.6/site-packages/airflow/example_dags/example_branch_operator.py for tasks to queue
[2021-09-22 10:44:09,561] {logging_mixin.py:109} INFO - [2021-09-22 10:44:09,560] {dagbag.py:496} INFO - Filling up the DagBag from /home/airflow/.local/lib/python3.6/site-packages/airflow/example_dags/example_branch_operator.py
[2021-09-22 10:44:09,595] {processor.py:623} INFO - DAG(s) dict_keys(['example_branch_operator']) retrieved from /home/airflow/.local/lib/python3.6/site-packages/airflow/example_dags/example_branch_operator.py
[2021-09-22 10:44:09,636] {logging_mixin.py:109} INFO - [2021-09-22 10:44:09,636] {dag.py:1834} INFO - Sync 1 DAGs
[2021-09-22 10:44:09,709] {logging_mixin.py:109} INFO - [2021-09-22 10:44:09,709] {dag.py:2287} INFO - Setting next_dagrun for example_branch_operator to 2021-09-20 00:00:00+00:00
[2021-09-22 10:44:09,739] {processor.py:170} INFO - Processing /home/airflow/.local/lib/python3.6/site-packages/airflow/example_dags/example_branch_operator.py took 0.184 seconds
