[2021-09-22 10:26:36,076] {processor.py:162} INFO - Started process (PID=150) to work on /home/airflow/.local/lib/python3.6/site-packages/airflow/example_dags/example_task_group.py
[2021-09-22 10:26:36,077] {processor.py:613} INFO - Processing file /home/airflow/.local/lib/python3.6/site-packages/airflow/example_dags/example_task_group.py for tasks to queue
[2021-09-22 10:26:36,078] {logging_mixin.py:109} INFO - [2021-09-22 10:26:36,078] {dagbag.py:496} INFO - Filling up the DagBag from /home/airflow/.local/lib/python3.6/site-packages/airflow/example_dags/example_task_group.py
[2021-09-22 10:26:36,125] {processor.py:623} INFO - DAG(s) dict_keys(['example_task_group']) retrieved from /home/airflow/.local/lib/python3.6/site-packages/airflow/example_dags/example_task_group.py
[2021-09-22 10:26:40,223] {logging_mixin.py:109} INFO - [2021-09-22 10:26:40,221] {dag.py:1834} INFO - Sync 1 DAGs
[2021-09-22 10:26:40,242] {logging_mixin.py:109} INFO - [2021-09-22 10:26:40,240] {dag.py:1853} INFO - Creating ORM DAG for example_task_group
[2021-09-22 10:26:40,248] {logging_mixin.py:109} INFO - [2021-09-22 10:26:40,247] {dag.py:2287} INFO - Setting next_dagrun for example_task_group to 2021-09-20 00:00:00+00:00
[2021-09-22 10:26:40,260] {processor.py:170} INFO - Processing /home/airflow/.local/lib/python3.6/site-packages/airflow/example_dags/example_task_group.py took 4.190 seconds
[2021-09-22 10:27:24,648] {processor.py:162} INFO - Started process (PID=224) to work on /home/airflow/.local/lib/python3.6/site-packages/airflow/example_dags/example_task_group.py
[2021-09-22 10:27:24,653] {processor.py:613} INFO - Processing file /home/airflow/.local/lib/python3.6/site-packages/airflow/example_dags/example_task_group.py for tasks to queue
[2021-09-22 10:27:24,654] {logging_mixin.py:109} INFO - [2021-09-22 10:27:24,654] {dagbag.py:496} INFO - Filling up the DagBag from /home/airflow/.local/lib/python3.6/site-packages/airflow/example_dags/example_task_group.py
[2021-09-22 10:27:24,730] {processor.py:623} INFO - DAG(s) dict_keys(['example_task_group']) retrieved from /home/airflow/.local/lib/python3.6/site-packages/airflow/example_dags/example_task_group.py
[2021-09-22 10:27:24,899] {logging_mixin.py:109} INFO - [2021-09-22 10:27:24,899] {dag.py:1834} INFO - Sync 1 DAGs
[2021-09-22 10:27:25,079] {logging_mixin.py:109} INFO - [2021-09-22 10:27:25,079] {dag.py:2287} INFO - Setting next_dagrun for example_task_group to 2021-09-20 00:00:00+00:00
[2021-09-22 10:27:25,122] {processor.py:170} INFO - Processing /home/airflow/.local/lib/python3.6/site-packages/airflow/example_dags/example_task_group.py took 0.496 seconds
[2021-09-22 10:27:55,665] {processor.py:162} INFO - Started process (PID=284) to work on /home/airflow/.local/lib/python3.6/site-packages/airflow/example_dags/example_task_group.py
[2021-09-22 10:27:55,676] {processor.py:613} INFO - Processing file /home/airflow/.local/lib/python3.6/site-packages/airflow/example_dags/example_task_group.py for tasks to queue
[2021-09-22 10:27:55,682] {logging_mixin.py:109} INFO - [2021-09-22 10:27:55,682] {dagbag.py:496} INFO - Filling up the DagBag from /home/airflow/.local/lib/python3.6/site-packages/airflow/example_dags/example_task_group.py
[2021-09-22 10:27:55,727] {processor.py:623} INFO - DAG(s) dict_keys(['example_task_group']) retrieved from /home/airflow/.local/lib/python3.6/site-packages/airflow/example_dags/example_task_group.py
[2021-09-22 10:27:55,786] {logging_mixin.py:109} INFO - [2021-09-22 10:27:55,786] {dag.py:1834} INFO - Sync 1 DAGs
[2021-09-22 10:27:55,813] {logging_mixin.py:109} INFO - [2021-09-22 10:27:55,812] {dag.py:2287} INFO - Setting next_dagrun for example_task_group to 2021-09-20 00:00:00+00:00
[2021-09-22 10:27:55,862] {processor.py:170} INFO - Processing /home/airflow/.local/lib/python3.6/site-packages/airflow/example_dags/example_task_group.py took 0.208 seconds
[2021-09-22 10:28:26,075] {processor.py:162} INFO - Started process (PID=335) to work on /home/airflow/.local/lib/python3.6/site-packages/airflow/example_dags/example_task_group.py
[2021-09-22 10:28:26,076] {processor.py:613} INFO - Processing file /home/airflow/.local/lib/python3.6/site-packages/airflow/example_dags/example_task_group.py for tasks to queue
[2021-09-22 10:28:26,077] {logging_mixin.py:109} INFO - [2021-09-22 10:28:26,077] {dagbag.py:496} INFO - Filling up the DagBag from /home/airflow/.local/lib/python3.6/site-packages/airflow/example_dags/example_task_group.py
[2021-09-22 10:28:26,091] {processor.py:623} INFO - DAG(s) dict_keys(['example_task_group']) retrieved from /home/airflow/.local/lib/python3.6/site-packages/airflow/example_dags/example_task_group.py
[2021-09-22 10:28:26,117] {logging_mixin.py:109} INFO - [2021-09-22 10:28:26,117] {dag.py:1834} INFO - Sync 1 DAGs
[2021-09-22 10:28:26,134] {logging_mixin.py:109} INFO - [2021-09-22 10:28:26,134] {dag.py:2287} INFO - Setting next_dagrun for example_task_group to 2021-09-20 00:00:00+00:00
[2021-09-22 10:28:26,143] {processor.py:170} INFO - Processing /home/airflow/.local/lib/python3.6/site-packages/airflow/example_dags/example_task_group.py took 0.071 seconds
[2021-09-22 10:28:58,285] {processor.py:162} INFO - Started process (PID=396) to work on /home/airflow/.local/lib/python3.6/site-packages/airflow/example_dags/example_task_group.py
[2021-09-22 10:28:58,293] {processor.py:613} INFO - Processing file /home/airflow/.local/lib/python3.6/site-packages/airflow/example_dags/example_task_group.py for tasks to queue
[2021-09-22 10:28:58,294] {logging_mixin.py:109} INFO - [2021-09-22 10:28:58,294] {dagbag.py:496} INFO - Filling up the DagBag from /home/airflow/.local/lib/python3.6/site-packages/airflow/example_dags/example_task_group.py
[2021-09-22 10:28:58,469] {processor.py:623} INFO - DAG(s) dict_keys(['example_task_group']) retrieved from /home/airflow/.local/lib/python3.6/site-packages/airflow/example_dags/example_task_group.py
[2021-09-22 10:28:58,624] {logging_mixin.py:109} INFO - [2021-09-22 10:28:58,624] {dag.py:1834} INFO - Sync 1 DAGs
[2021-09-22 10:28:58,752] {logging_mixin.py:109} INFO - [2021-09-22 10:28:58,752] {dag.py:2287} INFO - Setting next_dagrun for example_task_group to 2021-09-20 00:00:00+00:00
[2021-09-22 10:28:58,879] {processor.py:170} INFO - Processing /home/airflow/.local/lib/python3.6/site-packages/airflow/example_dags/example_task_group.py took 0.609 seconds
[2021-09-22 10:29:29,706] {processor.py:162} INFO - Started process (PID=446) to work on /home/airflow/.local/lib/python3.6/site-packages/airflow/example_dags/example_task_group.py
[2021-09-22 10:29:29,708] {processor.py:613} INFO - Processing file /home/airflow/.local/lib/python3.6/site-packages/airflow/example_dags/example_task_group.py for tasks to queue
[2021-09-22 10:29:29,708] {logging_mixin.py:109} INFO - [2021-09-22 10:29:29,708] {dagbag.py:496} INFO - Filling up the DagBag from /home/airflow/.local/lib/python3.6/site-packages/airflow/example_dags/example_task_group.py
[2021-09-22 10:29:29,731] {processor.py:623} INFO - DAG(s) dict_keys(['example_task_group']) retrieved from /home/airflow/.local/lib/python3.6/site-packages/airflow/example_dags/example_task_group.py
[2021-09-22 10:29:29,762] {logging_mixin.py:109} INFO - [2021-09-22 10:29:29,762] {dag.py:1834} INFO - Sync 1 DAGs
[2021-09-22 10:29:29,784] {logging_mixin.py:109} INFO - [2021-09-22 10:29:29,783] {dag.py:2287} INFO - Setting next_dagrun for example_task_group to 2021-09-20 00:00:00+00:00
[2021-09-22 10:29:29,794] {processor.py:170} INFO - Processing /home/airflow/.local/lib/python3.6/site-packages/airflow/example_dags/example_task_group.py took 0.091 seconds
[2021-09-22 10:30:00,300] {processor.py:162} INFO - Started process (PID=497) to work on /home/airflow/.local/lib/python3.6/site-packages/airflow/example_dags/example_task_group.py
[2021-09-22 10:30:00,301] {processor.py:613} INFO - Processing file /home/airflow/.local/lib/python3.6/site-packages/airflow/example_dags/example_task_group.py for tasks to queue
[2021-09-22 10:30:00,302] {logging_mixin.py:109} INFO - [2021-09-22 10:30:00,302] {dagbag.py:496} INFO - Filling up the DagBag from /home/airflow/.local/lib/python3.6/site-packages/airflow/example_dags/example_task_group.py
[2021-09-22 10:30:00,321] {processor.py:623} INFO - DAG(s) dict_keys(['example_task_group']) retrieved from /home/airflow/.local/lib/python3.6/site-packages/airflow/example_dags/example_task_group.py
[2021-09-22 10:30:00,351] {logging_mixin.py:109} INFO - [2021-09-22 10:30:00,351] {dag.py:1834} INFO - Sync 1 DAGs
[2021-09-22 10:30:00,373] {logging_mixin.py:109} INFO - [2021-09-22 10:30:00,373] {dag.py:2287} INFO - Setting next_dagrun for example_task_group to 2021-09-20 00:00:00+00:00
[2021-09-22 10:30:00,389] {processor.py:170} INFO - Processing /home/airflow/.local/lib/python3.6/site-packages/airflow/example_dags/example_task_group.py took 0.093 seconds
[2021-09-22 10:30:30,641] {processor.py:162} INFO - Started process (PID=560) to work on /home/airflow/.local/lib/python3.6/site-packages/airflow/example_dags/example_task_group.py
[2021-09-22 10:30:30,642] {processor.py:613} INFO - Processing file /home/airflow/.local/lib/python3.6/site-packages/airflow/example_dags/example_task_group.py for tasks to queue
[2021-09-22 10:30:30,649] {logging_mixin.py:109} INFO - [2021-09-22 10:30:30,649] {dagbag.py:496} INFO - Filling up the DagBag from /home/airflow/.local/lib/python3.6/site-packages/airflow/example_dags/example_task_group.py
[2021-09-22 10:30:30,694] {processor.py:623} INFO - DAG(s) dict_keys(['example_task_group']) retrieved from /home/airflow/.local/lib/python3.6/site-packages/airflow/example_dags/example_task_group.py
[2021-09-22 10:30:30,787] {logging_mixin.py:109} INFO - [2021-09-22 10:30:30,787] {dag.py:1834} INFO - Sync 1 DAGs
[2021-09-22 10:30:30,822] {logging_mixin.py:109} INFO - [2021-09-22 10:30:30,822] {dag.py:2287} INFO - Setting next_dagrun for example_task_group to 2021-09-20 00:00:00+00:00
[2021-09-22 10:30:30,880] {processor.py:170} INFO - Processing /home/airflow/.local/lib/python3.6/site-packages/airflow/example_dags/example_task_group.py took 0.248 seconds
[2021-09-22 10:31:01,604] {processor.py:162} INFO - Started process (PID=613) to work on /home/airflow/.local/lib/python3.6/site-packages/airflow/example_dags/example_task_group.py
[2021-09-22 10:31:01,606] {processor.py:613} INFO - Processing file /home/airflow/.local/lib/python3.6/site-packages/airflow/example_dags/example_task_group.py for tasks to queue
[2021-09-22 10:31:01,607] {logging_mixin.py:109} INFO - [2021-09-22 10:31:01,607] {dagbag.py:496} INFO - Filling up the DagBag from /home/airflow/.local/lib/python3.6/site-packages/airflow/example_dags/example_task_group.py
[2021-09-22 10:31:01,710] {processor.py:623} INFO - DAG(s) dict_keys(['example_task_group']) retrieved from /home/airflow/.local/lib/python3.6/site-packages/airflow/example_dags/example_task_group.py
[2021-09-22 10:31:01,755] {logging_mixin.py:109} INFO - [2021-09-22 10:31:01,755] {dag.py:1834} INFO - Sync 1 DAGs
[2021-09-22 10:31:01,783] {logging_mixin.py:109} INFO - [2021-09-22 10:31:01,783] {dag.py:2287} INFO - Setting next_dagrun for example_task_group to 2021-09-20 00:00:00+00:00
[2021-09-22 10:31:01,803] {processor.py:170} INFO - Processing /home/airflow/.local/lib/python3.6/site-packages/airflow/example_dags/example_task_group.py took 0.203 seconds
[2021-09-22 10:31:31,899] {processor.py:162} INFO - Started process (PID=674) to work on /home/airflow/.local/lib/python3.6/site-packages/airflow/example_dags/example_task_group.py
[2021-09-22 10:31:31,906] {processor.py:613} INFO - Processing file /home/airflow/.local/lib/python3.6/site-packages/airflow/example_dags/example_task_group.py for tasks to queue
[2021-09-22 10:31:31,907] {logging_mixin.py:109} INFO - [2021-09-22 10:31:31,907] {dagbag.py:496} INFO - Filling up the DagBag from /home/airflow/.local/lib/python3.6/site-packages/airflow/example_dags/example_task_group.py
[2021-09-22 10:31:31,940] {processor.py:623} INFO - DAG(s) dict_keys(['example_task_group']) retrieved from /home/airflow/.local/lib/python3.6/site-packages/airflow/example_dags/example_task_group.py
[2021-09-22 10:31:31,972] {logging_mixin.py:109} INFO - [2021-09-22 10:31:31,972] {dag.py:1834} INFO - Sync 1 DAGs
[2021-09-22 10:31:31,992] {logging_mixin.py:109} INFO - [2021-09-22 10:31:31,991] {dag.py:2287} INFO - Setting next_dagrun for example_task_group to 2021-09-20 00:00:00+00:00
[2021-09-22 10:31:32,005] {processor.py:170} INFO - Processing /home/airflow/.local/lib/python3.6/site-packages/airflow/example_dags/example_task_group.py took 0.110 seconds
[2021-09-22 10:32:02,483] {processor.py:162} INFO - Started process (PID=727) to work on /home/airflow/.local/lib/python3.6/site-packages/airflow/example_dags/example_task_group.py
[2021-09-22 10:32:02,492] {processor.py:613} INFO - Processing file /home/airflow/.local/lib/python3.6/site-packages/airflow/example_dags/example_task_group.py for tasks to queue
[2021-09-22 10:32:02,493] {logging_mixin.py:109} INFO - [2021-09-22 10:32:02,493] {dagbag.py:496} INFO - Filling up the DagBag from /home/airflow/.local/lib/python3.6/site-packages/airflow/example_dags/example_task_group.py
[2021-09-22 10:32:02,547] {processor.py:623} INFO - DAG(s) dict_keys(['example_task_group']) retrieved from /home/airflow/.local/lib/python3.6/site-packages/airflow/example_dags/example_task_group.py
[2021-09-22 10:32:02,617] {logging_mixin.py:109} INFO - [2021-09-22 10:32:02,617] {dag.py:1834} INFO - Sync 1 DAGs
[2021-09-22 10:32:02,644] {logging_mixin.py:109} INFO - [2021-09-22 10:32:02,644] {dag.py:2287} INFO - Setting next_dagrun for example_task_group to 2021-09-20 00:00:00+00:00
[2021-09-22 10:32:02,686] {processor.py:170} INFO - Processing /home/airflow/.local/lib/python3.6/site-packages/airflow/example_dags/example_task_group.py took 0.215 seconds
[2021-09-22 10:32:33,589] {processor.py:162} INFO - Started process (PID=789) to work on /home/airflow/.local/lib/python3.6/site-packages/airflow/example_dags/example_task_group.py
[2021-09-22 10:32:33,592] {processor.py:613} INFO - Processing file /home/airflow/.local/lib/python3.6/site-packages/airflow/example_dags/example_task_group.py for tasks to queue
[2021-09-22 10:32:33,594] {logging_mixin.py:109} INFO - [2021-09-22 10:32:33,593] {dagbag.py:496} INFO - Filling up the DagBag from /home/airflow/.local/lib/python3.6/site-packages/airflow/example_dags/example_task_group.py
[2021-09-22 10:32:33,622] {processor.py:623} INFO - DAG(s) dict_keys(['example_task_group']) retrieved from /home/airflow/.local/lib/python3.6/site-packages/airflow/example_dags/example_task_group.py
[2021-09-22 10:32:33,701] {logging_mixin.py:109} INFO - [2021-09-22 10:32:33,701] {dag.py:1834} INFO - Sync 1 DAGs
[2021-09-22 10:32:33,739] {logging_mixin.py:109} INFO - [2021-09-22 10:32:33,739] {dag.py:2287} INFO - Setting next_dagrun for example_task_group to 2021-09-20 00:00:00+00:00
[2021-09-22 10:32:33,782] {processor.py:170} INFO - Processing /home/airflow/.local/lib/python3.6/site-packages/airflow/example_dags/example_task_group.py took 0.199 seconds
[2021-09-22 10:33:04,474] {processor.py:162} INFO - Started process (PID=840) to work on /home/airflow/.local/lib/python3.6/site-packages/airflow/example_dags/example_task_group.py
[2021-09-22 10:33:04,482] {processor.py:613} INFO - Processing file /home/airflow/.local/lib/python3.6/site-packages/airflow/example_dags/example_task_group.py for tasks to queue
[2021-09-22 10:33:04,482] {logging_mixin.py:109} INFO - [2021-09-22 10:33:04,482] {dagbag.py:496} INFO - Filling up the DagBag from /home/airflow/.local/lib/python3.6/site-packages/airflow/example_dags/example_task_group.py
[2021-09-22 10:33:04,510] {processor.py:623} INFO - DAG(s) dict_keys(['example_task_group']) retrieved from /home/airflow/.local/lib/python3.6/site-packages/airflow/example_dags/example_task_group.py
[2021-09-22 10:33:04,549] {logging_mixin.py:109} INFO - [2021-09-22 10:33:04,549] {dag.py:1834} INFO - Sync 1 DAGs
[2021-09-22 10:33:04,593] {logging_mixin.py:109} INFO - [2021-09-22 10:33:04,592] {dag.py:2287} INFO - Setting next_dagrun for example_task_group to 2021-09-20 00:00:00+00:00
[2021-09-22 10:33:04,617] {processor.py:170} INFO - Processing /home/airflow/.local/lib/python3.6/site-packages/airflow/example_dags/example_task_group.py took 0.149 seconds
[2021-09-22 10:33:35,014] {processor.py:162} INFO - Started process (PID=902) to work on /home/airflow/.local/lib/python3.6/site-packages/airflow/example_dags/example_task_group.py
[2021-09-22 10:33:35,016] {processor.py:613} INFO - Processing file /home/airflow/.local/lib/python3.6/site-packages/airflow/example_dags/example_task_group.py for tasks to queue
[2021-09-22 10:33:35,017] {logging_mixin.py:109} INFO - [2021-09-22 10:33:35,016] {dagbag.py:496} INFO - Filling up the DagBag from /home/airflow/.local/lib/python3.6/site-packages/airflow/example_dags/example_task_group.py
[2021-09-22 10:33:35,035] {processor.py:623} INFO - DAG(s) dict_keys(['example_task_group']) retrieved from /home/airflow/.local/lib/python3.6/site-packages/airflow/example_dags/example_task_group.py
[2021-09-22 10:33:35,063] {logging_mixin.py:109} INFO - [2021-09-22 10:33:35,063] {dag.py:1834} INFO - Sync 1 DAGs
[2021-09-22 10:33:35,081] {logging_mixin.py:109} INFO - [2021-09-22 10:33:35,081] {dag.py:2287} INFO - Setting next_dagrun for example_task_group to 2021-09-20 00:00:00+00:00
[2021-09-22 10:33:35,104] {processor.py:170} INFO - Processing /home/airflow/.local/lib/python3.6/site-packages/airflow/example_dags/example_task_group.py took 0.094 seconds
[2021-09-22 10:34:05,700] {processor.py:162} INFO - Started process (PID=953) to work on /home/airflow/.local/lib/python3.6/site-packages/airflow/example_dags/example_task_group.py
[2021-09-22 10:34:05,702] {processor.py:613} INFO - Processing file /home/airflow/.local/lib/python3.6/site-packages/airflow/example_dags/example_task_group.py for tasks to queue
[2021-09-22 10:34:05,703] {logging_mixin.py:109} INFO - [2021-09-22 10:34:05,703] {dagbag.py:496} INFO - Filling up the DagBag from /home/airflow/.local/lib/python3.6/site-packages/airflow/example_dags/example_task_group.py
[2021-09-22 10:34:05,731] {processor.py:623} INFO - DAG(s) dict_keys(['example_task_group']) retrieved from /home/airflow/.local/lib/python3.6/site-packages/airflow/example_dags/example_task_group.py
[2021-09-22 10:34:05,761] {logging_mixin.py:109} INFO - [2021-09-22 10:34:05,761] {dag.py:1834} INFO - Sync 1 DAGs
[2021-09-22 10:34:05,786] {logging_mixin.py:109} INFO - [2021-09-22 10:34:05,785] {dag.py:2287} INFO - Setting next_dagrun for example_task_group to 2021-09-20 00:00:00+00:00
[2021-09-22 10:34:05,798] {processor.py:170} INFO - Processing /home/airflow/.local/lib/python3.6/site-packages/airflow/example_dags/example_task_group.py took 0.102 seconds
[2021-09-22 10:34:36,292] {processor.py:162} INFO - Started process (PID=1009) to work on /home/airflow/.local/lib/python3.6/site-packages/airflow/example_dags/example_task_group.py
[2021-09-22 10:34:36,294] {processor.py:613} INFO - Processing file /home/airflow/.local/lib/python3.6/site-packages/airflow/example_dags/example_task_group.py for tasks to queue
[2021-09-22 10:34:36,295] {logging_mixin.py:109} INFO - [2021-09-22 10:34:36,295] {dagbag.py:496} INFO - Filling up the DagBag from /home/airflow/.local/lib/python3.6/site-packages/airflow/example_dags/example_task_group.py
[2021-09-22 10:34:36,358] {processor.py:623} INFO - DAG(s) dict_keys(['example_task_group']) retrieved from /home/airflow/.local/lib/python3.6/site-packages/airflow/example_dags/example_task_group.py
[2021-09-22 10:34:36,427] {logging_mixin.py:109} INFO - [2021-09-22 10:34:36,426] {dag.py:1834} INFO - Sync 1 DAGs
[2021-09-22 10:34:36,456] {logging_mixin.py:109} INFO - [2021-09-22 10:34:36,456] {dag.py:2287} INFO - Setting next_dagrun for example_task_group to 2021-09-20 00:00:00+00:00
[2021-09-22 10:34:36,493] {processor.py:170} INFO - Processing /home/airflow/.local/lib/python3.6/site-packages/airflow/example_dags/example_task_group.py took 0.218 seconds
[2021-09-22 10:35:06,829] {processor.py:162} INFO - Started process (PID=1064) to work on /home/airflow/.local/lib/python3.6/site-packages/airflow/example_dags/example_task_group.py
[2021-09-22 10:35:06,836] {processor.py:613} INFO - Processing file /home/airflow/.local/lib/python3.6/site-packages/airflow/example_dags/example_task_group.py for tasks to queue
[2021-09-22 10:35:06,837] {logging_mixin.py:109} INFO - [2021-09-22 10:35:06,837] {dagbag.py:496} INFO - Filling up the DagBag from /home/airflow/.local/lib/python3.6/site-packages/airflow/example_dags/example_task_group.py
[2021-09-22 10:35:06,900] {processor.py:623} INFO - DAG(s) dict_keys(['example_task_group']) retrieved from /home/airflow/.local/lib/python3.6/site-packages/airflow/example_dags/example_task_group.py
[2021-09-22 10:35:06,993] {logging_mixin.py:109} INFO - [2021-09-22 10:35:06,993] {dag.py:1834} INFO - Sync 1 DAGs
[2021-09-22 10:35:07,037] {logging_mixin.py:109} INFO - [2021-09-22 10:35:07,037] {dag.py:2287} INFO - Setting next_dagrun for example_task_group to 2021-09-20 00:00:00+00:00
[2021-09-22 10:35:07,082] {processor.py:170} INFO - Processing /home/airflow/.local/lib/python3.6/site-packages/airflow/example_dags/example_task_group.py took 0.265 seconds
[2021-09-22 10:35:37,754] {processor.py:162} INFO - Started process (PID=1116) to work on /home/airflow/.local/lib/python3.6/site-packages/airflow/example_dags/example_task_group.py
[2021-09-22 10:35:37,758] {processor.py:613} INFO - Processing file /home/airflow/.local/lib/python3.6/site-packages/airflow/example_dags/example_task_group.py for tasks to queue
[2021-09-22 10:35:37,759] {logging_mixin.py:109} INFO - [2021-09-22 10:35:37,758] {dagbag.py:496} INFO - Filling up the DagBag from /home/airflow/.local/lib/python3.6/site-packages/airflow/example_dags/example_task_group.py
[2021-09-22 10:35:37,778] {processor.py:623} INFO - DAG(s) dict_keys(['example_task_group']) retrieved from /home/airflow/.local/lib/python3.6/site-packages/airflow/example_dags/example_task_group.py
[2021-09-22 10:35:37,815] {logging_mixin.py:109} INFO - [2021-09-22 10:35:37,815] {dag.py:1834} INFO - Sync 1 DAGs
[2021-09-22 10:35:37,840] {logging_mixin.py:109} INFO - [2021-09-22 10:35:37,840] {dag.py:2287} INFO - Setting next_dagrun for example_task_group to 2021-09-20 00:00:00+00:00
[2021-09-22 10:35:37,858] {processor.py:170} INFO - Processing /home/airflow/.local/lib/python3.6/site-packages/airflow/example_dags/example_task_group.py took 0.108 seconds
[2021-09-22 10:36:08,115] {processor.py:162} INFO - Started process (PID=1167) to work on /home/airflow/.local/lib/python3.6/site-packages/airflow/example_dags/example_task_group.py
[2021-09-22 10:36:08,117] {processor.py:613} INFO - Processing file /home/airflow/.local/lib/python3.6/site-packages/airflow/example_dags/example_task_group.py for tasks to queue
[2021-09-22 10:36:08,118] {logging_mixin.py:109} INFO - [2021-09-22 10:36:08,118] {dagbag.py:496} INFO - Filling up the DagBag from /home/airflow/.local/lib/python3.6/site-packages/airflow/example_dags/example_task_group.py
[2021-09-22 10:36:08,137] {processor.py:623} INFO - DAG(s) dict_keys(['example_task_group']) retrieved from /home/airflow/.local/lib/python3.6/site-packages/airflow/example_dags/example_task_group.py
[2021-09-22 10:36:08,165] {logging_mixin.py:109} INFO - [2021-09-22 10:36:08,165] {dag.py:1834} INFO - Sync 1 DAGs
[2021-09-22 10:36:08,183] {logging_mixin.py:109} INFO - [2021-09-22 10:36:08,183] {dag.py:2287} INFO - Setting next_dagrun for example_task_group to 2021-09-20 00:00:00+00:00
[2021-09-22 10:36:08,199] {processor.py:170} INFO - Processing /home/airflow/.local/lib/python3.6/site-packages/airflow/example_dags/example_task_group.py took 0.088 seconds
[2021-09-22 10:36:38,854] {processor.py:162} INFO - Started process (PID=1228) to work on /home/airflow/.local/lib/python3.6/site-packages/airflow/example_dags/example_task_group.py
[2021-09-22 10:36:38,857] {processor.py:613} INFO - Processing file /home/airflow/.local/lib/python3.6/site-packages/airflow/example_dags/example_task_group.py for tasks to queue
[2021-09-22 10:36:38,858] {logging_mixin.py:109} INFO - [2021-09-22 10:36:38,858] {dagbag.py:496} INFO - Filling up the DagBag from /home/airflow/.local/lib/python3.6/site-packages/airflow/example_dags/example_task_group.py
[2021-09-22 10:36:38,900] {processor.py:623} INFO - DAG(s) dict_keys(['example_task_group']) retrieved from /home/airflow/.local/lib/python3.6/site-packages/airflow/example_dags/example_task_group.py
[2021-09-22 10:36:38,986] {logging_mixin.py:109} INFO - [2021-09-22 10:36:38,986] {dag.py:1834} INFO - Sync 1 DAGs
[2021-09-22 10:36:39,026] {logging_mixin.py:109} INFO - [2021-09-22 10:36:39,026] {dag.py:2287} INFO - Setting next_dagrun for example_task_group to 2021-09-20 00:00:00+00:00
[2021-09-22 10:36:39,057] {processor.py:170} INFO - Processing /home/airflow/.local/lib/python3.6/site-packages/airflow/example_dags/example_task_group.py took 0.211 seconds
[2021-09-22 10:38:17,297] {processor.py:162} INFO - Started process (PID=74) to work on /home/airflow/.local/lib/python3.6/site-packages/airflow/example_dags/example_task_group.py
[2021-09-22 10:38:17,306] {processor.py:613} INFO - Processing file /home/airflow/.local/lib/python3.6/site-packages/airflow/example_dags/example_task_group.py for tasks to queue
[2021-09-22 10:38:17,320] {logging_mixin.py:109} INFO - [2021-09-22 10:38:17,320] {dagbag.py:496} INFO - Filling up the DagBag from /home/airflow/.local/lib/python3.6/site-packages/airflow/example_dags/example_task_group.py
[2021-09-22 10:38:17,479] {processor.py:623} INFO - DAG(s) dict_keys(['example_task_group']) retrieved from /home/airflow/.local/lib/python3.6/site-packages/airflow/example_dags/example_task_group.py
[2021-09-22 10:38:17,664] {logging_mixin.py:109} INFO - [2021-09-22 10:38:17,664] {dag.py:1834} INFO - Sync 1 DAGs
[2021-09-22 10:38:17,741] {logging_mixin.py:109} INFO - [2021-09-22 10:38:17,741] {dag.py:2287} INFO - Setting next_dagrun for example_task_group to 2021-09-20 00:00:00+00:00
[2021-09-22 10:38:17,848] {processor.py:170} INFO - Processing /home/airflow/.local/lib/python3.6/site-packages/airflow/example_dags/example_task_group.py took 0.592 seconds
[2021-09-22 10:38:48,015] {processor.py:162} INFO - Started process (PID=125) to work on /home/airflow/.local/lib/python3.6/site-packages/airflow/example_dags/example_task_group.py
[2021-09-22 10:38:48,020] {processor.py:613} INFO - Processing file /home/airflow/.local/lib/python3.6/site-packages/airflow/example_dags/example_task_group.py for tasks to queue
[2021-09-22 10:38:48,021] {logging_mixin.py:109} INFO - [2021-09-22 10:38:48,021] {dagbag.py:496} INFO - Filling up the DagBag from /home/airflow/.local/lib/python3.6/site-packages/airflow/example_dags/example_task_group.py
[2021-09-22 10:38:48,073] {processor.py:623} INFO - DAG(s) dict_keys(['example_task_group']) retrieved from /home/airflow/.local/lib/python3.6/site-packages/airflow/example_dags/example_task_group.py
[2021-09-22 10:38:48,193] {logging_mixin.py:109} INFO - [2021-09-22 10:38:48,193] {dag.py:1834} INFO - Sync 1 DAGs
[2021-09-22 10:38:48,247] {logging_mixin.py:109} INFO - [2021-09-22 10:38:48,247] {dag.py:2287} INFO - Setting next_dagrun for example_task_group to 2021-09-20 00:00:00+00:00
[2021-09-22 10:38:48,301] {processor.py:170} INFO - Processing /home/airflow/.local/lib/python3.6/site-packages/airflow/example_dags/example_task_group.py took 0.300 seconds
[2021-09-22 10:41:39,101] {processor.py:162} INFO - Started process (PID=62) to work on /home/airflow/.local/lib/python3.6/site-packages/airflow/example_dags/example_task_group.py
[2021-09-22 10:41:39,109] {processor.py:613} INFO - Processing file /home/airflow/.local/lib/python3.6/site-packages/airflow/example_dags/example_task_group.py for tasks to queue
[2021-09-22 10:41:39,110] {logging_mixin.py:109} INFO - [2021-09-22 10:41:39,110] {dagbag.py:496} INFO - Filling up the DagBag from /home/airflow/.local/lib/python3.6/site-packages/airflow/example_dags/example_task_group.py
[2021-09-22 10:41:39,147] {processor.py:623} INFO - DAG(s) dict_keys(['example_task_group']) retrieved from /home/airflow/.local/lib/python3.6/site-packages/airflow/example_dags/example_task_group.py
[2021-09-22 10:41:39,244] {logging_mixin.py:109} INFO - [2021-09-22 10:41:39,244] {dag.py:1834} INFO - Sync 1 DAGs
[2021-09-22 10:41:39,281] {logging_mixin.py:109} INFO - [2021-09-22 10:41:39,280] {dag.py:2287} INFO - Setting next_dagrun for example_task_group to 2021-09-20 00:00:00+00:00
[2021-09-22 10:41:39,312] {processor.py:170} INFO - Processing /home/airflow/.local/lib/python3.6/site-packages/airflow/example_dags/example_task_group.py took 0.215 seconds
[2021-09-22 10:42:10,109] {processor.py:162} INFO - Started process (PID=113) to work on /home/airflow/.local/lib/python3.6/site-packages/airflow/example_dags/example_task_group.py
[2021-09-22 10:42:10,110] {processor.py:613} INFO - Processing file /home/airflow/.local/lib/python3.6/site-packages/airflow/example_dags/example_task_group.py for tasks to queue
[2021-09-22 10:42:10,111] {logging_mixin.py:109} INFO - [2021-09-22 10:42:10,111] {dagbag.py:496} INFO - Filling up the DagBag from /home/airflow/.local/lib/python3.6/site-packages/airflow/example_dags/example_task_group.py
[2021-09-22 10:42:10,130] {processor.py:623} INFO - DAG(s) dict_keys(['example_task_group']) retrieved from /home/airflow/.local/lib/python3.6/site-packages/airflow/example_dags/example_task_group.py
[2021-09-22 10:42:10,157] {logging_mixin.py:109} INFO - [2021-09-22 10:42:10,157] {dag.py:1834} INFO - Sync 1 DAGs
[2021-09-22 10:42:10,175] {logging_mixin.py:109} INFO - [2021-09-22 10:42:10,175] {dag.py:2287} INFO - Setting next_dagrun for example_task_group to 2021-09-20 00:00:00+00:00
[2021-09-22 10:42:10,189] {processor.py:170} INFO - Processing /home/airflow/.local/lib/python3.6/site-packages/airflow/example_dags/example_task_group.py took 0.083 seconds
[2021-09-22 10:42:40,343] {processor.py:162} INFO - Started process (PID=176) to work on /home/airflow/.local/lib/python3.6/site-packages/airflow/example_dags/example_task_group.py
[2021-09-22 10:42:40,344] {processor.py:613} INFO - Processing file /home/airflow/.local/lib/python3.6/site-packages/airflow/example_dags/example_task_group.py for tasks to queue
[2021-09-22 10:42:40,345] {logging_mixin.py:109} INFO - [2021-09-22 10:42:40,345] {dagbag.py:496} INFO - Filling up the DagBag from /home/airflow/.local/lib/python3.6/site-packages/airflow/example_dags/example_task_group.py
[2021-09-22 10:42:40,364] {processor.py:623} INFO - DAG(s) dict_keys(['example_task_group']) retrieved from /home/airflow/.local/lib/python3.6/site-packages/airflow/example_dags/example_task_group.py
[2021-09-22 10:42:40,402] {logging_mixin.py:109} INFO - [2021-09-22 10:42:40,402] {dag.py:1834} INFO - Sync 1 DAGs
[2021-09-22 10:42:40,432] {logging_mixin.py:109} INFO - [2021-09-22 10:42:40,432] {dag.py:2287} INFO - Setting next_dagrun for example_task_group to 2021-09-20 00:00:00+00:00
[2021-09-22 10:42:40,454] {processor.py:170} INFO - Processing /home/airflow/.local/lib/python3.6/site-packages/airflow/example_dags/example_task_group.py took 0.115 seconds
[2021-09-22 10:43:10,892] {processor.py:162} INFO - Started process (PID=228) to work on /home/airflow/.local/lib/python3.6/site-packages/airflow/example_dags/example_task_group.py
[2021-09-22 10:43:10,893] {processor.py:613} INFO - Processing file /home/airflow/.local/lib/python3.6/site-packages/airflow/example_dags/example_task_group.py for tasks to queue
[2021-09-22 10:43:10,894] {logging_mixin.py:109} INFO - [2021-09-22 10:43:10,894] {dagbag.py:496} INFO - Filling up the DagBag from /home/airflow/.local/lib/python3.6/site-packages/airflow/example_dags/example_task_group.py
[2021-09-22 10:43:10,912] {processor.py:623} INFO - DAG(s) dict_keys(['example_task_group']) retrieved from /home/airflow/.local/lib/python3.6/site-packages/airflow/example_dags/example_task_group.py
[2021-09-22 10:43:10,942] {logging_mixin.py:109} INFO - [2021-09-22 10:43:10,942] {dag.py:1834} INFO - Sync 1 DAGs
[2021-09-22 10:43:10,961] {logging_mixin.py:109} INFO - [2021-09-22 10:43:10,961] {dag.py:2287} INFO - Setting next_dagrun for example_task_group to 2021-09-20 00:00:00+00:00
[2021-09-22 10:43:10,972] {processor.py:170} INFO - Processing /home/airflow/.local/lib/python3.6/site-packages/airflow/example_dags/example_task_group.py took 0.084 seconds
[2021-09-22 10:43:41,871] {processor.py:162} INFO - Started process (PID=289) to work on /home/airflow/.local/lib/python3.6/site-packages/airflow/example_dags/example_task_group.py
[2021-09-22 10:43:41,873] {processor.py:613} INFO - Processing file /home/airflow/.local/lib/python3.6/site-packages/airflow/example_dags/example_task_group.py for tasks to queue
[2021-09-22 10:43:41,874] {logging_mixin.py:109} INFO - [2021-09-22 10:43:41,874] {dagbag.py:496} INFO - Filling up the DagBag from /home/airflow/.local/lib/python3.6/site-packages/airflow/example_dags/example_task_group.py
[2021-09-22 10:43:41,894] {processor.py:623} INFO - DAG(s) dict_keys(['example_task_group']) retrieved from /home/airflow/.local/lib/python3.6/site-packages/airflow/example_dags/example_task_group.py
[2021-09-22 10:43:41,926] {logging_mixin.py:109} INFO - [2021-09-22 10:43:41,926] {dag.py:1834} INFO - Sync 1 DAGs
[2021-09-22 10:43:41,947] {logging_mixin.py:109} INFO - [2021-09-22 10:43:41,947] {dag.py:2287} INFO - Setting next_dagrun for example_task_group to 2021-09-20 00:00:00+00:00
[2021-09-22 10:43:41,962] {processor.py:170} INFO - Processing /home/airflow/.local/lib/python3.6/site-packages/airflow/example_dags/example_task_group.py took 0.096 seconds
[2021-09-22 10:44:12,118] {processor.py:162} INFO - Started process (PID=340) to work on /home/airflow/.local/lib/python3.6/site-packages/airflow/example_dags/example_task_group.py
[2021-09-22 10:44:12,121] {processor.py:613} INFO - Processing file /home/airflow/.local/lib/python3.6/site-packages/airflow/example_dags/example_task_group.py for tasks to queue
[2021-09-22 10:44:12,122] {logging_mixin.py:109} INFO - [2021-09-22 10:44:12,122] {dagbag.py:496} INFO - Filling up the DagBag from /home/airflow/.local/lib/python3.6/site-packages/airflow/example_dags/example_task_group.py
[2021-09-22 10:44:12,151] {processor.py:623} INFO - DAG(s) dict_keys(['example_task_group']) retrieved from /home/airflow/.local/lib/python3.6/site-packages/airflow/example_dags/example_task_group.py
[2021-09-22 10:44:12,213] {logging_mixin.py:109} INFO - [2021-09-22 10:44:12,213] {dag.py:1834} INFO - Sync 1 DAGs
[2021-09-22 10:44:12,237] {logging_mixin.py:109} INFO - [2021-09-22 10:44:12,236] {dag.py:2287} INFO - Setting next_dagrun for example_task_group to 2021-09-20 00:00:00+00:00
[2021-09-22 10:44:12,276] {processor.py:170} INFO - Processing /home/airflow/.local/lib/python3.6/site-packages/airflow/example_dags/example_task_group.py took 0.162 seconds
