[2021-09-22 10:26:31,641] {processor.py:162} INFO - Started process (PID=133) to work on /home/airflow/.local/lib/python3.6/site-packages/airflow/example_dags/example_short_circuit_operator.py
[2021-09-22 10:26:31,647] {processor.py:613} INFO - Processing file /home/airflow/.local/lib/python3.6/site-packages/airflow/example_dags/example_short_circuit_operator.py for tasks to queue
[2021-09-22 10:26:31,648] {logging_mixin.py:109} INFO - [2021-09-22 10:26:31,648] {dagbag.py:496} INFO - Filling up the DagBag from /home/airflow/.local/lib/python3.6/site-packages/airflow/example_dags/example_short_circuit_operator.py
[2021-09-22 10:26:31,692] {processor.py:623} INFO - DAG(s) dict_keys(['example_short_circuit_operator']) retrieved from /home/airflow/.local/lib/python3.6/site-packages/airflow/example_dags/example_short_circuit_operator.py
[2021-09-22 10:26:35,708] {logging_mixin.py:109} INFO - [2021-09-22 10:26:35,706] {dag.py:1834} INFO - Sync 1 DAGs
[2021-09-22 10:26:35,733] {logging_mixin.py:109} INFO - [2021-09-22 10:26:35,728] {dag.py:1853} INFO - Creating ORM DAG for example_short_circuit_operator
[2021-09-22 10:26:35,742] {logging_mixin.py:109} INFO - [2021-09-22 10:26:35,742] {dag.py:2287} INFO - Setting next_dagrun for example_short_circuit_operator to 2021-09-20 00:00:00+00:00
[2021-09-22 10:26:35,776] {processor.py:170} INFO - Processing /home/airflow/.local/lib/python3.6/site-packages/airflow/example_dags/example_short_circuit_operator.py took 4.144 seconds
[2021-09-22 10:27:24,260] {processor.py:162} INFO - Started process (PID=221) to work on /home/airflow/.local/lib/python3.6/site-packages/airflow/example_dags/example_short_circuit_operator.py
[2021-09-22 10:27:24,263] {processor.py:613} INFO - Processing file /home/airflow/.local/lib/python3.6/site-packages/airflow/example_dags/example_short_circuit_operator.py for tasks to queue
[2021-09-22 10:27:24,264] {logging_mixin.py:109} INFO - [2021-09-22 10:27:24,264] {dagbag.py:496} INFO - Filling up the DagBag from /home/airflow/.local/lib/python3.6/site-packages/airflow/example_dags/example_short_circuit_operator.py
[2021-09-22 10:27:24,325] {processor.py:623} INFO - DAG(s) dict_keys(['example_short_circuit_operator']) retrieved from /home/airflow/.local/lib/python3.6/site-packages/airflow/example_dags/example_short_circuit_operator.py
[2021-09-22 10:27:24,361] {logging_mixin.py:109} INFO - [2021-09-22 10:27:24,361] {dag.py:1834} INFO - Sync 1 DAGs
[2021-09-22 10:27:24,392] {logging_mixin.py:109} INFO - [2021-09-22 10:27:24,391] {dag.py:2287} INFO - Setting next_dagrun for example_short_circuit_operator to 2021-09-20 00:00:00+00:00
[2021-09-22 10:27:24,431] {processor.py:170} INFO - Processing /home/airflow/.local/lib/python3.6/site-packages/airflow/example_dags/example_short_circuit_operator.py took 0.193 seconds
[2021-09-22 10:27:55,261] {processor.py:162} INFO - Started process (PID=281) to work on /home/airflow/.local/lib/python3.6/site-packages/airflow/example_dags/example_short_circuit_operator.py
[2021-09-22 10:27:55,263] {processor.py:613} INFO - Processing file /home/airflow/.local/lib/python3.6/site-packages/airflow/example_dags/example_short_circuit_operator.py for tasks to queue
[2021-09-22 10:27:55,264] {logging_mixin.py:109} INFO - [2021-09-22 10:27:55,264] {dagbag.py:496} INFO - Filling up the DagBag from /home/airflow/.local/lib/python3.6/site-packages/airflow/example_dags/example_short_circuit_operator.py
[2021-09-22 10:27:55,287] {processor.py:623} INFO - DAG(s) dict_keys(['example_short_circuit_operator']) retrieved from /home/airflow/.local/lib/python3.6/site-packages/airflow/example_dags/example_short_circuit_operator.py
[2021-09-22 10:27:55,357] {logging_mixin.py:109} INFO - [2021-09-22 10:27:55,357] {dag.py:1834} INFO - Sync 1 DAGs
[2021-09-22 10:27:55,393] {logging_mixin.py:109} INFO - [2021-09-22 10:27:55,393] {dag.py:2287} INFO - Setting next_dagrun for example_short_circuit_operator to 2021-09-20 00:00:00+00:00
[2021-09-22 10:27:55,432] {processor.py:170} INFO - Processing /home/airflow/.local/lib/python3.6/site-packages/airflow/example_dags/example_short_circuit_operator.py took 0.174 seconds
[2021-09-22 10:28:25,780] {processor.py:162} INFO - Started process (PID=332) to work on /home/airflow/.local/lib/python3.6/site-packages/airflow/example_dags/example_short_circuit_operator.py
[2021-09-22 10:28:25,781] {processor.py:613} INFO - Processing file /home/airflow/.local/lib/python3.6/site-packages/airflow/example_dags/example_short_circuit_operator.py for tasks to queue
[2021-09-22 10:28:25,782] {logging_mixin.py:109} INFO - [2021-09-22 10:28:25,782] {dagbag.py:496} INFO - Filling up the DagBag from /home/airflow/.local/lib/python3.6/site-packages/airflow/example_dags/example_short_circuit_operator.py
[2021-09-22 10:28:25,799] {processor.py:623} INFO - DAG(s) dict_keys(['example_short_circuit_operator']) retrieved from /home/airflow/.local/lib/python3.6/site-packages/airflow/example_dags/example_short_circuit_operator.py
[2021-09-22 10:28:25,828] {logging_mixin.py:109} INFO - [2021-09-22 10:28:25,828] {dag.py:1834} INFO - Sync 1 DAGs
[2021-09-22 10:28:25,853] {logging_mixin.py:109} INFO - [2021-09-22 10:28:25,853] {dag.py:2287} INFO - Setting next_dagrun for example_short_circuit_operator to 2021-09-20 00:00:00+00:00
[2021-09-22 10:28:25,895] {processor.py:170} INFO - Processing /home/airflow/.local/lib/python3.6/site-packages/airflow/example_dags/example_short_circuit_operator.py took 0.124 seconds
[2021-09-22 10:28:57,420] {processor.py:162} INFO - Started process (PID=392) to work on /home/airflow/.local/lib/python3.6/site-packages/airflow/example_dags/example_short_circuit_operator.py
[2021-09-22 10:28:57,425] {processor.py:613} INFO - Processing file /home/airflow/.local/lib/python3.6/site-packages/airflow/example_dags/example_short_circuit_operator.py for tasks to queue
[2021-09-22 10:28:57,426] {logging_mixin.py:109} INFO - [2021-09-22 10:28:57,426] {dagbag.py:496} INFO - Filling up the DagBag from /home/airflow/.local/lib/python3.6/site-packages/airflow/example_dags/example_short_circuit_operator.py
[2021-09-22 10:28:57,469] {processor.py:623} INFO - DAG(s) dict_keys(['example_short_circuit_operator']) retrieved from /home/airflow/.local/lib/python3.6/site-packages/airflow/example_dags/example_short_circuit_operator.py
[2021-09-22 10:28:57,583] {logging_mixin.py:109} INFO - [2021-09-22 10:28:57,578] {dag.py:1834} INFO - Sync 1 DAGs
[2021-09-22 10:28:57,641] {logging_mixin.py:109} INFO - [2021-09-22 10:28:57,641] {dag.py:2287} INFO - Setting next_dagrun for example_short_circuit_operator to 2021-09-20 00:00:00+00:00
[2021-09-22 10:28:57,679] {processor.py:170} INFO - Processing /home/airflow/.local/lib/python3.6/site-packages/airflow/example_dags/example_short_circuit_operator.py took 0.268 seconds
[2021-09-22 10:29:28,376] {processor.py:162} INFO - Started process (PID=443) to work on /home/airflow/.local/lib/python3.6/site-packages/airflow/example_dags/example_short_circuit_operator.py
[2021-09-22 10:29:28,379] {processor.py:613} INFO - Processing file /home/airflow/.local/lib/python3.6/site-packages/airflow/example_dags/example_short_circuit_operator.py for tasks to queue
[2021-09-22 10:29:28,380] {logging_mixin.py:109} INFO - [2021-09-22 10:29:28,379] {dagbag.py:496} INFO - Filling up the DagBag from /home/airflow/.local/lib/python3.6/site-packages/airflow/example_dags/example_short_circuit_operator.py
[2021-09-22 10:29:28,424] {processor.py:623} INFO - DAG(s) dict_keys(['example_short_circuit_operator']) retrieved from /home/airflow/.local/lib/python3.6/site-packages/airflow/example_dags/example_short_circuit_operator.py
[2021-09-22 10:29:28,478] {logging_mixin.py:109} INFO - [2021-09-22 10:29:28,478] {dag.py:1834} INFO - Sync 1 DAGs
[2021-09-22 10:29:28,525] {logging_mixin.py:109} INFO - [2021-09-22 10:29:28,525] {dag.py:2287} INFO - Setting next_dagrun for example_short_circuit_operator to 2021-09-20 00:00:00+00:00
[2021-09-22 10:29:28,570] {processor.py:170} INFO - Processing /home/airflow/.local/lib/python3.6/site-packages/airflow/example_dags/example_short_circuit_operator.py took 0.205 seconds
[2021-09-22 10:29:59,107] {processor.py:162} INFO - Started process (PID=494) to work on /home/airflow/.local/lib/python3.6/site-packages/airflow/example_dags/example_short_circuit_operator.py
[2021-09-22 10:29:59,109] {processor.py:613} INFO - Processing file /home/airflow/.local/lib/python3.6/site-packages/airflow/example_dags/example_short_circuit_operator.py for tasks to queue
[2021-09-22 10:29:59,110] {logging_mixin.py:109} INFO - [2021-09-22 10:29:59,110] {dagbag.py:496} INFO - Filling up the DagBag from /home/airflow/.local/lib/python3.6/site-packages/airflow/example_dags/example_short_circuit_operator.py
[2021-09-22 10:29:59,134] {processor.py:623} INFO - DAG(s) dict_keys(['example_short_circuit_operator']) retrieved from /home/airflow/.local/lib/python3.6/site-packages/airflow/example_dags/example_short_circuit_operator.py
[2021-09-22 10:29:59,176] {logging_mixin.py:109} INFO - [2021-09-22 10:29:59,176] {dag.py:1834} INFO - Sync 1 DAGs
[2021-09-22 10:29:59,205] {logging_mixin.py:109} INFO - [2021-09-22 10:29:59,204] {dag.py:2287} INFO - Setting next_dagrun for example_short_circuit_operator to 2021-09-20 00:00:00+00:00
[2021-09-22 10:29:59,216] {processor.py:170} INFO - Processing /home/airflow/.local/lib/python3.6/site-packages/airflow/example_dags/example_short_circuit_operator.py took 0.113 seconds
[2021-09-22 10:30:30,339] {processor.py:162} INFO - Started process (PID=557) to work on /home/airflow/.local/lib/python3.6/site-packages/airflow/example_dags/example_short_circuit_operator.py
[2021-09-22 10:30:30,341] {processor.py:613} INFO - Processing file /home/airflow/.local/lib/python3.6/site-packages/airflow/example_dags/example_short_circuit_operator.py for tasks to queue
[2021-09-22 10:30:30,342] {logging_mixin.py:109} INFO - [2021-09-22 10:30:30,342] {dagbag.py:496} INFO - Filling up the DagBag from /home/airflow/.local/lib/python3.6/site-packages/airflow/example_dags/example_short_circuit_operator.py
[2021-09-22 10:30:30,361] {processor.py:623} INFO - DAG(s) dict_keys(['example_short_circuit_operator']) retrieved from /home/airflow/.local/lib/python3.6/site-packages/airflow/example_dags/example_short_circuit_operator.py
[2021-09-22 10:30:30,395] {logging_mixin.py:109} INFO - [2021-09-22 10:30:30,395] {dag.py:1834} INFO - Sync 1 DAGs
[2021-09-22 10:30:30,412] {logging_mixin.py:109} INFO - [2021-09-22 10:30:30,412] {dag.py:2287} INFO - Setting next_dagrun for example_short_circuit_operator to 2021-09-20 00:00:00+00:00
[2021-09-22 10:30:30,438] {processor.py:170} INFO - Processing /home/airflow/.local/lib/python3.6/site-packages/airflow/example_dags/example_short_circuit_operator.py took 0.107 seconds
[2021-09-22 10:31:01,257] {processor.py:162} INFO - Started process (PID=610) to work on /home/airflow/.local/lib/python3.6/site-packages/airflow/example_dags/example_short_circuit_operator.py
[2021-09-22 10:31:01,258] {processor.py:613} INFO - Processing file /home/airflow/.local/lib/python3.6/site-packages/airflow/example_dags/example_short_circuit_operator.py for tasks to queue
[2021-09-22 10:31:01,259] {logging_mixin.py:109} INFO - [2021-09-22 10:31:01,259] {dagbag.py:496} INFO - Filling up the DagBag from /home/airflow/.local/lib/python3.6/site-packages/airflow/example_dags/example_short_circuit_operator.py
[2021-09-22 10:31:01,280] {processor.py:623} INFO - DAG(s) dict_keys(['example_short_circuit_operator']) retrieved from /home/airflow/.local/lib/python3.6/site-packages/airflow/example_dags/example_short_circuit_operator.py
[2021-09-22 10:31:01,311] {logging_mixin.py:109} INFO - [2021-09-22 10:31:01,311] {dag.py:1834} INFO - Sync 1 DAGs
[2021-09-22 10:31:01,339] {logging_mixin.py:109} INFO - [2021-09-22 10:31:01,339] {dag.py:2287} INFO - Setting next_dagrun for example_short_circuit_operator to 2021-09-20 00:00:00+00:00
[2021-09-22 10:31:01,371] {processor.py:170} INFO - Processing /home/airflow/.local/lib/python3.6/site-packages/airflow/example_dags/example_short_circuit_operator.py took 0.118 seconds
[2021-09-22 10:31:31,555] {processor.py:162} INFO - Started process (PID=671) to work on /home/airflow/.local/lib/python3.6/site-packages/airflow/example_dags/example_short_circuit_operator.py
[2021-09-22 10:31:31,558] {processor.py:613} INFO - Processing file /home/airflow/.local/lib/python3.6/site-packages/airflow/example_dags/example_short_circuit_operator.py for tasks to queue
[2021-09-22 10:31:31,559] {logging_mixin.py:109} INFO - [2021-09-22 10:31:31,559] {dagbag.py:496} INFO - Filling up the DagBag from /home/airflow/.local/lib/python3.6/site-packages/airflow/example_dags/example_short_circuit_operator.py
[2021-09-22 10:31:31,593] {processor.py:623} INFO - DAG(s) dict_keys(['example_short_circuit_operator']) retrieved from /home/airflow/.local/lib/python3.6/site-packages/airflow/example_dags/example_short_circuit_operator.py
[2021-09-22 10:31:31,677] {logging_mixin.py:109} INFO - [2021-09-22 10:31:31,677] {dag.py:1834} INFO - Sync 1 DAGs
[2021-09-22 10:31:31,696] {logging_mixin.py:109} INFO - [2021-09-22 10:31:31,696] {dag.py:2287} INFO - Setting next_dagrun for example_short_circuit_operator to 2021-09-20 00:00:00+00:00
[2021-09-22 10:31:31,707] {processor.py:170} INFO - Processing /home/airflow/.local/lib/python3.6/site-packages/airflow/example_dags/example_short_circuit_operator.py took 0.159 seconds
[2021-09-22 10:32:01,903] {processor.py:162} INFO - Started process (PID=724) to work on /home/airflow/.local/lib/python3.6/site-packages/airflow/example_dags/example_short_circuit_operator.py
[2021-09-22 10:32:01,904] {processor.py:613} INFO - Processing file /home/airflow/.local/lib/python3.6/site-packages/airflow/example_dags/example_short_circuit_operator.py for tasks to queue
[2021-09-22 10:32:01,907] {logging_mixin.py:109} INFO - [2021-09-22 10:32:01,907] {dagbag.py:496} INFO - Filling up the DagBag from /home/airflow/.local/lib/python3.6/site-packages/airflow/example_dags/example_short_circuit_operator.py
[2021-09-22 10:32:01,943] {processor.py:623} INFO - DAG(s) dict_keys(['example_short_circuit_operator']) retrieved from /home/airflow/.local/lib/python3.6/site-packages/airflow/example_dags/example_short_circuit_operator.py
[2021-09-22 10:32:02,042] {logging_mixin.py:109} INFO - [2021-09-22 10:32:02,042] {dag.py:1834} INFO - Sync 1 DAGs
[2021-09-22 10:32:02,091] {logging_mixin.py:109} INFO - [2021-09-22 10:32:02,091] {dag.py:2287} INFO - Setting next_dagrun for example_short_circuit_operator to 2021-09-20 00:00:00+00:00
[2021-09-22 10:32:02,148] {processor.py:170} INFO - Processing /home/airflow/.local/lib/python3.6/site-packages/airflow/example_dags/example_short_circuit_operator.py took 0.261 seconds
[2021-09-22 10:32:33,009] {processor.py:162} INFO - Started process (PID=786) to work on /home/airflow/.local/lib/python3.6/site-packages/airflow/example_dags/example_short_circuit_operator.py
[2021-09-22 10:32:33,015] {processor.py:613} INFO - Processing file /home/airflow/.local/lib/python3.6/site-packages/airflow/example_dags/example_short_circuit_operator.py for tasks to queue
[2021-09-22 10:32:33,016] {logging_mixin.py:109} INFO - [2021-09-22 10:32:33,016] {dagbag.py:496} INFO - Filling up the DagBag from /home/airflow/.local/lib/python3.6/site-packages/airflow/example_dags/example_short_circuit_operator.py
[2021-09-22 10:32:33,063] {processor.py:623} INFO - DAG(s) dict_keys(['example_short_circuit_operator']) retrieved from /home/airflow/.local/lib/python3.6/site-packages/airflow/example_dags/example_short_circuit_operator.py
[2021-09-22 10:32:33,144] {logging_mixin.py:109} INFO - [2021-09-22 10:32:33,144] {dag.py:1834} INFO - Sync 1 DAGs
[2021-09-22 10:32:33,185] {logging_mixin.py:109} INFO - [2021-09-22 10:32:33,184] {dag.py:2287} INFO - Setting next_dagrun for example_short_circuit_operator to 2021-09-20 00:00:00+00:00
[2021-09-22 10:32:33,225] {processor.py:170} INFO - Processing /home/airflow/.local/lib/python3.6/site-packages/airflow/example_dags/example_short_circuit_operator.py took 0.225 seconds
[2021-09-22 10:33:03,805] {processor.py:162} INFO - Started process (PID=837) to work on /home/airflow/.local/lib/python3.6/site-packages/airflow/example_dags/example_short_circuit_operator.py
[2021-09-22 10:33:03,806] {processor.py:613} INFO - Processing file /home/airflow/.local/lib/python3.6/site-packages/airflow/example_dags/example_short_circuit_operator.py for tasks to queue
[2021-09-22 10:33:03,807] {logging_mixin.py:109} INFO - [2021-09-22 10:33:03,807] {dagbag.py:496} INFO - Filling up the DagBag from /home/airflow/.local/lib/python3.6/site-packages/airflow/example_dags/example_short_circuit_operator.py
[2021-09-22 10:33:03,832] {processor.py:623} INFO - DAG(s) dict_keys(['example_short_circuit_operator']) retrieved from /home/airflow/.local/lib/python3.6/site-packages/airflow/example_dags/example_short_circuit_operator.py
[2021-09-22 10:33:03,862] {logging_mixin.py:109} INFO - [2021-09-22 10:33:03,862] {dag.py:1834} INFO - Sync 1 DAGs
[2021-09-22 10:33:03,882] {logging_mixin.py:109} INFO - [2021-09-22 10:33:03,882] {dag.py:2287} INFO - Setting next_dagrun for example_short_circuit_operator to 2021-09-20 00:00:00+00:00
[2021-09-22 10:33:03,900] {processor.py:170} INFO - Processing /home/airflow/.local/lib/python3.6/site-packages/airflow/example_dags/example_short_circuit_operator.py took 0.099 seconds
[2021-09-22 10:33:34,733] {processor.py:162} INFO - Started process (PID=899) to work on /home/airflow/.local/lib/python3.6/site-packages/airflow/example_dags/example_short_circuit_operator.py
[2021-09-22 10:33:34,737] {processor.py:613} INFO - Processing file /home/airflow/.local/lib/python3.6/site-packages/airflow/example_dags/example_short_circuit_operator.py for tasks to queue
[2021-09-22 10:33:34,738] {logging_mixin.py:109} INFO - [2021-09-22 10:33:34,738] {dagbag.py:496} INFO - Filling up the DagBag from /home/airflow/.local/lib/python3.6/site-packages/airflow/example_dags/example_short_circuit_operator.py
[2021-09-22 10:33:34,775] {processor.py:623} INFO - DAG(s) dict_keys(['example_short_circuit_operator']) retrieved from /home/airflow/.local/lib/python3.6/site-packages/airflow/example_dags/example_short_circuit_operator.py
[2021-09-22 10:33:34,809] {logging_mixin.py:109} INFO - [2021-09-22 10:33:34,809] {dag.py:1834} INFO - Sync 1 DAGs
[2021-09-22 10:33:34,828] {logging_mixin.py:109} INFO - [2021-09-22 10:33:34,827] {dag.py:2287} INFO - Setting next_dagrun for example_short_circuit_operator to 2021-09-20 00:00:00+00:00
[2021-09-22 10:33:34,849] {processor.py:170} INFO - Processing /home/airflow/.local/lib/python3.6/site-packages/airflow/example_dags/example_short_circuit_operator.py took 0.119 seconds
[2021-09-22 10:34:05,308] {processor.py:162} INFO - Started process (PID=950) to work on /home/airflow/.local/lib/python3.6/site-packages/airflow/example_dags/example_short_circuit_operator.py
[2021-09-22 10:34:05,309] {processor.py:613} INFO - Processing file /home/airflow/.local/lib/python3.6/site-packages/airflow/example_dags/example_short_circuit_operator.py for tasks to queue
[2021-09-22 10:34:05,310] {logging_mixin.py:109} INFO - [2021-09-22 10:34:05,310] {dagbag.py:496} INFO - Filling up the DagBag from /home/airflow/.local/lib/python3.6/site-packages/airflow/example_dags/example_short_circuit_operator.py
[2021-09-22 10:34:05,335] {processor.py:623} INFO - DAG(s) dict_keys(['example_short_circuit_operator']) retrieved from /home/airflow/.local/lib/python3.6/site-packages/airflow/example_dags/example_short_circuit_operator.py
[2021-09-22 10:34:05,364] {logging_mixin.py:109} INFO - [2021-09-22 10:34:05,364] {dag.py:1834} INFO - Sync 1 DAGs
[2021-09-22 10:34:05,383] {logging_mixin.py:109} INFO - [2021-09-22 10:34:05,383] {dag.py:2287} INFO - Setting next_dagrun for example_short_circuit_operator to 2021-09-20 00:00:00+00:00
[2021-09-22 10:34:05,395] {processor.py:170} INFO - Processing /home/airflow/.local/lib/python3.6/site-packages/airflow/example_dags/example_short_circuit_operator.py took 0.092 seconds
[2021-09-22 10:34:35,767] {processor.py:162} INFO - Started process (PID=1001) to work on /home/airflow/.local/lib/python3.6/site-packages/airflow/example_dags/example_short_circuit_operator.py
[2021-09-22 10:34:35,768] {processor.py:613} INFO - Processing file /home/airflow/.local/lib/python3.6/site-packages/airflow/example_dags/example_short_circuit_operator.py for tasks to queue
[2021-09-22 10:34:35,769] {logging_mixin.py:109} INFO - [2021-09-22 10:34:35,769] {dagbag.py:496} INFO - Filling up the DagBag from /home/airflow/.local/lib/python3.6/site-packages/airflow/example_dags/example_short_circuit_operator.py
[2021-09-22 10:34:35,792] {processor.py:623} INFO - DAG(s) dict_keys(['example_short_circuit_operator']) retrieved from /home/airflow/.local/lib/python3.6/site-packages/airflow/example_dags/example_short_circuit_operator.py
[2021-09-22 10:34:35,830] {logging_mixin.py:109} INFO - [2021-09-22 10:34:35,830] {dag.py:1834} INFO - Sync 1 DAGs
[2021-09-22 10:34:35,855] {logging_mixin.py:109} INFO - [2021-09-22 10:34:35,855] {dag.py:2287} INFO - Setting next_dagrun for example_short_circuit_operator to 2021-09-20 00:00:00+00:00
[2021-09-22 10:34:35,868] {processor.py:170} INFO - Processing /home/airflow/.local/lib/python3.6/site-packages/airflow/example_dags/example_short_circuit_operator.py took 0.109 seconds
[2021-09-22 10:35:05,930] {processor.py:162} INFO - Started process (PID=1060) to work on /home/airflow/.local/lib/python3.6/site-packages/airflow/example_dags/example_short_circuit_operator.py
[2021-09-22 10:35:05,934] {processor.py:613} INFO - Processing file /home/airflow/.local/lib/python3.6/site-packages/airflow/example_dags/example_short_circuit_operator.py for tasks to queue
[2021-09-22 10:35:05,935] {logging_mixin.py:109} INFO - [2021-09-22 10:35:05,935] {dagbag.py:496} INFO - Filling up the DagBag from /home/airflow/.local/lib/python3.6/site-packages/airflow/example_dags/example_short_circuit_operator.py
[2021-09-22 10:35:05,960] {processor.py:623} INFO - DAG(s) dict_keys(['example_short_circuit_operator']) retrieved from /home/airflow/.local/lib/python3.6/site-packages/airflow/example_dags/example_short_circuit_operator.py
[2021-09-22 10:35:06,050] {logging_mixin.py:109} INFO - [2021-09-22 10:35:06,050] {dag.py:1834} INFO - Sync 1 DAGs
[2021-09-22 10:35:06,108] {logging_mixin.py:109} INFO - [2021-09-22 10:35:06,108] {dag.py:2287} INFO - Setting next_dagrun for example_short_circuit_operator to 2021-09-20 00:00:00+00:00
[2021-09-22 10:35:06,155] {processor.py:170} INFO - Processing /home/airflow/.local/lib/python3.6/site-packages/airflow/example_dags/example_short_circuit_operator.py took 0.235 seconds
[2021-09-22 10:35:36,307] {processor.py:162} INFO - Started process (PID=1112) to work on /home/airflow/.local/lib/python3.6/site-packages/airflow/example_dags/example_short_circuit_operator.py
[2021-09-22 10:35:36,309] {processor.py:613} INFO - Processing file /home/airflow/.local/lib/python3.6/site-packages/airflow/example_dags/example_short_circuit_operator.py for tasks to queue
[2021-09-22 10:35:36,310] {logging_mixin.py:109} INFO - [2021-09-22 10:35:36,310] {dagbag.py:496} INFO - Filling up the DagBag from /home/airflow/.local/lib/python3.6/site-packages/airflow/example_dags/example_short_circuit_operator.py
[2021-09-22 10:35:36,360] {processor.py:623} INFO - DAG(s) dict_keys(['example_short_circuit_operator']) retrieved from /home/airflow/.local/lib/python3.6/site-packages/airflow/example_dags/example_short_circuit_operator.py
[2021-09-22 10:35:36,426] {logging_mixin.py:109} INFO - [2021-09-22 10:35:36,426] {dag.py:1834} INFO - Sync 1 DAGs
[2021-09-22 10:35:36,470] {logging_mixin.py:109} INFO - [2021-09-22 10:35:36,470] {dag.py:2287} INFO - Setting next_dagrun for example_short_circuit_operator to 2021-09-20 00:00:00+00:00
[2021-09-22 10:35:36,485] {processor.py:170} INFO - Processing /home/airflow/.local/lib/python3.6/site-packages/airflow/example_dags/example_short_circuit_operator.py took 0.196 seconds
[2021-09-22 10:36:06,825] {processor.py:162} INFO - Started process (PID=1163) to work on /home/airflow/.local/lib/python3.6/site-packages/airflow/example_dags/example_short_circuit_operator.py
[2021-09-22 10:36:06,828] {processor.py:613} INFO - Processing file /home/airflow/.local/lib/python3.6/site-packages/airflow/example_dags/example_short_circuit_operator.py for tasks to queue
[2021-09-22 10:36:06,830] {logging_mixin.py:109} INFO - [2021-09-22 10:36:06,830] {dagbag.py:496} INFO - Filling up the DagBag from /home/airflow/.local/lib/python3.6/site-packages/airflow/example_dags/example_short_circuit_operator.py
[2021-09-22 10:36:06,849] {processor.py:623} INFO - DAG(s) dict_keys(['example_short_circuit_operator']) retrieved from /home/airflow/.local/lib/python3.6/site-packages/airflow/example_dags/example_short_circuit_operator.py
[2021-09-22 10:36:06,893] {logging_mixin.py:109} INFO - [2021-09-22 10:36:06,893] {dag.py:1834} INFO - Sync 1 DAGs
[2021-09-22 10:36:06,916] {logging_mixin.py:109} INFO - [2021-09-22 10:36:06,916] {dag.py:2287} INFO - Setting next_dagrun for example_short_circuit_operator to 2021-09-20 00:00:00+00:00
[2021-09-22 10:36:06,938] {processor.py:170} INFO - Processing /home/airflow/.local/lib/python3.6/site-packages/airflow/example_dags/example_short_circuit_operator.py took 0.117 seconds
[2021-09-22 10:36:37,400] {processor.py:162} INFO - Started process (PID=1224) to work on /home/airflow/.local/lib/python3.6/site-packages/airflow/example_dags/example_short_circuit_operator.py
[2021-09-22 10:36:37,412] {processor.py:613} INFO - Processing file /home/airflow/.local/lib/python3.6/site-packages/airflow/example_dags/example_short_circuit_operator.py for tasks to queue
[2021-09-22 10:36:37,425] {logging_mixin.py:109} INFO - [2021-09-22 10:36:37,425] {dagbag.py:496} INFO - Filling up the DagBag from /home/airflow/.local/lib/python3.6/site-packages/airflow/example_dags/example_short_circuit_operator.py
[2021-09-22 10:36:37,505] {processor.py:623} INFO - DAG(s) dict_keys(['example_short_circuit_operator']) retrieved from /home/airflow/.local/lib/python3.6/site-packages/airflow/example_dags/example_short_circuit_operator.py
[2021-09-22 10:36:37,557] {logging_mixin.py:109} INFO - [2021-09-22 10:36:37,557] {dag.py:1834} INFO - Sync 1 DAGs
[2021-09-22 10:36:37,576] {logging_mixin.py:109} INFO - [2021-09-22 10:36:37,575] {dag.py:2287} INFO - Setting next_dagrun for example_short_circuit_operator to 2021-09-20 00:00:00+00:00
[2021-09-22 10:36:37,587] {processor.py:170} INFO - Processing /home/airflow/.local/lib/python3.6/site-packages/airflow/example_dags/example_short_circuit_operator.py took 0.199 seconds
[2021-09-22 10:38:16,581] {processor.py:162} INFO - Started process (PID=71) to work on /home/airflow/.local/lib/python3.6/site-packages/airflow/example_dags/example_short_circuit_operator.py
[2021-09-22 10:38:16,591] {processor.py:613} INFO - Processing file /home/airflow/.local/lib/python3.6/site-packages/airflow/example_dags/example_short_circuit_operator.py for tasks to queue
[2021-09-22 10:38:16,596] {logging_mixin.py:109} INFO - [2021-09-22 10:38:16,595] {dagbag.py:496} INFO - Filling up the DagBag from /home/airflow/.local/lib/python3.6/site-packages/airflow/example_dags/example_short_circuit_operator.py
[2021-09-22 10:38:16,647] {processor.py:623} INFO - DAG(s) dict_keys(['example_short_circuit_operator']) retrieved from /home/airflow/.local/lib/python3.6/site-packages/airflow/example_dags/example_short_circuit_operator.py
[2021-09-22 10:38:16,718] {logging_mixin.py:109} INFO - [2021-09-22 10:38:16,718] {dag.py:1834} INFO - Sync 1 DAGs
[2021-09-22 10:38:16,768] {logging_mixin.py:109} INFO - [2021-09-22 10:38:16,768] {dag.py:2287} INFO - Setting next_dagrun for example_short_circuit_operator to 2021-09-20 00:00:00+00:00
[2021-09-22 10:38:16,814] {processor.py:170} INFO - Processing /home/airflow/.local/lib/python3.6/site-packages/airflow/example_dags/example_short_circuit_operator.py took 0.244 seconds
[2021-09-22 10:38:47,644] {processor.py:162} INFO - Started process (PID=122) to work on /home/airflow/.local/lib/python3.6/site-packages/airflow/example_dags/example_short_circuit_operator.py
[2021-09-22 10:38:47,645] {processor.py:613} INFO - Processing file /home/airflow/.local/lib/python3.6/site-packages/airflow/example_dags/example_short_circuit_operator.py for tasks to queue
[2021-09-22 10:38:47,646] {logging_mixin.py:109} INFO - [2021-09-22 10:38:47,645] {dagbag.py:496} INFO - Filling up the DagBag from /home/airflow/.local/lib/python3.6/site-packages/airflow/example_dags/example_short_circuit_operator.py
[2021-09-22 10:38:47,690] {processor.py:623} INFO - DAG(s) dict_keys(['example_short_circuit_operator']) retrieved from /home/airflow/.local/lib/python3.6/site-packages/airflow/example_dags/example_short_circuit_operator.py
[2021-09-22 10:38:47,779] {logging_mixin.py:109} INFO - [2021-09-22 10:38:47,779] {dag.py:1834} INFO - Sync 1 DAGs
[2021-09-22 10:38:47,828] {logging_mixin.py:109} INFO - [2021-09-22 10:38:47,828] {dag.py:2287} INFO - Setting next_dagrun for example_short_circuit_operator to 2021-09-20 00:00:00+00:00
[2021-09-22 10:38:47,875] {processor.py:170} INFO - Processing /home/airflow/.local/lib/python3.6/site-packages/airflow/example_dags/example_short_circuit_operator.py took 0.253 seconds
[2021-09-22 10:41:38,489] {processor.py:162} INFO - Started process (PID=59) to work on /home/airflow/.local/lib/python3.6/site-packages/airflow/example_dags/example_short_circuit_operator.py
[2021-09-22 10:41:38,491] {processor.py:613} INFO - Processing file /home/airflow/.local/lib/python3.6/site-packages/airflow/example_dags/example_short_circuit_operator.py for tasks to queue
[2021-09-22 10:41:38,492] {logging_mixin.py:109} INFO - [2021-09-22 10:41:38,492] {dagbag.py:496} INFO - Filling up the DagBag from /home/airflow/.local/lib/python3.6/site-packages/airflow/example_dags/example_short_circuit_operator.py
[2021-09-22 10:41:38,518] {processor.py:623} INFO - DAG(s) dict_keys(['example_short_circuit_operator']) retrieved from /home/airflow/.local/lib/python3.6/site-packages/airflow/example_dags/example_short_circuit_operator.py
[2021-09-22 10:41:38,620] {logging_mixin.py:109} INFO - [2021-09-22 10:41:38,620] {dag.py:1834} INFO - Sync 1 DAGs
[2021-09-22 10:41:38,688] {logging_mixin.py:109} INFO - [2021-09-22 10:41:38,688] {dag.py:2287} INFO - Setting next_dagrun for example_short_circuit_operator to 2021-09-20 00:00:00+00:00
[2021-09-22 10:41:38,763] {processor.py:170} INFO - Processing /home/airflow/.local/lib/python3.6/site-packages/airflow/example_dags/example_short_circuit_operator.py took 0.278 seconds
[2021-09-22 10:42:08,943] {processor.py:162} INFO - Started process (PID=110) to work on /home/airflow/.local/lib/python3.6/site-packages/airflow/example_dags/example_short_circuit_operator.py
[2021-09-22 10:42:08,945] {processor.py:613} INFO - Processing file /home/airflow/.local/lib/python3.6/site-packages/airflow/example_dags/example_short_circuit_operator.py for tasks to queue
[2021-09-22 10:42:08,945] {logging_mixin.py:109} INFO - [2021-09-22 10:42:08,945] {dagbag.py:496} INFO - Filling up the DagBag from /home/airflow/.local/lib/python3.6/site-packages/airflow/example_dags/example_short_circuit_operator.py
[2021-09-22 10:42:08,975] {processor.py:623} INFO - DAG(s) dict_keys(['example_short_circuit_operator']) retrieved from /home/airflow/.local/lib/python3.6/site-packages/airflow/example_dags/example_short_circuit_operator.py
[2021-09-22 10:42:09,000] {logging_mixin.py:109} INFO - [2021-09-22 10:42:09,000] {dag.py:1834} INFO - Sync 1 DAGs
[2021-09-22 10:42:09,016] {logging_mixin.py:109} INFO - [2021-09-22 10:42:09,016] {dag.py:2287} INFO - Setting next_dagrun for example_short_circuit_operator to 2021-09-20 00:00:00+00:00
[2021-09-22 10:42:09,027] {processor.py:170} INFO - Processing /home/airflow/.local/lib/python3.6/site-packages/airflow/example_dags/example_short_circuit_operator.py took 0.088 seconds
[2021-09-22 10:42:39,078] {processor.py:162} INFO - Started process (PID=173) to work on /home/airflow/.local/lib/python3.6/site-packages/airflow/example_dags/example_short_circuit_operator.py
[2021-09-22 10:42:39,080] {processor.py:613} INFO - Processing file /home/airflow/.local/lib/python3.6/site-packages/airflow/example_dags/example_short_circuit_operator.py for tasks to queue
[2021-09-22 10:42:39,081] {logging_mixin.py:109} INFO - [2021-09-22 10:42:39,081] {dagbag.py:496} INFO - Filling up the DagBag from /home/airflow/.local/lib/python3.6/site-packages/airflow/example_dags/example_short_circuit_operator.py
[2021-09-22 10:42:39,102] {processor.py:623} INFO - DAG(s) dict_keys(['example_short_circuit_operator']) retrieved from /home/airflow/.local/lib/python3.6/site-packages/airflow/example_dags/example_short_circuit_operator.py
[2021-09-22 10:42:39,129] {logging_mixin.py:109} INFO - [2021-09-22 10:42:39,129] {dag.py:1834} INFO - Sync 1 DAGs
[2021-09-22 10:42:39,145] {logging_mixin.py:109} INFO - [2021-09-22 10:42:39,145] {dag.py:2287} INFO - Setting next_dagrun for example_short_circuit_operator to 2021-09-20 00:00:00+00:00
[2021-09-22 10:42:39,156] {processor.py:170} INFO - Processing /home/airflow/.local/lib/python3.6/site-packages/airflow/example_dags/example_short_circuit_operator.py took 0.083 seconds
[2021-09-22 10:43:09,789] {processor.py:162} INFO - Started process (PID=225) to work on /home/airflow/.local/lib/python3.6/site-packages/airflow/example_dags/example_short_circuit_operator.py
[2021-09-22 10:43:09,790] {processor.py:613} INFO - Processing file /home/airflow/.local/lib/python3.6/site-packages/airflow/example_dags/example_short_circuit_operator.py for tasks to queue
[2021-09-22 10:43:09,791] {logging_mixin.py:109} INFO - [2021-09-22 10:43:09,791] {dagbag.py:496} INFO - Filling up the DagBag from /home/airflow/.local/lib/python3.6/site-packages/airflow/example_dags/example_short_circuit_operator.py
[2021-09-22 10:43:09,808] {processor.py:623} INFO - DAG(s) dict_keys(['example_short_circuit_operator']) retrieved from /home/airflow/.local/lib/python3.6/site-packages/airflow/example_dags/example_short_circuit_operator.py
[2021-09-22 10:43:09,835] {logging_mixin.py:109} INFO - [2021-09-22 10:43:09,835] {dag.py:1834} INFO - Sync 1 DAGs
[2021-09-22 10:43:09,852] {logging_mixin.py:109} INFO - [2021-09-22 10:43:09,852] {dag.py:2287} INFO - Setting next_dagrun for example_short_circuit_operator to 2021-09-20 00:00:00+00:00
[2021-09-22 10:43:09,890] {processor.py:170} INFO - Processing /home/airflow/.local/lib/python3.6/site-packages/airflow/example_dags/example_short_circuit_operator.py took 0.105 seconds
[2021-09-22 10:43:40,653] {processor.py:162} INFO - Started process (PID=286) to work on /home/airflow/.local/lib/python3.6/site-packages/airflow/example_dags/example_short_circuit_operator.py
[2021-09-22 10:43:40,658] {processor.py:613} INFO - Processing file /home/airflow/.local/lib/python3.6/site-packages/airflow/example_dags/example_short_circuit_operator.py for tasks to queue
[2021-09-22 10:43:40,659] {logging_mixin.py:109} INFO - [2021-09-22 10:43:40,659] {dagbag.py:496} INFO - Filling up the DagBag from /home/airflow/.local/lib/python3.6/site-packages/airflow/example_dags/example_short_circuit_operator.py
[2021-09-22 10:43:40,682] {processor.py:623} INFO - DAG(s) dict_keys(['example_short_circuit_operator']) retrieved from /home/airflow/.local/lib/python3.6/site-packages/airflow/example_dags/example_short_circuit_operator.py
[2021-09-22 10:43:40,715] {logging_mixin.py:109} INFO - [2021-09-22 10:43:40,714] {dag.py:1834} INFO - Sync 1 DAGs
[2021-09-22 10:43:40,731] {logging_mixin.py:109} INFO - [2021-09-22 10:43:40,731] {dag.py:2287} INFO - Setting next_dagrun for example_short_circuit_operator to 2021-09-20 00:00:00+00:00
[2021-09-22 10:43:40,740] {processor.py:170} INFO - Processing /home/airflow/.local/lib/python3.6/site-packages/airflow/example_dags/example_short_circuit_operator.py took 0.097 seconds
[2021-09-22 10:44:11,782] {processor.py:162} INFO - Started process (PID=337) to work on /home/airflow/.local/lib/python3.6/site-packages/airflow/example_dags/example_short_circuit_operator.py
[2021-09-22 10:44:11,783] {processor.py:613} INFO - Processing file /home/airflow/.local/lib/python3.6/site-packages/airflow/example_dags/example_short_circuit_operator.py for tasks to queue
[2021-09-22 10:44:11,784] {logging_mixin.py:109} INFO - [2021-09-22 10:44:11,783] {dagbag.py:496} INFO - Filling up the DagBag from /home/airflow/.local/lib/python3.6/site-packages/airflow/example_dags/example_short_circuit_operator.py
[2021-09-22 10:44:11,805] {processor.py:623} INFO - DAG(s) dict_keys(['example_short_circuit_operator']) retrieved from /home/airflow/.local/lib/python3.6/site-packages/airflow/example_dags/example_short_circuit_operator.py
[2021-09-22 10:44:11,854] {logging_mixin.py:109} INFO - [2021-09-22 10:44:11,854] {dag.py:1834} INFO - Sync 1 DAGs
[2021-09-22 10:44:11,889] {logging_mixin.py:109} INFO - [2021-09-22 10:44:11,888] {dag.py:2287} INFO - Setting next_dagrun for example_short_circuit_operator to 2021-09-20 00:00:00+00:00
[2021-09-22 10:44:11,916] {processor.py:170} INFO - Processing /home/airflow/.local/lib/python3.6/site-packages/airflow/example_dags/example_short_circuit_operator.py took 0.144 seconds
