[2021-09-22 10:26:35,820] {processor.py:162} INFO - Started process (PID=149) to work on /home/airflow/.local/lib/python3.6/site-packages/airflow/example_dags/example_subdag_operator.py
[2021-09-22 10:26:35,821] {processor.py:613} INFO - Processing file /home/airflow/.local/lib/python3.6/site-packages/airflow/example_dags/example_subdag_operator.py for tasks to queue
[2021-09-22 10:26:35,822] {logging_mixin.py:109} INFO - [2021-09-22 10:26:35,822] {dagbag.py:496} INFO - Filling up the DagBag from /home/airflow/.local/lib/python3.6/site-packages/airflow/example_dags/example_subdag_operator.py
[2021-09-22 10:26:35,915] {processor.py:623} INFO - DAG(s) dict_keys(['example_subdag_operator.section-1', 'example_subdag_operator.section-2', 'example_subdag_operator']) retrieved from /home/airflow/.local/lib/python3.6/site-packages/airflow/example_dags/example_subdag_operator.py
[2021-09-22 10:26:40,024] {logging_mixin.py:109} INFO - [2021-09-22 10:26:40,023] {dag.py:1834} INFO - Sync 3 DAGs
[2021-09-22 10:26:40,083] {logging_mixin.py:109} INFO - [2021-09-22 10:26:40,081] {dag.py:1853} INFO - Creating ORM DAG for example_subdag_operator
[2021-09-22 10:26:40,089] {logging_mixin.py:109} INFO - [2021-09-22 10:26:40,087] {dag.py:1853} INFO - Creating ORM DAG for example_subdag_operator.section-2
[2021-09-22 10:26:40,089] {logging_mixin.py:109} INFO - [2021-09-22 10:26:40,089] {dag.py:1853} INFO - Creating ORM DAG for example_subdag_operator.section-1
[2021-09-22 10:26:40,098] {logging_mixin.py:109} INFO - [2021-09-22 10:26:40,098] {dag.py:2287} INFO - Setting next_dagrun for example_subdag_operator to 2021-09-20 00:00:00+00:00
[2021-09-22 10:26:40,099] {logging_mixin.py:109} INFO - [2021-09-22 10:26:40,099] {dag.py:2287} INFO - Setting next_dagrun for example_subdag_operator.section-1 to None
[2021-09-22 10:26:40,099] {logging_mixin.py:109} INFO - [2021-09-22 10:26:40,099] {dag.py:2287} INFO - Setting next_dagrun for example_subdag_operator.section-2 to None
[2021-09-22 10:26:40,127] {logging_mixin.py:109} INFO - [2021-09-22 10:26:40,127] {dag.py:1834} INFO - Sync 2 DAGs
[2021-09-22 10:26:40,137] {logging_mixin.py:109} INFO - [2021-09-22 10:26:40,136] {dag.py:2287} INFO - Setting next_dagrun for example_subdag_operator.section-1 to None
[2021-09-22 10:26:40,137] {logging_mixin.py:109} INFO - [2021-09-22 10:26:40,137] {dag.py:2287} INFO - Setting next_dagrun for example_subdag_operator.section-2 to None
[2021-09-22 10:26:40,148] {processor.py:170} INFO - Processing /home/airflow/.local/lib/python3.6/site-packages/airflow/example_dags/example_subdag_operator.py took 4.331 seconds
[2021-09-22 10:27:24,474] {processor.py:162} INFO - Started process (PID=223) to work on /home/airflow/.local/lib/python3.6/site-packages/airflow/example_dags/example_subdag_operator.py
[2021-09-22 10:27:24,477] {processor.py:613} INFO - Processing file /home/airflow/.local/lib/python3.6/site-packages/airflow/example_dags/example_subdag_operator.py for tasks to queue
[2021-09-22 10:27:24,478] {logging_mixin.py:109} INFO - [2021-09-22 10:27:24,477] {dagbag.py:496} INFO - Filling up the DagBag from /home/airflow/.local/lib/python3.6/site-packages/airflow/example_dags/example_subdag_operator.py
[2021-09-22 10:27:24,603] {processor.py:623} INFO - DAG(s) dict_keys(['example_subdag_operator.section-1', 'example_subdag_operator.section-2', 'example_subdag_operator']) retrieved from /home/airflow/.local/lib/python3.6/site-packages/airflow/example_dags/example_subdag_operator.py
[2021-09-22 10:27:24,671] {logging_mixin.py:109} INFO - [2021-09-22 10:27:24,671] {dag.py:1834} INFO - Sync 3 DAGs
[2021-09-22 10:27:24,720] {logging_mixin.py:109} INFO - [2021-09-22 10:27:24,720] {dag.py:2287} INFO - Setting next_dagrun for example_subdag_operator to 2021-09-20 00:00:00+00:00
[2021-09-22 10:27:24,726] {logging_mixin.py:109} INFO - [2021-09-22 10:27:24,726] {dag.py:2287} INFO - Setting next_dagrun for example_subdag_operator.section-1 to None
[2021-09-22 10:27:24,726] {logging_mixin.py:109} INFO - [2021-09-22 10:27:24,726] {dag.py:2287} INFO - Setting next_dagrun for example_subdag_operator.section-2 to None
[2021-09-22 10:27:24,747] {logging_mixin.py:109} INFO - [2021-09-22 10:27:24,747] {dag.py:1834} INFO - Sync 2 DAGs
[2021-09-22 10:27:24,784] {logging_mixin.py:109} INFO - [2021-09-22 10:27:24,784] {dag.py:2287} INFO - Setting next_dagrun for example_subdag_operator.section-1 to None
[2021-09-22 10:27:24,784] {logging_mixin.py:109} INFO - [2021-09-22 10:27:24,784] {dag.py:2287} INFO - Setting next_dagrun for example_subdag_operator.section-2 to None
[2021-09-22 10:27:24,842] {processor.py:170} INFO - Processing /home/airflow/.local/lib/python3.6/site-packages/airflow/example_dags/example_subdag_operator.py took 0.373 seconds
[2021-09-22 10:27:55,474] {processor.py:162} INFO - Started process (PID=283) to work on /home/airflow/.local/lib/python3.6/site-packages/airflow/example_dags/example_subdag_operator.py
[2021-09-22 10:27:55,483] {processor.py:613} INFO - Processing file /home/airflow/.local/lib/python3.6/site-packages/airflow/example_dags/example_subdag_operator.py for tasks to queue
[2021-09-22 10:27:55,486] {logging_mixin.py:109} INFO - [2021-09-22 10:27:55,486] {dagbag.py:496} INFO - Filling up the DagBag from /home/airflow/.local/lib/python3.6/site-packages/airflow/example_dags/example_subdag_operator.py
[2021-09-22 10:27:55,658] {processor.py:623} INFO - DAG(s) dict_keys(['example_subdag_operator.section-1', 'example_subdag_operator.section-2', 'example_subdag_operator']) retrieved from /home/airflow/.local/lib/python3.6/site-packages/airflow/example_dags/example_subdag_operator.py
[2021-09-22 10:27:55,697] {logging_mixin.py:109} INFO - [2021-09-22 10:27:55,697] {dag.py:1834} INFO - Sync 3 DAGs
[2021-09-22 10:27:55,737] {logging_mixin.py:109} INFO - [2021-09-22 10:27:55,736] {dag.py:2287} INFO - Setting next_dagrun for example_subdag_operator to 2021-09-20 00:00:00+00:00
[2021-09-22 10:27:55,738] {logging_mixin.py:109} INFO - [2021-09-22 10:27:55,738] {dag.py:2287} INFO - Setting next_dagrun for example_subdag_operator.section-1 to None
[2021-09-22 10:27:55,738] {logging_mixin.py:109} INFO - [2021-09-22 10:27:55,738] {dag.py:2287} INFO - Setting next_dagrun for example_subdag_operator.section-2 to None
[2021-09-22 10:27:55,761] {logging_mixin.py:109} INFO - [2021-09-22 10:27:55,761] {dag.py:1834} INFO - Sync 2 DAGs
[2021-09-22 10:27:55,781] {logging_mixin.py:109} INFO - [2021-09-22 10:27:55,781] {dag.py:2287} INFO - Setting next_dagrun for example_subdag_operator.section-1 to None
[2021-09-22 10:27:55,782] {logging_mixin.py:109} INFO - [2021-09-22 10:27:55,782] {dag.py:2287} INFO - Setting next_dagrun for example_subdag_operator.section-2 to None
[2021-09-22 10:27:55,819] {processor.py:170} INFO - Processing /home/airflow/.local/lib/python3.6/site-packages/airflow/example_dags/example_subdag_operator.py took 0.358 seconds
[2021-09-22 10:28:25,928] {processor.py:162} INFO - Started process (PID=334) to work on /home/airflow/.local/lib/python3.6/site-packages/airflow/example_dags/example_subdag_operator.py
[2021-09-22 10:28:25,929] {processor.py:613} INFO - Processing file /home/airflow/.local/lib/python3.6/site-packages/airflow/example_dags/example_subdag_operator.py for tasks to queue
[2021-09-22 10:28:25,930] {logging_mixin.py:109} INFO - [2021-09-22 10:28:25,930] {dagbag.py:496} INFO - Filling up the DagBag from /home/airflow/.local/lib/python3.6/site-packages/airflow/example_dags/example_subdag_operator.py
[2021-09-22 10:28:25,991] {processor.py:623} INFO - DAG(s) dict_keys(['example_subdag_operator.section-1', 'example_subdag_operator.section-2', 'example_subdag_operator']) retrieved from /home/airflow/.local/lib/python3.6/site-packages/airflow/example_dags/example_subdag_operator.py
[2021-09-22 10:28:26,006] {logging_mixin.py:109} INFO - [2021-09-22 10:28:26,006] {dag.py:1834} INFO - Sync 3 DAGs
[2021-09-22 10:28:26,024] {logging_mixin.py:109} INFO - [2021-09-22 10:28:26,024] {dag.py:2287} INFO - Setting next_dagrun for example_subdag_operator to 2021-09-20 00:00:00+00:00
[2021-09-22 10:28:26,026] {logging_mixin.py:109} INFO - [2021-09-22 10:28:26,025] {dag.py:2287} INFO - Setting next_dagrun for example_subdag_operator.section-1 to None
[2021-09-22 10:28:26,026] {logging_mixin.py:109} INFO - [2021-09-22 10:28:26,026] {dag.py:2287} INFO - Setting next_dagrun for example_subdag_operator.section-2 to None
[2021-09-22 10:28:26,038] {logging_mixin.py:109} INFO - [2021-09-22 10:28:26,038] {dag.py:1834} INFO - Sync 2 DAGs
[2021-09-22 10:28:26,047] {logging_mixin.py:109} INFO - [2021-09-22 10:28:26,047] {dag.py:2287} INFO - Setting next_dagrun for example_subdag_operator.section-1 to None
[2021-09-22 10:28:26,047] {logging_mixin.py:109} INFO - [2021-09-22 10:28:26,047] {dag.py:2287} INFO - Setting next_dagrun for example_subdag_operator.section-2 to None
[2021-09-22 10:28:26,058] {processor.py:170} INFO - Processing /home/airflow/.local/lib/python3.6/site-packages/airflow/example_dags/example_subdag_operator.py took 0.134 seconds
[2021-09-22 10:28:57,730] {processor.py:162} INFO - Started process (PID=394) to work on /home/airflow/.local/lib/python3.6/site-packages/airflow/example_dags/example_subdag_operator.py
[2021-09-22 10:28:57,737] {processor.py:613} INFO - Processing file /home/airflow/.local/lib/python3.6/site-packages/airflow/example_dags/example_subdag_operator.py for tasks to queue
[2021-09-22 10:28:57,744] {logging_mixin.py:109} INFO - [2021-09-22 10:28:57,738] {dagbag.py:496} INFO - Filling up the DagBag from /home/airflow/.local/lib/python3.6/site-packages/airflow/example_dags/example_subdag_operator.py
[2021-09-22 10:28:57,978] {processor.py:623} INFO - DAG(s) dict_keys(['example_subdag_operator.section-1', 'example_subdag_operator.section-2', 'example_subdag_operator']) retrieved from /home/airflow/.local/lib/python3.6/site-packages/airflow/example_dags/example_subdag_operator.py
[2021-09-22 10:28:58,132] {logging_mixin.py:109} INFO - [2021-09-22 10:28:58,132] {dag.py:1834} INFO - Sync 3 DAGs
[2021-09-22 10:28:58,226] {logging_mixin.py:109} INFO - [2021-09-22 10:28:58,226] {dag.py:2287} INFO - Setting next_dagrun for example_subdag_operator to 2021-09-20 00:00:00+00:00
[2021-09-22 10:28:58,233] {logging_mixin.py:109} INFO - [2021-09-22 10:28:58,233] {dag.py:2287} INFO - Setting next_dagrun for example_subdag_operator.section-1 to None
[2021-09-22 10:28:58,234] {logging_mixin.py:109} INFO - [2021-09-22 10:28:58,234] {dag.py:2287} INFO - Setting next_dagrun for example_subdag_operator.section-2 to None
[2021-09-22 10:28:58,316] {logging_mixin.py:109} INFO - [2021-09-22 10:28:58,316] {dag.py:1834} INFO - Sync 2 DAGs
[2021-09-22 10:28:58,364] {logging_mixin.py:109} INFO - [2021-09-22 10:28:58,364] {dag.py:2287} INFO - Setting next_dagrun for example_subdag_operator.section-1 to None
[2021-09-22 10:28:58,364] {logging_mixin.py:109} INFO - [2021-09-22 10:28:58,364] {dag.py:2287} INFO - Setting next_dagrun for example_subdag_operator.section-2 to None
[2021-09-22 10:28:58,399] {processor.py:170} INFO - Processing /home/airflow/.local/lib/python3.6/site-packages/airflow/example_dags/example_subdag_operator.py took 0.682 seconds
[2021-09-22 10:29:28,630] {processor.py:162} INFO - Started process (PID=445) to work on /home/airflow/.local/lib/python3.6/site-packages/airflow/example_dags/example_subdag_operator.py
[2021-09-22 10:29:28,631] {processor.py:613} INFO - Processing file /home/airflow/.local/lib/python3.6/site-packages/airflow/example_dags/example_subdag_operator.py for tasks to queue
[2021-09-22 10:29:28,632] {logging_mixin.py:109} INFO - [2021-09-22 10:29:28,632] {dagbag.py:496} INFO - Filling up the DagBag from /home/airflow/.local/lib/python3.6/site-packages/airflow/example_dags/example_subdag_operator.py
[2021-09-22 10:29:28,688] {processor.py:623} INFO - DAG(s) dict_keys(['example_subdag_operator.section-1', 'example_subdag_operator.section-2', 'example_subdag_operator']) retrieved from /home/airflow/.local/lib/python3.6/site-packages/airflow/example_dags/example_subdag_operator.py
[2021-09-22 10:29:28,700] {logging_mixin.py:109} INFO - [2021-09-22 10:29:28,700] {dag.py:1834} INFO - Sync 3 DAGs
[2021-09-22 10:29:28,713] {logging_mixin.py:109} INFO - [2021-09-22 10:29:28,713] {dag.py:2287} INFO - Setting next_dagrun for example_subdag_operator to 2021-09-20 00:00:00+00:00
[2021-09-22 10:29:28,715] {logging_mixin.py:109} INFO - [2021-09-22 10:29:28,715] {dag.py:2287} INFO - Setting next_dagrun for example_subdag_operator.section-1 to None
[2021-09-22 10:29:28,715] {logging_mixin.py:109} INFO - [2021-09-22 10:29:28,715] {dag.py:2287} INFO - Setting next_dagrun for example_subdag_operator.section-2 to None
[2021-09-22 10:29:28,723] {logging_mixin.py:109} INFO - [2021-09-22 10:29:28,723] {dag.py:1834} INFO - Sync 2 DAGs
[2021-09-22 10:29:28,728] {logging_mixin.py:109} INFO - [2021-09-22 10:29:28,728] {dag.py:2287} INFO - Setting next_dagrun for example_subdag_operator.section-1 to None
[2021-09-22 10:29:28,728] {logging_mixin.py:109} INFO - [2021-09-22 10:29:28,728] {dag.py:2287} INFO - Setting next_dagrun for example_subdag_operator.section-2 to None
[2021-09-22 10:29:28,736] {processor.py:170} INFO - Processing /home/airflow/.local/lib/python3.6/site-packages/airflow/example_dags/example_subdag_operator.py took 0.118 seconds
[2021-09-22 10:29:59,249] {processor.py:162} INFO - Started process (PID=496) to work on /home/airflow/.local/lib/python3.6/site-packages/airflow/example_dags/example_subdag_operator.py
[2021-09-22 10:29:59,252] {processor.py:613} INFO - Processing file /home/airflow/.local/lib/python3.6/site-packages/airflow/example_dags/example_subdag_operator.py for tasks to queue
[2021-09-22 10:29:59,253] {logging_mixin.py:109} INFO - [2021-09-22 10:29:59,253] {dagbag.py:496} INFO - Filling up the DagBag from /home/airflow/.local/lib/python3.6/site-packages/airflow/example_dags/example_subdag_operator.py
[2021-09-22 10:29:59,296] {processor.py:623} INFO - DAG(s) dict_keys(['example_subdag_operator.section-1', 'example_subdag_operator.section-2', 'example_subdag_operator']) retrieved from /home/airflow/.local/lib/python3.6/site-packages/airflow/example_dags/example_subdag_operator.py
[2021-09-22 10:29:59,310] {logging_mixin.py:109} INFO - [2021-09-22 10:29:59,310] {dag.py:1834} INFO - Sync 3 DAGs
[2021-09-22 10:29:59,327] {logging_mixin.py:109} INFO - [2021-09-22 10:29:59,327] {dag.py:2287} INFO - Setting next_dagrun for example_subdag_operator to 2021-09-20 00:00:00+00:00
[2021-09-22 10:29:59,329] {logging_mixin.py:109} INFO - [2021-09-22 10:29:59,329] {dag.py:2287} INFO - Setting next_dagrun for example_subdag_operator.section-1 to None
[2021-09-22 10:29:59,329] {logging_mixin.py:109} INFO - [2021-09-22 10:29:59,329] {dag.py:2287} INFO - Setting next_dagrun for example_subdag_operator.section-2 to None
[2021-09-22 10:29:59,338] {logging_mixin.py:109} INFO - [2021-09-22 10:29:59,338] {dag.py:1834} INFO - Sync 2 DAGs
[2021-09-22 10:29:59,345] {logging_mixin.py:109} INFO - [2021-09-22 10:29:59,344] {dag.py:2287} INFO - Setting next_dagrun for example_subdag_operator.section-1 to None
[2021-09-22 10:29:59,345] {logging_mixin.py:109} INFO - [2021-09-22 10:29:59,345] {dag.py:2287} INFO - Setting next_dagrun for example_subdag_operator.section-2 to None
[2021-09-22 10:29:59,352] {processor.py:170} INFO - Processing /home/airflow/.local/lib/python3.6/site-packages/airflow/example_dags/example_subdag_operator.py took 0.110 seconds
[2021-09-22 10:30:30,474] {processor.py:162} INFO - Started process (PID=559) to work on /home/airflow/.local/lib/python3.6/site-packages/airflow/example_dags/example_subdag_operator.py
[2021-09-22 10:30:30,477] {processor.py:613} INFO - Processing file /home/airflow/.local/lib/python3.6/site-packages/airflow/example_dags/example_subdag_operator.py for tasks to queue
[2021-09-22 10:30:30,478] {logging_mixin.py:109} INFO - [2021-09-22 10:30:30,478] {dagbag.py:496} INFO - Filling up the DagBag from /home/airflow/.local/lib/python3.6/site-packages/airflow/example_dags/example_subdag_operator.py
[2021-09-22 10:30:30,603] {processor.py:623} INFO - DAG(s) dict_keys(['example_subdag_operator.section-1', 'example_subdag_operator.section-2', 'example_subdag_operator']) retrieved from /home/airflow/.local/lib/python3.6/site-packages/airflow/example_dags/example_subdag_operator.py
[2021-09-22 10:30:30,634] {logging_mixin.py:109} INFO - [2021-09-22 10:30:30,633] {dag.py:1834} INFO - Sync 3 DAGs
[2021-09-22 10:30:30,710] {logging_mixin.py:109} INFO - [2021-09-22 10:30:30,710] {dag.py:2287} INFO - Setting next_dagrun for example_subdag_operator to 2021-09-20 00:00:00+00:00
[2021-09-22 10:30:30,716] {logging_mixin.py:109} INFO - [2021-09-22 10:30:30,715] {dag.py:2287} INFO - Setting next_dagrun for example_subdag_operator.section-1 to None
[2021-09-22 10:30:30,716] {logging_mixin.py:109} INFO - [2021-09-22 10:30:30,716] {dag.py:2287} INFO - Setting next_dagrun for example_subdag_operator.section-2 to None
[2021-09-22 10:30:30,750] {logging_mixin.py:109} INFO - [2021-09-22 10:30:30,750] {dag.py:1834} INFO - Sync 2 DAGs
[2021-09-22 10:30:30,776] {logging_mixin.py:109} INFO - [2021-09-22 10:30:30,776] {dag.py:2287} INFO - Setting next_dagrun for example_subdag_operator.section-1 to None
[2021-09-22 10:30:30,777] {logging_mixin.py:109} INFO - [2021-09-22 10:30:30,777] {dag.py:2287} INFO - Setting next_dagrun for example_subdag_operator.section-2 to None
[2021-09-22 10:30:30,795] {processor.py:170} INFO - Processing /home/airflow/.local/lib/python3.6/site-packages/airflow/example_dags/example_subdag_operator.py took 0.326 seconds
[2021-09-22 10:31:01,505] {processor.py:162} INFO - Started process (PID=612) to work on /home/airflow/.local/lib/python3.6/site-packages/airflow/example_dags/example_subdag_operator.py
[2021-09-22 10:31:01,506] {processor.py:613} INFO - Processing file /home/airflow/.local/lib/python3.6/site-packages/airflow/example_dags/example_subdag_operator.py for tasks to queue
[2021-09-22 10:31:01,507] {logging_mixin.py:109} INFO - [2021-09-22 10:31:01,507] {dagbag.py:496} INFO - Filling up the DagBag from /home/airflow/.local/lib/python3.6/site-packages/airflow/example_dags/example_subdag_operator.py
[2021-09-22 10:31:01,609] {processor.py:623} INFO - DAG(s) dict_keys(['example_subdag_operator.section-1', 'example_subdag_operator.section-2', 'example_subdag_operator']) retrieved from /home/airflow/.local/lib/python3.6/site-packages/airflow/example_dags/example_subdag_operator.py
[2021-09-22 10:31:01,651] {logging_mixin.py:109} INFO - [2021-09-22 10:31:01,651] {dag.py:1834} INFO - Sync 3 DAGs
[2021-09-22 10:31:01,744] {logging_mixin.py:109} INFO - [2021-09-22 10:31:01,743] {dag.py:2287} INFO - Setting next_dagrun for example_subdag_operator to 2021-09-20 00:00:00+00:00
[2021-09-22 10:31:01,745] {logging_mixin.py:109} INFO - [2021-09-22 10:31:01,745] {dag.py:2287} INFO - Setting next_dagrun for example_subdag_operator.section-1 to None
[2021-09-22 10:31:01,745] {logging_mixin.py:109} INFO - [2021-09-22 10:31:01,745] {dag.py:2287} INFO - Setting next_dagrun for example_subdag_operator.section-2 to None
[2021-09-22 10:31:01,762] {logging_mixin.py:109} INFO - [2021-09-22 10:31:01,762] {dag.py:1834} INFO - Sync 2 DAGs
[2021-09-22 10:31:01,770] {logging_mixin.py:109} INFO - [2021-09-22 10:31:01,770] {dag.py:2287} INFO - Setting next_dagrun for example_subdag_operator.section-1 to None
[2021-09-22 10:31:01,770] {logging_mixin.py:109} INFO - [2021-09-22 10:31:01,770] {dag.py:2287} INFO - Setting next_dagrun for example_subdag_operator.section-2 to None
[2021-09-22 10:31:01,780] {processor.py:170} INFO - Processing /home/airflow/.local/lib/python3.6/site-packages/airflow/example_dags/example_subdag_operator.py took 0.288 seconds
[2021-09-22 10:31:31,878] {processor.py:162} INFO - Started process (PID=673) to work on /home/airflow/.local/lib/python3.6/site-packages/airflow/example_dags/example_subdag_operator.py
[2021-09-22 10:31:31,881] {processor.py:613} INFO - Processing file /home/airflow/.local/lib/python3.6/site-packages/airflow/example_dags/example_subdag_operator.py for tasks to queue
[2021-09-22 10:31:31,882] {logging_mixin.py:109} INFO - [2021-09-22 10:31:31,882] {dagbag.py:496} INFO - Filling up the DagBag from /home/airflow/.local/lib/python3.6/site-packages/airflow/example_dags/example_subdag_operator.py
[2021-09-22 10:31:32,025] {processor.py:623} INFO - DAG(s) dict_keys(['example_subdag_operator.section-1', 'example_subdag_operator.section-2', 'example_subdag_operator']) retrieved from /home/airflow/.local/lib/python3.6/site-packages/airflow/example_dags/example_subdag_operator.py
[2021-09-22 10:31:32,047] {logging_mixin.py:109} INFO - [2021-09-22 10:31:32,047] {dag.py:1834} INFO - Sync 3 DAGs
[2021-09-22 10:31:32,073] {logging_mixin.py:109} INFO - [2021-09-22 10:31:32,073] {dag.py:2287} INFO - Setting next_dagrun for example_subdag_operator to 2021-09-20 00:00:00+00:00
[2021-09-22 10:31:32,076] {logging_mixin.py:109} INFO - [2021-09-22 10:31:32,076] {dag.py:2287} INFO - Setting next_dagrun for example_subdag_operator.section-1 to None
[2021-09-22 10:31:32,076] {logging_mixin.py:109} INFO - [2021-09-22 10:31:32,076] {dag.py:2287} INFO - Setting next_dagrun for example_subdag_operator.section-2 to None
[2021-09-22 10:31:32,103] {logging_mixin.py:109} INFO - [2021-09-22 10:31:32,103] {dag.py:1834} INFO - Sync 2 DAGs
[2021-09-22 10:31:32,119] {logging_mixin.py:109} INFO - [2021-09-22 10:31:32,119] {dag.py:2287} INFO - Setting next_dagrun for example_subdag_operator.section-1 to None
[2021-09-22 10:31:32,120] {logging_mixin.py:109} INFO - [2021-09-22 10:31:32,120] {dag.py:2287} INFO - Setting next_dagrun for example_subdag_operator.section-2 to None
[2021-09-22 10:31:32,147] {processor.py:170} INFO - Processing /home/airflow/.local/lib/python3.6/site-packages/airflow/example_dags/example_subdag_operator.py took 0.276 seconds
[2021-09-22 10:32:02,446] {processor.py:162} INFO - Started process (PID=726) to work on /home/airflow/.local/lib/python3.6/site-packages/airflow/example_dags/example_subdag_operator.py
[2021-09-22 10:32:02,447] {processor.py:613} INFO - Processing file /home/airflow/.local/lib/python3.6/site-packages/airflow/example_dags/example_subdag_operator.py for tasks to queue
[2021-09-22 10:32:02,455] {logging_mixin.py:109} INFO - [2021-09-22 10:32:02,455] {dagbag.py:496} INFO - Filling up the DagBag from /home/airflow/.local/lib/python3.6/site-packages/airflow/example_dags/example_subdag_operator.py
[2021-09-22 10:32:02,500] {processor.py:623} INFO - DAG(s) dict_keys(['example_subdag_operator.section-1', 'example_subdag_operator.section-2', 'example_subdag_operator']) retrieved from /home/airflow/.local/lib/python3.6/site-packages/airflow/example_dags/example_subdag_operator.py
[2021-09-22 10:32:02,517] {logging_mixin.py:109} INFO - [2021-09-22 10:32:02,517] {dag.py:1834} INFO - Sync 3 DAGs
[2021-09-22 10:32:02,539] {logging_mixin.py:109} INFO - [2021-09-22 10:32:02,539] {dag.py:2287} INFO - Setting next_dagrun for example_subdag_operator to 2021-09-20 00:00:00+00:00
[2021-09-22 10:32:02,540] {logging_mixin.py:109} INFO - [2021-09-22 10:32:02,540] {dag.py:2287} INFO - Setting next_dagrun for example_subdag_operator.section-1 to None
[2021-09-22 10:32:02,541] {logging_mixin.py:109} INFO - [2021-09-22 10:32:02,541] {dag.py:2287} INFO - Setting next_dagrun for example_subdag_operator.section-2 to None
[2021-09-22 10:32:02,557] {logging_mixin.py:109} INFO - [2021-09-22 10:32:02,557] {dag.py:1834} INFO - Sync 2 DAGs
[2021-09-22 10:32:02,572] {logging_mixin.py:109} INFO - [2021-09-22 10:32:02,572] {dag.py:2287} INFO - Setting next_dagrun for example_subdag_operator.section-1 to None
[2021-09-22 10:32:02,572] {logging_mixin.py:109} INFO - [2021-09-22 10:32:02,572] {dag.py:2287} INFO - Setting next_dagrun for example_subdag_operator.section-2 to None
[2021-09-22 10:32:02,591] {processor.py:170} INFO - Processing /home/airflow/.local/lib/python3.6/site-packages/airflow/example_dags/example_subdag_operator.py took 0.149 seconds
[2021-09-22 10:32:33,530] {processor.py:162} INFO - Started process (PID=788) to work on /home/airflow/.local/lib/python3.6/site-packages/airflow/example_dags/example_subdag_operator.py
[2021-09-22 10:32:33,537] {processor.py:613} INFO - Processing file /home/airflow/.local/lib/python3.6/site-packages/airflow/example_dags/example_subdag_operator.py for tasks to queue
[2021-09-22 10:32:33,538] {logging_mixin.py:109} INFO - [2021-09-22 10:32:33,537] {dagbag.py:496} INFO - Filling up the DagBag from /home/airflow/.local/lib/python3.6/site-packages/airflow/example_dags/example_subdag_operator.py
[2021-09-22 10:32:33,629] {processor.py:623} INFO - DAG(s) dict_keys(['example_subdag_operator.section-1', 'example_subdag_operator.section-2', 'example_subdag_operator']) retrieved from /home/airflow/.local/lib/python3.6/site-packages/airflow/example_dags/example_subdag_operator.py
[2021-09-22 10:32:33,653] {logging_mixin.py:109} INFO - [2021-09-22 10:32:33,653] {dag.py:1834} INFO - Sync 3 DAGs
[2021-09-22 10:32:33,672] {logging_mixin.py:109} INFO - [2021-09-22 10:32:33,672] {dag.py:2287} INFO - Setting next_dagrun for example_subdag_operator to 2021-09-20 00:00:00+00:00
[2021-09-22 10:32:33,675] {logging_mixin.py:109} INFO - [2021-09-22 10:32:33,675] {dag.py:2287} INFO - Setting next_dagrun for example_subdag_operator.section-1 to None
[2021-09-22 10:32:33,675] {logging_mixin.py:109} INFO - [2021-09-22 10:32:33,675] {dag.py:2287} INFO - Setting next_dagrun for example_subdag_operator.section-2 to None
[2021-09-22 10:32:33,698] {logging_mixin.py:109} INFO - [2021-09-22 10:32:33,698] {dag.py:1834} INFO - Sync 2 DAGs
[2021-09-22 10:32:33,716] {logging_mixin.py:109} INFO - [2021-09-22 10:32:33,716] {dag.py:2287} INFO - Setting next_dagrun for example_subdag_operator.section-1 to None
[2021-09-22 10:32:33,717] {logging_mixin.py:109} INFO - [2021-09-22 10:32:33,717] {dag.py:2287} INFO - Setting next_dagrun for example_subdag_operator.section-2 to None
[2021-09-22 10:32:33,744] {processor.py:170} INFO - Processing /home/airflow/.local/lib/python3.6/site-packages/airflow/example_dags/example_subdag_operator.py took 0.221 seconds
[2021-09-22 10:33:04,111] {processor.py:162} INFO - Started process (PID=839) to work on /home/airflow/.local/lib/python3.6/site-packages/airflow/example_dags/example_subdag_operator.py
[2021-09-22 10:33:04,113] {processor.py:613} INFO - Processing file /home/airflow/.local/lib/python3.6/site-packages/airflow/example_dags/example_subdag_operator.py for tasks to queue
[2021-09-22 10:33:04,113] {logging_mixin.py:109} INFO - [2021-09-22 10:33:04,113] {dagbag.py:496} INFO - Filling up the DagBag from /home/airflow/.local/lib/python3.6/site-packages/airflow/example_dags/example_subdag_operator.py
[2021-09-22 10:33:04,172] {processor.py:623} INFO - DAG(s) dict_keys(['example_subdag_operator.section-1', 'example_subdag_operator.section-2', 'example_subdag_operator']) retrieved from /home/airflow/.local/lib/python3.6/site-packages/airflow/example_dags/example_subdag_operator.py
[2021-09-22 10:33:04,236] {logging_mixin.py:109} INFO - [2021-09-22 10:33:04,235] {dag.py:1834} INFO - Sync 3 DAGs
[2021-09-22 10:33:04,353] {logging_mixin.py:109} INFO - [2021-09-22 10:33:04,329] {dag.py:2287} INFO - Setting next_dagrun for example_subdag_operator to 2021-09-20 00:00:00+00:00
[2021-09-22 10:33:04,359] {logging_mixin.py:109} INFO - [2021-09-22 10:33:04,359] {dag.py:2287} INFO - Setting next_dagrun for example_subdag_operator.section-1 to None
[2021-09-22 10:33:04,373] {logging_mixin.py:109} INFO - [2021-09-22 10:33:04,373] {dag.py:2287} INFO - Setting next_dagrun for example_subdag_operator.section-2 to None
[2021-09-22 10:33:04,433] {logging_mixin.py:109} INFO - [2021-09-22 10:33:04,432] {dag.py:1834} INFO - Sync 2 DAGs
[2021-09-22 10:33:04,474] {logging_mixin.py:109} INFO - [2021-09-22 10:33:04,474] {dag.py:2287} INFO - Setting next_dagrun for example_subdag_operator.section-1 to None
[2021-09-22 10:33:04,474] {logging_mixin.py:109} INFO - [2021-09-22 10:33:04,474] {dag.py:2287} INFO - Setting next_dagrun for example_subdag_operator.section-2 to None
[2021-09-22 10:33:04,514] {processor.py:170} INFO - Processing /home/airflow/.local/lib/python3.6/site-packages/airflow/example_dags/example_subdag_operator.py took 0.409 seconds
[2021-09-22 10:33:34,981] {processor.py:162} INFO - Started process (PID=901) to work on /home/airflow/.local/lib/python3.6/site-packages/airflow/example_dags/example_subdag_operator.py
[2021-09-22 10:33:34,983] {processor.py:613} INFO - Processing file /home/airflow/.local/lib/python3.6/site-packages/airflow/example_dags/example_subdag_operator.py for tasks to queue
[2021-09-22 10:33:34,983] {logging_mixin.py:109} INFO - [2021-09-22 10:33:34,983] {dagbag.py:496} INFO - Filling up the DagBag from /home/airflow/.local/lib/python3.6/site-packages/airflow/example_dags/example_subdag_operator.py
[2021-09-22 10:33:35,093] {processor.py:623} INFO - DAG(s) dict_keys(['example_subdag_operator.section-1', 'example_subdag_operator.section-2', 'example_subdag_operator']) retrieved from /home/airflow/.local/lib/python3.6/site-packages/airflow/example_dags/example_subdag_operator.py
[2021-09-22 10:33:35,111] {logging_mixin.py:109} INFO - [2021-09-22 10:33:35,111] {dag.py:1834} INFO - Sync 3 DAGs
[2021-09-22 10:33:35,131] {logging_mixin.py:109} INFO - [2021-09-22 10:33:35,131] {dag.py:2287} INFO - Setting next_dagrun for example_subdag_operator to 2021-09-20 00:00:00+00:00
[2021-09-22 10:33:35,132] {logging_mixin.py:109} INFO - [2021-09-22 10:33:35,132] {dag.py:2287} INFO - Setting next_dagrun for example_subdag_operator.section-1 to None
[2021-09-22 10:33:35,132] {logging_mixin.py:109} INFO - [2021-09-22 10:33:35,132] {dag.py:2287} INFO - Setting next_dagrun for example_subdag_operator.section-2 to None
[2021-09-22 10:33:35,141] {logging_mixin.py:109} INFO - [2021-09-22 10:33:35,141] {dag.py:1834} INFO - Sync 2 DAGs
[2021-09-22 10:33:35,148] {logging_mixin.py:109} INFO - [2021-09-22 10:33:35,148] {dag.py:2287} INFO - Setting next_dagrun for example_subdag_operator.section-1 to None
[2021-09-22 10:33:35,149] {logging_mixin.py:109} INFO - [2021-09-22 10:33:35,149] {dag.py:2287} INFO - Setting next_dagrun for example_subdag_operator.section-2 to None
[2021-09-22 10:33:35,164] {processor.py:170} INFO - Processing /home/airflow/.local/lib/python3.6/site-packages/airflow/example_dags/example_subdag_operator.py took 0.187 seconds
[2021-09-22 10:34:05,549] {processor.py:162} INFO - Started process (PID=952) to work on /home/airflow/.local/lib/python3.6/site-packages/airflow/example_dags/example_subdag_operator.py
[2021-09-22 10:34:05,550] {processor.py:613} INFO - Processing file /home/airflow/.local/lib/python3.6/site-packages/airflow/example_dags/example_subdag_operator.py for tasks to queue
[2021-09-22 10:34:05,551] {logging_mixin.py:109} INFO - [2021-09-22 10:34:05,551] {dagbag.py:496} INFO - Filling up the DagBag from /home/airflow/.local/lib/python3.6/site-packages/airflow/example_dags/example_subdag_operator.py
[2021-09-22 10:34:05,599] {processor.py:623} INFO - DAG(s) dict_keys(['example_subdag_operator.section-1', 'example_subdag_operator.section-2', 'example_subdag_operator']) retrieved from /home/airflow/.local/lib/python3.6/site-packages/airflow/example_dags/example_subdag_operator.py
[2021-09-22 10:34:05,620] {logging_mixin.py:109} INFO - [2021-09-22 10:34:05,620] {dag.py:1834} INFO - Sync 3 DAGs
[2021-09-22 10:34:05,647] {logging_mixin.py:109} INFO - [2021-09-22 10:34:05,646] {dag.py:2287} INFO - Setting next_dagrun for example_subdag_operator to 2021-09-20 00:00:00+00:00
[2021-09-22 10:34:05,648] {logging_mixin.py:109} INFO - [2021-09-22 10:34:05,648] {dag.py:2287} INFO - Setting next_dagrun for example_subdag_operator.section-1 to None
[2021-09-22 10:34:05,649] {logging_mixin.py:109} INFO - [2021-09-22 10:34:05,648] {dag.py:2287} INFO - Setting next_dagrun for example_subdag_operator.section-2 to None
[2021-09-22 10:34:05,662] {logging_mixin.py:109} INFO - [2021-09-22 10:34:05,662] {dag.py:1834} INFO - Sync 2 DAGs
[2021-09-22 10:34:05,670] {logging_mixin.py:109} INFO - [2021-09-22 10:34:05,670] {dag.py:2287} INFO - Setting next_dagrun for example_subdag_operator.section-1 to None
[2021-09-22 10:34:05,670] {logging_mixin.py:109} INFO - [2021-09-22 10:34:05,670] {dag.py:2287} INFO - Setting next_dagrun for example_subdag_operator.section-2 to None
[2021-09-22 10:34:05,679] {processor.py:170} INFO - Processing /home/airflow/.local/lib/python3.6/site-packages/airflow/example_dags/example_subdag_operator.py took 0.137 seconds
[2021-09-22 10:34:36,058] {processor.py:162} INFO - Started process (PID=1003) to work on /home/airflow/.local/lib/python3.6/site-packages/airflow/example_dags/example_subdag_operator.py
[2021-09-22 10:34:36,059] {processor.py:613} INFO - Processing file /home/airflow/.local/lib/python3.6/site-packages/airflow/example_dags/example_subdag_operator.py for tasks to queue
[2021-09-22 10:34:36,060] {logging_mixin.py:109} INFO - [2021-09-22 10:34:36,060] {dagbag.py:496} INFO - Filling up the DagBag from /home/airflow/.local/lib/python3.6/site-packages/airflow/example_dags/example_subdag_operator.py
[2021-09-22 10:34:36,127] {processor.py:623} INFO - DAG(s) dict_keys(['example_subdag_operator.section-1', 'example_subdag_operator.section-2', 'example_subdag_operator']) retrieved from /home/airflow/.local/lib/python3.6/site-packages/airflow/example_dags/example_subdag_operator.py
[2021-09-22 10:34:36,159] {logging_mixin.py:109} INFO - [2021-09-22 10:34:36,158] {dag.py:1834} INFO - Sync 3 DAGs
[2021-09-22 10:34:36,188] {logging_mixin.py:109} INFO - [2021-09-22 10:34:36,188] {dag.py:2287} INFO - Setting next_dagrun for example_subdag_operator to 2021-09-20 00:00:00+00:00
[2021-09-22 10:34:36,189] {logging_mixin.py:109} INFO - [2021-09-22 10:34:36,189] {dag.py:2287} INFO - Setting next_dagrun for example_subdag_operator.section-1 to None
[2021-09-22 10:34:36,190] {logging_mixin.py:109} INFO - [2021-09-22 10:34:36,190] {dag.py:2287} INFO - Setting next_dagrun for example_subdag_operator.section-2 to None
[2021-09-22 10:34:36,206] {logging_mixin.py:109} INFO - [2021-09-22 10:34:36,206] {dag.py:1834} INFO - Sync 2 DAGs
[2021-09-22 10:34:36,219] {logging_mixin.py:109} INFO - [2021-09-22 10:34:36,218] {dag.py:2287} INFO - Setting next_dagrun for example_subdag_operator.section-1 to None
[2021-09-22 10:34:36,219] {logging_mixin.py:109} INFO - [2021-09-22 10:34:36,219] {dag.py:2287} INFO - Setting next_dagrun for example_subdag_operator.section-2 to None
[2021-09-22 10:34:36,231] {processor.py:170} INFO - Processing /home/airflow/.local/lib/python3.6/site-packages/airflow/example_dags/example_subdag_operator.py took 0.183 seconds
[2021-09-22 10:35:06,427] {processor.py:162} INFO - Started process (PID=1063) to work on /home/airflow/.local/lib/python3.6/site-packages/airflow/example_dags/example_subdag_operator.py
[2021-09-22 10:35:06,435] {processor.py:613} INFO - Processing file /home/airflow/.local/lib/python3.6/site-packages/airflow/example_dags/example_subdag_operator.py for tasks to queue
[2021-09-22 10:35:06,439] {logging_mixin.py:109} INFO - [2021-09-22 10:35:06,436] {dagbag.py:496} INFO - Filling up the DagBag from /home/airflow/.local/lib/python3.6/site-packages/airflow/example_dags/example_subdag_operator.py
[2021-09-22 10:35:06,552] {processor.py:623} INFO - DAG(s) dict_keys(['example_subdag_operator.section-1', 'example_subdag_operator.section-2', 'example_subdag_operator']) retrieved from /home/airflow/.local/lib/python3.6/site-packages/airflow/example_dags/example_subdag_operator.py
[2021-09-22 10:35:06,605] {logging_mixin.py:109} INFO - [2021-09-22 10:35:06,605] {dag.py:1834} INFO - Sync 3 DAGs
[2021-09-22 10:35:06,656] {logging_mixin.py:109} INFO - [2021-09-22 10:35:06,655] {dag.py:2287} INFO - Setting next_dagrun for example_subdag_operator to 2021-09-20 00:00:00+00:00
[2021-09-22 10:35:06,663] {logging_mixin.py:109} INFO - [2021-09-22 10:35:06,663] {dag.py:2287} INFO - Setting next_dagrun for example_subdag_operator.section-1 to None
[2021-09-22 10:35:06,663] {logging_mixin.py:109} INFO - [2021-09-22 10:35:06,663] {dag.py:2287} INFO - Setting next_dagrun for example_subdag_operator.section-2 to None
[2021-09-22 10:35:06,689] {logging_mixin.py:109} INFO - [2021-09-22 10:35:06,689] {dag.py:1834} INFO - Sync 2 DAGs
[2021-09-22 10:35:06,710] {logging_mixin.py:109} INFO - [2021-09-22 10:35:06,710] {dag.py:2287} INFO - Setting next_dagrun for example_subdag_operator.section-1 to None
[2021-09-22 10:35:06,711] {logging_mixin.py:109} INFO - [2021-09-22 10:35:06,711] {dag.py:2287} INFO - Setting next_dagrun for example_subdag_operator.section-2 to None
[2021-09-22 10:35:06,749] {processor.py:170} INFO - Processing /home/airflow/.local/lib/python3.6/site-packages/airflow/example_dags/example_subdag_operator.py took 0.334 seconds
[2021-09-22 10:35:37,529] {processor.py:162} INFO - Started process (PID=1115) to work on /home/airflow/.local/lib/python3.6/site-packages/airflow/example_dags/example_subdag_operator.py
[2021-09-22 10:35:37,531] {processor.py:613} INFO - Processing file /home/airflow/.local/lib/python3.6/site-packages/airflow/example_dags/example_subdag_operator.py for tasks to queue
[2021-09-22 10:35:37,532] {logging_mixin.py:109} INFO - [2021-09-22 10:35:37,532] {dagbag.py:496} INFO - Filling up the DagBag from /home/airflow/.local/lib/python3.6/site-packages/airflow/example_dags/example_subdag_operator.py
[2021-09-22 10:35:37,598] {processor.py:623} INFO - DAG(s) dict_keys(['example_subdag_operator.section-1', 'example_subdag_operator.section-2', 'example_subdag_operator']) retrieved from /home/airflow/.local/lib/python3.6/site-packages/airflow/example_dags/example_subdag_operator.py
[2021-09-22 10:35:37,624] {logging_mixin.py:109} INFO - [2021-09-22 10:35:37,623] {dag.py:1834} INFO - Sync 3 DAGs
[2021-09-22 10:35:37,646] {logging_mixin.py:109} INFO - [2021-09-22 10:35:37,646] {dag.py:2287} INFO - Setting next_dagrun for example_subdag_operator to 2021-09-20 00:00:00+00:00
[2021-09-22 10:35:37,647] {logging_mixin.py:109} INFO - [2021-09-22 10:35:37,647] {dag.py:2287} INFO - Setting next_dagrun for example_subdag_operator.section-1 to None
[2021-09-22 10:35:37,647] {logging_mixin.py:109} INFO - [2021-09-22 10:35:37,647] {dag.py:2287} INFO - Setting next_dagrun for example_subdag_operator.section-2 to None
[2021-09-22 10:35:37,664] {logging_mixin.py:109} INFO - [2021-09-22 10:35:37,664] {dag.py:1834} INFO - Sync 2 DAGs
[2021-09-22 10:35:37,683] {logging_mixin.py:109} INFO - [2021-09-22 10:35:37,683] {dag.py:2287} INFO - Setting next_dagrun for example_subdag_operator.section-1 to None
[2021-09-22 10:35:37,686] {logging_mixin.py:109} INFO - [2021-09-22 10:35:37,685] {dag.py:2287} INFO - Setting next_dagrun for example_subdag_operator.section-2 to None
[2021-09-22 10:35:37,710] {processor.py:170} INFO - Processing /home/airflow/.local/lib/python3.6/site-packages/airflow/example_dags/example_subdag_operator.py took 0.190 seconds
[2021-09-22 10:36:07,981] {processor.py:162} INFO - Started process (PID=1166) to work on /home/airflow/.local/lib/python3.6/site-packages/airflow/example_dags/example_subdag_operator.py
[2021-09-22 10:36:07,983] {processor.py:613} INFO - Processing file /home/airflow/.local/lib/python3.6/site-packages/airflow/example_dags/example_subdag_operator.py for tasks to queue
[2021-09-22 10:36:07,983] {logging_mixin.py:109} INFO - [2021-09-22 10:36:07,983] {dagbag.py:496} INFO - Filling up the DagBag from /home/airflow/.local/lib/python3.6/site-packages/airflow/example_dags/example_subdag_operator.py
[2021-09-22 10:36:08,022] {processor.py:623} INFO - DAG(s) dict_keys(['example_subdag_operator.section-1', 'example_subdag_operator.section-2', 'example_subdag_operator']) retrieved from /home/airflow/.local/lib/python3.6/site-packages/airflow/example_dags/example_subdag_operator.py
[2021-09-22 10:36:08,037] {logging_mixin.py:109} INFO - [2021-09-22 10:36:08,037] {dag.py:1834} INFO - Sync 3 DAGs
[2021-09-22 10:36:08,056] {logging_mixin.py:109} INFO - [2021-09-22 10:36:08,056] {dag.py:2287} INFO - Setting next_dagrun for example_subdag_operator to 2021-09-20 00:00:00+00:00
[2021-09-22 10:36:08,057] {logging_mixin.py:109} INFO - [2021-09-22 10:36:08,057] {dag.py:2287} INFO - Setting next_dagrun for example_subdag_operator.section-1 to None
[2021-09-22 10:36:08,058] {logging_mixin.py:109} INFO - [2021-09-22 10:36:08,058] {dag.py:2287} INFO - Setting next_dagrun for example_subdag_operator.section-2 to None
[2021-09-22 10:36:08,067] {logging_mixin.py:109} INFO - [2021-09-22 10:36:08,066] {dag.py:1834} INFO - Sync 2 DAGs
[2021-09-22 10:36:08,082] {logging_mixin.py:109} INFO - [2021-09-22 10:36:08,081] {dag.py:2287} INFO - Setting next_dagrun for example_subdag_operator.section-1 to None
[2021-09-22 10:36:08,082] {logging_mixin.py:109} INFO - [2021-09-22 10:36:08,082] {dag.py:2287} INFO - Setting next_dagrun for example_subdag_operator.section-2 to None
[2021-09-22 10:36:08,090] {processor.py:170} INFO - Processing /home/airflow/.local/lib/python3.6/site-packages/airflow/example_dags/example_subdag_operator.py took 0.113 seconds
[2021-09-22 10:36:38,557] {processor.py:162} INFO - Started process (PID=1227) to work on /home/airflow/.local/lib/python3.6/site-packages/airflow/example_dags/example_subdag_operator.py
[2021-09-22 10:36:38,558] {processor.py:613} INFO - Processing file /home/airflow/.local/lib/python3.6/site-packages/airflow/example_dags/example_subdag_operator.py for tasks to queue
[2021-09-22 10:36:38,559] {logging_mixin.py:109} INFO - [2021-09-22 10:36:38,559] {dagbag.py:496} INFO - Filling up the DagBag from /home/airflow/.local/lib/python3.6/site-packages/airflow/example_dags/example_subdag_operator.py
[2021-09-22 10:36:38,656] {processor.py:623} INFO - DAG(s) dict_keys(['example_subdag_operator.section-1', 'example_subdag_operator.section-2', 'example_subdag_operator']) retrieved from /home/airflow/.local/lib/python3.6/site-packages/airflow/example_dags/example_subdag_operator.py
[2021-09-22 10:36:38,690] {logging_mixin.py:109} INFO - [2021-09-22 10:36:38,690] {dag.py:1834} INFO - Sync 3 DAGs
[2021-09-22 10:36:38,724] {logging_mixin.py:109} INFO - [2021-09-22 10:36:38,724] {dag.py:2287} INFO - Setting next_dagrun for example_subdag_operator to 2021-09-20 00:00:00+00:00
[2021-09-22 10:36:38,731] {logging_mixin.py:109} INFO - [2021-09-22 10:36:38,731] {dag.py:2287} INFO - Setting next_dagrun for example_subdag_operator.section-1 to None
[2021-09-22 10:36:38,732] {logging_mixin.py:109} INFO - [2021-09-22 10:36:38,732] {dag.py:2287} INFO - Setting next_dagrun for example_subdag_operator.section-2 to None
[2021-09-22 10:36:38,756] {logging_mixin.py:109} INFO - [2021-09-22 10:36:38,756] {dag.py:1834} INFO - Sync 2 DAGs
[2021-09-22 10:36:38,766] {logging_mixin.py:109} INFO - [2021-09-22 10:36:38,766] {dag.py:2287} INFO - Setting next_dagrun for example_subdag_operator.section-1 to None
[2021-09-22 10:36:38,766] {logging_mixin.py:109} INFO - [2021-09-22 10:36:38,766] {dag.py:2287} INFO - Setting next_dagrun for example_subdag_operator.section-2 to None
[2021-09-22 10:36:38,790] {processor.py:170} INFO - Processing /home/airflow/.local/lib/python3.6/site-packages/airflow/example_dags/example_subdag_operator.py took 0.237 seconds
[2021-09-22 10:38:17,255] {processor.py:162} INFO - Started process (PID=73) to work on /home/airflow/.local/lib/python3.6/site-packages/airflow/example_dags/example_subdag_operator.py
[2021-09-22 10:38:17,283] {processor.py:613} INFO - Processing file /home/airflow/.local/lib/python3.6/site-packages/airflow/example_dags/example_subdag_operator.py for tasks to queue
[2021-09-22 10:38:17,286] {logging_mixin.py:109} INFO - [2021-09-22 10:38:17,285] {dagbag.py:496} INFO - Filling up the DagBag from /home/airflow/.local/lib/python3.6/site-packages/airflow/example_dags/example_subdag_operator.py
[2021-09-22 10:38:17,493] {processor.py:623} INFO - DAG(s) dict_keys(['example_subdag_operator.section-1', 'example_subdag_operator.section-2', 'example_subdag_operator']) retrieved from /home/airflow/.local/lib/python3.6/site-packages/airflow/example_dags/example_subdag_operator.py
[2021-09-22 10:38:17,532] {logging_mixin.py:109} INFO - [2021-09-22 10:38:17,532] {dag.py:1834} INFO - Sync 3 DAGs
[2021-09-22 10:38:17,580] {logging_mixin.py:109} INFO - [2021-09-22 10:38:17,580] {dag.py:2287} INFO - Setting next_dagrun for example_subdag_operator to 2021-09-20 00:00:00+00:00
[2021-09-22 10:38:17,588] {logging_mixin.py:109} INFO - [2021-09-22 10:38:17,588] {dag.py:2287} INFO - Setting next_dagrun for example_subdag_operator.section-1 to None
[2021-09-22 10:38:17,588] {logging_mixin.py:109} INFO - [2021-09-22 10:38:17,588] {dag.py:2287} INFO - Setting next_dagrun for example_subdag_operator.section-2 to None
[2021-09-22 10:38:17,654] {logging_mixin.py:109} INFO - [2021-09-22 10:38:17,654] {dag.py:1834} INFO - Sync 2 DAGs
[2021-09-22 10:38:17,691] {logging_mixin.py:109} INFO - [2021-09-22 10:38:17,691] {dag.py:2287} INFO - Setting next_dagrun for example_subdag_operator.section-1 to None
[2021-09-22 10:38:17,691] {logging_mixin.py:109} INFO - [2021-09-22 10:38:17,691] {dag.py:2287} INFO - Setting next_dagrun for example_subdag_operator.section-2 to None
[2021-09-22 10:38:17,750] {processor.py:170} INFO - Processing /home/airflow/.local/lib/python3.6/site-packages/airflow/example_dags/example_subdag_operator.py took 0.504 seconds
[2021-09-22 10:38:47,944] {processor.py:162} INFO - Started process (PID=124) to work on /home/airflow/.local/lib/python3.6/site-packages/airflow/example_dags/example_subdag_operator.py
[2021-09-22 10:38:47,945] {processor.py:613} INFO - Processing file /home/airflow/.local/lib/python3.6/site-packages/airflow/example_dags/example_subdag_operator.py for tasks to queue
[2021-09-22 10:38:47,954] {logging_mixin.py:109} INFO - [2021-09-22 10:38:47,953] {dagbag.py:496} INFO - Filling up the DagBag from /home/airflow/.local/lib/python3.6/site-packages/airflow/example_dags/example_subdag_operator.py
[2021-09-22 10:38:48,124] {processor.py:623} INFO - DAG(s) dict_keys(['example_subdag_operator.section-1', 'example_subdag_operator.section-2', 'example_subdag_operator']) retrieved from /home/airflow/.local/lib/python3.6/site-packages/airflow/example_dags/example_subdag_operator.py
[2021-09-22 10:38:48,168] {logging_mixin.py:109} INFO - [2021-09-22 10:38:48,168] {dag.py:1834} INFO - Sync 3 DAGs
[2021-09-22 10:38:48,219] {logging_mixin.py:109} INFO - [2021-09-22 10:38:48,219] {dag.py:2287} INFO - Setting next_dagrun for example_subdag_operator to 2021-09-20 00:00:00+00:00
[2021-09-22 10:38:48,220] {logging_mixin.py:109} INFO - [2021-09-22 10:38:48,220] {dag.py:2287} INFO - Setting next_dagrun for example_subdag_operator.section-1 to None
[2021-09-22 10:38:48,221] {logging_mixin.py:109} INFO - [2021-09-22 10:38:48,221] {dag.py:2287} INFO - Setting next_dagrun for example_subdag_operator.section-2 to None
[2021-09-22 10:38:48,271] {logging_mixin.py:109} INFO - [2021-09-22 10:38:48,271] {dag.py:1834} INFO - Sync 2 DAGs
[2021-09-22 10:38:48,295] {logging_mixin.py:109} INFO - [2021-09-22 10:38:48,295] {dag.py:2287} INFO - Setting next_dagrun for example_subdag_operator.section-1 to None
[2021-09-22 10:38:48,296] {logging_mixin.py:109} INFO - [2021-09-22 10:38:48,295] {dag.py:2287} INFO - Setting next_dagrun for example_subdag_operator.section-2 to None
[2021-09-22 10:38:48,332] {processor.py:170} INFO - Processing /home/airflow/.local/lib/python3.6/site-packages/airflow/example_dags/example_subdag_operator.py took 0.408 seconds
[2021-09-22 10:41:38,868] {processor.py:162} INFO - Started process (PID=61) to work on /home/airflow/.local/lib/python3.6/site-packages/airflow/example_dags/example_subdag_operator.py
[2021-09-22 10:41:38,872] {processor.py:613} INFO - Processing file /home/airflow/.local/lib/python3.6/site-packages/airflow/example_dags/example_subdag_operator.py for tasks to queue
[2021-09-22 10:41:38,873] {logging_mixin.py:109} INFO - [2021-09-22 10:41:38,873] {dagbag.py:496} INFO - Filling up the DagBag from /home/airflow/.local/lib/python3.6/site-packages/airflow/example_dags/example_subdag_operator.py
[2021-09-22 10:41:39,107] {processor.py:623} INFO - DAG(s) dict_keys(['example_subdag_operator.section-1', 'example_subdag_operator.section-2', 'example_subdag_operator']) retrieved from /home/airflow/.local/lib/python3.6/site-packages/airflow/example_dags/example_subdag_operator.py
[2021-09-22 10:41:39,171] {logging_mixin.py:109} INFO - [2021-09-22 10:41:39,171] {dag.py:1834} INFO - Sync 3 DAGs
[2021-09-22 10:41:39,219] {logging_mixin.py:109} INFO - [2021-09-22 10:41:39,219] {dag.py:2287} INFO - Setting next_dagrun for example_subdag_operator to 2021-09-20 00:00:00+00:00
[2021-09-22 10:41:39,220] {logging_mixin.py:109} INFO - [2021-09-22 10:41:39,220] {dag.py:2287} INFO - Setting next_dagrun for example_subdag_operator.section-1 to None
[2021-09-22 10:41:39,221] {logging_mixin.py:109} INFO - [2021-09-22 10:41:39,221] {dag.py:2287} INFO - Setting next_dagrun for example_subdag_operator.section-2 to None
[2021-09-22 10:41:39,273] {logging_mixin.py:109} INFO - [2021-09-22 10:41:39,273] {dag.py:1834} INFO - Sync 2 DAGs
[2021-09-22 10:41:39,300] {logging_mixin.py:109} INFO - [2021-09-22 10:41:39,300] {dag.py:2287} INFO - Setting next_dagrun for example_subdag_operator.section-1 to None
[2021-09-22 10:41:39,300] {logging_mixin.py:109} INFO - [2021-09-22 10:41:39,300] {dag.py:2287} INFO - Setting next_dagrun for example_subdag_operator.section-2 to None
[2021-09-22 10:41:39,329] {processor.py:170} INFO - Processing /home/airflow/.local/lib/python3.6/site-packages/airflow/example_dags/example_subdag_operator.py took 0.472 seconds
[2021-09-22 10:42:10,006] {processor.py:162} INFO - Started process (PID=112) to work on /home/airflow/.local/lib/python3.6/site-packages/airflow/example_dags/example_subdag_operator.py
[2021-09-22 10:42:10,007] {processor.py:613} INFO - Processing file /home/airflow/.local/lib/python3.6/site-packages/airflow/example_dags/example_subdag_operator.py for tasks to queue
[2021-09-22 10:42:10,008] {logging_mixin.py:109} INFO - [2021-09-22 10:42:10,008] {dagbag.py:496} INFO - Filling up the DagBag from /home/airflow/.local/lib/python3.6/site-packages/airflow/example_dags/example_subdag_operator.py
[2021-09-22 10:42:10,051] {processor.py:623} INFO - DAG(s) dict_keys(['example_subdag_operator.section-1', 'example_subdag_operator.section-2', 'example_subdag_operator']) retrieved from /home/airflow/.local/lib/python3.6/site-packages/airflow/example_dags/example_subdag_operator.py
[2021-09-22 10:42:10,066] {logging_mixin.py:109} INFO - [2021-09-22 10:42:10,066] {dag.py:1834} INFO - Sync 3 DAGs
[2021-09-22 10:42:10,084] {logging_mixin.py:109} INFO - [2021-09-22 10:42:10,083] {dag.py:2287} INFO - Setting next_dagrun for example_subdag_operator to 2021-09-20 00:00:00+00:00
[2021-09-22 10:42:10,085] {logging_mixin.py:109} INFO - [2021-09-22 10:42:10,085] {dag.py:2287} INFO - Setting next_dagrun for example_subdag_operator.section-1 to None
[2021-09-22 10:42:10,085] {logging_mixin.py:109} INFO - [2021-09-22 10:42:10,085] {dag.py:2287} INFO - Setting next_dagrun for example_subdag_operator.section-2 to None
[2021-09-22 10:42:10,093] {logging_mixin.py:109} INFO - [2021-09-22 10:42:10,093] {dag.py:1834} INFO - Sync 2 DAGs
[2021-09-22 10:42:10,102] {logging_mixin.py:109} INFO - [2021-09-22 10:42:10,102] {dag.py:2287} INFO - Setting next_dagrun for example_subdag_operator.section-1 to None
[2021-09-22 10:42:10,103] {logging_mixin.py:109} INFO - [2021-09-22 10:42:10,103] {dag.py:2287} INFO - Setting next_dagrun for example_subdag_operator.section-2 to None
[2021-09-22 10:42:10,118] {processor.py:170} INFO - Processing /home/airflow/.local/lib/python3.6/site-packages/airflow/example_dags/example_subdag_operator.py took 0.120 seconds
[2021-09-22 10:42:40,189] {processor.py:162} INFO - Started process (PID=175) to work on /home/airflow/.local/lib/python3.6/site-packages/airflow/example_dags/example_subdag_operator.py
[2021-09-22 10:42:40,194] {processor.py:613} INFO - Processing file /home/airflow/.local/lib/python3.6/site-packages/airflow/example_dags/example_subdag_operator.py for tasks to queue
[2021-09-22 10:42:40,195] {logging_mixin.py:109} INFO - [2021-09-22 10:42:40,195] {dagbag.py:496} INFO - Filling up the DagBag from /home/airflow/.local/lib/python3.6/site-packages/airflow/example_dags/example_subdag_operator.py
[2021-09-22 10:42:40,242] {processor.py:623} INFO - DAG(s) dict_keys(['example_subdag_operator.section-1', 'example_subdag_operator.section-2', 'example_subdag_operator']) retrieved from /home/airflow/.local/lib/python3.6/site-packages/airflow/example_dags/example_subdag_operator.py
[2021-09-22 10:42:40,258] {logging_mixin.py:109} INFO - [2021-09-22 10:42:40,257] {dag.py:1834} INFO - Sync 3 DAGs
[2021-09-22 10:42:40,289] {logging_mixin.py:109} INFO - [2021-09-22 10:42:40,289] {dag.py:2287} INFO - Setting next_dagrun for example_subdag_operator to 2021-09-20 00:00:00+00:00
[2021-09-22 10:42:40,290] {logging_mixin.py:109} INFO - [2021-09-22 10:42:40,290] {dag.py:2287} INFO - Setting next_dagrun for example_subdag_operator.section-1 to None
[2021-09-22 10:42:40,290] {logging_mixin.py:109} INFO - [2021-09-22 10:42:40,290] {dag.py:2287} INFO - Setting next_dagrun for example_subdag_operator.section-2 to None
[2021-09-22 10:42:40,300] {logging_mixin.py:109} INFO - [2021-09-22 10:42:40,300] {dag.py:1834} INFO - Sync 2 DAGs
[2021-09-22 10:42:40,307] {logging_mixin.py:109} INFO - [2021-09-22 10:42:40,307] {dag.py:2287} INFO - Setting next_dagrun for example_subdag_operator.section-1 to None
[2021-09-22 10:42:40,307] {logging_mixin.py:109} INFO - [2021-09-22 10:42:40,307] {dag.py:2287} INFO - Setting next_dagrun for example_subdag_operator.section-2 to None
[2021-09-22 10:42:40,319] {processor.py:170} INFO - Processing /home/airflow/.local/lib/python3.6/site-packages/airflow/example_dags/example_subdag_operator.py took 0.134 seconds
[2021-09-22 10:43:10,800] {processor.py:162} INFO - Started process (PID=227) to work on /home/airflow/.local/lib/python3.6/site-packages/airflow/example_dags/example_subdag_operator.py
[2021-09-22 10:43:10,801] {processor.py:613} INFO - Processing file /home/airflow/.local/lib/python3.6/site-packages/airflow/example_dags/example_subdag_operator.py for tasks to queue
[2021-09-22 10:43:10,802] {logging_mixin.py:109} INFO - [2021-09-22 10:43:10,802] {dagbag.py:496} INFO - Filling up the DagBag from /home/airflow/.local/lib/python3.6/site-packages/airflow/example_dags/example_subdag_operator.py
[2021-09-22 10:43:10,839] {processor.py:623} INFO - DAG(s) dict_keys(['example_subdag_operator.section-1', 'example_subdag_operator.section-2', 'example_subdag_operator']) retrieved from /home/airflow/.local/lib/python3.6/site-packages/airflow/example_dags/example_subdag_operator.py
[2021-09-22 10:43:10,855] {logging_mixin.py:109} INFO - [2021-09-22 10:43:10,854] {dag.py:1834} INFO - Sync 3 DAGs
[2021-09-22 10:43:10,872] {logging_mixin.py:109} INFO - [2021-09-22 10:43:10,872] {dag.py:2287} INFO - Setting next_dagrun for example_subdag_operator to 2021-09-20 00:00:00+00:00
[2021-09-22 10:43:10,873] {logging_mixin.py:109} INFO - [2021-09-22 10:43:10,873] {dag.py:2287} INFO - Setting next_dagrun for example_subdag_operator.section-1 to None
[2021-09-22 10:43:10,874] {logging_mixin.py:109} INFO - [2021-09-22 10:43:10,874] {dag.py:2287} INFO - Setting next_dagrun for example_subdag_operator.section-2 to None
[2021-09-22 10:43:10,882] {logging_mixin.py:109} INFO - [2021-09-22 10:43:10,882] {dag.py:1834} INFO - Sync 2 DAGs
[2021-09-22 10:43:10,889] {logging_mixin.py:109} INFO - [2021-09-22 10:43:10,889] {dag.py:2287} INFO - Setting next_dagrun for example_subdag_operator.section-1 to None
[2021-09-22 10:43:10,890] {logging_mixin.py:109} INFO - [2021-09-22 10:43:10,889] {dag.py:2287} INFO - Setting next_dagrun for example_subdag_operator.section-2 to None
[2021-09-22 10:43:10,897] {processor.py:170} INFO - Processing /home/airflow/.local/lib/python3.6/site-packages/airflow/example_dags/example_subdag_operator.py took 0.101 seconds
[2021-09-22 10:43:41,764] {processor.py:162} INFO - Started process (PID=288) to work on /home/airflow/.local/lib/python3.6/site-packages/airflow/example_dags/example_subdag_operator.py
[2021-09-22 10:43:41,767] {processor.py:613} INFO - Processing file /home/airflow/.local/lib/python3.6/site-packages/airflow/example_dags/example_subdag_operator.py for tasks to queue
[2021-09-22 10:43:41,768] {logging_mixin.py:109} INFO - [2021-09-22 10:43:41,768] {dagbag.py:496} INFO - Filling up the DagBag from /home/airflow/.local/lib/python3.6/site-packages/airflow/example_dags/example_subdag_operator.py
[2021-09-22 10:43:41,813] {processor.py:623} INFO - DAG(s) dict_keys(['example_subdag_operator.section-1', 'example_subdag_operator.section-2', 'example_subdag_operator']) retrieved from /home/airflow/.local/lib/python3.6/site-packages/airflow/example_dags/example_subdag_operator.py
[2021-09-22 10:43:41,832] {logging_mixin.py:109} INFO - [2021-09-22 10:43:41,832] {dag.py:1834} INFO - Sync 3 DAGs
[2021-09-22 10:43:41,853] {logging_mixin.py:109} INFO - [2021-09-22 10:43:41,853] {dag.py:2287} INFO - Setting next_dagrun for example_subdag_operator to 2021-09-20 00:00:00+00:00
[2021-09-22 10:43:41,854] {logging_mixin.py:109} INFO - [2021-09-22 10:43:41,854] {dag.py:2287} INFO - Setting next_dagrun for example_subdag_operator.section-1 to None
[2021-09-22 10:43:41,855] {logging_mixin.py:109} INFO - [2021-09-22 10:43:41,855] {dag.py:2287} INFO - Setting next_dagrun for example_subdag_operator.section-2 to None
[2021-09-22 10:43:41,866] {logging_mixin.py:109} INFO - [2021-09-22 10:43:41,865] {dag.py:1834} INFO - Sync 2 DAGs
[2021-09-22 10:43:41,875] {logging_mixin.py:109} INFO - [2021-09-22 10:43:41,874] {dag.py:2287} INFO - Setting next_dagrun for example_subdag_operator.section-1 to None
[2021-09-22 10:43:41,875] {logging_mixin.py:109} INFO - [2021-09-22 10:43:41,875] {dag.py:2287} INFO - Setting next_dagrun for example_subdag_operator.section-2 to None
[2021-09-22 10:43:41,883] {processor.py:170} INFO - Processing /home/airflow/.local/lib/python3.6/site-packages/airflow/example_dags/example_subdag_operator.py took 0.123 seconds
[2021-09-22 10:44:11,972] {processor.py:162} INFO - Started process (PID=339) to work on /home/airflow/.local/lib/python3.6/site-packages/airflow/example_dags/example_subdag_operator.py
[2021-09-22 10:44:11,975] {processor.py:613} INFO - Processing file /home/airflow/.local/lib/python3.6/site-packages/airflow/example_dags/example_subdag_operator.py for tasks to queue
[2021-09-22 10:44:11,976] {logging_mixin.py:109} INFO - [2021-09-22 10:44:11,976] {dagbag.py:496} INFO - Filling up the DagBag from /home/airflow/.local/lib/python3.6/site-packages/airflow/example_dags/example_subdag_operator.py
[2021-09-22 10:44:12,028] {processor.py:623} INFO - DAG(s) dict_keys(['example_subdag_operator.section-1', 'example_subdag_operator.section-2', 'example_subdag_operator']) retrieved from /home/airflow/.local/lib/python3.6/site-packages/airflow/example_dags/example_subdag_operator.py
[2021-09-22 10:44:12,043] {logging_mixin.py:109} INFO - [2021-09-22 10:44:12,043] {dag.py:1834} INFO - Sync 3 DAGs
[2021-09-22 10:44:12,061] {logging_mixin.py:109} INFO - [2021-09-22 10:44:12,061] {dag.py:2287} INFO - Setting next_dagrun for example_subdag_operator to 2021-09-20 00:00:00+00:00
[2021-09-22 10:44:12,062] {logging_mixin.py:109} INFO - [2021-09-22 10:44:12,062] {dag.py:2287} INFO - Setting next_dagrun for example_subdag_operator.section-1 to None
[2021-09-22 10:44:12,062] {logging_mixin.py:109} INFO - [2021-09-22 10:44:12,062] {dag.py:2287} INFO - Setting next_dagrun for example_subdag_operator.section-2 to None
[2021-09-22 10:44:12,073] {logging_mixin.py:109} INFO - [2021-09-22 10:44:12,073] {dag.py:1834} INFO - Sync 2 DAGs
[2021-09-22 10:44:12,080] {logging_mixin.py:109} INFO - [2021-09-22 10:44:12,080] {dag.py:2287} INFO - Setting next_dagrun for example_subdag_operator.section-1 to None
[2021-09-22 10:44:12,081] {logging_mixin.py:109} INFO - [2021-09-22 10:44:12,081] {dag.py:2287} INFO - Setting next_dagrun for example_subdag_operator.section-2 to None
[2021-09-22 10:44:12,088] {processor.py:170} INFO - Processing /home/airflow/.local/lib/python3.6/site-packages/airflow/example_dags/example_subdag_operator.py took 0.128 seconds
