[2021-09-22 10:26:48,852] {processor.py:162} INFO - Started process (PID=174) to work on /home/airflow/.local/lib/python3.6/site-packages/airflow/example_dags/example_xcomargs.py
[2021-09-22 10:26:48,863] {processor.py:613} INFO - Processing file /home/airflow/.local/lib/python3.6/site-packages/airflow/example_dags/example_xcomargs.py for tasks to queue
[2021-09-22 10:26:48,874] {logging_mixin.py:109} INFO - [2021-09-22 10:26:48,864] {dagbag.py:496} INFO - Filling up the DagBag from /home/airflow/.local/lib/python3.6/site-packages/airflow/example_dags/example_xcomargs.py
[2021-09-22 10:26:48,935] {processor.py:623} INFO - DAG(s) dict_keys(['example_xcom_args', 'example_xcom_args_with_operators']) retrieved from /home/airflow/.local/lib/python3.6/site-packages/airflow/example_dags/example_xcomargs.py
[2021-09-22 10:26:58,500] {logging_mixin.py:109} INFO - [2021-09-22 10:26:58,498] {dag.py:1834} INFO - Sync 2 DAGs
[2021-09-22 10:26:58,569] {logging_mixin.py:109} INFO - [2021-09-22 10:26:58,556] {dag.py:1853} INFO - Creating ORM DAG for example_xcom_args_with_operators
[2021-09-22 10:26:58,570] {logging_mixin.py:109} INFO - [2021-09-22 10:26:58,570] {dag.py:1853} INFO - Creating ORM DAG for example_xcom_args
[2021-09-22 10:26:58,590] {logging_mixin.py:109} INFO - [2021-09-22 10:26:58,590] {dag.py:2287} INFO - Setting next_dagrun for example_xcom_args to None
[2021-09-22 10:26:58,601] {logging_mixin.py:109} INFO - [2021-09-22 10:26:58,601] {dag.py:2287} INFO - Setting next_dagrun for example_xcom_args_with_operators to None
[2021-09-22 10:26:58,666] {processor.py:170} INFO - Processing /home/airflow/.local/lib/python3.6/site-packages/airflow/example_dags/example_xcomargs.py took 9.823 seconds
[2021-09-22 10:27:29,320] {processor.py:162} INFO - Started process (PID=239) to work on /home/airflow/.local/lib/python3.6/site-packages/airflow/example_dags/example_xcomargs.py
[2021-09-22 10:27:29,324] {processor.py:613} INFO - Processing file /home/airflow/.local/lib/python3.6/site-packages/airflow/example_dags/example_xcomargs.py for tasks to queue
[2021-09-22 10:27:29,325] {logging_mixin.py:109} INFO - [2021-09-22 10:27:29,325] {dagbag.py:496} INFO - Filling up the DagBag from /home/airflow/.local/lib/python3.6/site-packages/airflow/example_dags/example_xcomargs.py
[2021-09-22 10:27:29,381] {processor.py:623} INFO - DAG(s) dict_keys(['example_xcom_args', 'example_xcom_args_with_operators']) retrieved from /home/airflow/.local/lib/python3.6/site-packages/airflow/example_dags/example_xcomargs.py
[2021-09-22 10:27:29,729] {logging_mixin.py:109} INFO - [2021-09-22 10:27:29,729] {dag.py:1834} INFO - Sync 2 DAGs
[2021-09-22 10:27:29,746] {logging_mixin.py:109} INFO - [2021-09-22 10:27:29,746] {dag.py:2287} INFO - Setting next_dagrun for example_xcom_args to None
[2021-09-22 10:27:29,747] {logging_mixin.py:109} INFO - [2021-09-22 10:27:29,747] {dag.py:2287} INFO - Setting next_dagrun for example_xcom_args_with_operators to None
[2021-09-22 10:27:29,764] {processor.py:170} INFO - Processing /home/airflow/.local/lib/python3.6/site-packages/airflow/example_dags/example_xcomargs.py took 0.453 seconds
[2021-09-22 10:28:00,184] {processor.py:162} INFO - Started process (PID=289) to work on /home/airflow/.local/lib/python3.6/site-packages/airflow/example_dags/example_xcomargs.py
[2021-09-22 10:28:00,195] {processor.py:613} INFO - Processing file /home/airflow/.local/lib/python3.6/site-packages/airflow/example_dags/example_xcomargs.py for tasks to queue
[2021-09-22 10:28:00,196] {logging_mixin.py:109} INFO - [2021-09-22 10:28:00,196] {dagbag.py:496} INFO - Filling up the DagBag from /home/airflow/.local/lib/python3.6/site-packages/airflow/example_dags/example_xcomargs.py
[2021-09-22 10:28:00,242] {processor.py:623} INFO - DAG(s) dict_keys(['example_xcom_args', 'example_xcom_args_with_operators']) retrieved from /home/airflow/.local/lib/python3.6/site-packages/airflow/example_dags/example_xcomargs.py
[2021-09-22 10:28:00,480] {logging_mixin.py:109} INFO - [2021-09-22 10:28:00,480] {dag.py:1834} INFO - Sync 2 DAGs
[2021-09-22 10:28:00,498] {logging_mixin.py:109} INFO - [2021-09-22 10:28:00,498] {dag.py:2287} INFO - Setting next_dagrun for example_xcom_args to None
[2021-09-22 10:28:00,499] {logging_mixin.py:109} INFO - [2021-09-22 10:28:00,499] {dag.py:2287} INFO - Setting next_dagrun for example_xcom_args_with_operators to None
[2021-09-22 10:28:00,510] {processor.py:170} INFO - Processing /home/airflow/.local/lib/python3.6/site-packages/airflow/example_dags/example_xcomargs.py took 0.332 seconds
[2021-09-22 10:28:30,576] {processor.py:162} INFO - Started process (PID=347) to work on /home/airflow/.local/lib/python3.6/site-packages/airflow/example_dags/example_xcomargs.py
[2021-09-22 10:28:30,577] {processor.py:613} INFO - Processing file /home/airflow/.local/lib/python3.6/site-packages/airflow/example_dags/example_xcomargs.py for tasks to queue
[2021-09-22 10:28:30,586] {logging_mixin.py:109} INFO - [2021-09-22 10:28:30,586] {dagbag.py:496} INFO - Filling up the DagBag from /home/airflow/.local/lib/python3.6/site-packages/airflow/example_dags/example_xcomargs.py
[2021-09-22 10:28:30,661] {processor.py:623} INFO - DAG(s) dict_keys(['example_xcom_args', 'example_xcom_args_with_operators']) retrieved from /home/airflow/.local/lib/python3.6/site-packages/airflow/example_dags/example_xcomargs.py
[2021-09-22 10:28:31,155] {logging_mixin.py:109} INFO - [2021-09-22 10:28:31,155] {dag.py:1834} INFO - Sync 2 DAGs
[2021-09-22 10:28:31,172] {logging_mixin.py:109} INFO - [2021-09-22 10:28:31,172] {dag.py:2287} INFO - Setting next_dagrun for example_xcom_args to None
[2021-09-22 10:28:31,175] {logging_mixin.py:109} INFO - [2021-09-22 10:28:31,173] {dag.py:2287} INFO - Setting next_dagrun for example_xcom_args_with_operators to None
[2021-09-22 10:28:31,190] {processor.py:170} INFO - Processing /home/airflow/.local/lib/python3.6/site-packages/airflow/example_dags/example_xcomargs.py took 0.622 seconds
[2021-09-22 10:29:01,987] {processor.py:162} INFO - Started process (PID=402) to work on /home/airflow/.local/lib/python3.6/site-packages/airflow/example_dags/example_xcomargs.py
[2021-09-22 10:29:01,989] {processor.py:613} INFO - Processing file /home/airflow/.local/lib/python3.6/site-packages/airflow/example_dags/example_xcomargs.py for tasks to queue
[2021-09-22 10:29:01,989] {logging_mixin.py:109} INFO - [2021-09-22 10:29:01,989] {dagbag.py:496} INFO - Filling up the DagBag from /home/airflow/.local/lib/python3.6/site-packages/airflow/example_dags/example_xcomargs.py
[2021-09-22 10:29:02,009] {processor.py:623} INFO - DAG(s) dict_keys(['example_xcom_args', 'example_xcom_args_with_operators']) retrieved from /home/airflow/.local/lib/python3.6/site-packages/airflow/example_dags/example_xcomargs.py
[2021-09-22 10:29:02,033] {logging_mixin.py:109} INFO - [2021-09-22 10:29:02,033] {dag.py:1834} INFO - Sync 2 DAGs
[2021-09-22 10:29:02,047] {logging_mixin.py:109} INFO - [2021-09-22 10:29:02,046] {dag.py:2287} INFO - Setting next_dagrun for example_xcom_args to None
[2021-09-22 10:29:02,048] {logging_mixin.py:109} INFO - [2021-09-22 10:29:02,048] {dag.py:2287} INFO - Setting next_dagrun for example_xcom_args_with_operators to None
[2021-09-22 10:29:02,058] {processor.py:170} INFO - Processing /home/airflow/.local/lib/python3.6/site-packages/airflow/example_dags/example_xcomargs.py took 0.074 seconds
[2021-09-22 10:29:32,246] {processor.py:162} INFO - Started process (PID=452) to work on /home/airflow/.local/lib/python3.6/site-packages/airflow/example_dags/example_xcomargs.py
[2021-09-22 10:29:32,248] {processor.py:613} INFO - Processing file /home/airflow/.local/lib/python3.6/site-packages/airflow/example_dags/example_xcomargs.py for tasks to queue
[2021-09-22 10:29:32,248] {logging_mixin.py:109} INFO - [2021-09-22 10:29:32,248] {dagbag.py:496} INFO - Filling up the DagBag from /home/airflow/.local/lib/python3.6/site-packages/airflow/example_dags/example_xcomargs.py
[2021-09-22 10:29:32,281] {processor.py:623} INFO - DAG(s) dict_keys(['example_xcom_args', 'example_xcom_args_with_operators']) retrieved from /home/airflow/.local/lib/python3.6/site-packages/airflow/example_dags/example_xcomargs.py
[2021-09-22 10:29:32,697] {logging_mixin.py:109} INFO - [2021-09-22 10:29:32,697] {dag.py:1834} INFO - Sync 2 DAGs
[2021-09-22 10:29:32,724] {logging_mixin.py:109} INFO - [2021-09-22 10:29:32,723] {dag.py:2287} INFO - Setting next_dagrun for example_xcom_args to None
[2021-09-22 10:29:32,728] {logging_mixin.py:109} INFO - [2021-09-22 10:29:32,727] {dag.py:2287} INFO - Setting next_dagrun for example_xcom_args_with_operators to None
[2021-09-22 10:29:32,761] {processor.py:170} INFO - Processing /home/airflow/.local/lib/python3.6/site-packages/airflow/example_dags/example_xcomargs.py took 0.519 seconds
[2021-09-22 10:30:02,988] {processor.py:162} INFO - Started process (PID=503) to work on /home/airflow/.local/lib/python3.6/site-packages/airflow/example_dags/example_xcomargs.py
[2021-09-22 10:30:02,989] {processor.py:613} INFO - Processing file /home/airflow/.local/lib/python3.6/site-packages/airflow/example_dags/example_xcomargs.py for tasks to queue
[2021-09-22 10:30:02,990] {logging_mixin.py:109} INFO - [2021-09-22 10:30:02,990] {dagbag.py:496} INFO - Filling up the DagBag from /home/airflow/.local/lib/python3.6/site-packages/airflow/example_dags/example_xcomargs.py
[2021-09-22 10:30:03,009] {processor.py:623} INFO - DAG(s) dict_keys(['example_xcom_args', 'example_xcom_args_with_operators']) retrieved from /home/airflow/.local/lib/python3.6/site-packages/airflow/example_dags/example_xcomargs.py
[2021-09-22 10:30:03,200] {logging_mixin.py:109} INFO - [2021-09-22 10:30:03,200] {dag.py:1834} INFO - Sync 2 DAGs
[2021-09-22 10:30:03,212] {logging_mixin.py:109} INFO - [2021-09-22 10:30:03,211] {dag.py:2287} INFO - Setting next_dagrun for example_xcom_args to None
[2021-09-22 10:30:03,212] {logging_mixin.py:109} INFO - [2021-09-22 10:30:03,212] {dag.py:2287} INFO - Setting next_dagrun for example_xcom_args_with_operators to None
[2021-09-22 10:30:03,223] {processor.py:170} INFO - Processing /home/airflow/.local/lib/python3.6/site-packages/airflow/example_dags/example_xcomargs.py took 0.239 seconds
[2021-09-22 10:30:33,495] {processor.py:162} INFO - Started process (PID=566) to work on /home/airflow/.local/lib/python3.6/site-packages/airflow/example_dags/example_xcomargs.py
[2021-09-22 10:30:33,496] {processor.py:613} INFO - Processing file /home/airflow/.local/lib/python3.6/site-packages/airflow/example_dags/example_xcomargs.py for tasks to queue
[2021-09-22 10:30:33,497] {logging_mixin.py:109} INFO - [2021-09-22 10:30:33,497] {dagbag.py:496} INFO - Filling up the DagBag from /home/airflow/.local/lib/python3.6/site-packages/airflow/example_dags/example_xcomargs.py
[2021-09-22 10:30:33,525] {processor.py:623} INFO - DAG(s) dict_keys(['example_xcom_args', 'example_xcom_args_with_operators']) retrieved from /home/airflow/.local/lib/python3.6/site-packages/airflow/example_dags/example_xcomargs.py
[2021-09-22 10:30:33,733] {logging_mixin.py:109} INFO - [2021-09-22 10:30:33,733] {dag.py:1834} INFO - Sync 2 DAGs
[2021-09-22 10:30:33,745] {logging_mixin.py:109} INFO - [2021-09-22 10:30:33,745] {dag.py:2287} INFO - Setting next_dagrun for example_xcom_args to None
[2021-09-22 10:30:33,746] {logging_mixin.py:109} INFO - [2021-09-22 10:30:33,746] {dag.py:2287} INFO - Setting next_dagrun for example_xcom_args_with_operators to None
[2021-09-22 10:30:33,757] {processor.py:170} INFO - Processing /home/airflow/.local/lib/python3.6/site-packages/airflow/example_dags/example_xcomargs.py took 0.265 seconds
[2021-09-22 10:31:04,153] {processor.py:162} INFO - Started process (PID=619) to work on /home/airflow/.local/lib/python3.6/site-packages/airflow/example_dags/example_xcomargs.py
[2021-09-22 10:31:04,155] {processor.py:613} INFO - Processing file /home/airflow/.local/lib/python3.6/site-packages/airflow/example_dags/example_xcomargs.py for tasks to queue
[2021-09-22 10:31:04,156] {logging_mixin.py:109} INFO - [2021-09-22 10:31:04,156] {dagbag.py:496} INFO - Filling up the DagBag from /home/airflow/.local/lib/python3.6/site-packages/airflow/example_dags/example_xcomargs.py
[2021-09-22 10:31:04,187] {processor.py:623} INFO - DAG(s) dict_keys(['example_xcom_args', 'example_xcom_args_with_operators']) retrieved from /home/airflow/.local/lib/python3.6/site-packages/airflow/example_dags/example_xcomargs.py
[2021-09-22 10:31:04,423] {logging_mixin.py:109} INFO - [2021-09-22 10:31:04,423] {dag.py:1834} INFO - Sync 2 DAGs
[2021-09-22 10:31:04,437] {logging_mixin.py:109} INFO - [2021-09-22 10:31:04,437] {dag.py:2287} INFO - Setting next_dagrun for example_xcom_args to None
[2021-09-22 10:31:04,438] {logging_mixin.py:109} INFO - [2021-09-22 10:31:04,438] {dag.py:2287} INFO - Setting next_dagrun for example_xcom_args_with_operators to None
[2021-09-22 10:31:04,449] {processor.py:170} INFO - Processing /home/airflow/.local/lib/python3.6/site-packages/airflow/example_dags/example_xcomargs.py took 0.299 seconds
[2021-09-22 10:31:34,571] {processor.py:162} INFO - Started process (PID=681) to work on /home/airflow/.local/lib/python3.6/site-packages/airflow/example_dags/example_xcomargs.py
[2021-09-22 10:31:34,573] {processor.py:613} INFO - Processing file /home/airflow/.local/lib/python3.6/site-packages/airflow/example_dags/example_xcomargs.py for tasks to queue
[2021-09-22 10:31:34,573] {logging_mixin.py:109} INFO - [2021-09-22 10:31:34,573] {dagbag.py:496} INFO - Filling up the DagBag from /home/airflow/.local/lib/python3.6/site-packages/airflow/example_dags/example_xcomargs.py
[2021-09-22 10:31:34,598] {processor.py:623} INFO - DAG(s) dict_keys(['example_xcom_args', 'example_xcom_args_with_operators']) retrieved from /home/airflow/.local/lib/python3.6/site-packages/airflow/example_dags/example_xcomargs.py
[2021-09-22 10:31:34,874] {logging_mixin.py:109} INFO - [2021-09-22 10:31:34,874] {dag.py:1834} INFO - Sync 2 DAGs
[2021-09-22 10:31:34,894] {logging_mixin.py:109} INFO - [2021-09-22 10:31:34,894] {dag.py:2287} INFO - Setting next_dagrun for example_xcom_args to None
[2021-09-22 10:31:34,895] {logging_mixin.py:109} INFO - [2021-09-22 10:31:34,895] {dag.py:2287} INFO - Setting next_dagrun for example_xcom_args_with_operators to None
[2021-09-22 10:31:34,912] {processor.py:170} INFO - Processing /home/airflow/.local/lib/python3.6/site-packages/airflow/example_dags/example_xcomargs.py took 0.344 seconds
[2021-09-22 10:32:05,083] {processor.py:162} INFO - Started process (PID=733) to work on /home/airflow/.local/lib/python3.6/site-packages/airflow/example_dags/example_xcomargs.py
[2021-09-22 10:32:05,085] {processor.py:613} INFO - Processing file /home/airflow/.local/lib/python3.6/site-packages/airflow/example_dags/example_xcomargs.py for tasks to queue
[2021-09-22 10:32:05,086] {logging_mixin.py:109} INFO - [2021-09-22 10:32:05,086] {dagbag.py:496} INFO - Filling up the DagBag from /home/airflow/.local/lib/python3.6/site-packages/airflow/example_dags/example_xcomargs.py
[2021-09-22 10:32:05,106] {processor.py:623} INFO - DAG(s) dict_keys(['example_xcom_args', 'example_xcom_args_with_operators']) retrieved from /home/airflow/.local/lib/python3.6/site-packages/airflow/example_dags/example_xcomargs.py
[2021-09-22 10:32:05,296] {logging_mixin.py:109} INFO - [2021-09-22 10:32:05,296] {dag.py:1834} INFO - Sync 2 DAGs
[2021-09-22 10:32:05,308] {logging_mixin.py:109} INFO - [2021-09-22 10:32:05,308] {dag.py:2287} INFO - Setting next_dagrun for example_xcom_args to None
[2021-09-22 10:32:05,309] {logging_mixin.py:109} INFO - [2021-09-22 10:32:05,309] {dag.py:2287} INFO - Setting next_dagrun for example_xcom_args_with_operators to None
[2021-09-22 10:32:05,321] {processor.py:170} INFO - Processing /home/airflow/.local/lib/python3.6/site-packages/airflow/example_dags/example_xcomargs.py took 0.241 seconds
[2021-09-22 10:32:36,089] {processor.py:162} INFO - Started process (PID=795) to work on /home/airflow/.local/lib/python3.6/site-packages/airflow/example_dags/example_xcomargs.py
[2021-09-22 10:32:36,090] {processor.py:613} INFO - Processing file /home/airflow/.local/lib/python3.6/site-packages/airflow/example_dags/example_xcomargs.py for tasks to queue
[2021-09-22 10:32:36,091] {logging_mixin.py:109} INFO - [2021-09-22 10:32:36,091] {dagbag.py:496} INFO - Filling up the DagBag from /home/airflow/.local/lib/python3.6/site-packages/airflow/example_dags/example_xcomargs.py
[2021-09-22 10:32:36,110] {processor.py:623} INFO - DAG(s) dict_keys(['example_xcom_args', 'example_xcom_args_with_operators']) retrieved from /home/airflow/.local/lib/python3.6/site-packages/airflow/example_dags/example_xcomargs.py
[2021-09-22 10:32:36,288] {logging_mixin.py:109} INFO - [2021-09-22 10:32:36,288] {dag.py:1834} INFO - Sync 2 DAGs
[2021-09-22 10:32:36,300] {logging_mixin.py:109} INFO - [2021-09-22 10:32:36,300] {dag.py:2287} INFO - Setting next_dagrun for example_xcom_args to None
[2021-09-22 10:32:36,301] {logging_mixin.py:109} INFO - [2021-09-22 10:32:36,301] {dag.py:2287} INFO - Setting next_dagrun for example_xcom_args_with_operators to None
[2021-09-22 10:32:36,313] {processor.py:170} INFO - Processing /home/airflow/.local/lib/python3.6/site-packages/airflow/example_dags/example_xcomargs.py took 0.227 seconds
[2021-09-22 10:33:06,340] {processor.py:162} INFO - Started process (PID=846) to work on /home/airflow/.local/lib/python3.6/site-packages/airflow/example_dags/example_xcomargs.py
[2021-09-22 10:33:06,341] {processor.py:613} INFO - Processing file /home/airflow/.local/lib/python3.6/site-packages/airflow/example_dags/example_xcomargs.py for tasks to queue
[2021-09-22 10:33:06,342] {logging_mixin.py:109} INFO - [2021-09-22 10:33:06,342] {dagbag.py:496} INFO - Filling up the DagBag from /home/airflow/.local/lib/python3.6/site-packages/airflow/example_dags/example_xcomargs.py
[2021-09-22 10:33:06,371] {processor.py:623} INFO - DAG(s) dict_keys(['example_xcom_args', 'example_xcom_args_with_operators']) retrieved from /home/airflow/.local/lib/python3.6/site-packages/airflow/example_dags/example_xcomargs.py
[2021-09-22 10:33:06,639] {logging_mixin.py:109} INFO - [2021-09-22 10:33:06,639] {dag.py:1834} INFO - Sync 2 DAGs
[2021-09-22 10:33:06,657] {logging_mixin.py:109} INFO - [2021-09-22 10:33:06,657] {dag.py:2287} INFO - Setting next_dagrun for example_xcom_args to None
[2021-09-22 10:33:06,658] {logging_mixin.py:109} INFO - [2021-09-22 10:33:06,657] {dag.py:2287} INFO - Setting next_dagrun for example_xcom_args_with_operators to None
[2021-09-22 10:33:06,676] {processor.py:170} INFO - Processing /home/airflow/.local/lib/python3.6/site-packages/airflow/example_dags/example_xcomargs.py took 0.340 seconds
[2021-09-22 10:33:37,394] {processor.py:162} INFO - Started process (PID=908) to work on /home/airflow/.local/lib/python3.6/site-packages/airflow/example_dags/example_xcomargs.py
[2021-09-22 10:33:37,395] {processor.py:613} INFO - Processing file /home/airflow/.local/lib/python3.6/site-packages/airflow/example_dags/example_xcomargs.py for tasks to queue
[2021-09-22 10:33:37,396] {logging_mixin.py:109} INFO - [2021-09-22 10:33:37,396] {dagbag.py:496} INFO - Filling up the DagBag from /home/airflow/.local/lib/python3.6/site-packages/airflow/example_dags/example_xcomargs.py
[2021-09-22 10:33:37,418] {processor.py:623} INFO - DAG(s) dict_keys(['example_xcom_args', 'example_xcom_args_with_operators']) retrieved from /home/airflow/.local/lib/python3.6/site-packages/airflow/example_dags/example_xcomargs.py
[2021-09-22 10:33:37,447] {logging_mixin.py:109} INFO - [2021-09-22 10:33:37,447] {dag.py:1834} INFO - Sync 2 DAGs
[2021-09-22 10:33:37,462] {logging_mixin.py:109} INFO - [2021-09-22 10:33:37,461] {dag.py:2287} INFO - Setting next_dagrun for example_xcom_args to None
[2021-09-22 10:33:37,463] {logging_mixin.py:109} INFO - [2021-09-22 10:33:37,463] {dag.py:2287} INFO - Setting next_dagrun for example_xcom_args_with_operators to None
[2021-09-22 10:33:37,473] {processor.py:170} INFO - Processing /home/airflow/.local/lib/python3.6/site-packages/airflow/example_dags/example_xcomargs.py took 0.083 seconds
[2021-09-22 10:34:08,030] {processor.py:162} INFO - Started process (PID=959) to work on /home/airflow/.local/lib/python3.6/site-packages/airflow/example_dags/example_xcomargs.py
[2021-09-22 10:34:08,031] {processor.py:613} INFO - Processing file /home/airflow/.local/lib/python3.6/site-packages/airflow/example_dags/example_xcomargs.py for tasks to queue
[2021-09-22 10:34:08,031] {logging_mixin.py:109} INFO - [2021-09-22 10:34:08,031] {dagbag.py:496} INFO - Filling up the DagBag from /home/airflow/.local/lib/python3.6/site-packages/airflow/example_dags/example_xcomargs.py
[2021-09-22 10:34:08,050] {processor.py:623} INFO - DAG(s) dict_keys(['example_xcom_args', 'example_xcom_args_with_operators']) retrieved from /home/airflow/.local/lib/python3.6/site-packages/airflow/example_dags/example_xcomargs.py
[2021-09-22 10:34:08,278] {logging_mixin.py:109} INFO - [2021-09-22 10:34:08,278] {dag.py:1834} INFO - Sync 2 DAGs
[2021-09-22 10:34:08,290] {logging_mixin.py:109} INFO - [2021-09-22 10:34:08,290] {dag.py:2287} INFO - Setting next_dagrun for example_xcom_args to None
[2021-09-22 10:34:08,291] {logging_mixin.py:109} INFO - [2021-09-22 10:34:08,291] {dag.py:2287} INFO - Setting next_dagrun for example_xcom_args_with_operators to None
[2021-09-22 10:34:08,303] {processor.py:170} INFO - Processing /home/airflow/.local/lib/python3.6/site-packages/airflow/example_dags/example_xcomargs.py took 0.276 seconds
[2021-09-22 10:34:38,796] {processor.py:162} INFO - Started process (PID=1019) to work on /home/airflow/.local/lib/python3.6/site-packages/airflow/example_dags/example_xcomargs.py
[2021-09-22 10:34:38,802] {processor.py:613} INFO - Processing file /home/airflow/.local/lib/python3.6/site-packages/airflow/example_dags/example_xcomargs.py for tasks to queue
[2021-09-22 10:34:38,806] {logging_mixin.py:109} INFO - [2021-09-22 10:34:38,802] {dagbag.py:496} INFO - Filling up the DagBag from /home/airflow/.local/lib/python3.6/site-packages/airflow/example_dags/example_xcomargs.py
[2021-09-22 10:34:38,893] {processor.py:623} INFO - DAG(s) dict_keys(['example_xcom_args', 'example_xcom_args_with_operators']) retrieved from /home/airflow/.local/lib/python3.6/site-packages/airflow/example_dags/example_xcomargs.py
[2021-09-22 10:34:39,385] {logging_mixin.py:109} INFO - [2021-09-22 10:34:39,385] {dag.py:1834} INFO - Sync 2 DAGs
[2021-09-22 10:34:39,426] {logging_mixin.py:109} INFO - [2021-09-22 10:34:39,426] {dag.py:2287} INFO - Setting next_dagrun for example_xcom_args to None
[2021-09-22 10:34:39,427] {logging_mixin.py:109} INFO - [2021-09-22 10:34:39,427] {dag.py:2287} INFO - Setting next_dagrun for example_xcom_args_with_operators to None
[2021-09-22 10:34:39,452] {processor.py:170} INFO - Processing /home/airflow/.local/lib/python3.6/site-packages/airflow/example_dags/example_xcomargs.py took 0.668 seconds
[2021-09-22 10:35:09,545] {processor.py:162} INFO - Started process (PID=1070) to work on /home/airflow/.local/lib/python3.6/site-packages/airflow/example_dags/example_xcomargs.py
[2021-09-22 10:35:09,547] {processor.py:613} INFO - Processing file /home/airflow/.local/lib/python3.6/site-packages/airflow/example_dags/example_xcomargs.py for tasks to queue
[2021-09-22 10:35:09,552] {logging_mixin.py:109} INFO - [2021-09-22 10:35:09,552] {dagbag.py:496} INFO - Filling up the DagBag from /home/airflow/.local/lib/python3.6/site-packages/airflow/example_dags/example_xcomargs.py
[2021-09-22 10:35:09,591] {processor.py:623} INFO - DAG(s) dict_keys(['example_xcom_args', 'example_xcom_args_with_operators']) retrieved from /home/airflow/.local/lib/python3.6/site-packages/airflow/example_dags/example_xcomargs.py
[2021-09-22 10:35:10,034] {logging_mixin.py:109} INFO - [2021-09-22 10:35:10,033] {dag.py:1834} INFO - Sync 2 DAGs
[2021-09-22 10:35:10,070] {logging_mixin.py:109} INFO - [2021-09-22 10:35:10,070] {dag.py:2287} INFO - Setting next_dagrun for example_xcom_args to None
[2021-09-22 10:35:10,072] {logging_mixin.py:109} INFO - [2021-09-22 10:35:10,072] {dag.py:2287} INFO - Setting next_dagrun for example_xcom_args_with_operators to None
[2021-09-22 10:35:10,116] {processor.py:170} INFO - Processing /home/airflow/.local/lib/python3.6/site-packages/airflow/example_dags/example_xcomargs.py took 0.576 seconds
[2021-09-22 10:35:40,188] {processor.py:162} INFO - Started process (PID=1122) to work on /home/airflow/.local/lib/python3.6/site-packages/airflow/example_dags/example_xcomargs.py
[2021-09-22 10:35:40,190] {processor.py:613} INFO - Processing file /home/airflow/.local/lib/python3.6/site-packages/airflow/example_dags/example_xcomargs.py for tasks to queue
[2021-09-22 10:35:40,190] {logging_mixin.py:109} INFO - [2021-09-22 10:35:40,190] {dagbag.py:496} INFO - Filling up the DagBag from /home/airflow/.local/lib/python3.6/site-packages/airflow/example_dags/example_xcomargs.py
[2021-09-22 10:35:40,252] {processor.py:623} INFO - DAG(s) dict_keys(['example_xcom_args', 'example_xcom_args_with_operators']) retrieved from /home/airflow/.local/lib/python3.6/site-packages/airflow/example_dags/example_xcomargs.py
[2021-09-22 10:35:40,689] {logging_mixin.py:109} INFO - [2021-09-22 10:35:40,689] {dag.py:1834} INFO - Sync 2 DAGs
[2021-09-22 10:35:40,704] {logging_mixin.py:109} INFO - [2021-09-22 10:35:40,704] {dag.py:2287} INFO - Setting next_dagrun for example_xcom_args to None
[2021-09-22 10:35:40,705] {logging_mixin.py:109} INFO - [2021-09-22 10:35:40,705] {dag.py:2287} INFO - Setting next_dagrun for example_xcom_args_with_operators to None
[2021-09-22 10:35:40,716] {processor.py:170} INFO - Processing /home/airflow/.local/lib/python3.6/site-packages/airflow/example_dags/example_xcomargs.py took 0.532 seconds
[2021-09-22 10:36:11,550] {processor.py:162} INFO - Started process (PID=1183) to work on /home/airflow/.local/lib/python3.6/site-packages/airflow/example_dags/example_xcomargs.py
[2021-09-22 10:36:11,556] {processor.py:613} INFO - Processing file /home/airflow/.local/lib/python3.6/site-packages/airflow/example_dags/example_xcomargs.py for tasks to queue
[2021-09-22 10:36:11,561] {logging_mixin.py:109} INFO - [2021-09-22 10:36:11,557] {dagbag.py:496} INFO - Filling up the DagBag from /home/airflow/.local/lib/python3.6/site-packages/airflow/example_dags/example_xcomargs.py
[2021-09-22 10:36:11,616] {processor.py:623} INFO - DAG(s) dict_keys(['example_xcom_args', 'example_xcom_args_with_operators']) retrieved from /home/airflow/.local/lib/python3.6/site-packages/airflow/example_dags/example_xcomargs.py
[2021-09-22 10:36:12,296] {logging_mixin.py:109} INFO - [2021-09-22 10:36:12,296] {dag.py:1834} INFO - Sync 2 DAGs
[2021-09-22 10:36:12,337] {logging_mixin.py:109} INFO - [2021-09-22 10:36:12,337] {dag.py:2287} INFO - Setting next_dagrun for example_xcom_args to None
[2021-09-22 10:36:12,343] {logging_mixin.py:109} INFO - [2021-09-22 10:36:12,338] {dag.py:2287} INFO - Setting next_dagrun for example_xcom_args_with_operators to None
[2021-09-22 10:36:12,382] {processor.py:170} INFO - Processing /home/airflow/.local/lib/python3.6/site-packages/airflow/example_dags/example_xcomargs.py took 0.837 seconds
[2021-09-22 10:36:43,358] {processor.py:162} INFO - Started process (PID=1234) to work on /home/airflow/.local/lib/python3.6/site-packages/airflow/example_dags/example_xcomargs.py
[2021-09-22 10:36:43,362] {processor.py:613} INFO - Processing file /home/airflow/.local/lib/python3.6/site-packages/airflow/example_dags/example_xcomargs.py for tasks to queue
[2021-09-22 10:36:43,363] {logging_mixin.py:109} INFO - [2021-09-22 10:36:43,362] {dagbag.py:496} INFO - Filling up the DagBag from /home/airflow/.local/lib/python3.6/site-packages/airflow/example_dags/example_xcomargs.py
[2021-09-22 10:36:43,439] {processor.py:623} INFO - DAG(s) dict_keys(['example_xcom_args', 'example_xcom_args_with_operators']) retrieved from /home/airflow/.local/lib/python3.6/site-packages/airflow/example_dags/example_xcomargs.py
[2021-09-22 10:36:44,394] {logging_mixin.py:109} INFO - [2021-09-22 10:36:44,394] {dag.py:1834} INFO - Sync 2 DAGs
[2021-09-22 10:36:44,437] {logging_mixin.py:109} INFO - [2021-09-22 10:36:44,436] {dag.py:2287} INFO - Setting next_dagrun for example_xcom_args to None
[2021-09-22 10:36:44,443] {logging_mixin.py:109} INFO - [2021-09-22 10:36:44,443] {dag.py:2287} INFO - Setting next_dagrun for example_xcom_args_with_operators to None
[2021-09-22 10:36:44,480] {processor.py:170} INFO - Processing /home/airflow/.local/lib/python3.6/site-packages/airflow/example_dags/example_xcomargs.py took 1.154 seconds
[2021-09-22 10:38:19,654] {processor.py:162} INFO - Started process (PID=79) to work on /home/airflow/.local/lib/python3.6/site-packages/airflow/example_dags/example_xcomargs.py
[2021-09-22 10:38:19,657] {processor.py:613} INFO - Processing file /home/airflow/.local/lib/python3.6/site-packages/airflow/example_dags/example_xcomargs.py for tasks to queue
[2021-09-22 10:38:19,658] {logging_mixin.py:109} INFO - [2021-09-22 10:38:19,658] {dagbag.py:496} INFO - Filling up the DagBag from /home/airflow/.local/lib/python3.6/site-packages/airflow/example_dags/example_xcomargs.py
[2021-09-22 10:38:19,727] {processor.py:623} INFO - DAG(s) dict_keys(['example_xcom_args', 'example_xcom_args_with_operators']) retrieved from /home/airflow/.local/lib/python3.6/site-packages/airflow/example_dags/example_xcomargs.py
[2021-09-22 10:38:20,978] {logging_mixin.py:109} INFO - [2021-09-22 10:38:20,978] {dag.py:1834} INFO - Sync 2 DAGs
[2021-09-22 10:38:21,112] {logging_mixin.py:109} INFO - [2021-09-22 10:38:21,112] {dag.py:2287} INFO - Setting next_dagrun for example_xcom_args to None
[2021-09-22 10:38:21,113] {logging_mixin.py:109} INFO - [2021-09-22 10:38:21,113] {dag.py:2287} INFO - Setting next_dagrun for example_xcom_args_with_operators to None
[2021-09-22 10:38:21,191] {processor.py:170} INFO - Processing /home/airflow/.local/lib/python3.6/site-packages/airflow/example_dags/example_xcomargs.py took 1.545 seconds
[2021-09-22 10:38:51,875] {processor.py:162} INFO - Started process (PID=131) to work on /home/airflow/.local/lib/python3.6/site-packages/airflow/example_dags/example_xcomargs.py
[2021-09-22 10:38:51,877] {processor.py:613} INFO - Processing file /home/airflow/.local/lib/python3.6/site-packages/airflow/example_dags/example_xcomargs.py for tasks to queue
[2021-09-22 10:38:51,878] {logging_mixin.py:109} INFO - [2021-09-22 10:38:51,877] {dagbag.py:496} INFO - Filling up the DagBag from /home/airflow/.local/lib/python3.6/site-packages/airflow/example_dags/example_xcomargs.py
[2021-09-22 10:38:51,909] {processor.py:623} INFO - DAG(s) dict_keys(['example_xcom_args', 'example_xcom_args_with_operators']) retrieved from /home/airflow/.local/lib/python3.6/site-packages/airflow/example_dags/example_xcomargs.py
[2021-09-22 10:38:52,209] {logging_mixin.py:109} INFO - [2021-09-22 10:38:52,209] {dag.py:1834} INFO - Sync 2 DAGs
[2021-09-22 10:38:52,221] {logging_mixin.py:109} INFO - [2021-09-22 10:38:52,221] {dag.py:2287} INFO - Setting next_dagrun for example_xcom_args to None
[2021-09-22 10:38:52,222] {logging_mixin.py:109} INFO - [2021-09-22 10:38:52,222] {dag.py:2287} INFO - Setting next_dagrun for example_xcom_args_with_operators to None
[2021-09-22 10:38:52,233] {processor.py:170} INFO - Processing /home/airflow/.local/lib/python3.6/site-packages/airflow/example_dags/example_xcomargs.py took 0.361 seconds
[2021-09-22 10:41:40,470] {processor.py:162} INFO - Started process (PID=67) to work on /home/airflow/.local/lib/python3.6/site-packages/airflow/example_dags/example_xcomargs.py
[2021-09-22 10:41:40,476] {processor.py:613} INFO - Processing file /home/airflow/.local/lib/python3.6/site-packages/airflow/example_dags/example_xcomargs.py for tasks to queue
[2021-09-22 10:41:40,477] {logging_mixin.py:109} INFO - [2021-09-22 10:41:40,477] {dagbag.py:496} INFO - Filling up the DagBag from /home/airflow/.local/lib/python3.6/site-packages/airflow/example_dags/example_xcomargs.py
[2021-09-22 10:41:40,542] {processor.py:623} INFO - DAG(s) dict_keys(['example_xcom_args', 'example_xcom_args_with_operators']) retrieved from /home/airflow/.local/lib/python3.6/site-packages/airflow/example_dags/example_xcomargs.py
[2021-09-22 10:41:41,130] {logging_mixin.py:109} INFO - [2021-09-22 10:41:41,130] {dag.py:1834} INFO - Sync 2 DAGs
[2021-09-22 10:41:41,156] {logging_mixin.py:109} INFO - [2021-09-22 10:41:41,156] {dag.py:2287} INFO - Setting next_dagrun for example_xcom_args to None
[2021-09-22 10:41:41,159] {logging_mixin.py:109} INFO - [2021-09-22 10:41:41,157] {dag.py:2287} INFO - Setting next_dagrun for example_xcom_args_with_operators to None
[2021-09-22 10:41:41,186] {processor.py:170} INFO - Processing /home/airflow/.local/lib/python3.6/site-packages/airflow/example_dags/example_xcomargs.py took 0.725 seconds
[2021-09-22 10:42:11,522] {processor.py:162} INFO - Started process (PID=118) to work on /home/airflow/.local/lib/python3.6/site-packages/airflow/example_dags/example_xcomargs.py
[2021-09-22 10:42:11,527] {processor.py:613} INFO - Processing file /home/airflow/.local/lib/python3.6/site-packages/airflow/example_dags/example_xcomargs.py for tasks to queue
[2021-09-22 10:42:11,528] {logging_mixin.py:109} INFO - [2021-09-22 10:42:11,528] {dagbag.py:496} INFO - Filling up the DagBag from /home/airflow/.local/lib/python3.6/site-packages/airflow/example_dags/example_xcomargs.py
[2021-09-22 10:42:11,566] {processor.py:623} INFO - DAG(s) dict_keys(['example_xcom_args', 'example_xcom_args_with_operators']) retrieved from /home/airflow/.local/lib/python3.6/site-packages/airflow/example_dags/example_xcomargs.py
[2021-09-22 10:42:12,197] {logging_mixin.py:109} INFO - [2021-09-22 10:42:12,197] {dag.py:1834} INFO - Sync 2 DAGs
[2021-09-22 10:42:12,221] {logging_mixin.py:109} INFO - [2021-09-22 10:42:12,221] {dag.py:2287} INFO - Setting next_dagrun for example_xcom_args to None
[2021-09-22 10:42:12,222] {logging_mixin.py:109} INFO - [2021-09-22 10:42:12,222] {dag.py:2287} INFO - Setting next_dagrun for example_xcom_args_with_operators to None
[2021-09-22 10:42:12,250] {processor.py:170} INFO - Processing /home/airflow/.local/lib/python3.6/site-packages/airflow/example_dags/example_xcomargs.py took 0.732 seconds
[2021-09-22 10:42:42,307] {processor.py:162} INFO - Started process (PID=182) to work on /home/airflow/.local/lib/python3.6/site-packages/airflow/example_dags/example_xcomargs.py
[2021-09-22 10:42:42,311] {processor.py:613} INFO - Processing file /home/airflow/.local/lib/python3.6/site-packages/airflow/example_dags/example_xcomargs.py for tasks to queue
[2021-09-22 10:42:42,312] {logging_mixin.py:109} INFO - [2021-09-22 10:42:42,312] {dagbag.py:496} INFO - Filling up the DagBag from /home/airflow/.local/lib/python3.6/site-packages/airflow/example_dags/example_xcomargs.py
[2021-09-22 10:42:42,372] {processor.py:623} INFO - DAG(s) dict_keys(['example_xcom_args', 'example_xcom_args_with_operators']) retrieved from /home/airflow/.local/lib/python3.6/site-packages/airflow/example_dags/example_xcomargs.py
[2021-09-22 10:42:42,903] {logging_mixin.py:109} INFO - [2021-09-22 10:42:42,903] {dag.py:1834} INFO - Sync 2 DAGs
[2021-09-22 10:42:42,923] {logging_mixin.py:109} INFO - [2021-09-22 10:42:42,923] {dag.py:2287} INFO - Setting next_dagrun for example_xcom_args to None
[2021-09-22 10:42:42,924] {logging_mixin.py:109} INFO - [2021-09-22 10:42:42,924] {dag.py:2287} INFO - Setting next_dagrun for example_xcom_args_with_operators to None
[2021-09-22 10:42:42,942] {processor.py:170} INFO - Processing /home/airflow/.local/lib/python3.6/site-packages/airflow/example_dags/example_xcomargs.py took 0.641 seconds
[2021-09-22 10:43:13,326] {processor.py:162} INFO - Started process (PID=240) to work on /home/airflow/.local/lib/python3.6/site-packages/airflow/example_dags/example_xcomargs.py
[2021-09-22 10:43:13,332] {processor.py:613} INFO - Processing file /home/airflow/.local/lib/python3.6/site-packages/airflow/example_dags/example_xcomargs.py for tasks to queue
[2021-09-22 10:43:13,335] {logging_mixin.py:109} INFO - [2021-09-22 10:43:13,335] {dagbag.py:496} INFO - Filling up the DagBag from /home/airflow/.local/lib/python3.6/site-packages/airflow/example_dags/example_xcomargs.py
[2021-09-22 10:43:13,389] {processor.py:623} INFO - DAG(s) dict_keys(['example_xcom_args', 'example_xcom_args_with_operators']) retrieved from /home/airflow/.local/lib/python3.6/site-packages/airflow/example_dags/example_xcomargs.py
[2021-09-22 10:43:13,760] {logging_mixin.py:109} INFO - [2021-09-22 10:43:13,759] {dag.py:1834} INFO - Sync 2 DAGs
[2021-09-22 10:43:13,775] {logging_mixin.py:109} INFO - [2021-09-22 10:43:13,775] {dag.py:2287} INFO - Setting next_dagrun for example_xcom_args to None
[2021-09-22 10:43:13,776] {logging_mixin.py:109} INFO - [2021-09-22 10:43:13,776] {dag.py:2287} INFO - Setting next_dagrun for example_xcom_args_with_operators to None
[2021-09-22 10:43:13,812] {processor.py:170} INFO - Processing /home/airflow/.local/lib/python3.6/site-packages/airflow/example_dags/example_xcomargs.py took 0.494 seconds
[2021-09-22 10:43:44,300] {processor.py:162} INFO - Started process (PID=294) to work on /home/airflow/.local/lib/python3.6/site-packages/airflow/example_dags/example_xcomargs.py
[2021-09-22 10:43:44,302] {processor.py:613} INFO - Processing file /home/airflow/.local/lib/python3.6/site-packages/airflow/example_dags/example_xcomargs.py for tasks to queue
[2021-09-22 10:43:44,303] {logging_mixin.py:109} INFO - [2021-09-22 10:43:44,303] {dagbag.py:496} INFO - Filling up the DagBag from /home/airflow/.local/lib/python3.6/site-packages/airflow/example_dags/example_xcomargs.py
[2021-09-22 10:43:44,335] {processor.py:623} INFO - DAG(s) dict_keys(['example_xcom_args', 'example_xcom_args_with_operators']) retrieved from /home/airflow/.local/lib/python3.6/site-packages/airflow/example_dags/example_xcomargs.py
[2021-09-22 10:43:44,382] {logging_mixin.py:109} INFO - [2021-09-22 10:43:44,382] {dag.py:1834} INFO - Sync 2 DAGs
[2021-09-22 10:43:44,403] {logging_mixin.py:109} INFO - [2021-09-22 10:43:44,402] {dag.py:2287} INFO - Setting next_dagrun for example_xcom_args to None
[2021-09-22 10:43:44,404] {logging_mixin.py:109} INFO - [2021-09-22 10:43:44,404] {dag.py:2287} INFO - Setting next_dagrun for example_xcom_args_with_operators to None
[2021-09-22 10:43:44,419] {processor.py:170} INFO - Processing /home/airflow/.local/lib/python3.6/site-packages/airflow/example_dags/example_xcomargs.py took 0.125 seconds
[2021-09-22 10:44:14,536] {processor.py:162} INFO - Started process (PID=354) to work on /home/airflow/.local/lib/python3.6/site-packages/airflow/example_dags/example_xcomargs.py
[2021-09-22 10:44:14,545] {processor.py:613} INFO - Processing file /home/airflow/.local/lib/python3.6/site-packages/airflow/example_dags/example_xcomargs.py for tasks to queue
[2021-09-22 10:44:14,553] {logging_mixin.py:109} INFO - [2021-09-22 10:44:14,552] {dagbag.py:496} INFO - Filling up the DagBag from /home/airflow/.local/lib/python3.6/site-packages/airflow/example_dags/example_xcomargs.py
[2021-09-22 10:44:17,370] {logging_mixin.py:109} INFO - [2021-09-22 10:44:17,370] {process_utils.py:207} INFO - Waiting up to 5 seconds for processes to exit...
