[2021-09-22 10:25:59,409] {processor.py:162} INFO - Started process (PID=78) to work on /home/airflow/.local/lib/python3.6/site-packages/airflow/example_dags/example_branch_python_dop_operator_3.py
[2021-09-22 10:25:59,413] {processor.py:613} INFO - Processing file /home/airflow/.local/lib/python3.6/site-packages/airflow/example_dags/example_branch_python_dop_operator_3.py for tasks to queue
[2021-09-22 10:25:59,414] {logging_mixin.py:109} INFO - [2021-09-22 10:25:59,414] {dagbag.py:496} INFO - Filling up the DagBag from /home/airflow/.local/lib/python3.6/site-packages/airflow/example_dags/example_branch_python_dop_operator_3.py
[2021-09-22 10:25:59,462] {processor.py:623} INFO - DAG(s) dict_keys(['example_branch_dop_operator_v3']) retrieved from /home/airflow/.local/lib/python3.6/site-packages/airflow/example_dags/example_branch_python_dop_operator_3.py
[2021-09-22 10:26:09,859] {logging_mixin.py:109} INFO - [2021-09-22 10:26:09,857] {dag.py:1834} INFO - Sync 1 DAGs
[2021-09-22 10:26:09,873] {logging_mixin.py:109} INFO - [2021-09-22 10:26:09,872] {dag.py:1853} INFO - Creating ORM DAG for example_branch_dop_operator_v3
[2021-09-22 10:26:09,889] {logging_mixin.py:109} INFO - [2021-09-22 10:26:09,889] {dag.py:2287} INFO - Setting next_dagrun for example_branch_dop_operator_v3 to 2021-09-20 00:00:00+00:00
[2021-09-22 10:26:09,909] {processor.py:170} INFO - Processing /home/airflow/.local/lib/python3.6/site-packages/airflow/example_dags/example_branch_python_dop_operator_3.py took 10.507 seconds
[2021-09-22 10:27:21,184] {processor.py:162} INFO - Started process (PID=210) to work on /home/airflow/.local/lib/python3.6/site-packages/airflow/example_dags/example_branch_python_dop_operator_3.py
[2021-09-22 10:27:21,196] {processor.py:613} INFO - Processing file /home/airflow/.local/lib/python3.6/site-packages/airflow/example_dags/example_branch_python_dop_operator_3.py for tasks to queue
[2021-09-22 10:27:21,197] {logging_mixin.py:109} INFO - [2021-09-22 10:27:21,197] {dagbag.py:496} INFO - Filling up the DagBag from /home/airflow/.local/lib/python3.6/site-packages/airflow/example_dags/example_branch_python_dop_operator_3.py
[2021-09-22 10:27:21,266] {processor.py:623} INFO - DAG(s) dict_keys(['example_branch_dop_operator_v3']) retrieved from /home/airflow/.local/lib/python3.6/site-packages/airflow/example_dags/example_branch_python_dop_operator_3.py
[2021-09-22 10:27:21,325] {logging_mixin.py:109} INFO - [2021-09-22 10:27:21,325] {dag.py:1834} INFO - Sync 1 DAGs
[2021-09-22 10:27:21,444] {logging_mixin.py:109} INFO - [2021-09-22 10:27:21,444] {dag.py:2287} INFO - Setting next_dagrun for example_branch_dop_operator_v3 to 2021-09-20 00:00:00+00:00
[2021-09-22 10:27:21,491] {processor.py:170} INFO - Processing /home/airflow/.local/lib/python3.6/site-packages/airflow/example_dags/example_branch_python_dop_operator_3.py took 0.334 seconds
[2021-09-22 10:27:52,138] {processor.py:162} INFO - Started process (PID=267) to work on /home/airflow/.local/lib/python3.6/site-packages/airflow/example_dags/example_branch_python_dop_operator_3.py
[2021-09-22 10:27:52,140] {processor.py:613} INFO - Processing file /home/airflow/.local/lib/python3.6/site-packages/airflow/example_dags/example_branch_python_dop_operator_3.py for tasks to queue
[2021-09-22 10:27:52,151] {logging_mixin.py:109} INFO - [2021-09-22 10:27:52,151] {dagbag.py:496} INFO - Filling up the DagBag from /home/airflow/.local/lib/python3.6/site-packages/airflow/example_dags/example_branch_python_dop_operator_3.py
[2021-09-22 10:27:52,202] {processor.py:623} INFO - DAG(s) dict_keys(['example_branch_dop_operator_v3']) retrieved from /home/airflow/.local/lib/python3.6/site-packages/airflow/example_dags/example_branch_python_dop_operator_3.py
[2021-09-22 10:27:52,339] {logging_mixin.py:109} INFO - [2021-09-22 10:27:52,339] {dag.py:1834} INFO - Sync 1 DAGs
[2021-09-22 10:27:52,507] {logging_mixin.py:109} INFO - [2021-09-22 10:27:52,506] {dag.py:2287} INFO - Setting next_dagrun for example_branch_dop_operator_v3 to 2021-09-20 00:00:00+00:00
[2021-09-22 10:27:52,560] {processor.py:170} INFO - Processing /home/airflow/.local/lib/python3.6/site-packages/airflow/example_dags/example_branch_python_dop_operator_3.py took 0.438 seconds
[2021-09-22 10:28:22,724] {processor.py:162} INFO - Started process (PID=321) to work on /home/airflow/.local/lib/python3.6/site-packages/airflow/example_dags/example_branch_python_dop_operator_3.py
[2021-09-22 10:28:22,725] {processor.py:613} INFO - Processing file /home/airflow/.local/lib/python3.6/site-packages/airflow/example_dags/example_branch_python_dop_operator_3.py for tasks to queue
[2021-09-22 10:28:22,726] {logging_mixin.py:109} INFO - [2021-09-22 10:28:22,726] {dagbag.py:496} INFO - Filling up the DagBag from /home/airflow/.local/lib/python3.6/site-packages/airflow/example_dags/example_branch_python_dop_operator_3.py
[2021-09-22 10:28:22,744] {processor.py:623} INFO - DAG(s) dict_keys(['example_branch_dop_operator_v3']) retrieved from /home/airflow/.local/lib/python3.6/site-packages/airflow/example_dags/example_branch_python_dop_operator_3.py
[2021-09-22 10:28:22,771] {logging_mixin.py:109} INFO - [2021-09-22 10:28:22,771] {dag.py:1834} INFO - Sync 1 DAGs
[2021-09-22 10:28:22,801] {logging_mixin.py:109} INFO - [2021-09-22 10:28:22,801] {dag.py:2287} INFO - Setting next_dagrun for example_branch_dop_operator_v3 to 2021-09-20 00:00:00+00:00
[2021-09-22 10:28:22,813] {processor.py:170} INFO - Processing /home/airflow/.local/lib/python3.6/site-packages/airflow/example_dags/example_branch_python_dop_operator_3.py took 0.094 seconds
[2021-09-22 10:28:53,142] {processor.py:162} INFO - Started process (PID=372) to work on /home/airflow/.local/lib/python3.6/site-packages/airflow/example_dags/example_branch_python_dop_operator_3.py
[2021-09-22 10:28:53,143] {processor.py:613} INFO - Processing file /home/airflow/.local/lib/python3.6/site-packages/airflow/example_dags/example_branch_python_dop_operator_3.py for tasks to queue
[2021-09-22 10:28:53,144] {logging_mixin.py:109} INFO - [2021-09-22 10:28:53,144] {dagbag.py:496} INFO - Filling up the DagBag from /home/airflow/.local/lib/python3.6/site-packages/airflow/example_dags/example_branch_python_dop_operator_3.py
[2021-09-22 10:28:53,171] {processor.py:623} INFO - DAG(s) dict_keys(['example_branch_dop_operator_v3']) retrieved from /home/airflow/.local/lib/python3.6/site-packages/airflow/example_dags/example_branch_python_dop_operator_3.py
[2021-09-22 10:28:53,205] {logging_mixin.py:109} INFO - [2021-09-22 10:28:53,205] {dag.py:1834} INFO - Sync 1 DAGs
[2021-09-22 10:28:53,239] {logging_mixin.py:109} INFO - [2021-09-22 10:28:53,239] {dag.py:2287} INFO - Setting next_dagrun for example_branch_dop_operator_v3 to 2021-09-20 00:00:00+00:00
[2021-09-22 10:28:53,259] {processor.py:170} INFO - Processing /home/airflow/.local/lib/python3.6/site-packages/airflow/example_dags/example_branch_python_dop_operator_3.py took 0.121 seconds
[2021-09-22 10:29:23,619] {processor.py:162} INFO - Started process (PID=421) to work on /home/airflow/.local/lib/python3.6/site-packages/airflow/example_dags/example_branch_python_dop_operator_3.py
[2021-09-22 10:29:23,620] {processor.py:613} INFO - Processing file /home/airflow/.local/lib/python3.6/site-packages/airflow/example_dags/example_branch_python_dop_operator_3.py for tasks to queue
[2021-09-22 10:29:23,621] {logging_mixin.py:109} INFO - [2021-09-22 10:29:23,621] {dagbag.py:496} INFO - Filling up the DagBag from /home/airflow/.local/lib/python3.6/site-packages/airflow/example_dags/example_branch_python_dop_operator_3.py
[2021-09-22 10:29:23,649] {processor.py:623} INFO - DAG(s) dict_keys(['example_branch_dop_operator_v3']) retrieved from /home/airflow/.local/lib/python3.6/site-packages/airflow/example_dags/example_branch_python_dop_operator_3.py
[2021-09-22 10:29:23,692] {logging_mixin.py:109} INFO - [2021-09-22 10:29:23,692] {dag.py:1834} INFO - Sync 1 DAGs
[2021-09-22 10:29:23,735] {logging_mixin.py:109} INFO - [2021-09-22 10:29:23,735] {dag.py:2287} INFO - Setting next_dagrun for example_branch_dop_operator_v3 to 2021-09-20 00:00:00+00:00
[2021-09-22 10:29:23,751] {processor.py:170} INFO - Processing /home/airflow/.local/lib/python3.6/site-packages/airflow/example_dags/example_branch_python_dop_operator_3.py took 0.136 seconds
[2021-09-22 10:29:54,302] {processor.py:162} INFO - Started process (PID=481) to work on /home/airflow/.local/lib/python3.6/site-packages/airflow/example_dags/example_branch_python_dop_operator_3.py
[2021-09-22 10:29:54,304] {processor.py:613} INFO - Processing file /home/airflow/.local/lib/python3.6/site-packages/airflow/example_dags/example_branch_python_dop_operator_3.py for tasks to queue
[2021-09-22 10:29:54,305] {logging_mixin.py:109} INFO - [2021-09-22 10:29:54,305] {dagbag.py:496} INFO - Filling up the DagBag from /home/airflow/.local/lib/python3.6/site-packages/airflow/example_dags/example_branch_python_dop_operator_3.py
[2021-09-22 10:29:54,338] {processor.py:623} INFO - DAG(s) dict_keys(['example_branch_dop_operator_v3']) retrieved from /home/airflow/.local/lib/python3.6/site-packages/airflow/example_dags/example_branch_python_dop_operator_3.py
[2021-09-22 10:29:54,412] {logging_mixin.py:109} INFO - [2021-09-22 10:29:54,412] {dag.py:1834} INFO - Sync 1 DAGs
[2021-09-22 10:29:54,497] {logging_mixin.py:109} INFO - [2021-09-22 10:29:54,497] {dag.py:2287} INFO - Setting next_dagrun for example_branch_dop_operator_v3 to 2021-09-20 00:00:00+00:00
[2021-09-22 10:29:54,523] {processor.py:170} INFO - Processing /home/airflow/.local/lib/python3.6/site-packages/airflow/example_dags/example_branch_python_dop_operator_3.py took 0.235 seconds
[2021-09-22 10:30:24,584] {processor.py:162} INFO - Started process (PID=533) to work on /home/airflow/.local/lib/python3.6/site-packages/airflow/example_dags/example_branch_python_dop_operator_3.py
[2021-09-22 10:30:24,586] {processor.py:613} INFO - Processing file /home/airflow/.local/lib/python3.6/site-packages/airflow/example_dags/example_branch_python_dop_operator_3.py for tasks to queue
[2021-09-22 10:30:24,587] {logging_mixin.py:109} INFO - [2021-09-22 10:30:24,587] {dagbag.py:496} INFO - Filling up the DagBag from /home/airflow/.local/lib/python3.6/site-packages/airflow/example_dags/example_branch_python_dop_operator_3.py
[2021-09-22 10:30:24,612] {processor.py:623} INFO - DAG(s) dict_keys(['example_branch_dop_operator_v3']) retrieved from /home/airflow/.local/lib/python3.6/site-packages/airflow/example_dags/example_branch_python_dop_operator_3.py
[2021-09-22 10:30:24,642] {logging_mixin.py:109} INFO - [2021-09-22 10:30:24,642] {dag.py:1834} INFO - Sync 1 DAGs
[2021-09-22 10:30:24,671] {logging_mixin.py:109} INFO - [2021-09-22 10:30:24,671] {dag.py:2287} INFO - Setting next_dagrun for example_branch_dop_operator_v3 to 2021-09-20 00:00:00+00:00
[2021-09-22 10:30:24,681] {processor.py:170} INFO - Processing /home/airflow/.local/lib/python3.6/site-packages/airflow/example_dags/example_branch_python_dop_operator_3.py took 0.101 seconds
[2021-09-22 10:30:55,426] {processor.py:162} INFO - Started process (PID=597) to work on /home/airflow/.local/lib/python3.6/site-packages/airflow/example_dags/example_branch_python_dop_operator_3.py
[2021-09-22 10:30:55,427] {processor.py:613} INFO - Processing file /home/airflow/.local/lib/python3.6/site-packages/airflow/example_dags/example_branch_python_dop_operator_3.py for tasks to queue
[2021-09-22 10:30:55,428] {logging_mixin.py:109} INFO - [2021-09-22 10:30:55,428] {dagbag.py:496} INFO - Filling up the DagBag from /home/airflow/.local/lib/python3.6/site-packages/airflow/example_dags/example_branch_python_dop_operator_3.py
[2021-09-22 10:30:55,450] {processor.py:623} INFO - DAG(s) dict_keys(['example_branch_dop_operator_v3']) retrieved from /home/airflow/.local/lib/python3.6/site-packages/airflow/example_dags/example_branch_python_dop_operator_3.py
[2021-09-22 10:30:55,527] {logging_mixin.py:109} INFO - [2021-09-22 10:30:55,527] {dag.py:1834} INFO - Sync 1 DAGs
[2021-09-22 10:30:55,584] {logging_mixin.py:109} INFO - [2021-09-22 10:30:55,584] {dag.py:2287} INFO - Setting next_dagrun for example_branch_dop_operator_v3 to 2021-09-20 00:00:00+00:00
[2021-09-22 10:30:55,597] {processor.py:170} INFO - Processing /home/airflow/.local/lib/python3.6/site-packages/airflow/example_dags/example_branch_python_dop_operator_3.py took 0.176 seconds
[2021-09-22 10:31:25,887] {processor.py:162} INFO - Started process (PID=649) to work on /home/airflow/.local/lib/python3.6/site-packages/airflow/example_dags/example_branch_python_dop_operator_3.py
[2021-09-22 10:31:25,889] {processor.py:613} INFO - Processing file /home/airflow/.local/lib/python3.6/site-packages/airflow/example_dags/example_branch_python_dop_operator_3.py for tasks to queue
[2021-09-22 10:31:25,889] {logging_mixin.py:109} INFO - [2021-09-22 10:31:25,889] {dagbag.py:496} INFO - Filling up the DagBag from /home/airflow/.local/lib/python3.6/site-packages/airflow/example_dags/example_branch_python_dop_operator_3.py
[2021-09-22 10:31:25,910] {processor.py:623} INFO - DAG(s) dict_keys(['example_branch_dop_operator_v3']) retrieved from /home/airflow/.local/lib/python3.6/site-packages/airflow/example_dags/example_branch_python_dop_operator_3.py
[2021-09-22 10:31:25,976] {logging_mixin.py:109} INFO - [2021-09-22 10:31:25,975] {dag.py:1834} INFO - Sync 1 DAGs
[2021-09-22 10:31:26,013] {logging_mixin.py:109} INFO - [2021-09-22 10:31:26,013] {dag.py:2287} INFO - Setting next_dagrun for example_branch_dop_operator_v3 to 2021-09-20 00:00:00+00:00
[2021-09-22 10:31:26,027] {processor.py:170} INFO - Processing /home/airflow/.local/lib/python3.6/site-packages/airflow/example_dags/example_branch_python_dop_operator_3.py took 0.144 seconds
[2021-09-22 10:31:56,546] {processor.py:162} INFO - Started process (PID=710) to work on /home/airflow/.local/lib/python3.6/site-packages/airflow/example_dags/example_branch_python_dop_operator_3.py
[2021-09-22 10:31:56,560] {processor.py:613} INFO - Processing file /home/airflow/.local/lib/python3.6/site-packages/airflow/example_dags/example_branch_python_dop_operator_3.py for tasks to queue
[2021-09-22 10:31:56,560] {logging_mixin.py:109} INFO - [2021-09-22 10:31:56,560] {dagbag.py:496} INFO - Filling up the DagBag from /home/airflow/.local/lib/python3.6/site-packages/airflow/example_dags/example_branch_python_dop_operator_3.py
[2021-09-22 10:31:56,598] {processor.py:623} INFO - DAG(s) dict_keys(['example_branch_dop_operator_v3']) retrieved from /home/airflow/.local/lib/python3.6/site-packages/airflow/example_dags/example_branch_python_dop_operator_3.py
[2021-09-22 10:31:56,639] {logging_mixin.py:109} INFO - [2021-09-22 10:31:56,639] {dag.py:1834} INFO - Sync 1 DAGs
[2021-09-22 10:31:56,678] {logging_mixin.py:109} INFO - [2021-09-22 10:31:56,678] {dag.py:2287} INFO - Setting next_dagrun for example_branch_dop_operator_v3 to 2021-09-20 00:00:00+00:00
[2021-09-22 10:31:56,704] {processor.py:170} INFO - Processing /home/airflow/.local/lib/python3.6/site-packages/airflow/example_dags/example_branch_python_dop_operator_3.py took 0.177 seconds
[2021-09-22 10:32:26,872] {processor.py:162} INFO - Started process (PID=763) to work on /home/airflow/.local/lib/python3.6/site-packages/airflow/example_dags/example_branch_python_dop_operator_3.py
[2021-09-22 10:32:26,881] {processor.py:613} INFO - Processing file /home/airflow/.local/lib/python3.6/site-packages/airflow/example_dags/example_branch_python_dop_operator_3.py for tasks to queue
[2021-09-22 10:32:26,882] {logging_mixin.py:109} INFO - [2021-09-22 10:32:26,881] {dagbag.py:496} INFO - Filling up the DagBag from /home/airflow/.local/lib/python3.6/site-packages/airflow/example_dags/example_branch_python_dop_operator_3.py
[2021-09-22 10:32:26,901] {processor.py:623} INFO - DAG(s) dict_keys(['example_branch_dop_operator_v3']) retrieved from /home/airflow/.local/lib/python3.6/site-packages/airflow/example_dags/example_branch_python_dop_operator_3.py
[2021-09-22 10:32:26,931] {logging_mixin.py:109} INFO - [2021-09-22 10:32:26,931] {dag.py:1834} INFO - Sync 1 DAGs
[2021-09-22 10:32:26,965] {logging_mixin.py:109} INFO - [2021-09-22 10:32:26,965] {dag.py:2287} INFO - Setting next_dagrun for example_branch_dop_operator_v3 to 2021-09-20 00:00:00+00:00
[2021-09-22 10:32:26,979] {processor.py:170} INFO - Processing /home/airflow/.local/lib/python3.6/site-packages/airflow/example_dags/example_branch_python_dop_operator_3.py took 0.111 seconds
[2021-09-22 10:32:57,949] {processor.py:162} INFO - Started process (PID=824) to work on /home/airflow/.local/lib/python3.6/site-packages/airflow/example_dags/example_branch_python_dop_operator_3.py
[2021-09-22 10:32:57,956] {processor.py:613} INFO - Processing file /home/airflow/.local/lib/python3.6/site-packages/airflow/example_dags/example_branch_python_dop_operator_3.py for tasks to queue
[2021-09-22 10:32:57,956] {logging_mixin.py:109} INFO - [2021-09-22 10:32:57,956] {dagbag.py:496} INFO - Filling up the DagBag from /home/airflow/.local/lib/python3.6/site-packages/airflow/example_dags/example_branch_python_dop_operator_3.py
[2021-09-22 10:32:57,987] {processor.py:623} INFO - DAG(s) dict_keys(['example_branch_dop_operator_v3']) retrieved from /home/airflow/.local/lib/python3.6/site-packages/airflow/example_dags/example_branch_python_dop_operator_3.py
[2021-09-22 10:32:58,083] {logging_mixin.py:109} INFO - [2021-09-22 10:32:58,083] {dag.py:1834} INFO - Sync 1 DAGs
[2021-09-22 10:32:58,120] {logging_mixin.py:109} INFO - [2021-09-22 10:32:58,120] {dag.py:2287} INFO - Setting next_dagrun for example_branch_dop_operator_v3 to 2021-09-20 00:00:00+00:00
[2021-09-22 10:32:58,161] {processor.py:170} INFO - Processing /home/airflow/.local/lib/python3.6/site-packages/airflow/example_dags/example_branch_python_dop_operator_3.py took 0.224 seconds
[2021-09-22 10:33:29,149] {processor.py:162} INFO - Started process (PID=876) to work on /home/airflow/.local/lib/python3.6/site-packages/airflow/example_dags/example_branch_python_dop_operator_3.py
[2021-09-22 10:33:29,151] {processor.py:613} INFO - Processing file /home/airflow/.local/lib/python3.6/site-packages/airflow/example_dags/example_branch_python_dop_operator_3.py for tasks to queue
[2021-09-22 10:33:29,152] {logging_mixin.py:109} INFO - [2021-09-22 10:33:29,151] {dagbag.py:496} INFO - Filling up the DagBag from /home/airflow/.local/lib/python3.6/site-packages/airflow/example_dags/example_branch_python_dop_operator_3.py
[2021-09-22 10:33:29,180] {processor.py:623} INFO - DAG(s) dict_keys(['example_branch_dop_operator_v3']) retrieved from /home/airflow/.local/lib/python3.6/site-packages/airflow/example_dags/example_branch_python_dop_operator_3.py
[2021-09-22 10:33:29,217] {logging_mixin.py:109} INFO - [2021-09-22 10:33:29,217] {dag.py:1834} INFO - Sync 1 DAGs
[2021-09-22 10:33:29,284] {logging_mixin.py:109} INFO - [2021-09-22 10:33:29,284] {dag.py:2287} INFO - Setting next_dagrun for example_branch_dop_operator_v3 to 2021-09-20 00:00:00+00:00
[2021-09-22 10:33:29,317] {processor.py:170} INFO - Processing /home/airflow/.local/lib/python3.6/site-packages/airflow/example_dags/example_branch_python_dop_operator_3.py took 0.178 seconds
[2021-09-22 10:34:00,252] {processor.py:162} INFO - Started process (PID=937) to work on /home/airflow/.local/lib/python3.6/site-packages/airflow/example_dags/example_branch_python_dop_operator_3.py
[2021-09-22 10:34:00,253] {processor.py:613} INFO - Processing file /home/airflow/.local/lib/python3.6/site-packages/airflow/example_dags/example_branch_python_dop_operator_3.py for tasks to queue
[2021-09-22 10:34:00,254] {logging_mixin.py:109} INFO - [2021-09-22 10:34:00,254] {dagbag.py:496} INFO - Filling up the DagBag from /home/airflow/.local/lib/python3.6/site-packages/airflow/example_dags/example_branch_python_dop_operator_3.py
[2021-09-22 10:34:00,278] {processor.py:623} INFO - DAG(s) dict_keys(['example_branch_dop_operator_v3']) retrieved from /home/airflow/.local/lib/python3.6/site-packages/airflow/example_dags/example_branch_python_dop_operator_3.py
[2021-09-22 10:34:00,333] {logging_mixin.py:109} INFO - [2021-09-22 10:34:00,333] {dag.py:1834} INFO - Sync 1 DAGs
[2021-09-22 10:34:00,368] {logging_mixin.py:109} INFO - [2021-09-22 10:34:00,368] {dag.py:2287} INFO - Setting next_dagrun for example_branch_dop_operator_v3 to 2021-09-20 00:00:00+00:00
[2021-09-22 10:34:00,380] {processor.py:170} INFO - Processing /home/airflow/.local/lib/python3.6/site-packages/airflow/example_dags/example_branch_python_dop_operator_3.py took 0.133 seconds
[2021-09-22 10:34:30,731] {processor.py:162} INFO - Started process (PID=988) to work on /home/airflow/.local/lib/python3.6/site-packages/airflow/example_dags/example_branch_python_dop_operator_3.py
[2021-09-22 10:34:30,733] {processor.py:613} INFO - Processing file /home/airflow/.local/lib/python3.6/site-packages/airflow/example_dags/example_branch_python_dop_operator_3.py for tasks to queue
[2021-09-22 10:34:30,734] {logging_mixin.py:109} INFO - [2021-09-22 10:34:30,734] {dagbag.py:496} INFO - Filling up the DagBag from /home/airflow/.local/lib/python3.6/site-packages/airflow/example_dags/example_branch_python_dop_operator_3.py
[2021-09-22 10:34:30,752] {processor.py:623} INFO - DAG(s) dict_keys(['example_branch_dop_operator_v3']) retrieved from /home/airflow/.local/lib/python3.6/site-packages/airflow/example_dags/example_branch_python_dop_operator_3.py
[2021-09-22 10:34:30,779] {logging_mixin.py:109} INFO - [2021-09-22 10:34:30,779] {dag.py:1834} INFO - Sync 1 DAGs
[2021-09-22 10:34:30,809] {logging_mixin.py:109} INFO - [2021-09-22 10:34:30,809] {dag.py:2287} INFO - Setting next_dagrun for example_branch_dop_operator_v3 to 2021-09-20 00:00:00+00:00
[2021-09-22 10:34:30,821] {processor.py:170} INFO - Processing /home/airflow/.local/lib/python3.6/site-packages/airflow/example_dags/example_branch_python_dop_operator_3.py took 0.093 seconds
[2021-09-22 10:35:00,908] {processor.py:162} INFO - Started process (PID=1038) to work on /home/airflow/.local/lib/python3.6/site-packages/airflow/example_dags/example_branch_python_dop_operator_3.py
[2021-09-22 10:35:00,910] {processor.py:613} INFO - Processing file /home/airflow/.local/lib/python3.6/site-packages/airflow/example_dags/example_branch_python_dop_operator_3.py for tasks to queue
[2021-09-22 10:35:00,910] {logging_mixin.py:109} INFO - [2021-09-22 10:35:00,910] {dagbag.py:496} INFO - Filling up the DagBag from /home/airflow/.local/lib/python3.6/site-packages/airflow/example_dags/example_branch_python_dop_operator_3.py
[2021-09-22 10:35:00,929] {processor.py:623} INFO - DAG(s) dict_keys(['example_branch_dop_operator_v3']) retrieved from /home/airflow/.local/lib/python3.6/site-packages/airflow/example_dags/example_branch_python_dop_operator_3.py
[2021-09-22 10:35:00,956] {logging_mixin.py:109} INFO - [2021-09-22 10:35:00,955] {dag.py:1834} INFO - Sync 1 DAGs
[2021-09-22 10:35:00,986] {logging_mixin.py:109} INFO - [2021-09-22 10:35:00,985] {dag.py:2287} INFO - Setting next_dagrun for example_branch_dop_operator_v3 to 2021-09-20 00:00:00+00:00
[2021-09-22 10:35:00,997] {processor.py:170} INFO - Processing /home/airflow/.local/lib/python3.6/site-packages/airflow/example_dags/example_branch_python_dop_operator_3.py took 0.093 seconds
[2021-09-22 10:35:31,677] {processor.py:162} INFO - Started process (PID=1100) to work on /home/airflow/.local/lib/python3.6/site-packages/airflow/example_dags/example_branch_python_dop_operator_3.py
[2021-09-22 10:35:31,682] {processor.py:613} INFO - Processing file /home/airflow/.local/lib/python3.6/site-packages/airflow/example_dags/example_branch_python_dop_operator_3.py for tasks to queue
[2021-09-22 10:35:31,683] {logging_mixin.py:109} INFO - [2021-09-22 10:35:31,683] {dagbag.py:496} INFO - Filling up the DagBag from /home/airflow/.local/lib/python3.6/site-packages/airflow/example_dags/example_branch_python_dop_operator_3.py
[2021-09-22 10:35:31,766] {processor.py:623} INFO - DAG(s) dict_keys(['example_branch_dop_operator_v3']) retrieved from /home/airflow/.local/lib/python3.6/site-packages/airflow/example_dags/example_branch_python_dop_operator_3.py
[2021-09-22 10:35:31,868] {logging_mixin.py:109} INFO - [2021-09-22 10:35:31,868] {dag.py:1834} INFO - Sync 1 DAGs
[2021-09-22 10:35:31,943] {logging_mixin.py:109} INFO - [2021-09-22 10:35:31,943] {dag.py:2287} INFO - Setting next_dagrun for example_branch_dop_operator_v3 to 2021-09-20 00:00:00+00:00
[2021-09-22 10:35:31,971] {processor.py:170} INFO - Processing /home/airflow/.local/lib/python3.6/site-packages/airflow/example_dags/example_branch_python_dop_operator_3.py took 0.305 seconds
[2021-09-22 10:36:02,141] {processor.py:162} INFO - Started process (PID=1151) to work on /home/airflow/.local/lib/python3.6/site-packages/airflow/example_dags/example_branch_python_dop_operator_3.py
[2021-09-22 10:36:02,142] {processor.py:613} INFO - Processing file /home/airflow/.local/lib/python3.6/site-packages/airflow/example_dags/example_branch_python_dop_operator_3.py for tasks to queue
[2021-09-22 10:36:02,143] {logging_mixin.py:109} INFO - [2021-09-22 10:36:02,143] {dagbag.py:496} INFO - Filling up the DagBag from /home/airflow/.local/lib/python3.6/site-packages/airflow/example_dags/example_branch_python_dop_operator_3.py
[2021-09-22 10:36:02,160] {processor.py:623} INFO - DAG(s) dict_keys(['example_branch_dop_operator_v3']) retrieved from /home/airflow/.local/lib/python3.6/site-packages/airflow/example_dags/example_branch_python_dop_operator_3.py
[2021-09-22 10:36:02,188] {logging_mixin.py:109} INFO - [2021-09-22 10:36:02,188] {dag.py:1834} INFO - Sync 1 DAGs
[2021-09-22 10:36:02,218] {logging_mixin.py:109} INFO - [2021-09-22 10:36:02,218] {dag.py:2287} INFO - Setting next_dagrun for example_branch_dop_operator_v3 to 2021-09-20 00:00:00+00:00
[2021-09-22 10:36:02,230] {processor.py:170} INFO - Processing /home/airflow/.local/lib/python3.6/site-packages/airflow/example_dags/example_branch_python_dop_operator_3.py took 0.092 seconds
[2021-09-22 10:36:32,887] {processor.py:162} INFO - Started process (PID=1209) to work on /home/airflow/.local/lib/python3.6/site-packages/airflow/example_dags/example_branch_python_dop_operator_3.py
[2021-09-22 10:36:32,891] {processor.py:613} INFO - Processing file /home/airflow/.local/lib/python3.6/site-packages/airflow/example_dags/example_branch_python_dop_operator_3.py for tasks to queue
[2021-09-22 10:36:32,892] {logging_mixin.py:109} INFO - [2021-09-22 10:36:32,892] {dagbag.py:496} INFO - Filling up the DagBag from /home/airflow/.local/lib/python3.6/site-packages/airflow/example_dags/example_branch_python_dop_operator_3.py
[2021-09-22 10:36:32,917] {processor.py:623} INFO - DAG(s) dict_keys(['example_branch_dop_operator_v3']) retrieved from /home/airflow/.local/lib/python3.6/site-packages/airflow/example_dags/example_branch_python_dop_operator_3.py
[2021-09-22 10:36:32,979] {logging_mixin.py:109} INFO - [2021-09-22 10:36:32,978] {dag.py:1834} INFO - Sync 1 DAGs
[2021-09-22 10:36:33,013] {logging_mixin.py:109} INFO - [2021-09-22 10:36:33,013] {dag.py:2287} INFO - Setting next_dagrun for example_branch_dop_operator_v3 to 2021-09-20 00:00:00+00:00
[2021-09-22 10:36:33,049] {processor.py:170} INFO - Processing /home/airflow/.local/lib/python3.6/site-packages/airflow/example_dags/example_branch_python_dop_operator_3.py took 0.166 seconds
[2021-09-22 10:38:11,629] {processor.py:162} INFO - Started process (PID=59) to work on /home/airflow/.local/lib/python3.6/site-packages/airflow/example_dags/example_branch_python_dop_operator_3.py
[2021-09-22 10:38:11,652] {processor.py:613} INFO - Processing file /home/airflow/.local/lib/python3.6/site-packages/airflow/example_dags/example_branch_python_dop_operator_3.py for tasks to queue
[2021-09-22 10:38:11,658] {logging_mixin.py:109} INFO - [2021-09-22 10:38:11,653] {dagbag.py:496} INFO - Filling up the DagBag from /home/airflow/.local/lib/python3.6/site-packages/airflow/example_dags/example_branch_python_dop_operator_3.py
[2021-09-22 10:38:11,752] {processor.py:623} INFO - DAG(s) dict_keys(['example_branch_dop_operator_v3']) retrieved from /home/airflow/.local/lib/python3.6/site-packages/airflow/example_dags/example_branch_python_dop_operator_3.py
[2021-09-22 10:38:11,991] {logging_mixin.py:109} INFO - [2021-09-22 10:38:11,991] {dag.py:1834} INFO - Sync 1 DAGs
[2021-09-22 10:38:12,067] {logging_mixin.py:109} INFO - [2021-09-22 10:38:12,067] {dag.py:2287} INFO - Setting next_dagrun for example_branch_dop_operator_v3 to 2021-09-20 00:00:00+00:00
[2021-09-22 10:38:12,115] {processor.py:170} INFO - Processing /home/airflow/.local/lib/python3.6/site-packages/airflow/example_dags/example_branch_python_dop_operator_3.py took 0.501 seconds
[2021-09-22 10:38:42,238] {processor.py:162} INFO - Started process (PID=101) to work on /home/airflow/.local/lib/python3.6/site-packages/airflow/example_dags/example_branch_python_dop_operator_3.py
[2021-09-22 10:38:42,246] {processor.py:613} INFO - Processing file /home/airflow/.local/lib/python3.6/site-packages/airflow/example_dags/example_branch_python_dop_operator_3.py for tasks to queue
[2021-09-22 10:38:42,247] {logging_mixin.py:109} INFO - [2021-09-22 10:38:42,246] {dagbag.py:496} INFO - Filling up the DagBag from /home/airflow/.local/lib/python3.6/site-packages/airflow/example_dags/example_branch_python_dop_operator_3.py
[2021-09-22 10:38:42,288] {processor.py:623} INFO - DAG(s) dict_keys(['example_branch_dop_operator_v3']) retrieved from /home/airflow/.local/lib/python3.6/site-packages/airflow/example_dags/example_branch_python_dop_operator_3.py
[2021-09-22 10:38:42,338] {logging_mixin.py:109} INFO - [2021-09-22 10:38:42,338] {dag.py:1834} INFO - Sync 1 DAGs
[2021-09-22 10:38:42,391] {logging_mixin.py:109} INFO - [2021-09-22 10:38:42,391] {dag.py:2287} INFO - Setting next_dagrun for example_branch_dop_operator_v3 to 2021-09-20 00:00:00+00:00
[2021-09-22 10:38:42,436] {processor.py:170} INFO - Processing /home/airflow/.local/lib/python3.6/site-packages/airflow/example_dags/example_branch_python_dop_operator_3.py took 0.213 seconds
[2021-09-22 10:41:36,222] {processor.py:162} INFO - Started process (PID=48) to work on /home/airflow/.local/lib/python3.6/site-packages/airflow/example_dags/example_branch_python_dop_operator_3.py
[2021-09-22 10:41:36,233] {processor.py:613} INFO - Processing file /home/airflow/.local/lib/python3.6/site-packages/airflow/example_dags/example_branch_python_dop_operator_3.py for tasks to queue
[2021-09-22 10:41:36,234] {logging_mixin.py:109} INFO - [2021-09-22 10:41:36,234] {dagbag.py:496} INFO - Filling up the DagBag from /home/airflow/.local/lib/python3.6/site-packages/airflow/example_dags/example_branch_python_dop_operator_3.py
[2021-09-22 10:41:36,291] {processor.py:623} INFO - DAG(s) dict_keys(['example_branch_dop_operator_v3']) retrieved from /home/airflow/.local/lib/python3.6/site-packages/airflow/example_dags/example_branch_python_dop_operator_3.py
[2021-09-22 10:41:36,433] {logging_mixin.py:109} INFO - [2021-09-22 10:41:36,433] {dag.py:1834} INFO - Sync 1 DAGs
[2021-09-22 10:41:36,499] {logging_mixin.py:109} INFO - [2021-09-22 10:41:36,494] {dag.py:2287} INFO - Setting next_dagrun for example_branch_dop_operator_v3 to 2021-09-20 00:00:00+00:00
[2021-09-22 10:41:36,521] {processor.py:170} INFO - Processing /home/airflow/.local/lib/python3.6/site-packages/airflow/example_dags/example_branch_python_dop_operator_3.py took 0.319 seconds
[2021-09-22 10:42:07,169] {processor.py:162} INFO - Started process (PID=99) to work on /home/airflow/.local/lib/python3.6/site-packages/airflow/example_dags/example_branch_python_dop_operator_3.py
[2021-09-22 10:42:07,171] {processor.py:613} INFO - Processing file /home/airflow/.local/lib/python3.6/site-packages/airflow/example_dags/example_branch_python_dop_operator_3.py for tasks to queue
[2021-09-22 10:42:07,171] {logging_mixin.py:109} INFO - [2021-09-22 10:42:07,171] {dagbag.py:496} INFO - Filling up the DagBag from /home/airflow/.local/lib/python3.6/site-packages/airflow/example_dags/example_branch_python_dop_operator_3.py
[2021-09-22 10:42:07,188] {processor.py:623} INFO - DAG(s) dict_keys(['example_branch_dop_operator_v3']) retrieved from /home/airflow/.local/lib/python3.6/site-packages/airflow/example_dags/example_branch_python_dop_operator_3.py
[2021-09-22 10:42:07,226] {logging_mixin.py:109} INFO - [2021-09-22 10:42:07,226] {dag.py:1834} INFO - Sync 1 DAGs
[2021-09-22 10:42:07,261] {logging_mixin.py:109} INFO - [2021-09-22 10:42:07,261] {dag.py:2287} INFO - Setting next_dagrun for example_branch_dop_operator_v3 to 2021-09-20 00:00:00+00:00
[2021-09-22 10:42:07,274] {processor.py:170} INFO - Processing /home/airflow/.local/lib/python3.6/site-packages/airflow/example_dags/example_branch_python_dop_operator_3.py took 0.108 seconds
[2021-09-22 10:42:38,140] {processor.py:162} INFO - Started process (PID=162) to work on /home/airflow/.local/lib/python3.6/site-packages/airflow/example_dags/example_branch_python_dop_operator_3.py
[2021-09-22 10:42:38,142] {processor.py:613} INFO - Processing file /home/airflow/.local/lib/python3.6/site-packages/airflow/example_dags/example_branch_python_dop_operator_3.py for tasks to queue
[2021-09-22 10:42:38,143] {logging_mixin.py:109} INFO - [2021-09-22 10:42:38,143] {dagbag.py:496} INFO - Filling up the DagBag from /home/airflow/.local/lib/python3.6/site-packages/airflow/example_dags/example_branch_python_dop_operator_3.py
[2021-09-22 10:42:38,197] {processor.py:623} INFO - DAG(s) dict_keys(['example_branch_dop_operator_v3']) retrieved from /home/airflow/.local/lib/python3.6/site-packages/airflow/example_dags/example_branch_python_dop_operator_3.py
[2021-09-22 10:42:38,294] {logging_mixin.py:109} INFO - [2021-09-22 10:42:38,294] {dag.py:1834} INFO - Sync 1 DAGs
[2021-09-22 10:42:38,347] {logging_mixin.py:109} INFO - [2021-09-22 10:42:38,346] {dag.py:2287} INFO - Setting next_dagrun for example_branch_dop_operator_v3 to 2021-09-20 00:00:00+00:00
[2021-09-22 10:42:38,373] {processor.py:170} INFO - Processing /home/airflow/.local/lib/python3.6/site-packages/airflow/example_dags/example_branch_python_dop_operator_3.py took 0.239 seconds
[2021-09-22 10:43:08,698] {processor.py:162} INFO - Started process (PID=214) to work on /home/airflow/.local/lib/python3.6/site-packages/airflow/example_dags/example_branch_python_dop_operator_3.py
[2021-09-22 10:43:08,707] {processor.py:613} INFO - Processing file /home/airflow/.local/lib/python3.6/site-packages/airflow/example_dags/example_branch_python_dop_operator_3.py for tasks to queue
[2021-09-22 10:43:08,708] {logging_mixin.py:109} INFO - [2021-09-22 10:43:08,708] {dagbag.py:496} INFO - Filling up the DagBag from /home/airflow/.local/lib/python3.6/site-packages/airflow/example_dags/example_branch_python_dop_operator_3.py
[2021-09-22 10:43:08,754] {processor.py:623} INFO - DAG(s) dict_keys(['example_branch_dop_operator_v3']) retrieved from /home/airflow/.local/lib/python3.6/site-packages/airflow/example_dags/example_branch_python_dop_operator_3.py
[2021-09-22 10:43:08,801] {logging_mixin.py:109} INFO - [2021-09-22 10:43:08,801] {dag.py:1834} INFO - Sync 1 DAGs
[2021-09-22 10:43:08,864] {logging_mixin.py:109} INFO - [2021-09-22 10:43:08,863] {dag.py:2287} INFO - Setting next_dagrun for example_branch_dop_operator_v3 to 2021-09-20 00:00:00+00:00
[2021-09-22 10:43:08,895] {processor.py:170} INFO - Processing /home/airflow/.local/lib/python3.6/site-packages/airflow/example_dags/example_branch_python_dop_operator_3.py took 0.205 seconds
[2021-09-22 10:43:38,935] {processor.py:162} INFO - Started process (PID=275) to work on /home/airflow/.local/lib/python3.6/site-packages/airflow/example_dags/example_branch_python_dop_operator_3.py
[2021-09-22 10:43:38,937] {processor.py:613} INFO - Processing file /home/airflow/.local/lib/python3.6/site-packages/airflow/example_dags/example_branch_python_dop_operator_3.py for tasks to queue
[2021-09-22 10:43:38,938] {logging_mixin.py:109} INFO - [2021-09-22 10:43:38,938] {dagbag.py:496} INFO - Filling up the DagBag from /home/airflow/.local/lib/python3.6/site-packages/airflow/example_dags/example_branch_python_dop_operator_3.py
[2021-09-22 10:43:38,954] {processor.py:623} INFO - DAG(s) dict_keys(['example_branch_dop_operator_v3']) retrieved from /home/airflow/.local/lib/python3.6/site-packages/airflow/example_dags/example_branch_python_dop_operator_3.py
[2021-09-22 10:43:38,982] {logging_mixin.py:109} INFO - [2021-09-22 10:43:38,981] {dag.py:1834} INFO - Sync 1 DAGs
[2021-09-22 10:43:39,013] {logging_mixin.py:109} INFO - [2021-09-22 10:43:39,012] {dag.py:2287} INFO - Setting next_dagrun for example_branch_dop_operator_v3 to 2021-09-20 00:00:00+00:00
[2021-09-22 10:43:39,025] {processor.py:170} INFO - Processing /home/airflow/.local/lib/python3.6/site-packages/airflow/example_dags/example_branch_python_dop_operator_3.py took 0.094 seconds
[2021-09-22 10:44:09,591] {processor.py:162} INFO - Started process (PID=326) to work on /home/airflow/.local/lib/python3.6/site-packages/airflow/example_dags/example_branch_python_dop_operator_3.py
[2021-09-22 10:44:09,592] {processor.py:613} INFO - Processing file /home/airflow/.local/lib/python3.6/site-packages/airflow/example_dags/example_branch_python_dop_operator_3.py for tasks to queue
[2021-09-22 10:44:09,593] {logging_mixin.py:109} INFO - [2021-09-22 10:44:09,593] {dagbag.py:496} INFO - Filling up the DagBag from /home/airflow/.local/lib/python3.6/site-packages/airflow/example_dags/example_branch_python_dop_operator_3.py
[2021-09-22 10:44:09,655] {processor.py:623} INFO - DAG(s) dict_keys(['example_branch_dop_operator_v3']) retrieved from /home/airflow/.local/lib/python3.6/site-packages/airflow/example_dags/example_branch_python_dop_operator_3.py
[2021-09-22 10:44:09,735] {logging_mixin.py:109} INFO - [2021-09-22 10:44:09,735] {dag.py:1834} INFO - Sync 1 DAGs
[2021-09-22 10:44:09,780] {logging_mixin.py:109} INFO - [2021-09-22 10:44:09,779] {dag.py:2287} INFO - Setting next_dagrun for example_branch_dop_operator_v3 to 2021-09-20 00:00:00+00:00
[2021-09-22 10:44:09,793] {processor.py:170} INFO - Processing /home/airflow/.local/lib/python3.6/site-packages/airflow/example_dags/example_branch_python_dop_operator_3.py took 0.214 seconds
