[2021-09-22 10:25:49,207] {processor.py:162} INFO - Started process (PID=71) to work on /home/airflow/.local/lib/python3.6/site-packages/airflow/example_dags/example_branch_day_of_week_operator.py
[2021-09-22 10:25:49,208] {processor.py:613} INFO - Processing file /home/airflow/.local/lib/python3.6/site-packages/airflow/example_dags/example_branch_day_of_week_operator.py for tasks to queue
[2021-09-22 10:25:49,209] {logging_mixin.py:109} INFO - [2021-09-22 10:25:49,209] {dagbag.py:496} INFO - Filling up the DagBag from /home/airflow/.local/lib/python3.6/site-packages/airflow/example_dags/example_branch_day_of_week_operator.py
[2021-09-22 10:25:49,298] {processor.py:623} INFO - DAG(s) dict_keys(['example_weekday_branch_operator']) retrieved from /home/airflow/.local/lib/python3.6/site-packages/airflow/example_dags/example_branch_day_of_week_operator.py
[2021-09-22 10:25:59,091] {logging_mixin.py:109} INFO - [2021-09-22 10:25:59,089] {dag.py:1834} INFO - Sync 1 DAGs
[2021-09-22 10:25:59,140] {logging_mixin.py:109} INFO - [2021-09-22 10:25:59,139] {dag.py:1853} INFO - Creating ORM DAG for example_weekday_branch_operator
[2021-09-22 10:25:59,160] {logging_mixin.py:109} INFO - [2021-09-22 10:25:59,160] {dag.py:2287} INFO - Setting next_dagrun for example_weekday_branch_operator to 2021-09-20 00:00:00+00:00
[2021-09-22 10:25:59,264] {processor.py:170} INFO - Processing /home/airflow/.local/lib/python3.6/site-packages/airflow/example_dags/example_branch_day_of_week_operator.py took 10.066 seconds
[2021-09-22 10:27:20,523] {processor.py:162} INFO - Started process (PID=207) to work on /home/airflow/.local/lib/python3.6/site-packages/airflow/example_dags/example_branch_day_of_week_operator.py
[2021-09-22 10:27:20,538] {processor.py:613} INFO - Processing file /home/airflow/.local/lib/python3.6/site-packages/airflow/example_dags/example_branch_day_of_week_operator.py for tasks to queue
[2021-09-22 10:27:20,550] {logging_mixin.py:109} INFO - [2021-09-22 10:27:20,550] {dagbag.py:496} INFO - Filling up the DagBag from /home/airflow/.local/lib/python3.6/site-packages/airflow/example_dags/example_branch_day_of_week_operator.py
[2021-09-22 10:27:20,677] {processor.py:623} INFO - DAG(s) dict_keys(['example_weekday_branch_operator']) retrieved from /home/airflow/.local/lib/python3.6/site-packages/airflow/example_dags/example_branch_day_of_week_operator.py
[2021-09-22 10:27:20,884] {logging_mixin.py:109} INFO - [2021-09-22 10:27:20,884] {dag.py:1834} INFO - Sync 1 DAGs
[2021-09-22 10:27:20,963] {logging_mixin.py:109} INFO - [2021-09-22 10:27:20,963] {dag.py:2287} INFO - Setting next_dagrun for example_weekday_branch_operator to 2021-09-20 00:00:00+00:00
[2021-09-22 10:27:20,994] {processor.py:170} INFO - Processing /home/airflow/.local/lib/python3.6/site-packages/airflow/example_dags/example_branch_day_of_week_operator.py took 0.491 seconds
[2021-09-22 10:27:51,232] {processor.py:162} INFO - Started process (PID=257) to work on /home/airflow/.local/lib/python3.6/site-packages/airflow/example_dags/example_branch_day_of_week_operator.py
[2021-09-22 10:27:51,245] {processor.py:613} INFO - Processing file /home/airflow/.local/lib/python3.6/site-packages/airflow/example_dags/example_branch_day_of_week_operator.py for tasks to queue
[2021-09-22 10:27:51,245] {logging_mixin.py:109} INFO - [2021-09-22 10:27:51,245] {dagbag.py:496} INFO - Filling up the DagBag from /home/airflow/.local/lib/python3.6/site-packages/airflow/example_dags/example_branch_day_of_week_operator.py
[2021-09-22 10:27:51,346] {processor.py:623} INFO - DAG(s) dict_keys(['example_weekday_branch_operator']) retrieved from /home/airflow/.local/lib/python3.6/site-packages/airflow/example_dags/example_branch_day_of_week_operator.py
[2021-09-22 10:27:51,576] {logging_mixin.py:109} INFO - [2021-09-22 10:27:51,575] {dag.py:1834} INFO - Sync 1 DAGs
[2021-09-22 10:27:51,718] {logging_mixin.py:109} INFO - [2021-09-22 10:27:51,718] {dag.py:2287} INFO - Setting next_dagrun for example_weekday_branch_operator to 2021-09-20 00:00:00+00:00
[2021-09-22 10:27:51,822] {processor.py:170} INFO - Processing /home/airflow/.local/lib/python3.6/site-packages/airflow/example_dags/example_branch_day_of_week_operator.py took 0.606 seconds
[2021-09-22 10:28:22,214] {processor.py:162} INFO - Started process (PID=317) to work on /home/airflow/.local/lib/python3.6/site-packages/airflow/example_dags/example_branch_day_of_week_operator.py
[2021-09-22 10:28:22,215] {processor.py:613} INFO - Processing file /home/airflow/.local/lib/python3.6/site-packages/airflow/example_dags/example_branch_day_of_week_operator.py for tasks to queue
[2021-09-22 10:28:22,217] {logging_mixin.py:109} INFO - [2021-09-22 10:28:22,217] {dagbag.py:496} INFO - Filling up the DagBag from /home/airflow/.local/lib/python3.6/site-packages/airflow/example_dags/example_branch_day_of_week_operator.py
[2021-09-22 10:28:22,255] {processor.py:623} INFO - DAG(s) dict_keys(['example_weekday_branch_operator']) retrieved from /home/airflow/.local/lib/python3.6/site-packages/airflow/example_dags/example_branch_day_of_week_operator.py
[2021-09-22 10:28:22,316] {logging_mixin.py:109} INFO - [2021-09-22 10:28:22,316] {dag.py:1834} INFO - Sync 1 DAGs
[2021-09-22 10:28:22,347] {logging_mixin.py:109} INFO - [2021-09-22 10:28:22,347] {dag.py:2287} INFO - Setting next_dagrun for example_weekday_branch_operator to 2021-09-20 00:00:00+00:00
[2021-09-22 10:28:22,369] {processor.py:170} INFO - Processing /home/airflow/.local/lib/python3.6/site-packages/airflow/example_dags/example_branch_day_of_week_operator.py took 0.162 seconds
[2021-09-22 10:28:52,605] {processor.py:162} INFO - Started process (PID=368) to work on /home/airflow/.local/lib/python3.6/site-packages/airflow/example_dags/example_branch_day_of_week_operator.py
[2021-09-22 10:28:52,607] {processor.py:613} INFO - Processing file /home/airflow/.local/lib/python3.6/site-packages/airflow/example_dags/example_branch_day_of_week_operator.py for tasks to queue
[2021-09-22 10:28:52,608] {logging_mixin.py:109} INFO - [2021-09-22 10:28:52,608] {dagbag.py:496} INFO - Filling up the DagBag from /home/airflow/.local/lib/python3.6/site-packages/airflow/example_dags/example_branch_day_of_week_operator.py
[2021-09-22 10:28:52,626] {processor.py:623} INFO - DAG(s) dict_keys(['example_weekday_branch_operator']) retrieved from /home/airflow/.local/lib/python3.6/site-packages/airflow/example_dags/example_branch_day_of_week_operator.py
[2021-09-22 10:28:52,658] {logging_mixin.py:109} INFO - [2021-09-22 10:28:52,658] {dag.py:1834} INFO - Sync 1 DAGs
[2021-09-22 10:28:52,688] {logging_mixin.py:109} INFO - [2021-09-22 10:28:52,688] {dag.py:2287} INFO - Setting next_dagrun for example_weekday_branch_operator to 2021-09-20 00:00:00+00:00
[2021-09-22 10:28:52,704] {processor.py:170} INFO - Processing /home/airflow/.local/lib/python3.6/site-packages/airflow/example_dags/example_branch_day_of_week_operator.py took 0.102 seconds
[2021-09-22 10:29:23,452] {processor.py:162} INFO - Started process (PID=418) to work on /home/airflow/.local/lib/python3.6/site-packages/airflow/example_dags/example_branch_day_of_week_operator.py
[2021-09-22 10:29:23,454] {processor.py:613} INFO - Processing file /home/airflow/.local/lib/python3.6/site-packages/airflow/example_dags/example_branch_day_of_week_operator.py for tasks to queue
[2021-09-22 10:29:23,455] {logging_mixin.py:109} INFO - [2021-09-22 10:29:23,455] {dagbag.py:496} INFO - Filling up the DagBag from /home/airflow/.local/lib/python3.6/site-packages/airflow/example_dags/example_branch_day_of_week_operator.py
[2021-09-22 10:29:23,472] {processor.py:623} INFO - DAG(s) dict_keys(['example_weekday_branch_operator']) retrieved from /home/airflow/.local/lib/python3.6/site-packages/airflow/example_dags/example_branch_day_of_week_operator.py
[2021-09-22 10:29:23,508] {logging_mixin.py:109} INFO - [2021-09-22 10:29:23,507] {dag.py:1834} INFO - Sync 1 DAGs
[2021-09-22 10:29:23,539] {logging_mixin.py:109} INFO - [2021-09-22 10:29:23,539] {dag.py:2287} INFO - Setting next_dagrun for example_weekday_branch_operator to 2021-09-20 00:00:00+00:00
[2021-09-22 10:29:23,554] {processor.py:170} INFO - Processing /home/airflow/.local/lib/python3.6/site-packages/airflow/example_dags/example_branch_day_of_week_operator.py took 0.106 seconds
[2021-09-22 10:29:54,025] {processor.py:162} INFO - Started process (PID=478) to work on /home/airflow/.local/lib/python3.6/site-packages/airflow/example_dags/example_branch_day_of_week_operator.py
[2021-09-22 10:29:54,042] {processor.py:613} INFO - Processing file /home/airflow/.local/lib/python3.6/site-packages/airflow/example_dags/example_branch_day_of_week_operator.py for tasks to queue
[2021-09-22 10:29:54,043] {logging_mixin.py:109} INFO - [2021-09-22 10:29:54,043] {dagbag.py:496} INFO - Filling up the DagBag from /home/airflow/.local/lib/python3.6/site-packages/airflow/example_dags/example_branch_day_of_week_operator.py
[2021-09-22 10:29:54,097] {processor.py:623} INFO - DAG(s) dict_keys(['example_weekday_branch_operator']) retrieved from /home/airflow/.local/lib/python3.6/site-packages/airflow/example_dags/example_branch_day_of_week_operator.py
[2021-09-22 10:29:54,191] {logging_mixin.py:109} INFO - [2021-09-22 10:29:54,191] {dag.py:1834} INFO - Sync 1 DAGs
[2021-09-22 10:29:54,227] {logging_mixin.py:109} INFO - [2021-09-22 10:29:54,226] {dag.py:2287} INFO - Setting next_dagrun for example_weekday_branch_operator to 2021-09-20 00:00:00+00:00
[2021-09-22 10:29:54,256] {processor.py:170} INFO - Processing /home/airflow/.local/lib/python3.6/site-packages/airflow/example_dags/example_branch_day_of_week_operator.py took 0.235 seconds
[2021-09-22 10:30:24,368] {processor.py:162} INFO - Started process (PID=530) to work on /home/airflow/.local/lib/python3.6/site-packages/airflow/example_dags/example_branch_day_of_week_operator.py
[2021-09-22 10:30:24,370] {processor.py:613} INFO - Processing file /home/airflow/.local/lib/python3.6/site-packages/airflow/example_dags/example_branch_day_of_week_operator.py for tasks to queue
[2021-09-22 10:30:24,371] {logging_mixin.py:109} INFO - [2021-09-22 10:30:24,371] {dagbag.py:496} INFO - Filling up the DagBag from /home/airflow/.local/lib/python3.6/site-packages/airflow/example_dags/example_branch_day_of_week_operator.py
[2021-09-22 10:30:24,407] {processor.py:623} INFO - DAG(s) dict_keys(['example_weekday_branch_operator']) retrieved from /home/airflow/.local/lib/python3.6/site-packages/airflow/example_dags/example_branch_day_of_week_operator.py
[2021-09-22 10:30:24,452] {logging_mixin.py:109} INFO - [2021-09-22 10:30:24,452] {dag.py:1834} INFO - Sync 1 DAGs
[2021-09-22 10:30:24,482] {logging_mixin.py:109} INFO - [2021-09-22 10:30:24,482] {dag.py:2287} INFO - Setting next_dagrun for example_weekday_branch_operator to 2021-09-20 00:00:00+00:00
[2021-09-22 10:30:24,499] {processor.py:170} INFO - Processing /home/airflow/.local/lib/python3.6/site-packages/airflow/example_dags/example_branch_day_of_week_operator.py took 0.136 seconds
[2021-09-22 10:30:55,081] {processor.py:162} INFO - Started process (PID=594) to work on /home/airflow/.local/lib/python3.6/site-packages/airflow/example_dags/example_branch_day_of_week_operator.py
[2021-09-22 10:30:55,086] {processor.py:613} INFO - Processing file /home/airflow/.local/lib/python3.6/site-packages/airflow/example_dags/example_branch_day_of_week_operator.py for tasks to queue
[2021-09-22 10:30:55,087] {logging_mixin.py:109} INFO - [2021-09-22 10:30:55,087] {dagbag.py:496} INFO - Filling up the DagBag from /home/airflow/.local/lib/python3.6/site-packages/airflow/example_dags/example_branch_day_of_week_operator.py
[2021-09-22 10:30:55,124] {processor.py:623} INFO - DAG(s) dict_keys(['example_weekday_branch_operator']) retrieved from /home/airflow/.local/lib/python3.6/site-packages/airflow/example_dags/example_branch_day_of_week_operator.py
[2021-09-22 10:30:55,240] {logging_mixin.py:109} INFO - [2021-09-22 10:30:55,240] {dag.py:1834} INFO - Sync 1 DAGs
[2021-09-22 10:30:55,269] {logging_mixin.py:109} INFO - [2021-09-22 10:30:55,269] {dag.py:2287} INFO - Setting next_dagrun for example_weekday_branch_operator to 2021-09-20 00:00:00+00:00
[2021-09-22 10:30:55,297] {processor.py:170} INFO - Processing /home/airflow/.local/lib/python3.6/site-packages/airflow/example_dags/example_branch_day_of_week_operator.py took 0.227 seconds
[2021-09-22 10:31:25,546] {processor.py:162} INFO - Started process (PID=646) to work on /home/airflow/.local/lib/python3.6/site-packages/airflow/example_dags/example_branch_day_of_week_operator.py
[2021-09-22 10:31:25,547] {processor.py:613} INFO - Processing file /home/airflow/.local/lib/python3.6/site-packages/airflow/example_dags/example_branch_day_of_week_operator.py for tasks to queue
[2021-09-22 10:31:25,548] {logging_mixin.py:109} INFO - [2021-09-22 10:31:25,548] {dagbag.py:496} INFO - Filling up the DagBag from /home/airflow/.local/lib/python3.6/site-packages/airflow/example_dags/example_branch_day_of_week_operator.py
[2021-09-22 10:31:25,570] {processor.py:623} INFO - DAG(s) dict_keys(['example_weekday_branch_operator']) retrieved from /home/airflow/.local/lib/python3.6/site-packages/airflow/example_dags/example_branch_day_of_week_operator.py
[2021-09-22 10:31:25,607] {logging_mixin.py:109} INFO - [2021-09-22 10:31:25,607] {dag.py:1834} INFO - Sync 1 DAGs
[2021-09-22 10:31:25,637] {logging_mixin.py:109} INFO - [2021-09-22 10:31:25,637] {dag.py:2287} INFO - Setting next_dagrun for example_weekday_branch_operator to 2021-09-20 00:00:00+00:00
[2021-09-22 10:31:25,671] {processor.py:170} INFO - Processing /home/airflow/.local/lib/python3.6/site-packages/airflow/example_dags/example_branch_day_of_week_operator.py took 0.130 seconds
[2021-09-22 10:31:56,051] {processor.py:162} INFO - Started process (PID=705) to work on /home/airflow/.local/lib/python3.6/site-packages/airflow/example_dags/example_branch_day_of_week_operator.py
[2021-09-22 10:31:56,069] {processor.py:613} INFO - Processing file /home/airflow/.local/lib/python3.6/site-packages/airflow/example_dags/example_branch_day_of_week_operator.py for tasks to queue
[2021-09-22 10:31:56,070] {logging_mixin.py:109} INFO - [2021-09-22 10:31:56,070] {dagbag.py:496} INFO - Filling up the DagBag from /home/airflow/.local/lib/python3.6/site-packages/airflow/example_dags/example_branch_day_of_week_operator.py
[2021-09-22 10:31:56,092] {processor.py:623} INFO - DAG(s) dict_keys(['example_weekday_branch_operator']) retrieved from /home/airflow/.local/lib/python3.6/site-packages/airflow/example_dags/example_branch_day_of_week_operator.py
[2021-09-22 10:31:56,134] {logging_mixin.py:109} INFO - [2021-09-22 10:31:56,133] {dag.py:1834} INFO - Sync 1 DAGs
[2021-09-22 10:31:56,160] {logging_mixin.py:109} INFO - [2021-09-22 10:31:56,160] {dag.py:2287} INFO - Setting next_dagrun for example_weekday_branch_operator to 2021-09-20 00:00:00+00:00
[2021-09-22 10:31:56,196] {processor.py:170} INFO - Processing /home/airflow/.local/lib/python3.6/site-packages/airflow/example_dags/example_branch_day_of_week_operator.py took 0.154 seconds
[2021-09-22 10:32:26,534] {processor.py:162} INFO - Started process (PID=760) to work on /home/airflow/.local/lib/python3.6/site-packages/airflow/example_dags/example_branch_day_of_week_operator.py
[2021-09-22 10:32:26,537] {processor.py:613} INFO - Processing file /home/airflow/.local/lib/python3.6/site-packages/airflow/example_dags/example_branch_day_of_week_operator.py for tasks to queue
[2021-09-22 10:32:26,539] {logging_mixin.py:109} INFO - [2021-09-22 10:32:26,539] {dagbag.py:496} INFO - Filling up the DagBag from /home/airflow/.local/lib/python3.6/site-packages/airflow/example_dags/example_branch_day_of_week_operator.py
[2021-09-22 10:32:26,560] {processor.py:623} INFO - DAG(s) dict_keys(['example_weekday_branch_operator']) retrieved from /home/airflow/.local/lib/python3.6/site-packages/airflow/example_dags/example_branch_day_of_week_operator.py
[2021-09-22 10:32:26,627] {logging_mixin.py:109} INFO - [2021-09-22 10:32:26,627] {dag.py:1834} INFO - Sync 1 DAGs
[2021-09-22 10:32:26,654] {logging_mixin.py:109} INFO - [2021-09-22 10:32:26,654] {dag.py:2287} INFO - Setting next_dagrun for example_weekday_branch_operator to 2021-09-20 00:00:00+00:00
[2021-09-22 10:32:26,671] {processor.py:170} INFO - Processing /home/airflow/.local/lib/python3.6/site-packages/airflow/example_dags/example_branch_day_of_week_operator.py took 0.146 seconds
[2021-09-22 10:32:57,579] {processor.py:162} INFO - Started process (PID=821) to work on /home/airflow/.local/lib/python3.6/site-packages/airflow/example_dags/example_branch_day_of_week_operator.py
[2021-09-22 10:32:57,589] {processor.py:613} INFO - Processing file /home/airflow/.local/lib/python3.6/site-packages/airflow/example_dags/example_branch_day_of_week_operator.py for tasks to queue
[2021-09-22 10:32:57,590] {logging_mixin.py:109} INFO - [2021-09-22 10:32:57,589] {dagbag.py:496} INFO - Filling up the DagBag from /home/airflow/.local/lib/python3.6/site-packages/airflow/example_dags/example_branch_day_of_week_operator.py
[2021-09-22 10:32:57,615] {processor.py:623} INFO - DAG(s) dict_keys(['example_weekday_branch_operator']) retrieved from /home/airflow/.local/lib/python3.6/site-packages/airflow/example_dags/example_branch_day_of_week_operator.py
[2021-09-22 10:32:57,648] {logging_mixin.py:109} INFO - [2021-09-22 10:32:57,647] {dag.py:1834} INFO - Sync 1 DAGs
[2021-09-22 10:32:57,669] {logging_mixin.py:109} INFO - [2021-09-22 10:32:57,669] {dag.py:2287} INFO - Setting next_dagrun for example_weekday_branch_operator to 2021-09-20 00:00:00+00:00
[2021-09-22 10:32:57,695] {processor.py:170} INFO - Processing /home/airflow/.local/lib/python3.6/site-packages/airflow/example_dags/example_branch_day_of_week_operator.py took 0.130 seconds
[2021-09-22 10:33:27,878] {processor.py:162} INFO - Started process (PID=873) to work on /home/airflow/.local/lib/python3.6/site-packages/airflow/example_dags/example_branch_day_of_week_operator.py
[2021-09-22 10:33:27,889] {processor.py:613} INFO - Processing file /home/airflow/.local/lib/python3.6/site-packages/airflow/example_dags/example_branch_day_of_week_operator.py for tasks to queue
[2021-09-22 10:33:27,891] {logging_mixin.py:109} INFO - [2021-09-22 10:33:27,890] {dagbag.py:496} INFO - Filling up the DagBag from /home/airflow/.local/lib/python3.6/site-packages/airflow/example_dags/example_branch_day_of_week_operator.py
[2021-09-22 10:33:27,912] {processor.py:623} INFO - DAG(s) dict_keys(['example_weekday_branch_operator']) retrieved from /home/airflow/.local/lib/python3.6/site-packages/airflow/example_dags/example_branch_day_of_week_operator.py
[2021-09-22 10:33:27,950] {logging_mixin.py:109} INFO - [2021-09-22 10:33:27,950] {dag.py:1834} INFO - Sync 1 DAGs
[2021-09-22 10:33:27,974] {logging_mixin.py:109} INFO - [2021-09-22 10:33:27,974] {dag.py:2287} INFO - Setting next_dagrun for example_weekday_branch_operator to 2021-09-20 00:00:00+00:00
[2021-09-22 10:33:27,987] {processor.py:170} INFO - Processing /home/airflow/.local/lib/python3.6/site-packages/airflow/example_dags/example_branch_day_of_week_operator.py took 0.113 seconds
[2021-09-22 10:33:58,690] {processor.py:162} INFO - Started process (PID=934) to work on /home/airflow/.local/lib/python3.6/site-packages/airflow/example_dags/example_branch_day_of_week_operator.py
[2021-09-22 10:33:58,693] {processor.py:613} INFO - Processing file /home/airflow/.local/lib/python3.6/site-packages/airflow/example_dags/example_branch_day_of_week_operator.py for tasks to queue
[2021-09-22 10:33:58,693] {logging_mixin.py:109} INFO - [2021-09-22 10:33:58,693] {dagbag.py:496} INFO - Filling up the DagBag from /home/airflow/.local/lib/python3.6/site-packages/airflow/example_dags/example_branch_day_of_week_operator.py
[2021-09-22 10:33:58,743] {processor.py:623} INFO - DAG(s) dict_keys(['example_weekday_branch_operator']) retrieved from /home/airflow/.local/lib/python3.6/site-packages/airflow/example_dags/example_branch_day_of_week_operator.py
[2021-09-22 10:33:58,800] {logging_mixin.py:109} INFO - [2021-09-22 10:33:58,800] {dag.py:1834} INFO - Sync 1 DAGs
[2021-09-22 10:33:58,868] {logging_mixin.py:109} INFO - [2021-09-22 10:33:58,868] {dag.py:2287} INFO - Setting next_dagrun for example_weekday_branch_operator to 2021-09-20 00:00:00+00:00
[2021-09-22 10:33:58,945] {processor.py:170} INFO - Processing /home/airflow/.local/lib/python3.6/site-packages/airflow/example_dags/example_branch_day_of_week_operator.py took 0.274 seconds
[2021-09-22 10:34:29,433] {processor.py:162} INFO - Started process (PID=985) to work on /home/airflow/.local/lib/python3.6/site-packages/airflow/example_dags/example_branch_day_of_week_operator.py
[2021-09-22 10:34:29,434] {processor.py:613} INFO - Processing file /home/airflow/.local/lib/python3.6/site-packages/airflow/example_dags/example_branch_day_of_week_operator.py for tasks to queue
[2021-09-22 10:34:29,435] {logging_mixin.py:109} INFO - [2021-09-22 10:34:29,435] {dagbag.py:496} INFO - Filling up the DagBag from /home/airflow/.local/lib/python3.6/site-packages/airflow/example_dags/example_branch_day_of_week_operator.py
[2021-09-22 10:34:29,456] {processor.py:623} INFO - DAG(s) dict_keys(['example_weekday_branch_operator']) retrieved from /home/airflow/.local/lib/python3.6/site-packages/airflow/example_dags/example_branch_day_of_week_operator.py
[2021-09-22 10:34:29,492] {logging_mixin.py:109} INFO - [2021-09-22 10:34:29,492] {dag.py:1834} INFO - Sync 1 DAGs
[2021-09-22 10:34:29,525] {logging_mixin.py:109} INFO - [2021-09-22 10:34:29,525] {dag.py:2287} INFO - Setting next_dagrun for example_weekday_branch_operator to 2021-09-20 00:00:00+00:00
[2021-09-22 10:34:29,567] {processor.py:170} INFO - Processing /home/airflow/.local/lib/python3.6/site-packages/airflow/example_dags/example_branch_day_of_week_operator.py took 0.139 seconds
[2021-09-22 10:34:59,720] {processor.py:162} INFO - Started process (PID=1035) to work on /home/airflow/.local/lib/python3.6/site-packages/airflow/example_dags/example_branch_day_of_week_operator.py
[2021-09-22 10:34:59,721] {processor.py:613} INFO - Processing file /home/airflow/.local/lib/python3.6/site-packages/airflow/example_dags/example_branch_day_of_week_operator.py for tasks to queue
[2021-09-22 10:34:59,722] {logging_mixin.py:109} INFO - [2021-09-22 10:34:59,722] {dagbag.py:496} INFO - Filling up the DagBag from /home/airflow/.local/lib/python3.6/site-packages/airflow/example_dags/example_branch_day_of_week_operator.py
[2021-09-22 10:34:59,743] {processor.py:623} INFO - DAG(s) dict_keys(['example_weekday_branch_operator']) retrieved from /home/airflow/.local/lib/python3.6/site-packages/airflow/example_dags/example_branch_day_of_week_operator.py
[2021-09-22 10:34:59,771] {logging_mixin.py:109} INFO - [2021-09-22 10:34:59,771] {dag.py:1834} INFO - Sync 1 DAGs
[2021-09-22 10:34:59,793] {logging_mixin.py:109} INFO - [2021-09-22 10:34:59,792] {dag.py:2287} INFO - Setting next_dagrun for example_weekday_branch_operator to 2021-09-20 00:00:00+00:00
[2021-09-22 10:34:59,805] {processor.py:170} INFO - Processing /home/airflow/.local/lib/python3.6/site-packages/airflow/example_dags/example_branch_day_of_week_operator.py took 0.090 seconds
[2021-09-22 10:35:30,409] {processor.py:162} INFO - Started process (PID=1087) to work on /home/airflow/.local/lib/python3.6/site-packages/airflow/example_dags/example_branch_day_of_week_operator.py
[2021-09-22 10:35:30,413] {processor.py:613} INFO - Processing file /home/airflow/.local/lib/python3.6/site-packages/airflow/example_dags/example_branch_day_of_week_operator.py for tasks to queue
[2021-09-22 10:35:30,414] {logging_mixin.py:109} INFO - [2021-09-22 10:35:30,414] {dagbag.py:496} INFO - Filling up the DagBag from /home/airflow/.local/lib/python3.6/site-packages/airflow/example_dags/example_branch_day_of_week_operator.py
[2021-09-22 10:35:30,439] {processor.py:623} INFO - DAG(s) dict_keys(['example_weekday_branch_operator']) retrieved from /home/airflow/.local/lib/python3.6/site-packages/airflow/example_dags/example_branch_day_of_week_operator.py
[2021-09-22 10:35:30,475] {logging_mixin.py:109} INFO - [2021-09-22 10:35:30,475] {dag.py:1834} INFO - Sync 1 DAGs
[2021-09-22 10:35:30,505] {logging_mixin.py:109} INFO - [2021-09-22 10:35:30,505] {dag.py:2287} INFO - Setting next_dagrun for example_weekday_branch_operator to 2021-09-20 00:00:00+00:00
[2021-09-22 10:35:30,518] {processor.py:170} INFO - Processing /home/airflow/.local/lib/python3.6/site-packages/airflow/example_dags/example_branch_day_of_week_operator.py took 0.114 seconds
[2021-09-22 10:36:00,925] {processor.py:162} INFO - Started process (PID=1148) to work on /home/airflow/.local/lib/python3.6/site-packages/airflow/example_dags/example_branch_day_of_week_operator.py
[2021-09-22 10:36:00,927] {processor.py:613} INFO - Processing file /home/airflow/.local/lib/python3.6/site-packages/airflow/example_dags/example_branch_day_of_week_operator.py for tasks to queue
[2021-09-22 10:36:00,928] {logging_mixin.py:109} INFO - [2021-09-22 10:36:00,928] {dagbag.py:496} INFO - Filling up the DagBag from /home/airflow/.local/lib/python3.6/site-packages/airflow/example_dags/example_branch_day_of_week_operator.py
[2021-09-22 10:36:00,944] {processor.py:623} INFO - DAG(s) dict_keys(['example_weekday_branch_operator']) retrieved from /home/airflow/.local/lib/python3.6/site-packages/airflow/example_dags/example_branch_day_of_week_operator.py
[2021-09-22 10:36:00,971] {logging_mixin.py:109} INFO - [2021-09-22 10:36:00,971] {dag.py:1834} INFO - Sync 1 DAGs
[2021-09-22 10:36:00,993] {logging_mixin.py:109} INFO - [2021-09-22 10:36:00,993] {dag.py:2287} INFO - Setting next_dagrun for example_weekday_branch_operator to 2021-09-20 00:00:00+00:00
[2021-09-22 10:36:01,005] {processor.py:170} INFO - Processing /home/airflow/.local/lib/python3.6/site-packages/airflow/example_dags/example_branch_day_of_week_operator.py took 0.085 seconds
[2021-09-22 10:36:31,628] {processor.py:162} INFO - Started process (PID=1199) to work on /home/airflow/.local/lib/python3.6/site-packages/airflow/example_dags/example_branch_day_of_week_operator.py
[2021-09-22 10:36:31,629] {processor.py:613} INFO - Processing file /home/airflow/.local/lib/python3.6/site-packages/airflow/example_dags/example_branch_day_of_week_operator.py for tasks to queue
[2021-09-22 10:36:31,630] {logging_mixin.py:109} INFO - [2021-09-22 10:36:31,630] {dagbag.py:496} INFO - Filling up the DagBag from /home/airflow/.local/lib/python3.6/site-packages/airflow/example_dags/example_branch_day_of_week_operator.py
[2021-09-22 10:36:31,655] {processor.py:623} INFO - DAG(s) dict_keys(['example_weekday_branch_operator']) retrieved from /home/airflow/.local/lib/python3.6/site-packages/airflow/example_dags/example_branch_day_of_week_operator.py
[2021-09-22 10:36:31,689] {logging_mixin.py:109} INFO - [2021-09-22 10:36:31,689] {dag.py:1834} INFO - Sync 1 DAGs
[2021-09-22 10:36:31,716] {logging_mixin.py:109} INFO - [2021-09-22 10:36:31,715] {dag.py:2287} INFO - Setting next_dagrun for example_weekday_branch_operator to 2021-09-20 00:00:00+00:00
[2021-09-22 10:36:31,734] {processor.py:170} INFO - Processing /home/airflow/.local/lib/python3.6/site-packages/airflow/example_dags/example_branch_day_of_week_operator.py took 0.111 seconds
[2021-09-22 10:38:10,735] {processor.py:162} INFO - Started process (PID=54) to work on /home/airflow/.local/lib/python3.6/site-packages/airflow/example_dags/example_branch_day_of_week_operator.py
[2021-09-22 10:38:10,758] {processor.py:613} INFO - Processing file /home/airflow/.local/lib/python3.6/site-packages/airflow/example_dags/example_branch_day_of_week_operator.py for tasks to queue
[2021-09-22 10:38:10,759] {logging_mixin.py:109} INFO - [2021-09-22 10:38:10,759] {dagbag.py:496} INFO - Filling up the DagBag from /home/airflow/.local/lib/python3.6/site-packages/airflow/example_dags/example_branch_day_of_week_operator.py
[2021-09-22 10:38:10,854] {processor.py:623} INFO - DAG(s) dict_keys(['example_weekday_branch_operator']) retrieved from /home/airflow/.local/lib/python3.6/site-packages/airflow/example_dags/example_branch_day_of_week_operator.py
[2021-09-22 10:38:11,114] {logging_mixin.py:109} INFO - [2021-09-22 10:38:11,113] {dag.py:1834} INFO - Sync 1 DAGs
[2021-09-22 10:38:11,260] {logging_mixin.py:109} INFO - [2021-09-22 10:38:11,240] {dag.py:2287} INFO - Setting next_dagrun for example_weekday_branch_operator to 2021-09-20 00:00:00+00:00
[2021-09-22 10:38:11,361] {processor.py:170} INFO - Processing /home/airflow/.local/lib/python3.6/site-packages/airflow/example_dags/example_branch_day_of_week_operator.py took 0.659 seconds
[2021-09-22 10:38:41,770] {processor.py:162} INFO - Started process (PID=98) to work on /home/airflow/.local/lib/python3.6/site-packages/airflow/example_dags/example_branch_day_of_week_operator.py
[2021-09-22 10:38:41,782] {processor.py:613} INFO - Processing file /home/airflow/.local/lib/python3.6/site-packages/airflow/example_dags/example_branch_day_of_week_operator.py for tasks to queue
[2021-09-22 10:38:41,783] {logging_mixin.py:109} INFO - [2021-09-22 10:38:41,783] {dagbag.py:496} INFO - Filling up the DagBag from /home/airflow/.local/lib/python3.6/site-packages/airflow/example_dags/example_branch_day_of_week_operator.py
[2021-09-22 10:38:41,847] {processor.py:623} INFO - DAG(s) dict_keys(['example_weekday_branch_operator']) retrieved from /home/airflow/.local/lib/python3.6/site-packages/airflow/example_dags/example_branch_day_of_week_operator.py
[2021-09-22 10:38:42,009] {logging_mixin.py:109} INFO - [2021-09-22 10:38:42,009] {dag.py:1834} INFO - Sync 1 DAGs
[2021-09-22 10:38:42,066] {logging_mixin.py:109} INFO - [2021-09-22 10:38:42,066] {dag.py:2287} INFO - Setting next_dagrun for example_weekday_branch_operator to 2021-09-20 00:00:00+00:00
[2021-09-22 10:38:42,094] {processor.py:170} INFO - Processing /home/airflow/.local/lib/python3.6/site-packages/airflow/example_dags/example_branch_day_of_week_operator.py took 0.340 seconds
[2021-09-22 10:41:35,820] {processor.py:162} INFO - Started process (PID=45) to work on /home/airflow/.local/lib/python3.6/site-packages/airflow/example_dags/example_branch_day_of_week_operator.py
[2021-09-22 10:41:35,824] {processor.py:613} INFO - Processing file /home/airflow/.local/lib/python3.6/site-packages/airflow/example_dags/example_branch_day_of_week_operator.py for tasks to queue
[2021-09-22 10:41:35,827] {logging_mixin.py:109} INFO - [2021-09-22 10:41:35,827] {dagbag.py:496} INFO - Filling up the DagBag from /home/airflow/.local/lib/python3.6/site-packages/airflow/example_dags/example_branch_day_of_week_operator.py
[2021-09-22 10:41:35,891] {processor.py:623} INFO - DAG(s) dict_keys(['example_weekday_branch_operator']) retrieved from /home/airflow/.local/lib/python3.6/site-packages/airflow/example_dags/example_branch_day_of_week_operator.py
[2021-09-22 10:41:36,023] {logging_mixin.py:109} INFO - [2021-09-22 10:41:36,022] {dag.py:1834} INFO - Sync 1 DAGs
[2021-09-22 10:41:36,087] {logging_mixin.py:109} INFO - [2021-09-22 10:41:36,087] {dag.py:2287} INFO - Setting next_dagrun for example_weekday_branch_operator to 2021-09-20 00:00:00+00:00
[2021-09-22 10:41:36,116] {processor.py:170} INFO - Processing /home/airflow/.local/lib/python3.6/site-packages/airflow/example_dags/example_branch_day_of_week_operator.py took 0.316 seconds
[2021-09-22 10:42:07,025] {processor.py:162} INFO - Started process (PID=96) to work on /home/airflow/.local/lib/python3.6/site-packages/airflow/example_dags/example_branch_day_of_week_operator.py
[2021-09-22 10:42:07,028] {processor.py:613} INFO - Processing file /home/airflow/.local/lib/python3.6/site-packages/airflow/example_dags/example_branch_day_of_week_operator.py for tasks to queue
[2021-09-22 10:42:07,029] {logging_mixin.py:109} INFO - [2021-09-22 10:42:07,029] {dagbag.py:496} INFO - Filling up the DagBag from /home/airflow/.local/lib/python3.6/site-packages/airflow/example_dags/example_branch_day_of_week_operator.py
[2021-09-22 10:42:07,049] {processor.py:623} INFO - DAG(s) dict_keys(['example_weekday_branch_operator']) retrieved from /home/airflow/.local/lib/python3.6/site-packages/airflow/example_dags/example_branch_day_of_week_operator.py
[2021-09-22 10:42:07,080] {logging_mixin.py:109} INFO - [2021-09-22 10:42:07,080] {dag.py:1834} INFO - Sync 1 DAGs
[2021-09-22 10:42:07,103] {logging_mixin.py:109} INFO - [2021-09-22 10:42:07,103] {dag.py:2287} INFO - Setting next_dagrun for example_weekday_branch_operator to 2021-09-20 00:00:00+00:00
[2021-09-22 10:42:07,116] {processor.py:170} INFO - Processing /home/airflow/.local/lib/python3.6/site-packages/airflow/example_dags/example_branch_day_of_week_operator.py took 0.095 seconds
[2021-09-22 10:42:37,847] {processor.py:162} INFO - Started process (PID=159) to work on /home/airflow/.local/lib/python3.6/site-packages/airflow/example_dags/example_branch_day_of_week_operator.py
[2021-09-22 10:42:37,851] {processor.py:613} INFO - Processing file /home/airflow/.local/lib/python3.6/site-packages/airflow/example_dags/example_branch_day_of_week_operator.py for tasks to queue
[2021-09-22 10:42:37,852] {logging_mixin.py:109} INFO - [2021-09-22 10:42:37,852] {dagbag.py:496} INFO - Filling up the DagBag from /home/airflow/.local/lib/python3.6/site-packages/airflow/example_dags/example_branch_day_of_week_operator.py
[2021-09-22 10:42:37,887] {processor.py:623} INFO - DAG(s) dict_keys(['example_weekday_branch_operator']) retrieved from /home/airflow/.local/lib/python3.6/site-packages/airflow/example_dags/example_branch_day_of_week_operator.py
[2021-09-22 10:42:37,986] {logging_mixin.py:109} INFO - [2021-09-22 10:42:37,986] {dag.py:1834} INFO - Sync 1 DAGs
[2021-09-22 10:42:38,026] {logging_mixin.py:109} INFO - [2021-09-22 10:42:38,026] {dag.py:2287} INFO - Setting next_dagrun for example_weekday_branch_operator to 2021-09-20 00:00:00+00:00
[2021-09-22 10:42:38,079] {processor.py:170} INFO - Processing /home/airflow/.local/lib/python3.6/site-packages/airflow/example_dags/example_branch_day_of_week_operator.py took 0.235 seconds
[2021-09-22 10:43:08,489] {processor.py:162} INFO - Started process (PID=211) to work on /home/airflow/.local/lib/python3.6/site-packages/airflow/example_dags/example_branch_day_of_week_operator.py
[2021-09-22 10:43:08,494] {processor.py:613} INFO - Processing file /home/airflow/.local/lib/python3.6/site-packages/airflow/example_dags/example_branch_day_of_week_operator.py for tasks to queue
[2021-09-22 10:43:08,495] {logging_mixin.py:109} INFO - [2021-09-22 10:43:08,495] {dagbag.py:496} INFO - Filling up the DagBag from /home/airflow/.local/lib/python3.6/site-packages/airflow/example_dags/example_branch_day_of_week_operator.py
[2021-09-22 10:43:08,526] {processor.py:623} INFO - DAG(s) dict_keys(['example_weekday_branch_operator']) retrieved from /home/airflow/.local/lib/python3.6/site-packages/airflow/example_dags/example_branch_day_of_week_operator.py
[2021-09-22 10:43:08,592] {logging_mixin.py:109} INFO - [2021-09-22 10:43:08,592] {dag.py:1834} INFO - Sync 1 DAGs
[2021-09-22 10:43:08,635] {logging_mixin.py:109} INFO - [2021-09-22 10:43:08,635] {dag.py:2287} INFO - Setting next_dagrun for example_weekday_branch_operator to 2021-09-20 00:00:00+00:00
[2021-09-22 10:43:08,659] {processor.py:170} INFO - Processing /home/airflow/.local/lib/python3.6/site-packages/airflow/example_dags/example_branch_day_of_week_operator.py took 0.174 seconds
[2021-09-22 10:43:38,724] {processor.py:162} INFO - Started process (PID=273) to work on /home/airflow/.local/lib/python3.6/site-packages/airflow/example_dags/example_branch_day_of_week_operator.py
[2021-09-22 10:43:38,727] {processor.py:613} INFO - Processing file /home/airflow/.local/lib/python3.6/site-packages/airflow/example_dags/example_branch_day_of_week_operator.py for tasks to queue
[2021-09-22 10:43:38,728] {logging_mixin.py:109} INFO - [2021-09-22 10:43:38,728] {dagbag.py:496} INFO - Filling up the DagBag from /home/airflow/.local/lib/python3.6/site-packages/airflow/example_dags/example_branch_day_of_week_operator.py
[2021-09-22 10:43:38,742] {processor.py:623} INFO - DAG(s) dict_keys(['example_weekday_branch_operator']) retrieved from /home/airflow/.local/lib/python3.6/site-packages/airflow/example_dags/example_branch_day_of_week_operator.py
[2021-09-22 10:43:38,769] {logging_mixin.py:109} INFO - [2021-09-22 10:43:38,769] {dag.py:1834} INFO - Sync 1 DAGs
[2021-09-22 10:43:38,790] {logging_mixin.py:109} INFO - [2021-09-22 10:43:38,789] {dag.py:2287} INFO - Setting next_dagrun for example_weekday_branch_operator to 2021-09-20 00:00:00+00:00
[2021-09-22 10:43:38,800] {processor.py:170} INFO - Processing /home/airflow/.local/lib/python3.6/site-packages/airflow/example_dags/example_branch_day_of_week_operator.py took 0.081 seconds
[2021-09-22 10:44:09,445] {processor.py:162} INFO - Started process (PID=323) to work on /home/airflow/.local/lib/python3.6/site-packages/airflow/example_dags/example_branch_day_of_week_operator.py
[2021-09-22 10:44:09,446] {processor.py:613} INFO - Processing file /home/airflow/.local/lib/python3.6/site-packages/airflow/example_dags/example_branch_day_of_week_operator.py for tasks to queue
[2021-09-22 10:44:09,447] {logging_mixin.py:109} INFO - [2021-09-22 10:44:09,447] {dagbag.py:496} INFO - Filling up the DagBag from /home/airflow/.local/lib/python3.6/site-packages/airflow/example_dags/example_branch_day_of_week_operator.py
[2021-09-22 10:44:09,465] {processor.py:623} INFO - DAG(s) dict_keys(['example_weekday_branch_operator']) retrieved from /home/airflow/.local/lib/python3.6/site-packages/airflow/example_dags/example_branch_day_of_week_operator.py
[2021-09-22 10:44:09,501] {logging_mixin.py:109} INFO - [2021-09-22 10:44:09,501] {dag.py:1834} INFO - Sync 1 DAGs
[2021-09-22 10:44:09,524] {logging_mixin.py:109} INFO - [2021-09-22 10:44:09,524] {dag.py:2287} INFO - Setting next_dagrun for example_weekday_branch_operator to 2021-09-20 00:00:00+00:00
[2021-09-22 10:44:09,536] {processor.py:170} INFO - Processing /home/airflow/.local/lib/python3.6/site-packages/airflow/example_dags/example_branch_day_of_week_operator.py took 0.096 seconds
