[2021-09-22 10:26:18,513] {processor.py:162} INFO - Started process (PID=106) to work on /home/airflow/.local/lib/python3.6/site-packages/airflow/example_dags/example_latest_only.py
[2021-09-22 10:26:18,516] {processor.py:613} INFO - Processing file /home/airflow/.local/lib/python3.6/site-packages/airflow/example_dags/example_latest_only.py for tasks to queue
[2021-09-22 10:26:18,517] {logging_mixin.py:109} INFO - [2021-09-22 10:26:18,517] {dagbag.py:496} INFO - Filling up the DagBag from /home/airflow/.local/lib/python3.6/site-packages/airflow/example_dags/example_latest_only.py
[2021-09-22 10:26:18,536] {processor.py:623} INFO - DAG(s) dict_keys(['latest_only']) retrieved from /home/airflow/.local/lib/python3.6/site-packages/airflow/example_dags/example_latest_only.py
[2021-09-22 10:26:22,055] {logging_mixin.py:109} INFO - [2021-09-22 10:26:22,053] {dag.py:1834} INFO - Sync 1 DAGs
[2021-09-22 10:26:22,083] {logging_mixin.py:109} INFO - [2021-09-22 10:26:22,081] {dag.py:1853} INFO - Creating ORM DAG for latest_only
[2021-09-22 10:26:22,092] {logging_mixin.py:109} INFO - [2021-09-22 10:26:22,092] {dag.py:2287} INFO - Setting next_dagrun for latest_only to 2021-09-20 00:00:00+00:00
[2021-09-22 10:26:22,143] {processor.py:170} INFO - Processing /home/airflow/.local/lib/python3.6/site-packages/airflow/example_dags/example_latest_only.py took 3.636 seconds
[2021-09-22 10:27:23,476] {processor.py:162} INFO - Started process (PID=216) to work on /home/airflow/.local/lib/python3.6/site-packages/airflow/example_dags/example_latest_only.py
[2021-09-22 10:27:23,483] {processor.py:613} INFO - Processing file /home/airflow/.local/lib/python3.6/site-packages/airflow/example_dags/example_latest_only.py for tasks to queue
[2021-09-22 10:27:23,484] {logging_mixin.py:109} INFO - [2021-09-22 10:27:23,484] {dagbag.py:496} INFO - Filling up the DagBag from /home/airflow/.local/lib/python3.6/site-packages/airflow/example_dags/example_latest_only.py
[2021-09-22 10:27:23,527] {processor.py:623} INFO - DAG(s) dict_keys(['latest_only']) retrieved from /home/airflow/.local/lib/python3.6/site-packages/airflow/example_dags/example_latest_only.py
[2021-09-22 10:27:23,635] {logging_mixin.py:109} INFO - [2021-09-22 10:27:23,635] {dag.py:1834} INFO - Sync 1 DAGs
[2021-09-22 10:27:23,685] {logging_mixin.py:109} INFO - [2021-09-22 10:27:23,684] {dag.py:2287} INFO - Setting next_dagrun for latest_only to 2021-09-20 00:00:00+00:00
[2021-09-22 10:27:23,719] {processor.py:170} INFO - Processing /home/airflow/.local/lib/python3.6/site-packages/airflow/example_dags/example_latest_only.py took 0.259 seconds
[2021-09-22 10:27:54,731] {processor.py:162} INFO - Started process (PID=276) to work on /home/airflow/.local/lib/python3.6/site-packages/airflow/example_dags/example_latest_only.py
[2021-09-22 10:27:54,736] {processor.py:613} INFO - Processing file /home/airflow/.local/lib/python3.6/site-packages/airflow/example_dags/example_latest_only.py for tasks to queue
[2021-09-22 10:27:54,737] {logging_mixin.py:109} INFO - [2021-09-22 10:27:54,737] {dagbag.py:496} INFO - Filling up the DagBag from /home/airflow/.local/lib/python3.6/site-packages/airflow/example_dags/example_latest_only.py
[2021-09-22 10:27:54,761] {processor.py:623} INFO - DAG(s) dict_keys(['latest_only']) retrieved from /home/airflow/.local/lib/python3.6/site-packages/airflow/example_dags/example_latest_only.py
[2021-09-22 10:27:54,855] {logging_mixin.py:109} INFO - [2021-09-22 10:27:54,855] {dag.py:1834} INFO - Sync 1 DAGs
[2021-09-22 10:27:54,915] {logging_mixin.py:109} INFO - [2021-09-22 10:27:54,915] {dag.py:2287} INFO - Setting next_dagrun for latest_only to 2021-09-20 00:00:00+00:00
[2021-09-22 10:27:54,961] {processor.py:170} INFO - Processing /home/airflow/.local/lib/python3.6/site-packages/airflow/example_dags/example_latest_only.py took 0.240 seconds
[2021-09-22 10:28:25,297] {processor.py:162} INFO - Started process (PID=327) to work on /home/airflow/.local/lib/python3.6/site-packages/airflow/example_dags/example_latest_only.py
[2021-09-22 10:28:25,298] {processor.py:613} INFO - Processing file /home/airflow/.local/lib/python3.6/site-packages/airflow/example_dags/example_latest_only.py for tasks to queue
[2021-09-22 10:28:25,299] {logging_mixin.py:109} INFO - [2021-09-22 10:28:25,299] {dagbag.py:496} INFO - Filling up the DagBag from /home/airflow/.local/lib/python3.6/site-packages/airflow/example_dags/example_latest_only.py
[2021-09-22 10:28:25,313] {processor.py:623} INFO - DAG(s) dict_keys(['latest_only']) retrieved from /home/airflow/.local/lib/python3.6/site-packages/airflow/example_dags/example_latest_only.py
[2021-09-22 10:28:25,350] {logging_mixin.py:109} INFO - [2021-09-22 10:28:25,350] {dag.py:1834} INFO - Sync 1 DAGs
[2021-09-22 10:28:25,366] {logging_mixin.py:109} INFO - [2021-09-22 10:28:25,366] {dag.py:2287} INFO - Setting next_dagrun for latest_only to 2021-09-20 00:00:00+00:00
[2021-09-22 10:28:25,376] {processor.py:170} INFO - Processing /home/airflow/.local/lib/python3.6/site-packages/airflow/example_dags/example_latest_only.py took 0.082 seconds
[2021-09-22 10:28:56,104] {processor.py:162} INFO - Started process (PID=385) to work on /home/airflow/.local/lib/python3.6/site-packages/airflow/example_dags/example_latest_only.py
[2021-09-22 10:28:56,134] {processor.py:613} INFO - Processing file /home/airflow/.local/lib/python3.6/site-packages/airflow/example_dags/example_latest_only.py for tasks to queue
[2021-09-22 10:28:56,141] {logging_mixin.py:109} INFO - [2021-09-22 10:28:56,135] {dagbag.py:496} INFO - Filling up the DagBag from /home/airflow/.local/lib/python3.6/site-packages/airflow/example_dags/example_latest_only.py
[2021-09-22 10:28:56,177] {processor.py:623} INFO - DAG(s) dict_keys(['latest_only']) retrieved from /home/airflow/.local/lib/python3.6/site-packages/airflow/example_dags/example_latest_only.py
[2021-09-22 10:28:56,217] {logging_mixin.py:109} INFO - [2021-09-22 10:28:56,217] {dag.py:1834} INFO - Sync 1 DAGs
[2021-09-22 10:28:56,256] {logging_mixin.py:109} INFO - [2021-09-22 10:28:56,256] {dag.py:2287} INFO - Setting next_dagrun for latest_only to 2021-09-20 00:00:00+00:00
[2021-09-22 10:28:56,310] {processor.py:170} INFO - Processing /home/airflow/.local/lib/python3.6/site-packages/airflow/example_dags/example_latest_only.py took 0.212 seconds
[2021-09-22 10:29:26,835] {processor.py:162} INFO - Started process (PID=437) to work on /home/airflow/.local/lib/python3.6/site-packages/airflow/example_dags/example_latest_only.py
[2021-09-22 10:29:26,836] {processor.py:613} INFO - Processing file /home/airflow/.local/lib/python3.6/site-packages/airflow/example_dags/example_latest_only.py for tasks to queue
[2021-09-22 10:29:26,837] {logging_mixin.py:109} INFO - [2021-09-22 10:29:26,836] {dagbag.py:496} INFO - Filling up the DagBag from /home/airflow/.local/lib/python3.6/site-packages/airflow/example_dags/example_latest_only.py
[2021-09-22 10:29:26,918] {processor.py:623} INFO - DAG(s) dict_keys(['latest_only']) retrieved from /home/airflow/.local/lib/python3.6/site-packages/airflow/example_dags/example_latest_only.py
[2021-09-22 10:29:27,086] {logging_mixin.py:109} INFO - [2021-09-22 10:29:27,086] {dag.py:1834} INFO - Sync 1 DAGs
[2021-09-22 10:29:27,157] {logging_mixin.py:109} INFO - [2021-09-22 10:29:27,157] {dag.py:2287} INFO - Setting next_dagrun for latest_only to 2021-09-20 00:00:00+00:00
[2021-09-22 10:29:27,212] {processor.py:170} INFO - Processing /home/airflow/.local/lib/python3.6/site-packages/airflow/example_dags/example_latest_only.py took 0.415 seconds
[2021-09-22 10:29:57,485] {processor.py:162} INFO - Started process (PID=488) to work on /home/airflow/.local/lib/python3.6/site-packages/airflow/example_dags/example_latest_only.py
[2021-09-22 10:29:57,491] {processor.py:613} INFO - Processing file /home/airflow/.local/lib/python3.6/site-packages/airflow/example_dags/example_latest_only.py for tasks to queue
[2021-09-22 10:29:57,491] {logging_mixin.py:109} INFO - [2021-09-22 10:29:57,491] {dagbag.py:496} INFO - Filling up the DagBag from /home/airflow/.local/lib/python3.6/site-packages/airflow/example_dags/example_latest_only.py
[2021-09-22 10:29:57,514] {processor.py:623} INFO - DAG(s) dict_keys(['latest_only']) retrieved from /home/airflow/.local/lib/python3.6/site-packages/airflow/example_dags/example_latest_only.py
[2021-09-22 10:29:57,551] {logging_mixin.py:109} INFO - [2021-09-22 10:29:57,550] {dag.py:1834} INFO - Sync 1 DAGs
[2021-09-22 10:29:57,567] {logging_mixin.py:109} INFO - [2021-09-22 10:29:57,567] {dag.py:2287} INFO - Setting next_dagrun for latest_only to 2021-09-20 00:00:00+00:00
[2021-09-22 10:29:57,576] {processor.py:170} INFO - Processing /home/airflow/.local/lib/python3.6/site-packages/airflow/example_dags/example_latest_only.py took 0.099 seconds
[2021-09-22 10:30:28,620] {processor.py:162} INFO - Started process (PID=548) to work on /home/airflow/.local/lib/python3.6/site-packages/airflow/example_dags/example_latest_only.py
[2021-09-22 10:30:28,625] {processor.py:613} INFO - Processing file /home/airflow/.local/lib/python3.6/site-packages/airflow/example_dags/example_latest_only.py for tasks to queue
[2021-09-22 10:30:28,626] {logging_mixin.py:109} INFO - [2021-09-22 10:30:28,626] {dagbag.py:496} INFO - Filling up the DagBag from /home/airflow/.local/lib/python3.6/site-packages/airflow/example_dags/example_latest_only.py
[2021-09-22 10:30:28,645] {processor.py:623} INFO - DAG(s) dict_keys(['latest_only']) retrieved from /home/airflow/.local/lib/python3.6/site-packages/airflow/example_dags/example_latest_only.py
[2021-09-22 10:30:28,712] {logging_mixin.py:109} INFO - [2021-09-22 10:30:28,712] {dag.py:1834} INFO - Sync 1 DAGs
[2021-09-22 10:30:28,733] {logging_mixin.py:109} INFO - [2021-09-22 10:30:28,733] {dag.py:2287} INFO - Setting next_dagrun for latest_only to 2021-09-20 00:00:00+00:00
[2021-09-22 10:30:28,746] {processor.py:170} INFO - Processing /home/airflow/.local/lib/python3.6/site-packages/airflow/example_dags/example_latest_only.py took 0.134 seconds
[2021-09-22 10:30:59,721] {processor.py:162} INFO - Started process (PID=604) to work on /home/airflow/.local/lib/python3.6/site-packages/airflow/example_dags/example_latest_only.py
[2021-09-22 10:30:59,724] {processor.py:613} INFO - Processing file /home/airflow/.local/lib/python3.6/site-packages/airflow/example_dags/example_latest_only.py for tasks to queue
[2021-09-22 10:30:59,725] {logging_mixin.py:109} INFO - [2021-09-22 10:30:59,725] {dagbag.py:496} INFO - Filling up the DagBag from /home/airflow/.local/lib/python3.6/site-packages/airflow/example_dags/example_latest_only.py
[2021-09-22 10:30:59,750] {processor.py:623} INFO - DAG(s) dict_keys(['latest_only']) retrieved from /home/airflow/.local/lib/python3.6/site-packages/airflow/example_dags/example_latest_only.py
[2021-09-22 10:30:59,782] {logging_mixin.py:109} INFO - [2021-09-22 10:30:59,782] {dag.py:1834} INFO - Sync 1 DAGs
[2021-09-22 10:30:59,803] {logging_mixin.py:109} INFO - [2021-09-22 10:30:59,803] {dag.py:2287} INFO - Setting next_dagrun for latest_only to 2021-09-20 00:00:00+00:00
[2021-09-22 10:30:59,820] {processor.py:170} INFO - Processing /home/airflow/.local/lib/python3.6/site-packages/airflow/example_dags/example_latest_only.py took 0.103 seconds
[2021-09-22 10:31:29,893] {processor.py:162} INFO - Started process (PID=656) to work on /home/airflow/.local/lib/python3.6/site-packages/airflow/example_dags/example_latest_only.py
[2021-09-22 10:31:29,894] {processor.py:613} INFO - Processing file /home/airflow/.local/lib/python3.6/site-packages/airflow/example_dags/example_latest_only.py for tasks to queue
[2021-09-22 10:31:29,895] {logging_mixin.py:109} INFO - [2021-09-22 10:31:29,894] {dagbag.py:496} INFO - Filling up the DagBag from /home/airflow/.local/lib/python3.6/site-packages/airflow/example_dags/example_latest_only.py
[2021-09-22 10:31:29,909] {processor.py:623} INFO - DAG(s) dict_keys(['latest_only']) retrieved from /home/airflow/.local/lib/python3.6/site-packages/airflow/example_dags/example_latest_only.py
[2021-09-22 10:31:29,935] {logging_mixin.py:109} INFO - [2021-09-22 10:31:29,935] {dag.py:1834} INFO - Sync 1 DAGs
[2021-09-22 10:31:29,952] {logging_mixin.py:109} INFO - [2021-09-22 10:31:29,952] {dag.py:2287} INFO - Setting next_dagrun for latest_only to 2021-09-20 00:00:00+00:00
[2021-09-22 10:31:29,964] {processor.py:170} INFO - Processing /home/airflow/.local/lib/python3.6/site-packages/airflow/example_dags/example_latest_only.py took 0.076 seconds
[2021-09-22 10:32:00,382] {processor.py:162} INFO - Started process (PID=718) to work on /home/airflow/.local/lib/python3.6/site-packages/airflow/example_dags/example_latest_only.py
[2021-09-22 10:32:00,386] {processor.py:613} INFO - Processing file /home/airflow/.local/lib/python3.6/site-packages/airflow/example_dags/example_latest_only.py for tasks to queue
[2021-09-22 10:32:00,387] {logging_mixin.py:109} INFO - [2021-09-22 10:32:00,386] {dagbag.py:496} INFO - Filling up the DagBag from /home/airflow/.local/lib/python3.6/site-packages/airflow/example_dags/example_latest_only.py
[2021-09-22 10:32:00,434] {processor.py:623} INFO - DAG(s) dict_keys(['latest_only']) retrieved from /home/airflow/.local/lib/python3.6/site-packages/airflow/example_dags/example_latest_only.py
[2021-09-22 10:32:00,461] {logging_mixin.py:109} INFO - [2021-09-22 10:32:00,461] {dag.py:1834} INFO - Sync 1 DAGs
[2021-09-22 10:32:00,479] {logging_mixin.py:109} INFO - [2021-09-22 10:32:00,479] {dag.py:2287} INFO - Setting next_dagrun for latest_only to 2021-09-20 00:00:00+00:00
[2021-09-22 10:32:00,496] {processor.py:170} INFO - Processing /home/airflow/.local/lib/python3.6/site-packages/airflow/example_dags/example_latest_only.py took 0.121 seconds
[2021-09-22 10:32:30,653] {processor.py:162} INFO - Started process (PID=770) to work on /home/airflow/.local/lib/python3.6/site-packages/airflow/example_dags/example_latest_only.py
[2021-09-22 10:32:30,656] {processor.py:613} INFO - Processing file /home/airflow/.local/lib/python3.6/site-packages/airflow/example_dags/example_latest_only.py for tasks to queue
[2021-09-22 10:32:30,657] {logging_mixin.py:109} INFO - [2021-09-22 10:32:30,656] {dagbag.py:496} INFO - Filling up the DagBag from /home/airflow/.local/lib/python3.6/site-packages/airflow/example_dags/example_latest_only.py
[2021-09-22 10:32:30,680] {processor.py:623} INFO - DAG(s) dict_keys(['latest_only']) retrieved from /home/airflow/.local/lib/python3.6/site-packages/airflow/example_dags/example_latest_only.py
[2021-09-22 10:32:30,722] {logging_mixin.py:109} INFO - [2021-09-22 10:32:30,722] {dag.py:1834} INFO - Sync 1 DAGs
[2021-09-22 10:32:30,749] {logging_mixin.py:109} INFO - [2021-09-22 10:32:30,749] {dag.py:2287} INFO - Setting next_dagrun for latest_only to 2021-09-20 00:00:00+00:00
[2021-09-22 10:32:30,761] {processor.py:170} INFO - Processing /home/airflow/.local/lib/python3.6/site-packages/airflow/example_dags/example_latest_only.py took 0.121 seconds
[2021-09-22 10:33:01,423] {processor.py:162} INFO - Started process (PID=830) to work on /home/airflow/.local/lib/python3.6/site-packages/airflow/example_dags/example_latest_only.py
[2021-09-22 10:33:01,425] {processor.py:613} INFO - Processing file /home/airflow/.local/lib/python3.6/site-packages/airflow/example_dags/example_latest_only.py for tasks to queue
[2021-09-22 10:33:01,426] {logging_mixin.py:109} INFO - [2021-09-22 10:33:01,426] {dagbag.py:496} INFO - Filling up the DagBag from /home/airflow/.local/lib/python3.6/site-packages/airflow/example_dags/example_latest_only.py
[2021-09-22 10:33:01,448] {processor.py:623} INFO - DAG(s) dict_keys(['latest_only']) retrieved from /home/airflow/.local/lib/python3.6/site-packages/airflow/example_dags/example_latest_only.py
[2021-09-22 10:33:01,484] {logging_mixin.py:109} INFO - [2021-09-22 10:33:01,484] {dag.py:1834} INFO - Sync 1 DAGs
[2021-09-22 10:33:01,507] {logging_mixin.py:109} INFO - [2021-09-22 10:33:01,506] {dag.py:2287} INFO - Setting next_dagrun for latest_only to 2021-09-20 00:00:00+00:00
[2021-09-22 10:33:01,519] {processor.py:170} INFO - Processing /home/airflow/.local/lib/python3.6/site-packages/airflow/example_dags/example_latest_only.py took 0.109 seconds
[2021-09-22 10:33:32,074] {processor.py:162} INFO - Started process (PID=882) to work on /home/airflow/.local/lib/python3.6/site-packages/airflow/example_dags/example_latest_only.py
[2021-09-22 10:33:32,076] {processor.py:613} INFO - Processing file /home/airflow/.local/lib/python3.6/site-packages/airflow/example_dags/example_latest_only.py for tasks to queue
[2021-09-22 10:33:32,076] {logging_mixin.py:109} INFO - [2021-09-22 10:33:32,076] {dagbag.py:496} INFO - Filling up the DagBag from /home/airflow/.local/lib/python3.6/site-packages/airflow/example_dags/example_latest_only.py
[2021-09-22 10:33:32,100] {processor.py:623} INFO - DAG(s) dict_keys(['latest_only']) retrieved from /home/airflow/.local/lib/python3.6/site-packages/airflow/example_dags/example_latest_only.py
[2021-09-22 10:33:32,178] {logging_mixin.py:109} INFO - [2021-09-22 10:33:32,178] {dag.py:1834} INFO - Sync 1 DAGs
[2021-09-22 10:33:32,204] {logging_mixin.py:109} INFO - [2021-09-22 10:33:32,203] {dag.py:2287} INFO - Setting next_dagrun for latest_only to 2021-09-20 00:00:00+00:00
[2021-09-22 10:33:32,235] {processor.py:170} INFO - Processing /home/airflow/.local/lib/python3.6/site-packages/airflow/example_dags/example_latest_only.py took 0.179 seconds
[2021-09-22 10:34:02,634] {processor.py:162} INFO - Started process (PID=942) to work on /home/airflow/.local/lib/python3.6/site-packages/airflow/example_dags/example_latest_only.py
[2021-09-22 10:34:02,636] {processor.py:613} INFO - Processing file /home/airflow/.local/lib/python3.6/site-packages/airflow/example_dags/example_latest_only.py for tasks to queue
[2021-09-22 10:34:02,636] {logging_mixin.py:109} INFO - [2021-09-22 10:34:02,636] {dagbag.py:496} INFO - Filling up the DagBag from /home/airflow/.local/lib/python3.6/site-packages/airflow/example_dags/example_latest_only.py
[2021-09-22 10:34:02,653] {processor.py:623} INFO - DAG(s) dict_keys(['latest_only']) retrieved from /home/airflow/.local/lib/python3.6/site-packages/airflow/example_dags/example_latest_only.py
[2021-09-22 10:34:02,688] {logging_mixin.py:109} INFO - [2021-09-22 10:34:02,687] {dag.py:1834} INFO - Sync 1 DAGs
[2021-09-22 10:34:02,710] {logging_mixin.py:109} INFO - [2021-09-22 10:34:02,710] {dag.py:2287} INFO - Setting next_dagrun for latest_only to 2021-09-20 00:00:00+00:00
[2021-09-22 10:34:02,724] {processor.py:170} INFO - Processing /home/airflow/.local/lib/python3.6/site-packages/airflow/example_dags/example_latest_only.py took 0.096 seconds
[2021-09-22 10:34:33,032] {processor.py:162} INFO - Started process (PID=993) to work on /home/airflow/.local/lib/python3.6/site-packages/airflow/example_dags/example_latest_only.py
[2021-09-22 10:34:33,036] {processor.py:613} INFO - Processing file /home/airflow/.local/lib/python3.6/site-packages/airflow/example_dags/example_latest_only.py for tasks to queue
[2021-09-22 10:34:33,037] {logging_mixin.py:109} INFO - [2021-09-22 10:34:33,036] {dagbag.py:496} INFO - Filling up the DagBag from /home/airflow/.local/lib/python3.6/site-packages/airflow/example_dags/example_latest_only.py
[2021-09-22 10:34:33,059] {processor.py:623} INFO - DAG(s) dict_keys(['latest_only']) retrieved from /home/airflow/.local/lib/python3.6/site-packages/airflow/example_dags/example_latest_only.py
[2021-09-22 10:34:33,095] {logging_mixin.py:109} INFO - [2021-09-22 10:34:33,095] {dag.py:1834} INFO - Sync 1 DAGs
[2021-09-22 10:34:33,123] {logging_mixin.py:109} INFO - [2021-09-22 10:34:33,123] {dag.py:2287} INFO - Setting next_dagrun for latest_only to 2021-09-20 00:00:00+00:00
[2021-09-22 10:34:33,143] {processor.py:170} INFO - Processing /home/airflow/.local/lib/python3.6/site-packages/airflow/example_dags/example_latest_only.py took 0.115 seconds
[2021-09-22 10:35:03,540] {processor.py:162} INFO - Started process (PID=1052) to work on /home/airflow/.local/lib/python3.6/site-packages/airflow/example_dags/example_latest_only.py
[2021-09-22 10:35:03,543] {processor.py:613} INFO - Processing file /home/airflow/.local/lib/python3.6/site-packages/airflow/example_dags/example_latest_only.py for tasks to queue
[2021-09-22 10:35:03,544] {logging_mixin.py:109} INFO - [2021-09-22 10:35:03,544] {dagbag.py:496} INFO - Filling up the DagBag from /home/airflow/.local/lib/python3.6/site-packages/airflow/example_dags/example_latest_only.py
[2021-09-22 10:35:03,580] {processor.py:623} INFO - DAG(s) dict_keys(['latest_only']) retrieved from /home/airflow/.local/lib/python3.6/site-packages/airflow/example_dags/example_latest_only.py
[2021-09-22 10:35:03,616] {logging_mixin.py:109} INFO - [2021-09-22 10:35:03,616] {dag.py:1834} INFO - Sync 1 DAGs
[2021-09-22 10:35:03,635] {logging_mixin.py:109} INFO - [2021-09-22 10:35:03,635] {dag.py:2287} INFO - Setting next_dagrun for latest_only to 2021-09-20 00:00:00+00:00
[2021-09-22 10:35:03,655] {processor.py:170} INFO - Processing /home/airflow/.local/lib/python3.6/site-packages/airflow/example_dags/example_latest_only.py took 0.129 seconds
[2021-09-22 10:35:34,273] {processor.py:162} INFO - Started process (PID=1105) to work on /home/airflow/.local/lib/python3.6/site-packages/airflow/example_dags/example_latest_only.py
[2021-09-22 10:35:34,274] {processor.py:613} INFO - Processing file /home/airflow/.local/lib/python3.6/site-packages/airflow/example_dags/example_latest_only.py for tasks to queue
[2021-09-22 10:35:34,275] {logging_mixin.py:109} INFO - [2021-09-22 10:35:34,275] {dagbag.py:496} INFO - Filling up the DagBag from /home/airflow/.local/lib/python3.6/site-packages/airflow/example_dags/example_latest_only.py
[2021-09-22 10:35:34,290] {processor.py:623} INFO - DAG(s) dict_keys(['latest_only']) retrieved from /home/airflow/.local/lib/python3.6/site-packages/airflow/example_dags/example_latest_only.py
[2021-09-22 10:35:34,322] {logging_mixin.py:109} INFO - [2021-09-22 10:35:34,322] {dag.py:1834} INFO - Sync 1 DAGs
[2021-09-22 10:35:34,343] {logging_mixin.py:109} INFO - [2021-09-22 10:35:34,343] {dag.py:2287} INFO - Setting next_dagrun for latest_only to 2021-09-20 00:00:00+00:00
[2021-09-22 10:35:34,356] {processor.py:170} INFO - Processing /home/airflow/.local/lib/python3.6/site-packages/airflow/example_dags/example_latest_only.py took 0.087 seconds
[2021-09-22 10:36:04,476] {processor.py:162} INFO - Started process (PID=1155) to work on /home/airflow/.local/lib/python3.6/site-packages/airflow/example_dags/example_latest_only.py
[2021-09-22 10:36:04,480] {processor.py:613} INFO - Processing file /home/airflow/.local/lib/python3.6/site-packages/airflow/example_dags/example_latest_only.py for tasks to queue
[2021-09-22 10:36:04,484] {logging_mixin.py:109} INFO - [2021-09-22 10:36:04,483] {dagbag.py:496} INFO - Filling up the DagBag from /home/airflow/.local/lib/python3.6/site-packages/airflow/example_dags/example_latest_only.py
[2021-09-22 10:36:04,537] {processor.py:623} INFO - DAG(s) dict_keys(['latest_only']) retrieved from /home/airflow/.local/lib/python3.6/site-packages/airflow/example_dags/example_latest_only.py
[2021-09-22 10:36:04,662] {logging_mixin.py:109} INFO - [2021-09-22 10:36:04,662] {dag.py:1834} INFO - Sync 1 DAGs
[2021-09-22 10:36:04,827] {logging_mixin.py:109} INFO - [2021-09-22 10:36:04,827] {dag.py:2287} INFO - Setting next_dagrun for latest_only to 2021-09-20 00:00:00+00:00
[2021-09-22 10:36:04,925] {processor.py:170} INFO - Processing /home/airflow/.local/lib/python3.6/site-packages/airflow/example_dags/example_latest_only.py took 0.466 seconds
[2021-09-22 10:36:35,245] {processor.py:162} INFO - Started process (PID=1217) to work on /home/airflow/.local/lib/python3.6/site-packages/airflow/example_dags/example_latest_only.py
[2021-09-22 10:36:35,247] {processor.py:613} INFO - Processing file /home/airflow/.local/lib/python3.6/site-packages/airflow/example_dags/example_latest_only.py for tasks to queue
[2021-09-22 10:36:35,248] {logging_mixin.py:109} INFO - [2021-09-22 10:36:35,248] {dagbag.py:496} INFO - Filling up the DagBag from /home/airflow/.local/lib/python3.6/site-packages/airflow/example_dags/example_latest_only.py
[2021-09-22 10:36:35,263] {processor.py:623} INFO - DAG(s) dict_keys(['latest_only']) retrieved from /home/airflow/.local/lib/python3.6/site-packages/airflow/example_dags/example_latest_only.py
[2021-09-22 10:36:35,301] {logging_mixin.py:109} INFO - [2021-09-22 10:36:35,301] {dag.py:1834} INFO - Sync 1 DAGs
[2021-09-22 10:36:35,321] {logging_mixin.py:109} INFO - [2021-09-22 10:36:35,321] {dag.py:2287} INFO - Setting next_dagrun for latest_only to 2021-09-20 00:00:00+00:00
[2021-09-22 10:36:35,333] {processor.py:170} INFO - Processing /home/airflow/.local/lib/python3.6/site-packages/airflow/example_dags/example_latest_only.py took 0.093 seconds
[2021-09-22 10:38:14,832] {processor.py:162} INFO - Started process (PID=66) to work on /home/airflow/.local/lib/python3.6/site-packages/airflow/example_dags/example_latest_only.py
[2021-09-22 10:38:14,858] {processor.py:613} INFO - Processing file /home/airflow/.local/lib/python3.6/site-packages/airflow/example_dags/example_latest_only.py for tasks to queue
[2021-09-22 10:38:14,859] {logging_mixin.py:109} INFO - [2021-09-22 10:38:14,859] {dagbag.py:496} INFO - Filling up the DagBag from /home/airflow/.local/lib/python3.6/site-packages/airflow/example_dags/example_latest_only.py
[2021-09-22 10:38:14,942] {processor.py:623} INFO - DAG(s) dict_keys(['latest_only']) retrieved from /home/airflow/.local/lib/python3.6/site-packages/airflow/example_dags/example_latest_only.py
[2021-09-22 10:38:15,170] {logging_mixin.py:109} INFO - [2021-09-22 10:38:15,169] {dag.py:1834} INFO - Sync 1 DAGs
[2021-09-22 10:38:15,275] {logging_mixin.py:109} INFO - [2021-09-22 10:38:15,275] {dag.py:2287} INFO - Setting next_dagrun for latest_only to 2021-09-20 00:00:00+00:00
[2021-09-22 10:38:15,397] {processor.py:170} INFO - Processing /home/airflow/.local/lib/python3.6/site-packages/airflow/example_dags/example_latest_only.py took 0.582 seconds
[2021-09-22 10:38:46,107] {processor.py:162} INFO - Started process (PID=117) to work on /home/airflow/.local/lib/python3.6/site-packages/airflow/example_dags/example_latest_only.py
[2021-09-22 10:38:46,128] {processor.py:613} INFO - Processing file /home/airflow/.local/lib/python3.6/site-packages/airflow/example_dags/example_latest_only.py for tasks to queue
[2021-09-22 10:38:46,129] {logging_mixin.py:109} INFO - [2021-09-22 10:38:46,129] {dagbag.py:496} INFO - Filling up the DagBag from /home/airflow/.local/lib/python3.6/site-packages/airflow/example_dags/example_latest_only.py
[2021-09-22 10:38:46,175] {processor.py:623} INFO - DAG(s) dict_keys(['latest_only']) retrieved from /home/airflow/.local/lib/python3.6/site-packages/airflow/example_dags/example_latest_only.py
[2021-09-22 10:38:46,257] {logging_mixin.py:109} INFO - [2021-09-22 10:38:46,256] {dag.py:1834} INFO - Sync 1 DAGs
[2021-09-22 10:38:46,317] {logging_mixin.py:109} INFO - [2021-09-22 10:38:46,317] {dag.py:2287} INFO - Setting next_dagrun for latest_only to 2021-09-20 00:00:00+00:00
[2021-09-22 10:38:46,410] {processor.py:170} INFO - Processing /home/airflow/.local/lib/python3.6/site-packages/airflow/example_dags/example_latest_only.py took 0.307 seconds
[2021-09-22 10:41:37,485] {processor.py:162} INFO - Started process (PID=54) to work on /home/airflow/.local/lib/python3.6/site-packages/airflow/example_dags/example_latest_only.py
[2021-09-22 10:41:37,491] {processor.py:613} INFO - Processing file /home/airflow/.local/lib/python3.6/site-packages/airflow/example_dags/example_latest_only.py for tasks to queue
[2021-09-22 10:41:37,502] {logging_mixin.py:109} INFO - [2021-09-22 10:41:37,492] {dagbag.py:496} INFO - Filling up the DagBag from /home/airflow/.local/lib/python3.6/site-packages/airflow/example_dags/example_latest_only.py
[2021-09-22 10:41:37,551] {processor.py:623} INFO - DAG(s) dict_keys(['latest_only']) retrieved from /home/airflow/.local/lib/python3.6/site-packages/airflow/example_dags/example_latest_only.py
[2021-09-22 10:41:37,646] {logging_mixin.py:109} INFO - [2021-09-22 10:41:37,646] {dag.py:1834} INFO - Sync 1 DAGs
[2021-09-22 10:41:37,725] {logging_mixin.py:109} INFO - [2021-09-22 10:41:37,725] {dag.py:2287} INFO - Setting next_dagrun for latest_only to 2021-09-20 00:00:00+00:00
[2021-09-22 10:41:37,809] {processor.py:170} INFO - Processing /home/airflow/.local/lib/python3.6/site-packages/airflow/example_dags/example_latest_only.py took 0.332 seconds
[2021-09-22 10:42:08,506] {processor.py:162} INFO - Started process (PID=105) to work on /home/airflow/.local/lib/python3.6/site-packages/airflow/example_dags/example_latest_only.py
[2021-09-22 10:42:08,507] {processor.py:613} INFO - Processing file /home/airflow/.local/lib/python3.6/site-packages/airflow/example_dags/example_latest_only.py for tasks to queue
[2021-09-22 10:42:08,508] {logging_mixin.py:109} INFO - [2021-09-22 10:42:08,507] {dagbag.py:496} INFO - Filling up the DagBag from /home/airflow/.local/lib/python3.6/site-packages/airflow/example_dags/example_latest_only.py
[2021-09-22 10:42:08,528] {processor.py:623} INFO - DAG(s) dict_keys(['latest_only']) retrieved from /home/airflow/.local/lib/python3.6/site-packages/airflow/example_dags/example_latest_only.py
[2021-09-22 10:42:08,563] {logging_mixin.py:109} INFO - [2021-09-22 10:42:08,563] {dag.py:1834} INFO - Sync 1 DAGs
[2021-09-22 10:42:08,589] {logging_mixin.py:109} INFO - [2021-09-22 10:42:08,589] {dag.py:2287} INFO - Setting next_dagrun for latest_only to 2021-09-20 00:00:00+00:00
[2021-09-22 10:42:08,615] {processor.py:170} INFO - Processing /home/airflow/.local/lib/python3.6/site-packages/airflow/example_dags/example_latest_only.py took 0.113 seconds
[2021-09-22 10:42:38,759] {processor.py:162} INFO - Started process (PID=168) to work on /home/airflow/.local/lib/python3.6/site-packages/airflow/example_dags/example_latest_only.py
[2021-09-22 10:42:38,761] {processor.py:613} INFO - Processing file /home/airflow/.local/lib/python3.6/site-packages/airflow/example_dags/example_latest_only.py for tasks to queue
[2021-09-22 10:42:38,762] {logging_mixin.py:109} INFO - [2021-09-22 10:42:38,762] {dagbag.py:496} INFO - Filling up the DagBag from /home/airflow/.local/lib/python3.6/site-packages/airflow/example_dags/example_latest_only.py
[2021-09-22 10:42:38,773] {processor.py:623} INFO - DAG(s) dict_keys(['latest_only']) retrieved from /home/airflow/.local/lib/python3.6/site-packages/airflow/example_dags/example_latest_only.py
[2021-09-22 10:42:38,792] {logging_mixin.py:109} INFO - [2021-09-22 10:42:38,792] {dag.py:1834} INFO - Sync 1 DAGs
[2021-09-22 10:42:38,806] {logging_mixin.py:109} INFO - [2021-09-22 10:42:38,806] {dag.py:2287} INFO - Setting next_dagrun for latest_only to 2021-09-20 00:00:00+00:00
[2021-09-22 10:42:38,815] {processor.py:170} INFO - Processing /home/airflow/.local/lib/python3.6/site-packages/airflow/example_dags/example_latest_only.py took 0.059 seconds
[2021-09-22 10:43:09,415] {processor.py:162} INFO - Started process (PID=220) to work on /home/airflow/.local/lib/python3.6/site-packages/airflow/example_dags/example_latest_only.py
[2021-09-22 10:43:09,416] {processor.py:613} INFO - Processing file /home/airflow/.local/lib/python3.6/site-packages/airflow/example_dags/example_latest_only.py for tasks to queue
[2021-09-22 10:43:09,417] {logging_mixin.py:109} INFO - [2021-09-22 10:43:09,417] {dagbag.py:496} INFO - Filling up the DagBag from /home/airflow/.local/lib/python3.6/site-packages/airflow/example_dags/example_latest_only.py
[2021-09-22 10:43:09,432] {processor.py:623} INFO - DAG(s) dict_keys(['latest_only']) retrieved from /home/airflow/.local/lib/python3.6/site-packages/airflow/example_dags/example_latest_only.py
[2021-09-22 10:43:09,466] {logging_mixin.py:109} INFO - [2021-09-22 10:43:09,466] {dag.py:1834} INFO - Sync 1 DAGs
[2021-09-22 10:43:09,485] {logging_mixin.py:109} INFO - [2021-09-22 10:43:09,485] {dag.py:2287} INFO - Setting next_dagrun for latest_only to 2021-09-20 00:00:00+00:00
[2021-09-22 10:43:09,519] {processor.py:170} INFO - Processing /home/airflow/.local/lib/python3.6/site-packages/airflow/example_dags/example_latest_only.py took 0.109 seconds
[2021-09-22 10:43:40,392] {processor.py:162} INFO - Started process (PID=281) to work on /home/airflow/.local/lib/python3.6/site-packages/airflow/example_dags/example_latest_only.py
[2021-09-22 10:43:40,394] {processor.py:613} INFO - Processing file /home/airflow/.local/lib/python3.6/site-packages/airflow/example_dags/example_latest_only.py for tasks to queue
[2021-09-22 10:43:40,394] {logging_mixin.py:109} INFO - [2021-09-22 10:43:40,394] {dagbag.py:496} INFO - Filling up the DagBag from /home/airflow/.local/lib/python3.6/site-packages/airflow/example_dags/example_latest_only.py
[2021-09-22 10:43:40,408] {processor.py:623} INFO - DAG(s) dict_keys(['latest_only']) retrieved from /home/airflow/.local/lib/python3.6/site-packages/airflow/example_dags/example_latest_only.py
[2021-09-22 10:43:40,435] {logging_mixin.py:109} INFO - [2021-09-22 10:43:40,435] {dag.py:1834} INFO - Sync 1 DAGs
[2021-09-22 10:43:40,452] {logging_mixin.py:109} INFO - [2021-09-22 10:43:40,452] {dag.py:2287} INFO - Setting next_dagrun for latest_only to 2021-09-20 00:00:00+00:00
[2021-09-22 10:43:40,463] {processor.py:170} INFO - Processing /home/airflow/.local/lib/python3.6/site-packages/airflow/example_dags/example_latest_only.py took 0.075 seconds
[2021-09-22 10:44:11,342] {processor.py:162} INFO - Started process (PID=332) to work on /home/airflow/.local/lib/python3.6/site-packages/airflow/example_dags/example_latest_only.py
[2021-09-22 10:44:11,343] {processor.py:613} INFO - Processing file /home/airflow/.local/lib/python3.6/site-packages/airflow/example_dags/example_latest_only.py for tasks to queue
[2021-09-22 10:44:11,346] {logging_mixin.py:109} INFO - [2021-09-22 10:44:11,345] {dagbag.py:496} INFO - Filling up the DagBag from /home/airflow/.local/lib/python3.6/site-packages/airflow/example_dags/example_latest_only.py
[2021-09-22 10:44:11,384] {processor.py:623} INFO - DAG(s) dict_keys(['latest_only']) retrieved from /home/airflow/.local/lib/python3.6/site-packages/airflow/example_dags/example_latest_only.py
[2021-09-22 10:44:11,447] {logging_mixin.py:109} INFO - [2021-09-22 10:44:11,447] {dag.py:1834} INFO - Sync 1 DAGs
[2021-09-22 10:44:11,495] {logging_mixin.py:109} INFO - [2021-09-22 10:44:11,495] {dag.py:2287} INFO - Setting next_dagrun for latest_only to 2021-09-20 00:00:00+00:00
[2021-09-22 10:44:11,526] {processor.py:170} INFO - Processing /home/airflow/.local/lib/python3.6/site-packages/airflow/example_dags/example_latest_only.py took 0.203 seconds
