[2021-09-22 10:26:44,816] {processor.py:162} INFO - Started process (PID=162) to work on /home/airflow/.local/lib/python3.6/site-packages/airflow/example_dags/example_xcom.py
[2021-09-22 10:26:44,823] {processor.py:613} INFO - Processing file /home/airflow/.local/lib/python3.6/site-packages/airflow/example_dags/example_xcom.py for tasks to queue
[2021-09-22 10:26:44,824] {logging_mixin.py:109} INFO - [2021-09-22 10:26:44,824] {dagbag.py:496} INFO - Filling up the DagBag from /home/airflow/.local/lib/python3.6/site-packages/airflow/example_dags/example_xcom.py
[2021-09-22 10:26:44,899] {processor.py:623} INFO - DAG(s) dict_keys(['example_xcom']) retrieved from /home/airflow/.local/lib/python3.6/site-packages/airflow/example_dags/example_xcom.py
[2021-09-22 10:26:50,726] {logging_mixin.py:109} INFO - [2021-09-22 10:26:50,724] {dag.py:1834} INFO - Sync 1 DAGs
[2021-09-22 10:26:50,769] {logging_mixin.py:109} INFO - [2021-09-22 10:26:50,767] {dag.py:1853} INFO - Creating ORM DAG for example_xcom
[2021-09-22 10:26:50,791] {logging_mixin.py:109} INFO - [2021-09-22 10:26:50,791] {dag.py:2287} INFO - Setting next_dagrun for example_xcom to 2021-09-20 00:00:00+00:00
[2021-09-22 10:26:50,853] {processor.py:170} INFO - Processing /home/airflow/.local/lib/python3.6/site-packages/airflow/example_dags/example_xcom.py took 6.056 seconds
[2021-09-22 10:27:26,040] {processor.py:162} INFO - Started process (PID=237) to work on /home/airflow/.local/lib/python3.6/site-packages/airflow/example_dags/example_xcom.py
[2021-09-22 10:27:26,050] {processor.py:613} INFO - Processing file /home/airflow/.local/lib/python3.6/site-packages/airflow/example_dags/example_xcom.py for tasks to queue
[2021-09-22 10:27:26,051] {logging_mixin.py:109} INFO - [2021-09-22 10:27:26,051] {dagbag.py:496} INFO - Filling up the DagBag from /home/airflow/.local/lib/python3.6/site-packages/airflow/example_dags/example_xcom.py
[2021-09-22 10:27:26,085] {processor.py:623} INFO - DAG(s) dict_keys(['example_xcom']) retrieved from /home/airflow/.local/lib/python3.6/site-packages/airflow/example_dags/example_xcom.py
[2021-09-22 10:27:26,166] {logging_mixin.py:109} INFO - [2021-09-22 10:27:26,166] {dag.py:1834} INFO - Sync 1 DAGs
[2021-09-22 10:27:26,210] {logging_mixin.py:109} INFO - [2021-09-22 10:27:26,209] {dag.py:2287} INFO - Setting next_dagrun for example_xcom to 2021-09-20 00:00:00+00:00
[2021-09-22 10:27:26,263] {processor.py:170} INFO - Processing /home/airflow/.local/lib/python3.6/site-packages/airflow/example_dags/example_xcom.py took 0.234 seconds
[2021-09-22 10:27:57,039] {processor.py:162} INFO - Started process (PID=288) to work on /home/airflow/.local/lib/python3.6/site-packages/airflow/example_dags/example_xcom.py
[2021-09-22 10:27:57,043] {processor.py:613} INFO - Processing file /home/airflow/.local/lib/python3.6/site-packages/airflow/example_dags/example_xcom.py for tasks to queue
[2021-09-22 10:27:57,044] {logging_mixin.py:109} INFO - [2021-09-22 10:27:57,044] {dagbag.py:496} INFO - Filling up the DagBag from /home/airflow/.local/lib/python3.6/site-packages/airflow/example_dags/example_xcom.py
[2021-09-22 10:27:57,071] {processor.py:623} INFO - DAG(s) dict_keys(['example_xcom']) retrieved from /home/airflow/.local/lib/python3.6/site-packages/airflow/example_dags/example_xcom.py
[2021-09-22 10:27:57,103] {logging_mixin.py:109} INFO - [2021-09-22 10:27:57,103] {dag.py:1834} INFO - Sync 1 DAGs
[2021-09-22 10:27:57,124] {logging_mixin.py:109} INFO - [2021-09-22 10:27:57,124] {dag.py:2287} INFO - Setting next_dagrun for example_xcom to 2021-09-20 00:00:00+00:00
[2021-09-22 10:27:57,138] {processor.py:170} INFO - Processing /home/airflow/.local/lib/python3.6/site-packages/airflow/example_dags/example_xcom.py took 0.103 seconds
[2021-09-22 10:28:27,184] {processor.py:162} INFO - Started process (PID=338) to work on /home/airflow/.local/lib/python3.6/site-packages/airflow/example_dags/example_xcom.py
[2021-09-22 10:28:27,186] {processor.py:613} INFO - Processing file /home/airflow/.local/lib/python3.6/site-packages/airflow/example_dags/example_xcom.py for tasks to queue
[2021-09-22 10:28:27,187] {logging_mixin.py:109} INFO - [2021-09-22 10:28:27,186] {dagbag.py:496} INFO - Filling up the DagBag from /home/airflow/.local/lib/python3.6/site-packages/airflow/example_dags/example_xcom.py
[2021-09-22 10:28:27,208] {processor.py:623} INFO - DAG(s) dict_keys(['example_xcom']) retrieved from /home/airflow/.local/lib/python3.6/site-packages/airflow/example_dags/example_xcom.py
[2021-09-22 10:28:27,239] {logging_mixin.py:109} INFO - [2021-09-22 10:28:27,238] {dag.py:1834} INFO - Sync 1 DAGs
[2021-09-22 10:28:27,262] {logging_mixin.py:109} INFO - [2021-09-22 10:28:27,262] {dag.py:2287} INFO - Setting next_dagrun for example_xcom to 2021-09-20 00:00:00+00:00
[2021-09-22 10:28:27,274] {processor.py:170} INFO - Processing /home/airflow/.local/lib/python3.6/site-packages/airflow/example_dags/example_xcom.py took 0.093 seconds
[2021-09-22 10:28:59,638] {processor.py:162} INFO - Started process (PID=400) to work on /home/airflow/.local/lib/python3.6/site-packages/airflow/example_dags/example_xcom.py
[2021-09-22 10:28:59,647] {processor.py:613} INFO - Processing file /home/airflow/.local/lib/python3.6/site-packages/airflow/example_dags/example_xcom.py for tasks to queue
[2021-09-22 10:28:59,648] {logging_mixin.py:109} INFO - [2021-09-22 10:28:59,648] {dagbag.py:496} INFO - Filling up the DagBag from /home/airflow/.local/lib/python3.6/site-packages/airflow/example_dags/example_xcom.py
[2021-09-22 10:28:59,666] {processor.py:623} INFO - DAG(s) dict_keys(['example_xcom']) retrieved from /home/airflow/.local/lib/python3.6/site-packages/airflow/example_dags/example_xcom.py
[2021-09-22 10:28:59,765] {logging_mixin.py:109} INFO - [2021-09-22 10:28:59,765] {dag.py:1834} INFO - Sync 1 DAGs
[2021-09-22 10:28:59,814] {logging_mixin.py:109} INFO - [2021-09-22 10:28:59,814] {dag.py:2287} INFO - Setting next_dagrun for example_xcom to 2021-09-20 00:00:00+00:00
[2021-09-22 10:28:59,843] {processor.py:170} INFO - Processing /home/airflow/.local/lib/python3.6/site-packages/airflow/example_dags/example_xcom.py took 0.217 seconds
[2021-09-22 10:29:29,893] {processor.py:162} INFO - Started process (PID=449) to work on /home/airflow/.local/lib/python3.6/site-packages/airflow/example_dags/example_xcom.py
[2021-09-22 10:29:29,895] {processor.py:613} INFO - Processing file /home/airflow/.local/lib/python3.6/site-packages/airflow/example_dags/example_xcom.py for tasks to queue
[2021-09-22 10:29:29,895] {logging_mixin.py:109} INFO - [2021-09-22 10:29:29,895] {dagbag.py:496} INFO - Filling up the DagBag from /home/airflow/.local/lib/python3.6/site-packages/airflow/example_dags/example_xcom.py
[2021-09-22 10:29:29,907] {processor.py:623} INFO - DAG(s) dict_keys(['example_xcom']) retrieved from /home/airflow/.local/lib/python3.6/site-packages/airflow/example_dags/example_xcom.py
[2021-09-22 10:29:29,928] {logging_mixin.py:109} INFO - [2021-09-22 10:29:29,928] {dag.py:1834} INFO - Sync 1 DAGs
[2021-09-22 10:29:29,940] {logging_mixin.py:109} INFO - [2021-09-22 10:29:29,940] {dag.py:2287} INFO - Setting next_dagrun for example_xcom to 2021-09-20 00:00:00+00:00
[2021-09-22 10:29:29,950] {processor.py:170} INFO - Processing /home/airflow/.local/lib/python3.6/site-packages/airflow/example_dags/example_xcom.py took 0.059 seconds
[2021-09-22 10:30:00,486] {processor.py:162} INFO - Started process (PID=500) to work on /home/airflow/.local/lib/python3.6/site-packages/airflow/example_dags/example_xcom.py
[2021-09-22 10:30:00,487] {processor.py:613} INFO - Processing file /home/airflow/.local/lib/python3.6/site-packages/airflow/example_dags/example_xcom.py for tasks to queue
[2021-09-22 10:30:00,488] {logging_mixin.py:109} INFO - [2021-09-22 10:30:00,488] {dagbag.py:496} INFO - Filling up the DagBag from /home/airflow/.local/lib/python3.6/site-packages/airflow/example_dags/example_xcom.py
[2021-09-22 10:30:00,500] {processor.py:623} INFO - DAG(s) dict_keys(['example_xcom']) retrieved from /home/airflow/.local/lib/python3.6/site-packages/airflow/example_dags/example_xcom.py
[2021-09-22 10:30:00,520] {logging_mixin.py:109} INFO - [2021-09-22 10:30:00,520] {dag.py:1834} INFO - Sync 1 DAGs
[2021-09-22 10:30:00,533] {logging_mixin.py:109} INFO - [2021-09-22 10:30:00,533] {dag.py:2287} INFO - Setting next_dagrun for example_xcom to 2021-09-20 00:00:00+00:00
[2021-09-22 10:30:00,543] {processor.py:170} INFO - Processing /home/airflow/.local/lib/python3.6/site-packages/airflow/example_dags/example_xcom.py took 0.060 seconds
[2021-09-22 10:30:31,198] {processor.py:162} INFO - Started process (PID=563) to work on /home/airflow/.local/lib/python3.6/site-packages/airflow/example_dags/example_xcom.py
[2021-09-22 10:30:31,214] {processor.py:613} INFO - Processing file /home/airflow/.local/lib/python3.6/site-packages/airflow/example_dags/example_xcom.py for tasks to queue
[2021-09-22 10:30:31,215] {logging_mixin.py:109} INFO - [2021-09-22 10:30:31,215] {dagbag.py:496} INFO - Filling up the DagBag from /home/airflow/.local/lib/python3.6/site-packages/airflow/example_dags/example_xcom.py
[2021-09-22 10:30:31,267] {processor.py:623} INFO - DAG(s) dict_keys(['example_xcom']) retrieved from /home/airflow/.local/lib/python3.6/site-packages/airflow/example_dags/example_xcom.py
[2021-09-22 10:30:31,331] {logging_mixin.py:109} INFO - [2021-09-22 10:30:31,331] {dag.py:1834} INFO - Sync 1 DAGs
[2021-09-22 10:30:31,351] {logging_mixin.py:109} INFO - [2021-09-22 10:30:31,350] {dag.py:2287} INFO - Setting next_dagrun for example_xcom to 2021-09-20 00:00:00+00:00
[2021-09-22 10:30:31,364] {processor.py:170} INFO - Processing /home/airflow/.local/lib/python3.6/site-packages/airflow/example_dags/example_xcom.py took 0.185 seconds
[2021-09-22 10:31:01,986] {processor.py:162} INFO - Started process (PID=616) to work on /home/airflow/.local/lib/python3.6/site-packages/airflow/example_dags/example_xcom.py
[2021-09-22 10:31:01,993] {processor.py:613} INFO - Processing file /home/airflow/.local/lib/python3.6/site-packages/airflow/example_dags/example_xcom.py for tasks to queue
[2021-09-22 10:31:01,994] {logging_mixin.py:109} INFO - [2021-09-22 10:31:01,994] {dagbag.py:496} INFO - Filling up the DagBag from /home/airflow/.local/lib/python3.6/site-packages/airflow/example_dags/example_xcom.py
[2021-09-22 10:31:02,012] {processor.py:623} INFO - DAG(s) dict_keys(['example_xcom']) retrieved from /home/airflow/.local/lib/python3.6/site-packages/airflow/example_dags/example_xcom.py
[2021-09-22 10:31:02,074] {logging_mixin.py:109} INFO - [2021-09-22 10:31:02,074] {dag.py:1834} INFO - Sync 1 DAGs
[2021-09-22 10:31:02,116] {logging_mixin.py:109} INFO - [2021-09-22 10:31:02,115] {dag.py:2287} INFO - Setting next_dagrun for example_xcom to 2021-09-20 00:00:00+00:00
[2021-09-22 10:31:02,137] {processor.py:170} INFO - Processing /home/airflow/.local/lib/python3.6/site-packages/airflow/example_dags/example_xcom.py took 0.155 seconds
[2021-09-22 10:31:32,207] {processor.py:162} INFO - Started process (PID=678) to work on /home/airflow/.local/lib/python3.6/site-packages/airflow/example_dags/example_xcom.py
[2021-09-22 10:31:32,209] {processor.py:613} INFO - Processing file /home/airflow/.local/lib/python3.6/site-packages/airflow/example_dags/example_xcom.py for tasks to queue
[2021-09-22 10:31:32,209] {logging_mixin.py:109} INFO - [2021-09-22 10:31:32,209] {dagbag.py:496} INFO - Filling up the DagBag from /home/airflow/.local/lib/python3.6/site-packages/airflow/example_dags/example_xcom.py
[2021-09-22 10:31:32,229] {processor.py:623} INFO - DAG(s) dict_keys(['example_xcom']) retrieved from /home/airflow/.local/lib/python3.6/site-packages/airflow/example_dags/example_xcom.py
[2021-09-22 10:31:32,257] {logging_mixin.py:109} INFO - [2021-09-22 10:31:32,257] {dag.py:1834} INFO - Sync 1 DAGs
[2021-09-22 10:31:32,279] {logging_mixin.py:109} INFO - [2021-09-22 10:31:32,279] {dag.py:2287} INFO - Setting next_dagrun for example_xcom to 2021-09-20 00:00:00+00:00
[2021-09-22 10:31:32,298] {processor.py:170} INFO - Processing /home/airflow/.local/lib/python3.6/site-packages/airflow/example_dags/example_xcom.py took 0.095 seconds
[2021-09-22 10:32:02,840] {processor.py:162} INFO - Started process (PID=730) to work on /home/airflow/.local/lib/python3.6/site-packages/airflow/example_dags/example_xcom.py
[2021-09-22 10:32:02,843] {processor.py:613} INFO - Processing file /home/airflow/.local/lib/python3.6/site-packages/airflow/example_dags/example_xcom.py for tasks to queue
[2021-09-22 10:32:02,844] {logging_mixin.py:109} INFO - [2021-09-22 10:32:02,844] {dagbag.py:496} INFO - Filling up the DagBag from /home/airflow/.local/lib/python3.6/site-packages/airflow/example_dags/example_xcom.py
[2021-09-22 10:32:02,866] {processor.py:623} INFO - DAG(s) dict_keys(['example_xcom']) retrieved from /home/airflow/.local/lib/python3.6/site-packages/airflow/example_dags/example_xcom.py
[2021-09-22 10:32:02,923] {logging_mixin.py:109} INFO - [2021-09-22 10:32:02,923] {dag.py:1834} INFO - Sync 1 DAGs
[2021-09-22 10:32:02,958] {logging_mixin.py:109} INFO - [2021-09-22 10:32:02,957] {dag.py:2287} INFO - Setting next_dagrun for example_xcom to 2021-09-20 00:00:00+00:00
[2021-09-22 10:32:02,970] {processor.py:170} INFO - Processing /home/airflow/.local/lib/python3.6/site-packages/airflow/example_dags/example_xcom.py took 0.136 seconds
[2021-09-22 10:32:33,915] {processor.py:162} INFO - Started process (PID=792) to work on /home/airflow/.local/lib/python3.6/site-packages/airflow/example_dags/example_xcom.py
[2021-09-22 10:32:33,923] {processor.py:613} INFO - Processing file /home/airflow/.local/lib/python3.6/site-packages/airflow/example_dags/example_xcom.py for tasks to queue
[2021-09-22 10:32:33,924] {logging_mixin.py:109} INFO - [2021-09-22 10:32:33,924] {dagbag.py:496} INFO - Filling up the DagBag from /home/airflow/.local/lib/python3.6/site-packages/airflow/example_dags/example_xcom.py
[2021-09-22 10:32:33,962] {processor.py:623} INFO - DAG(s) dict_keys(['example_xcom']) retrieved from /home/airflow/.local/lib/python3.6/site-packages/airflow/example_dags/example_xcom.py
[2021-09-22 10:32:33,991] {logging_mixin.py:109} INFO - [2021-09-22 10:32:33,991] {dag.py:1834} INFO - Sync 1 DAGs
[2021-09-22 10:32:34,010] {logging_mixin.py:109} INFO - [2021-09-22 10:32:34,010] {dag.py:2287} INFO - Setting next_dagrun for example_xcom to 2021-09-20 00:00:00+00:00
[2021-09-22 10:32:34,023] {processor.py:170} INFO - Processing /home/airflow/.local/lib/python3.6/site-packages/airflow/example_dags/example_xcom.py took 0.116 seconds
[2021-09-22 10:33:04,754] {processor.py:162} INFO - Started process (PID=843) to work on /home/airflow/.local/lib/python3.6/site-packages/airflow/example_dags/example_xcom.py
[2021-09-22 10:33:04,755] {processor.py:613} INFO - Processing file /home/airflow/.local/lib/python3.6/site-packages/airflow/example_dags/example_xcom.py for tasks to queue
[2021-09-22 10:33:04,758] {logging_mixin.py:109} INFO - [2021-09-22 10:33:04,758] {dagbag.py:496} INFO - Filling up the DagBag from /home/airflow/.local/lib/python3.6/site-packages/airflow/example_dags/example_xcom.py
[2021-09-22 10:33:04,793] {processor.py:623} INFO - DAG(s) dict_keys(['example_xcom']) retrieved from /home/airflow/.local/lib/python3.6/site-packages/airflow/example_dags/example_xcom.py
[2021-09-22 10:33:04,822] {logging_mixin.py:109} INFO - [2021-09-22 10:33:04,822] {dag.py:1834} INFO - Sync 1 DAGs
[2021-09-22 10:33:04,841] {logging_mixin.py:109} INFO - [2021-09-22 10:33:04,841] {dag.py:2287} INFO - Setting next_dagrun for example_xcom to 2021-09-20 00:00:00+00:00
[2021-09-22 10:33:04,857] {processor.py:170} INFO - Processing /home/airflow/.local/lib/python3.6/site-packages/airflow/example_dags/example_xcom.py took 0.110 seconds
[2021-09-22 10:33:35,255] {processor.py:162} INFO - Started process (PID=905) to work on /home/airflow/.local/lib/python3.6/site-packages/airflow/example_dags/example_xcom.py
[2021-09-22 10:33:35,257] {processor.py:613} INFO - Processing file /home/airflow/.local/lib/python3.6/site-packages/airflow/example_dags/example_xcom.py for tasks to queue
[2021-09-22 10:33:35,258] {logging_mixin.py:109} INFO - [2021-09-22 10:33:35,258] {dagbag.py:496} INFO - Filling up the DagBag from /home/airflow/.local/lib/python3.6/site-packages/airflow/example_dags/example_xcom.py
[2021-09-22 10:33:35,277] {processor.py:623} INFO - DAG(s) dict_keys(['example_xcom']) retrieved from /home/airflow/.local/lib/python3.6/site-packages/airflow/example_dags/example_xcom.py
[2021-09-22 10:33:35,299] {logging_mixin.py:109} INFO - [2021-09-22 10:33:35,299] {dag.py:1834} INFO - Sync 1 DAGs
[2021-09-22 10:33:35,312] {logging_mixin.py:109} INFO - [2021-09-22 10:33:35,312] {dag.py:2287} INFO - Setting next_dagrun for example_xcom to 2021-09-20 00:00:00+00:00
[2021-09-22 10:33:35,321] {processor.py:170} INFO - Processing /home/airflow/.local/lib/python3.6/site-packages/airflow/example_dags/example_xcom.py took 0.069 seconds
[2021-09-22 10:34:05,910] {processor.py:162} INFO - Started process (PID=956) to work on /home/airflow/.local/lib/python3.6/site-packages/airflow/example_dags/example_xcom.py
[2021-09-22 10:34:05,917] {processor.py:613} INFO - Processing file /home/airflow/.local/lib/python3.6/site-packages/airflow/example_dags/example_xcom.py for tasks to queue
[2021-09-22 10:34:05,918] {logging_mixin.py:109} INFO - [2021-09-22 10:34:05,918] {dagbag.py:496} INFO - Filling up the DagBag from /home/airflow/.local/lib/python3.6/site-packages/airflow/example_dags/example_xcom.py
[2021-09-22 10:34:05,936] {processor.py:623} INFO - DAG(s) dict_keys(['example_xcom']) retrieved from /home/airflow/.local/lib/python3.6/site-packages/airflow/example_dags/example_xcom.py
[2021-09-22 10:34:05,958] {logging_mixin.py:109} INFO - [2021-09-22 10:34:05,958] {dag.py:1834} INFO - Sync 1 DAGs
[2021-09-22 10:34:05,973] {logging_mixin.py:109} INFO - [2021-09-22 10:34:05,972] {dag.py:2287} INFO - Setting next_dagrun for example_xcom to 2021-09-20 00:00:00+00:00
[2021-09-22 10:34:05,982] {processor.py:170} INFO - Processing /home/airflow/.local/lib/python3.6/site-packages/airflow/example_dags/example_xcom.py took 0.076 seconds
[2021-09-22 10:34:36,570] {processor.py:162} INFO - Started process (PID=1013) to work on /home/airflow/.local/lib/python3.6/site-packages/airflow/example_dags/example_xcom.py
[2021-09-22 10:34:36,574] {processor.py:613} INFO - Processing file /home/airflow/.local/lib/python3.6/site-packages/airflow/example_dags/example_xcom.py for tasks to queue
[2021-09-22 10:34:36,575] {logging_mixin.py:109} INFO - [2021-09-22 10:34:36,575] {dagbag.py:496} INFO - Filling up the DagBag from /home/airflow/.local/lib/python3.6/site-packages/airflow/example_dags/example_xcom.py
[2021-09-22 10:34:36,603] {processor.py:623} INFO - DAG(s) dict_keys(['example_xcom']) retrieved from /home/airflow/.local/lib/python3.6/site-packages/airflow/example_dags/example_xcom.py
[2021-09-22 10:34:36,674] {logging_mixin.py:109} INFO - [2021-09-22 10:34:36,673] {dag.py:1834} INFO - Sync 1 DAGs
[2021-09-22 10:34:36,693] {logging_mixin.py:109} INFO - [2021-09-22 10:34:36,693] {dag.py:2287} INFO - Setting next_dagrun for example_xcom to 2021-09-20 00:00:00+00:00
[2021-09-22 10:34:36,706] {processor.py:170} INFO - Processing /home/airflow/.local/lib/python3.6/site-packages/airflow/example_dags/example_xcom.py took 0.148 seconds
[2021-09-22 10:35:07,527] {processor.py:162} INFO - Started process (PID=1067) to work on /home/airflow/.local/lib/python3.6/site-packages/airflow/example_dags/example_xcom.py
[2021-09-22 10:35:07,529] {processor.py:613} INFO - Processing file /home/airflow/.local/lib/python3.6/site-packages/airflow/example_dags/example_xcom.py for tasks to queue
[2021-09-22 10:35:07,530] {logging_mixin.py:109} INFO - [2021-09-22 10:35:07,530] {dagbag.py:496} INFO - Filling up the DagBag from /home/airflow/.local/lib/python3.6/site-packages/airflow/example_dags/example_xcom.py
[2021-09-22 10:35:07,574] {processor.py:623} INFO - DAG(s) dict_keys(['example_xcom']) retrieved from /home/airflow/.local/lib/python3.6/site-packages/airflow/example_dags/example_xcom.py
[2021-09-22 10:35:07,633] {logging_mixin.py:109} INFO - [2021-09-22 10:35:07,632] {dag.py:1834} INFO - Sync 1 DAGs
[2021-09-22 10:35:07,676] {logging_mixin.py:109} INFO - [2021-09-22 10:35:07,676] {dag.py:2287} INFO - Setting next_dagrun for example_xcom to 2021-09-20 00:00:00+00:00
[2021-09-22 10:35:07,708] {processor.py:170} INFO - Processing /home/airflow/.local/lib/python3.6/site-packages/airflow/example_dags/example_xcom.py took 0.191 seconds
[2021-09-22 10:35:38,039] {processor.py:162} INFO - Started process (PID=1119) to work on /home/airflow/.local/lib/python3.6/site-packages/airflow/example_dags/example_xcom.py
[2021-09-22 10:35:38,041] {processor.py:613} INFO - Processing file /home/airflow/.local/lib/python3.6/site-packages/airflow/example_dags/example_xcom.py for tasks to queue
[2021-09-22 10:35:38,041] {logging_mixin.py:109} INFO - [2021-09-22 10:35:38,041] {dagbag.py:496} INFO - Filling up the DagBag from /home/airflow/.local/lib/python3.6/site-packages/airflow/example_dags/example_xcom.py
[2021-09-22 10:35:38,074] {processor.py:623} INFO - DAG(s) dict_keys(['example_xcom']) retrieved from /home/airflow/.local/lib/python3.6/site-packages/airflow/example_dags/example_xcom.py
[2021-09-22 10:35:38,111] {logging_mixin.py:109} INFO - [2021-09-22 10:35:38,110] {dag.py:1834} INFO - Sync 1 DAGs
[2021-09-22 10:35:38,129] {logging_mixin.py:109} INFO - [2021-09-22 10:35:38,129] {dag.py:2287} INFO - Setting next_dagrun for example_xcom to 2021-09-20 00:00:00+00:00
[2021-09-22 10:35:38,147] {processor.py:170} INFO - Processing /home/airflow/.local/lib/python3.6/site-packages/airflow/example_dags/example_xcom.py took 0.112 seconds
[2021-09-22 10:36:08,388] {processor.py:162} INFO - Started process (PID=1170) to work on /home/airflow/.local/lib/python3.6/site-packages/airflow/example_dags/example_xcom.py
[2021-09-22 10:36:08,389] {processor.py:613} INFO - Processing file /home/airflow/.local/lib/python3.6/site-packages/airflow/example_dags/example_xcom.py for tasks to queue
[2021-09-22 10:36:08,390] {logging_mixin.py:109} INFO - [2021-09-22 10:36:08,390] {dagbag.py:496} INFO - Filling up the DagBag from /home/airflow/.local/lib/python3.6/site-packages/airflow/example_dags/example_xcom.py
[2021-09-22 10:36:08,414] {processor.py:623} INFO - DAG(s) dict_keys(['example_xcom']) retrieved from /home/airflow/.local/lib/python3.6/site-packages/airflow/example_dags/example_xcom.py
[2021-09-22 10:36:08,444] {logging_mixin.py:109} INFO - [2021-09-22 10:36:08,444] {dag.py:1834} INFO - Sync 1 DAGs
[2021-09-22 10:36:08,461] {logging_mixin.py:109} INFO - [2021-09-22 10:36:08,461] {dag.py:2287} INFO - Setting next_dagrun for example_xcom to 2021-09-20 00:00:00+00:00
[2021-09-22 10:36:08,474] {processor.py:170} INFO - Processing /home/airflow/.local/lib/python3.6/site-packages/airflow/example_dags/example_xcom.py took 0.091 seconds
[2021-09-22 10:36:39,250] {processor.py:162} INFO - Started process (PID=1231) to work on /home/airflow/.local/lib/python3.6/site-packages/airflow/example_dags/example_xcom.py
[2021-09-22 10:36:39,251] {processor.py:613} INFO - Processing file /home/airflow/.local/lib/python3.6/site-packages/airflow/example_dags/example_xcom.py for tasks to queue
[2021-09-22 10:36:39,252] {logging_mixin.py:109} INFO - [2021-09-22 10:36:39,252] {dagbag.py:496} INFO - Filling up the DagBag from /home/airflow/.local/lib/python3.6/site-packages/airflow/example_dags/example_xcom.py
[2021-09-22 10:36:39,267] {processor.py:623} INFO - DAG(s) dict_keys(['example_xcom']) retrieved from /home/airflow/.local/lib/python3.6/site-packages/airflow/example_dags/example_xcom.py
[2021-09-22 10:36:39,294] {logging_mixin.py:109} INFO - [2021-09-22 10:36:39,294] {dag.py:1834} INFO - Sync 1 DAGs
[2021-09-22 10:36:39,312] {logging_mixin.py:109} INFO - [2021-09-22 10:36:39,311] {dag.py:2287} INFO - Setting next_dagrun for example_xcom to 2021-09-20 00:00:00+00:00
[2021-09-22 10:36:39,323] {processor.py:170} INFO - Processing /home/airflow/.local/lib/python3.6/site-packages/airflow/example_dags/example_xcom.py took 0.077 seconds
[2021-09-22 10:38:19,496] {processor.py:162} INFO - Started process (PID=78) to work on /home/airflow/.local/lib/python3.6/site-packages/airflow/example_dags/example_xcom.py
[2021-09-22 10:38:19,518] {processor.py:613} INFO - Processing file /home/airflow/.local/lib/python3.6/site-packages/airflow/example_dags/example_xcom.py for tasks to queue
[2021-09-22 10:38:19,529] {logging_mixin.py:109} INFO - [2021-09-22 10:38:19,528] {dagbag.py:496} INFO - Filling up the DagBag from /home/airflow/.local/lib/python3.6/site-packages/airflow/example_dags/example_xcom.py
[2021-09-22 10:38:19,624] {processor.py:623} INFO - DAG(s) dict_keys(['example_xcom']) retrieved from /home/airflow/.local/lib/python3.6/site-packages/airflow/example_dags/example_xcom.py
[2021-09-22 10:38:19,856] {logging_mixin.py:109} INFO - [2021-09-22 10:38:19,856] {dag.py:1834} INFO - Sync 1 DAGs
[2021-09-22 10:38:19,923] {logging_mixin.py:109} INFO - [2021-09-22 10:38:19,923] {dag.py:2287} INFO - Setting next_dagrun for example_xcom to 2021-09-20 00:00:00+00:00
[2021-09-22 10:38:20,000] {processor.py:170} INFO - Processing /home/airflow/.local/lib/python3.6/site-packages/airflow/example_dags/example_xcom.py took 0.532 seconds
[2021-09-22 10:38:50,480] {processor.py:162} INFO - Started process (PID=129) to work on /home/airflow/.local/lib/python3.6/site-packages/airflow/example_dags/example_xcom.py
[2021-09-22 10:38:50,482] {processor.py:613} INFO - Processing file /home/airflow/.local/lib/python3.6/site-packages/airflow/example_dags/example_xcom.py for tasks to queue
[2021-09-22 10:38:50,483] {logging_mixin.py:109} INFO - [2021-09-22 10:38:50,483] {dagbag.py:496} INFO - Filling up the DagBag from /home/airflow/.local/lib/python3.6/site-packages/airflow/example_dags/example_xcom.py
[2021-09-22 10:38:50,506] {processor.py:623} INFO - DAG(s) dict_keys(['example_xcom']) retrieved from /home/airflow/.local/lib/python3.6/site-packages/airflow/example_dags/example_xcom.py
[2021-09-22 10:38:50,557] {logging_mixin.py:109} INFO - [2021-09-22 10:38:50,556] {dag.py:1834} INFO - Sync 1 DAGs
[2021-09-22 10:38:50,585] {logging_mixin.py:109} INFO - [2021-09-22 10:38:50,585] {dag.py:2287} INFO - Setting next_dagrun for example_xcom to 2021-09-20 00:00:00+00:00
[2021-09-22 10:38:50,605] {processor.py:170} INFO - Processing /home/airflow/.local/lib/python3.6/site-packages/airflow/example_dags/example_xcom.py took 0.130 seconds
[2021-09-22 10:41:40,434] {processor.py:162} INFO - Started process (PID=66) to work on /home/airflow/.local/lib/python3.6/site-packages/airflow/example_dags/example_xcom.py
[2021-09-22 10:41:40,437] {processor.py:613} INFO - Processing file /home/airflow/.local/lib/python3.6/site-packages/airflow/example_dags/example_xcom.py for tasks to queue
[2021-09-22 10:41:40,438] {logging_mixin.py:109} INFO - [2021-09-22 10:41:40,438] {dagbag.py:496} INFO - Filling up the DagBag from /home/airflow/.local/lib/python3.6/site-packages/airflow/example_dags/example_xcom.py
[2021-09-22 10:41:40,497] {processor.py:623} INFO - DAG(s) dict_keys(['example_xcom']) retrieved from /home/airflow/.local/lib/python3.6/site-packages/airflow/example_dags/example_xcom.py
[2021-09-22 10:41:40,573] {logging_mixin.py:109} INFO - [2021-09-22 10:41:40,573] {dag.py:1834} INFO - Sync 1 DAGs
[2021-09-22 10:41:40,598] {logging_mixin.py:109} INFO - [2021-09-22 10:41:40,598] {dag.py:2287} INFO - Setting next_dagrun for example_xcom to 2021-09-20 00:00:00+00:00
[2021-09-22 10:41:40,618] {processor.py:170} INFO - Processing /home/airflow/.local/lib/python3.6/site-packages/airflow/example_dags/example_xcom.py took 0.187 seconds
[2021-09-22 10:42:11,513] {processor.py:162} INFO - Started process (PID=117) to work on /home/airflow/.local/lib/python3.6/site-packages/airflow/example_dags/example_xcom.py
[2021-09-22 10:42:11,515] {processor.py:613} INFO - Processing file /home/airflow/.local/lib/python3.6/site-packages/airflow/example_dags/example_xcom.py for tasks to queue
[2021-09-22 10:42:11,516] {logging_mixin.py:109} INFO - [2021-09-22 10:42:11,515] {dagbag.py:496} INFO - Filling up the DagBag from /home/airflow/.local/lib/python3.6/site-packages/airflow/example_dags/example_xcom.py
[2021-09-22 10:42:11,532] {processor.py:623} INFO - DAG(s) dict_keys(['example_xcom']) retrieved from /home/airflow/.local/lib/python3.6/site-packages/airflow/example_dags/example_xcom.py
[2021-09-22 10:42:11,644] {logging_mixin.py:109} INFO - [2021-09-22 10:42:11,644] {dag.py:1834} INFO - Sync 1 DAGs
[2021-09-22 10:42:11,694] {logging_mixin.py:109} INFO - [2021-09-22 10:42:11,694] {dag.py:2287} INFO - Setting next_dagrun for example_xcom to 2021-09-20 00:00:00+00:00
[2021-09-22 10:42:11,737] {processor.py:170} INFO - Processing /home/airflow/.local/lib/python3.6/site-packages/airflow/example_dags/example_xcom.py took 0.228 seconds
[2021-09-22 10:42:42,073] {processor.py:162} INFO - Started process (PID=180) to work on /home/airflow/.local/lib/python3.6/site-packages/airflow/example_dags/example_xcom.py
[2021-09-22 10:42:42,076] {processor.py:613} INFO - Processing file /home/airflow/.local/lib/python3.6/site-packages/airflow/example_dags/example_xcom.py for tasks to queue
[2021-09-22 10:42:42,077] {logging_mixin.py:109} INFO - [2021-09-22 10:42:42,077] {dagbag.py:496} INFO - Filling up the DagBag from /home/airflow/.local/lib/python3.6/site-packages/airflow/example_dags/example_xcom.py
[2021-09-22 10:42:42,127] {processor.py:623} INFO - DAG(s) dict_keys(['example_xcom']) retrieved from /home/airflow/.local/lib/python3.6/site-packages/airflow/example_dags/example_xcom.py
[2021-09-22 10:42:42,201] {logging_mixin.py:109} INFO - [2021-09-22 10:42:42,201] {dag.py:1834} INFO - Sync 1 DAGs
[2021-09-22 10:42:42,247] {logging_mixin.py:109} INFO - [2021-09-22 10:42:42,246] {dag.py:2287} INFO - Setting next_dagrun for example_xcom to 2021-09-20 00:00:00+00:00
[2021-09-22 10:42:42,281] {processor.py:170} INFO - Processing /home/airflow/.local/lib/python3.6/site-packages/airflow/example_dags/example_xcom.py took 0.215 seconds
[2021-09-22 10:43:13,313] {processor.py:162} INFO - Started process (PID=239) to work on /home/airflow/.local/lib/python3.6/site-packages/airflow/example_dags/example_xcom.py
[2021-09-22 10:43:13,317] {processor.py:613} INFO - Processing file /home/airflow/.local/lib/python3.6/site-packages/airflow/example_dags/example_xcom.py for tasks to queue
[2021-09-22 10:43:13,321] {logging_mixin.py:109} INFO - [2021-09-22 10:43:13,321] {dagbag.py:496} INFO - Filling up the DagBag from /home/airflow/.local/lib/python3.6/site-packages/airflow/example_dags/example_xcom.py
[2021-09-22 10:43:13,350] {processor.py:623} INFO - DAG(s) dict_keys(['example_xcom']) retrieved from /home/airflow/.local/lib/python3.6/site-packages/airflow/example_dags/example_xcom.py
[2021-09-22 10:43:13,487] {logging_mixin.py:109} INFO - [2021-09-22 10:43:13,487] {dag.py:1834} INFO - Sync 1 DAGs
[2021-09-22 10:43:13,524] {logging_mixin.py:109} INFO - [2021-09-22 10:43:13,523] {dag.py:2287} INFO - Setting next_dagrun for example_xcom to 2021-09-20 00:00:00+00:00
[2021-09-22 10:43:13,563] {processor.py:170} INFO - Processing /home/airflow/.local/lib/python3.6/site-packages/airflow/example_dags/example_xcom.py took 0.259 seconds
[2021-09-22 10:43:44,281] {processor.py:162} INFO - Started process (PID=293) to work on /home/airflow/.local/lib/python3.6/site-packages/airflow/example_dags/example_xcom.py
[2021-09-22 10:43:44,290] {processor.py:613} INFO - Processing file /home/airflow/.local/lib/python3.6/site-packages/airflow/example_dags/example_xcom.py for tasks to queue
[2021-09-22 10:43:44,292] {logging_mixin.py:109} INFO - [2021-09-22 10:43:44,291] {dagbag.py:496} INFO - Filling up the DagBag from /home/airflow/.local/lib/python3.6/site-packages/airflow/example_dags/example_xcom.py
[2021-09-22 10:43:44,336] {processor.py:623} INFO - DAG(s) dict_keys(['example_xcom']) retrieved from /home/airflow/.local/lib/python3.6/site-packages/airflow/example_dags/example_xcom.py
[2021-09-22 10:43:44,379] {logging_mixin.py:109} INFO - [2021-09-22 10:43:44,379] {dag.py:1834} INFO - Sync 1 DAGs
[2021-09-22 10:43:44,399] {logging_mixin.py:109} INFO - [2021-09-22 10:43:44,399] {dag.py:2287} INFO - Setting next_dagrun for example_xcom to 2021-09-20 00:00:00+00:00
[2021-09-22 10:43:44,413] {processor.py:170} INFO - Processing /home/airflow/.local/lib/python3.6/site-packages/airflow/example_dags/example_xcom.py took 0.137 seconds
[2021-09-22 10:44:14,542] {processor.py:162} INFO - Started process (PID=353) to work on /home/airflow/.local/lib/python3.6/site-packages/airflow/example_dags/example_xcom.py
[2021-09-22 10:44:14,558] {processor.py:613} INFO - Processing file /home/airflow/.local/lib/python3.6/site-packages/airflow/example_dags/example_xcom.py for tasks to queue
[2021-09-22 10:44:14,570] {logging_mixin.py:109} INFO - [2021-09-22 10:44:14,570] {dagbag.py:496} INFO - Filling up the DagBag from /home/airflow/.local/lib/python3.6/site-packages/airflow/example_dags/example_xcom.py
