[2021-09-22 10:26:09,902] {processor.py:162} INFO - Started process (PID=93) to work on /home/airflow/.local/lib/python3.6/site-packages/airflow/example_dags/example_complex.py
[2021-09-22 10:26:09,903] {processor.py:613} INFO - Processing file /home/airflow/.local/lib/python3.6/site-packages/airflow/example_dags/example_complex.py for tasks to queue
[2021-09-22 10:26:09,904] {logging_mixin.py:109} INFO - [2021-09-22 10:26:09,904] {dagbag.py:496} INFO - Filling up the DagBag from /home/airflow/.local/lib/python3.6/site-packages/airflow/example_dags/example_complex.py
[2021-09-22 10:26:09,932] {processor.py:623} INFO - DAG(s) dict_keys(['example_complex']) retrieved from /home/airflow/.local/lib/python3.6/site-packages/airflow/example_dags/example_complex.py
[2021-09-22 10:26:13,284] {logging_mixin.py:109} INFO - [2021-09-22 10:26:13,282] {dag.py:1834} INFO - Sync 1 DAGs
[2021-09-22 10:26:13,297] {logging_mixin.py:109} INFO - [2021-09-22 10:26:13,295] {dag.py:1853} INFO - Creating ORM DAG for example_complex
[2021-09-22 10:26:13,301] {logging_mixin.py:109} INFO - [2021-09-22 10:26:13,301] {dag.py:2287} INFO - Setting next_dagrun for example_complex to None
[2021-09-22 10:26:13,317] {processor.py:170} INFO - Processing /home/airflow/.local/lib/python3.6/site-packages/airflow/example_dags/example_complex.py took 3.419 seconds
[2021-09-22 10:27:21,401] {processor.py:162} INFO - Started process (PID=211) to work on /home/airflow/.local/lib/python3.6/site-packages/airflow/example_dags/example_complex.py
[2021-09-22 10:27:21,416] {processor.py:613} INFO - Processing file /home/airflow/.local/lib/python3.6/site-packages/airflow/example_dags/example_complex.py for tasks to queue
[2021-09-22 10:27:21,416] {logging_mixin.py:109} INFO - [2021-09-22 10:27:21,416] {dagbag.py:496} INFO - Filling up the DagBag from /home/airflow/.local/lib/python3.6/site-packages/airflow/example_dags/example_complex.py
[2021-09-22 10:27:21,614] {processor.py:623} INFO - DAG(s) dict_keys(['example_complex']) retrieved from /home/airflow/.local/lib/python3.6/site-packages/airflow/example_dags/example_complex.py
[2021-09-22 10:27:21,844] {logging_mixin.py:109} INFO - [2021-09-22 10:27:21,844] {dag.py:1834} INFO - Sync 1 DAGs
[2021-09-22 10:27:21,942] {logging_mixin.py:109} INFO - [2021-09-22 10:27:21,941] {dag.py:2287} INFO - Setting next_dagrun for example_complex to None
[2021-09-22 10:27:22,059] {processor.py:170} INFO - Processing /home/airflow/.local/lib/python3.6/site-packages/airflow/example_dags/example_complex.py took 0.681 seconds
[2021-09-22 10:27:52,335] {processor.py:162} INFO - Started process (PID=268) to work on /home/airflow/.local/lib/python3.6/site-packages/airflow/example_dags/example_complex.py
[2021-09-22 10:27:52,343] {processor.py:613} INFO - Processing file /home/airflow/.local/lib/python3.6/site-packages/airflow/example_dags/example_complex.py for tasks to queue
[2021-09-22 10:27:52,344] {logging_mixin.py:109} INFO - [2021-09-22 10:27:52,344] {dagbag.py:496} INFO - Filling up the DagBag from /home/airflow/.local/lib/python3.6/site-packages/airflow/example_dags/example_complex.py
[2021-09-22 10:27:52,563] {processor.py:623} INFO - DAG(s) dict_keys(['example_complex']) retrieved from /home/airflow/.local/lib/python3.6/site-packages/airflow/example_dags/example_complex.py
[2021-09-22 10:27:52,606] {logging_mixin.py:109} INFO - [2021-09-22 10:27:52,606] {dag.py:1834} INFO - Sync 1 DAGs
[2021-09-22 10:27:52,628] {logging_mixin.py:109} INFO - [2021-09-22 10:27:52,628] {dag.py:2287} INFO - Setting next_dagrun for example_complex to None
[2021-09-22 10:27:52,665] {processor.py:170} INFO - Processing /home/airflow/.local/lib/python3.6/site-packages/airflow/example_dags/example_complex.py took 0.381 seconds
[2021-09-22 10:28:22,736] {processor.py:162} INFO - Started process (PID=322) to work on /home/airflow/.local/lib/python3.6/site-packages/airflow/example_dags/example_complex.py
[2021-09-22 10:28:22,738] {processor.py:613} INFO - Processing file /home/airflow/.local/lib/python3.6/site-packages/airflow/example_dags/example_complex.py for tasks to queue
[2021-09-22 10:28:22,738] {logging_mixin.py:109} INFO - [2021-09-22 10:28:22,738] {dagbag.py:496} INFO - Filling up the DagBag from /home/airflow/.local/lib/python3.6/site-packages/airflow/example_dags/example_complex.py
[2021-09-22 10:28:22,775] {processor.py:623} INFO - DAG(s) dict_keys(['example_complex']) retrieved from /home/airflow/.local/lib/python3.6/site-packages/airflow/example_dags/example_complex.py
[2021-09-22 10:28:22,815] {logging_mixin.py:109} INFO - [2021-09-22 10:28:22,815] {dag.py:1834} INFO - Sync 1 DAGs
[2021-09-22 10:28:22,831] {logging_mixin.py:109} INFO - [2021-09-22 10:28:22,831] {dag.py:2287} INFO - Setting next_dagrun for example_complex to None
[2021-09-22 10:28:22,841] {processor.py:170} INFO - Processing /home/airflow/.local/lib/python3.6/site-packages/airflow/example_dags/example_complex.py took 0.114 seconds
[2021-09-22 10:28:53,150] {processor.py:162} INFO - Started process (PID=373) to work on /home/airflow/.local/lib/python3.6/site-packages/airflow/example_dags/example_complex.py
[2021-09-22 10:28:53,151] {processor.py:613} INFO - Processing file /home/airflow/.local/lib/python3.6/site-packages/airflow/example_dags/example_complex.py for tasks to queue
[2021-09-22 10:28:53,152] {logging_mixin.py:109} INFO - [2021-09-22 10:28:53,152] {dagbag.py:496} INFO - Filling up the DagBag from /home/airflow/.local/lib/python3.6/site-packages/airflow/example_dags/example_complex.py
[2021-09-22 10:28:53,183] {processor.py:623} INFO - DAG(s) dict_keys(['example_complex']) retrieved from /home/airflow/.local/lib/python3.6/site-packages/airflow/example_dags/example_complex.py
[2021-09-22 10:28:53,227] {logging_mixin.py:109} INFO - [2021-09-22 10:28:53,227] {dag.py:1834} INFO - Sync 1 DAGs
[2021-09-22 10:28:53,251] {logging_mixin.py:109} INFO - [2021-09-22 10:28:53,251] {dag.py:2287} INFO - Setting next_dagrun for example_complex to None
[2021-09-22 10:28:53,266] {processor.py:170} INFO - Processing /home/airflow/.local/lib/python3.6/site-packages/airflow/example_dags/example_complex.py took 0.120 seconds
[2021-09-22 10:29:23,743] {processor.py:162} INFO - Started process (PID=422) to work on /home/airflow/.local/lib/python3.6/site-packages/airflow/example_dags/example_complex.py
[2021-09-22 10:29:23,745] {processor.py:613} INFO - Processing file /home/airflow/.local/lib/python3.6/site-packages/airflow/example_dags/example_complex.py for tasks to queue
[2021-09-22 10:29:23,746] {logging_mixin.py:109} INFO - [2021-09-22 10:29:23,746] {dagbag.py:496} INFO - Filling up the DagBag from /home/airflow/.local/lib/python3.6/site-packages/airflow/example_dags/example_complex.py
[2021-09-22 10:29:23,774] {processor.py:623} INFO - DAG(s) dict_keys(['example_complex']) retrieved from /home/airflow/.local/lib/python3.6/site-packages/airflow/example_dags/example_complex.py
[2021-09-22 10:29:23,837] {logging_mixin.py:109} INFO - [2021-09-22 10:29:23,834] {dag.py:1834} INFO - Sync 1 DAGs
[2021-09-22 10:29:23,860] {logging_mixin.py:109} INFO - [2021-09-22 10:29:23,860] {dag.py:2287} INFO - Setting next_dagrun for example_complex to None
[2021-09-22 10:29:23,882] {processor.py:170} INFO - Processing /home/airflow/.local/lib/python3.6/site-packages/airflow/example_dags/example_complex.py took 0.143 seconds
[2021-09-22 10:29:54,379] {processor.py:162} INFO - Started process (PID=482) to work on /home/airflow/.local/lib/python3.6/site-packages/airflow/example_dags/example_complex.py
[2021-09-22 10:29:54,380] {processor.py:613} INFO - Processing file /home/airflow/.local/lib/python3.6/site-packages/airflow/example_dags/example_complex.py for tasks to queue
[2021-09-22 10:29:54,381] {logging_mixin.py:109} INFO - [2021-09-22 10:29:54,381] {dagbag.py:496} INFO - Filling up the DagBag from /home/airflow/.local/lib/python3.6/site-packages/airflow/example_dags/example_complex.py
[2021-09-22 10:29:54,405] {processor.py:623} INFO - DAG(s) dict_keys(['example_complex']) retrieved from /home/airflow/.local/lib/python3.6/site-packages/airflow/example_dags/example_complex.py
[2021-09-22 10:29:54,445] {logging_mixin.py:109} INFO - [2021-09-22 10:29:54,445] {dag.py:1834} INFO - Sync 1 DAGs
[2021-09-22 10:29:54,463] {logging_mixin.py:109} INFO - [2021-09-22 10:29:54,463] {dag.py:2287} INFO - Setting next_dagrun for example_complex to None
[2021-09-22 10:29:54,475] {processor.py:170} INFO - Processing /home/airflow/.local/lib/python3.6/site-packages/airflow/example_dags/example_complex.py took 0.101 seconds
[2021-09-22 10:30:24,540] {processor.py:162} INFO - Started process (PID=532) to work on /home/airflow/.local/lib/python3.6/site-packages/airflow/example_dags/example_complex.py
[2021-09-22 10:30:24,545] {processor.py:613} INFO - Processing file /home/airflow/.local/lib/python3.6/site-packages/airflow/example_dags/example_complex.py for tasks to queue
[2021-09-22 10:30:24,548] {logging_mixin.py:109} INFO - [2021-09-22 10:30:24,547] {dagbag.py:496} INFO - Filling up the DagBag from /home/airflow/.local/lib/python3.6/site-packages/airflow/example_dags/example_complex.py
[2021-09-22 10:30:24,574] {processor.py:623} INFO - DAG(s) dict_keys(['example_complex']) retrieved from /home/airflow/.local/lib/python3.6/site-packages/airflow/example_dags/example_complex.py
[2021-09-22 10:30:24,609] {logging_mixin.py:109} INFO - [2021-09-22 10:30:24,609] {dag.py:1834} INFO - Sync 1 DAGs
[2021-09-22 10:30:24,629] {logging_mixin.py:109} INFO - [2021-09-22 10:30:24,629] {dag.py:2287} INFO - Setting next_dagrun for example_complex to None
[2021-09-22 10:30:24,641] {processor.py:170} INFO - Processing /home/airflow/.local/lib/python3.6/site-packages/airflow/example_dags/example_complex.py took 0.105 seconds
[2021-09-22 10:30:55,597] {processor.py:162} INFO - Started process (PID=598) to work on /home/airflow/.local/lib/python3.6/site-packages/airflow/example_dags/example_complex.py
[2021-09-22 10:30:55,598] {processor.py:613} INFO - Processing file /home/airflow/.local/lib/python3.6/site-packages/airflow/example_dags/example_complex.py for tasks to queue
[2021-09-22 10:30:55,599] {logging_mixin.py:109} INFO - [2021-09-22 10:30:55,599] {dagbag.py:496} INFO - Filling up the DagBag from /home/airflow/.local/lib/python3.6/site-packages/airflow/example_dags/example_complex.py
[2021-09-22 10:30:55,634] {processor.py:623} INFO - DAG(s) dict_keys(['example_complex']) retrieved from /home/airflow/.local/lib/python3.6/site-packages/airflow/example_dags/example_complex.py
[2021-09-22 10:30:55,673] {logging_mixin.py:109} INFO - [2021-09-22 10:30:55,673] {dag.py:1834} INFO - Sync 1 DAGs
[2021-09-22 10:30:55,692] {logging_mixin.py:109} INFO - [2021-09-22 10:30:55,692] {dag.py:2287} INFO - Setting next_dagrun for example_complex to None
[2021-09-22 10:30:55,716] {processor.py:170} INFO - Processing /home/airflow/.local/lib/python3.6/site-packages/airflow/example_dags/example_complex.py took 0.131 seconds
[2021-09-22 10:31:26,074] {processor.py:162} INFO - Started process (PID=650) to work on /home/airflow/.local/lib/python3.6/site-packages/airflow/example_dags/example_complex.py
[2021-09-22 10:31:26,075] {processor.py:613} INFO - Processing file /home/airflow/.local/lib/python3.6/site-packages/airflow/example_dags/example_complex.py for tasks to queue
[2021-09-22 10:31:26,078] {logging_mixin.py:109} INFO - [2021-09-22 10:31:26,078] {dagbag.py:496} INFO - Filling up the DagBag from /home/airflow/.local/lib/python3.6/site-packages/airflow/example_dags/example_complex.py
[2021-09-22 10:31:26,110] {processor.py:623} INFO - DAG(s) dict_keys(['example_complex']) retrieved from /home/airflow/.local/lib/python3.6/site-packages/airflow/example_dags/example_complex.py
[2021-09-22 10:31:26,146] {logging_mixin.py:109} INFO - [2021-09-22 10:31:26,146] {dag.py:1834} INFO - Sync 1 DAGs
[2021-09-22 10:31:26,161] {logging_mixin.py:109} INFO - [2021-09-22 10:31:26,161] {dag.py:2287} INFO - Setting next_dagrun for example_complex to None
[2021-09-22 10:31:26,171] {processor.py:170} INFO - Processing /home/airflow/.local/lib/python3.6/site-packages/airflow/example_dags/example_complex.py took 0.103 seconds
[2021-09-22 10:31:56,589] {processor.py:162} INFO - Started process (PID=711) to work on /home/airflow/.local/lib/python3.6/site-packages/airflow/example_dags/example_complex.py
[2021-09-22 10:31:56,592] {processor.py:613} INFO - Processing file /home/airflow/.local/lib/python3.6/site-packages/airflow/example_dags/example_complex.py for tasks to queue
[2021-09-22 10:31:56,593] {logging_mixin.py:109} INFO - [2021-09-22 10:31:56,593] {dagbag.py:496} INFO - Filling up the DagBag from /home/airflow/.local/lib/python3.6/site-packages/airflow/example_dags/example_complex.py
[2021-09-22 10:31:56,663] {processor.py:623} INFO - DAG(s) dict_keys(['example_complex']) retrieved from /home/airflow/.local/lib/python3.6/site-packages/airflow/example_dags/example_complex.py
[2021-09-22 10:31:56,737] {logging_mixin.py:109} INFO - [2021-09-22 10:31:56,737] {dag.py:1834} INFO - Sync 1 DAGs
[2021-09-22 10:31:56,758] {logging_mixin.py:109} INFO - [2021-09-22 10:31:56,758] {dag.py:2287} INFO - Setting next_dagrun for example_complex to None
[2021-09-22 10:31:56,773] {processor.py:170} INFO - Processing /home/airflow/.local/lib/python3.6/site-packages/airflow/example_dags/example_complex.py took 0.189 seconds
[2021-09-22 10:32:27,006] {processor.py:162} INFO - Started process (PID=764) to work on /home/airflow/.local/lib/python3.6/site-packages/airflow/example_dags/example_complex.py
[2021-09-22 10:32:27,009] {processor.py:613} INFO - Processing file /home/airflow/.local/lib/python3.6/site-packages/airflow/example_dags/example_complex.py for tasks to queue
[2021-09-22 10:32:27,010] {logging_mixin.py:109} INFO - [2021-09-22 10:32:27,010] {dagbag.py:496} INFO - Filling up the DagBag from /home/airflow/.local/lib/python3.6/site-packages/airflow/example_dags/example_complex.py
[2021-09-22 10:32:27,041] {processor.py:623} INFO - DAG(s) dict_keys(['example_complex']) retrieved from /home/airflow/.local/lib/python3.6/site-packages/airflow/example_dags/example_complex.py
[2021-09-22 10:32:27,079] {logging_mixin.py:109} INFO - [2021-09-22 10:32:27,079] {dag.py:1834} INFO - Sync 1 DAGs
[2021-09-22 10:32:27,103] {logging_mixin.py:109} INFO - [2021-09-22 10:32:27,103] {dag.py:2287} INFO - Setting next_dagrun for example_complex to None
[2021-09-22 10:32:27,119] {processor.py:170} INFO - Processing /home/airflow/.local/lib/python3.6/site-packages/airflow/example_dags/example_complex.py took 0.117 seconds
[2021-09-22 10:32:58,021] {processor.py:162} INFO - Started process (PID=825) to work on /home/airflow/.local/lib/python3.6/site-packages/airflow/example_dags/example_complex.py
[2021-09-22 10:32:58,023] {processor.py:613} INFO - Processing file /home/airflow/.local/lib/python3.6/site-packages/airflow/example_dags/example_complex.py for tasks to queue
[2021-09-22 10:32:58,024] {logging_mixin.py:109} INFO - [2021-09-22 10:32:58,024] {dagbag.py:496} INFO - Filling up the DagBag from /home/airflow/.local/lib/python3.6/site-packages/airflow/example_dags/example_complex.py
[2021-09-22 10:32:58,062] {processor.py:623} INFO - DAG(s) dict_keys(['example_complex']) retrieved from /home/airflow/.local/lib/python3.6/site-packages/airflow/example_dags/example_complex.py
[2021-09-22 10:32:58,153] {logging_mixin.py:109} INFO - [2021-09-22 10:32:58,152] {dag.py:1834} INFO - Sync 1 DAGs
[2021-09-22 10:32:58,193] {logging_mixin.py:109} INFO - [2021-09-22 10:32:58,193] {dag.py:2287} INFO - Setting next_dagrun for example_complex to None
[2021-09-22 10:32:58,232] {processor.py:170} INFO - Processing /home/airflow/.local/lib/python3.6/site-packages/airflow/example_dags/example_complex.py took 0.215 seconds
[2021-09-22 10:33:29,162] {processor.py:162} INFO - Started process (PID=877) to work on /home/airflow/.local/lib/python3.6/site-packages/airflow/example_dags/example_complex.py
[2021-09-22 10:33:29,164] {processor.py:613} INFO - Processing file /home/airflow/.local/lib/python3.6/site-packages/airflow/example_dags/example_complex.py for tasks to queue
[2021-09-22 10:33:29,165] {logging_mixin.py:109} INFO - [2021-09-22 10:33:29,164] {dagbag.py:496} INFO - Filling up the DagBag from /home/airflow/.local/lib/python3.6/site-packages/airflow/example_dags/example_complex.py
[2021-09-22 10:33:29,193] {processor.py:623} INFO - DAG(s) dict_keys(['example_complex']) retrieved from /home/airflow/.local/lib/python3.6/site-packages/airflow/example_dags/example_complex.py
[2021-09-22 10:33:29,251] {logging_mixin.py:109} INFO - [2021-09-22 10:33:29,251] {dag.py:1834} INFO - Sync 1 DAGs
[2021-09-22 10:33:29,297] {logging_mixin.py:109} INFO - [2021-09-22 10:33:29,296] {dag.py:2287} INFO - Setting next_dagrun for example_complex to None
[2021-09-22 10:33:29,340] {processor.py:170} INFO - Processing /home/airflow/.local/lib/python3.6/site-packages/airflow/example_dags/example_complex.py took 0.182 seconds
[2021-09-22 10:34:00,259] {processor.py:162} INFO - Started process (PID=938) to work on /home/airflow/.local/lib/python3.6/site-packages/airflow/example_dags/example_complex.py
[2021-09-22 10:34:00,262] {processor.py:613} INFO - Processing file /home/airflow/.local/lib/python3.6/site-packages/airflow/example_dags/example_complex.py for tasks to queue
[2021-09-22 10:34:00,263] {logging_mixin.py:109} INFO - [2021-09-22 10:34:00,263] {dagbag.py:496} INFO - Filling up the DagBag from /home/airflow/.local/lib/python3.6/site-packages/airflow/example_dags/example_complex.py
[2021-09-22 10:34:00,307] {processor.py:623} INFO - DAG(s) dict_keys(['example_complex']) retrieved from /home/airflow/.local/lib/python3.6/site-packages/airflow/example_dags/example_complex.py
[2021-09-22 10:34:00,341] {logging_mixin.py:109} INFO - [2021-09-22 10:34:00,341] {dag.py:1834} INFO - Sync 1 DAGs
[2021-09-22 10:34:00,360] {logging_mixin.py:109} INFO - [2021-09-22 10:34:00,360] {dag.py:2287} INFO - Setting next_dagrun for example_complex to None
[2021-09-22 10:34:00,375] {processor.py:170} INFO - Processing /home/airflow/.local/lib/python3.6/site-packages/airflow/example_dags/example_complex.py took 0.121 seconds
[2021-09-22 10:34:30,741] {processor.py:162} INFO - Started process (PID=989) to work on /home/airflow/.local/lib/python3.6/site-packages/airflow/example_dags/example_complex.py
[2021-09-22 10:34:30,746] {processor.py:613} INFO - Processing file /home/airflow/.local/lib/python3.6/site-packages/airflow/example_dags/example_complex.py for tasks to queue
[2021-09-22 10:34:30,747] {logging_mixin.py:109} INFO - [2021-09-22 10:34:30,747] {dagbag.py:496} INFO - Filling up the DagBag from /home/airflow/.local/lib/python3.6/site-packages/airflow/example_dags/example_complex.py
[2021-09-22 10:34:30,778] {processor.py:623} INFO - DAG(s) dict_keys(['example_complex']) retrieved from /home/airflow/.local/lib/python3.6/site-packages/airflow/example_dags/example_complex.py
[2021-09-22 10:34:30,819] {logging_mixin.py:109} INFO - [2021-09-22 10:34:30,819] {dag.py:1834} INFO - Sync 1 DAGs
[2021-09-22 10:34:30,838] {logging_mixin.py:109} INFO - [2021-09-22 10:34:30,838] {dag.py:2287} INFO - Setting next_dagrun for example_complex to None
[2021-09-22 10:34:30,847] {processor.py:170} INFO - Processing /home/airflow/.local/lib/python3.6/site-packages/airflow/example_dags/example_complex.py took 0.110 seconds
[2021-09-22 10:35:00,920] {processor.py:162} INFO - Started process (PID=1039) to work on /home/airflow/.local/lib/python3.6/site-packages/airflow/example_dags/example_complex.py
[2021-09-22 10:35:00,922] {processor.py:613} INFO - Processing file /home/airflow/.local/lib/python3.6/site-packages/airflow/example_dags/example_complex.py for tasks to queue
[2021-09-22 10:35:00,922] {logging_mixin.py:109} INFO - [2021-09-22 10:35:00,922] {dagbag.py:496} INFO - Filling up the DagBag from /home/airflow/.local/lib/python3.6/site-packages/airflow/example_dags/example_complex.py
[2021-09-22 10:35:00,959] {processor.py:623} INFO - DAG(s) dict_keys(['example_complex']) retrieved from /home/airflow/.local/lib/python3.6/site-packages/airflow/example_dags/example_complex.py
[2021-09-22 10:35:01,000] {logging_mixin.py:109} INFO - [2021-09-22 10:35:01,000] {dag.py:1834} INFO - Sync 1 DAGs
[2021-09-22 10:35:01,017] {logging_mixin.py:109} INFO - [2021-09-22 10:35:01,017] {dag.py:2287} INFO - Setting next_dagrun for example_complex to None
[2021-09-22 10:35:01,027] {processor.py:170} INFO - Processing /home/airflow/.local/lib/python3.6/site-packages/airflow/example_dags/example_complex.py took 0.115 seconds
[2021-09-22 10:35:31,694] {processor.py:162} INFO - Started process (PID=1101) to work on /home/airflow/.local/lib/python3.6/site-packages/airflow/example_dags/example_complex.py
[2021-09-22 10:35:31,699] {processor.py:613} INFO - Processing file /home/airflow/.local/lib/python3.6/site-packages/airflow/example_dags/example_complex.py for tasks to queue
[2021-09-22 10:35:31,700] {logging_mixin.py:109} INFO - [2021-09-22 10:35:31,700] {dagbag.py:496} INFO - Filling up the DagBag from /home/airflow/.local/lib/python3.6/site-packages/airflow/example_dags/example_complex.py
[2021-09-22 10:35:31,765] {processor.py:623} INFO - DAG(s) dict_keys(['example_complex']) retrieved from /home/airflow/.local/lib/python3.6/site-packages/airflow/example_dags/example_complex.py
[2021-09-22 10:35:31,892] {logging_mixin.py:109} INFO - [2021-09-22 10:35:31,892] {dag.py:1834} INFO - Sync 1 DAGs
[2021-09-22 10:35:31,950] {logging_mixin.py:109} INFO - [2021-09-22 10:35:31,950] {dag.py:2287} INFO - Setting next_dagrun for example_complex to None
[2021-09-22 10:35:31,997] {processor.py:170} INFO - Processing /home/airflow/.local/lib/python3.6/site-packages/airflow/example_dags/example_complex.py took 0.307 seconds
[2021-09-22 10:36:02,155] {processor.py:162} INFO - Started process (PID=1152) to work on /home/airflow/.local/lib/python3.6/site-packages/airflow/example_dags/example_complex.py
[2021-09-22 10:36:02,156] {processor.py:613} INFO - Processing file /home/airflow/.local/lib/python3.6/site-packages/airflow/example_dags/example_complex.py for tasks to queue
[2021-09-22 10:36:02,157] {logging_mixin.py:109} INFO - [2021-09-22 10:36:02,157] {dagbag.py:496} INFO - Filling up the DagBag from /home/airflow/.local/lib/python3.6/site-packages/airflow/example_dags/example_complex.py
[2021-09-22 10:36:02,192] {processor.py:623} INFO - DAG(s) dict_keys(['example_complex']) retrieved from /home/airflow/.local/lib/python3.6/site-packages/airflow/example_dags/example_complex.py
[2021-09-22 10:36:02,240] {logging_mixin.py:109} INFO - [2021-09-22 10:36:02,240] {dag.py:1834} INFO - Sync 1 DAGs
[2021-09-22 10:36:02,253] {logging_mixin.py:109} INFO - [2021-09-22 10:36:02,253] {dag.py:2287} INFO - Setting next_dagrun for example_complex to None
[2021-09-22 10:36:02,262] {processor.py:170} INFO - Processing /home/airflow/.local/lib/python3.6/site-packages/airflow/example_dags/example_complex.py took 0.113 seconds
[2021-09-22 10:36:32,892] {processor.py:162} INFO - Started process (PID=1210) to work on /home/airflow/.local/lib/python3.6/site-packages/airflow/example_dags/example_complex.py
[2021-09-22 10:36:32,893] {processor.py:613} INFO - Processing file /home/airflow/.local/lib/python3.6/site-packages/airflow/example_dags/example_complex.py for tasks to queue
[2021-09-22 10:36:32,894] {logging_mixin.py:109} INFO - [2021-09-22 10:36:32,894] {dagbag.py:496} INFO - Filling up the DagBag from /home/airflow/.local/lib/python3.6/site-packages/airflow/example_dags/example_complex.py
[2021-09-22 10:36:32,943] {processor.py:623} INFO - DAG(s) dict_keys(['example_complex']) retrieved from /home/airflow/.local/lib/python3.6/site-packages/airflow/example_dags/example_complex.py
[2021-09-22 10:36:33,068] {logging_mixin.py:109} INFO - [2021-09-22 10:36:33,067] {dag.py:1834} INFO - Sync 1 DAGs
[2021-09-22 10:36:33,090] {logging_mixin.py:109} INFO - [2021-09-22 10:36:33,090] {dag.py:2287} INFO - Setting next_dagrun for example_complex to None
[2021-09-22 10:36:33,105] {processor.py:170} INFO - Processing /home/airflow/.local/lib/python3.6/site-packages/airflow/example_dags/example_complex.py took 0.218 seconds
[2021-09-22 10:38:12,209] {processor.py:162} INFO - Started process (PID=60) to work on /home/airflow/.local/lib/python3.6/site-packages/airflow/example_dags/example_complex.py
[2021-09-22 10:38:12,226] {processor.py:613} INFO - Processing file /home/airflow/.local/lib/python3.6/site-packages/airflow/example_dags/example_complex.py for tasks to queue
[2021-09-22 10:38:12,228] {logging_mixin.py:109} INFO - [2021-09-22 10:38:12,228] {dagbag.py:496} INFO - Filling up the DagBag from /home/airflow/.local/lib/python3.6/site-packages/airflow/example_dags/example_complex.py
[2021-09-22 10:38:12,405] {processor.py:623} INFO - DAG(s) dict_keys(['example_complex']) retrieved from /home/airflow/.local/lib/python3.6/site-packages/airflow/example_dags/example_complex.py
[2021-09-22 10:38:12,778] {logging_mixin.py:109} INFO - [2021-09-22 10:38:12,778] {dag.py:1834} INFO - Sync 1 DAGs
[2021-09-22 10:38:12,811] {logging_mixin.py:109} INFO - [2021-09-22 10:38:12,811] {dag.py:2287} INFO - Setting next_dagrun for example_complex to None
[2021-09-22 10:38:12,840] {processor.py:170} INFO - Processing /home/airflow/.local/lib/python3.6/site-packages/airflow/example_dags/example_complex.py took 0.649 seconds
[2021-09-22 10:38:43,477] {processor.py:162} INFO - Started process (PID=102) to work on /home/airflow/.local/lib/python3.6/site-packages/airflow/example_dags/example_complex.py
[2021-09-22 10:38:43,479] {processor.py:613} INFO - Processing file /home/airflow/.local/lib/python3.6/site-packages/airflow/example_dags/example_complex.py for tasks to queue
[2021-09-22 10:38:43,480] {logging_mixin.py:109} INFO - [2021-09-22 10:38:43,480] {dagbag.py:496} INFO - Filling up the DagBag from /home/airflow/.local/lib/python3.6/site-packages/airflow/example_dags/example_complex.py
[2021-09-22 10:38:43,565] {processor.py:623} INFO - DAG(s) dict_keys(['example_complex']) retrieved from /home/airflow/.local/lib/python3.6/site-packages/airflow/example_dags/example_complex.py
[2021-09-22 10:38:43,674] {logging_mixin.py:109} INFO - [2021-09-22 10:38:43,674] {dag.py:1834} INFO - Sync 1 DAGs
[2021-09-22 10:38:43,704] {logging_mixin.py:109} INFO - [2021-09-22 10:38:43,704] {dag.py:2287} INFO - Setting next_dagrun for example_complex to None
[2021-09-22 10:38:43,727] {processor.py:170} INFO - Processing /home/airflow/.local/lib/python3.6/site-packages/airflow/example_dags/example_complex.py took 0.257 seconds
[2021-09-22 10:41:36,432] {processor.py:162} INFO - Started process (PID=49) to work on /home/airflow/.local/lib/python3.6/site-packages/airflow/example_dags/example_complex.py
[2021-09-22 10:41:36,473] {processor.py:613} INFO - Processing file /home/airflow/.local/lib/python3.6/site-packages/airflow/example_dags/example_complex.py for tasks to queue
[2021-09-22 10:41:36,474] {logging_mixin.py:109} INFO - [2021-09-22 10:41:36,474] {dagbag.py:496} INFO - Filling up the DagBag from /home/airflow/.local/lib/python3.6/site-packages/airflow/example_dags/example_complex.py
[2021-09-22 10:41:36,663] {processor.py:623} INFO - DAG(s) dict_keys(['example_complex']) retrieved from /home/airflow/.local/lib/python3.6/site-packages/airflow/example_dags/example_complex.py
[2021-09-22 10:41:36,740] {logging_mixin.py:109} INFO - [2021-09-22 10:41:36,740] {dag.py:1834} INFO - Sync 1 DAGs
[2021-09-22 10:41:36,776] {logging_mixin.py:109} INFO - [2021-09-22 10:41:36,776] {dag.py:2287} INFO - Setting next_dagrun for example_complex to None
[2021-09-22 10:41:36,807] {processor.py:170} INFO - Processing /home/airflow/.local/lib/python3.6/site-packages/airflow/example_dags/example_complex.py took 0.392 seconds
[2021-09-22 10:42:07,275] {processor.py:162} INFO - Started process (PID=100) to work on /home/airflow/.local/lib/python3.6/site-packages/airflow/example_dags/example_complex.py
[2021-09-22 10:42:07,276] {processor.py:613} INFO - Processing file /home/airflow/.local/lib/python3.6/site-packages/airflow/example_dags/example_complex.py for tasks to queue
[2021-09-22 10:42:07,277] {logging_mixin.py:109} INFO - [2021-09-22 10:42:07,276] {dagbag.py:496} INFO - Filling up the DagBag from /home/airflow/.local/lib/python3.6/site-packages/airflow/example_dags/example_complex.py
[2021-09-22 10:42:07,302] {processor.py:623} INFO - DAG(s) dict_keys(['example_complex']) retrieved from /home/airflow/.local/lib/python3.6/site-packages/airflow/example_dags/example_complex.py
[2021-09-22 10:42:07,337] {logging_mixin.py:109} INFO - [2021-09-22 10:42:07,337] {dag.py:1834} INFO - Sync 1 DAGs
[2021-09-22 10:42:07,355] {logging_mixin.py:109} INFO - [2021-09-22 10:42:07,355] {dag.py:2287} INFO - Setting next_dagrun for example_complex to None
[2021-09-22 10:42:07,367] {processor.py:170} INFO - Processing /home/airflow/.local/lib/python3.6/site-packages/airflow/example_dags/example_complex.py took 0.096 seconds
[2021-09-22 10:42:38,186] {processor.py:162} INFO - Started process (PID=163) to work on /home/airflow/.local/lib/python3.6/site-packages/airflow/example_dags/example_complex.py
[2021-09-22 10:42:38,194] {processor.py:613} INFO - Processing file /home/airflow/.local/lib/python3.6/site-packages/airflow/example_dags/example_complex.py for tasks to queue
[2021-09-22 10:42:38,194] {logging_mixin.py:109} INFO - [2021-09-22 10:42:38,194] {dagbag.py:496} INFO - Filling up the DagBag from /home/airflow/.local/lib/python3.6/site-packages/airflow/example_dags/example_complex.py
[2021-09-22 10:42:38,232] {processor.py:623} INFO - DAG(s) dict_keys(['example_complex']) retrieved from /home/airflow/.local/lib/python3.6/site-packages/airflow/example_dags/example_complex.py
[2021-09-22 10:42:38,271] {logging_mixin.py:109} INFO - [2021-09-22 10:42:38,270] {dag.py:1834} INFO - Sync 1 DAGs
[2021-09-22 10:42:38,311] {logging_mixin.py:109} INFO - [2021-09-22 10:42:38,311] {dag.py:2287} INFO - Setting next_dagrun for example_complex to None
[2021-09-22 10:42:38,353] {processor.py:170} INFO - Processing /home/airflow/.local/lib/python3.6/site-packages/airflow/example_dags/example_complex.py took 0.175 seconds
[2021-09-22 10:43:08,769] {processor.py:162} INFO - Started process (PID=215) to work on /home/airflow/.local/lib/python3.6/site-packages/airflow/example_dags/example_complex.py
[2021-09-22 10:43:08,770] {processor.py:613} INFO - Processing file /home/airflow/.local/lib/python3.6/site-packages/airflow/example_dags/example_complex.py for tasks to queue
[2021-09-22 10:43:08,771] {logging_mixin.py:109} INFO - [2021-09-22 10:43:08,771] {dagbag.py:496} INFO - Filling up the DagBag from /home/airflow/.local/lib/python3.6/site-packages/airflow/example_dags/example_complex.py
[2021-09-22 10:43:08,836] {processor.py:623} INFO - DAG(s) dict_keys(['example_complex']) retrieved from /home/airflow/.local/lib/python3.6/site-packages/airflow/example_dags/example_complex.py
[2021-09-22 10:43:08,953] {logging_mixin.py:109} INFO - [2021-09-22 10:43:08,953] {dag.py:1834} INFO - Sync 1 DAGs
[2021-09-22 10:43:08,973] {logging_mixin.py:109} INFO - [2021-09-22 10:43:08,973] {dag.py:2287} INFO - Setting next_dagrun for example_complex to None
[2021-09-22 10:43:08,993] {processor.py:170} INFO - Processing /home/airflow/.local/lib/python3.6/site-packages/airflow/example_dags/example_complex.py took 0.228 seconds
[2021-09-22 10:43:39,049] {processor.py:162} INFO - Started process (PID=276) to work on /home/airflow/.local/lib/python3.6/site-packages/airflow/example_dags/example_complex.py
[2021-09-22 10:43:39,051] {processor.py:613} INFO - Processing file /home/airflow/.local/lib/python3.6/site-packages/airflow/example_dags/example_complex.py for tasks to queue
[2021-09-22 10:43:39,052] {logging_mixin.py:109} INFO - [2021-09-22 10:43:39,052] {dagbag.py:496} INFO - Filling up the DagBag from /home/airflow/.local/lib/python3.6/site-packages/airflow/example_dags/example_complex.py
[2021-09-22 10:43:39,078] {processor.py:623} INFO - DAG(s) dict_keys(['example_complex']) retrieved from /home/airflow/.local/lib/python3.6/site-packages/airflow/example_dags/example_complex.py
[2021-09-22 10:43:39,112] {logging_mixin.py:109} INFO - [2021-09-22 10:43:39,112] {dag.py:1834} INFO - Sync 1 DAGs
[2021-09-22 10:43:39,129] {logging_mixin.py:109} INFO - [2021-09-22 10:43:39,128] {dag.py:2287} INFO - Setting next_dagrun for example_complex to None
[2021-09-22 10:43:39,140] {processor.py:170} INFO - Processing /home/airflow/.local/lib/python3.6/site-packages/airflow/example_dags/example_complex.py took 0.095 seconds
[2021-09-22 10:44:09,779] {processor.py:162} INFO - Started process (PID=327) to work on /home/airflow/.local/lib/python3.6/site-packages/airflow/example_dags/example_complex.py
[2021-09-22 10:44:09,780] {processor.py:613} INFO - Processing file /home/airflow/.local/lib/python3.6/site-packages/airflow/example_dags/example_complex.py for tasks to queue
[2021-09-22 10:44:09,781] {logging_mixin.py:109} INFO - [2021-09-22 10:44:09,781] {dagbag.py:496} INFO - Filling up the DagBag from /home/airflow/.local/lib/python3.6/site-packages/airflow/example_dags/example_complex.py
[2021-09-22 10:44:09,812] {processor.py:623} INFO - DAG(s) dict_keys(['example_complex']) retrieved from /home/airflow/.local/lib/python3.6/site-packages/airflow/example_dags/example_complex.py
[2021-09-22 10:44:09,839] {logging_mixin.py:109} INFO - [2021-09-22 10:44:09,839] {dag.py:1834} INFO - Sync 1 DAGs
[2021-09-22 10:44:09,853] {logging_mixin.py:109} INFO - [2021-09-22 10:44:09,852] {dag.py:2287} INFO - Setting next_dagrun for example_complex to None
[2021-09-22 10:44:09,863] {processor.py:170} INFO - Processing /home/airflow/.local/lib/python3.6/site-packages/airflow/example_dags/example_complex.py took 0.088 seconds
