[2021-09-22 10:25:21,639] {processor.py:162} INFO - Started process (PID=54) to work on /home/airflow/.local/lib/python3.6/site-packages/airflow/example_dags/example_bash_operator.py
[2021-09-22 10:25:21,640] {processor.py:613} INFO - Processing file /home/airflow/.local/lib/python3.6/site-packages/airflow/example_dags/example_bash_operator.py for tasks to queue
[2021-09-22 10:25:21,641] {logging_mixin.py:109} INFO - [2021-09-22 10:25:21,641] {dagbag.py:496} INFO - Filling up the DagBag from /home/airflow/.local/lib/python3.6/site-packages/airflow/example_dags/example_bash_operator.py
[2021-09-22 10:25:22,009] {processor.py:623} INFO - DAG(s) dict_keys(['example_bash_operator']) retrieved from /home/airflow/.local/lib/python3.6/site-packages/airflow/example_dags/example_bash_operator.py
[2021-09-22 10:25:49,169] {logging_mixin.py:109} INFO - [2021-09-22 10:25:49,167] {dag.py:1834} INFO - Sync 1 DAGs
[2021-09-22 10:25:49,203] {logging_mixin.py:109} INFO - [2021-09-22 10:25:49,202] {dag.py:1853} INFO - Creating ORM DAG for example_bash_operator
[2021-09-22 10:25:49,225] {logging_mixin.py:109} INFO - [2021-09-22 10:25:49,221] {dag.py:2287} INFO - Setting next_dagrun for example_bash_operator to 2021-09-20 00:00:00+00:00
[2021-09-22 10:25:49,248] {processor.py:170} INFO - Processing /home/airflow/.local/lib/python3.6/site-packages/airflow/example_dags/example_bash_operator.py took 27.652 seconds
[2021-09-22 10:27:19,799] {processor.py:162} INFO - Started process (PID=205) to work on /home/airflow/.local/lib/python3.6/site-packages/airflow/example_dags/example_bash_operator.py
[2021-09-22 10:27:19,806] {processor.py:613} INFO - Processing file /home/airflow/.local/lib/python3.6/site-packages/airflow/example_dags/example_bash_operator.py for tasks to queue
[2021-09-22 10:27:19,807] {logging_mixin.py:109} INFO - [2021-09-22 10:27:19,807] {dagbag.py:496} INFO - Filling up the DagBag from /home/airflow/.local/lib/python3.6/site-packages/airflow/example_dags/example_bash_operator.py
[2021-09-22 10:27:19,899] {processor.py:623} INFO - DAG(s) dict_keys(['example_bash_operator']) retrieved from /home/airflow/.local/lib/python3.6/site-packages/airflow/example_dags/example_bash_operator.py
[2021-09-22 10:27:19,994] {logging_mixin.py:109} INFO - [2021-09-22 10:27:19,994] {dag.py:1834} INFO - Sync 1 DAGs
[2021-09-22 10:27:20,055] {logging_mixin.py:109} INFO - [2021-09-22 10:27:20,054] {dag.py:2287} INFO - Setting next_dagrun for example_bash_operator to 2021-09-20 00:00:00+00:00
[2021-09-22 10:27:20,105] {processor.py:170} INFO - Processing /home/airflow/.local/lib/python3.6/site-packages/airflow/example_dags/example_bash_operator.py took 0.337 seconds
[2021-09-22 10:27:50,270] {processor.py:162} INFO - Started process (PID=254) to work on /home/airflow/.local/lib/python3.6/site-packages/airflow/example_dags/example_bash_operator.py
[2021-09-22 10:27:50,282] {processor.py:613} INFO - Processing file /home/airflow/.local/lib/python3.6/site-packages/airflow/example_dags/example_bash_operator.py for tasks to queue
[2021-09-22 10:27:50,283] {logging_mixin.py:109} INFO - [2021-09-22 10:27:50,283] {dagbag.py:496} INFO - Filling up the DagBag from /home/airflow/.local/lib/python3.6/site-packages/airflow/example_dags/example_bash_operator.py
[2021-09-22 10:27:50,372] {processor.py:623} INFO - DAG(s) dict_keys(['example_bash_operator']) retrieved from /home/airflow/.local/lib/python3.6/site-packages/airflow/example_dags/example_bash_operator.py
[2021-09-22 10:27:50,652] {logging_mixin.py:109} INFO - [2021-09-22 10:27:50,652] {dag.py:1834} INFO - Sync 1 DAGs
[2021-09-22 10:27:50,757] {logging_mixin.py:109} INFO - [2021-09-22 10:27:50,756] {dag.py:2287} INFO - Setting next_dagrun for example_bash_operator to 2021-09-20 00:00:00+00:00
[2021-09-22 10:27:50,856] {processor.py:170} INFO - Processing /home/airflow/.local/lib/python3.6/site-packages/airflow/example_dags/example_bash_operator.py took 0.607 seconds
[2021-09-22 10:28:21,491] {processor.py:162} INFO - Started process (PID=314) to work on /home/airflow/.local/lib/python3.6/site-packages/airflow/example_dags/example_bash_operator.py
[2021-09-22 10:28:21,493] {processor.py:613} INFO - Processing file /home/airflow/.local/lib/python3.6/site-packages/airflow/example_dags/example_bash_operator.py for tasks to queue
[2021-09-22 10:28:21,495] {logging_mixin.py:109} INFO - [2021-09-22 10:28:21,495] {dagbag.py:496} INFO - Filling up the DagBag from /home/airflow/.local/lib/python3.6/site-packages/airflow/example_dags/example_bash_operator.py
[2021-09-22 10:28:21,538] {processor.py:623} INFO - DAG(s) dict_keys(['example_bash_operator']) retrieved from /home/airflow/.local/lib/python3.6/site-packages/airflow/example_dags/example_bash_operator.py
[2021-09-22 10:28:21,611] {logging_mixin.py:109} INFO - [2021-09-22 10:28:21,611] {dag.py:1834} INFO - Sync 1 DAGs
[2021-09-22 10:28:21,660] {logging_mixin.py:109} INFO - [2021-09-22 10:28:21,659] {dag.py:2287} INFO - Setting next_dagrun for example_bash_operator to 2021-09-20 00:00:00+00:00
[2021-09-22 10:28:21,686] {processor.py:170} INFO - Processing /home/airflow/.local/lib/python3.6/site-packages/airflow/example_dags/example_bash_operator.py took 0.203 seconds
[2021-09-22 10:28:52,109] {processor.py:162} INFO - Started process (PID=365) to work on /home/airflow/.local/lib/python3.6/site-packages/airflow/example_dags/example_bash_operator.py
[2021-09-22 10:28:52,111] {processor.py:613} INFO - Processing file /home/airflow/.local/lib/python3.6/site-packages/airflow/example_dags/example_bash_operator.py for tasks to queue
[2021-09-22 10:28:52,113] {logging_mixin.py:109} INFO - [2021-09-22 10:28:52,112] {dagbag.py:496} INFO - Filling up the DagBag from /home/airflow/.local/lib/python3.6/site-packages/airflow/example_dags/example_bash_operator.py
[2021-09-22 10:28:52,176] {processor.py:623} INFO - DAG(s) dict_keys(['example_bash_operator']) retrieved from /home/airflow/.local/lib/python3.6/site-packages/airflow/example_dags/example_bash_operator.py
[2021-09-22 10:28:52,213] {logging_mixin.py:109} INFO - [2021-09-22 10:28:52,213] {dag.py:1834} INFO - Sync 1 DAGs
[2021-09-22 10:28:52,249] {logging_mixin.py:109} INFO - [2021-09-22 10:28:52,249] {dag.py:2287} INFO - Setting next_dagrun for example_bash_operator to 2021-09-20 00:00:00+00:00
[2021-09-22 10:28:52,271] {processor.py:170} INFO - Processing /home/airflow/.local/lib/python3.6/site-packages/airflow/example_dags/example_bash_operator.py took 0.168 seconds
[2021-09-22 10:29:22,327] {processor.py:162} INFO - Started process (PID=416) to work on /home/airflow/.local/lib/python3.6/site-packages/airflow/example_dags/example_bash_operator.py
[2021-09-22 10:29:22,329] {processor.py:613} INFO - Processing file /home/airflow/.local/lib/python3.6/site-packages/airflow/example_dags/example_bash_operator.py for tasks to queue
[2021-09-22 10:29:22,329] {logging_mixin.py:109} INFO - [2021-09-22 10:29:22,329] {dagbag.py:496} INFO - Filling up the DagBag from /home/airflow/.local/lib/python3.6/site-packages/airflow/example_dags/example_bash_operator.py
[2021-09-22 10:29:22,357] {processor.py:623} INFO - DAG(s) dict_keys(['example_bash_operator']) retrieved from /home/airflow/.local/lib/python3.6/site-packages/airflow/example_dags/example_bash_operator.py
[2021-09-22 10:29:22,394] {logging_mixin.py:109} INFO - [2021-09-22 10:29:22,393] {dag.py:1834} INFO - Sync 1 DAGs
[2021-09-22 10:29:22,422] {logging_mixin.py:109} INFO - [2021-09-22 10:29:22,422] {dag.py:2287} INFO - Setting next_dagrun for example_bash_operator to 2021-09-20 00:00:00+00:00
[2021-09-22 10:29:22,435] {processor.py:170} INFO - Processing /home/airflow/.local/lib/python3.6/site-packages/airflow/example_dags/example_bash_operator.py took 0.113 seconds
[2021-09-22 10:29:52,704] {processor.py:162} INFO - Started process (PID=476) to work on /home/airflow/.local/lib/python3.6/site-packages/airflow/example_dags/example_bash_operator.py
[2021-09-22 10:29:52,717] {processor.py:613} INFO - Processing file /home/airflow/.local/lib/python3.6/site-packages/airflow/example_dags/example_bash_operator.py for tasks to queue
[2021-09-22 10:29:52,718] {logging_mixin.py:109} INFO - [2021-09-22 10:29:52,718] {dagbag.py:496} INFO - Filling up the DagBag from /home/airflow/.local/lib/python3.6/site-packages/airflow/example_dags/example_bash_operator.py
[2021-09-22 10:29:52,803] {processor.py:623} INFO - DAG(s) dict_keys(['example_bash_operator']) retrieved from /home/airflow/.local/lib/python3.6/site-packages/airflow/example_dags/example_bash_operator.py
[2021-09-22 10:29:52,897] {logging_mixin.py:109} INFO - [2021-09-22 10:29:52,897] {dag.py:1834} INFO - Sync 1 DAGs
[2021-09-22 10:29:52,945] {logging_mixin.py:109} INFO - [2021-09-22 10:29:52,944] {dag.py:2287} INFO - Setting next_dagrun for example_bash_operator to 2021-09-20 00:00:00+00:00
[2021-09-22 10:29:52,987] {processor.py:170} INFO - Processing /home/airflow/.local/lib/python3.6/site-packages/airflow/example_dags/example_bash_operator.py took 0.291 seconds
[2021-09-22 10:30:23,115] {processor.py:162} INFO - Started process (PID=527) to work on /home/airflow/.local/lib/python3.6/site-packages/airflow/example_dags/example_bash_operator.py
[2021-09-22 10:30:23,117] {processor.py:613} INFO - Processing file /home/airflow/.local/lib/python3.6/site-packages/airflow/example_dags/example_bash_operator.py for tasks to queue
[2021-09-22 10:30:23,118] {logging_mixin.py:109} INFO - [2021-09-22 10:30:23,118] {dagbag.py:496} INFO - Filling up the DagBag from /home/airflow/.local/lib/python3.6/site-packages/airflow/example_dags/example_bash_operator.py
[2021-09-22 10:30:23,135] {processor.py:623} INFO - DAG(s) dict_keys(['example_bash_operator']) retrieved from /home/airflow/.local/lib/python3.6/site-packages/airflow/example_dags/example_bash_operator.py
[2021-09-22 10:30:23,159] {logging_mixin.py:109} INFO - [2021-09-22 10:30:23,159] {dag.py:1834} INFO - Sync 1 DAGs
[2021-09-22 10:30:23,175] {logging_mixin.py:109} INFO - [2021-09-22 10:30:23,175] {dag.py:2287} INFO - Setting next_dagrun for example_bash_operator to 2021-09-20 00:00:00+00:00
[2021-09-22 10:30:23,188] {processor.py:170} INFO - Processing /home/airflow/.local/lib/python3.6/site-packages/airflow/example_dags/example_bash_operator.py took 0.076 seconds
[2021-09-22 10:30:54,007] {processor.py:162} INFO - Started process (PID=581) to work on /home/airflow/.local/lib/python3.6/site-packages/airflow/example_dags/example_bash_operator.py
[2021-09-22 10:30:54,009] {processor.py:613} INFO - Processing file /home/airflow/.local/lib/python3.6/site-packages/airflow/example_dags/example_bash_operator.py for tasks to queue
[2021-09-22 10:30:54,010] {logging_mixin.py:109} INFO - [2021-09-22 10:30:54,010] {dagbag.py:496} INFO - Filling up the DagBag from /home/airflow/.local/lib/python3.6/site-packages/airflow/example_dags/example_bash_operator.py
[2021-09-22 10:30:54,028] {processor.py:623} INFO - DAG(s) dict_keys(['example_bash_operator']) retrieved from /home/airflow/.local/lib/python3.6/site-packages/airflow/example_dags/example_bash_operator.py
[2021-09-22 10:30:54,052] {logging_mixin.py:109} INFO - [2021-09-22 10:30:54,051] {dag.py:1834} INFO - Sync 1 DAGs
[2021-09-22 10:30:54,070] {logging_mixin.py:109} INFO - [2021-09-22 10:30:54,070] {dag.py:2287} INFO - Setting next_dagrun for example_bash_operator to 2021-09-20 00:00:00+00:00
[2021-09-22 10:30:54,085] {processor.py:170} INFO - Processing /home/airflow/.local/lib/python3.6/site-packages/airflow/example_dags/example_bash_operator.py took 0.081 seconds
[2021-09-22 10:31:24,482] {processor.py:162} INFO - Started process (PID=644) to work on /home/airflow/.local/lib/python3.6/site-packages/airflow/example_dags/example_bash_operator.py
[2021-09-22 10:31:24,484] {processor.py:613} INFO - Processing file /home/airflow/.local/lib/python3.6/site-packages/airflow/example_dags/example_bash_operator.py for tasks to queue
[2021-09-22 10:31:24,485] {logging_mixin.py:109} INFO - [2021-09-22 10:31:24,484] {dagbag.py:496} INFO - Filling up the DagBag from /home/airflow/.local/lib/python3.6/site-packages/airflow/example_dags/example_bash_operator.py
[2021-09-22 10:31:24,500] {processor.py:623} INFO - DAG(s) dict_keys(['example_bash_operator']) retrieved from /home/airflow/.local/lib/python3.6/site-packages/airflow/example_dags/example_bash_operator.py
[2021-09-22 10:31:24,523] {logging_mixin.py:109} INFO - [2021-09-22 10:31:24,523] {dag.py:1834} INFO - Sync 1 DAGs
[2021-09-22 10:31:24,539] {logging_mixin.py:109} INFO - [2021-09-22 10:31:24,539] {dag.py:2287} INFO - Setting next_dagrun for example_bash_operator to 2021-09-20 00:00:00+00:00
[2021-09-22 10:31:24,548] {processor.py:170} INFO - Processing /home/airflow/.local/lib/python3.6/site-packages/airflow/example_dags/example_bash_operator.py took 0.069 seconds
[2021-09-22 10:31:54,942] {processor.py:162} INFO - Started process (PID=696) to work on /home/airflow/.local/lib/python3.6/site-packages/airflow/example_dags/example_bash_operator.py
[2021-09-22 10:31:54,943] {processor.py:613} INFO - Processing file /home/airflow/.local/lib/python3.6/site-packages/airflow/example_dags/example_bash_operator.py for tasks to queue
[2021-09-22 10:31:54,944] {logging_mixin.py:109} INFO - [2021-09-22 10:31:54,943] {dagbag.py:496} INFO - Filling up the DagBag from /home/airflow/.local/lib/python3.6/site-packages/airflow/example_dags/example_bash_operator.py
[2021-09-22 10:31:54,960] {processor.py:623} INFO - DAG(s) dict_keys(['example_bash_operator']) retrieved from /home/airflow/.local/lib/python3.6/site-packages/airflow/example_dags/example_bash_operator.py
[2021-09-22 10:31:54,984] {logging_mixin.py:109} INFO - [2021-09-22 10:31:54,984] {dag.py:1834} INFO - Sync 1 DAGs
[2021-09-22 10:31:55,018] {logging_mixin.py:109} INFO - [2021-09-22 10:31:55,018] {dag.py:2287} INFO - Setting next_dagrun for example_bash_operator to 2021-09-20 00:00:00+00:00
[2021-09-22 10:31:55,032] {processor.py:170} INFO - Processing /home/airflow/.local/lib/python3.6/site-packages/airflow/example_dags/example_bash_operator.py took 0.093 seconds
[2021-09-22 10:32:25,467] {processor.py:162} INFO - Started process (PID=758) to work on /home/airflow/.local/lib/python3.6/site-packages/airflow/example_dags/example_bash_operator.py
[2021-09-22 10:32:25,472] {processor.py:613} INFO - Processing file /home/airflow/.local/lib/python3.6/site-packages/airflow/example_dags/example_bash_operator.py for tasks to queue
[2021-09-22 10:32:25,474] {logging_mixin.py:109} INFO - [2021-09-22 10:32:25,474] {dagbag.py:496} INFO - Filling up the DagBag from /home/airflow/.local/lib/python3.6/site-packages/airflow/example_dags/example_bash_operator.py
[2021-09-22 10:32:25,513] {processor.py:623} INFO - DAG(s) dict_keys(['example_bash_operator']) retrieved from /home/airflow/.local/lib/python3.6/site-packages/airflow/example_dags/example_bash_operator.py
[2021-09-22 10:32:25,569] {logging_mixin.py:109} INFO - [2021-09-22 10:32:25,566] {dag.py:1834} INFO - Sync 1 DAGs
[2021-09-22 10:32:25,626] {logging_mixin.py:109} INFO - [2021-09-22 10:32:25,626] {dag.py:2287} INFO - Setting next_dagrun for example_bash_operator to 2021-09-20 00:00:00+00:00
[2021-09-22 10:32:25,651] {processor.py:170} INFO - Processing /home/airflow/.local/lib/python3.6/site-packages/airflow/example_dags/example_bash_operator.py took 0.191 seconds
[2021-09-22 10:32:56,512] {processor.py:162} INFO - Started process (PID=809) to work on /home/airflow/.local/lib/python3.6/site-packages/airflow/example_dags/example_bash_operator.py
[2021-09-22 10:32:56,514] {processor.py:613} INFO - Processing file /home/airflow/.local/lib/python3.6/site-packages/airflow/example_dags/example_bash_operator.py for tasks to queue
[2021-09-22 10:32:56,514] {logging_mixin.py:109} INFO - [2021-09-22 10:32:56,514] {dagbag.py:496} INFO - Filling up the DagBag from /home/airflow/.local/lib/python3.6/site-packages/airflow/example_dags/example_bash_operator.py
[2021-09-22 10:32:56,533] {processor.py:623} INFO - DAG(s) dict_keys(['example_bash_operator']) retrieved from /home/airflow/.local/lib/python3.6/site-packages/airflow/example_dags/example_bash_operator.py
[2021-09-22 10:32:56,555] {logging_mixin.py:109} INFO - [2021-09-22 10:32:56,554] {dag.py:1834} INFO - Sync 1 DAGs
[2021-09-22 10:32:56,576] {logging_mixin.py:109} INFO - [2021-09-22 10:32:56,576] {dag.py:2287} INFO - Setting next_dagrun for example_bash_operator to 2021-09-20 00:00:00+00:00
[2021-09-22 10:32:56,601] {processor.py:170} INFO - Processing /home/airflow/.local/lib/python3.6/site-packages/airflow/example_dags/example_bash_operator.py took 0.092 seconds
[2021-09-22 10:33:26,791] {processor.py:162} INFO - Started process (PID=871) to work on /home/airflow/.local/lib/python3.6/site-packages/airflow/example_dags/example_bash_operator.py
[2021-09-22 10:33:26,793] {processor.py:613} INFO - Processing file /home/airflow/.local/lib/python3.6/site-packages/airflow/example_dags/example_bash_operator.py for tasks to queue
[2021-09-22 10:33:26,794] {logging_mixin.py:109} INFO - [2021-09-22 10:33:26,794] {dagbag.py:496} INFO - Filling up the DagBag from /home/airflow/.local/lib/python3.6/site-packages/airflow/example_dags/example_bash_operator.py
[2021-09-22 10:33:26,813] {processor.py:623} INFO - DAG(s) dict_keys(['example_bash_operator']) retrieved from /home/airflow/.local/lib/python3.6/site-packages/airflow/example_dags/example_bash_operator.py
[2021-09-22 10:33:26,841] {logging_mixin.py:109} INFO - [2021-09-22 10:33:26,841] {dag.py:1834} INFO - Sync 1 DAGs
[2021-09-22 10:33:26,861] {logging_mixin.py:109} INFO - [2021-09-22 10:33:26,861] {dag.py:2287} INFO - Setting next_dagrun for example_bash_operator to 2021-09-20 00:00:00+00:00
[2021-09-22 10:33:26,873] {processor.py:170} INFO - Processing /home/airflow/.local/lib/python3.6/site-packages/airflow/example_dags/example_bash_operator.py took 0.086 seconds
[2021-09-22 10:33:57,600] {processor.py:162} INFO - Started process (PID=929) to work on /home/airflow/.local/lib/python3.6/site-packages/airflow/example_dags/example_bash_operator.py
[2021-09-22 10:33:57,604] {processor.py:613} INFO - Processing file /home/airflow/.local/lib/python3.6/site-packages/airflow/example_dags/example_bash_operator.py for tasks to queue
[2021-09-22 10:33:57,605] {logging_mixin.py:109} INFO - [2021-09-22 10:33:57,605] {dagbag.py:496} INFO - Filling up the DagBag from /home/airflow/.local/lib/python3.6/site-packages/airflow/example_dags/example_bash_operator.py
[2021-09-22 10:33:57,645] {processor.py:623} INFO - DAG(s) dict_keys(['example_bash_operator']) retrieved from /home/airflow/.local/lib/python3.6/site-packages/airflow/example_dags/example_bash_operator.py
[2021-09-22 10:33:57,682] {logging_mixin.py:109} INFO - [2021-09-22 10:33:57,681] {dag.py:1834} INFO - Sync 1 DAGs
[2021-09-22 10:33:57,705] {logging_mixin.py:109} INFO - [2021-09-22 10:33:57,705] {dag.py:2287} INFO - Setting next_dagrun for example_bash_operator to 2021-09-20 00:00:00+00:00
[2021-09-22 10:33:57,719] {processor.py:170} INFO - Processing /home/airflow/.local/lib/python3.6/site-packages/airflow/example_dags/example_bash_operator.py took 0.126 seconds
[2021-09-22 10:34:28,396] {processor.py:162} INFO - Started process (PID=983) to work on /home/airflow/.local/lib/python3.6/site-packages/airflow/example_dags/example_bash_operator.py
[2021-09-22 10:34:28,398] {processor.py:613} INFO - Processing file /home/airflow/.local/lib/python3.6/site-packages/airflow/example_dags/example_bash_operator.py for tasks to queue
[2021-09-22 10:34:28,398] {logging_mixin.py:109} INFO - [2021-09-22 10:34:28,398] {dagbag.py:496} INFO - Filling up the DagBag from /home/airflow/.local/lib/python3.6/site-packages/airflow/example_dags/example_bash_operator.py
[2021-09-22 10:34:28,416] {processor.py:623} INFO - DAG(s) dict_keys(['example_bash_operator']) retrieved from /home/airflow/.local/lib/python3.6/site-packages/airflow/example_dags/example_bash_operator.py
[2021-09-22 10:34:28,438] {logging_mixin.py:109} INFO - [2021-09-22 10:34:28,438] {dag.py:1834} INFO - Sync 1 DAGs
[2021-09-22 10:34:28,455] {logging_mixin.py:109} INFO - [2021-09-22 10:34:28,455] {dag.py:2287} INFO - Setting next_dagrun for example_bash_operator to 2021-09-20 00:00:00+00:00
[2021-09-22 10:34:28,465] {processor.py:170} INFO - Processing /home/airflow/.local/lib/python3.6/site-packages/airflow/example_dags/example_bash_operator.py took 0.073 seconds
[2021-09-22 10:34:58,678] {processor.py:162} INFO - Started process (PID=1033) to work on /home/airflow/.local/lib/python3.6/site-packages/airflow/example_dags/example_bash_operator.py
[2021-09-22 10:34:58,679] {processor.py:613} INFO - Processing file /home/airflow/.local/lib/python3.6/site-packages/airflow/example_dags/example_bash_operator.py for tasks to queue
[2021-09-22 10:34:58,688] {logging_mixin.py:109} INFO - [2021-09-22 10:34:58,688] {dagbag.py:496} INFO - Filling up the DagBag from /home/airflow/.local/lib/python3.6/site-packages/airflow/example_dags/example_bash_operator.py
[2021-09-22 10:34:58,718] {processor.py:623} INFO - DAG(s) dict_keys(['example_bash_operator']) retrieved from /home/airflow/.local/lib/python3.6/site-packages/airflow/example_dags/example_bash_operator.py
[2021-09-22 10:34:58,774] {logging_mixin.py:109} INFO - [2021-09-22 10:34:58,774] {dag.py:1834} INFO - Sync 1 DAGs
[2021-09-22 10:34:58,843] {logging_mixin.py:109} INFO - [2021-09-22 10:34:58,842] {dag.py:2287} INFO - Setting next_dagrun for example_bash_operator to 2021-09-20 00:00:00+00:00
[2021-09-22 10:34:58,866] {processor.py:170} INFO - Processing /home/airflow/.local/lib/python3.6/site-packages/airflow/example_dags/example_bash_operator.py took 0.195 seconds
[2021-09-22 10:35:29,349] {processor.py:162} INFO - Started process (PID=1085) to work on /home/airflow/.local/lib/python3.6/site-packages/airflow/example_dags/example_bash_operator.py
[2021-09-22 10:35:29,351] {processor.py:613} INFO - Processing file /home/airflow/.local/lib/python3.6/site-packages/airflow/example_dags/example_bash_operator.py for tasks to queue
[2021-09-22 10:35:29,352] {logging_mixin.py:109} INFO - [2021-09-22 10:35:29,352] {dagbag.py:496} INFO - Filling up the DagBag from /home/airflow/.local/lib/python3.6/site-packages/airflow/example_dags/example_bash_operator.py
[2021-09-22 10:35:29,372] {processor.py:623} INFO - DAG(s) dict_keys(['example_bash_operator']) retrieved from /home/airflow/.local/lib/python3.6/site-packages/airflow/example_dags/example_bash_operator.py
[2021-09-22 10:35:29,398] {logging_mixin.py:109} INFO - [2021-09-22 10:35:29,397] {dag.py:1834} INFO - Sync 1 DAGs
[2021-09-22 10:35:29,428] {logging_mixin.py:109} INFO - [2021-09-22 10:35:29,428] {dag.py:2287} INFO - Setting next_dagrun for example_bash_operator to 2021-09-20 00:00:00+00:00
[2021-09-22 10:35:29,443] {processor.py:170} INFO - Processing /home/airflow/.local/lib/python3.6/site-packages/airflow/example_dags/example_bash_operator.py took 0.099 seconds
[2021-09-22 10:35:59,901] {processor.py:162} INFO - Started process (PID=1146) to work on /home/airflow/.local/lib/python3.6/site-packages/airflow/example_dags/example_bash_operator.py
[2021-09-22 10:35:59,902] {processor.py:613} INFO - Processing file /home/airflow/.local/lib/python3.6/site-packages/airflow/example_dags/example_bash_operator.py for tasks to queue
[2021-09-22 10:35:59,903] {logging_mixin.py:109} INFO - [2021-09-22 10:35:59,902] {dagbag.py:496} INFO - Filling up the DagBag from /home/airflow/.local/lib/python3.6/site-packages/airflow/example_dags/example_bash_operator.py
[2021-09-22 10:35:59,921] {processor.py:623} INFO - DAG(s) dict_keys(['example_bash_operator']) retrieved from /home/airflow/.local/lib/python3.6/site-packages/airflow/example_dags/example_bash_operator.py
[2021-09-22 10:35:59,951] {logging_mixin.py:109} INFO - [2021-09-22 10:35:59,951] {dag.py:1834} INFO - Sync 1 DAGs
[2021-09-22 10:35:59,976] {logging_mixin.py:109} INFO - [2021-09-22 10:35:59,975] {dag.py:2287} INFO - Setting next_dagrun for example_bash_operator to 2021-09-20 00:00:00+00:00
[2021-09-22 10:35:59,990] {processor.py:170} INFO - Processing /home/airflow/.local/lib/python3.6/site-packages/airflow/example_dags/example_bash_operator.py took 0.094 seconds
[2021-09-22 10:36:30,583] {processor.py:162} INFO - Started process (PID=1197) to work on /home/airflow/.local/lib/python3.6/site-packages/airflow/example_dags/example_bash_operator.py
[2021-09-22 10:36:30,585] {processor.py:613} INFO - Processing file /home/airflow/.local/lib/python3.6/site-packages/airflow/example_dags/example_bash_operator.py for tasks to queue
[2021-09-22 10:36:30,586] {logging_mixin.py:109} INFO - [2021-09-22 10:36:30,586] {dagbag.py:496} INFO - Filling up the DagBag from /home/airflow/.local/lib/python3.6/site-packages/airflow/example_dags/example_bash_operator.py
[2021-09-22 10:36:30,607] {processor.py:623} INFO - DAG(s) dict_keys(['example_bash_operator']) retrieved from /home/airflow/.local/lib/python3.6/site-packages/airflow/example_dags/example_bash_operator.py
[2021-09-22 10:36:30,637] {logging_mixin.py:109} INFO - [2021-09-22 10:36:30,637] {dag.py:1834} INFO - Sync 1 DAGs
[2021-09-22 10:36:30,659] {logging_mixin.py:109} INFO - [2021-09-22 10:36:30,659] {dag.py:2287} INFO - Setting next_dagrun for example_bash_operator to 2021-09-20 00:00:00+00:00
[2021-09-22 10:36:30,670] {processor.py:170} INFO - Processing /home/airflow/.local/lib/python3.6/site-packages/airflow/example_dags/example_bash_operator.py took 0.092 seconds
[2021-09-22 10:38:10,218] {processor.py:162} INFO - Started process (PID=45) to work on /home/airflow/.local/lib/python3.6/site-packages/airflow/example_dags/example_bash_operator.py
[2021-09-22 10:38:10,232] {processor.py:613} INFO - Processing file /home/airflow/.local/lib/python3.6/site-packages/airflow/example_dags/example_bash_operator.py for tasks to queue
[2021-09-22 10:38:10,245] {logging_mixin.py:109} INFO - [2021-09-22 10:38:10,233] {dagbag.py:496} INFO - Filling up the DagBag from /home/airflow/.local/lib/python3.6/site-packages/airflow/example_dags/example_bash_operator.py
[2021-09-22 10:38:10,532] {processor.py:623} INFO - DAG(s) dict_keys(['example_bash_operator']) retrieved from /home/airflow/.local/lib/python3.6/site-packages/airflow/example_dags/example_bash_operator.py
[2021-09-22 10:38:10,724] {logging_mixin.py:109} INFO - [2021-09-22 10:38:10,724] {dag.py:1834} INFO - Sync 1 DAGs
[2021-09-22 10:38:10,831] {logging_mixin.py:109} INFO - [2021-09-22 10:38:10,830] {dag.py:2287} INFO - Setting next_dagrun for example_bash_operator to 2021-09-20 00:00:00+00:00
[2021-09-22 10:38:10,904] {processor.py:170} INFO - Processing /home/airflow/.local/lib/python3.6/site-packages/airflow/example_dags/example_bash_operator.py took 0.713 seconds
[2021-09-22 10:38:41,745] {processor.py:162} INFO - Started process (PID=97) to work on /home/airflow/.local/lib/python3.6/site-packages/airflow/example_dags/example_bash_operator.py
[2021-09-22 10:38:41,754] {processor.py:613} INFO - Processing file /home/airflow/.local/lib/python3.6/site-packages/airflow/example_dags/example_bash_operator.py for tasks to queue
[2021-09-22 10:38:41,755] {logging_mixin.py:109} INFO - [2021-09-22 10:38:41,755] {dagbag.py:496} INFO - Filling up the DagBag from /home/airflow/.local/lib/python3.6/site-packages/airflow/example_dags/example_bash_operator.py
[2021-09-22 10:38:41,814] {processor.py:623} INFO - DAG(s) dict_keys(['example_bash_operator']) retrieved from /home/airflow/.local/lib/python3.6/site-packages/airflow/example_dags/example_bash_operator.py
[2021-09-22 10:38:41,877] {logging_mixin.py:109} INFO - [2021-09-22 10:38:41,877] {dag.py:1834} INFO - Sync 1 DAGs
[2021-09-22 10:38:41,940] {logging_mixin.py:109} INFO - [2021-09-22 10:38:41,940] {dag.py:2287} INFO - Setting next_dagrun for example_bash_operator to 2021-09-20 00:00:00+00:00
[2021-09-22 10:38:41,981] {processor.py:170} INFO - Processing /home/airflow/.local/lib/python3.6/site-packages/airflow/example_dags/example_bash_operator.py took 0.248 seconds
[2021-09-22 10:41:35,429] {processor.py:162} INFO - Started process (PID=43) to work on /home/airflow/.local/lib/python3.6/site-packages/airflow/example_dags/example_bash_operator.py
[2021-09-22 10:41:35,431] {processor.py:613} INFO - Processing file /home/airflow/.local/lib/python3.6/site-packages/airflow/example_dags/example_bash_operator.py for tasks to queue
[2021-09-22 10:41:35,432] {logging_mixin.py:109} INFO - [2021-09-22 10:41:35,432] {dagbag.py:496} INFO - Filling up the DagBag from /home/airflow/.local/lib/python3.6/site-packages/airflow/example_dags/example_bash_operator.py
[2021-09-22 10:41:35,552] {processor.py:623} INFO - DAG(s) dict_keys(['example_bash_operator']) retrieved from /home/airflow/.local/lib/python3.6/site-packages/airflow/example_dags/example_bash_operator.py
[2021-09-22 10:41:35,661] {logging_mixin.py:109} INFO - [2021-09-22 10:41:35,661] {dag.py:1834} INFO - Sync 1 DAGs
[2021-09-22 10:41:35,724] {logging_mixin.py:109} INFO - [2021-09-22 10:41:35,724] {dag.py:2287} INFO - Setting next_dagrun for example_bash_operator to 2021-09-20 00:00:00+00:00
[2021-09-22 10:41:35,759] {processor.py:170} INFO - Processing /home/airflow/.local/lib/python3.6/site-packages/airflow/example_dags/example_bash_operator.py took 0.339 seconds
[2021-09-22 10:42:05,923] {processor.py:162} INFO - Started process (PID=94) to work on /home/airflow/.local/lib/python3.6/site-packages/airflow/example_dags/example_bash_operator.py
[2021-09-22 10:42:05,931] {processor.py:613} INFO - Processing file /home/airflow/.local/lib/python3.6/site-packages/airflow/example_dags/example_bash_operator.py for tasks to queue
[2021-09-22 10:42:05,957] {logging_mixin.py:109} INFO - [2021-09-22 10:42:05,957] {dagbag.py:496} INFO - Filling up the DagBag from /home/airflow/.local/lib/python3.6/site-packages/airflow/example_dags/example_bash_operator.py
[2021-09-22 10:42:06,021] {processor.py:623} INFO - DAG(s) dict_keys(['example_bash_operator']) retrieved from /home/airflow/.local/lib/python3.6/site-packages/airflow/example_dags/example_bash_operator.py
[2021-09-22 10:42:06,053] {logging_mixin.py:109} INFO - [2021-09-22 10:42:06,052] {dag.py:1834} INFO - Sync 1 DAGs
[2021-09-22 10:42:06,074] {logging_mixin.py:109} INFO - [2021-09-22 10:42:06,074] {dag.py:2287} INFO - Setting next_dagrun for example_bash_operator to 2021-09-20 00:00:00+00:00
[2021-09-22 10:42:06,086] {processor.py:170} INFO - Processing /home/airflow/.local/lib/python3.6/site-packages/airflow/example_dags/example_bash_operator.py took 0.192 seconds
[2021-09-22 10:42:36,707] {processor.py:162} INFO - Started process (PID=156) to work on /home/airflow/.local/lib/python3.6/site-packages/airflow/example_dags/example_bash_operator.py
[2021-09-22 10:42:36,709] {processor.py:613} INFO - Processing file /home/airflow/.local/lib/python3.6/site-packages/airflow/example_dags/example_bash_operator.py for tasks to queue
[2021-09-22 10:42:36,709] {logging_mixin.py:109} INFO - [2021-09-22 10:42:36,709] {dagbag.py:496} INFO - Filling up the DagBag from /home/airflow/.local/lib/python3.6/site-packages/airflow/example_dags/example_bash_operator.py
[2021-09-22 10:42:36,737] {processor.py:623} INFO - DAG(s) dict_keys(['example_bash_operator']) retrieved from /home/airflow/.local/lib/python3.6/site-packages/airflow/example_dags/example_bash_operator.py
[2021-09-22 10:42:36,769] {logging_mixin.py:109} INFO - [2021-09-22 10:42:36,769] {dag.py:1834} INFO - Sync 1 DAGs
[2021-09-22 10:42:36,793] {logging_mixin.py:109} INFO - [2021-09-22 10:42:36,793] {dag.py:2287} INFO - Setting next_dagrun for example_bash_operator to 2021-09-20 00:00:00+00:00
[2021-09-22 10:42:36,810] {processor.py:170} INFO - Processing /home/airflow/.local/lib/python3.6/site-packages/airflow/example_dags/example_bash_operator.py took 0.106 seconds
[2021-09-22 10:43:07,329] {processor.py:162} INFO - Started process (PID=209) to work on /home/airflow/.local/lib/python3.6/site-packages/airflow/example_dags/example_bash_operator.py
[2021-09-22 10:43:07,331] {processor.py:613} INFO - Processing file /home/airflow/.local/lib/python3.6/site-packages/airflow/example_dags/example_bash_operator.py for tasks to queue
[2021-09-22 10:43:07,331] {logging_mixin.py:109} INFO - [2021-09-22 10:43:07,331] {dagbag.py:496} INFO - Filling up the DagBag from /home/airflow/.local/lib/python3.6/site-packages/airflow/example_dags/example_bash_operator.py
[2021-09-22 10:43:07,357] {processor.py:623} INFO - DAG(s) dict_keys(['example_bash_operator']) retrieved from /home/airflow/.local/lib/python3.6/site-packages/airflow/example_dags/example_bash_operator.py
[2021-09-22 10:43:07,391] {logging_mixin.py:109} INFO - [2021-09-22 10:43:07,390] {dag.py:1834} INFO - Sync 1 DAGs
[2021-09-22 10:43:07,418] {logging_mixin.py:109} INFO - [2021-09-22 10:43:07,417] {dag.py:2287} INFO - Setting next_dagrun for example_bash_operator to 2021-09-20 00:00:00+00:00
[2021-09-22 10:43:07,449] {processor.py:170} INFO - Processing /home/airflow/.local/lib/python3.6/site-packages/airflow/example_dags/example_bash_operator.py took 0.126 seconds
[2021-09-22 10:43:37,595] {processor.py:162} INFO - Started process (PID=260) to work on /home/airflow/.local/lib/python3.6/site-packages/airflow/example_dags/example_bash_operator.py
[2021-09-22 10:43:37,597] {processor.py:613} INFO - Processing file /home/airflow/.local/lib/python3.6/site-packages/airflow/example_dags/example_bash_operator.py for tasks to queue
[2021-09-22 10:43:37,598] {logging_mixin.py:109} INFO - [2021-09-22 10:43:37,598] {dagbag.py:496} INFO - Filling up the DagBag from /home/airflow/.local/lib/python3.6/site-packages/airflow/example_dags/example_bash_operator.py
[2021-09-22 10:43:37,620] {processor.py:623} INFO - DAG(s) dict_keys(['example_bash_operator']) retrieved from /home/airflow/.local/lib/python3.6/site-packages/airflow/example_dags/example_bash_operator.py
[2021-09-22 10:43:37,667] {logging_mixin.py:109} INFO - [2021-09-22 10:43:37,667] {dag.py:1834} INFO - Sync 1 DAGs
[2021-09-22 10:43:37,709] {logging_mixin.py:109} INFO - [2021-09-22 10:43:37,708] {dag.py:2287} INFO - Setting next_dagrun for example_bash_operator to 2021-09-20 00:00:00+00:00
[2021-09-22 10:43:37,724] {processor.py:170} INFO - Processing /home/airflow/.local/lib/python3.6/site-packages/airflow/example_dags/example_bash_operator.py took 0.133 seconds
[2021-09-22 10:44:08,316] {processor.py:162} INFO - Started process (PID=321) to work on /home/airflow/.local/lib/python3.6/site-packages/airflow/example_dags/example_bash_operator.py
[2021-09-22 10:44:08,320] {processor.py:613} INFO - Processing file /home/airflow/.local/lib/python3.6/site-packages/airflow/example_dags/example_bash_operator.py for tasks to queue
[2021-09-22 10:44:08,322] {logging_mixin.py:109} INFO - [2021-09-22 10:44:08,321] {dagbag.py:496} INFO - Filling up the DagBag from /home/airflow/.local/lib/python3.6/site-packages/airflow/example_dags/example_bash_operator.py
[2021-09-22 10:44:08,345] {processor.py:623} INFO - DAG(s) dict_keys(['example_bash_operator']) retrieved from /home/airflow/.local/lib/python3.6/site-packages/airflow/example_dags/example_bash_operator.py
[2021-09-22 10:44:08,380] {logging_mixin.py:109} INFO - [2021-09-22 10:44:08,380] {dag.py:1834} INFO - Sync 1 DAGs
[2021-09-22 10:44:08,405] {logging_mixin.py:109} INFO - [2021-09-22 10:44:08,405] {dag.py:2287} INFO - Setting next_dagrun for example_bash_operator to 2021-09-20 00:00:00+00:00
[2021-09-22 10:44:08,420] {processor.py:170} INFO - Processing /home/airflow/.local/lib/python3.6/site-packages/airflow/example_dags/example_bash_operator.py took 0.107 seconds
