[2021-09-22 10:26:26,954] {processor.py:162} INFO - Started process (PID=129) to work on /home/airflow/.local/lib/python3.6/site-packages/airflow/example_dags/example_python_operator.py
[2021-09-22 10:26:26,955] {processor.py:613} INFO - Processing file /home/airflow/.local/lib/python3.6/site-packages/airflow/example_dags/example_python_operator.py for tasks to queue
[2021-09-22 10:26:26,955] {logging_mixin.py:109} INFO - [2021-09-22 10:26:26,955] {dagbag.py:496} INFO - Filling up the DagBag from /home/airflow/.local/lib/python3.6/site-packages/airflow/example_dags/example_python_operator.py
[2021-09-22 10:26:26,973] {processor.py:623} INFO - DAG(s) dict_keys(['example_python_operator']) retrieved from /home/airflow/.local/lib/python3.6/site-packages/airflow/example_dags/example_python_operator.py
[2021-09-22 10:26:32,130] {logging_mixin.py:109} INFO - [2021-09-22 10:26:32,129] {dag.py:1834} INFO - Sync 1 DAGs
[2021-09-22 10:26:32,155] {logging_mixin.py:109} INFO - [2021-09-22 10:26:32,153] {dag.py:1853} INFO - Creating ORM DAG for example_python_operator
[2021-09-22 10:26:32,160] {logging_mixin.py:109} INFO - [2021-09-22 10:26:32,160] {dag.py:2287} INFO - Setting next_dagrun for example_python_operator to None
[2021-09-22 10:26:32,177] {processor.py:170} INFO - Processing /home/airflow/.local/lib/python3.6/site-packages/airflow/example_dags/example_python_operator.py took 5.227 seconds
[2021-09-22 10:27:24,024] {processor.py:162} INFO - Started process (PID=220) to work on /home/airflow/.local/lib/python3.6/site-packages/airflow/example_dags/example_python_operator.py
[2021-09-22 10:27:24,026] {processor.py:613} INFO - Processing file /home/airflow/.local/lib/python3.6/site-packages/airflow/example_dags/example_python_operator.py for tasks to queue
[2021-09-22 10:27:24,026] {logging_mixin.py:109} INFO - [2021-09-22 10:27:24,026] {dagbag.py:496} INFO - Filling up the DagBag from /home/airflow/.local/lib/python3.6/site-packages/airflow/example_dags/example_python_operator.py
[2021-09-22 10:27:24,047] {processor.py:623} INFO - DAG(s) dict_keys(['example_python_operator']) retrieved from /home/airflow/.local/lib/python3.6/site-packages/airflow/example_dags/example_python_operator.py
[2021-09-22 10:27:24,088] {logging_mixin.py:109} INFO - [2021-09-22 10:27:24,077] {dag.py:1834} INFO - Sync 1 DAGs
[2021-09-22 10:27:24,143] {logging_mixin.py:109} INFO - [2021-09-22 10:27:24,143] {dag.py:2287} INFO - Setting next_dagrun for example_python_operator to None
[2021-09-22 10:27:24,169] {processor.py:170} INFO - Processing /home/airflow/.local/lib/python3.6/site-packages/airflow/example_dags/example_python_operator.py took 0.149 seconds
[2021-09-22 10:27:55,217] {processor.py:162} INFO - Started process (PID=280) to work on /home/airflow/.local/lib/python3.6/site-packages/airflow/example_dags/example_python_operator.py
[2021-09-22 10:27:55,223] {processor.py:613} INFO - Processing file /home/airflow/.local/lib/python3.6/site-packages/airflow/example_dags/example_python_operator.py for tasks to queue
[2021-09-22 10:27:55,224] {logging_mixin.py:109} INFO - [2021-09-22 10:27:55,224] {dagbag.py:496} INFO - Filling up the DagBag from /home/airflow/.local/lib/python3.6/site-packages/airflow/example_dags/example_python_operator.py
[2021-09-22 10:27:55,277] {processor.py:623} INFO - DAG(s) dict_keys(['example_python_operator']) retrieved from /home/airflow/.local/lib/python3.6/site-packages/airflow/example_dags/example_python_operator.py
[2021-09-22 10:27:55,324] {logging_mixin.py:109} INFO - [2021-09-22 10:27:55,324] {dag.py:1834} INFO - Sync 1 DAGs
[2021-09-22 10:27:55,366] {logging_mixin.py:109} INFO - [2021-09-22 10:27:55,365] {dag.py:2287} INFO - Setting next_dagrun for example_python_operator to None
[2021-09-22 10:27:55,404] {processor.py:170} INFO - Processing /home/airflow/.local/lib/python3.6/site-packages/airflow/example_dags/example_python_operator.py took 0.193 seconds
[2021-09-22 10:28:25,602] {processor.py:162} INFO - Started process (PID=331) to work on /home/airflow/.local/lib/python3.6/site-packages/airflow/example_dags/example_python_operator.py
[2021-09-22 10:28:25,604] {processor.py:613} INFO - Processing file /home/airflow/.local/lib/python3.6/site-packages/airflow/example_dags/example_python_operator.py for tasks to queue
[2021-09-22 10:28:25,619] {logging_mixin.py:109} INFO - [2021-09-22 10:28:25,618] {dagbag.py:496} INFO - Filling up the DagBag from /home/airflow/.local/lib/python3.6/site-packages/airflow/example_dags/example_python_operator.py
[2021-09-22 10:28:25,655] {processor.py:623} INFO - DAG(s) dict_keys(['example_python_operator']) retrieved from /home/airflow/.local/lib/python3.6/site-packages/airflow/example_dags/example_python_operator.py
[2021-09-22 10:28:25,696] {logging_mixin.py:109} INFO - [2021-09-22 10:28:25,696] {dag.py:1834} INFO - Sync 1 DAGs
[2021-09-22 10:28:25,725] {logging_mixin.py:109} INFO - [2021-09-22 10:28:25,725] {dag.py:2287} INFO - Setting next_dagrun for example_python_operator to None
[2021-09-22 10:28:25,749] {processor.py:170} INFO - Processing /home/airflow/.local/lib/python3.6/site-packages/airflow/example_dags/example_python_operator.py took 0.151 seconds
[2021-09-22 10:28:57,195] {processor.py:162} INFO - Started process (PID=391) to work on /home/airflow/.local/lib/python3.6/site-packages/airflow/example_dags/example_python_operator.py
[2021-09-22 10:28:57,198] {processor.py:613} INFO - Processing file /home/airflow/.local/lib/python3.6/site-packages/airflow/example_dags/example_python_operator.py for tasks to queue
[2021-09-22 10:28:57,199] {logging_mixin.py:109} INFO - [2021-09-22 10:28:57,199] {dagbag.py:496} INFO - Filling up the DagBag from /home/airflow/.local/lib/python3.6/site-packages/airflow/example_dags/example_python_operator.py
[2021-09-22 10:28:57,245] {processor.py:623} INFO - DAG(s) dict_keys(['example_python_operator']) retrieved from /home/airflow/.local/lib/python3.6/site-packages/airflow/example_dags/example_python_operator.py
[2021-09-22 10:28:57,362] {logging_mixin.py:109} INFO - [2021-09-22 10:28:57,362] {dag.py:1834} INFO - Sync 1 DAGs
[2021-09-22 10:28:57,450] {logging_mixin.py:109} INFO - [2021-09-22 10:28:57,450] {dag.py:2287} INFO - Setting next_dagrun for example_python_operator to None
[2021-09-22 10:28:57,493] {processor.py:170} INFO - Processing /home/airflow/.local/lib/python3.6/site-packages/airflow/example_dags/example_python_operator.py took 0.305 seconds
[2021-09-22 10:29:28,370] {processor.py:162} INFO - Started process (PID=442) to work on /home/airflow/.local/lib/python3.6/site-packages/airflow/example_dags/example_python_operator.py
[2021-09-22 10:29:28,384] {processor.py:613} INFO - Processing file /home/airflow/.local/lib/python3.6/site-packages/airflow/example_dags/example_python_operator.py for tasks to queue
[2021-09-22 10:29:28,385] {logging_mixin.py:109} INFO - [2021-09-22 10:29:28,385] {dagbag.py:496} INFO - Filling up the DagBag from /home/airflow/.local/lib/python3.6/site-packages/airflow/example_dags/example_python_operator.py
[2021-09-22 10:29:28,419] {processor.py:623} INFO - DAG(s) dict_keys(['example_python_operator']) retrieved from /home/airflow/.local/lib/python3.6/site-packages/airflow/example_dags/example_python_operator.py
[2021-09-22 10:29:28,484] {logging_mixin.py:109} INFO - [2021-09-22 10:29:28,484] {dag.py:1834} INFO - Sync 1 DAGs
[2021-09-22 10:29:28,504] {logging_mixin.py:109} INFO - [2021-09-22 10:29:28,503] {dag.py:2287} INFO - Setting next_dagrun for example_python_operator to None
[2021-09-22 10:29:28,532] {processor.py:170} INFO - Processing /home/airflow/.local/lib/python3.6/site-packages/airflow/example_dags/example_python_operator.py took 0.172 seconds
[2021-09-22 10:29:59,022] {processor.py:162} INFO - Started process (PID=493) to work on /home/airflow/.local/lib/python3.6/site-packages/airflow/example_dags/example_python_operator.py
[2021-09-22 10:29:59,024] {processor.py:613} INFO - Processing file /home/airflow/.local/lib/python3.6/site-packages/airflow/example_dags/example_python_operator.py for tasks to queue
[2021-09-22 10:29:59,025] {logging_mixin.py:109} INFO - [2021-09-22 10:29:59,025] {dagbag.py:496} INFO - Filling up the DagBag from /home/airflow/.local/lib/python3.6/site-packages/airflow/example_dags/example_python_operator.py
[2021-09-22 10:29:59,050] {processor.py:623} INFO - DAG(s) dict_keys(['example_python_operator']) retrieved from /home/airflow/.local/lib/python3.6/site-packages/airflow/example_dags/example_python_operator.py
[2021-09-22 10:29:59,091] {logging_mixin.py:109} INFO - [2021-09-22 10:29:59,091] {dag.py:1834} INFO - Sync 1 DAGs
[2021-09-22 10:29:59,112] {logging_mixin.py:109} INFO - [2021-09-22 10:29:59,112] {dag.py:2287} INFO - Setting next_dagrun for example_python_operator to None
[2021-09-22 10:29:59,124] {processor.py:170} INFO - Processing /home/airflow/.local/lib/python3.6/site-packages/airflow/example_dags/example_python_operator.py took 0.106 seconds
[2021-09-22 10:30:30,191] {processor.py:162} INFO - Started process (PID=556) to work on /home/airflow/.local/lib/python3.6/site-packages/airflow/example_dags/example_python_operator.py
[2021-09-22 10:30:30,195] {processor.py:613} INFO - Processing file /home/airflow/.local/lib/python3.6/site-packages/airflow/example_dags/example_python_operator.py for tasks to queue
[2021-09-22 10:30:30,196] {logging_mixin.py:109} INFO - [2021-09-22 10:30:30,196] {dagbag.py:496} INFO - Filling up the DagBag from /home/airflow/.local/lib/python3.6/site-packages/airflow/example_dags/example_python_operator.py
[2021-09-22 10:30:30,228] {processor.py:623} INFO - DAG(s) dict_keys(['example_python_operator']) retrieved from /home/airflow/.local/lib/python3.6/site-packages/airflow/example_dags/example_python_operator.py
[2021-09-22 10:30:30,302] {logging_mixin.py:109} INFO - [2021-09-22 10:30:30,302] {dag.py:1834} INFO - Sync 1 DAGs
[2021-09-22 10:30:30,334] {logging_mixin.py:109} INFO - [2021-09-22 10:30:30,334] {dag.py:2287} INFO - Setting next_dagrun for example_python_operator to None
[2021-09-22 10:30:30,365] {processor.py:170} INFO - Processing /home/airflow/.local/lib/python3.6/site-packages/airflow/example_dags/example_python_operator.py took 0.184 seconds
[2021-09-22 10:31:01,138] {processor.py:162} INFO - Started process (PID=609) to work on /home/airflow/.local/lib/python3.6/site-packages/airflow/example_dags/example_python_operator.py
[2021-09-22 10:31:01,139] {processor.py:613} INFO - Processing file /home/airflow/.local/lib/python3.6/site-packages/airflow/example_dags/example_python_operator.py for tasks to queue
[2021-09-22 10:31:01,140] {logging_mixin.py:109} INFO - [2021-09-22 10:31:01,140] {dagbag.py:496} INFO - Filling up the DagBag from /home/airflow/.local/lib/python3.6/site-packages/airflow/example_dags/example_python_operator.py
[2021-09-22 10:31:01,158] {processor.py:623} INFO - DAG(s) dict_keys(['example_python_operator']) retrieved from /home/airflow/.local/lib/python3.6/site-packages/airflow/example_dags/example_python_operator.py
[2021-09-22 10:31:01,189] {logging_mixin.py:109} INFO - [2021-09-22 10:31:01,189] {dag.py:1834} INFO - Sync 1 DAGs
[2021-09-22 10:31:01,208] {logging_mixin.py:109} INFO - [2021-09-22 10:31:01,207] {dag.py:2287} INFO - Setting next_dagrun for example_python_operator to None
[2021-09-22 10:31:01,219] {processor.py:170} INFO - Processing /home/airflow/.local/lib/python3.6/site-packages/airflow/example_dags/example_python_operator.py took 0.085 seconds
[2021-09-22 10:31:31,323] {processor.py:162} INFO - Started process (PID=668) to work on /home/airflow/.local/lib/python3.6/site-packages/airflow/example_dags/example_python_operator.py
[2021-09-22 10:31:31,327] {processor.py:613} INFO - Processing file /home/airflow/.local/lib/python3.6/site-packages/airflow/example_dags/example_python_operator.py for tasks to queue
[2021-09-22 10:31:31,328] {logging_mixin.py:109} INFO - [2021-09-22 10:31:31,328] {dagbag.py:496} INFO - Filling up the DagBag from /home/airflow/.local/lib/python3.6/site-packages/airflow/example_dags/example_python_operator.py
[2021-09-22 10:31:31,368] {processor.py:623} INFO - DAG(s) dict_keys(['example_python_operator']) retrieved from /home/airflow/.local/lib/python3.6/site-packages/airflow/example_dags/example_python_operator.py
[2021-09-22 10:31:31,457] {logging_mixin.py:109} INFO - [2021-09-22 10:31:31,457] {dag.py:1834} INFO - Sync 1 DAGs
[2021-09-22 10:31:31,478] {logging_mixin.py:109} INFO - [2021-09-22 10:31:31,478] {dag.py:2287} INFO - Setting next_dagrun for example_python_operator to None
[2021-09-22 10:31:31,503] {processor.py:170} INFO - Processing /home/airflow/.local/lib/python3.6/site-packages/airflow/example_dags/example_python_operator.py took 0.190 seconds
[2021-09-22 10:32:01,701] {processor.py:162} INFO - Started process (PID=722) to work on /home/airflow/.local/lib/python3.6/site-packages/airflow/example_dags/example_python_operator.py
[2021-09-22 10:32:01,704] {processor.py:613} INFO - Processing file /home/airflow/.local/lib/python3.6/site-packages/airflow/example_dags/example_python_operator.py for tasks to queue
[2021-09-22 10:32:01,705] {logging_mixin.py:109} INFO - [2021-09-22 10:32:01,704] {dagbag.py:496} INFO - Filling up the DagBag from /home/airflow/.local/lib/python3.6/site-packages/airflow/example_dags/example_python_operator.py
[2021-09-22 10:32:01,725] {processor.py:623} INFO - DAG(s) dict_keys(['example_python_operator']) retrieved from /home/airflow/.local/lib/python3.6/site-packages/airflow/example_dags/example_python_operator.py
[2021-09-22 10:32:01,786] {logging_mixin.py:109} INFO - [2021-09-22 10:32:01,786] {dag.py:1834} INFO - Sync 1 DAGs
[2021-09-22 10:32:01,817] {logging_mixin.py:109} INFO - [2021-09-22 10:32:01,816] {dag.py:2287} INFO - Setting next_dagrun for example_python_operator to None
[2021-09-22 10:32:01,858] {processor.py:170} INFO - Processing /home/airflow/.local/lib/python3.6/site-packages/airflow/example_dags/example_python_operator.py took 0.161 seconds
[2021-09-22 10:32:31,934] {processor.py:162} INFO - Started process (PID=774) to work on /home/airflow/.local/lib/python3.6/site-packages/airflow/example_dags/example_python_operator.py
[2021-09-22 10:32:31,936] {processor.py:613} INFO - Processing file /home/airflow/.local/lib/python3.6/site-packages/airflow/example_dags/example_python_operator.py for tasks to queue
[2021-09-22 10:32:31,937] {logging_mixin.py:109} INFO - [2021-09-22 10:32:31,937] {dagbag.py:496} INFO - Filling up the DagBag from /home/airflow/.local/lib/python3.6/site-packages/airflow/example_dags/example_python_operator.py
[2021-09-22 10:32:31,949] {processor.py:623} INFO - DAG(s) dict_keys(['example_python_operator']) retrieved from /home/airflow/.local/lib/python3.6/site-packages/airflow/example_dags/example_python_operator.py
[2021-09-22 10:32:31,971] {logging_mixin.py:109} INFO - [2021-09-22 10:32:31,971] {dag.py:1834} INFO - Sync 1 DAGs
[2021-09-22 10:32:31,984] {logging_mixin.py:109} INFO - [2021-09-22 10:32:31,984] {dag.py:2287} INFO - Setting next_dagrun for example_python_operator to None
[2021-09-22 10:32:31,992] {processor.py:170} INFO - Processing /home/airflow/.local/lib/python3.6/site-packages/airflow/example_dags/example_python_operator.py took 0.062 seconds
[2021-09-22 10:33:02,739] {processor.py:162} INFO - Started process (PID=835) to work on /home/airflow/.local/lib/python3.6/site-packages/airflow/example_dags/example_python_operator.py
[2021-09-22 10:33:02,740] {processor.py:613} INFO - Processing file /home/airflow/.local/lib/python3.6/site-packages/airflow/example_dags/example_python_operator.py for tasks to queue
[2021-09-22 10:33:02,747] {logging_mixin.py:109} INFO - [2021-09-22 10:33:02,747] {dagbag.py:496} INFO - Filling up the DagBag from /home/airflow/.local/lib/python3.6/site-packages/airflow/example_dags/example_python_operator.py
[2021-09-22 10:33:02,768] {processor.py:623} INFO - DAG(s) dict_keys(['example_python_operator']) retrieved from /home/airflow/.local/lib/python3.6/site-packages/airflow/example_dags/example_python_operator.py
[2021-09-22 10:33:02,789] {logging_mixin.py:109} INFO - [2021-09-22 10:33:02,789] {dag.py:1834} INFO - Sync 1 DAGs
[2021-09-22 10:33:02,804] {logging_mixin.py:109} INFO - [2021-09-22 10:33:02,804] {dag.py:2287} INFO - Setting next_dagrun for example_python_operator to None
[2021-09-22 10:33:02,814] {processor.py:170} INFO - Processing /home/airflow/.local/lib/python3.6/site-packages/airflow/example_dags/example_python_operator.py took 0.079 seconds
[2021-09-22 10:33:33,638] {processor.py:162} INFO - Started process (PID=897) to work on /home/airflow/.local/lib/python3.6/site-packages/airflow/example_dags/example_python_operator.py
[2021-09-22 10:33:33,646] {processor.py:613} INFO - Processing file /home/airflow/.local/lib/python3.6/site-packages/airflow/example_dags/example_python_operator.py for tasks to queue
[2021-09-22 10:33:33,647] {logging_mixin.py:109} INFO - [2021-09-22 10:33:33,647] {dagbag.py:496} INFO - Filling up the DagBag from /home/airflow/.local/lib/python3.6/site-packages/airflow/example_dags/example_python_operator.py
[2021-09-22 10:33:33,670] {processor.py:623} INFO - DAG(s) dict_keys(['example_python_operator']) retrieved from /home/airflow/.local/lib/python3.6/site-packages/airflow/example_dags/example_python_operator.py
[2021-09-22 10:33:33,718] {logging_mixin.py:109} INFO - [2021-09-22 10:33:33,718] {dag.py:1834} INFO - Sync 1 DAGs
[2021-09-22 10:33:33,750] {logging_mixin.py:109} INFO - [2021-09-22 10:33:33,750] {dag.py:2287} INFO - Setting next_dagrun for example_python_operator to None
[2021-09-22 10:33:33,789] {processor.py:170} INFO - Processing /home/airflow/.local/lib/python3.6/site-packages/airflow/example_dags/example_python_operator.py took 0.165 seconds
[2021-09-22 10:34:04,279] {processor.py:162} INFO - Started process (PID=948) to work on /home/airflow/.local/lib/python3.6/site-packages/airflow/example_dags/example_python_operator.py
[2021-09-22 10:34:04,280] {processor.py:613} INFO - Processing file /home/airflow/.local/lib/python3.6/site-packages/airflow/example_dags/example_python_operator.py for tasks to queue
[2021-09-22 10:34:04,281] {logging_mixin.py:109} INFO - [2021-09-22 10:34:04,280] {dagbag.py:496} INFO - Filling up the DagBag from /home/airflow/.local/lib/python3.6/site-packages/airflow/example_dags/example_python_operator.py
[2021-09-22 10:34:04,294] {processor.py:623} INFO - DAG(s) dict_keys(['example_python_operator']) retrieved from /home/airflow/.local/lib/python3.6/site-packages/airflow/example_dags/example_python_operator.py
[2021-09-22 10:34:04,315] {logging_mixin.py:109} INFO - [2021-09-22 10:34:04,315] {dag.py:1834} INFO - Sync 1 DAGs
[2021-09-22 10:34:04,328] {logging_mixin.py:109} INFO - [2021-09-22 10:34:04,328] {dag.py:2287} INFO - Setting next_dagrun for example_python_operator to None
[2021-09-22 10:34:04,337] {processor.py:170} INFO - Processing /home/airflow/.local/lib/python3.6/site-packages/airflow/example_dags/example_python_operator.py took 0.062 seconds
[2021-09-22 10:34:34,684] {processor.py:162} INFO - Started process (PID=999) to work on /home/airflow/.local/lib/python3.6/site-packages/airflow/example_dags/example_python_operator.py
[2021-09-22 10:34:34,686] {processor.py:613} INFO - Processing file /home/airflow/.local/lib/python3.6/site-packages/airflow/example_dags/example_python_operator.py for tasks to queue
[2021-09-22 10:34:34,687] {logging_mixin.py:109} INFO - [2021-09-22 10:34:34,687] {dagbag.py:496} INFO - Filling up the DagBag from /home/airflow/.local/lib/python3.6/site-packages/airflow/example_dags/example_python_operator.py
[2021-09-22 10:34:34,707] {processor.py:623} INFO - DAG(s) dict_keys(['example_python_operator']) retrieved from /home/airflow/.local/lib/python3.6/site-packages/airflow/example_dags/example_python_operator.py
[2021-09-22 10:34:34,736] {logging_mixin.py:109} INFO - [2021-09-22 10:34:34,736] {dag.py:1834} INFO - Sync 1 DAGs
[2021-09-22 10:34:34,750] {logging_mixin.py:109} INFO - [2021-09-22 10:34:34,750] {dag.py:2287} INFO - Setting next_dagrun for example_python_operator to None
[2021-09-22 10:34:34,759] {processor.py:170} INFO - Processing /home/airflow/.local/lib/python3.6/site-packages/airflow/example_dags/example_python_operator.py took 0.081 seconds
[2021-09-22 10:35:05,868] {processor.py:162} INFO - Started process (PID=1059) to work on /home/airflow/.local/lib/python3.6/site-packages/airflow/example_dags/example_python_operator.py
[2021-09-22 10:35:05,873] {processor.py:613} INFO - Processing file /home/airflow/.local/lib/python3.6/site-packages/airflow/example_dags/example_python_operator.py for tasks to queue
[2021-09-22 10:35:05,874] {logging_mixin.py:109} INFO - [2021-09-22 10:35:05,874] {dagbag.py:496} INFO - Filling up the DagBag from /home/airflow/.local/lib/python3.6/site-packages/airflow/example_dags/example_python_operator.py
[2021-09-22 10:35:05,915] {processor.py:623} INFO - DAG(s) dict_keys(['example_python_operator']) retrieved from /home/airflow/.local/lib/python3.6/site-packages/airflow/example_dags/example_python_operator.py
[2021-09-22 10:35:05,992] {logging_mixin.py:109} INFO - [2021-09-22 10:35:05,992] {dag.py:1834} INFO - Sync 1 DAGs
[2021-09-22 10:35:06,016] {logging_mixin.py:109} INFO - [2021-09-22 10:35:06,016] {dag.py:2287} INFO - Setting next_dagrun for example_python_operator to None
[2021-09-22 10:35:06,069] {processor.py:170} INFO - Processing /home/airflow/.local/lib/python3.6/site-packages/airflow/example_dags/example_python_operator.py took 0.205 seconds
[2021-09-22 10:35:36,235] {processor.py:162} INFO - Started process (PID=1111) to work on /home/airflow/.local/lib/python3.6/site-packages/airflow/example_dags/example_python_operator.py
[2021-09-22 10:35:36,243] {processor.py:613} INFO - Processing file /home/airflow/.local/lib/python3.6/site-packages/airflow/example_dags/example_python_operator.py for tasks to queue
[2021-09-22 10:35:36,252] {logging_mixin.py:109} INFO - [2021-09-22 10:35:36,244] {dagbag.py:496} INFO - Filling up the DagBag from /home/airflow/.local/lib/python3.6/site-packages/airflow/example_dags/example_python_operator.py
[2021-09-22 10:35:36,296] {processor.py:623} INFO - DAG(s) dict_keys(['example_python_operator']) retrieved from /home/airflow/.local/lib/python3.6/site-packages/airflow/example_dags/example_python_operator.py
[2021-09-22 10:35:36,394] {logging_mixin.py:109} INFO - [2021-09-22 10:35:36,393] {dag.py:1834} INFO - Sync 1 DAGs
[2021-09-22 10:35:36,449] {logging_mixin.py:109} INFO - [2021-09-22 10:35:36,448] {dag.py:2287} INFO - Setting next_dagrun for example_python_operator to None
[2021-09-22 10:35:36,477] {processor.py:170} INFO - Processing /home/airflow/.local/lib/python3.6/site-packages/airflow/example_dags/example_python_operator.py took 0.251 seconds
[2021-09-22 10:36:06,809] {processor.py:162} INFO - Started process (PID=1162) to work on /home/airflow/.local/lib/python3.6/site-packages/airflow/example_dags/example_python_operator.py
[2021-09-22 10:36:06,814] {processor.py:613} INFO - Processing file /home/airflow/.local/lib/python3.6/site-packages/airflow/example_dags/example_python_operator.py for tasks to queue
[2021-09-22 10:36:06,822] {logging_mixin.py:109} INFO - [2021-09-22 10:36:06,822] {dagbag.py:496} INFO - Filling up the DagBag from /home/airflow/.local/lib/python3.6/site-packages/airflow/example_dags/example_python_operator.py
[2021-09-22 10:36:06,849] {processor.py:623} INFO - DAG(s) dict_keys(['example_python_operator']) retrieved from /home/airflow/.local/lib/python3.6/site-packages/airflow/example_dags/example_python_operator.py
[2021-09-22 10:36:06,894] {logging_mixin.py:109} INFO - [2021-09-22 10:36:06,893] {dag.py:1834} INFO - Sync 1 DAGs
[2021-09-22 10:36:06,913] {logging_mixin.py:109} INFO - [2021-09-22 10:36:06,913] {dag.py:2287} INFO - Setting next_dagrun for example_python_operator to None
[2021-09-22 10:36:06,928] {processor.py:170} INFO - Processing /home/airflow/.local/lib/python3.6/site-packages/airflow/example_dags/example_python_operator.py took 0.128 seconds
[2021-09-22 10:36:37,229] {processor.py:162} INFO - Started process (PID=1223) to work on /home/airflow/.local/lib/python3.6/site-packages/airflow/example_dags/example_python_operator.py
[2021-09-22 10:36:37,232] {processor.py:613} INFO - Processing file /home/airflow/.local/lib/python3.6/site-packages/airflow/example_dags/example_python_operator.py for tasks to queue
[2021-09-22 10:36:37,233] {logging_mixin.py:109} INFO - [2021-09-22 10:36:37,233] {dagbag.py:496} INFO - Filling up the DagBag from /home/airflow/.local/lib/python3.6/site-packages/airflow/example_dags/example_python_operator.py
[2021-09-22 10:36:37,290] {processor.py:623} INFO - DAG(s) dict_keys(['example_python_operator']) retrieved from /home/airflow/.local/lib/python3.6/site-packages/airflow/example_dags/example_python_operator.py
[2021-09-22 10:36:37,373] {logging_mixin.py:109} INFO - [2021-09-22 10:36:37,373] {dag.py:1834} INFO - Sync 1 DAGs
[2021-09-22 10:36:37,394] {logging_mixin.py:109} INFO - [2021-09-22 10:36:37,393] {dag.py:2287} INFO - Setting next_dagrun for example_python_operator to None
[2021-09-22 10:36:37,407] {processor.py:170} INFO - Processing /home/airflow/.local/lib/python3.6/site-packages/airflow/example_dags/example_python_operator.py took 0.200 seconds
[2021-09-22 10:38:16,261] {processor.py:162} INFO - Started process (PID=70) to work on /home/airflow/.local/lib/python3.6/site-packages/airflow/example_dags/example_python_operator.py
[2021-09-22 10:38:16,279] {processor.py:613} INFO - Processing file /home/airflow/.local/lib/python3.6/site-packages/airflow/example_dags/example_python_operator.py for tasks to queue
[2021-09-22 10:38:16,280] {logging_mixin.py:109} INFO - [2021-09-22 10:38:16,280] {dagbag.py:496} INFO - Filling up the DagBag from /home/airflow/.local/lib/python3.6/site-packages/airflow/example_dags/example_python_operator.py
[2021-09-22 10:38:16,434] {processor.py:623} INFO - DAG(s) dict_keys(['example_python_operator']) retrieved from /home/airflow/.local/lib/python3.6/site-packages/airflow/example_dags/example_python_operator.py
[2021-09-22 10:38:16,894] {logging_mixin.py:109} INFO - [2021-09-22 10:38:16,893] {dag.py:1834} INFO - Sync 1 DAGs
[2021-09-22 10:38:17,030] {logging_mixin.py:109} INFO - [2021-09-22 10:38:17,030] {dag.py:2287} INFO - Setting next_dagrun for example_python_operator to None
[2021-09-22 10:38:17,181] {processor.py:170} INFO - Processing /home/airflow/.local/lib/python3.6/site-packages/airflow/example_dags/example_python_operator.py took 0.955 seconds
[2021-09-22 10:38:47,365] {processor.py:162} INFO - Started process (PID=121) to work on /home/airflow/.local/lib/python3.6/site-packages/airflow/example_dags/example_python_operator.py
[2021-09-22 10:38:47,372] {processor.py:613} INFO - Processing file /home/airflow/.local/lib/python3.6/site-packages/airflow/example_dags/example_python_operator.py for tasks to queue
[2021-09-22 10:38:47,373] {logging_mixin.py:109} INFO - [2021-09-22 10:38:47,373] {dagbag.py:496} INFO - Filling up the DagBag from /home/airflow/.local/lib/python3.6/site-packages/airflow/example_dags/example_python_operator.py
[2021-09-22 10:38:47,434] {processor.py:623} INFO - DAG(s) dict_keys(['example_python_operator']) retrieved from /home/airflow/.local/lib/python3.6/site-packages/airflow/example_dags/example_python_operator.py
[2021-09-22 10:38:47,526] {logging_mixin.py:109} INFO - [2021-09-22 10:38:47,526] {dag.py:1834} INFO - Sync 1 DAGs
[2021-09-22 10:38:47,571] {logging_mixin.py:109} INFO - [2021-09-22 10:38:47,571] {dag.py:2287} INFO - Setting next_dagrun for example_python_operator to None
[2021-09-22 10:38:47,625] {processor.py:170} INFO - Processing /home/airflow/.local/lib/python3.6/site-packages/airflow/example_dags/example_python_operator.py took 0.264 seconds
[2021-09-22 10:41:38,230] {processor.py:162} INFO - Started process (PID=58) to work on /home/airflow/.local/lib/python3.6/site-packages/airflow/example_dags/example_python_operator.py
[2021-09-22 10:41:38,256] {processor.py:613} INFO - Processing file /home/airflow/.local/lib/python3.6/site-packages/airflow/example_dags/example_python_operator.py for tasks to queue
[2021-09-22 10:41:38,257] {logging_mixin.py:109} INFO - [2021-09-22 10:41:38,257] {dagbag.py:496} INFO - Filling up the DagBag from /home/airflow/.local/lib/python3.6/site-packages/airflow/example_dags/example_python_operator.py
[2021-09-22 10:41:38,313] {processor.py:623} INFO - DAG(s) dict_keys(['example_python_operator']) retrieved from /home/airflow/.local/lib/python3.6/site-packages/airflow/example_dags/example_python_operator.py
[2021-09-22 10:41:38,489] {logging_mixin.py:109} INFO - [2021-09-22 10:41:38,489] {dag.py:1834} INFO - Sync 1 DAGs
[2021-09-22 10:41:38,547] {logging_mixin.py:109} INFO - [2021-09-22 10:41:38,546] {dag.py:2287} INFO - Setting next_dagrun for example_python_operator to None
[2021-09-22 10:41:38,579] {processor.py:170} INFO - Processing /home/airflow/.local/lib/python3.6/site-packages/airflow/example_dags/example_python_operator.py took 0.353 seconds
[2021-09-22 10:42:08,848] {processor.py:162} INFO - Started process (PID=109) to work on /home/airflow/.local/lib/python3.6/site-packages/airflow/example_dags/example_python_operator.py
[2021-09-22 10:42:08,852] {processor.py:613} INFO - Processing file /home/airflow/.local/lib/python3.6/site-packages/airflow/example_dags/example_python_operator.py for tasks to queue
[2021-09-22 10:42:08,852] {logging_mixin.py:109} INFO - [2021-09-22 10:42:08,852] {dagbag.py:496} INFO - Filling up the DagBag from /home/airflow/.local/lib/python3.6/site-packages/airflow/example_dags/example_python_operator.py
[2021-09-22 10:42:08,878] {processor.py:623} INFO - DAG(s) dict_keys(['example_python_operator']) retrieved from /home/airflow/.local/lib/python3.6/site-packages/airflow/example_dags/example_python_operator.py
[2021-09-22 10:42:08,922] {logging_mixin.py:109} INFO - [2021-09-22 10:42:08,922] {dag.py:1834} INFO - Sync 1 DAGs
[2021-09-22 10:42:08,949] {logging_mixin.py:109} INFO - [2021-09-22 10:42:08,949] {dag.py:2287} INFO - Setting next_dagrun for example_python_operator to None
[2021-09-22 10:42:08,964] {processor.py:170} INFO - Processing /home/airflow/.local/lib/python3.6/site-packages/airflow/example_dags/example_python_operator.py took 0.120 seconds
[2021-09-22 10:42:39,069] {processor.py:162} INFO - Started process (PID=172) to work on /home/airflow/.local/lib/python3.6/site-packages/airflow/example_dags/example_python_operator.py
[2021-09-22 10:42:39,072] {processor.py:613} INFO - Processing file /home/airflow/.local/lib/python3.6/site-packages/airflow/example_dags/example_python_operator.py for tasks to queue
[2021-09-22 10:42:39,073] {logging_mixin.py:109} INFO - [2021-09-22 10:42:39,072] {dagbag.py:496} INFO - Filling up the DagBag from /home/airflow/.local/lib/python3.6/site-packages/airflow/example_dags/example_python_operator.py
[2021-09-22 10:42:39,092] {processor.py:623} INFO - DAG(s) dict_keys(['example_python_operator']) retrieved from /home/airflow/.local/lib/python3.6/site-packages/airflow/example_dags/example_python_operator.py
[2021-09-22 10:42:39,123] {logging_mixin.py:109} INFO - [2021-09-22 10:42:39,123] {dag.py:1834} INFO - Sync 1 DAGs
[2021-09-22 10:42:39,145] {logging_mixin.py:109} INFO - [2021-09-22 10:42:39,144] {dag.py:2287} INFO - Setting next_dagrun for example_python_operator to None
[2021-09-22 10:42:39,157] {processor.py:170} INFO - Processing /home/airflow/.local/lib/python3.6/site-packages/airflow/example_dags/example_python_operator.py took 0.091 seconds
[2021-09-22 10:43:09,750] {processor.py:162} INFO - Started process (PID=224) to work on /home/airflow/.local/lib/python3.6/site-packages/airflow/example_dags/example_python_operator.py
[2021-09-22 10:43:09,752] {processor.py:613} INFO - Processing file /home/airflow/.local/lib/python3.6/site-packages/airflow/example_dags/example_python_operator.py for tasks to queue
[2021-09-22 10:43:09,752] {logging_mixin.py:109} INFO - [2021-09-22 10:43:09,752] {dagbag.py:496} INFO - Filling up the DagBag from /home/airflow/.local/lib/python3.6/site-packages/airflow/example_dags/example_python_operator.py
[2021-09-22 10:43:09,768] {processor.py:623} INFO - DAG(s) dict_keys(['example_python_operator']) retrieved from /home/airflow/.local/lib/python3.6/site-packages/airflow/example_dags/example_python_operator.py
[2021-09-22 10:43:09,821] {logging_mixin.py:109} INFO - [2021-09-22 10:43:09,821] {dag.py:1834} INFO - Sync 1 DAGs
[2021-09-22 10:43:09,871] {logging_mixin.py:109} INFO - [2021-09-22 10:43:09,871] {dag.py:2287} INFO - Setting next_dagrun for example_python_operator to None
[2021-09-22 10:43:09,908] {processor.py:170} INFO - Processing /home/airflow/.local/lib/python3.6/site-packages/airflow/example_dags/example_python_operator.py took 0.163 seconds
[2021-09-22 10:43:40,618] {processor.py:162} INFO - Started process (PID=285) to work on /home/airflow/.local/lib/python3.6/site-packages/airflow/example_dags/example_python_operator.py
[2021-09-22 10:43:40,621] {processor.py:613} INFO - Processing file /home/airflow/.local/lib/python3.6/site-packages/airflow/example_dags/example_python_operator.py for tasks to queue
[2021-09-22 10:43:40,631] {logging_mixin.py:109} INFO - [2021-09-22 10:43:40,631] {dagbag.py:496} INFO - Filling up the DagBag from /home/airflow/.local/lib/python3.6/site-packages/airflow/example_dags/example_python_operator.py
[2021-09-22 10:43:40,656] {processor.py:623} INFO - DAG(s) dict_keys(['example_python_operator']) retrieved from /home/airflow/.local/lib/python3.6/site-packages/airflow/example_dags/example_python_operator.py
[2021-09-22 10:43:40,695] {logging_mixin.py:109} INFO - [2021-09-22 10:43:40,694] {dag.py:1834} INFO - Sync 1 DAGs
[2021-09-22 10:43:40,711] {logging_mixin.py:109} INFO - [2021-09-22 10:43:40,711] {dag.py:2287} INFO - Setting next_dagrun for example_python_operator to None
[2021-09-22 10:43:40,722] {processor.py:170} INFO - Processing /home/airflow/.local/lib/python3.6/site-packages/airflow/example_dags/example_python_operator.py took 0.108 seconds
[2021-09-22 10:44:11,731] {processor.py:162} INFO - Started process (PID=336) to work on /home/airflow/.local/lib/python3.6/site-packages/airflow/example_dags/example_python_operator.py
[2021-09-22 10:44:11,734] {processor.py:613} INFO - Processing file /home/airflow/.local/lib/python3.6/site-packages/airflow/example_dags/example_python_operator.py for tasks to queue
[2021-09-22 10:44:11,735] {logging_mixin.py:109} INFO - [2021-09-22 10:44:11,735] {dagbag.py:496} INFO - Filling up the DagBag from /home/airflow/.local/lib/python3.6/site-packages/airflow/example_dags/example_python_operator.py
[2021-09-22 10:44:11,780] {processor.py:623} INFO - DAG(s) dict_keys(['example_python_operator']) retrieved from /home/airflow/.local/lib/python3.6/site-packages/airflow/example_dags/example_python_operator.py
[2021-09-22 10:44:11,852] {logging_mixin.py:109} INFO - [2021-09-22 10:44:11,852] {dag.py:1834} INFO - Sync 1 DAGs
[2021-09-22 10:44:11,890] {logging_mixin.py:109} INFO - [2021-09-22 10:44:11,889] {dag.py:2287} INFO - Setting next_dagrun for example_python_operator to None
[2021-09-22 10:44:11,911] {processor.py:170} INFO - Processing /home/airflow/.local/lib/python3.6/site-packages/airflow/example_dags/example_python_operator.py took 0.193 seconds
