[2021-09-22 10:26:32,226] {processor.py:162} INFO - Started process (PID=134) to work on /home/airflow/.local/lib/python3.6/site-packages/airflow/example_dags/example_skip_dag.py
[2021-09-22 10:26:32,227] {processor.py:613} INFO - Processing file /home/airflow/.local/lib/python3.6/site-packages/airflow/example_dags/example_skip_dag.py for tasks to queue
[2021-09-22 10:26:32,228] {logging_mixin.py:109} INFO - [2021-09-22 10:26:32,228] {dagbag.py:496} INFO - Filling up the DagBag from /home/airflow/.local/lib/python3.6/site-packages/airflow/example_dags/example_skip_dag.py
[2021-09-22 10:26:32,247] {processor.py:623} INFO - DAG(s) dict_keys(['example_skip_dag']) retrieved from /home/airflow/.local/lib/python3.6/site-packages/airflow/example_dags/example_skip_dag.py
[2021-09-22 10:26:35,983] {logging_mixin.py:109} INFO - [2021-09-22 10:26:35,982] {dag.py:1834} INFO - Sync 1 DAGs
[2021-09-22 10:26:35,999] {logging_mixin.py:109} INFO - [2021-09-22 10:26:35,997] {dag.py:1853} INFO - Creating ORM DAG for example_skip_dag
[2021-09-22 10:26:36,006] {logging_mixin.py:109} INFO - [2021-09-22 10:26:36,005] {dag.py:2287} INFO - Setting next_dagrun for example_skip_dag to 2021-09-20 00:00:00+00:00
[2021-09-22 10:26:36,026] {processor.py:170} INFO - Processing /home/airflow/.local/lib/python3.6/site-packages/airflow/example_dags/example_skip_dag.py took 3.805 seconds
[2021-09-22 10:27:24,401] {processor.py:162} INFO - Started process (PID=222) to work on /home/airflow/.local/lib/python3.6/site-packages/airflow/example_dags/example_skip_dag.py
[2021-09-22 10:27:24,406] {processor.py:613} INFO - Processing file /home/airflow/.local/lib/python3.6/site-packages/airflow/example_dags/example_skip_dag.py for tasks to queue
[2021-09-22 10:27:24,414] {logging_mixin.py:109} INFO - [2021-09-22 10:27:24,413] {dagbag.py:496} INFO - Filling up the DagBag from /home/airflow/.local/lib/python3.6/site-packages/airflow/example_dags/example_skip_dag.py
[2021-09-22 10:27:24,455] {processor.py:623} INFO - DAG(s) dict_keys(['example_skip_dag']) retrieved from /home/airflow/.local/lib/python3.6/site-packages/airflow/example_dags/example_skip_dag.py
[2021-09-22 10:27:24,528] {logging_mixin.py:109} INFO - [2021-09-22 10:27:24,528] {dag.py:1834} INFO - Sync 1 DAGs
[2021-09-22 10:27:24,552] {logging_mixin.py:109} INFO - [2021-09-22 10:27:24,552] {dag.py:2287} INFO - Setting next_dagrun for example_skip_dag to 2021-09-20 00:00:00+00:00
[2021-09-22 10:27:24,578] {processor.py:170} INFO - Processing /home/airflow/.local/lib/python3.6/site-packages/airflow/example_dags/example_skip_dag.py took 0.188 seconds
[2021-09-22 10:27:55,446] {processor.py:162} INFO - Started process (PID=282) to work on /home/airflow/.local/lib/python3.6/site-packages/airflow/example_dags/example_skip_dag.py
[2021-09-22 10:27:55,451] {processor.py:613} INFO - Processing file /home/airflow/.local/lib/python3.6/site-packages/airflow/example_dags/example_skip_dag.py for tasks to queue
[2021-09-22 10:27:55,452] {logging_mixin.py:109} INFO - [2021-09-22 10:27:55,451] {dagbag.py:496} INFO - Filling up the DagBag from /home/airflow/.local/lib/python3.6/site-packages/airflow/example_dags/example_skip_dag.py
[2021-09-22 10:27:55,478] {processor.py:623} INFO - DAG(s) dict_keys(['example_skip_dag']) retrieved from /home/airflow/.local/lib/python3.6/site-packages/airflow/example_dags/example_skip_dag.py
[2021-09-22 10:27:55,554] {logging_mixin.py:109} INFO - [2021-09-22 10:27:55,554] {dag.py:1834} INFO - Sync 1 DAGs
[2021-09-22 10:27:55,578] {logging_mixin.py:109} INFO - [2021-09-22 10:27:55,578] {dag.py:2287} INFO - Setting next_dagrun for example_skip_dag to 2021-09-20 00:00:00+00:00
[2021-09-22 10:27:55,595] {processor.py:170} INFO - Processing /home/airflow/.local/lib/python3.6/site-packages/airflow/example_dags/example_skip_dag.py took 0.154 seconds
[2021-09-22 10:28:25,824] {processor.py:162} INFO - Started process (PID=333) to work on /home/airflow/.local/lib/python3.6/site-packages/airflow/example_dags/example_skip_dag.py
[2021-09-22 10:28:25,825] {processor.py:613} INFO - Processing file /home/airflow/.local/lib/python3.6/site-packages/airflow/example_dags/example_skip_dag.py for tasks to queue
[2021-09-22 10:28:25,826] {logging_mixin.py:109} INFO - [2021-09-22 10:28:25,826] {dagbag.py:496} INFO - Filling up the DagBag from /home/airflow/.local/lib/python3.6/site-packages/airflow/example_dags/example_skip_dag.py
[2021-09-22 10:28:25,841] {processor.py:623} INFO - DAG(s) dict_keys(['example_skip_dag']) retrieved from /home/airflow/.local/lib/python3.6/site-packages/airflow/example_dags/example_skip_dag.py
[2021-09-22 10:28:25,870] {logging_mixin.py:109} INFO - [2021-09-22 10:28:25,870] {dag.py:1834} INFO - Sync 1 DAGs
[2021-09-22 10:28:25,893] {logging_mixin.py:109} INFO - [2021-09-22 10:28:25,893] {dag.py:2287} INFO - Setting next_dagrun for example_skip_dag to 2021-09-20 00:00:00+00:00
[2021-09-22 10:28:25,905] {processor.py:170} INFO - Processing /home/airflow/.local/lib/python3.6/site-packages/airflow/example_dags/example_skip_dag.py took 0.085 seconds
[2021-09-22 10:28:57,594] {processor.py:162} INFO - Started process (PID=393) to work on /home/airflow/.local/lib/python3.6/site-packages/airflow/example_dags/example_skip_dag.py
[2021-09-22 10:28:57,609] {processor.py:613} INFO - Processing file /home/airflow/.local/lib/python3.6/site-packages/airflow/example_dags/example_skip_dag.py for tasks to queue
[2021-09-22 10:28:57,610] {logging_mixin.py:109} INFO - [2021-09-22 10:28:57,609] {dagbag.py:496} INFO - Filling up the DagBag from /home/airflow/.local/lib/python3.6/site-packages/airflow/example_dags/example_skip_dag.py
[2021-09-22 10:28:57,687] {processor.py:623} INFO - DAG(s) dict_keys(['example_skip_dag']) retrieved from /home/airflow/.local/lib/python3.6/site-packages/airflow/example_dags/example_skip_dag.py
[2021-09-22 10:28:57,802] {logging_mixin.py:109} INFO - [2021-09-22 10:28:57,802] {dag.py:1834} INFO - Sync 1 DAGs
[2021-09-22 10:28:57,985] {logging_mixin.py:109} INFO - [2021-09-22 10:28:57,985] {dag.py:2287} INFO - Setting next_dagrun for example_skip_dag to 2021-09-20 00:00:00+00:00
[2021-09-22 10:28:58,097] {processor.py:170} INFO - Processing /home/airflow/.local/lib/python3.6/site-packages/airflow/example_dags/example_skip_dag.py took 0.518 seconds
[2021-09-22 10:29:28,565] {processor.py:162} INFO - Started process (PID=444) to work on /home/airflow/.local/lib/python3.6/site-packages/airflow/example_dags/example_skip_dag.py
[2021-09-22 10:29:28,566] {processor.py:613} INFO - Processing file /home/airflow/.local/lib/python3.6/site-packages/airflow/example_dags/example_skip_dag.py for tasks to queue
[2021-09-22 10:29:28,567] {logging_mixin.py:109} INFO - [2021-09-22 10:29:28,566] {dagbag.py:496} INFO - Filling up the DagBag from /home/airflow/.local/lib/python3.6/site-packages/airflow/example_dags/example_skip_dag.py
[2021-09-22 10:29:28,585] {processor.py:623} INFO - DAG(s) dict_keys(['example_skip_dag']) retrieved from /home/airflow/.local/lib/python3.6/site-packages/airflow/example_dags/example_skip_dag.py
[2021-09-22 10:29:28,622] {logging_mixin.py:109} INFO - [2021-09-22 10:29:28,622] {dag.py:1834} INFO - Sync 1 DAGs
[2021-09-22 10:29:28,654] {logging_mixin.py:109} INFO - [2021-09-22 10:29:28,654] {dag.py:2287} INFO - Setting next_dagrun for example_skip_dag to 2021-09-20 00:00:00+00:00
[2021-09-22 10:29:28,672] {processor.py:170} INFO - Processing /home/airflow/.local/lib/python3.6/site-packages/airflow/example_dags/example_skip_dag.py took 0.111 seconds
[2021-09-22 10:29:59,159] {processor.py:162} INFO - Started process (PID=495) to work on /home/airflow/.local/lib/python3.6/site-packages/airflow/example_dags/example_skip_dag.py
[2021-09-22 10:29:59,161] {processor.py:613} INFO - Processing file /home/airflow/.local/lib/python3.6/site-packages/airflow/example_dags/example_skip_dag.py for tasks to queue
[2021-09-22 10:29:59,162] {logging_mixin.py:109} INFO - [2021-09-22 10:29:59,162] {dagbag.py:496} INFO - Filling up the DagBag from /home/airflow/.local/lib/python3.6/site-packages/airflow/example_dags/example_skip_dag.py
[2021-09-22 10:29:59,178] {processor.py:623} INFO - DAG(s) dict_keys(['example_skip_dag']) retrieved from /home/airflow/.local/lib/python3.6/site-packages/airflow/example_dags/example_skip_dag.py
[2021-09-22 10:29:59,216] {logging_mixin.py:109} INFO - [2021-09-22 10:29:59,216] {dag.py:1834} INFO - Sync 1 DAGs
[2021-09-22 10:29:59,239] {logging_mixin.py:109} INFO - [2021-09-22 10:29:59,239] {dag.py:2287} INFO - Setting next_dagrun for example_skip_dag to 2021-09-20 00:00:00+00:00
[2021-09-22 10:29:59,264] {processor.py:170} INFO - Processing /home/airflow/.local/lib/python3.6/site-packages/airflow/example_dags/example_skip_dag.py took 0.110 seconds
[2021-09-22 10:30:30,416] {processor.py:162} INFO - Started process (PID=558) to work on /home/airflow/.local/lib/python3.6/site-packages/airflow/example_dags/example_skip_dag.py
[2021-09-22 10:30:30,420] {processor.py:613} INFO - Processing file /home/airflow/.local/lib/python3.6/site-packages/airflow/example_dags/example_skip_dag.py for tasks to queue
[2021-09-22 10:30:30,421] {logging_mixin.py:109} INFO - [2021-09-22 10:30:30,421] {dagbag.py:496} INFO - Filling up the DagBag from /home/airflow/.local/lib/python3.6/site-packages/airflow/example_dags/example_skip_dag.py
[2021-09-22 10:30:30,461] {processor.py:623} INFO - DAG(s) dict_keys(['example_skip_dag']) retrieved from /home/airflow/.local/lib/python3.6/site-packages/airflow/example_dags/example_skip_dag.py
[2021-09-22 10:30:30,511] {logging_mixin.py:109} INFO - [2021-09-22 10:30:30,511] {dag.py:1834} INFO - Sync 1 DAGs
[2021-09-22 10:30:30,551] {logging_mixin.py:109} INFO - [2021-09-22 10:30:30,551] {dag.py:2287} INFO - Setting next_dagrun for example_skip_dag to 2021-09-20 00:00:00+00:00
[2021-09-22 10:30:30,586] {processor.py:170} INFO - Processing /home/airflow/.local/lib/python3.6/site-packages/airflow/example_dags/example_skip_dag.py took 0.176 seconds
[2021-09-22 10:31:01,319] {processor.py:162} INFO - Started process (PID=611) to work on /home/airflow/.local/lib/python3.6/site-packages/airflow/example_dags/example_skip_dag.py
[2021-09-22 10:31:01,320] {processor.py:613} INFO - Processing file /home/airflow/.local/lib/python3.6/site-packages/airflow/example_dags/example_skip_dag.py for tasks to queue
[2021-09-22 10:31:01,321] {logging_mixin.py:109} INFO - [2021-09-22 10:31:01,321] {dagbag.py:496} INFO - Filling up the DagBag from /home/airflow/.local/lib/python3.6/site-packages/airflow/example_dags/example_skip_dag.py
[2021-09-22 10:31:01,361] {processor.py:623} INFO - DAG(s) dict_keys(['example_skip_dag']) retrieved from /home/airflow/.local/lib/python3.6/site-packages/airflow/example_dags/example_skip_dag.py
[2021-09-22 10:31:01,395] {logging_mixin.py:109} INFO - [2021-09-22 10:31:01,395] {dag.py:1834} INFO - Sync 1 DAGs
[2021-09-22 10:31:01,439] {logging_mixin.py:109} INFO - [2021-09-22 10:31:01,439] {dag.py:2287} INFO - Setting next_dagrun for example_skip_dag to 2021-09-20 00:00:00+00:00
[2021-09-22 10:31:01,492] {processor.py:170} INFO - Processing /home/airflow/.local/lib/python3.6/site-packages/airflow/example_dags/example_skip_dag.py took 0.190 seconds
[2021-09-22 10:31:31,757] {processor.py:162} INFO - Started process (PID=672) to work on /home/airflow/.local/lib/python3.6/site-packages/airflow/example_dags/example_skip_dag.py
[2021-09-22 10:31:31,758] {processor.py:613} INFO - Processing file /home/airflow/.local/lib/python3.6/site-packages/airflow/example_dags/example_skip_dag.py for tasks to queue
[2021-09-22 10:31:31,759] {logging_mixin.py:109} INFO - [2021-09-22 10:31:31,759] {dagbag.py:496} INFO - Filling up the DagBag from /home/airflow/.local/lib/python3.6/site-packages/airflow/example_dags/example_skip_dag.py
[2021-09-22 10:31:31,777] {processor.py:623} INFO - DAG(s) dict_keys(['example_skip_dag']) retrieved from /home/airflow/.local/lib/python3.6/site-packages/airflow/example_dags/example_skip_dag.py
[2021-09-22 10:31:31,810] {logging_mixin.py:109} INFO - [2021-09-22 10:31:31,809] {dag.py:1834} INFO - Sync 1 DAGs
[2021-09-22 10:31:31,831] {logging_mixin.py:109} INFO - [2021-09-22 10:31:31,831] {dag.py:2287} INFO - Setting next_dagrun for example_skip_dag to 2021-09-20 00:00:00+00:00
[2021-09-22 10:31:31,844] {processor.py:170} INFO - Processing /home/airflow/.local/lib/python3.6/site-packages/airflow/example_dags/example_skip_dag.py took 0.098 seconds
[2021-09-22 10:32:02,200] {processor.py:162} INFO - Started process (PID=725) to work on /home/airflow/.local/lib/python3.6/site-packages/airflow/example_dags/example_skip_dag.py
[2021-09-22 10:32:02,201] {processor.py:613} INFO - Processing file /home/airflow/.local/lib/python3.6/site-packages/airflow/example_dags/example_skip_dag.py for tasks to queue
[2021-09-22 10:32:02,202] {logging_mixin.py:109} INFO - [2021-09-22 10:32:02,202] {dagbag.py:496} INFO - Filling up the DagBag from /home/airflow/.local/lib/python3.6/site-packages/airflow/example_dags/example_skip_dag.py
[2021-09-22 10:32:02,256] {processor.py:623} INFO - DAG(s) dict_keys(['example_skip_dag']) retrieved from /home/airflow/.local/lib/python3.6/site-packages/airflow/example_dags/example_skip_dag.py
[2021-09-22 10:32:02,404] {logging_mixin.py:109} INFO - [2021-09-22 10:32:02,404] {dag.py:1834} INFO - Sync 1 DAGs
[2021-09-22 10:32:02,421] {logging_mixin.py:109} INFO - [2021-09-22 10:32:02,421] {dag.py:2287} INFO - Setting next_dagrun for example_skip_dag to 2021-09-20 00:00:00+00:00
[2021-09-22 10:32:02,434] {processor.py:170} INFO - Processing /home/airflow/.local/lib/python3.6/site-packages/airflow/example_dags/example_skip_dag.py took 0.243 seconds
[2021-09-22 10:32:33,286] {processor.py:162} INFO - Started process (PID=787) to work on /home/airflow/.local/lib/python3.6/site-packages/airflow/example_dags/example_skip_dag.py
[2021-09-22 10:32:33,289] {processor.py:613} INFO - Processing file /home/airflow/.local/lib/python3.6/site-packages/airflow/example_dags/example_skip_dag.py for tasks to queue
[2021-09-22 10:32:33,293] {logging_mixin.py:109} INFO - [2021-09-22 10:32:33,292] {dagbag.py:496} INFO - Filling up the DagBag from /home/airflow/.local/lib/python3.6/site-packages/airflow/example_dags/example_skip_dag.py
[2021-09-22 10:32:33,323] {processor.py:623} INFO - DAG(s) dict_keys(['example_skip_dag']) retrieved from /home/airflow/.local/lib/python3.6/site-packages/airflow/example_dags/example_skip_dag.py
[2021-09-22 10:32:33,445] {logging_mixin.py:109} INFO - [2021-09-22 10:32:33,445] {dag.py:1834} INFO - Sync 1 DAGs
[2021-09-22 10:32:33,485] {logging_mixin.py:109} INFO - [2021-09-22 10:32:33,485] {dag.py:2287} INFO - Setting next_dagrun for example_skip_dag to 2021-09-20 00:00:00+00:00
[2021-09-22 10:32:33,498] {processor.py:170} INFO - Processing /home/airflow/.local/lib/python3.6/site-packages/airflow/example_dags/example_skip_dag.py took 0.218 seconds
[2021-09-22 10:33:03,929] {processor.py:162} INFO - Started process (PID=838) to work on /home/airflow/.local/lib/python3.6/site-packages/airflow/example_dags/example_skip_dag.py
[2021-09-22 10:33:03,932] {processor.py:613} INFO - Processing file /home/airflow/.local/lib/python3.6/site-packages/airflow/example_dags/example_skip_dag.py for tasks to queue
[2021-09-22 10:33:03,933] {logging_mixin.py:109} INFO - [2021-09-22 10:33:03,933] {dagbag.py:496} INFO - Filling up the DagBag from /home/airflow/.local/lib/python3.6/site-packages/airflow/example_dags/example_skip_dag.py
[2021-09-22 10:33:03,978] {processor.py:623} INFO - DAG(s) dict_keys(['example_skip_dag']) retrieved from /home/airflow/.local/lib/python3.6/site-packages/airflow/example_dags/example_skip_dag.py
[2021-09-22 10:33:04,032] {logging_mixin.py:109} INFO - [2021-09-22 10:33:04,032] {dag.py:1834} INFO - Sync 1 DAGs
[2021-09-22 10:33:04,059] {logging_mixin.py:109} INFO - [2021-09-22 10:33:04,059] {dag.py:2287} INFO - Setting next_dagrun for example_skip_dag to 2021-09-20 00:00:00+00:00
[2021-09-22 10:33:04,076] {processor.py:170} INFO - Processing /home/airflow/.local/lib/python3.6/site-packages/airflow/example_dags/example_skip_dag.py took 0.152 seconds
[2021-09-22 10:33:34,881] {processor.py:162} INFO - Started process (PID=900) to work on /home/airflow/.local/lib/python3.6/site-packages/airflow/example_dags/example_skip_dag.py
[2021-09-22 10:33:34,885] {processor.py:613} INFO - Processing file /home/airflow/.local/lib/python3.6/site-packages/airflow/example_dags/example_skip_dag.py for tasks to queue
[2021-09-22 10:33:34,889] {logging_mixin.py:109} INFO - [2021-09-22 10:33:34,889] {dagbag.py:496} INFO - Filling up the DagBag from /home/airflow/.local/lib/python3.6/site-packages/airflow/example_dags/example_skip_dag.py
[2021-09-22 10:33:34,906] {processor.py:623} INFO - DAG(s) dict_keys(['example_skip_dag']) retrieved from /home/airflow/.local/lib/python3.6/site-packages/airflow/example_dags/example_skip_dag.py
[2021-09-22 10:33:34,935] {logging_mixin.py:109} INFO - [2021-09-22 10:33:34,935] {dag.py:1834} INFO - Sync 1 DAGs
[2021-09-22 10:33:34,953] {logging_mixin.py:109} INFO - [2021-09-22 10:33:34,953] {dag.py:2287} INFO - Setting next_dagrun for example_skip_dag to 2021-09-20 00:00:00+00:00
[2021-09-22 10:33:34,980] {processor.py:170} INFO - Processing /home/airflow/.local/lib/python3.6/site-packages/airflow/example_dags/example_skip_dag.py took 0.103 seconds
[2021-09-22 10:34:05,424] {processor.py:162} INFO - Started process (PID=951) to work on /home/airflow/.local/lib/python3.6/site-packages/airflow/example_dags/example_skip_dag.py
[2021-09-22 10:34:05,426] {processor.py:613} INFO - Processing file /home/airflow/.local/lib/python3.6/site-packages/airflow/example_dags/example_skip_dag.py for tasks to queue
[2021-09-22 10:34:05,427] {logging_mixin.py:109} INFO - [2021-09-22 10:34:05,427] {dagbag.py:496} INFO - Filling up the DagBag from /home/airflow/.local/lib/python3.6/site-packages/airflow/example_dags/example_skip_dag.py
[2021-09-22 10:34:05,446] {processor.py:623} INFO - DAG(s) dict_keys(['example_skip_dag']) retrieved from /home/airflow/.local/lib/python3.6/site-packages/airflow/example_dags/example_skip_dag.py
[2021-09-22 10:34:05,480] {logging_mixin.py:109} INFO - [2021-09-22 10:34:05,480] {dag.py:1834} INFO - Sync 1 DAGs
[2021-09-22 10:34:05,502] {logging_mixin.py:109} INFO - [2021-09-22 10:34:05,502] {dag.py:2287} INFO - Setting next_dagrun for example_skip_dag to 2021-09-20 00:00:00+00:00
[2021-09-22 10:34:05,517] {processor.py:170} INFO - Processing /home/airflow/.local/lib/python3.6/site-packages/airflow/example_dags/example_skip_dag.py took 0.097 seconds
[2021-09-22 10:34:35,897] {processor.py:162} INFO - Started process (PID=1002) to work on /home/airflow/.local/lib/python3.6/site-packages/airflow/example_dags/example_skip_dag.py
[2021-09-22 10:34:35,898] {processor.py:613} INFO - Processing file /home/airflow/.local/lib/python3.6/site-packages/airflow/example_dags/example_skip_dag.py for tasks to queue
[2021-09-22 10:34:35,899] {logging_mixin.py:109} INFO - [2021-09-22 10:34:35,899] {dagbag.py:496} INFO - Filling up the DagBag from /home/airflow/.local/lib/python3.6/site-packages/airflow/example_dags/example_skip_dag.py
[2021-09-22 10:34:35,920] {processor.py:623} INFO - DAG(s) dict_keys(['example_skip_dag']) retrieved from /home/airflow/.local/lib/python3.6/site-packages/airflow/example_dags/example_skip_dag.py
[2021-09-22 10:34:35,960] {logging_mixin.py:109} INFO - [2021-09-22 10:34:35,959] {dag.py:1834} INFO - Sync 1 DAGs
[2021-09-22 10:34:35,986] {logging_mixin.py:109} INFO - [2021-09-22 10:34:35,986] {dag.py:2287} INFO - Setting next_dagrun for example_skip_dag to 2021-09-20 00:00:00+00:00
[2021-09-22 10:34:36,002] {processor.py:170} INFO - Processing /home/airflow/.local/lib/python3.6/site-packages/airflow/example_dags/example_skip_dag.py took 0.110 seconds
[2021-09-22 10:35:06,135] {processor.py:162} INFO - Started process (PID=1061) to work on /home/airflow/.local/lib/python3.6/site-packages/airflow/example_dags/example_skip_dag.py
[2021-09-22 10:35:06,144] {processor.py:613} INFO - Processing file /home/airflow/.local/lib/python3.6/site-packages/airflow/example_dags/example_skip_dag.py for tasks to queue
[2021-09-22 10:35:06,145] {logging_mixin.py:109} INFO - [2021-09-22 10:35:06,145] {dagbag.py:496} INFO - Filling up the DagBag from /home/airflow/.local/lib/python3.6/site-packages/airflow/example_dags/example_skip_dag.py
[2021-09-22 10:35:06,200] {processor.py:623} INFO - DAG(s) dict_keys(['example_skip_dag']) retrieved from /home/airflow/.local/lib/python3.6/site-packages/airflow/example_dags/example_skip_dag.py
[2021-09-22 10:35:06,288] {logging_mixin.py:109} INFO - [2021-09-22 10:35:06,288] {dag.py:1834} INFO - Sync 1 DAGs
[2021-09-22 10:35:06,329] {logging_mixin.py:109} INFO - [2021-09-22 10:35:06,328] {dag.py:2287} INFO - Setting next_dagrun for example_skip_dag to 2021-09-20 00:00:00+00:00
[2021-09-22 10:35:06,368] {processor.py:170} INFO - Processing /home/airflow/.local/lib/python3.6/site-packages/airflow/example_dags/example_skip_dag.py took 0.243 seconds
[2021-09-22 10:35:36,501] {processor.py:162} INFO - Started process (PID=1113) to work on /home/airflow/.local/lib/python3.6/site-packages/airflow/example_dags/example_skip_dag.py
[2021-09-22 10:35:36,502] {processor.py:613} INFO - Processing file /home/airflow/.local/lib/python3.6/site-packages/airflow/example_dags/example_skip_dag.py for tasks to queue
[2021-09-22 10:35:36,503] {logging_mixin.py:109} INFO - [2021-09-22 10:35:36,502] {dagbag.py:496} INFO - Filling up the DagBag from /home/airflow/.local/lib/python3.6/site-packages/airflow/example_dags/example_skip_dag.py
[2021-09-22 10:35:36,514] {processor.py:623} INFO - DAG(s) dict_keys(['example_skip_dag']) retrieved from /home/airflow/.local/lib/python3.6/site-packages/airflow/example_dags/example_skip_dag.py
[2021-09-22 10:35:36,535] {logging_mixin.py:109} INFO - [2021-09-22 10:35:36,535] {dag.py:1834} INFO - Sync 1 DAGs
[2021-09-22 10:35:36,549] {logging_mixin.py:109} INFO - [2021-09-22 10:35:36,549] {dag.py:2287} INFO - Setting next_dagrun for example_skip_dag to 2021-09-20 00:00:00+00:00
[2021-09-22 10:35:36,558] {processor.py:170} INFO - Processing /home/airflow/.local/lib/python3.6/site-packages/airflow/example_dags/example_skip_dag.py took 0.061 seconds
[2021-09-22 10:36:06,965] {processor.py:162} INFO - Started process (PID=1164) to work on /home/airflow/.local/lib/python3.6/site-packages/airflow/example_dags/example_skip_dag.py
[2021-09-22 10:36:06,967] {processor.py:613} INFO - Processing file /home/airflow/.local/lib/python3.6/site-packages/airflow/example_dags/example_skip_dag.py for tasks to queue
[2021-09-22 10:36:06,967] {logging_mixin.py:109} INFO - [2021-09-22 10:36:06,967] {dagbag.py:496} INFO - Filling up the DagBag from /home/airflow/.local/lib/python3.6/site-packages/airflow/example_dags/example_skip_dag.py
[2021-09-22 10:36:06,983] {processor.py:623} INFO - DAG(s) dict_keys(['example_skip_dag']) retrieved from /home/airflow/.local/lib/python3.6/site-packages/airflow/example_dags/example_skip_dag.py
[2021-09-22 10:36:07,006] {logging_mixin.py:109} INFO - [2021-09-22 10:36:07,006] {dag.py:1834} INFO - Sync 1 DAGs
[2021-09-22 10:36:07,028] {logging_mixin.py:109} INFO - [2021-09-22 10:36:07,024] {dag.py:2287} INFO - Setting next_dagrun for example_skip_dag to 2021-09-20 00:00:00+00:00
[2021-09-22 10:36:07,042] {processor.py:170} INFO - Processing /home/airflow/.local/lib/python3.6/site-packages/airflow/example_dags/example_skip_dag.py took 0.081 seconds
[2021-09-22 10:36:37,442] {processor.py:162} INFO - Started process (PID=1225) to work on /home/airflow/.local/lib/python3.6/site-packages/airflow/example_dags/example_skip_dag.py
[2021-09-22 10:36:37,443] {processor.py:613} INFO - Processing file /home/airflow/.local/lib/python3.6/site-packages/airflow/example_dags/example_skip_dag.py for tasks to queue
[2021-09-22 10:36:37,444] {logging_mixin.py:109} INFO - [2021-09-22 10:36:37,443] {dagbag.py:496} INFO - Filling up the DagBag from /home/airflow/.local/lib/python3.6/site-packages/airflow/example_dags/example_skip_dag.py
[2021-09-22 10:36:37,462] {processor.py:623} INFO - DAG(s) dict_keys(['example_skip_dag']) retrieved from /home/airflow/.local/lib/python3.6/site-packages/airflow/example_dags/example_skip_dag.py
[2021-09-22 10:36:37,490] {logging_mixin.py:109} INFO - [2021-09-22 10:36:37,490] {dag.py:1834} INFO - Sync 1 DAGs
[2021-09-22 10:36:37,508] {logging_mixin.py:109} INFO - [2021-09-22 10:36:37,508] {dag.py:2287} INFO - Setting next_dagrun for example_skip_dag to 2021-09-20 00:00:00+00:00
[2021-09-22 10:36:37,520] {processor.py:170} INFO - Processing /home/airflow/.local/lib/python3.6/site-packages/airflow/example_dags/example_skip_dag.py took 0.082 seconds
[2021-09-22 10:38:16,893] {processor.py:162} INFO - Started process (PID=72) to work on /home/airflow/.local/lib/python3.6/site-packages/airflow/example_dags/example_skip_dag.py
[2021-09-22 10:38:16,899] {processor.py:613} INFO - Processing file /home/airflow/.local/lib/python3.6/site-packages/airflow/example_dags/example_skip_dag.py for tasks to queue
[2021-09-22 10:38:16,902] {logging_mixin.py:109} INFO - [2021-09-22 10:38:16,902] {dagbag.py:496} INFO - Filling up the DagBag from /home/airflow/.local/lib/python3.6/site-packages/airflow/example_dags/example_skip_dag.py
[2021-09-22 10:38:16,949] {processor.py:623} INFO - DAG(s) dict_keys(['example_skip_dag']) retrieved from /home/airflow/.local/lib/python3.6/site-packages/airflow/example_dags/example_skip_dag.py
[2021-09-22 10:38:17,076] {logging_mixin.py:109} INFO - [2021-09-22 10:38:17,076] {dag.py:1834} INFO - Sync 1 DAGs
[2021-09-22 10:38:17,111] {logging_mixin.py:109} INFO - [2021-09-22 10:38:17,111] {dag.py:2287} INFO - Setting next_dagrun for example_skip_dag to 2021-09-20 00:00:00+00:00
[2021-09-22 10:38:17,141] {processor.py:170} INFO - Processing /home/airflow/.local/lib/python3.6/site-packages/airflow/example_dags/example_skip_dag.py took 0.266 seconds
[2021-09-22 10:38:47,697] {processor.py:162} INFO - Started process (PID=123) to work on /home/airflow/.local/lib/python3.6/site-packages/airflow/example_dags/example_skip_dag.py
[2021-09-22 10:38:47,698] {processor.py:613} INFO - Processing file /home/airflow/.local/lib/python3.6/site-packages/airflow/example_dags/example_skip_dag.py for tasks to queue
[2021-09-22 10:38:47,699] {logging_mixin.py:109} INFO - [2021-09-22 10:38:47,699] {dagbag.py:496} INFO - Filling up the DagBag from /home/airflow/.local/lib/python3.6/site-packages/airflow/example_dags/example_skip_dag.py
[2021-09-22 10:38:47,761] {processor.py:623} INFO - DAG(s) dict_keys(['example_skip_dag']) retrieved from /home/airflow/.local/lib/python3.6/site-packages/airflow/example_dags/example_skip_dag.py
[2021-09-22 10:38:47,859] {logging_mixin.py:109} INFO - [2021-09-22 10:38:47,859] {dag.py:1834} INFO - Sync 1 DAGs
[2021-09-22 10:38:47,910] {logging_mixin.py:109} INFO - [2021-09-22 10:38:47,909] {dag.py:2287} INFO - Setting next_dagrun for example_skip_dag to 2021-09-20 00:00:00+00:00
[2021-09-22 10:38:47,942] {processor.py:170} INFO - Processing /home/airflow/.local/lib/python3.6/site-packages/airflow/example_dags/example_skip_dag.py took 0.262 seconds
[2021-09-22 10:41:38,631] {processor.py:162} INFO - Started process (PID=60) to work on /home/airflow/.local/lib/python3.6/site-packages/airflow/example_dags/example_skip_dag.py
[2021-09-22 10:41:38,634] {processor.py:613} INFO - Processing file /home/airflow/.local/lib/python3.6/site-packages/airflow/example_dags/example_skip_dag.py for tasks to queue
[2021-09-22 10:41:38,635] {logging_mixin.py:109} INFO - [2021-09-22 10:41:38,635] {dagbag.py:496} INFO - Filling up the DagBag from /home/airflow/.local/lib/python3.6/site-packages/airflow/example_dags/example_skip_dag.py
[2021-09-22 10:41:38,706] {processor.py:623} INFO - DAG(s) dict_keys(['example_skip_dag']) retrieved from /home/airflow/.local/lib/python3.6/site-packages/airflow/example_dags/example_skip_dag.py
[2021-09-22 10:41:38,918] {logging_mixin.py:109} INFO - [2021-09-22 10:41:38,918] {dag.py:1834} INFO - Sync 1 DAGs
[2021-09-22 10:41:38,983] {logging_mixin.py:109} INFO - [2021-09-22 10:41:38,983] {dag.py:2287} INFO - Setting next_dagrun for example_skip_dag to 2021-09-20 00:00:00+00:00
[2021-09-22 10:41:39,056] {processor.py:170} INFO - Processing /home/airflow/.local/lib/python3.6/site-packages/airflow/example_dags/example_skip_dag.py took 0.438 seconds
[2021-09-22 10:42:09,994] {processor.py:162} INFO - Started process (PID=111) to work on /home/airflow/.local/lib/python3.6/site-packages/airflow/example_dags/example_skip_dag.py
[2021-09-22 10:42:09,995] {processor.py:613} INFO - Processing file /home/airflow/.local/lib/python3.6/site-packages/airflow/example_dags/example_skip_dag.py for tasks to queue
[2021-09-22 10:42:09,996] {logging_mixin.py:109} INFO - [2021-09-22 10:42:09,996] {dagbag.py:496} INFO - Filling up the DagBag from /home/airflow/.local/lib/python3.6/site-packages/airflow/example_dags/example_skip_dag.py
[2021-09-22 10:42:10,010] {processor.py:623} INFO - DAG(s) dict_keys(['example_skip_dag']) retrieved from /home/airflow/.local/lib/python3.6/site-packages/airflow/example_dags/example_skip_dag.py
[2021-09-22 10:42:10,040] {logging_mixin.py:109} INFO - [2021-09-22 10:42:10,040] {dag.py:1834} INFO - Sync 1 DAGs
[2021-09-22 10:42:10,062] {logging_mixin.py:109} INFO - [2021-09-22 10:42:10,062] {dag.py:2287} INFO - Setting next_dagrun for example_skip_dag to 2021-09-20 00:00:00+00:00
[2021-09-22 10:42:10,078] {processor.py:170} INFO - Processing /home/airflow/.local/lib/python3.6/site-packages/airflow/example_dags/example_skip_dag.py took 0.088 seconds
[2021-09-22 10:42:40,181] {processor.py:162} INFO - Started process (PID=174) to work on /home/airflow/.local/lib/python3.6/site-packages/airflow/example_dags/example_skip_dag.py
[2021-09-22 10:42:40,183] {processor.py:613} INFO - Processing file /home/airflow/.local/lib/python3.6/site-packages/airflow/example_dags/example_skip_dag.py for tasks to queue
[2021-09-22 10:42:40,184] {logging_mixin.py:109} INFO - [2021-09-22 10:42:40,184] {dagbag.py:496} INFO - Filling up the DagBag from /home/airflow/.local/lib/python3.6/site-packages/airflow/example_dags/example_skip_dag.py
[2021-09-22 10:42:40,199] {processor.py:623} INFO - DAG(s) dict_keys(['example_skip_dag']) retrieved from /home/airflow/.local/lib/python3.6/site-packages/airflow/example_dags/example_skip_dag.py
[2021-09-22 10:42:40,260] {logging_mixin.py:109} INFO - [2021-09-22 10:42:40,260] {dag.py:1834} INFO - Sync 1 DAGs
[2021-09-22 10:42:40,280] {logging_mixin.py:109} INFO - [2021-09-22 10:42:40,280] {dag.py:2287} INFO - Setting next_dagrun for example_skip_dag to 2021-09-20 00:00:00+00:00
[2021-09-22 10:42:40,315] {processor.py:170} INFO - Processing /home/airflow/.local/lib/python3.6/site-packages/airflow/example_dags/example_skip_dag.py took 0.138 seconds
[2021-09-22 10:43:10,792] {processor.py:162} INFO - Started process (PID=226) to work on /home/airflow/.local/lib/python3.6/site-packages/airflow/example_dags/example_skip_dag.py
[2021-09-22 10:43:10,793] {processor.py:613} INFO - Processing file /home/airflow/.local/lib/python3.6/site-packages/airflow/example_dags/example_skip_dag.py for tasks to queue
[2021-09-22 10:43:10,794] {logging_mixin.py:109} INFO - [2021-09-22 10:43:10,794] {dagbag.py:496} INFO - Filling up the DagBag from /home/airflow/.local/lib/python3.6/site-packages/airflow/example_dags/example_skip_dag.py
[2021-09-22 10:43:10,808] {processor.py:623} INFO - DAG(s) dict_keys(['example_skip_dag']) retrieved from /home/airflow/.local/lib/python3.6/site-packages/airflow/example_dags/example_skip_dag.py
[2021-09-22 10:43:10,838] {logging_mixin.py:109} INFO - [2021-09-22 10:43:10,838] {dag.py:1834} INFO - Sync 1 DAGs
[2021-09-22 10:43:10,856] {logging_mixin.py:109} INFO - [2021-09-22 10:43:10,856] {dag.py:2287} INFO - Setting next_dagrun for example_skip_dag to 2021-09-20 00:00:00+00:00
[2021-09-22 10:43:10,868] {processor.py:170} INFO - Processing /home/airflow/.local/lib/python3.6/site-packages/airflow/example_dags/example_skip_dag.py took 0.080 seconds
[2021-09-22 10:43:41,750] {processor.py:162} INFO - Started process (PID=287) to work on /home/airflow/.local/lib/python3.6/site-packages/airflow/example_dags/example_skip_dag.py
[2021-09-22 10:43:41,753] {processor.py:613} INFO - Processing file /home/airflow/.local/lib/python3.6/site-packages/airflow/example_dags/example_skip_dag.py for tasks to queue
[2021-09-22 10:43:41,754] {logging_mixin.py:109} INFO - [2021-09-22 10:43:41,754] {dagbag.py:496} INFO - Filling up the DagBag from /home/airflow/.local/lib/python3.6/site-packages/airflow/example_dags/example_skip_dag.py
[2021-09-22 10:43:41,772] {processor.py:623} INFO - DAG(s) dict_keys(['example_skip_dag']) retrieved from /home/airflow/.local/lib/python3.6/site-packages/airflow/example_dags/example_skip_dag.py
[2021-09-22 10:43:41,807] {logging_mixin.py:109} INFO - [2021-09-22 10:43:41,806] {dag.py:1834} INFO - Sync 1 DAGs
[2021-09-22 10:43:41,829] {logging_mixin.py:109} INFO - [2021-09-22 10:43:41,829] {dag.py:2287} INFO - Setting next_dagrun for example_skip_dag to 2021-09-20 00:00:00+00:00
[2021-09-22 10:43:41,842] {processor.py:170} INFO - Processing /home/airflow/.local/lib/python3.6/site-packages/airflow/example_dags/example_skip_dag.py took 0.096 seconds
[2021-09-22 10:44:11,955] {processor.py:162} INFO - Started process (PID=338) to work on /home/airflow/.local/lib/python3.6/site-packages/airflow/example_dags/example_skip_dag.py
[2021-09-22 10:44:11,962] {processor.py:613} INFO - Processing file /home/airflow/.local/lib/python3.6/site-packages/airflow/example_dags/example_skip_dag.py for tasks to queue
[2021-09-22 10:44:11,962] {logging_mixin.py:109} INFO - [2021-09-22 10:44:11,962] {dagbag.py:496} INFO - Filling up the DagBag from /home/airflow/.local/lib/python3.6/site-packages/airflow/example_dags/example_skip_dag.py
[2021-09-22 10:44:11,983] {processor.py:623} INFO - DAG(s) dict_keys(['example_skip_dag']) retrieved from /home/airflow/.local/lib/python3.6/site-packages/airflow/example_dags/example_skip_dag.py
[2021-09-22 10:44:12,050] {logging_mixin.py:109} INFO - [2021-09-22 10:44:12,049] {dag.py:1834} INFO - Sync 1 DAGs
[2021-09-22 10:44:12,092] {logging_mixin.py:109} INFO - [2021-09-22 10:44:12,092] {dag.py:2287} INFO - Setting next_dagrun for example_skip_dag to 2021-09-20 00:00:00+00:00
[2021-09-22 10:44:12,129] {processor.py:170} INFO - Processing /home/airflow/.local/lib/python3.6/site-packages/airflow/example_dags/example_skip_dag.py took 0.182 seconds
