[2021-09-22 10:26:13,302] {processor.py:162} INFO - Started process (PID=99) to work on /home/airflow/.local/lib/python3.6/site-packages/airflow/example_dags/example_external_task_marker_dag.py
[2021-09-22 10:26:13,303] {processor.py:613} INFO - Processing file /home/airflow/.local/lib/python3.6/site-packages/airflow/example_dags/example_external_task_marker_dag.py for tasks to queue
[2021-09-22 10:26:13,304] {logging_mixin.py:109} INFO - [2021-09-22 10:26:13,304] {dagbag.py:496} INFO - Filling up the DagBag from /home/airflow/.local/lib/python3.6/site-packages/airflow/example_dags/example_external_task_marker_dag.py
[2021-09-22 10:26:13,327] {processor.py:623} INFO - DAG(s) dict_keys(['example_external_task_marker_parent', 'example_external_task_marker_child']) retrieved from /home/airflow/.local/lib/python3.6/site-packages/airflow/example_dags/example_external_task_marker_dag.py
[2021-09-22 10:26:18,380] {logging_mixin.py:109} INFO - [2021-09-22 10:26:18,379] {dag.py:1834} INFO - Sync 2 DAGs
[2021-09-22 10:26:18,397] {logging_mixin.py:109} INFO - [2021-09-22 10:26:18,395] {dag.py:1853} INFO - Creating ORM DAG for example_external_task_marker_parent
[2021-09-22 10:26:18,398] {logging_mixin.py:109} INFO - [2021-09-22 10:26:18,398] {dag.py:1853} INFO - Creating ORM DAG for example_external_task_marker_child
[2021-09-22 10:26:18,403] {logging_mixin.py:109} INFO - [2021-09-22 10:26:18,402] {dag.py:2287} INFO - Setting next_dagrun for example_external_task_marker_child to None
[2021-09-22 10:26:18,403] {logging_mixin.py:109} INFO - [2021-09-22 10:26:18,403] {dag.py:2287} INFO - Setting next_dagrun for example_external_task_marker_parent to None
[2021-09-22 10:26:18,418] {processor.py:170} INFO - Processing /home/airflow/.local/lib/python3.6/site-packages/airflow/example_dags/example_external_task_marker_dag.py took 5.123 seconds
[2021-09-22 10:27:22,165] {processor.py:162} INFO - Started process (PID=213) to work on /home/airflow/.local/lib/python3.6/site-packages/airflow/example_dags/example_external_task_marker_dag.py
[2021-09-22 10:27:22,177] {processor.py:613} INFO - Processing file /home/airflow/.local/lib/python3.6/site-packages/airflow/example_dags/example_external_task_marker_dag.py for tasks to queue
[2021-09-22 10:27:22,186] {logging_mixin.py:109} INFO - [2021-09-22 10:27:22,178] {dagbag.py:496} INFO - Filling up the DagBag from /home/airflow/.local/lib/python3.6/site-packages/airflow/example_dags/example_external_task_marker_dag.py
[2021-09-22 10:27:22,286] {processor.py:623} INFO - DAG(s) dict_keys(['example_external_task_marker_parent', 'example_external_task_marker_child']) retrieved from /home/airflow/.local/lib/python3.6/site-packages/airflow/example_dags/example_external_task_marker_dag.py
[2021-09-22 10:27:22,610] {logging_mixin.py:109} INFO - [2021-09-22 10:27:22,610] {dag.py:1834} INFO - Sync 2 DAGs
[2021-09-22 10:27:22,721] {logging_mixin.py:109} INFO - [2021-09-22 10:27:22,721] {dag.py:2287} INFO - Setting next_dagrun for example_external_task_marker_child to None
[2021-09-22 10:27:22,722] {logging_mixin.py:109} INFO - [2021-09-22 10:27:22,722] {dag.py:2287} INFO - Setting next_dagrun for example_external_task_marker_parent to None
[2021-09-22 10:27:22,879] {processor.py:170} INFO - Processing /home/airflow/.local/lib/python3.6/site-packages/airflow/example_dags/example_external_task_marker_dag.py took 0.741 seconds
[2021-09-22 10:27:53,747] {processor.py:162} INFO - Started process (PID=272) to work on /home/airflow/.local/lib/python3.6/site-packages/airflow/example_dags/example_external_task_marker_dag.py
[2021-09-22 10:27:53,751] {processor.py:613} INFO - Processing file /home/airflow/.local/lib/python3.6/site-packages/airflow/example_dags/example_external_task_marker_dag.py for tasks to queue
[2021-09-22 10:27:53,753] {logging_mixin.py:109} INFO - [2021-09-22 10:27:53,752] {dagbag.py:496} INFO - Filling up the DagBag from /home/airflow/.local/lib/python3.6/site-packages/airflow/example_dags/example_external_task_marker_dag.py
[2021-09-22 10:27:53,816] {processor.py:623} INFO - DAG(s) dict_keys(['example_external_task_marker_parent', 'example_external_task_marker_child']) retrieved from /home/airflow/.local/lib/python3.6/site-packages/airflow/example_dags/example_external_task_marker_dag.py
[2021-09-22 10:27:53,965] {logging_mixin.py:109} INFO - [2021-09-22 10:27:53,965] {dag.py:1834} INFO - Sync 2 DAGs
[2021-09-22 10:27:54,057] {logging_mixin.py:109} INFO - [2021-09-22 10:27:54,057] {dag.py:2287} INFO - Setting next_dagrun for example_external_task_marker_child to None
[2021-09-22 10:27:54,058] {logging_mixin.py:109} INFO - [2021-09-22 10:27:54,058] {dag.py:2287} INFO - Setting next_dagrun for example_external_task_marker_parent to None
[2021-09-22 10:27:54,111] {processor.py:170} INFO - Processing /home/airflow/.local/lib/python3.6/site-packages/airflow/example_dags/example_external_task_marker_dag.py took 0.378 seconds
[2021-09-22 10:28:24,861] {processor.py:162} INFO - Started process (PID=324) to work on /home/airflow/.local/lib/python3.6/site-packages/airflow/example_dags/example_external_task_marker_dag.py
[2021-09-22 10:28:24,866] {processor.py:613} INFO - Processing file /home/airflow/.local/lib/python3.6/site-packages/airflow/example_dags/example_external_task_marker_dag.py for tasks to queue
[2021-09-22 10:28:24,867] {logging_mixin.py:109} INFO - [2021-09-22 10:28:24,867] {dagbag.py:496} INFO - Filling up the DagBag from /home/airflow/.local/lib/python3.6/site-packages/airflow/example_dags/example_external_task_marker_dag.py
[2021-09-22 10:28:24,889] {processor.py:623} INFO - DAG(s) dict_keys(['example_external_task_marker_parent', 'example_external_task_marker_child']) retrieved from /home/airflow/.local/lib/python3.6/site-packages/airflow/example_dags/example_external_task_marker_dag.py
[2021-09-22 10:28:24,935] {logging_mixin.py:109} INFO - [2021-09-22 10:28:24,935] {dag.py:1834} INFO - Sync 2 DAGs
[2021-09-22 10:28:24,959] {logging_mixin.py:109} INFO - [2021-09-22 10:28:24,959] {dag.py:2287} INFO - Setting next_dagrun for example_external_task_marker_child to None
[2021-09-22 10:28:24,961] {logging_mixin.py:109} INFO - [2021-09-22 10:28:24,960] {dag.py:2287} INFO - Setting next_dagrun for example_external_task_marker_parent to None
[2021-09-22 10:28:24,973] {processor.py:170} INFO - Processing /home/airflow/.local/lib/python3.6/site-packages/airflow/example_dags/example_external_task_marker_dag.py took 0.117 seconds
[2021-09-22 10:28:55,300] {processor.py:162} INFO - Started process (PID=374) to work on /home/airflow/.local/lib/python3.6/site-packages/airflow/example_dags/example_external_task_marker_dag.py
[2021-09-22 10:28:55,302] {processor.py:613} INFO - Processing file /home/airflow/.local/lib/python3.6/site-packages/airflow/example_dags/example_external_task_marker_dag.py for tasks to queue
[2021-09-22 10:28:55,303] {logging_mixin.py:109} INFO - [2021-09-22 10:28:55,303] {dagbag.py:496} INFO - Filling up the DagBag from /home/airflow/.local/lib/python3.6/site-packages/airflow/example_dags/example_external_task_marker_dag.py
[2021-09-22 10:28:55,346] {processor.py:623} INFO - DAG(s) dict_keys(['example_external_task_marker_parent', 'example_external_task_marker_child']) retrieved from /home/airflow/.local/lib/python3.6/site-packages/airflow/example_dags/example_external_task_marker_dag.py
[2021-09-22 10:28:55,426] {logging_mixin.py:109} INFO - [2021-09-22 10:28:55,426] {dag.py:1834} INFO - Sync 2 DAGs
[2021-09-22 10:28:55,455] {logging_mixin.py:109} INFO - [2021-09-22 10:28:55,455] {dag.py:2287} INFO - Setting next_dagrun for example_external_task_marker_child to None
[2021-09-22 10:28:55,461] {logging_mixin.py:109} INFO - [2021-09-22 10:28:55,461] {dag.py:2287} INFO - Setting next_dagrun for example_external_task_marker_parent to None
[2021-09-22 10:28:55,491] {processor.py:170} INFO - Processing /home/airflow/.local/lib/python3.6/site-packages/airflow/example_dags/example_external_task_marker_dag.py took 0.200 seconds
[2021-09-22 10:29:26,392] {processor.py:162} INFO - Started process (PID=434) to work on /home/airflow/.local/lib/python3.6/site-packages/airflow/example_dags/example_external_task_marker_dag.py
[2021-09-22 10:29:26,414] {processor.py:613} INFO - Processing file /home/airflow/.local/lib/python3.6/site-packages/airflow/example_dags/example_external_task_marker_dag.py for tasks to queue
[2021-09-22 10:29:26,415] {logging_mixin.py:109} INFO - [2021-09-22 10:29:26,415] {dagbag.py:496} INFO - Filling up the DagBag from /home/airflow/.local/lib/python3.6/site-packages/airflow/example_dags/example_external_task_marker_dag.py
[2021-09-22 10:29:26,457] {processor.py:623} INFO - DAG(s) dict_keys(['example_external_task_marker_parent', 'example_external_task_marker_child']) retrieved from /home/airflow/.local/lib/python3.6/site-packages/airflow/example_dags/example_external_task_marker_dag.py
[2021-09-22 10:29:26,627] {logging_mixin.py:109} INFO - [2021-09-22 10:29:26,627] {dag.py:1834} INFO - Sync 2 DAGs
[2021-09-22 10:29:26,685] {logging_mixin.py:109} INFO - [2021-09-22 10:29:26,685] {dag.py:2287} INFO - Setting next_dagrun for example_external_task_marker_child to None
[2021-09-22 10:29:26,689] {logging_mixin.py:109} INFO - [2021-09-22 10:29:26,689] {dag.py:2287} INFO - Setting next_dagrun for example_external_task_marker_parent to None
[2021-09-22 10:29:26,747] {processor.py:170} INFO - Processing /home/airflow/.local/lib/python3.6/site-packages/airflow/example_dags/example_external_task_marker_dag.py took 0.359 seconds
[2021-09-22 10:29:57,246] {processor.py:162} INFO - Started process (PID=485) to work on /home/airflow/.local/lib/python3.6/site-packages/airflow/example_dags/example_external_task_marker_dag.py
[2021-09-22 10:29:57,247] {processor.py:613} INFO - Processing file /home/airflow/.local/lib/python3.6/site-packages/airflow/example_dags/example_external_task_marker_dag.py for tasks to queue
[2021-09-22 10:29:57,254] {logging_mixin.py:109} INFO - [2021-09-22 10:29:57,253] {dagbag.py:496} INFO - Filling up the DagBag from /home/airflow/.local/lib/python3.6/site-packages/airflow/example_dags/example_external_task_marker_dag.py
[2021-09-22 10:29:57,273] {processor.py:623} INFO - DAG(s) dict_keys(['example_external_task_marker_parent', 'example_external_task_marker_child']) retrieved from /home/airflow/.local/lib/python3.6/site-packages/airflow/example_dags/example_external_task_marker_dag.py
[2021-09-22 10:29:57,324] {logging_mixin.py:109} INFO - [2021-09-22 10:29:57,324] {dag.py:1834} INFO - Sync 2 DAGs
[2021-09-22 10:29:57,349] {logging_mixin.py:109} INFO - [2021-09-22 10:29:57,349] {dag.py:2287} INFO - Setting next_dagrun for example_external_task_marker_child to None
[2021-09-22 10:29:57,351] {logging_mixin.py:109} INFO - [2021-09-22 10:29:57,350] {dag.py:2287} INFO - Setting next_dagrun for example_external_task_marker_parent to None
[2021-09-22 10:29:57,369] {processor.py:170} INFO - Processing /home/airflow/.local/lib/python3.6/site-packages/airflow/example_dags/example_external_task_marker_dag.py took 0.128 seconds
[2021-09-22 10:30:28,249] {processor.py:162} INFO - Started process (PID=544) to work on /home/airflow/.local/lib/python3.6/site-packages/airflow/example_dags/example_external_task_marker_dag.py
[2021-09-22 10:30:28,253] {processor.py:613} INFO - Processing file /home/airflow/.local/lib/python3.6/site-packages/airflow/example_dags/example_external_task_marker_dag.py for tasks to queue
[2021-09-22 10:30:28,276] {logging_mixin.py:109} INFO - [2021-09-22 10:30:28,276] {dagbag.py:496} INFO - Filling up the DagBag from /home/airflow/.local/lib/python3.6/site-packages/airflow/example_dags/example_external_task_marker_dag.py
[2021-09-22 10:30:28,368] {processor.py:623} INFO - DAG(s) dict_keys(['example_external_task_marker_parent', 'example_external_task_marker_child']) retrieved from /home/airflow/.local/lib/python3.6/site-packages/airflow/example_dags/example_external_task_marker_dag.py
[2021-09-22 10:30:28,494] {logging_mixin.py:109} INFO - [2021-09-22 10:30:28,494] {dag.py:1834} INFO - Sync 2 DAGs
[2021-09-22 10:30:28,517] {logging_mixin.py:109} INFO - [2021-09-22 10:30:28,517] {dag.py:2287} INFO - Setting next_dagrun for example_external_task_marker_child to None
[2021-09-22 10:30:28,518] {logging_mixin.py:109} INFO - [2021-09-22 10:30:28,518] {dag.py:2287} INFO - Setting next_dagrun for example_external_task_marker_parent to None
[2021-09-22 10:30:28,563] {processor.py:170} INFO - Processing /home/airflow/.local/lib/python3.6/site-packages/airflow/example_dags/example_external_task_marker_dag.py took 0.338 seconds
[2021-09-22 10:30:59,522] {processor.py:162} INFO - Started process (PID=601) to work on /home/airflow/.local/lib/python3.6/site-packages/airflow/example_dags/example_external_task_marker_dag.py
[2021-09-22 10:30:59,523] {processor.py:613} INFO - Processing file /home/airflow/.local/lib/python3.6/site-packages/airflow/example_dags/example_external_task_marker_dag.py for tasks to queue
[2021-09-22 10:30:59,524] {logging_mixin.py:109} INFO - [2021-09-22 10:30:59,523] {dagbag.py:496} INFO - Filling up the DagBag from /home/airflow/.local/lib/python3.6/site-packages/airflow/example_dags/example_external_task_marker_dag.py
[2021-09-22 10:30:59,539] {processor.py:623} INFO - DAG(s) dict_keys(['example_external_task_marker_parent', 'example_external_task_marker_child']) retrieved from /home/airflow/.local/lib/python3.6/site-packages/airflow/example_dags/example_external_task_marker_dag.py
[2021-09-22 10:30:59,578] {logging_mixin.py:109} INFO - [2021-09-22 10:30:59,577] {dag.py:1834} INFO - Sync 2 DAGs
[2021-09-22 10:30:59,599] {logging_mixin.py:109} INFO - [2021-09-22 10:30:59,599] {dag.py:2287} INFO - Setting next_dagrun for example_external_task_marker_child to None
[2021-09-22 10:30:59,602] {logging_mixin.py:109} INFO - [2021-09-22 10:30:59,602] {dag.py:2287} INFO - Setting next_dagrun for example_external_task_marker_parent to None
[2021-09-22 10:30:59,615] {processor.py:170} INFO - Processing /home/airflow/.local/lib/python3.6/site-packages/airflow/example_dags/example_external_task_marker_dag.py took 0.097 seconds
[2021-09-22 10:31:29,764] {processor.py:162} INFO - Started process (PID=653) to work on /home/airflow/.local/lib/python3.6/site-packages/airflow/example_dags/example_external_task_marker_dag.py
[2021-09-22 10:31:29,765] {processor.py:613} INFO - Processing file /home/airflow/.local/lib/python3.6/site-packages/airflow/example_dags/example_external_task_marker_dag.py for tasks to queue
[2021-09-22 10:31:29,766] {logging_mixin.py:109} INFO - [2021-09-22 10:31:29,766] {dagbag.py:496} INFO - Filling up the DagBag from /home/airflow/.local/lib/python3.6/site-packages/airflow/example_dags/example_external_task_marker_dag.py
[2021-09-22 10:31:29,783] {processor.py:623} INFO - DAG(s) dict_keys(['example_external_task_marker_parent', 'example_external_task_marker_child']) retrieved from /home/airflow/.local/lib/python3.6/site-packages/airflow/example_dags/example_external_task_marker_dag.py
[2021-09-22 10:31:29,816] {logging_mixin.py:109} INFO - [2021-09-22 10:31:29,816] {dag.py:1834} INFO - Sync 2 DAGs
[2021-09-22 10:31:29,834] {logging_mixin.py:109} INFO - [2021-09-22 10:31:29,834] {dag.py:2287} INFO - Setting next_dagrun for example_external_task_marker_child to None
[2021-09-22 10:31:29,835] {logging_mixin.py:109} INFO - [2021-09-22 10:31:29,835] {dag.py:2287} INFO - Setting next_dagrun for example_external_task_marker_parent to None
[2021-09-22 10:31:29,846] {processor.py:170} INFO - Processing /home/airflow/.local/lib/python3.6/site-packages/airflow/example_dags/example_external_task_marker_dag.py took 0.086 seconds
[2021-09-22 10:32:00,118] {processor.py:162} INFO - Started process (PID=715) to work on /home/airflow/.local/lib/python3.6/site-packages/airflow/example_dags/example_external_task_marker_dag.py
[2021-09-22 10:32:00,121] {processor.py:613} INFO - Processing file /home/airflow/.local/lib/python3.6/site-packages/airflow/example_dags/example_external_task_marker_dag.py for tasks to queue
[2021-09-22 10:32:00,122] {logging_mixin.py:109} INFO - [2021-09-22 10:32:00,122] {dagbag.py:496} INFO - Filling up the DagBag from /home/airflow/.local/lib/python3.6/site-packages/airflow/example_dags/example_external_task_marker_dag.py
[2021-09-22 10:32:00,148] {processor.py:623} INFO - DAG(s) dict_keys(['example_external_task_marker_parent', 'example_external_task_marker_child']) retrieved from /home/airflow/.local/lib/python3.6/site-packages/airflow/example_dags/example_external_task_marker_dag.py
[2021-09-22 10:32:00,215] {logging_mixin.py:109} INFO - [2021-09-22 10:32:00,215] {dag.py:1834} INFO - Sync 2 DAGs
[2021-09-22 10:32:00,236] {logging_mixin.py:109} INFO - [2021-09-22 10:32:00,236] {dag.py:2287} INFO - Setting next_dagrun for example_external_task_marker_child to None
[2021-09-22 10:32:00,237] {logging_mixin.py:109} INFO - [2021-09-22 10:32:00,237] {dag.py:2287} INFO - Setting next_dagrun for example_external_task_marker_parent to None
[2021-09-22 10:32:00,254] {processor.py:170} INFO - Processing /home/airflow/.local/lib/python3.6/site-packages/airflow/example_dags/example_external_task_marker_dag.py took 0.140 seconds
[2021-09-22 10:32:30,400] {processor.py:162} INFO - Started process (PID=767) to work on /home/airflow/.local/lib/python3.6/site-packages/airflow/example_dags/example_external_task_marker_dag.py
[2021-09-22 10:32:30,402] {processor.py:613} INFO - Processing file /home/airflow/.local/lib/python3.6/site-packages/airflow/example_dags/example_external_task_marker_dag.py for tasks to queue
[2021-09-22 10:32:30,403] {logging_mixin.py:109} INFO - [2021-09-22 10:32:30,403] {dagbag.py:496} INFO - Filling up the DagBag from /home/airflow/.local/lib/python3.6/site-packages/airflow/example_dags/example_external_task_marker_dag.py
[2021-09-22 10:32:30,436] {processor.py:623} INFO - DAG(s) dict_keys(['example_external_task_marker_parent', 'example_external_task_marker_child']) retrieved from /home/airflow/.local/lib/python3.6/site-packages/airflow/example_dags/example_external_task_marker_dag.py
[2021-09-22 10:32:30,478] {logging_mixin.py:109} INFO - [2021-09-22 10:32:30,478] {dag.py:1834} INFO - Sync 2 DAGs
[2021-09-22 10:32:30,497] {logging_mixin.py:109} INFO - [2021-09-22 10:32:30,497] {dag.py:2287} INFO - Setting next_dagrun for example_external_task_marker_child to None
[2021-09-22 10:32:30,499] {logging_mixin.py:109} INFO - [2021-09-22 10:32:30,498] {dag.py:2287} INFO - Setting next_dagrun for example_external_task_marker_parent to None
[2021-09-22 10:32:30,510] {processor.py:170} INFO - Processing /home/airflow/.local/lib/python3.6/site-packages/airflow/example_dags/example_external_task_marker_dag.py took 0.115 seconds
[2021-09-22 10:33:01,269] {processor.py:162} INFO - Started process (PID=827) to work on /home/airflow/.local/lib/python3.6/site-packages/airflow/example_dags/example_external_task_marker_dag.py
[2021-09-22 10:33:01,271] {processor.py:613} INFO - Processing file /home/airflow/.local/lib/python3.6/site-packages/airflow/example_dags/example_external_task_marker_dag.py for tasks to queue
[2021-09-22 10:33:01,272] {logging_mixin.py:109} INFO - [2021-09-22 10:33:01,272] {dagbag.py:496} INFO - Filling up the DagBag from /home/airflow/.local/lib/python3.6/site-packages/airflow/example_dags/example_external_task_marker_dag.py
[2021-09-22 10:33:01,291] {processor.py:623} INFO - DAG(s) dict_keys(['example_external_task_marker_parent', 'example_external_task_marker_child']) retrieved from /home/airflow/.local/lib/python3.6/site-packages/airflow/example_dags/example_external_task_marker_dag.py
[2021-09-22 10:33:01,328] {logging_mixin.py:109} INFO - [2021-09-22 10:33:01,328] {dag.py:1834} INFO - Sync 2 DAGs
[2021-09-22 10:33:01,349] {logging_mixin.py:109} INFO - [2021-09-22 10:33:01,349] {dag.py:2287} INFO - Setting next_dagrun for example_external_task_marker_child to None
[2021-09-22 10:33:01,351] {logging_mixin.py:109} INFO - [2021-09-22 10:33:01,351] {dag.py:2287} INFO - Setting next_dagrun for example_external_task_marker_parent to None
[2021-09-22 10:33:01,368] {processor.py:170} INFO - Processing /home/airflow/.local/lib/python3.6/site-packages/airflow/example_dags/example_external_task_marker_dag.py took 0.104 seconds
[2021-09-22 10:33:31,844] {processor.py:162} INFO - Started process (PID=879) to work on /home/airflow/.local/lib/python3.6/site-packages/airflow/example_dags/example_external_task_marker_dag.py
[2021-09-22 10:33:31,846] {processor.py:613} INFO - Processing file /home/airflow/.local/lib/python3.6/site-packages/airflow/example_dags/example_external_task_marker_dag.py for tasks to queue
[2021-09-22 10:33:31,847] {logging_mixin.py:109} INFO - [2021-09-22 10:33:31,847] {dagbag.py:496} INFO - Filling up the DagBag from /home/airflow/.local/lib/python3.6/site-packages/airflow/example_dags/example_external_task_marker_dag.py
[2021-09-22 10:33:31,895] {processor.py:623} INFO - DAG(s) dict_keys(['example_external_task_marker_parent', 'example_external_task_marker_child']) retrieved from /home/airflow/.local/lib/python3.6/site-packages/airflow/example_dags/example_external_task_marker_dag.py
[2021-09-22 10:33:31,966] {logging_mixin.py:109} INFO - [2021-09-22 10:33:31,966] {dag.py:1834} INFO - Sync 2 DAGs
[2021-09-22 10:33:31,994] {logging_mixin.py:109} INFO - [2021-09-22 10:33:31,994] {dag.py:2287} INFO - Setting next_dagrun for example_external_task_marker_child to None
[2021-09-22 10:33:31,995] {logging_mixin.py:109} INFO - [2021-09-22 10:33:31,995] {dag.py:2287} INFO - Setting next_dagrun for example_external_task_marker_parent to None
[2021-09-22 10:33:32,027] {processor.py:170} INFO - Processing /home/airflow/.local/lib/python3.6/site-packages/airflow/example_dags/example_external_task_marker_dag.py took 0.188 seconds
[2021-09-22 10:34:02,408] {processor.py:162} INFO - Started process (PID=939) to work on /home/airflow/.local/lib/python3.6/site-packages/airflow/example_dags/example_external_task_marker_dag.py
[2021-09-22 10:34:02,410] {processor.py:613} INFO - Processing file /home/airflow/.local/lib/python3.6/site-packages/airflow/example_dags/example_external_task_marker_dag.py for tasks to queue
[2021-09-22 10:34:02,411] {logging_mixin.py:109} INFO - [2021-09-22 10:34:02,410] {dagbag.py:496} INFO - Filling up the DagBag from /home/airflow/.local/lib/python3.6/site-packages/airflow/example_dags/example_external_task_marker_dag.py
[2021-09-22 10:34:02,434] {processor.py:623} INFO - DAG(s) dict_keys(['example_external_task_marker_parent', 'example_external_task_marker_child']) retrieved from /home/airflow/.local/lib/python3.6/site-packages/airflow/example_dags/example_external_task_marker_dag.py
[2021-09-22 10:34:02,536] {logging_mixin.py:109} INFO - [2021-09-22 10:34:02,535] {dag.py:1834} INFO - Sync 2 DAGs
[2021-09-22 10:34:02,560] {logging_mixin.py:109} INFO - [2021-09-22 10:34:02,560] {dag.py:2287} INFO - Setting next_dagrun for example_external_task_marker_child to None
[2021-09-22 10:34:02,561] {logging_mixin.py:109} INFO - [2021-09-22 10:34:02,561] {dag.py:2287} INFO - Setting next_dagrun for example_external_task_marker_parent to None
[2021-09-22 10:34:02,602] {processor.py:170} INFO - Processing /home/airflow/.local/lib/python3.6/site-packages/airflow/example_dags/example_external_task_marker_dag.py took 0.199 seconds
[2021-09-22 10:34:32,850] {processor.py:162} INFO - Started process (PID=990) to work on /home/airflow/.local/lib/python3.6/site-packages/airflow/example_dags/example_external_task_marker_dag.py
[2021-09-22 10:34:32,852] {processor.py:613} INFO - Processing file /home/airflow/.local/lib/python3.6/site-packages/airflow/example_dags/example_external_task_marker_dag.py for tasks to queue
[2021-09-22 10:34:32,853] {logging_mixin.py:109} INFO - [2021-09-22 10:34:32,853] {dagbag.py:496} INFO - Filling up the DagBag from /home/airflow/.local/lib/python3.6/site-packages/airflow/example_dags/example_external_task_marker_dag.py
[2021-09-22 10:34:32,875] {processor.py:623} INFO - DAG(s) dict_keys(['example_external_task_marker_parent', 'example_external_task_marker_child']) retrieved from /home/airflow/.local/lib/python3.6/site-packages/airflow/example_dags/example_external_task_marker_dag.py
[2021-09-22 10:34:32,926] {logging_mixin.py:109} INFO - [2021-09-22 10:34:32,926] {dag.py:1834} INFO - Sync 2 DAGs
[2021-09-22 10:34:32,948] {logging_mixin.py:109} INFO - [2021-09-22 10:34:32,948] {dag.py:2287} INFO - Setting next_dagrun for example_external_task_marker_child to None
[2021-09-22 10:34:32,949] {logging_mixin.py:109} INFO - [2021-09-22 10:34:32,949] {dag.py:2287} INFO - Setting next_dagrun for example_external_task_marker_parent to None
[2021-09-22 10:34:32,968] {processor.py:170} INFO - Processing /home/airflow/.local/lib/python3.6/site-packages/airflow/example_dags/example_external_task_marker_dag.py took 0.123 seconds
[2021-09-22 10:35:03,095] {processor.py:162} INFO - Started process (PID=1047) to work on /home/airflow/.local/lib/python3.6/site-packages/airflow/example_dags/example_external_task_marker_dag.py
[2021-09-22 10:35:03,101] {processor.py:613} INFO - Processing file /home/airflow/.local/lib/python3.6/site-packages/airflow/example_dags/example_external_task_marker_dag.py for tasks to queue
[2021-09-22 10:35:03,103] {logging_mixin.py:109} INFO - [2021-09-22 10:35:03,103] {dagbag.py:496} INFO - Filling up the DagBag from /home/airflow/.local/lib/python3.6/site-packages/airflow/example_dags/example_external_task_marker_dag.py
[2021-09-22 10:35:03,183] {processor.py:623} INFO - DAG(s) dict_keys(['example_external_task_marker_parent', 'example_external_task_marker_child']) retrieved from /home/airflow/.local/lib/python3.6/site-packages/airflow/example_dags/example_external_task_marker_dag.py
[2021-09-22 10:35:03,331] {logging_mixin.py:109} INFO - [2021-09-22 10:35:03,331] {dag.py:1834} INFO - Sync 2 DAGs
[2021-09-22 10:35:03,370] {logging_mixin.py:109} INFO - [2021-09-22 10:35:03,370] {dag.py:2287} INFO - Setting next_dagrun for example_external_task_marker_child to None
[2021-09-22 10:35:03,374] {logging_mixin.py:109} INFO - [2021-09-22 10:35:03,374] {dag.py:2287} INFO - Setting next_dagrun for example_external_task_marker_parent to None
[2021-09-22 10:35:03,404] {processor.py:170} INFO - Processing /home/airflow/.local/lib/python3.6/site-packages/airflow/example_dags/example_external_task_marker_dag.py took 0.324 seconds
[2021-09-22 10:35:34,028] {processor.py:162} INFO - Started process (PID=1102) to work on /home/airflow/.local/lib/python3.6/site-packages/airflow/example_dags/example_external_task_marker_dag.py
[2021-09-22 10:35:34,031] {processor.py:613} INFO - Processing file /home/airflow/.local/lib/python3.6/site-packages/airflow/example_dags/example_external_task_marker_dag.py for tasks to queue
[2021-09-22 10:35:34,032] {logging_mixin.py:109} INFO - [2021-09-22 10:35:34,032] {dagbag.py:496} INFO - Filling up the DagBag from /home/airflow/.local/lib/python3.6/site-packages/airflow/example_dags/example_external_task_marker_dag.py
[2021-09-22 10:35:34,073] {processor.py:623} INFO - DAG(s) dict_keys(['example_external_task_marker_parent', 'example_external_task_marker_child']) retrieved from /home/airflow/.local/lib/python3.6/site-packages/airflow/example_dags/example_external_task_marker_dag.py
[2021-09-22 10:35:34,129] {logging_mixin.py:109} INFO - [2021-09-22 10:35:34,129] {dag.py:1834} INFO - Sync 2 DAGs
[2021-09-22 10:35:34,149] {logging_mixin.py:109} INFO - [2021-09-22 10:35:34,148] {dag.py:2287} INFO - Setting next_dagrun for example_external_task_marker_child to None
[2021-09-22 10:35:34,150] {logging_mixin.py:109} INFO - [2021-09-22 10:35:34,150] {dag.py:2287} INFO - Setting next_dagrun for example_external_task_marker_parent to None
[2021-09-22 10:35:34,175] {processor.py:170} INFO - Processing /home/airflow/.local/lib/python3.6/site-packages/airflow/example_dags/example_external_task_marker_dag.py took 0.156 seconds
[2021-09-22 10:36:04,257] {processor.py:162} INFO - Started process (PID=1153) to work on /home/airflow/.local/lib/python3.6/site-packages/airflow/example_dags/example_external_task_marker_dag.py
[2021-09-22 10:36:04,258] {processor.py:613} INFO - Processing file /home/airflow/.local/lib/python3.6/site-packages/airflow/example_dags/example_external_task_marker_dag.py for tasks to queue
[2021-09-22 10:36:04,259] {logging_mixin.py:109} INFO - [2021-09-22 10:36:04,259] {dagbag.py:496} INFO - Filling up the DagBag from /home/airflow/.local/lib/python3.6/site-packages/airflow/example_dags/example_external_task_marker_dag.py
[2021-09-22 10:36:04,272] {processor.py:623} INFO - DAG(s) dict_keys(['example_external_task_marker_parent', 'example_external_task_marker_child']) retrieved from /home/airflow/.local/lib/python3.6/site-packages/airflow/example_dags/example_external_task_marker_dag.py
[2021-09-22 10:36:04,309] {logging_mixin.py:109} INFO - [2021-09-22 10:36:04,309] {dag.py:1834} INFO - Sync 2 DAGs
[2021-09-22 10:36:04,343] {logging_mixin.py:109} INFO - [2021-09-22 10:36:04,342] {dag.py:2287} INFO - Setting next_dagrun for example_external_task_marker_child to None
[2021-09-22 10:36:04,346] {logging_mixin.py:109} INFO - [2021-09-22 10:36:04,346] {dag.py:2287} INFO - Setting next_dagrun for example_external_task_marker_parent to None
[2021-09-22 10:36:04,376] {processor.py:170} INFO - Processing /home/airflow/.local/lib/python3.6/site-packages/airflow/example_dags/example_external_task_marker_dag.py took 0.122 seconds
[2021-09-22 10:36:35,082] {processor.py:162} INFO - Started process (PID=1214) to work on /home/airflow/.local/lib/python3.6/site-packages/airflow/example_dags/example_external_task_marker_dag.py
[2021-09-22 10:36:35,084] {processor.py:613} INFO - Processing file /home/airflow/.local/lib/python3.6/site-packages/airflow/example_dags/example_external_task_marker_dag.py for tasks to queue
[2021-09-22 10:36:35,085] {logging_mixin.py:109} INFO - [2021-09-22 10:36:35,084] {dagbag.py:496} INFO - Filling up the DagBag from /home/airflow/.local/lib/python3.6/site-packages/airflow/example_dags/example_external_task_marker_dag.py
[2021-09-22 10:36:35,107] {processor.py:623} INFO - DAG(s) dict_keys(['example_external_task_marker_parent', 'example_external_task_marker_child']) retrieved from /home/airflow/.local/lib/python3.6/site-packages/airflow/example_dags/example_external_task_marker_dag.py
[2021-09-22 10:36:35,145] {logging_mixin.py:109} INFO - [2021-09-22 10:36:35,145] {dag.py:1834} INFO - Sync 2 DAGs
[2021-09-22 10:36:35,166] {logging_mixin.py:109} INFO - [2021-09-22 10:36:35,166] {dag.py:2287} INFO - Setting next_dagrun for example_external_task_marker_child to None
[2021-09-22 10:36:35,171] {logging_mixin.py:109} INFO - [2021-09-22 10:36:35,167] {dag.py:2287} INFO - Setting next_dagrun for example_external_task_marker_parent to None
[2021-09-22 10:36:35,205] {processor.py:170} INFO - Processing /home/airflow/.local/lib/python3.6/site-packages/airflow/example_dags/example_external_task_marker_dag.py took 0.127 seconds
[2021-09-22 10:38:12,891] {processor.py:162} INFO - Started process (PID=62) to work on /home/airflow/.local/lib/python3.6/site-packages/airflow/example_dags/example_external_task_marker_dag.py
[2021-09-22 10:38:12,897] {processor.py:613} INFO - Processing file /home/airflow/.local/lib/python3.6/site-packages/airflow/example_dags/example_external_task_marker_dag.py for tasks to queue
[2021-09-22 10:38:12,898] {logging_mixin.py:109} INFO - [2021-09-22 10:38:12,898] {dagbag.py:496} INFO - Filling up the DagBag from /home/airflow/.local/lib/python3.6/site-packages/airflow/example_dags/example_external_task_marker_dag.py
[2021-09-22 10:38:12,952] {processor.py:623} INFO - DAG(s) dict_keys(['example_external_task_marker_parent', 'example_external_task_marker_child']) retrieved from /home/airflow/.local/lib/python3.6/site-packages/airflow/example_dags/example_external_task_marker_dag.py
[2021-09-22 10:38:13,140] {logging_mixin.py:109} INFO - [2021-09-22 10:38:13,140] {dag.py:1834} INFO - Sync 2 DAGs
[2021-09-22 10:38:13,247] {logging_mixin.py:109} INFO - [2021-09-22 10:38:13,247] {dag.py:2287} INFO - Setting next_dagrun for example_external_task_marker_child to None
[2021-09-22 10:38:13,251] {logging_mixin.py:109} INFO - [2021-09-22 10:38:13,248] {dag.py:2287} INFO - Setting next_dagrun for example_external_task_marker_parent to None
[2021-09-22 10:38:13,331] {processor.py:170} INFO - Processing /home/airflow/.local/lib/python3.6/site-packages/airflow/example_dags/example_external_task_marker_dag.py took 0.447 seconds
[2021-09-22 10:38:43,510] {processor.py:162} INFO - Started process (PID=103) to work on /home/airflow/.local/lib/python3.6/site-packages/airflow/example_dags/example_external_task_marker_dag.py
[2021-09-22 10:38:43,511] {processor.py:613} INFO - Processing file /home/airflow/.local/lib/python3.6/site-packages/airflow/example_dags/example_external_task_marker_dag.py for tasks to queue
[2021-09-22 10:38:43,512] {logging_mixin.py:109} INFO - [2021-09-22 10:38:43,511] {dagbag.py:496} INFO - Filling up the DagBag from /home/airflow/.local/lib/python3.6/site-packages/airflow/example_dags/example_external_task_marker_dag.py
[2021-09-22 10:38:43,554] {processor.py:623} INFO - DAG(s) dict_keys(['example_external_task_marker_parent', 'example_external_task_marker_child']) retrieved from /home/airflow/.local/lib/python3.6/site-packages/airflow/example_dags/example_external_task_marker_dag.py
[2021-09-22 10:38:43,640] {logging_mixin.py:109} INFO - [2021-09-22 10:38:43,640] {dag.py:1834} INFO - Sync 2 DAGs
[2021-09-22 10:38:43,680] {logging_mixin.py:109} INFO - [2021-09-22 10:38:43,680] {dag.py:2287} INFO - Setting next_dagrun for example_external_task_marker_child to None
[2021-09-22 10:38:43,681] {logging_mixin.py:109} INFO - [2021-09-22 10:38:43,681] {dag.py:2287} INFO - Setting next_dagrun for example_external_task_marker_parent to None
[2021-09-22 10:38:43,720] {processor.py:170} INFO - Processing /home/airflow/.local/lib/python3.6/site-packages/airflow/example_dags/example_external_task_marker_dag.py took 0.213 seconds
[2021-09-22 10:41:36,846] {processor.py:162} INFO - Started process (PID=51) to work on /home/airflow/.local/lib/python3.6/site-packages/airflow/example_dags/example_external_task_marker_dag.py
[2021-09-22 10:41:36,869] {processor.py:613} INFO - Processing file /home/airflow/.local/lib/python3.6/site-packages/airflow/example_dags/example_external_task_marker_dag.py for tasks to queue
[2021-09-22 10:41:36,870] {logging_mixin.py:109} INFO - [2021-09-22 10:41:36,870] {dagbag.py:496} INFO - Filling up the DagBag from /home/airflow/.local/lib/python3.6/site-packages/airflow/example_dags/example_external_task_marker_dag.py
[2021-09-22 10:41:36,929] {processor.py:623} INFO - DAG(s) dict_keys(['example_external_task_marker_parent', 'example_external_task_marker_child']) retrieved from /home/airflow/.local/lib/python3.6/site-packages/airflow/example_dags/example_external_task_marker_dag.py
[2021-09-22 10:41:37,035] {logging_mixin.py:109} INFO - [2021-09-22 10:41:37,035] {dag.py:1834} INFO - Sync 2 DAGs
[2021-09-22 10:41:37,115] {logging_mixin.py:109} INFO - [2021-09-22 10:41:37,115] {dag.py:2287} INFO - Setting next_dagrun for example_external_task_marker_child to None
[2021-09-22 10:41:37,122] {logging_mixin.py:109} INFO - [2021-09-22 10:41:37,116] {dag.py:2287} INFO - Setting next_dagrun for example_external_task_marker_parent to None
[2021-09-22 10:41:37,186] {processor.py:170} INFO - Processing /home/airflow/.local/lib/python3.6/site-packages/airflow/example_dags/example_external_task_marker_dag.py took 0.344 seconds
[2021-09-22 10:42:07,393] {processor.py:162} INFO - Started process (PID=102) to work on /home/airflow/.local/lib/python3.6/site-packages/airflow/example_dags/example_external_task_marker_dag.py
[2021-09-22 10:42:07,394] {processor.py:613} INFO - Processing file /home/airflow/.local/lib/python3.6/site-packages/airflow/example_dags/example_external_task_marker_dag.py for tasks to queue
[2021-09-22 10:42:07,395] {logging_mixin.py:109} INFO - [2021-09-22 10:42:07,395] {dagbag.py:496} INFO - Filling up the DagBag from /home/airflow/.local/lib/python3.6/site-packages/airflow/example_dags/example_external_task_marker_dag.py
[2021-09-22 10:42:07,410] {processor.py:623} INFO - DAG(s) dict_keys(['example_external_task_marker_parent', 'example_external_task_marker_child']) retrieved from /home/airflow/.local/lib/python3.6/site-packages/airflow/example_dags/example_external_task_marker_dag.py
[2021-09-22 10:42:07,443] {logging_mixin.py:109} INFO - [2021-09-22 10:42:07,443] {dag.py:1834} INFO - Sync 2 DAGs
[2021-09-22 10:42:07,456] {logging_mixin.py:109} INFO - [2021-09-22 10:42:07,456] {dag.py:2287} INFO - Setting next_dagrun for example_external_task_marker_child to None
[2021-09-22 10:42:07,457] {logging_mixin.py:109} INFO - [2021-09-22 10:42:07,457] {dag.py:2287} INFO - Setting next_dagrun for example_external_task_marker_parent to None
[2021-09-22 10:42:07,467] {processor.py:170} INFO - Processing /home/airflow/.local/lib/python3.6/site-packages/airflow/example_dags/example_external_task_marker_dag.py took 0.078 seconds
[2021-09-22 10:42:38,416] {processor.py:162} INFO - Started process (PID=165) to work on /home/airflow/.local/lib/python3.6/site-packages/airflow/example_dags/example_external_task_marker_dag.py
[2021-09-22 10:42:38,422] {processor.py:613} INFO - Processing file /home/airflow/.local/lib/python3.6/site-packages/airflow/example_dags/example_external_task_marker_dag.py for tasks to queue
[2021-09-22 10:42:38,423] {logging_mixin.py:109} INFO - [2021-09-22 10:42:38,423] {dagbag.py:496} INFO - Filling up the DagBag from /home/airflow/.local/lib/python3.6/site-packages/airflow/example_dags/example_external_task_marker_dag.py
[2021-09-22 10:42:38,456] {processor.py:623} INFO - DAG(s) dict_keys(['example_external_task_marker_parent', 'example_external_task_marker_child']) retrieved from /home/airflow/.local/lib/python3.6/site-packages/airflow/example_dags/example_external_task_marker_dag.py
[2021-09-22 10:42:38,520] {logging_mixin.py:109} INFO - [2021-09-22 10:42:38,520] {dag.py:1834} INFO - Sync 2 DAGs
[2021-09-22 10:42:38,561] {logging_mixin.py:109} INFO - [2021-09-22 10:42:38,561] {dag.py:2287} INFO - Setting next_dagrun for example_external_task_marker_child to None
[2021-09-22 10:42:38,563] {logging_mixin.py:109} INFO - [2021-09-22 10:42:38,563] {dag.py:2287} INFO - Setting next_dagrun for example_external_task_marker_parent to None
[2021-09-22 10:42:38,592] {processor.py:170} INFO - Processing /home/airflow/.local/lib/python3.6/site-packages/airflow/example_dags/example_external_task_marker_dag.py took 0.191 seconds
[2021-09-22 10:43:09,032] {processor.py:162} INFO - Started process (PID=217) to work on /home/airflow/.local/lib/python3.6/site-packages/airflow/example_dags/example_external_task_marker_dag.py
[2021-09-22 10:43:09,039] {processor.py:613} INFO - Processing file /home/airflow/.local/lib/python3.6/site-packages/airflow/example_dags/example_external_task_marker_dag.py for tasks to queue
[2021-09-22 10:43:09,040] {logging_mixin.py:109} INFO - [2021-09-22 10:43:09,040] {dagbag.py:496} INFO - Filling up the DagBag from /home/airflow/.local/lib/python3.6/site-packages/airflow/example_dags/example_external_task_marker_dag.py
[2021-09-22 10:43:09,070] {processor.py:623} INFO - DAG(s) dict_keys(['example_external_task_marker_parent', 'example_external_task_marker_child']) retrieved from /home/airflow/.local/lib/python3.6/site-packages/airflow/example_dags/example_external_task_marker_dag.py
[2021-09-22 10:43:09,140] {logging_mixin.py:109} INFO - [2021-09-22 10:43:09,140] {dag.py:1834} INFO - Sync 2 DAGs
[2021-09-22 10:43:09,191] {logging_mixin.py:109} INFO - [2021-09-22 10:43:09,191] {dag.py:2287} INFO - Setting next_dagrun for example_external_task_marker_child to None
[2021-09-22 10:43:09,192] {logging_mixin.py:109} INFO - [2021-09-22 10:43:09,192] {dag.py:2287} INFO - Setting next_dagrun for example_external_task_marker_parent to None
[2021-09-22 10:43:09,225] {processor.py:170} INFO - Processing /home/airflow/.local/lib/python3.6/site-packages/airflow/example_dags/example_external_task_marker_dag.py took 0.197 seconds
[2021-09-22 10:43:40,063] {processor.py:162} INFO - Started process (PID=278) to work on /home/airflow/.local/lib/python3.6/site-packages/airflow/example_dags/example_external_task_marker_dag.py
[2021-09-22 10:43:40,065] {processor.py:613} INFO - Processing file /home/airflow/.local/lib/python3.6/site-packages/airflow/example_dags/example_external_task_marker_dag.py for tasks to queue
[2021-09-22 10:43:40,066] {logging_mixin.py:109} INFO - [2021-09-22 10:43:40,066] {dagbag.py:496} INFO - Filling up the DagBag from /home/airflow/.local/lib/python3.6/site-packages/airflow/example_dags/example_external_task_marker_dag.py
[2021-09-22 10:43:40,082] {processor.py:623} INFO - DAG(s) dict_keys(['example_external_task_marker_parent', 'example_external_task_marker_child']) retrieved from /home/airflow/.local/lib/python3.6/site-packages/airflow/example_dags/example_external_task_marker_dag.py
[2021-09-22 10:43:40,113] {logging_mixin.py:109} INFO - [2021-09-22 10:43:40,113] {dag.py:1834} INFO - Sync 2 DAGs
[2021-09-22 10:43:40,132] {logging_mixin.py:109} INFO - [2021-09-22 10:43:40,132] {dag.py:2287} INFO - Setting next_dagrun for example_external_task_marker_child to None
[2021-09-22 10:43:40,133] {logging_mixin.py:109} INFO - [2021-09-22 10:43:40,133] {dag.py:2287} INFO - Setting next_dagrun for example_external_task_marker_parent to None
[2021-09-22 10:43:40,145] {processor.py:170} INFO - Processing /home/airflow/.local/lib/python3.6/site-packages/airflow/example_dags/example_external_task_marker_dag.py took 0.086 seconds
[2021-09-22 10:44:10,848] {processor.py:162} INFO - Started process (PID=329) to work on /home/airflow/.local/lib/python3.6/site-packages/airflow/example_dags/example_external_task_marker_dag.py
[2021-09-22 10:44:10,850] {processor.py:613} INFO - Processing file /home/airflow/.local/lib/python3.6/site-packages/airflow/example_dags/example_external_task_marker_dag.py for tasks to queue
[2021-09-22 10:44:10,850] {logging_mixin.py:109} INFO - [2021-09-22 10:44:10,850] {dagbag.py:496} INFO - Filling up the DagBag from /home/airflow/.local/lib/python3.6/site-packages/airflow/example_dags/example_external_task_marker_dag.py
[2021-09-22 10:44:10,872] {processor.py:623} INFO - DAG(s) dict_keys(['example_external_task_marker_parent', 'example_external_task_marker_child']) retrieved from /home/airflow/.local/lib/python3.6/site-packages/airflow/example_dags/example_external_task_marker_dag.py
[2021-09-22 10:44:10,921] {logging_mixin.py:109} INFO - [2021-09-22 10:44:10,921] {dag.py:1834} INFO - Sync 2 DAGs
[2021-09-22 10:44:10,956] {logging_mixin.py:109} INFO - [2021-09-22 10:44:10,955] {dag.py:2287} INFO - Setting next_dagrun for example_external_task_marker_child to None
[2021-09-22 10:44:10,957] {logging_mixin.py:109} INFO - [2021-09-22 10:44:10,957] {dag.py:2287} INFO - Setting next_dagrun for example_external_task_marker_parent to None
[2021-09-22 10:44:10,970] {processor.py:170} INFO - Processing /home/airflow/.local/lib/python3.6/site-packages/airflow/example_dags/example_external_task_marker_dag.py took 0.127 seconds
