[2021-09-22 10:27:08,511] {processor.py:162} INFO - Started process (PID=198) to work on /home/airflow/.local/lib/python3.6/site-packages/airflow/example_dags/tutorial_taskflow_api_etl.py
[2021-09-22 10:27:08,516] {processor.py:613} INFO - Processing file /home/airflow/.local/lib/python3.6/site-packages/airflow/example_dags/tutorial_taskflow_api_etl.py for tasks to queue
[2021-09-22 10:27:08,516] {logging_mixin.py:109} INFO - [2021-09-22 10:27:08,516] {dagbag.py:496} INFO - Filling up the DagBag from /home/airflow/.local/lib/python3.6/site-packages/airflow/example_dags/tutorial_taskflow_api_etl.py
[2021-09-22 10:27:08,563] {processor.py:623} INFO - DAG(s) dict_keys(['tutorial_taskflow_api_etl']) retrieved from /home/airflow/.local/lib/python3.6/site-packages/airflow/example_dags/tutorial_taskflow_api_etl.py
[2021-09-22 10:27:19,131] {logging_mixin.py:109} INFO - [2021-09-22 10:27:19,129] {dag.py:1834} INFO - Sync 1 DAGs
[2021-09-22 10:27:19,227] {logging_mixin.py:109} INFO - [2021-09-22 10:27:19,215] {dag.py:1853} INFO - Creating ORM DAG for tutorial_taskflow_api_etl
[2021-09-22 10:27:19,235] {logging_mixin.py:109} INFO - [2021-09-22 10:27:19,235] {dag.py:2287} INFO - Setting next_dagrun for tutorial_taskflow_api_etl to None
[2021-09-22 10:27:19,402] {processor.py:170} INFO - Processing /home/airflow/.local/lib/python3.6/site-packages/airflow/example_dags/tutorial_taskflow_api_etl.py took 10.899 seconds
[2021-09-22 10:27:49,744] {processor.py:162} INFO - Started process (PID=252) to work on /home/airflow/.local/lib/python3.6/site-packages/airflow/example_dags/tutorial_taskflow_api_etl.py
[2021-09-22 10:27:49,748] {processor.py:613} INFO - Processing file /home/airflow/.local/lib/python3.6/site-packages/airflow/example_dags/tutorial_taskflow_api_etl.py for tasks to queue
[2021-09-22 10:27:49,749] {logging_mixin.py:109} INFO - [2021-09-22 10:27:49,749] {dagbag.py:496} INFO - Filling up the DagBag from /home/airflow/.local/lib/python3.6/site-packages/airflow/example_dags/tutorial_taskflow_api_etl.py
[2021-09-22 10:27:49,796] {processor.py:623} INFO - DAG(s) dict_keys(['tutorial_taskflow_api_etl']) retrieved from /home/airflow/.local/lib/python3.6/site-packages/airflow/example_dags/tutorial_taskflow_api_etl.py
[2021-09-22 10:27:50,674] {logging_mixin.py:109} INFO - [2021-09-22 10:27:50,674] {dag.py:1834} INFO - Sync 1 DAGs
[2021-09-22 10:27:50,767] {logging_mixin.py:109} INFO - [2021-09-22 10:27:50,767] {dag.py:2287} INFO - Setting next_dagrun for tutorial_taskflow_api_etl to None
[2021-09-22 10:27:50,825] {processor.py:170} INFO - Processing /home/airflow/.local/lib/python3.6/site-packages/airflow/example_dags/tutorial_taskflow_api_etl.py took 1.084 seconds
[2021-09-22 10:28:21,726] {processor.py:162} INFO - Started process (PID=316) to work on /home/airflow/.local/lib/python3.6/site-packages/airflow/example_dags/tutorial_taskflow_api_etl.py
[2021-09-22 10:28:21,730] {processor.py:613} INFO - Processing file /home/airflow/.local/lib/python3.6/site-packages/airflow/example_dags/tutorial_taskflow_api_etl.py for tasks to queue
[2021-09-22 10:28:21,732] {logging_mixin.py:109} INFO - [2021-09-22 10:28:21,732] {dagbag.py:496} INFO - Filling up the DagBag from /home/airflow/.local/lib/python3.6/site-packages/airflow/example_dags/tutorial_taskflow_api_etl.py
[2021-09-22 10:28:21,775] {processor.py:623} INFO - DAG(s) dict_keys(['tutorial_taskflow_api_etl']) retrieved from /home/airflow/.local/lib/python3.6/site-packages/airflow/example_dags/tutorial_taskflow_api_etl.py
[2021-09-22 10:28:22,115] {logging_mixin.py:109} INFO - [2021-09-22 10:28:22,115] {dag.py:1834} INFO - Sync 1 DAGs
[2021-09-22 10:28:22,144] {logging_mixin.py:109} INFO - [2021-09-22 10:28:22,144] {dag.py:2287} INFO - Setting next_dagrun for tutorial_taskflow_api_etl to None
[2021-09-22 10:28:22,166] {processor.py:170} INFO - Processing /home/airflow/.local/lib/python3.6/site-packages/airflow/example_dags/tutorial_taskflow_api_etl.py took 0.447 seconds
[2021-09-22 10:28:52,290] {processor.py:162} INFO - Started process (PID=367) to work on /home/airflow/.local/lib/python3.6/site-packages/airflow/example_dags/tutorial_taskflow_api_etl.py
[2021-09-22 10:28:52,292] {processor.py:613} INFO - Processing file /home/airflow/.local/lib/python3.6/site-packages/airflow/example_dags/tutorial_taskflow_api_etl.py for tasks to queue
[2021-09-22 10:28:52,293] {logging_mixin.py:109} INFO - [2021-09-22 10:28:52,293] {dagbag.py:496} INFO - Filling up the DagBag from /home/airflow/.local/lib/python3.6/site-packages/airflow/example_dags/tutorial_taskflow_api_etl.py
[2021-09-22 10:28:52,316] {processor.py:623} INFO - DAG(s) dict_keys(['tutorial_taskflow_api_etl']) retrieved from /home/airflow/.local/lib/python3.6/site-packages/airflow/example_dags/tutorial_taskflow_api_etl.py
[2021-09-22 10:28:52,558] {logging_mixin.py:109} INFO - [2021-09-22 10:28:52,558] {dag.py:1834} INFO - Sync 1 DAGs
[2021-09-22 10:28:52,572] {logging_mixin.py:109} INFO - [2021-09-22 10:28:52,572] {dag.py:2287} INFO - Setting next_dagrun for tutorial_taskflow_api_etl to None
[2021-09-22 10:28:52,583] {processor.py:170} INFO - Processing /home/airflow/.local/lib/python3.6/site-packages/airflow/example_dags/tutorial_taskflow_api_etl.py took 0.298 seconds
[2021-09-22 10:29:23,791] {processor.py:162} INFO - Started process (PID=423) to work on /home/airflow/.local/lib/python3.6/site-packages/airflow/example_dags/tutorial_taskflow_api_etl.py
[2021-09-22 10:29:23,792] {processor.py:613} INFO - Processing file /home/airflow/.local/lib/python3.6/site-packages/airflow/example_dags/tutorial_taskflow_api_etl.py for tasks to queue
[2021-09-22 10:29:23,798] {logging_mixin.py:109} INFO - [2021-09-22 10:29:23,798] {dagbag.py:496} INFO - Filling up the DagBag from /home/airflow/.local/lib/python3.6/site-packages/airflow/example_dags/tutorial_taskflow_api_etl.py
[2021-09-22 10:29:23,834] {processor.py:623} INFO - DAG(s) dict_keys(['tutorial_taskflow_api_etl']) retrieved from /home/airflow/.local/lib/python3.6/site-packages/airflow/example_dags/tutorial_taskflow_api_etl.py
[2021-09-22 10:29:24,265] {logging_mixin.py:109} INFO - [2021-09-22 10:29:24,265] {dag.py:1834} INFO - Sync 1 DAGs
[2021-09-22 10:29:24,289] {logging_mixin.py:109} INFO - [2021-09-22 10:29:24,289] {dag.py:2287} INFO - Setting next_dagrun for tutorial_taskflow_api_etl to None
[2021-09-22 10:29:24,327] {processor.py:170} INFO - Processing /home/airflow/.local/lib/python3.6/site-packages/airflow/example_dags/tutorial_taskflow_api_etl.py took 0.541 seconds
[2021-09-22 10:29:54,512] {processor.py:162} INFO - Started process (PID=483) to work on /home/airflow/.local/lib/python3.6/site-packages/airflow/example_dags/tutorial_taskflow_api_etl.py
[2021-09-22 10:29:54,517] {processor.py:613} INFO - Processing file /home/airflow/.local/lib/python3.6/site-packages/airflow/example_dags/tutorial_taskflow_api_etl.py for tasks to queue
[2021-09-22 10:29:54,520] {logging_mixin.py:109} INFO - [2021-09-22 10:29:54,517] {dagbag.py:496} INFO - Filling up the DagBag from /home/airflow/.local/lib/python3.6/site-packages/airflow/example_dags/tutorial_taskflow_api_etl.py
[2021-09-22 10:29:54,563] {processor.py:623} INFO - DAG(s) dict_keys(['tutorial_taskflow_api_etl']) retrieved from /home/airflow/.local/lib/python3.6/site-packages/airflow/example_dags/tutorial_taskflow_api_etl.py
[2021-09-22 10:29:55,129] {logging_mixin.py:109} INFO - [2021-09-22 10:29:55,129] {dag.py:1834} INFO - Sync 1 DAGs
[2021-09-22 10:29:55,159] {logging_mixin.py:109} INFO - [2021-09-22 10:29:55,159] {dag.py:2287} INFO - Setting next_dagrun for tutorial_taskflow_api_etl to None
[2021-09-22 10:29:55,199] {processor.py:170} INFO - Processing /home/airflow/.local/lib/python3.6/site-packages/airflow/example_dags/tutorial_taskflow_api_etl.py took 0.691 seconds
[2021-09-22 10:30:25,679] {processor.py:162} INFO - Started process (PID=534) to work on /home/airflow/.local/lib/python3.6/site-packages/airflow/example_dags/tutorial_taskflow_api_etl.py
[2021-09-22 10:30:25,681] {processor.py:613} INFO - Processing file /home/airflow/.local/lib/python3.6/site-packages/airflow/example_dags/tutorial_taskflow_api_etl.py for tasks to queue
[2021-09-22 10:30:25,682] {logging_mixin.py:109} INFO - [2021-09-22 10:30:25,681] {dagbag.py:496} INFO - Filling up the DagBag from /home/airflow/.local/lib/python3.6/site-packages/airflow/example_dags/tutorial_taskflow_api_etl.py
[2021-09-22 10:30:25,709] {processor.py:623} INFO - DAG(s) dict_keys(['tutorial_taskflow_api_etl']) retrieved from /home/airflow/.local/lib/python3.6/site-packages/airflow/example_dags/tutorial_taskflow_api_etl.py
[2021-09-22 10:30:26,115] {logging_mixin.py:109} INFO - [2021-09-22 10:30:26,115] {dag.py:1834} INFO - Sync 1 DAGs
[2021-09-22 10:30:26,139] {logging_mixin.py:109} INFO - [2021-09-22 10:30:26,139] {dag.py:2287} INFO - Setting next_dagrun for tutorial_taskflow_api_etl to None
[2021-09-22 10:30:26,161] {processor.py:170} INFO - Processing /home/airflow/.local/lib/python3.6/site-packages/airflow/example_dags/tutorial_taskflow_api_etl.py took 0.487 seconds
[2021-09-22 10:30:56,670] {processor.py:162} INFO - Started process (PID=599) to work on /home/airflow/.local/lib/python3.6/site-packages/airflow/example_dags/tutorial_taskflow_api_etl.py
[2021-09-22 10:30:56,671] {processor.py:613} INFO - Processing file /home/airflow/.local/lib/python3.6/site-packages/airflow/example_dags/tutorial_taskflow_api_etl.py for tasks to queue
[2021-09-22 10:30:56,680] {logging_mixin.py:109} INFO - [2021-09-22 10:30:56,680] {dagbag.py:496} INFO - Filling up the DagBag from /home/airflow/.local/lib/python3.6/site-packages/airflow/example_dags/tutorial_taskflow_api_etl.py
[2021-09-22 10:30:56,767] {processor.py:623} INFO - DAG(s) dict_keys(['tutorial_taskflow_api_etl']) retrieved from /home/airflow/.local/lib/python3.6/site-packages/airflow/example_dags/tutorial_taskflow_api_etl.py
[2021-09-22 10:30:57,426] {logging_mixin.py:109} INFO - [2021-09-22 10:30:57,425] {dag.py:1834} INFO - Sync 1 DAGs
[2021-09-22 10:30:57,465] {logging_mixin.py:109} INFO - [2021-09-22 10:30:57,464] {dag.py:2287} INFO - Setting next_dagrun for tutorial_taskflow_api_etl to None
[2021-09-22 10:30:57,503] {processor.py:170} INFO - Processing /home/airflow/.local/lib/python3.6/site-packages/airflow/example_dags/tutorial_taskflow_api_etl.py took 0.854 seconds
[2021-09-22 10:31:28,091] {processor.py:162} INFO - Started process (PID=651) to work on /home/airflow/.local/lib/python3.6/site-packages/airflow/example_dags/tutorial_taskflow_api_etl.py
[2021-09-22 10:31:28,096] {processor.py:613} INFO - Processing file /home/airflow/.local/lib/python3.6/site-packages/airflow/example_dags/tutorial_taskflow_api_etl.py for tasks to queue
[2021-09-22 10:31:28,098] {logging_mixin.py:109} INFO - [2021-09-22 10:31:28,098] {dagbag.py:496} INFO - Filling up the DagBag from /home/airflow/.local/lib/python3.6/site-packages/airflow/example_dags/tutorial_taskflow_api_etl.py
[2021-09-22 10:31:28,159] {processor.py:623} INFO - DAG(s) dict_keys(['tutorial_taskflow_api_etl']) retrieved from /home/airflow/.local/lib/python3.6/site-packages/airflow/example_dags/tutorial_taskflow_api_etl.py
[2021-09-22 10:31:28,731] {logging_mixin.py:109} INFO - [2021-09-22 10:31:28,731] {dag.py:1834} INFO - Sync 1 DAGs
[2021-09-22 10:31:28,750] {logging_mixin.py:109} INFO - [2021-09-22 10:31:28,750] {dag.py:2287} INFO - Setting next_dagrun for tutorial_taskflow_api_etl to None
[2021-09-22 10:31:28,776] {processor.py:170} INFO - Processing /home/airflow/.local/lib/python3.6/site-packages/airflow/example_dags/tutorial_taskflow_api_etl.py took 0.706 seconds
[2021-09-22 10:31:59,103] {processor.py:162} INFO - Started process (PID=714) to work on /home/airflow/.local/lib/python3.6/site-packages/airflow/example_dags/tutorial_taskflow_api_etl.py
[2021-09-22 10:31:59,104] {processor.py:613} INFO - Processing file /home/airflow/.local/lib/python3.6/site-packages/airflow/example_dags/tutorial_taskflow_api_etl.py for tasks to queue
[2021-09-22 10:31:59,105] {logging_mixin.py:109} INFO - [2021-09-22 10:31:59,104] {dagbag.py:496} INFO - Filling up the DagBag from /home/airflow/.local/lib/python3.6/site-packages/airflow/example_dags/tutorial_taskflow_api_etl.py
[2021-09-22 10:31:59,127] {processor.py:623} INFO - DAG(s) dict_keys(['tutorial_taskflow_api_etl']) retrieved from /home/airflow/.local/lib/python3.6/site-packages/airflow/example_dags/tutorial_taskflow_api_etl.py
[2021-09-22 10:31:59,426] {logging_mixin.py:109} INFO - [2021-09-22 10:31:59,425] {dag.py:1834} INFO - Sync 1 DAGs
[2021-09-22 10:31:59,446] {logging_mixin.py:109} INFO - [2021-09-22 10:31:59,446] {dag.py:2287} INFO - Setting next_dagrun for tutorial_taskflow_api_etl to None
[2021-09-22 10:31:59,464] {processor.py:170} INFO - Processing /home/airflow/.local/lib/python3.6/site-packages/airflow/example_dags/tutorial_taskflow_api_etl.py took 0.364 seconds
[2021-09-22 10:32:30,159] {processor.py:162} INFO - Started process (PID=766) to work on /home/airflow/.local/lib/python3.6/site-packages/airflow/example_dags/tutorial_taskflow_api_etl.py
[2021-09-22 10:32:30,162] {processor.py:613} INFO - Processing file /home/airflow/.local/lib/python3.6/site-packages/airflow/example_dags/tutorial_taskflow_api_etl.py for tasks to queue
[2021-09-22 10:32:30,166] {logging_mixin.py:109} INFO - [2021-09-22 10:32:30,166] {dagbag.py:496} INFO - Filling up the DagBag from /home/airflow/.local/lib/python3.6/site-packages/airflow/example_dags/tutorial_taskflow_api_etl.py
[2021-09-22 10:32:30,186] {processor.py:623} INFO - DAG(s) dict_keys(['tutorial_taskflow_api_etl']) retrieved from /home/airflow/.local/lib/python3.6/site-packages/airflow/example_dags/tutorial_taskflow_api_etl.py
[2021-09-22 10:32:30,467] {logging_mixin.py:109} INFO - [2021-09-22 10:32:30,467] {dag.py:1834} INFO - Sync 1 DAGs
[2021-09-22 10:32:30,487] {logging_mixin.py:109} INFO - [2021-09-22 10:32:30,486] {dag.py:2287} INFO - Setting next_dagrun for tutorial_taskflow_api_etl to None
[2021-09-22 10:32:30,509] {processor.py:170} INFO - Processing /home/airflow/.local/lib/python3.6/site-packages/airflow/example_dags/tutorial_taskflow_api_etl.py took 0.355 seconds
[2021-09-22 10:33:01,615] {processor.py:162} INFO - Started process (PID=832) to work on /home/airflow/.local/lib/python3.6/site-packages/airflow/example_dags/tutorial_taskflow_api_etl.py
[2021-09-22 10:33:01,617] {processor.py:613} INFO - Processing file /home/airflow/.local/lib/python3.6/site-packages/airflow/example_dags/tutorial_taskflow_api_etl.py for tasks to queue
[2021-09-22 10:33:01,617] {logging_mixin.py:109} INFO - [2021-09-22 10:33:01,617] {dagbag.py:496} INFO - Filling up the DagBag from /home/airflow/.local/lib/python3.6/site-packages/airflow/example_dags/tutorial_taskflow_api_etl.py
[2021-09-22 10:33:01,633] {processor.py:623} INFO - DAG(s) dict_keys(['tutorial_taskflow_api_etl']) retrieved from /home/airflow/.local/lib/python3.6/site-packages/airflow/example_dags/tutorial_taskflow_api_etl.py
[2021-09-22 10:33:01,810] {logging_mixin.py:109} INFO - [2021-09-22 10:33:01,810] {dag.py:1834} INFO - Sync 1 DAGs
[2021-09-22 10:33:01,822] {logging_mixin.py:109} INFO - [2021-09-22 10:33:01,822] {dag.py:2287} INFO - Setting next_dagrun for tutorial_taskflow_api_etl to None
[2021-09-22 10:33:01,831] {processor.py:170} INFO - Processing /home/airflow/.local/lib/python3.6/site-packages/airflow/example_dags/tutorial_taskflow_api_etl.py took 0.219 seconds
[2021-09-22 10:33:32,289] {processor.py:162} INFO - Started process (PID=884) to work on /home/airflow/.local/lib/python3.6/site-packages/airflow/example_dags/tutorial_taskflow_api_etl.py
[2021-09-22 10:33:32,290] {processor.py:613} INFO - Processing file /home/airflow/.local/lib/python3.6/site-packages/airflow/example_dags/tutorial_taskflow_api_etl.py for tasks to queue
[2021-09-22 10:33:32,290] {logging_mixin.py:109} INFO - [2021-09-22 10:33:32,290] {dagbag.py:496} INFO - Filling up the DagBag from /home/airflow/.local/lib/python3.6/site-packages/airflow/example_dags/tutorial_taskflow_api_etl.py
[2021-09-22 10:33:32,317] {processor.py:623} INFO - DAG(s) dict_keys(['tutorial_taskflow_api_etl']) retrieved from /home/airflow/.local/lib/python3.6/site-packages/airflow/example_dags/tutorial_taskflow_api_etl.py
[2021-09-22 10:33:32,585] {logging_mixin.py:109} INFO - [2021-09-22 10:33:32,584] {dag.py:1834} INFO - Sync 1 DAGs
[2021-09-22 10:33:32,601] {logging_mixin.py:109} INFO - [2021-09-22 10:33:32,601] {dag.py:2287} INFO - Setting next_dagrun for tutorial_taskflow_api_etl to None
[2021-09-22 10:33:32,615] {processor.py:170} INFO - Processing /home/airflow/.local/lib/python3.6/site-packages/airflow/example_dags/tutorial_taskflow_api_etl.py took 0.333 seconds
[2021-09-22 10:34:02,891] {processor.py:162} INFO - Started process (PID=945) to work on /home/airflow/.local/lib/python3.6/site-packages/airflow/example_dags/tutorial_taskflow_api_etl.py
[2021-09-22 10:34:02,893] {processor.py:613} INFO - Processing file /home/airflow/.local/lib/python3.6/site-packages/airflow/example_dags/tutorial_taskflow_api_etl.py for tasks to queue
[2021-09-22 10:34:02,894] {logging_mixin.py:109} INFO - [2021-09-22 10:34:02,893] {dagbag.py:496} INFO - Filling up the DagBag from /home/airflow/.local/lib/python3.6/site-packages/airflow/example_dags/tutorial_taskflow_api_etl.py
[2021-09-22 10:34:02,922] {processor.py:623} INFO - DAG(s) dict_keys(['tutorial_taskflow_api_etl']) retrieved from /home/airflow/.local/lib/python3.6/site-packages/airflow/example_dags/tutorial_taskflow_api_etl.py
[2021-09-22 10:34:03,219] {logging_mixin.py:109} INFO - [2021-09-22 10:34:03,219] {dag.py:1834} INFO - Sync 1 DAGs
[2021-09-22 10:34:03,234] {logging_mixin.py:109} INFO - [2021-09-22 10:34:03,234] {dag.py:2287} INFO - Setting next_dagrun for tutorial_taskflow_api_etl to None
[2021-09-22 10:34:03,246] {processor.py:170} INFO - Processing /home/airflow/.local/lib/python3.6/site-packages/airflow/example_dags/tutorial_taskflow_api_etl.py took 0.359 seconds
[2021-09-22 10:34:33,357] {processor.py:162} INFO - Started process (PID=996) to work on /home/airflow/.local/lib/python3.6/site-packages/airflow/example_dags/tutorial_taskflow_api_etl.py
[2021-09-22 10:34:33,358] {processor.py:613} INFO - Processing file /home/airflow/.local/lib/python3.6/site-packages/airflow/example_dags/tutorial_taskflow_api_etl.py for tasks to queue
[2021-09-22 10:34:33,359] {logging_mixin.py:109} INFO - [2021-09-22 10:34:33,359] {dagbag.py:496} INFO - Filling up the DagBag from /home/airflow/.local/lib/python3.6/site-packages/airflow/example_dags/tutorial_taskflow_api_etl.py
[2021-09-22 10:34:33,385] {processor.py:623} INFO - DAG(s) dict_keys(['tutorial_taskflow_api_etl']) retrieved from /home/airflow/.local/lib/python3.6/site-packages/airflow/example_dags/tutorial_taskflow_api_etl.py
[2021-09-22 10:34:33,638] {logging_mixin.py:109} INFO - [2021-09-22 10:34:33,638] {dag.py:1834} INFO - Sync 1 DAGs
[2021-09-22 10:34:33,650] {logging_mixin.py:109} INFO - [2021-09-22 10:34:33,649] {dag.py:2287} INFO - Setting next_dagrun for tutorial_taskflow_api_etl to None
[2021-09-22 10:34:33,661] {processor.py:170} INFO - Processing /home/airflow/.local/lib/python3.6/site-packages/airflow/example_dags/tutorial_taskflow_api_etl.py took 0.308 seconds
[2021-09-22 10:35:03,879] {processor.py:162} INFO - Started process (PID=1055) to work on /home/airflow/.local/lib/python3.6/site-packages/airflow/example_dags/tutorial_taskflow_api_etl.py
[2021-09-22 10:35:03,882] {processor.py:613} INFO - Processing file /home/airflow/.local/lib/python3.6/site-packages/airflow/example_dags/tutorial_taskflow_api_etl.py for tasks to queue
[2021-09-22 10:35:03,883] {logging_mixin.py:109} INFO - [2021-09-22 10:35:03,883] {dagbag.py:496} INFO - Filling up the DagBag from /home/airflow/.local/lib/python3.6/site-packages/airflow/example_dags/tutorial_taskflow_api_etl.py
[2021-09-22 10:35:03,914] {processor.py:623} INFO - DAG(s) dict_keys(['tutorial_taskflow_api_etl']) retrieved from /home/airflow/.local/lib/python3.6/site-packages/airflow/example_dags/tutorial_taskflow_api_etl.py
[2021-09-22 10:35:04,535] {logging_mixin.py:109} INFO - [2021-09-22 10:35:04,535] {dag.py:1834} INFO - Sync 1 DAGs
[2021-09-22 10:35:04,585] {logging_mixin.py:109} INFO - [2021-09-22 10:35:04,584] {dag.py:2287} INFO - Setting next_dagrun for tutorial_taskflow_api_etl to None
[2021-09-22 10:35:04,628] {processor.py:170} INFO - Processing /home/airflow/.local/lib/python3.6/site-packages/airflow/example_dags/tutorial_taskflow_api_etl.py took 0.759 seconds
[2021-09-22 10:35:35,440] {processor.py:162} INFO - Started process (PID=1107) to work on /home/airflow/.local/lib/python3.6/site-packages/airflow/example_dags/tutorial_taskflow_api_etl.py
[2021-09-22 10:35:35,441] {processor.py:613} INFO - Processing file /home/airflow/.local/lib/python3.6/site-packages/airflow/example_dags/tutorial_taskflow_api_etl.py for tasks to queue
[2021-09-22 10:35:35,442] {logging_mixin.py:109} INFO - [2021-09-22 10:35:35,442] {dagbag.py:496} INFO - Filling up the DagBag from /home/airflow/.local/lib/python3.6/site-packages/airflow/example_dags/tutorial_taskflow_api_etl.py
[2021-09-22 10:35:35,463] {processor.py:623} INFO - DAG(s) dict_keys(['tutorial_taskflow_api_etl']) retrieved from /home/airflow/.local/lib/python3.6/site-packages/airflow/example_dags/tutorial_taskflow_api_etl.py
[2021-09-22 10:35:35,824] {logging_mixin.py:109} INFO - [2021-09-22 10:35:35,824] {dag.py:1834} INFO - Sync 1 DAGs
[2021-09-22 10:35:35,853] {logging_mixin.py:109} INFO - [2021-09-22 10:35:35,853] {dag.py:2287} INFO - Setting next_dagrun for tutorial_taskflow_api_etl to None
[2021-09-22 10:35:35,870] {processor.py:170} INFO - Processing /home/airflow/.local/lib/python3.6/site-packages/airflow/example_dags/tutorial_taskflow_api_etl.py took 0.434 seconds
[2021-09-22 10:36:06,022] {processor.py:162} INFO - Started process (PID=1158) to work on /home/airflow/.local/lib/python3.6/site-packages/airflow/example_dags/tutorial_taskflow_api_etl.py
[2021-09-22 10:36:06,024] {processor.py:613} INFO - Processing file /home/airflow/.local/lib/python3.6/site-packages/airflow/example_dags/tutorial_taskflow_api_etl.py for tasks to queue
[2021-09-22 10:36:06,024] {logging_mixin.py:109} INFO - [2021-09-22 10:36:06,024] {dagbag.py:496} INFO - Filling up the DagBag from /home/airflow/.local/lib/python3.6/site-packages/airflow/example_dags/tutorial_taskflow_api_etl.py
[2021-09-22 10:36:06,052] {processor.py:623} INFO - DAG(s) dict_keys(['tutorial_taskflow_api_etl']) retrieved from /home/airflow/.local/lib/python3.6/site-packages/airflow/example_dags/tutorial_taskflow_api_etl.py
[2021-09-22 10:36:06,317] {logging_mixin.py:109} INFO - [2021-09-22 10:36:06,316] {dag.py:1834} INFO - Sync 1 DAGs
[2021-09-22 10:36:06,339] {logging_mixin.py:109} INFO - [2021-09-22 10:36:06,339] {dag.py:2287} INFO - Setting next_dagrun for tutorial_taskflow_api_etl to None
[2021-09-22 10:36:06,352] {processor.py:170} INFO - Processing /home/airflow/.local/lib/python3.6/site-packages/airflow/example_dags/tutorial_taskflow_api_etl.py took 0.333 seconds
[2021-09-22 10:36:36,485] {processor.py:162} INFO - Started process (PID=1219) to work on /home/airflow/.local/lib/python3.6/site-packages/airflow/example_dags/tutorial_taskflow_api_etl.py
[2021-09-22 10:36:36,488] {processor.py:613} INFO - Processing file /home/airflow/.local/lib/python3.6/site-packages/airflow/example_dags/tutorial_taskflow_api_etl.py for tasks to queue
[2021-09-22 10:36:36,489] {logging_mixin.py:109} INFO - [2021-09-22 10:36:36,489] {dagbag.py:496} INFO - Filling up the DagBag from /home/airflow/.local/lib/python3.6/site-packages/airflow/example_dags/tutorial_taskflow_api_etl.py
[2021-09-22 10:36:36,539] {processor.py:623} INFO - DAG(s) dict_keys(['tutorial_taskflow_api_etl']) retrieved from /home/airflow/.local/lib/python3.6/site-packages/airflow/example_dags/tutorial_taskflow_api_etl.py
[2021-09-22 10:36:37,087] {logging_mixin.py:109} INFO - [2021-09-22 10:36:37,086] {dag.py:1834} INFO - Sync 1 DAGs
[2021-09-22 10:36:37,106] {logging_mixin.py:109} INFO - [2021-09-22 10:36:37,106] {dag.py:2287} INFO - Setting next_dagrun for tutorial_taskflow_api_etl to None
[2021-09-22 10:36:37,154] {processor.py:170} INFO - Processing /home/airflow/.local/lib/python3.6/site-packages/airflow/example_dags/tutorial_taskflow_api_etl.py took 0.674 seconds
[2021-09-22 10:38:21,339] {processor.py:162} INFO - Started process (PID=83) to work on /home/airflow/.local/lib/python3.6/site-packages/airflow/example_dags/tutorial_taskflow_api_etl.py
[2021-09-22 10:38:21,342] {processor.py:613} INFO - Processing file /home/airflow/.local/lib/python3.6/site-packages/airflow/example_dags/tutorial_taskflow_api_etl.py for tasks to queue
[2021-09-22 10:38:21,347] {logging_mixin.py:109} INFO - [2021-09-22 10:38:21,345] {dagbag.py:496} INFO - Filling up the DagBag from /home/airflow/.local/lib/python3.6/site-packages/airflow/example_dags/tutorial_taskflow_api_etl.py
[2021-09-22 10:38:21,391] {processor.py:623} INFO - DAG(s) dict_keys(['tutorial_taskflow_api_etl']) retrieved from /home/airflow/.local/lib/python3.6/site-packages/airflow/example_dags/tutorial_taskflow_api_etl.py
[2021-09-22 10:38:22,206] {logging_mixin.py:109} INFO - [2021-09-22 10:38:22,206] {dag.py:1834} INFO - Sync 1 DAGs
[2021-09-22 10:38:22,272] {logging_mixin.py:109} INFO - [2021-09-22 10:38:22,272] {dag.py:2287} INFO - Setting next_dagrun for tutorial_taskflow_api_etl to None
[2021-09-22 10:38:22,337] {processor.py:170} INFO - Processing /home/airflow/.local/lib/python3.6/site-packages/airflow/example_dags/tutorial_taskflow_api_etl.py took 1.005 seconds
[2021-09-22 10:38:53,160] {processor.py:162} INFO - Started process (PID=134) to work on /home/airflow/.local/lib/python3.6/site-packages/airflow/example_dags/tutorial_taskflow_api_etl.py
[2021-09-22 10:38:53,161] {processor.py:613} INFO - Processing file /home/airflow/.local/lib/python3.6/site-packages/airflow/example_dags/tutorial_taskflow_api_etl.py for tasks to queue
[2021-09-22 10:38:53,162] {logging_mixin.py:109} INFO - [2021-09-22 10:38:53,162] {dagbag.py:496} INFO - Filling up the DagBag from /home/airflow/.local/lib/python3.6/site-packages/airflow/example_dags/tutorial_taskflow_api_etl.py
[2021-09-22 10:38:53,184] {processor.py:623} INFO - DAG(s) dict_keys(['tutorial_taskflow_api_etl']) retrieved from /home/airflow/.local/lib/python3.6/site-packages/airflow/example_dags/tutorial_taskflow_api_etl.py
[2021-09-22 10:38:53,413] {logging_mixin.py:109} INFO - [2021-09-22 10:38:53,413] {dag.py:1834} INFO - Sync 1 DAGs
[2021-09-22 10:38:53,425] {logging_mixin.py:109} INFO - [2021-09-22 10:38:53,425] {dag.py:2287} INFO - Setting next_dagrun for tutorial_taskflow_api_etl to None
[2021-09-22 10:38:53,435] {processor.py:170} INFO - Processing /home/airflow/.local/lib/python3.6/site-packages/airflow/example_dags/tutorial_taskflow_api_etl.py took 0.280 seconds
[2021-09-22 10:41:41,260] {processor.py:162} INFO - Started process (PID=71) to work on /home/airflow/.local/lib/python3.6/site-packages/airflow/example_dags/tutorial_taskflow_api_etl.py
[2021-09-22 10:41:41,267] {processor.py:613} INFO - Processing file /home/airflow/.local/lib/python3.6/site-packages/airflow/example_dags/tutorial_taskflow_api_etl.py for tasks to queue
[2021-09-22 10:41:41,268] {logging_mixin.py:109} INFO - [2021-09-22 10:41:41,268] {dagbag.py:496} INFO - Filling up the DagBag from /home/airflow/.local/lib/python3.6/site-packages/airflow/example_dags/tutorial_taskflow_api_etl.py
[2021-09-22 10:41:41,348] {processor.py:623} INFO - DAG(s) dict_keys(['tutorial_taskflow_api_etl']) retrieved from /home/airflow/.local/lib/python3.6/site-packages/airflow/example_dags/tutorial_taskflow_api_etl.py
[2021-09-22 10:41:42,334] {logging_mixin.py:109} INFO - [2021-09-22 10:41:42,333] {dag.py:1834} INFO - Sync 1 DAGs
[2021-09-22 10:41:42,366] {logging_mixin.py:109} INFO - [2021-09-22 10:41:42,366] {dag.py:2287} INFO - Setting next_dagrun for tutorial_taskflow_api_etl to None
[2021-09-22 10:41:42,398] {processor.py:170} INFO - Processing /home/airflow/.local/lib/python3.6/site-packages/airflow/example_dags/tutorial_taskflow_api_etl.py took 1.167 seconds
[2021-09-22 10:42:13,296] {processor.py:162} INFO - Started process (PID=132) to work on /home/airflow/.local/lib/python3.6/site-packages/airflow/example_dags/tutorial_taskflow_api_etl.py
[2021-09-22 10:42:13,299] {processor.py:613} INFO - Processing file /home/airflow/.local/lib/python3.6/site-packages/airflow/example_dags/tutorial_taskflow_api_etl.py for tasks to queue
[2021-09-22 10:42:13,302] {logging_mixin.py:109} INFO - [2021-09-22 10:42:13,300] {dagbag.py:496} INFO - Filling up the DagBag from /home/airflow/.local/lib/python3.6/site-packages/airflow/example_dags/tutorial_taskflow_api_etl.py
[2021-09-22 10:42:13,356] {processor.py:623} INFO - DAG(s) dict_keys(['tutorial_taskflow_api_etl']) retrieved from /home/airflow/.local/lib/python3.6/site-packages/airflow/example_dags/tutorial_taskflow_api_etl.py
[2021-09-22 10:42:13,732] {logging_mixin.py:109} INFO - [2021-09-22 10:42:13,732] {dag.py:1834} INFO - Sync 1 DAGs
[2021-09-22 10:42:13,748] {logging_mixin.py:109} INFO - [2021-09-22 10:42:13,748] {dag.py:2287} INFO - Setting next_dagrun for tutorial_taskflow_api_etl to None
[2021-09-22 10:42:13,761] {processor.py:170} INFO - Processing /home/airflow/.local/lib/python3.6/site-packages/airflow/example_dags/tutorial_taskflow_api_etl.py took 0.470 seconds
[2021-09-22 10:42:43,864] {processor.py:162} INFO - Started process (PID=185) to work on /home/airflow/.local/lib/python3.6/site-packages/airflow/example_dags/tutorial_taskflow_api_etl.py
[2021-09-22 10:42:43,865] {processor.py:613} INFO - Processing file /home/airflow/.local/lib/python3.6/site-packages/airflow/example_dags/tutorial_taskflow_api_etl.py for tasks to queue
[2021-09-22 10:42:43,866] {logging_mixin.py:109} INFO - [2021-09-22 10:42:43,866] {dagbag.py:496} INFO - Filling up the DagBag from /home/airflow/.local/lib/python3.6/site-packages/airflow/example_dags/tutorial_taskflow_api_etl.py
[2021-09-22 10:42:43,893] {processor.py:623} INFO - DAG(s) dict_keys(['tutorial_taskflow_api_etl']) retrieved from /home/airflow/.local/lib/python3.6/site-packages/airflow/example_dags/tutorial_taskflow_api_etl.py
[2021-09-22 10:42:44,172] {logging_mixin.py:109} INFO - [2021-09-22 10:42:44,172] {dag.py:1834} INFO - Sync 1 DAGs
[2021-09-22 10:42:44,195] {logging_mixin.py:109} INFO - [2021-09-22 10:42:44,194] {dag.py:2287} INFO - Setting next_dagrun for tutorial_taskflow_api_etl to None
[2021-09-22 10:42:44,210] {processor.py:170} INFO - Processing /home/airflow/.local/lib/python3.6/site-packages/airflow/example_dags/tutorial_taskflow_api_etl.py took 0.349 seconds
[2021-09-22 10:43:14,980] {processor.py:162} INFO - Started process (PID=247) to work on /home/airflow/.local/lib/python3.6/site-packages/airflow/example_dags/tutorial_taskflow_api_etl.py
[2021-09-22 10:43:14,982] {processor.py:613} INFO - Processing file /home/airflow/.local/lib/python3.6/site-packages/airflow/example_dags/tutorial_taskflow_api_etl.py for tasks to queue
[2021-09-22 10:43:14,983] {logging_mixin.py:109} INFO - [2021-09-22 10:43:14,983] {dagbag.py:496} INFO - Filling up the DagBag from /home/airflow/.local/lib/python3.6/site-packages/airflow/example_dags/tutorial_taskflow_api_etl.py
[2021-09-22 10:43:15,006] {processor.py:623} INFO - DAG(s) dict_keys(['tutorial_taskflow_api_etl']) retrieved from /home/airflow/.local/lib/python3.6/site-packages/airflow/example_dags/tutorial_taskflow_api_etl.py
[2021-09-22 10:43:15,313] {logging_mixin.py:109} INFO - [2021-09-22 10:43:15,313] {dag.py:1834} INFO - Sync 1 DAGs
[2021-09-22 10:43:15,330] {logging_mixin.py:109} INFO - [2021-09-22 10:43:15,329] {dag.py:2287} INFO - Setting next_dagrun for tutorial_taskflow_api_etl to None
[2021-09-22 10:43:15,358] {processor.py:170} INFO - Processing /home/airflow/.local/lib/python3.6/site-packages/airflow/example_dags/tutorial_taskflow_api_etl.py took 0.384 seconds
[2021-09-22 10:43:45,663] {processor.py:162} INFO - Started process (PID=298) to work on /home/airflow/.local/lib/python3.6/site-packages/airflow/example_dags/tutorial_taskflow_api_etl.py
[2021-09-22 10:43:45,664] {processor.py:613} INFO - Processing file /home/airflow/.local/lib/python3.6/site-packages/airflow/example_dags/tutorial_taskflow_api_etl.py for tasks to queue
[2021-09-22 10:43:45,665] {logging_mixin.py:109} INFO - [2021-09-22 10:43:45,665] {dagbag.py:496} INFO - Filling up the DagBag from /home/airflow/.local/lib/python3.6/site-packages/airflow/example_dags/tutorial_taskflow_api_etl.py
[2021-09-22 10:43:45,743] {processor.py:623} INFO - DAG(s) dict_keys(['tutorial_taskflow_api_etl']) retrieved from /home/airflow/.local/lib/python3.6/site-packages/airflow/example_dags/tutorial_taskflow_api_etl.py
[2021-09-22 10:43:46,066] {logging_mixin.py:109} INFO - [2021-09-22 10:43:46,066] {dag.py:1834} INFO - Sync 1 DAGs
[2021-09-22 10:43:46,081] {logging_mixin.py:109} INFO - [2021-09-22 10:43:46,081] {dag.py:2287} INFO - Setting next_dagrun for tutorial_taskflow_api_etl to None
[2021-09-22 10:43:46,112] {processor.py:170} INFO - Processing /home/airflow/.local/lib/python3.6/site-packages/airflow/example_dags/tutorial_taskflow_api_etl.py took 0.458 seconds
