[2021-09-22 10:26:58,777] {processor.py:162} INFO - Started process (PID=183) to work on /home/airflow/.local/lib/python3.6/site-packages/airflow/example_dags/tutorial.py
[2021-09-22 10:26:58,789] {processor.py:613} INFO - Processing file /home/airflow/.local/lib/python3.6/site-packages/airflow/example_dags/tutorial.py for tasks to queue
[2021-09-22 10:26:58,789] {logging_mixin.py:109} INFO - [2021-09-22 10:26:58,789] {dagbag.py:496} INFO - Filling up the DagBag from /home/airflow/.local/lib/python3.6/site-packages/airflow/example_dags/tutorial.py
[2021-09-22 10:26:58,844] {processor.py:623} INFO - DAG(s) dict_keys(['tutorial']) retrieved from /home/airflow/.local/lib/python3.6/site-packages/airflow/example_dags/tutorial.py
[2021-09-22 10:27:09,723] {logging_mixin.py:109} INFO - [2021-09-22 10:27:09,721] {dag.py:1834} INFO - Sync 1 DAGs
[2021-09-22 10:27:09,750] {logging_mixin.py:109} INFO - [2021-09-22 10:27:09,748] {dag.py:1853} INFO - Creating ORM DAG for tutorial
[2021-09-22 10:27:09,759] {logging_mixin.py:109} INFO - [2021-09-22 10:27:09,759] {dag.py:2287} INFO - Setting next_dagrun for tutorial to 2021-09-20 00:00:00+00:00
[2021-09-22 10:27:09,796] {processor.py:170} INFO - Processing /home/airflow/.local/lib/python3.6/site-packages/airflow/example_dags/tutorial.py took 11.026 seconds
[2021-09-22 10:27:40,573] {processor.py:162} INFO - Started process (PID=251) to work on /home/airflow/.local/lib/python3.6/site-packages/airflow/example_dags/tutorial.py
[2021-09-22 10:27:40,584] {processor.py:613} INFO - Processing file /home/airflow/.local/lib/python3.6/site-packages/airflow/example_dags/tutorial.py for tasks to queue
[2021-09-22 10:27:40,585] {logging_mixin.py:109} INFO - [2021-09-22 10:27:40,585] {dagbag.py:496} INFO - Filling up the DagBag from /home/airflow/.local/lib/python3.6/site-packages/airflow/example_dags/tutorial.py
[2021-09-22 10:27:40,628] {processor.py:623} INFO - DAG(s) dict_keys(['tutorial']) retrieved from /home/airflow/.local/lib/python3.6/site-packages/airflow/example_dags/tutorial.py
[2021-09-22 10:27:40,729] {logging_mixin.py:109} INFO - [2021-09-22 10:27:40,729] {dag.py:1834} INFO - Sync 1 DAGs
[2021-09-22 10:27:40,767] {logging_mixin.py:109} INFO - [2021-09-22 10:27:40,766] {dag.py:2287} INFO - Setting next_dagrun for tutorial to 2021-09-20 00:00:00+00:00
[2021-09-22 10:27:40,813] {processor.py:170} INFO - Processing /home/airflow/.local/lib/python3.6/site-packages/airflow/example_dags/tutorial.py took 0.245 seconds
[2021-09-22 10:28:11,373] {processor.py:162} INFO - Started process (PID=302) to work on /home/airflow/.local/lib/python3.6/site-packages/airflow/example_dags/tutorial.py
[2021-09-22 10:28:11,375] {processor.py:613} INFO - Processing file /home/airflow/.local/lib/python3.6/site-packages/airflow/example_dags/tutorial.py for tasks to queue
[2021-09-22 10:28:11,376] {logging_mixin.py:109} INFO - [2021-09-22 10:28:11,376] {dagbag.py:496} INFO - Filling up the DagBag from /home/airflow/.local/lib/python3.6/site-packages/airflow/example_dags/tutorial.py
[2021-09-22 10:28:11,391] {processor.py:623} INFO - DAG(s) dict_keys(['tutorial']) retrieved from /home/airflow/.local/lib/python3.6/site-packages/airflow/example_dags/tutorial.py
[2021-09-22 10:28:11,453] {logging_mixin.py:109} INFO - [2021-09-22 10:28:11,453] {dag.py:1834} INFO - Sync 1 DAGs
[2021-09-22 10:28:11,500] {logging_mixin.py:109} INFO - [2021-09-22 10:28:11,500] {dag.py:2287} INFO - Setting next_dagrun for tutorial to 2021-09-20 00:00:00+00:00
[2021-09-22 10:28:11,512] {processor.py:170} INFO - Processing /home/airflow/.local/lib/python3.6/site-packages/airflow/example_dags/tutorial.py took 0.143 seconds
[2021-09-22 10:28:41,899] {processor.py:162} INFO - Started process (PID=353) to work on /home/airflow/.local/lib/python3.6/site-packages/airflow/example_dags/tutorial.py
[2021-09-22 10:28:41,901] {processor.py:613} INFO - Processing file /home/airflow/.local/lib/python3.6/site-packages/airflow/example_dags/tutorial.py for tasks to queue
[2021-09-22 10:28:41,902] {logging_mixin.py:109} INFO - [2021-09-22 10:28:41,902] {dagbag.py:496} INFO - Filling up the DagBag from /home/airflow/.local/lib/python3.6/site-packages/airflow/example_dags/tutorial.py
[2021-09-22 10:28:41,928] {processor.py:623} INFO - DAG(s) dict_keys(['tutorial']) retrieved from /home/airflow/.local/lib/python3.6/site-packages/airflow/example_dags/tutorial.py
[2021-09-22 10:28:41,969] {logging_mixin.py:109} INFO - [2021-09-22 10:28:41,969] {dag.py:1834} INFO - Sync 1 DAGs
[2021-09-22 10:28:41,999] {logging_mixin.py:109} INFO - [2021-09-22 10:28:41,999] {dag.py:2287} INFO - Setting next_dagrun for tutorial to 2021-09-20 00:00:00+00:00
[2021-09-22 10:28:42,038] {processor.py:170} INFO - Processing /home/airflow/.local/lib/python3.6/site-packages/airflow/example_dags/tutorial.py took 0.144 seconds
[2021-09-22 10:29:12,136] {processor.py:162} INFO - Started process (PID=413) to work on /home/airflow/.local/lib/python3.6/site-packages/airflow/example_dags/tutorial.py
[2021-09-22 10:29:12,140] {processor.py:613} INFO - Processing file /home/airflow/.local/lib/python3.6/site-packages/airflow/example_dags/tutorial.py for tasks to queue
[2021-09-22 10:29:12,141] {logging_mixin.py:109} INFO - [2021-09-22 10:29:12,141] {dagbag.py:496} INFO - Filling up the DagBag from /home/airflow/.local/lib/python3.6/site-packages/airflow/example_dags/tutorial.py
[2021-09-22 10:29:12,178] {processor.py:623} INFO - DAG(s) dict_keys(['tutorial']) retrieved from /home/airflow/.local/lib/python3.6/site-packages/airflow/example_dags/tutorial.py
[2021-09-22 10:29:12,275] {logging_mixin.py:109} INFO - [2021-09-22 10:29:12,275] {dag.py:1834} INFO - Sync 1 DAGs
[2021-09-22 10:29:12,310] {logging_mixin.py:109} INFO - [2021-09-22 10:29:12,310] {dag.py:2287} INFO - Setting next_dagrun for tutorial to 2021-09-20 00:00:00+00:00
[2021-09-22 10:29:12,354] {processor.py:170} INFO - Processing /home/airflow/.local/lib/python3.6/site-packages/airflow/example_dags/tutorial.py took 0.229 seconds
[2021-09-22 10:29:42,626] {processor.py:162} INFO - Started process (PID=464) to work on /home/airflow/.local/lib/python3.6/site-packages/airflow/example_dags/tutorial.py
[2021-09-22 10:29:42,627] {processor.py:613} INFO - Processing file /home/airflow/.local/lib/python3.6/site-packages/airflow/example_dags/tutorial.py for tasks to queue
[2021-09-22 10:29:42,628] {logging_mixin.py:109} INFO - [2021-09-22 10:29:42,628] {dagbag.py:496} INFO - Filling up the DagBag from /home/airflow/.local/lib/python3.6/site-packages/airflow/example_dags/tutorial.py
[2021-09-22 10:29:42,654] {processor.py:623} INFO - DAG(s) dict_keys(['tutorial']) retrieved from /home/airflow/.local/lib/python3.6/site-packages/airflow/example_dags/tutorial.py
[2021-09-22 10:29:42,693] {logging_mixin.py:109} INFO - [2021-09-22 10:29:42,693] {dag.py:1834} INFO - Sync 1 DAGs
[2021-09-22 10:29:42,722] {logging_mixin.py:109} INFO - [2021-09-22 10:29:42,722] {dag.py:2287} INFO - Setting next_dagrun for tutorial to 2021-09-20 00:00:00+00:00
[2021-09-22 10:29:42,749] {processor.py:170} INFO - Processing /home/airflow/.local/lib/python3.6/site-packages/airflow/example_dags/tutorial.py took 0.127 seconds
[2021-09-22 10:30:13,039] {processor.py:162} INFO - Started process (PID=515) to work on /home/airflow/.local/lib/python3.6/site-packages/airflow/example_dags/tutorial.py
[2021-09-22 10:30:13,041] {processor.py:613} INFO - Processing file /home/airflow/.local/lib/python3.6/site-packages/airflow/example_dags/tutorial.py for tasks to queue
[2021-09-22 10:30:13,042] {logging_mixin.py:109} INFO - [2021-09-22 10:30:13,041] {dagbag.py:496} INFO - Filling up the DagBag from /home/airflow/.local/lib/python3.6/site-packages/airflow/example_dags/tutorial.py
[2021-09-22 10:30:13,057] {processor.py:623} INFO - DAG(s) dict_keys(['tutorial']) retrieved from /home/airflow/.local/lib/python3.6/site-packages/airflow/example_dags/tutorial.py
[2021-09-22 10:30:13,095] {logging_mixin.py:109} INFO - [2021-09-22 10:30:13,095] {dag.py:1834} INFO - Sync 1 DAGs
[2021-09-22 10:30:13,133] {logging_mixin.py:109} INFO - [2021-09-22 10:30:13,133] {dag.py:2287} INFO - Setting next_dagrun for tutorial to 2021-09-20 00:00:00+00:00
[2021-09-22 10:30:13,144] {processor.py:170} INFO - Processing /home/airflow/.local/lib/python3.6/site-packages/airflow/example_dags/tutorial.py took 0.108 seconds
[2021-09-22 10:30:43,835] {processor.py:162} INFO - Started process (PID=579) to work on /home/airflow/.local/lib/python3.6/site-packages/airflow/example_dags/tutorial.py
[2021-09-22 10:30:43,843] {processor.py:613} INFO - Processing file /home/airflow/.local/lib/python3.6/site-packages/airflow/example_dags/tutorial.py for tasks to queue
[2021-09-22 10:30:43,844] {logging_mixin.py:109} INFO - [2021-09-22 10:30:43,843] {dagbag.py:496} INFO - Filling up the DagBag from /home/airflow/.local/lib/python3.6/site-packages/airflow/example_dags/tutorial.py
[2021-09-22 10:30:43,883] {processor.py:623} INFO - DAG(s) dict_keys(['tutorial']) retrieved from /home/airflow/.local/lib/python3.6/site-packages/airflow/example_dags/tutorial.py
[2021-09-22 10:30:43,962] {logging_mixin.py:109} INFO - [2021-09-22 10:30:43,962] {dag.py:1834} INFO - Sync 1 DAGs
[2021-09-22 10:30:43,982] {logging_mixin.py:109} INFO - [2021-09-22 10:30:43,982] {dag.py:2287} INFO - Setting next_dagrun for tutorial to 2021-09-20 00:00:00+00:00
[2021-09-22 10:30:44,008] {processor.py:170} INFO - Processing /home/airflow/.local/lib/python3.6/site-packages/airflow/example_dags/tutorial.py took 0.179 seconds
[2021-09-22 10:31:14,365] {processor.py:162} INFO - Started process (PID=631) to work on /home/airflow/.local/lib/python3.6/site-packages/airflow/example_dags/tutorial.py
[2021-09-22 10:31:14,366] {processor.py:613} INFO - Processing file /home/airflow/.local/lib/python3.6/site-packages/airflow/example_dags/tutorial.py for tasks to queue
[2021-09-22 10:31:14,367] {logging_mixin.py:109} INFO - [2021-09-22 10:31:14,367] {dagbag.py:496} INFO - Filling up the DagBag from /home/airflow/.local/lib/python3.6/site-packages/airflow/example_dags/tutorial.py
[2021-09-22 10:31:14,380] {processor.py:623} INFO - DAG(s) dict_keys(['tutorial']) retrieved from /home/airflow/.local/lib/python3.6/site-packages/airflow/example_dags/tutorial.py
[2021-09-22 10:31:14,411] {logging_mixin.py:109} INFO - [2021-09-22 10:31:14,411] {dag.py:1834} INFO - Sync 1 DAGs
[2021-09-22 10:31:14,428] {logging_mixin.py:109} INFO - [2021-09-22 10:31:14,428] {dag.py:2287} INFO - Setting next_dagrun for tutorial to 2021-09-20 00:00:00+00:00
[2021-09-22 10:31:14,438] {processor.py:170} INFO - Processing /home/airflow/.local/lib/python3.6/site-packages/airflow/example_dags/tutorial.py took 0.077 seconds
[2021-09-22 10:31:44,772] {processor.py:162} INFO - Started process (PID=694) to work on /home/airflow/.local/lib/python3.6/site-packages/airflow/example_dags/tutorial.py
[2021-09-22 10:31:44,774] {processor.py:613} INFO - Processing file /home/airflow/.local/lib/python3.6/site-packages/airflow/example_dags/tutorial.py for tasks to queue
[2021-09-22 10:31:44,775] {logging_mixin.py:109} INFO - [2021-09-22 10:31:44,775] {dagbag.py:496} INFO - Filling up the DagBag from /home/airflow/.local/lib/python3.6/site-packages/airflow/example_dags/tutorial.py
[2021-09-22 10:31:44,795] {processor.py:623} INFO - DAG(s) dict_keys(['tutorial']) retrieved from /home/airflow/.local/lib/python3.6/site-packages/airflow/example_dags/tutorial.py
[2021-09-22 10:31:44,826] {logging_mixin.py:109} INFO - [2021-09-22 10:31:44,825] {dag.py:1834} INFO - Sync 1 DAGs
[2021-09-22 10:31:44,844] {logging_mixin.py:109} INFO - [2021-09-22 10:31:44,844] {dag.py:2287} INFO - Setting next_dagrun for tutorial to 2021-09-20 00:00:00+00:00
[2021-09-22 10:31:44,856] {processor.py:170} INFO - Processing /home/airflow/.local/lib/python3.6/site-packages/airflow/example_dags/tutorial.py took 0.088 seconds
[2021-09-22 10:32:15,374] {processor.py:162} INFO - Started process (PID=746) to work on /home/airflow/.local/lib/python3.6/site-packages/airflow/example_dags/tutorial.py
[2021-09-22 10:32:15,376] {processor.py:613} INFO - Processing file /home/airflow/.local/lib/python3.6/site-packages/airflow/example_dags/tutorial.py for tasks to queue
[2021-09-22 10:32:15,377] {logging_mixin.py:109} INFO - [2021-09-22 10:32:15,377] {dagbag.py:496} INFO - Filling up the DagBag from /home/airflow/.local/lib/python3.6/site-packages/airflow/example_dags/tutorial.py
[2021-09-22 10:32:15,391] {processor.py:623} INFO - DAG(s) dict_keys(['tutorial']) retrieved from /home/airflow/.local/lib/python3.6/site-packages/airflow/example_dags/tutorial.py
[2021-09-22 10:32:15,420] {logging_mixin.py:109} INFO - [2021-09-22 10:32:15,420] {dag.py:1834} INFO - Sync 1 DAGs
[2021-09-22 10:32:15,438] {logging_mixin.py:109} INFO - [2021-09-22 10:32:15,438] {dag.py:2287} INFO - Setting next_dagrun for tutorial to 2021-09-20 00:00:00+00:00
[2021-09-22 10:32:15,452] {processor.py:170} INFO - Processing /home/airflow/.local/lib/python3.6/site-packages/airflow/example_dags/tutorial.py took 0.082 seconds
[2021-09-22 10:32:46,367] {processor.py:162} INFO - Started process (PID=807) to work on /home/airflow/.local/lib/python3.6/site-packages/airflow/example_dags/tutorial.py
[2021-09-22 10:32:46,370] {processor.py:613} INFO - Processing file /home/airflow/.local/lib/python3.6/site-packages/airflow/example_dags/tutorial.py for tasks to queue
[2021-09-22 10:32:46,371] {logging_mixin.py:109} INFO - [2021-09-22 10:32:46,371] {dagbag.py:496} INFO - Filling up the DagBag from /home/airflow/.local/lib/python3.6/site-packages/airflow/example_dags/tutorial.py
[2021-09-22 10:32:46,390] {processor.py:623} INFO - DAG(s) dict_keys(['tutorial']) retrieved from /home/airflow/.local/lib/python3.6/site-packages/airflow/example_dags/tutorial.py
[2021-09-22 10:32:46,424] {logging_mixin.py:109} INFO - [2021-09-22 10:32:46,424] {dag.py:1834} INFO - Sync 1 DAGs
[2021-09-22 10:32:46,445] {logging_mixin.py:109} INFO - [2021-09-22 10:32:46,445] {dag.py:2287} INFO - Setting next_dagrun for tutorial to 2021-09-20 00:00:00+00:00
[2021-09-22 10:32:46,457] {processor.py:170} INFO - Processing /home/airflow/.local/lib/python3.6/site-packages/airflow/example_dags/tutorial.py took 0.093 seconds
[2021-09-22 10:33:16,749] {processor.py:162} INFO - Started process (PID=858) to work on /home/airflow/.local/lib/python3.6/site-packages/airflow/example_dags/tutorial.py
[2021-09-22 10:33:16,751] {processor.py:613} INFO - Processing file /home/airflow/.local/lib/python3.6/site-packages/airflow/example_dags/tutorial.py for tasks to queue
[2021-09-22 10:33:16,752] {logging_mixin.py:109} INFO - [2021-09-22 10:33:16,752] {dagbag.py:496} INFO - Filling up the DagBag from /home/airflow/.local/lib/python3.6/site-packages/airflow/example_dags/tutorial.py
[2021-09-22 10:33:16,770] {processor.py:623} INFO - DAG(s) dict_keys(['tutorial']) retrieved from /home/airflow/.local/lib/python3.6/site-packages/airflow/example_dags/tutorial.py
[2021-09-22 10:33:16,799] {logging_mixin.py:109} INFO - [2021-09-22 10:33:16,799] {dag.py:1834} INFO - Sync 1 DAGs
[2021-09-22 10:33:16,817] {logging_mixin.py:109} INFO - [2021-09-22 10:33:16,817] {dag.py:2287} INFO - Setting next_dagrun for tutorial to 2021-09-20 00:00:00+00:00
[2021-09-22 10:33:16,842] {processor.py:170} INFO - Processing /home/airflow/.local/lib/python3.6/site-packages/airflow/example_dags/tutorial.py took 0.097 seconds
[2021-09-22 10:33:47,522] {processor.py:162} INFO - Started process (PID=920) to work on /home/airflow/.local/lib/python3.6/site-packages/airflow/example_dags/tutorial.py
[2021-09-22 10:33:47,523] {processor.py:613} INFO - Processing file /home/airflow/.local/lib/python3.6/site-packages/airflow/example_dags/tutorial.py for tasks to queue
[2021-09-22 10:33:47,524] {logging_mixin.py:109} INFO - [2021-09-22 10:33:47,524] {dagbag.py:496} INFO - Filling up the DagBag from /home/airflow/.local/lib/python3.6/site-packages/airflow/example_dags/tutorial.py
[2021-09-22 10:33:47,536] {processor.py:623} INFO - DAG(s) dict_keys(['tutorial']) retrieved from /home/airflow/.local/lib/python3.6/site-packages/airflow/example_dags/tutorial.py
[2021-09-22 10:33:47,558] {logging_mixin.py:109} INFO - [2021-09-22 10:33:47,557] {dag.py:1834} INFO - Sync 1 DAGs
[2021-09-22 10:33:47,571] {logging_mixin.py:109} INFO - [2021-09-22 10:33:47,571] {dag.py:2287} INFO - Setting next_dagrun for tutorial to 2021-09-20 00:00:00+00:00
[2021-09-22 10:33:47,581] {processor.py:170} INFO - Processing /home/airflow/.local/lib/python3.6/site-packages/airflow/example_dags/tutorial.py took 0.062 seconds
[2021-09-22 10:34:18,255] {processor.py:162} INFO - Started process (PID=971) to work on /home/airflow/.local/lib/python3.6/site-packages/airflow/example_dags/tutorial.py
[2021-09-22 10:34:18,256] {processor.py:613} INFO - Processing file /home/airflow/.local/lib/python3.6/site-packages/airflow/example_dags/tutorial.py for tasks to queue
[2021-09-22 10:34:18,257] {logging_mixin.py:109} INFO - [2021-09-22 10:34:18,257] {dagbag.py:496} INFO - Filling up the DagBag from /home/airflow/.local/lib/python3.6/site-packages/airflow/example_dags/tutorial.py
[2021-09-22 10:34:18,272] {processor.py:623} INFO - DAG(s) dict_keys(['tutorial']) retrieved from /home/airflow/.local/lib/python3.6/site-packages/airflow/example_dags/tutorial.py
[2021-09-22 10:34:18,300] {logging_mixin.py:109} INFO - [2021-09-22 10:34:18,300] {dag.py:1834} INFO - Sync 1 DAGs
[2021-09-22 10:34:18,316] {logging_mixin.py:109} INFO - [2021-09-22 10:34:18,316] {dag.py:2287} INFO - Setting next_dagrun for tutorial to 2021-09-20 00:00:00+00:00
[2021-09-22 10:34:18,332] {processor.py:170} INFO - Processing /home/airflow/.local/lib/python3.6/site-packages/airflow/example_dags/tutorial.py took 0.083 seconds
[2021-09-22 10:34:48,515] {processor.py:162} INFO - Started process (PID=1021) to work on /home/airflow/.local/lib/python3.6/site-packages/airflow/example_dags/tutorial.py
[2021-09-22 10:34:48,516] {processor.py:613} INFO - Processing file /home/airflow/.local/lib/python3.6/site-packages/airflow/example_dags/tutorial.py for tasks to queue
[2021-09-22 10:34:48,517] {logging_mixin.py:109} INFO - [2021-09-22 10:34:48,517] {dagbag.py:496} INFO - Filling up the DagBag from /home/airflow/.local/lib/python3.6/site-packages/airflow/example_dags/tutorial.py
[2021-09-22 10:34:48,532] {processor.py:623} INFO - DAG(s) dict_keys(['tutorial']) retrieved from /home/airflow/.local/lib/python3.6/site-packages/airflow/example_dags/tutorial.py
[2021-09-22 10:34:48,558] {logging_mixin.py:109} INFO - [2021-09-22 10:34:48,558] {dag.py:1834} INFO - Sync 1 DAGs
[2021-09-22 10:34:48,581] {logging_mixin.py:109} INFO - [2021-09-22 10:34:48,580] {dag.py:2287} INFO - Setting next_dagrun for tutorial to 2021-09-20 00:00:00+00:00
[2021-09-22 10:34:48,599] {processor.py:170} INFO - Processing /home/airflow/.local/lib/python3.6/site-packages/airflow/example_dags/tutorial.py took 0.088 seconds
[2021-09-22 10:35:19,210] {processor.py:162} INFO - Started process (PID=1083) to work on /home/airflow/.local/lib/python3.6/site-packages/airflow/example_dags/tutorial.py
[2021-09-22 10:35:19,214] {processor.py:613} INFO - Processing file /home/airflow/.local/lib/python3.6/site-packages/airflow/example_dags/tutorial.py for tasks to queue
[2021-09-22 10:35:19,221] {logging_mixin.py:109} INFO - [2021-09-22 10:35:19,221] {dagbag.py:496} INFO - Filling up the DagBag from /home/airflow/.local/lib/python3.6/site-packages/airflow/example_dags/tutorial.py
[2021-09-22 10:35:19,245] {processor.py:623} INFO - DAG(s) dict_keys(['tutorial']) retrieved from /home/airflow/.local/lib/python3.6/site-packages/airflow/example_dags/tutorial.py
[2021-09-22 10:35:19,334] {logging_mixin.py:109} INFO - [2021-09-22 10:35:19,334] {dag.py:1834} INFO - Sync 1 DAGs
[2021-09-22 10:35:19,373] {logging_mixin.py:109} INFO - [2021-09-22 10:35:19,372] {dag.py:2287} INFO - Setting next_dagrun for tutorial to 2021-09-20 00:00:00+00:00
[2021-09-22 10:35:19,409] {processor.py:170} INFO - Processing /home/airflow/.local/lib/python3.6/site-packages/airflow/example_dags/tutorial.py took 0.213 seconds
[2021-09-22 10:35:49,762] {processor.py:162} INFO - Started process (PID=1134) to work on /home/airflow/.local/lib/python3.6/site-packages/airflow/example_dags/tutorial.py
[2021-09-22 10:35:49,763] {processor.py:613} INFO - Processing file /home/airflow/.local/lib/python3.6/site-packages/airflow/example_dags/tutorial.py for tasks to queue
[2021-09-22 10:35:49,764] {logging_mixin.py:109} INFO - [2021-09-22 10:35:49,764] {dagbag.py:496} INFO - Filling up the DagBag from /home/airflow/.local/lib/python3.6/site-packages/airflow/example_dags/tutorial.py
[2021-09-22 10:35:49,780] {processor.py:623} INFO - DAG(s) dict_keys(['tutorial']) retrieved from /home/airflow/.local/lib/python3.6/site-packages/airflow/example_dags/tutorial.py
[2021-09-22 10:35:49,814] {logging_mixin.py:109} INFO - [2021-09-22 10:35:49,814] {dag.py:1834} INFO - Sync 1 DAGs
[2021-09-22 10:35:49,833] {logging_mixin.py:109} INFO - [2021-09-22 10:35:49,833] {dag.py:2287} INFO - Setting next_dagrun for tutorial to 2021-09-20 00:00:00+00:00
[2021-09-22 10:35:49,848] {processor.py:170} INFO - Processing /home/airflow/.local/lib/python3.6/site-packages/airflow/example_dags/tutorial.py took 0.091 seconds
[2021-09-22 10:36:20,425] {processor.py:162} INFO - Started process (PID=1185) to work on /home/airflow/.local/lib/python3.6/site-packages/airflow/example_dags/tutorial.py
[2021-09-22 10:36:20,427] {processor.py:613} INFO - Processing file /home/airflow/.local/lib/python3.6/site-packages/airflow/example_dags/tutorial.py for tasks to queue
[2021-09-22 10:36:20,428] {logging_mixin.py:109} INFO - [2021-09-22 10:36:20,428] {dagbag.py:496} INFO - Filling up the DagBag from /home/airflow/.local/lib/python3.6/site-packages/airflow/example_dags/tutorial.py
[2021-09-22 10:36:20,442] {processor.py:623} INFO - DAG(s) dict_keys(['tutorial']) retrieved from /home/airflow/.local/lib/python3.6/site-packages/airflow/example_dags/tutorial.py
[2021-09-22 10:36:20,469] {logging_mixin.py:109} INFO - [2021-09-22 10:36:20,469] {dag.py:1834} INFO - Sync 1 DAGs
[2021-09-22 10:36:20,497] {logging_mixin.py:109} INFO - [2021-09-22 10:36:20,497] {dag.py:2287} INFO - Setting next_dagrun for tutorial to 2021-09-20 00:00:00+00:00
[2021-09-22 10:36:20,517] {processor.py:170} INFO - Processing /home/airflow/.local/lib/python3.6/site-packages/airflow/example_dags/tutorial.py took 0.096 seconds
[2021-09-22 10:38:20,736] {processor.py:162} INFO - Started process (PID=81) to work on /home/airflow/.local/lib/python3.6/site-packages/airflow/example_dags/tutorial.py
[2021-09-22 10:38:20,756] {processor.py:613} INFO - Processing file /home/airflow/.local/lib/python3.6/site-packages/airflow/example_dags/tutorial.py for tasks to queue
[2021-09-22 10:38:20,757] {logging_mixin.py:109} INFO - [2021-09-22 10:38:20,757] {dagbag.py:496} INFO - Filling up the DagBag from /home/airflow/.local/lib/python3.6/site-packages/airflow/example_dags/tutorial.py
[2021-09-22 10:38:20,910] {processor.py:623} INFO - DAG(s) dict_keys(['tutorial']) retrieved from /home/airflow/.local/lib/python3.6/site-packages/airflow/example_dags/tutorial.py
[2021-09-22 10:38:21,118] {logging_mixin.py:109} INFO - [2021-09-22 10:38:21,118] {dag.py:1834} INFO - Sync 1 DAGs
[2021-09-22 10:38:21,256] {logging_mixin.py:109} INFO - [2021-09-22 10:38:21,256] {dag.py:2287} INFO - Setting next_dagrun for tutorial to 2021-09-20 00:00:00+00:00
[2021-09-22 10:38:21,302] {processor.py:170} INFO - Processing /home/airflow/.local/lib/python3.6/site-packages/airflow/example_dags/tutorial.py took 0.590 seconds
[2021-09-22 10:38:51,883] {processor.py:162} INFO - Started process (PID=132) to work on /home/airflow/.local/lib/python3.6/site-packages/airflow/example_dags/tutorial.py
[2021-09-22 10:38:51,884] {processor.py:613} INFO - Processing file /home/airflow/.local/lib/python3.6/site-packages/airflow/example_dags/tutorial.py for tasks to queue
[2021-09-22 10:38:51,885] {logging_mixin.py:109} INFO - [2021-09-22 10:38:51,885] {dagbag.py:496} INFO - Filling up the DagBag from /home/airflow/.local/lib/python3.6/site-packages/airflow/example_dags/tutorial.py
[2021-09-22 10:38:51,900] {processor.py:623} INFO - DAG(s) dict_keys(['tutorial']) retrieved from /home/airflow/.local/lib/python3.6/site-packages/airflow/example_dags/tutorial.py
[2021-09-22 10:38:51,929] {logging_mixin.py:109} INFO - [2021-09-22 10:38:51,928] {dag.py:1834} INFO - Sync 1 DAGs
[2021-09-22 10:38:51,948] {logging_mixin.py:109} INFO - [2021-09-22 10:38:51,948] {dag.py:2287} INFO - Setting next_dagrun for tutorial to 2021-09-20 00:00:00+00:00
[2021-09-22 10:38:51,961] {processor.py:170} INFO - Processing /home/airflow/.local/lib/python3.6/site-packages/airflow/example_dags/tutorial.py took 0.082 seconds
[2021-09-22 10:41:40,870] {processor.py:162} INFO - Started process (PID=69) to work on /home/airflow/.local/lib/python3.6/site-packages/airflow/example_dags/tutorial.py
[2021-09-22 10:41:40,873] {processor.py:613} INFO - Processing file /home/airflow/.local/lib/python3.6/site-packages/airflow/example_dags/tutorial.py for tasks to queue
[2021-09-22 10:41:40,874] {logging_mixin.py:109} INFO - [2021-09-22 10:41:40,874] {dagbag.py:496} INFO - Filling up the DagBag from /home/airflow/.local/lib/python3.6/site-packages/airflow/example_dags/tutorial.py
[2021-09-22 10:41:40,941] {processor.py:623} INFO - DAG(s) dict_keys(['tutorial']) retrieved from /home/airflow/.local/lib/python3.6/site-packages/airflow/example_dags/tutorial.py
[2021-09-22 10:41:41,039] {logging_mixin.py:109} INFO - [2021-09-22 10:41:41,039] {dag.py:1834} INFO - Sync 1 DAGs
[2021-09-22 10:41:41,112] {logging_mixin.py:109} INFO - [2021-09-22 10:41:41,111] {dag.py:2287} INFO - Setting next_dagrun for tutorial to 2021-09-20 00:00:00+00:00
[2021-09-22 10:41:41,156] {processor.py:170} INFO - Processing /home/airflow/.local/lib/python3.6/site-packages/airflow/example_dags/tutorial.py took 0.304 seconds
[2021-09-22 10:42:12,034] {processor.py:162} INFO - Started process (PID=127) to work on /home/airflow/.local/lib/python3.6/site-packages/airflow/example_dags/tutorial.py
[2021-09-22 10:42:12,036] {processor.py:613} INFO - Processing file /home/airflow/.local/lib/python3.6/site-packages/airflow/example_dags/tutorial.py for tasks to queue
[2021-09-22 10:42:12,038] {logging_mixin.py:109} INFO - [2021-09-22 10:42:12,037] {dagbag.py:496} INFO - Filling up the DagBag from /home/airflow/.local/lib/python3.6/site-packages/airflow/example_dags/tutorial.py
[2021-09-22 10:42:12,058] {processor.py:623} INFO - DAG(s) dict_keys(['tutorial']) retrieved from /home/airflow/.local/lib/python3.6/site-packages/airflow/example_dags/tutorial.py
[2021-09-22 10:42:12,143] {logging_mixin.py:109} INFO - [2021-09-22 10:42:12,143] {dag.py:1834} INFO - Sync 1 DAGs
[2021-09-22 10:42:12,171] {logging_mixin.py:109} INFO - [2021-09-22 10:42:12,171] {dag.py:2287} INFO - Setting next_dagrun for tutorial to 2021-09-20 00:00:00+00:00
[2021-09-22 10:42:12,209] {processor.py:170} INFO - Processing /home/airflow/.local/lib/python3.6/site-packages/airflow/example_dags/tutorial.py took 0.179 seconds
[2021-09-22 10:42:42,336] {processor.py:162} INFO - Started process (PID=183) to work on /home/airflow/.local/lib/python3.6/site-packages/airflow/example_dags/tutorial.py
[2021-09-22 10:42:42,340] {processor.py:613} INFO - Processing file /home/airflow/.local/lib/python3.6/site-packages/airflow/example_dags/tutorial.py for tasks to queue
[2021-09-22 10:42:42,341] {logging_mixin.py:109} INFO - [2021-09-22 10:42:42,341] {dagbag.py:496} INFO - Filling up the DagBag from /home/airflow/.local/lib/python3.6/site-packages/airflow/example_dags/tutorial.py
[2021-09-22 10:42:42,378] {processor.py:623} INFO - DAG(s) dict_keys(['tutorial']) retrieved from /home/airflow/.local/lib/python3.6/site-packages/airflow/example_dags/tutorial.py
[2021-09-22 10:42:42,440] {logging_mixin.py:109} INFO - [2021-09-22 10:42:42,440] {dag.py:1834} INFO - Sync 1 DAGs
[2021-09-22 10:42:42,481] {logging_mixin.py:109} INFO - [2021-09-22 10:42:42,481] {dag.py:2287} INFO - Setting next_dagrun for tutorial to 2021-09-20 00:00:00+00:00
[2021-09-22 10:42:42,520] {processor.py:170} INFO - Processing /home/airflow/.local/lib/python3.6/site-packages/airflow/example_dags/tutorial.py took 0.194 seconds
[2021-09-22 10:43:13,812] {processor.py:162} INFO - Started process (PID=244) to work on /home/airflow/.local/lib/python3.6/site-packages/airflow/example_dags/tutorial.py
[2021-09-22 10:43:13,822] {processor.py:613} INFO - Processing file /home/airflow/.local/lib/python3.6/site-packages/airflow/example_dags/tutorial.py for tasks to queue
[2021-09-22 10:43:13,823] {logging_mixin.py:109} INFO - [2021-09-22 10:43:13,822] {dagbag.py:496} INFO - Filling up the DagBag from /home/airflow/.local/lib/python3.6/site-packages/airflow/example_dags/tutorial.py
[2021-09-22 10:43:13,847] {processor.py:623} INFO - DAG(s) dict_keys(['tutorial']) retrieved from /home/airflow/.local/lib/python3.6/site-packages/airflow/example_dags/tutorial.py
[2021-09-22 10:43:13,907] {logging_mixin.py:109} INFO - [2021-09-22 10:43:13,907] {dag.py:1834} INFO - Sync 1 DAGs
[2021-09-22 10:43:13,924] {logging_mixin.py:109} INFO - [2021-09-22 10:43:13,924] {dag.py:2287} INFO - Setting next_dagrun for tutorial to 2021-09-20 00:00:00+00:00
[2021-09-22 10:43:13,937] {processor.py:170} INFO - Processing /home/airflow/.local/lib/python3.6/site-packages/airflow/example_dags/tutorial.py took 0.130 seconds
[2021-09-22 10:43:44,450] {processor.py:162} INFO - Started process (PID=296) to work on /home/airflow/.local/lib/python3.6/site-packages/airflow/example_dags/tutorial.py
[2021-09-22 10:43:44,452] {processor.py:613} INFO - Processing file /home/airflow/.local/lib/python3.6/site-packages/airflow/example_dags/tutorial.py for tasks to queue
[2021-09-22 10:43:44,453] {logging_mixin.py:109} INFO - [2021-09-22 10:43:44,453] {dagbag.py:496} INFO - Filling up the DagBag from /home/airflow/.local/lib/python3.6/site-packages/airflow/example_dags/tutorial.py
[2021-09-22 10:43:44,477] {processor.py:623} INFO - DAG(s) dict_keys(['tutorial']) retrieved from /home/airflow/.local/lib/python3.6/site-packages/airflow/example_dags/tutorial.py
[2021-09-22 10:43:44,543] {logging_mixin.py:109} INFO - [2021-09-22 10:43:44,543] {dag.py:1834} INFO - Sync 1 DAGs
[2021-09-22 10:43:44,596] {logging_mixin.py:109} INFO - [2021-09-22 10:43:44,596] {dag.py:2287} INFO - Setting next_dagrun for tutorial to 2021-09-20 00:00:00+00:00
[2021-09-22 10:43:44,618] {processor.py:170} INFO - Processing /home/airflow/.local/lib/python3.6/site-packages/airflow/example_dags/tutorial.py took 0.172 seconds
