[2021-09-22 10:26:59,099] {processor.py:162} INFO - Started process (PID=184) to work on /home/airflow/.local/lib/python3.6/site-packages/airflow/example_dags/tutorial_etl_dag.py
[2021-09-22 10:26:59,102] {processor.py:613} INFO - Processing file /home/airflow/.local/lib/python3.6/site-packages/airflow/example_dags/tutorial_etl_dag.py for tasks to queue
[2021-09-22 10:26:59,116] {logging_mixin.py:109} INFO - [2021-09-22 10:26:59,115] {dagbag.py:496} INFO - Filling up the DagBag from /home/airflow/.local/lib/python3.6/site-packages/airflow/example_dags/tutorial_etl_dag.py
[2021-09-22 10:26:59,252] {processor.py:623} INFO - DAG(s) dict_keys(['tutorial_etl_dag']) retrieved from /home/airflow/.local/lib/python3.6/site-packages/airflow/example_dags/tutorial_etl_dag.py
[2021-09-22 10:27:08,213] {logging_mixin.py:109} INFO - [2021-09-22 10:27:08,212] {dag.py:1834} INFO - Sync 1 DAGs
[2021-09-22 10:27:08,254] {logging_mixin.py:109} INFO - [2021-09-22 10:27:08,252] {dag.py:1853} INFO - Creating ORM DAG for tutorial_etl_dag
[2021-09-22 10:27:08,271] {logging_mixin.py:109} INFO - [2021-09-22 10:27:08,271] {dag.py:2287} INFO - Setting next_dagrun for tutorial_etl_dag to None
[2021-09-22 10:27:08,337] {processor.py:170} INFO - Processing /home/airflow/.local/lib/python3.6/site-packages/airflow/example_dags/tutorial_etl_dag.py took 9.268 seconds
[2021-09-22 10:27:38,553] {processor.py:162} INFO - Started process (PID=241) to work on /home/airflow/.local/lib/python3.6/site-packages/airflow/example_dags/tutorial_etl_dag.py
[2021-09-22 10:27:38,554] {processor.py:613} INFO - Processing file /home/airflow/.local/lib/python3.6/site-packages/airflow/example_dags/tutorial_etl_dag.py for tasks to queue
[2021-09-22 10:27:38,555] {logging_mixin.py:109} INFO - [2021-09-22 10:27:38,555] {dagbag.py:496} INFO - Filling up the DagBag from /home/airflow/.local/lib/python3.6/site-packages/airflow/example_dags/tutorial_etl_dag.py
[2021-09-22 10:27:38,572] {processor.py:623} INFO - DAG(s) dict_keys(['tutorial_etl_dag']) retrieved from /home/airflow/.local/lib/python3.6/site-packages/airflow/example_dags/tutorial_etl_dag.py
[2021-09-22 10:27:38,618] {logging_mixin.py:109} INFO - [2021-09-22 10:27:38,618] {dag.py:1834} INFO - Sync 1 DAGs
[2021-09-22 10:27:38,639] {logging_mixin.py:109} INFO - [2021-09-22 10:27:38,639] {dag.py:2287} INFO - Setting next_dagrun for tutorial_etl_dag to None
[2021-09-22 10:27:38,656] {processor.py:170} INFO - Processing /home/airflow/.local/lib/python3.6/site-packages/airflow/example_dags/tutorial_etl_dag.py took 0.108 seconds
[2021-09-22 10:28:09,361] {processor.py:162} INFO - Started process (PID=301) to work on /home/airflow/.local/lib/python3.6/site-packages/airflow/example_dags/tutorial_etl_dag.py
[2021-09-22 10:28:09,363] {processor.py:613} INFO - Processing file /home/airflow/.local/lib/python3.6/site-packages/airflow/example_dags/tutorial_etl_dag.py for tasks to queue
[2021-09-22 10:28:09,364] {logging_mixin.py:109} INFO - [2021-09-22 10:28:09,364] {dagbag.py:496} INFO - Filling up the DagBag from /home/airflow/.local/lib/python3.6/site-packages/airflow/example_dags/tutorial_etl_dag.py
[2021-09-22 10:28:09,375] {processor.py:623} INFO - DAG(s) dict_keys(['tutorial_etl_dag']) retrieved from /home/airflow/.local/lib/python3.6/site-packages/airflow/example_dags/tutorial_etl_dag.py
[2021-09-22 10:28:09,396] {logging_mixin.py:109} INFO - [2021-09-22 10:28:09,396] {dag.py:1834} INFO - Sync 1 DAGs
[2021-09-22 10:28:09,409] {logging_mixin.py:109} INFO - [2021-09-22 10:28:09,409] {dag.py:2287} INFO - Setting next_dagrun for tutorial_etl_dag to None
[2021-09-22 10:28:09,419] {processor.py:170} INFO - Processing /home/airflow/.local/lib/python3.6/site-packages/airflow/example_dags/tutorial_etl_dag.py took 0.061 seconds
[2021-09-22 10:28:39,886] {processor.py:162} INFO - Started process (PID=352) to work on /home/airflow/.local/lib/python3.6/site-packages/airflow/example_dags/tutorial_etl_dag.py
[2021-09-22 10:28:39,889] {processor.py:613} INFO - Processing file /home/airflow/.local/lib/python3.6/site-packages/airflow/example_dags/tutorial_etl_dag.py for tasks to queue
[2021-09-22 10:28:39,890] {logging_mixin.py:109} INFO - [2021-09-22 10:28:39,890] {dagbag.py:496} INFO - Filling up the DagBag from /home/airflow/.local/lib/python3.6/site-packages/airflow/example_dags/tutorial_etl_dag.py
[2021-09-22 10:28:39,919] {processor.py:623} INFO - DAG(s) dict_keys(['tutorial_etl_dag']) retrieved from /home/airflow/.local/lib/python3.6/site-packages/airflow/example_dags/tutorial_etl_dag.py
[2021-09-22 10:28:39,961] {logging_mixin.py:109} INFO - [2021-09-22 10:28:39,960] {dag.py:1834} INFO - Sync 1 DAGs
[2021-09-22 10:28:39,989] {logging_mixin.py:109} INFO - [2021-09-22 10:28:39,989] {dag.py:2287} INFO - Setting next_dagrun for tutorial_etl_dag to None
[2021-09-22 10:28:40,008] {processor.py:170} INFO - Processing /home/airflow/.local/lib/python3.6/site-packages/airflow/example_dags/tutorial_etl_dag.py took 0.128 seconds
[2021-09-22 10:29:10,095] {processor.py:162} INFO - Started process (PID=403) to work on /home/airflow/.local/lib/python3.6/site-packages/airflow/example_dags/tutorial_etl_dag.py
[2021-09-22 10:29:10,097] {processor.py:613} INFO - Processing file /home/airflow/.local/lib/python3.6/site-packages/airflow/example_dags/tutorial_etl_dag.py for tasks to queue
[2021-09-22 10:29:10,097] {logging_mixin.py:109} INFO - [2021-09-22 10:29:10,097] {dagbag.py:496} INFO - Filling up the DagBag from /home/airflow/.local/lib/python3.6/site-packages/airflow/example_dags/tutorial_etl_dag.py
[2021-09-22 10:29:10,113] {processor.py:623} INFO - DAG(s) dict_keys(['tutorial_etl_dag']) retrieved from /home/airflow/.local/lib/python3.6/site-packages/airflow/example_dags/tutorial_etl_dag.py
[2021-09-22 10:29:10,145] {logging_mixin.py:109} INFO - [2021-09-22 10:29:10,145] {dag.py:1834} INFO - Sync 1 DAGs
[2021-09-22 10:29:10,162] {logging_mixin.py:109} INFO - [2021-09-22 10:29:10,162] {dag.py:2287} INFO - Setting next_dagrun for tutorial_etl_dag to None
[2021-09-22 10:29:10,173] {processor.py:170} INFO - Processing /home/airflow/.local/lib/python3.6/site-packages/airflow/example_dags/tutorial_etl_dag.py took 0.082 seconds
[2021-09-22 10:29:40,378] {processor.py:162} INFO - Started process (PID=463) to work on /home/airflow/.local/lib/python3.6/site-packages/airflow/example_dags/tutorial_etl_dag.py
[2021-09-22 10:29:40,381] {processor.py:613} INFO - Processing file /home/airflow/.local/lib/python3.6/site-packages/airflow/example_dags/tutorial_etl_dag.py for tasks to queue
[2021-09-22 10:29:40,382] {logging_mixin.py:109} INFO - [2021-09-22 10:29:40,382] {dagbag.py:496} INFO - Filling up the DagBag from /home/airflow/.local/lib/python3.6/site-packages/airflow/example_dags/tutorial_etl_dag.py
[2021-09-22 10:29:40,422] {processor.py:623} INFO - DAG(s) dict_keys(['tutorial_etl_dag']) retrieved from /home/airflow/.local/lib/python3.6/site-packages/airflow/example_dags/tutorial_etl_dag.py
[2021-09-22 10:29:40,503] {logging_mixin.py:109} INFO - [2021-09-22 10:29:40,503] {dag.py:1834} INFO - Sync 1 DAGs
[2021-09-22 10:29:40,537] {logging_mixin.py:109} INFO - [2021-09-22 10:29:40,537] {dag.py:2287} INFO - Setting next_dagrun for tutorial_etl_dag to None
[2021-09-22 10:29:40,590] {processor.py:170} INFO - Processing /home/airflow/.local/lib/python3.6/site-packages/airflow/example_dags/tutorial_etl_dag.py took 0.219 seconds
[2021-09-22 10:30:11,016] {processor.py:162} INFO - Started process (PID=514) to work on /home/airflow/.local/lib/python3.6/site-packages/airflow/example_dags/tutorial_etl_dag.py
[2021-09-22 10:30:11,018] {processor.py:613} INFO - Processing file /home/airflow/.local/lib/python3.6/site-packages/airflow/example_dags/tutorial_etl_dag.py for tasks to queue
[2021-09-22 10:30:11,019] {logging_mixin.py:109} INFO - [2021-09-22 10:30:11,019] {dagbag.py:496} INFO - Filling up the DagBag from /home/airflow/.local/lib/python3.6/site-packages/airflow/example_dags/tutorial_etl_dag.py
[2021-09-22 10:30:11,034] {processor.py:623} INFO - DAG(s) dict_keys(['tutorial_etl_dag']) retrieved from /home/airflow/.local/lib/python3.6/site-packages/airflow/example_dags/tutorial_etl_dag.py
[2021-09-22 10:30:11,096] {logging_mixin.py:109} INFO - [2021-09-22 10:30:11,095] {dag.py:1834} INFO - Sync 1 DAGs
[2021-09-22 10:30:11,119] {logging_mixin.py:109} INFO - [2021-09-22 10:30:11,118] {dag.py:2287} INFO - Setting next_dagrun for tutorial_etl_dag to None
[2021-09-22 10:30:11,134] {processor.py:170} INFO - Processing /home/airflow/.local/lib/python3.6/site-packages/airflow/example_dags/tutorial_etl_dag.py took 0.122 seconds
[2021-09-22 10:30:41,766] {processor.py:162} INFO - Started process (PID=577) to work on /home/airflow/.local/lib/python3.6/site-packages/airflow/example_dags/tutorial_etl_dag.py
[2021-09-22 10:30:41,768] {processor.py:613} INFO - Processing file /home/airflow/.local/lib/python3.6/site-packages/airflow/example_dags/tutorial_etl_dag.py for tasks to queue
[2021-09-22 10:30:41,770] {logging_mixin.py:109} INFO - [2021-09-22 10:30:41,770] {dagbag.py:496} INFO - Filling up the DagBag from /home/airflow/.local/lib/python3.6/site-packages/airflow/example_dags/tutorial_etl_dag.py
[2021-09-22 10:30:41,806] {processor.py:623} INFO - DAG(s) dict_keys(['tutorial_etl_dag']) retrieved from /home/airflow/.local/lib/python3.6/site-packages/airflow/example_dags/tutorial_etl_dag.py
[2021-09-22 10:30:41,870] {logging_mixin.py:109} INFO - [2021-09-22 10:30:41,870] {dag.py:1834} INFO - Sync 1 DAGs
[2021-09-22 10:30:41,904] {logging_mixin.py:109} INFO - [2021-09-22 10:30:41,904] {dag.py:2287} INFO - Setting next_dagrun for tutorial_etl_dag to None
[2021-09-22 10:30:41,927] {processor.py:170} INFO - Processing /home/airflow/.local/lib/python3.6/site-packages/airflow/example_dags/tutorial_etl_dag.py took 0.167 seconds
[2021-09-22 10:31:12,347] {processor.py:162} INFO - Started process (PID=630) to work on /home/airflow/.local/lib/python3.6/site-packages/airflow/example_dags/tutorial_etl_dag.py
[2021-09-22 10:31:12,348] {processor.py:613} INFO - Processing file /home/airflow/.local/lib/python3.6/site-packages/airflow/example_dags/tutorial_etl_dag.py for tasks to queue
[2021-09-22 10:31:12,349] {logging_mixin.py:109} INFO - [2021-09-22 10:31:12,349] {dagbag.py:496} INFO - Filling up the DagBag from /home/airflow/.local/lib/python3.6/site-packages/airflow/example_dags/tutorial_etl_dag.py
[2021-09-22 10:31:12,361] {processor.py:623} INFO - DAG(s) dict_keys(['tutorial_etl_dag']) retrieved from /home/airflow/.local/lib/python3.6/site-packages/airflow/example_dags/tutorial_etl_dag.py
[2021-09-22 10:31:12,380] {logging_mixin.py:109} INFO - [2021-09-22 10:31:12,380] {dag.py:1834} INFO - Sync 1 DAGs
[2021-09-22 10:31:12,393] {logging_mixin.py:109} INFO - [2021-09-22 10:31:12,393] {dag.py:2287} INFO - Setting next_dagrun for tutorial_etl_dag to None
[2021-09-22 10:31:12,402] {processor.py:170} INFO - Processing /home/airflow/.local/lib/python3.6/site-packages/airflow/example_dags/tutorial_etl_dag.py took 0.058 seconds
[2021-09-22 10:31:42,747] {processor.py:162} INFO - Started process (PID=682) to work on /home/airflow/.local/lib/python3.6/site-packages/airflow/example_dags/tutorial_etl_dag.py
[2021-09-22 10:31:42,749] {processor.py:613} INFO - Processing file /home/airflow/.local/lib/python3.6/site-packages/airflow/example_dags/tutorial_etl_dag.py for tasks to queue
[2021-09-22 10:31:42,750] {logging_mixin.py:109} INFO - [2021-09-22 10:31:42,750] {dagbag.py:496} INFO - Filling up the DagBag from /home/airflow/.local/lib/python3.6/site-packages/airflow/example_dags/tutorial_etl_dag.py
[2021-09-22 10:31:42,766] {processor.py:623} INFO - DAG(s) dict_keys(['tutorial_etl_dag']) retrieved from /home/airflow/.local/lib/python3.6/site-packages/airflow/example_dags/tutorial_etl_dag.py
[2021-09-22 10:31:42,794] {logging_mixin.py:109} INFO - [2021-09-22 10:31:42,794] {dag.py:1834} INFO - Sync 1 DAGs
[2021-09-22 10:31:42,815] {logging_mixin.py:109} INFO - [2021-09-22 10:31:42,814] {dag.py:2287} INFO - Setting next_dagrun for tutorial_etl_dag to None
[2021-09-22 10:31:42,829] {processor.py:170} INFO - Processing /home/airflow/.local/lib/python3.6/site-packages/airflow/example_dags/tutorial_etl_dag.py took 0.086 seconds
[2021-09-22 10:32:13,285] {processor.py:162} INFO - Started process (PID=745) to work on /home/airflow/.local/lib/python3.6/site-packages/airflow/example_dags/tutorial_etl_dag.py
[2021-09-22 10:32:13,286] {processor.py:613} INFO - Processing file /home/airflow/.local/lib/python3.6/site-packages/airflow/example_dags/tutorial_etl_dag.py for tasks to queue
[2021-09-22 10:32:13,287] {logging_mixin.py:109} INFO - [2021-09-22 10:32:13,287] {dagbag.py:496} INFO - Filling up the DagBag from /home/airflow/.local/lib/python3.6/site-packages/airflow/example_dags/tutorial_etl_dag.py
[2021-09-22 10:32:13,307] {processor.py:623} INFO - DAG(s) dict_keys(['tutorial_etl_dag']) retrieved from /home/airflow/.local/lib/python3.6/site-packages/airflow/example_dags/tutorial_etl_dag.py
[2021-09-22 10:32:13,347] {logging_mixin.py:109} INFO - [2021-09-22 10:32:13,347] {dag.py:1834} INFO - Sync 1 DAGs
[2021-09-22 10:32:13,374] {logging_mixin.py:109} INFO - [2021-09-22 10:32:13,374] {dag.py:2287} INFO - Setting next_dagrun for tutorial_etl_dag to None
[2021-09-22 10:32:13,388] {processor.py:170} INFO - Processing /home/airflow/.local/lib/python3.6/site-packages/airflow/example_dags/tutorial_etl_dag.py took 0.108 seconds
[2021-09-22 10:32:44,307] {processor.py:162} INFO - Started process (PID=796) to work on /home/airflow/.local/lib/python3.6/site-packages/airflow/example_dags/tutorial_etl_dag.py
[2021-09-22 10:32:44,309] {processor.py:613} INFO - Processing file /home/airflow/.local/lib/python3.6/site-packages/airflow/example_dags/tutorial_etl_dag.py for tasks to queue
[2021-09-22 10:32:44,311] {logging_mixin.py:109} INFO - [2021-09-22 10:32:44,310] {dagbag.py:496} INFO - Filling up the DagBag from /home/airflow/.local/lib/python3.6/site-packages/airflow/example_dags/tutorial_etl_dag.py
[2021-09-22 10:32:44,330] {processor.py:623} INFO - DAG(s) dict_keys(['tutorial_etl_dag']) retrieved from /home/airflow/.local/lib/python3.6/site-packages/airflow/example_dags/tutorial_etl_dag.py
[2021-09-22 10:32:44,356] {logging_mixin.py:109} INFO - [2021-09-22 10:32:44,356] {dag.py:1834} INFO - Sync 1 DAGs
[2021-09-22 10:32:44,373] {logging_mixin.py:109} INFO - [2021-09-22 10:32:44,372] {dag.py:2287} INFO - Setting next_dagrun for tutorial_etl_dag to None
[2021-09-22 10:32:44,384] {processor.py:170} INFO - Processing /home/airflow/.local/lib/python3.6/site-packages/airflow/example_dags/tutorial_etl_dag.py took 0.080 seconds
[2021-09-22 10:33:14,742] {processor.py:162} INFO - Started process (PID=857) to work on /home/airflow/.local/lib/python3.6/site-packages/airflow/example_dags/tutorial_etl_dag.py
[2021-09-22 10:33:14,749] {processor.py:613} INFO - Processing file /home/airflow/.local/lib/python3.6/site-packages/airflow/example_dags/tutorial_etl_dag.py for tasks to queue
[2021-09-22 10:33:14,750] {logging_mixin.py:109} INFO - [2021-09-22 10:33:14,750] {dagbag.py:496} INFO - Filling up the DagBag from /home/airflow/.local/lib/python3.6/site-packages/airflow/example_dags/tutorial_etl_dag.py
[2021-09-22 10:33:14,777] {processor.py:623} INFO - DAG(s) dict_keys(['tutorial_etl_dag']) retrieved from /home/airflow/.local/lib/python3.6/site-packages/airflow/example_dags/tutorial_etl_dag.py
[2021-09-22 10:33:14,822] {logging_mixin.py:109} INFO - [2021-09-22 10:33:14,822] {dag.py:1834} INFO - Sync 1 DAGs
[2021-09-22 10:33:14,852] {logging_mixin.py:109} INFO - [2021-09-22 10:33:14,852] {dag.py:2287} INFO - Setting next_dagrun for tutorial_etl_dag to None
[2021-09-22 10:33:14,870] {processor.py:170} INFO - Processing /home/airflow/.local/lib/python3.6/site-packages/airflow/example_dags/tutorial_etl_dag.py took 0.137 seconds
[2021-09-22 10:33:45,453] {processor.py:162} INFO - Started process (PID=916) to work on /home/airflow/.local/lib/python3.6/site-packages/airflow/example_dags/tutorial_etl_dag.py
[2021-09-22 10:33:45,466] {processor.py:613} INFO - Processing file /home/airflow/.local/lib/python3.6/site-packages/airflow/example_dags/tutorial_etl_dag.py for tasks to queue
[2021-09-22 10:33:45,467] {logging_mixin.py:109} INFO - [2021-09-22 10:33:45,467] {dagbag.py:496} INFO - Filling up the DagBag from /home/airflow/.local/lib/python3.6/site-packages/airflow/example_dags/tutorial_etl_dag.py
[2021-09-22 10:33:45,503] {processor.py:623} INFO - DAG(s) dict_keys(['tutorial_etl_dag']) retrieved from /home/airflow/.local/lib/python3.6/site-packages/airflow/example_dags/tutorial_etl_dag.py
[2021-09-22 10:33:45,557] {logging_mixin.py:109} INFO - [2021-09-22 10:33:45,557] {dag.py:1834} INFO - Sync 1 DAGs
[2021-09-22 10:33:45,588] {logging_mixin.py:109} INFO - [2021-09-22 10:33:45,588] {dag.py:2287} INFO - Setting next_dagrun for tutorial_etl_dag to None
[2021-09-22 10:33:45,632] {processor.py:170} INFO - Processing /home/airflow/.local/lib/python3.6/site-packages/airflow/example_dags/tutorial_etl_dag.py took 0.183 seconds
[2021-09-22 10:34:16,237] {processor.py:162} INFO - Started process (PID=970) to work on /home/airflow/.local/lib/python3.6/site-packages/airflow/example_dags/tutorial_etl_dag.py
[2021-09-22 10:34:16,239] {processor.py:613} INFO - Processing file /home/airflow/.local/lib/python3.6/site-packages/airflow/example_dags/tutorial_etl_dag.py for tasks to queue
[2021-09-22 10:34:16,241] {logging_mixin.py:109} INFO - [2021-09-22 10:34:16,240] {dagbag.py:496} INFO - Filling up the DagBag from /home/airflow/.local/lib/python3.6/site-packages/airflow/example_dags/tutorial_etl_dag.py
[2021-09-22 10:34:16,255] {processor.py:623} INFO - DAG(s) dict_keys(['tutorial_etl_dag']) retrieved from /home/airflow/.local/lib/python3.6/site-packages/airflow/example_dags/tutorial_etl_dag.py
[2021-09-22 10:34:16,279] {logging_mixin.py:109} INFO - [2021-09-22 10:34:16,279] {dag.py:1834} INFO - Sync 1 DAGs
[2021-09-22 10:34:16,298] {logging_mixin.py:109} INFO - [2021-09-22 10:34:16,298] {dag.py:2287} INFO - Setting next_dagrun for tutorial_etl_dag to None
[2021-09-22 10:34:16,311] {processor.py:170} INFO - Processing /home/airflow/.local/lib/python3.6/site-packages/airflow/example_dags/tutorial_etl_dag.py took 0.078 seconds
[2021-09-22 10:34:46,510] {processor.py:162} INFO - Started process (PID=1020) to work on /home/airflow/.local/lib/python3.6/site-packages/airflow/example_dags/tutorial_etl_dag.py
[2021-09-22 10:34:46,513] {processor.py:613} INFO - Processing file /home/airflow/.local/lib/python3.6/site-packages/airflow/example_dags/tutorial_etl_dag.py for tasks to queue
[2021-09-22 10:34:46,514] {logging_mixin.py:109} INFO - [2021-09-22 10:34:46,514] {dagbag.py:496} INFO - Filling up the DagBag from /home/airflow/.local/lib/python3.6/site-packages/airflow/example_dags/tutorial_etl_dag.py
[2021-09-22 10:34:46,532] {processor.py:623} INFO - DAG(s) dict_keys(['tutorial_etl_dag']) retrieved from /home/airflow/.local/lib/python3.6/site-packages/airflow/example_dags/tutorial_etl_dag.py
[2021-09-22 10:34:46,559] {logging_mixin.py:109} INFO - [2021-09-22 10:34:46,559] {dag.py:1834} INFO - Sync 1 DAGs
[2021-09-22 10:34:46,575] {logging_mixin.py:109} INFO - [2021-09-22 10:34:46,575] {dag.py:2287} INFO - Setting next_dagrun for tutorial_etl_dag to None
[2021-09-22 10:34:46,587] {processor.py:170} INFO - Processing /home/airflow/.local/lib/python3.6/site-packages/airflow/example_dags/tutorial_etl_dag.py took 0.081 seconds
[2021-09-22 10:35:17,169] {processor.py:162} INFO - Started process (PID=1071) to work on /home/airflow/.local/lib/python3.6/site-packages/airflow/example_dags/tutorial_etl_dag.py
[2021-09-22 10:35:17,170] {processor.py:613} INFO - Processing file /home/airflow/.local/lib/python3.6/site-packages/airflow/example_dags/tutorial_etl_dag.py for tasks to queue
[2021-09-22 10:35:17,172] {logging_mixin.py:109} INFO - [2021-09-22 10:35:17,172] {dagbag.py:496} INFO - Filling up the DagBag from /home/airflow/.local/lib/python3.6/site-packages/airflow/example_dags/tutorial_etl_dag.py
[2021-09-22 10:35:17,187] {processor.py:623} INFO - DAG(s) dict_keys(['tutorial_etl_dag']) retrieved from /home/airflow/.local/lib/python3.6/site-packages/airflow/example_dags/tutorial_etl_dag.py
[2021-09-22 10:35:17,215] {logging_mixin.py:109} INFO - [2021-09-22 10:35:17,215] {dag.py:1834} INFO - Sync 1 DAGs
[2021-09-22 10:35:17,230] {logging_mixin.py:109} INFO - [2021-09-22 10:35:17,229] {dag.py:2287} INFO - Setting next_dagrun for tutorial_etl_dag to None
[2021-09-22 10:35:17,241] {processor.py:170} INFO - Processing /home/airflow/.local/lib/python3.6/site-packages/airflow/example_dags/tutorial_etl_dag.py took 0.075 seconds
[2021-09-22 10:35:47,716] {processor.py:162} INFO - Started process (PID=1133) to work on /home/airflow/.local/lib/python3.6/site-packages/airflow/example_dags/tutorial_etl_dag.py
[2021-09-22 10:35:47,717] {processor.py:613} INFO - Processing file /home/airflow/.local/lib/python3.6/site-packages/airflow/example_dags/tutorial_etl_dag.py for tasks to queue
[2021-09-22 10:35:47,718] {logging_mixin.py:109} INFO - [2021-09-22 10:35:47,718] {dagbag.py:496} INFO - Filling up the DagBag from /home/airflow/.local/lib/python3.6/site-packages/airflow/example_dags/tutorial_etl_dag.py
[2021-09-22 10:35:47,733] {processor.py:623} INFO - DAG(s) dict_keys(['tutorial_etl_dag']) retrieved from /home/airflow/.local/lib/python3.6/site-packages/airflow/example_dags/tutorial_etl_dag.py
[2021-09-22 10:35:47,760] {logging_mixin.py:109} INFO - [2021-09-22 10:35:47,760] {dag.py:1834} INFO - Sync 1 DAGs
[2021-09-22 10:35:47,777] {logging_mixin.py:109} INFO - [2021-09-22 10:35:47,776] {dag.py:2287} INFO - Setting next_dagrun for tutorial_etl_dag to None
[2021-09-22 10:35:47,790] {processor.py:170} INFO - Processing /home/airflow/.local/lib/python3.6/site-packages/airflow/example_dags/tutorial_etl_dag.py took 0.078 seconds
[2021-09-22 10:36:18,415] {processor.py:162} INFO - Started process (PID=1184) to work on /home/airflow/.local/lib/python3.6/site-packages/airflow/example_dags/tutorial_etl_dag.py
[2021-09-22 10:36:18,418] {processor.py:613} INFO - Processing file /home/airflow/.local/lib/python3.6/site-packages/airflow/example_dags/tutorial_etl_dag.py for tasks to queue
[2021-09-22 10:36:18,420] {logging_mixin.py:109} INFO - [2021-09-22 10:36:18,419] {dagbag.py:496} INFO - Filling up the DagBag from /home/airflow/.local/lib/python3.6/site-packages/airflow/example_dags/tutorial_etl_dag.py
[2021-09-22 10:36:18,438] {processor.py:623} INFO - DAG(s) dict_keys(['tutorial_etl_dag']) retrieved from /home/airflow/.local/lib/python3.6/site-packages/airflow/example_dags/tutorial_etl_dag.py
[2021-09-22 10:36:18,466] {logging_mixin.py:109} INFO - [2021-09-22 10:36:18,466] {dag.py:1834} INFO - Sync 1 DAGs
[2021-09-22 10:36:18,484] {logging_mixin.py:109} INFO - [2021-09-22 10:36:18,483] {dag.py:2287} INFO - Setting next_dagrun for tutorial_etl_dag to None
[2021-09-22 10:36:18,495] {processor.py:170} INFO - Processing /home/airflow/.local/lib/python3.6/site-packages/airflow/example_dags/tutorial_etl_dag.py took 0.084 seconds
[2021-09-22 10:38:21,253] {processor.py:162} INFO - Started process (PID=82) to work on /home/airflow/.local/lib/python3.6/site-packages/airflow/example_dags/tutorial_etl_dag.py
[2021-09-22 10:38:21,268] {processor.py:613} INFO - Processing file /home/airflow/.local/lib/python3.6/site-packages/airflow/example_dags/tutorial_etl_dag.py for tasks to queue
[2021-09-22 10:38:21,269] {logging_mixin.py:109} INFO - [2021-09-22 10:38:21,269] {dagbag.py:496} INFO - Filling up the DagBag from /home/airflow/.local/lib/python3.6/site-packages/airflow/example_dags/tutorial_etl_dag.py
[2021-09-22 10:38:21,298] {processor.py:623} INFO - DAG(s) dict_keys(['tutorial_etl_dag']) retrieved from /home/airflow/.local/lib/python3.6/site-packages/airflow/example_dags/tutorial_etl_dag.py
[2021-09-22 10:38:21,414] {logging_mixin.py:109} INFO - [2021-09-22 10:38:21,414] {dag.py:1834} INFO - Sync 1 DAGs
[2021-09-22 10:38:21,458] {logging_mixin.py:109} INFO - [2021-09-22 10:38:21,458] {dag.py:2287} INFO - Setting next_dagrun for tutorial_etl_dag to None
[2021-09-22 10:38:21,516] {processor.py:170} INFO - Processing /home/airflow/.local/lib/python3.6/site-packages/airflow/example_dags/tutorial_etl_dag.py took 0.277 seconds
[2021-09-22 10:38:51,996] {processor.py:162} INFO - Started process (PID=133) to work on /home/airflow/.local/lib/python3.6/site-packages/airflow/example_dags/tutorial_etl_dag.py
[2021-09-22 10:38:51,997] {processor.py:613} INFO - Processing file /home/airflow/.local/lib/python3.6/site-packages/airflow/example_dags/tutorial_etl_dag.py for tasks to queue
[2021-09-22 10:38:51,998] {logging_mixin.py:109} INFO - [2021-09-22 10:38:51,998] {dagbag.py:496} INFO - Filling up the DagBag from /home/airflow/.local/lib/python3.6/site-packages/airflow/example_dags/tutorial_etl_dag.py
[2021-09-22 10:38:52,034] {processor.py:623} INFO - DAG(s) dict_keys(['tutorial_etl_dag']) retrieved from /home/airflow/.local/lib/python3.6/site-packages/airflow/example_dags/tutorial_etl_dag.py
[2021-09-22 10:38:52,075] {logging_mixin.py:109} INFO - [2021-09-22 10:38:52,075] {dag.py:1834} INFO - Sync 1 DAGs
[2021-09-22 10:38:52,092] {logging_mixin.py:109} INFO - [2021-09-22 10:38:52,092] {dag.py:2287} INFO - Setting next_dagrun for tutorial_etl_dag to None
[2021-09-22 10:38:52,127] {processor.py:170} INFO - Processing /home/airflow/.local/lib/python3.6/site-packages/airflow/example_dags/tutorial_etl_dag.py took 0.135 seconds
[2021-09-22 10:41:41,239] {processor.py:162} INFO - Started process (PID=70) to work on /home/airflow/.local/lib/python3.6/site-packages/airflow/example_dags/tutorial_etl_dag.py
[2021-09-22 10:41:41,246] {processor.py:613} INFO - Processing file /home/airflow/.local/lib/python3.6/site-packages/airflow/example_dags/tutorial_etl_dag.py for tasks to queue
[2021-09-22 10:41:41,247] {logging_mixin.py:109} INFO - [2021-09-22 10:41:41,247] {dagbag.py:496} INFO - Filling up the DagBag from /home/airflow/.local/lib/python3.6/site-packages/airflow/example_dags/tutorial_etl_dag.py
[2021-09-22 10:41:41,315] {processor.py:623} INFO - DAG(s) dict_keys(['tutorial_etl_dag']) retrieved from /home/airflow/.local/lib/python3.6/site-packages/airflow/example_dags/tutorial_etl_dag.py
[2021-09-22 10:41:41,435] {logging_mixin.py:109} INFO - [2021-09-22 10:41:41,435] {dag.py:1834} INFO - Sync 1 DAGs
[2021-09-22 10:41:41,516] {logging_mixin.py:109} INFO - [2021-09-22 10:41:41,516] {dag.py:2287} INFO - Setting next_dagrun for tutorial_etl_dag to None
[2021-09-22 10:41:41,575] {processor.py:170} INFO - Processing /home/airflow/.local/lib/python3.6/site-packages/airflow/example_dags/tutorial_etl_dag.py took 0.375 seconds
[2021-09-22 10:42:12,249] {processor.py:162} INFO - Started process (PID=128) to work on /home/airflow/.local/lib/python3.6/site-packages/airflow/example_dags/tutorial_etl_dag.py
[2021-09-22 10:42:12,254] {processor.py:613} INFO - Processing file /home/airflow/.local/lib/python3.6/site-packages/airflow/example_dags/tutorial_etl_dag.py for tasks to queue
[2021-09-22 10:42:12,255] {logging_mixin.py:109} INFO - [2021-09-22 10:42:12,255] {dagbag.py:496} INFO - Filling up the DagBag from /home/airflow/.local/lib/python3.6/site-packages/airflow/example_dags/tutorial_etl_dag.py
[2021-09-22 10:42:12,280] {processor.py:623} INFO - DAG(s) dict_keys(['tutorial_etl_dag']) retrieved from /home/airflow/.local/lib/python3.6/site-packages/airflow/example_dags/tutorial_etl_dag.py
[2021-09-22 10:42:12,314] {logging_mixin.py:109} INFO - [2021-09-22 10:42:12,313] {dag.py:1834} INFO - Sync 1 DAGs
[2021-09-22 10:42:12,336] {logging_mixin.py:109} INFO - [2021-09-22 10:42:12,336] {dag.py:2287} INFO - Setting next_dagrun for tutorial_etl_dag to None
[2021-09-22 10:42:12,355] {processor.py:170} INFO - Processing /home/airflow/.local/lib/python3.6/site-packages/airflow/example_dags/tutorial_etl_dag.py took 0.113 seconds
[2021-09-22 10:42:42,575] {processor.py:162} INFO - Started process (PID=184) to work on /home/airflow/.local/lib/python3.6/site-packages/airflow/example_dags/tutorial_etl_dag.py
[2021-09-22 10:42:42,585] {processor.py:613} INFO - Processing file /home/airflow/.local/lib/python3.6/site-packages/airflow/example_dags/tutorial_etl_dag.py for tasks to queue
[2021-09-22 10:42:42,586] {logging_mixin.py:109} INFO - [2021-09-22 10:42:42,586] {dagbag.py:496} INFO - Filling up the DagBag from /home/airflow/.local/lib/python3.6/site-packages/airflow/example_dags/tutorial_etl_dag.py
[2021-09-22 10:42:42,644] {processor.py:623} INFO - DAG(s) dict_keys(['tutorial_etl_dag']) retrieved from /home/airflow/.local/lib/python3.6/site-packages/airflow/example_dags/tutorial_etl_dag.py
[2021-09-22 10:42:42,742] {logging_mixin.py:109} INFO - [2021-09-22 10:42:42,742] {dag.py:1834} INFO - Sync 1 DAGs
[2021-09-22 10:42:42,788] {logging_mixin.py:109} INFO - [2021-09-22 10:42:42,788] {dag.py:2287} INFO - Setting next_dagrun for tutorial_etl_dag to None
[2021-09-22 10:42:42,836] {processor.py:170} INFO - Processing /home/airflow/.local/lib/python3.6/site-packages/airflow/example_dags/tutorial_etl_dag.py took 0.276 seconds
[2021-09-22 10:43:13,859] {processor.py:162} INFO - Started process (PID=245) to work on /home/airflow/.local/lib/python3.6/site-packages/airflow/example_dags/tutorial_etl_dag.py
[2021-09-22 10:43:13,863] {processor.py:613} INFO - Processing file /home/airflow/.local/lib/python3.6/site-packages/airflow/example_dags/tutorial_etl_dag.py for tasks to queue
[2021-09-22 10:43:13,864] {logging_mixin.py:109} INFO - [2021-09-22 10:43:13,863] {dagbag.py:496} INFO - Filling up the DagBag from /home/airflow/.local/lib/python3.6/site-packages/airflow/example_dags/tutorial_etl_dag.py
[2021-09-22 10:43:13,885] {processor.py:623} INFO - DAG(s) dict_keys(['tutorial_etl_dag']) retrieved from /home/airflow/.local/lib/python3.6/site-packages/airflow/example_dags/tutorial_etl_dag.py
[2021-09-22 10:43:13,961] {logging_mixin.py:109} INFO - [2021-09-22 10:43:13,960] {dag.py:1834} INFO - Sync 1 DAGs
[2021-09-22 10:43:13,978] {logging_mixin.py:109} INFO - [2021-09-22 10:43:13,978] {dag.py:2287} INFO - Setting next_dagrun for tutorial_etl_dag to None
[2021-09-22 10:43:14,001] {processor.py:170} INFO - Processing /home/airflow/.local/lib/python3.6/site-packages/airflow/example_dags/tutorial_etl_dag.py took 0.150 seconds
[2021-09-22 10:43:44,635] {processor.py:162} INFO - Started process (PID=297) to work on /home/airflow/.local/lib/python3.6/site-packages/airflow/example_dags/tutorial_etl_dag.py
[2021-09-22 10:43:44,636] {processor.py:613} INFO - Processing file /home/airflow/.local/lib/python3.6/site-packages/airflow/example_dags/tutorial_etl_dag.py for tasks to queue
[2021-09-22 10:43:44,637] {logging_mixin.py:109} INFO - [2021-09-22 10:43:44,636] {dagbag.py:496} INFO - Filling up the DagBag from /home/airflow/.local/lib/python3.6/site-packages/airflow/example_dags/tutorial_etl_dag.py
[2021-09-22 10:43:44,674] {processor.py:623} INFO - DAG(s) dict_keys(['tutorial_etl_dag']) retrieved from /home/airflow/.local/lib/python3.6/site-packages/airflow/example_dags/tutorial_etl_dag.py
[2021-09-22 10:43:44,724] {logging_mixin.py:109} INFO - [2021-09-22 10:43:44,724] {dag.py:1834} INFO - Sync 1 DAGs
[2021-09-22 10:43:44,764] {logging_mixin.py:109} INFO - [2021-09-22 10:43:44,764] {dag.py:2287} INFO - Setting next_dagrun for tutorial_etl_dag to None
[2021-09-22 10:43:44,787] {processor.py:170} INFO - Processing /home/airflow/.local/lib/python3.6/site-packages/airflow/example_dags/tutorial_etl_dag.py took 0.157 seconds
