[2021-09-22 10:27:09,989] {processor.py:162} INFO - Started process (PID=200) to work on /home/airflow/.local/lib/python3.6/site-packages/airflow/example_dags/tutorial_taskflow_api_etl_virtualenv.py
[2021-09-22 10:27:10,004] {processor.py:613} INFO - Processing file /home/airflow/.local/lib/python3.6/site-packages/airflow/example_dags/tutorial_taskflow_api_etl_virtualenv.py for tasks to queue
[2021-09-22 10:27:10,005] {logging_mixin.py:109} INFO - [2021-09-22 10:27:10,005] {dagbag.py:496} INFO - Filling up the DagBag from /home/airflow/.local/lib/python3.6/site-packages/airflow/example_dags/tutorial_taskflow_api_etl_virtualenv.py
[2021-09-22 10:27:10,109] {processor.py:623} INFO - DAG(s) dict_keys(['tutorial_taskflow_api_etl_virtualenv']) retrieved from /home/airflow/.local/lib/python3.6/site-packages/airflow/example_dags/tutorial_taskflow_api_etl_virtualenv.py
[2021-09-22 10:27:20,277] {logging_mixin.py:109} INFO - [2021-09-22 10:27:20,276] {dag.py:1834} INFO - Sync 1 DAGs
[2021-09-22 10:27:20,311] {logging_mixin.py:109} INFO - [2021-09-22 10:27:20,309] {dag.py:1853} INFO - Creating ORM DAG for tutorial_taskflow_api_etl_virtualenv
[2021-09-22 10:27:20,326] {logging_mixin.py:109} INFO - [2021-09-22 10:27:20,326] {dag.py:2287} INFO - Setting next_dagrun for tutorial_taskflow_api_etl_virtualenv to None
[2021-09-22 10:27:20,386] {processor.py:170} INFO - Processing /home/airflow/.local/lib/python3.6/site-packages/airflow/example_dags/tutorial_taskflow_api_etl_virtualenv.py took 10.412 seconds
[2021-09-22 10:27:50,946] {processor.py:162} INFO - Started process (PID=256) to work on /home/airflow/.local/lib/python3.6/site-packages/airflow/example_dags/tutorial_taskflow_api_etl_virtualenv.py
[2021-09-22 10:27:50,958] {processor.py:613} INFO - Processing file /home/airflow/.local/lib/python3.6/site-packages/airflow/example_dags/tutorial_taskflow_api_etl_virtualenv.py for tasks to queue
[2021-09-22 10:27:50,969] {logging_mixin.py:109} INFO - [2021-09-22 10:27:50,958] {dagbag.py:496} INFO - Filling up the DagBag from /home/airflow/.local/lib/python3.6/site-packages/airflow/example_dags/tutorial_taskflow_api_etl_virtualenv.py
[2021-09-22 10:27:51,079] {processor.py:623} INFO - DAG(s) dict_keys(['tutorial_taskflow_api_etl_virtualenv']) retrieved from /home/airflow/.local/lib/python3.6/site-packages/airflow/example_dags/tutorial_taskflow_api_etl_virtualenv.py
[2021-09-22 10:27:51,217] {logging_mixin.py:109} INFO - [2021-09-22 10:27:51,217] {dag.py:1834} INFO - Sync 1 DAGs
[2021-09-22 10:27:51,337] {logging_mixin.py:109} INFO - [2021-09-22 10:27:51,336] {dag.py:2287} INFO - Setting next_dagrun for tutorial_taskflow_api_etl_virtualenv to None
[2021-09-22 10:27:51,429] {processor.py:170} INFO - Processing /home/airflow/.local/lib/python3.6/site-packages/airflow/example_dags/tutorial_taskflow_api_etl_virtualenv.py took 0.494 seconds
[2021-09-22 10:28:22,409] {processor.py:162} INFO - Started process (PID=319) to work on /home/airflow/.local/lib/python3.6/site-packages/airflow/example_dags/tutorial_taskflow_api_etl_virtualenv.py
[2021-09-22 10:28:22,411] {processor.py:613} INFO - Processing file /home/airflow/.local/lib/python3.6/site-packages/airflow/example_dags/tutorial_taskflow_api_etl_virtualenv.py for tasks to queue
[2021-09-22 10:28:22,412] {logging_mixin.py:109} INFO - [2021-09-22 10:28:22,412] {dagbag.py:496} INFO - Filling up the DagBag from /home/airflow/.local/lib/python3.6/site-packages/airflow/example_dags/tutorial_taskflow_api_etl_virtualenv.py
[2021-09-22 10:28:22,447] {processor.py:623} INFO - DAG(s) dict_keys(['tutorial_taskflow_api_etl_virtualenv']) retrieved from /home/airflow/.local/lib/python3.6/site-packages/airflow/example_dags/tutorial_taskflow_api_etl_virtualenv.py
[2021-09-22 10:28:22,680] {logging_mixin.py:109} INFO - [2021-09-22 10:28:22,680] {dag.py:1834} INFO - Sync 1 DAGs
[2021-09-22 10:28:22,692] {logging_mixin.py:109} INFO - [2021-09-22 10:28:22,692] {dag.py:2287} INFO - Setting next_dagrun for tutorial_taskflow_api_etl_virtualenv to None
[2021-09-22 10:28:22,703] {processor.py:170} INFO - Processing /home/airflow/.local/lib/python3.6/site-packages/airflow/example_dags/tutorial_taskflow_api_etl_virtualenv.py took 0.300 seconds
[2021-09-22 10:28:52,823] {processor.py:162} INFO - Started process (PID=371) to work on /home/airflow/.local/lib/python3.6/site-packages/airflow/example_dags/tutorial_taskflow_api_etl_virtualenv.py
[2021-09-22 10:28:52,825] {processor.py:613} INFO - Processing file /home/airflow/.local/lib/python3.6/site-packages/airflow/example_dags/tutorial_taskflow_api_etl_virtualenv.py for tasks to queue
[2021-09-22 10:28:52,825] {logging_mixin.py:109} INFO - [2021-09-22 10:28:52,825] {dagbag.py:496} INFO - Filling up the DagBag from /home/airflow/.local/lib/python3.6/site-packages/airflow/example_dags/tutorial_taskflow_api_etl_virtualenv.py
[2021-09-22 10:28:52,845] {processor.py:623} INFO - DAG(s) dict_keys(['tutorial_taskflow_api_etl_virtualenv']) retrieved from /home/airflow/.local/lib/python3.6/site-packages/airflow/example_dags/tutorial_taskflow_api_etl_virtualenv.py
[2021-09-22 10:28:53,077] {logging_mixin.py:109} INFO - [2021-09-22 10:28:53,076] {dag.py:1834} INFO - Sync 1 DAGs
[2021-09-22 10:28:53,102] {logging_mixin.py:109} INFO - [2021-09-22 10:28:53,102] {dag.py:2287} INFO - Setting next_dagrun for tutorial_taskflow_api_etl_virtualenv to None
[2021-09-22 10:28:53,116] {processor.py:170} INFO - Processing /home/airflow/.local/lib/python3.6/site-packages/airflow/example_dags/tutorial_taskflow_api_etl_virtualenv.py took 0.297 seconds
[2021-09-22 10:29:23,923] {processor.py:162} INFO - Started process (PID=424) to work on /home/airflow/.local/lib/python3.6/site-packages/airflow/example_dags/tutorial_taskflow_api_etl_virtualenv.py
[2021-09-22 10:29:23,924] {processor.py:613} INFO - Processing file /home/airflow/.local/lib/python3.6/site-packages/airflow/example_dags/tutorial_taskflow_api_etl_virtualenv.py for tasks to queue
[2021-09-22 10:29:23,924] {logging_mixin.py:109} INFO - [2021-09-22 10:29:23,924] {dagbag.py:496} INFO - Filling up the DagBag from /home/airflow/.local/lib/python3.6/site-packages/airflow/example_dags/tutorial_taskflow_api_etl_virtualenv.py
[2021-09-22 10:29:23,951] {processor.py:623} INFO - DAG(s) dict_keys(['tutorial_taskflow_api_etl_virtualenv']) retrieved from /home/airflow/.local/lib/python3.6/site-packages/airflow/example_dags/tutorial_taskflow_api_etl_virtualenv.py
[2021-09-22 10:29:24,373] {logging_mixin.py:109} INFO - [2021-09-22 10:29:24,373] {dag.py:1834} INFO - Sync 1 DAGs
[2021-09-22 10:29:24,388] {logging_mixin.py:109} INFO - [2021-09-22 10:29:24,388] {dag.py:2287} INFO - Setting next_dagrun for tutorial_taskflow_api_etl_virtualenv to None
[2021-09-22 10:29:24,403] {processor.py:170} INFO - Processing /home/airflow/.local/lib/python3.6/site-packages/airflow/example_dags/tutorial_taskflow_api_etl_virtualenv.py took 0.485 seconds
[2021-09-22 10:29:54,566] {processor.py:162} INFO - Started process (PID=484) to work on /home/airflow/.local/lib/python3.6/site-packages/airflow/example_dags/tutorial_taskflow_api_etl_virtualenv.py
[2021-09-22 10:29:54,577] {processor.py:613} INFO - Processing file /home/airflow/.local/lib/python3.6/site-packages/airflow/example_dags/tutorial_taskflow_api_etl_virtualenv.py for tasks to queue
[2021-09-22 10:29:54,578] {logging_mixin.py:109} INFO - [2021-09-22 10:29:54,578] {dagbag.py:496} INFO - Filling up the DagBag from /home/airflow/.local/lib/python3.6/site-packages/airflow/example_dags/tutorial_taskflow_api_etl_virtualenv.py
[2021-09-22 10:29:54,626] {processor.py:623} INFO - DAG(s) dict_keys(['tutorial_taskflow_api_etl_virtualenv']) retrieved from /home/airflow/.local/lib/python3.6/site-packages/airflow/example_dags/tutorial_taskflow_api_etl_virtualenv.py
[2021-09-22 10:29:55,237] {logging_mixin.py:109} INFO - [2021-09-22 10:29:55,237] {dag.py:1834} INFO - Sync 1 DAGs
[2021-09-22 10:29:55,252] {logging_mixin.py:109} INFO - [2021-09-22 10:29:55,252] {dag.py:2287} INFO - Setting next_dagrun for tutorial_taskflow_api_etl_virtualenv to None
[2021-09-22 10:29:55,265] {processor.py:170} INFO - Processing /home/airflow/.local/lib/python3.6/site-packages/airflow/example_dags/tutorial_taskflow_api_etl_virtualenv.py took 0.713 seconds
[2021-09-22 10:30:25,698] {processor.py:162} INFO - Started process (PID=535) to work on /home/airflow/.local/lib/python3.6/site-packages/airflow/example_dags/tutorial_taskflow_api_etl_virtualenv.py
[2021-09-22 10:30:25,699] {processor.py:613} INFO - Processing file /home/airflow/.local/lib/python3.6/site-packages/airflow/example_dags/tutorial_taskflow_api_etl_virtualenv.py for tasks to queue
[2021-09-22 10:30:25,700] {logging_mixin.py:109} INFO - [2021-09-22 10:30:25,700] {dagbag.py:496} INFO - Filling up the DagBag from /home/airflow/.local/lib/python3.6/site-packages/airflow/example_dags/tutorial_taskflow_api_etl_virtualenv.py
[2021-09-22 10:30:25,734] {processor.py:623} INFO - DAG(s) dict_keys(['tutorial_taskflow_api_etl_virtualenv']) retrieved from /home/airflow/.local/lib/python3.6/site-packages/airflow/example_dags/tutorial_taskflow_api_etl_virtualenv.py
[2021-09-22 10:30:26,140] {logging_mixin.py:109} INFO - [2021-09-22 10:30:26,139] {dag.py:1834} INFO - Sync 1 DAGs
[2021-09-22 10:30:26,159] {logging_mixin.py:109} INFO - [2021-09-22 10:30:26,159] {dag.py:2287} INFO - Setting next_dagrun for tutorial_taskflow_api_etl_virtualenv to None
[2021-09-22 10:30:26,181] {processor.py:170} INFO - Processing /home/airflow/.local/lib/python3.6/site-packages/airflow/example_dags/tutorial_taskflow_api_etl_virtualenv.py took 0.488 seconds
[2021-09-22 10:30:56,685] {processor.py:162} INFO - Started process (PID=600) to work on /home/airflow/.local/lib/python3.6/site-packages/airflow/example_dags/tutorial_taskflow_api_etl_virtualenv.py
[2021-09-22 10:30:56,686] {processor.py:613} INFO - Processing file /home/airflow/.local/lib/python3.6/site-packages/airflow/example_dags/tutorial_taskflow_api_etl_virtualenv.py for tasks to queue
[2021-09-22 10:30:56,691] {logging_mixin.py:109} INFO - [2021-09-22 10:30:56,690] {dagbag.py:496} INFO - Filling up the DagBag from /home/airflow/.local/lib/python3.6/site-packages/airflow/example_dags/tutorial_taskflow_api_etl_virtualenv.py
[2021-09-22 10:30:56,733] {processor.py:623} INFO - DAG(s) dict_keys(['tutorial_taskflow_api_etl_virtualenv']) retrieved from /home/airflow/.local/lib/python3.6/site-packages/airflow/example_dags/tutorial_taskflow_api_etl_virtualenv.py
[2021-09-22 10:30:57,409] {logging_mixin.py:109} INFO - [2021-09-22 10:30:57,409] {dag.py:1834} INFO - Sync 1 DAGs
[2021-09-22 10:30:57,445] {logging_mixin.py:109} INFO - [2021-09-22 10:30:57,444] {dag.py:2287} INFO - Setting next_dagrun for tutorial_taskflow_api_etl_virtualenv to None
[2021-09-22 10:30:57,485] {processor.py:170} INFO - Processing /home/airflow/.local/lib/python3.6/site-packages/airflow/example_dags/tutorial_taskflow_api_etl_virtualenv.py took 0.815 seconds
[2021-09-22 10:31:28,123] {processor.py:162} INFO - Started process (PID=652) to work on /home/airflow/.local/lib/python3.6/site-packages/airflow/example_dags/tutorial_taskflow_api_etl_virtualenv.py
[2021-09-22 10:31:28,126] {processor.py:613} INFO - Processing file /home/airflow/.local/lib/python3.6/site-packages/airflow/example_dags/tutorial_taskflow_api_etl_virtualenv.py for tasks to queue
[2021-09-22 10:31:28,129] {logging_mixin.py:109} INFO - [2021-09-22 10:31:28,127] {dagbag.py:496} INFO - Filling up the DagBag from /home/airflow/.local/lib/python3.6/site-packages/airflow/example_dags/tutorial_taskflow_api_etl_virtualenv.py
[2021-09-22 10:31:28,243] {processor.py:623} INFO - DAG(s) dict_keys(['tutorial_taskflow_api_etl_virtualenv']) retrieved from /home/airflow/.local/lib/python3.6/site-packages/airflow/example_dags/tutorial_taskflow_api_etl_virtualenv.py
[2021-09-22 10:31:28,662] {logging_mixin.py:109} INFO - [2021-09-22 10:31:28,662] {dag.py:1834} INFO - Sync 1 DAGs
[2021-09-22 10:31:28,683] {logging_mixin.py:109} INFO - [2021-09-22 10:31:28,683] {dag.py:2287} INFO - Setting next_dagrun for tutorial_taskflow_api_etl_virtualenv to None
[2021-09-22 10:31:28,705] {processor.py:170} INFO - Processing /home/airflow/.local/lib/python3.6/site-packages/airflow/example_dags/tutorial_taskflow_api_etl_virtualenv.py took 0.593 seconds
[2021-09-22 10:31:58,804] {processor.py:162} INFO - Started process (PID=713) to work on /home/airflow/.local/lib/python3.6/site-packages/airflow/example_dags/tutorial_taskflow_api_etl_virtualenv.py
[2021-09-22 10:31:58,805] {processor.py:613} INFO - Processing file /home/airflow/.local/lib/python3.6/site-packages/airflow/example_dags/tutorial_taskflow_api_etl_virtualenv.py for tasks to queue
[2021-09-22 10:31:58,807] {logging_mixin.py:109} INFO - [2021-09-22 10:31:58,807] {dagbag.py:496} INFO - Filling up the DagBag from /home/airflow/.local/lib/python3.6/site-packages/airflow/example_dags/tutorial_taskflow_api_etl_virtualenv.py
[2021-09-22 10:31:58,828] {processor.py:623} INFO - DAG(s) dict_keys(['tutorial_taskflow_api_etl_virtualenv']) retrieved from /home/airflow/.local/lib/python3.6/site-packages/airflow/example_dags/tutorial_taskflow_api_etl_virtualenv.py
[2021-09-22 10:31:59,053] {logging_mixin.py:109} INFO - [2021-09-22 10:31:59,053] {dag.py:1834} INFO - Sync 1 DAGs
[2021-09-22 10:31:59,067] {logging_mixin.py:109} INFO - [2021-09-22 10:31:59,067] {dag.py:2287} INFO - Setting next_dagrun for tutorial_taskflow_api_etl_virtualenv to None
[2021-09-22 10:31:59,079] {processor.py:170} INFO - Processing /home/airflow/.local/lib/python3.6/site-packages/airflow/example_dags/tutorial_taskflow_api_etl_virtualenv.py took 0.279 seconds
[2021-09-22 10:32:29,147] {processor.py:162} INFO - Started process (PID=765) to work on /home/airflow/.local/lib/python3.6/site-packages/airflow/example_dags/tutorial_taskflow_api_etl_virtualenv.py
[2021-09-22 10:32:29,150] {processor.py:613} INFO - Processing file /home/airflow/.local/lib/python3.6/site-packages/airflow/example_dags/tutorial_taskflow_api_etl_virtualenv.py for tasks to queue
[2021-09-22 10:32:29,150] {logging_mixin.py:109} INFO - [2021-09-22 10:32:29,150] {dagbag.py:496} INFO - Filling up the DagBag from /home/airflow/.local/lib/python3.6/site-packages/airflow/example_dags/tutorial_taskflow_api_etl_virtualenv.py
[2021-09-22 10:32:29,165] {processor.py:623} INFO - DAG(s) dict_keys(['tutorial_taskflow_api_etl_virtualenv']) retrieved from /home/airflow/.local/lib/python3.6/site-packages/airflow/example_dags/tutorial_taskflow_api_etl_virtualenv.py
[2021-09-22 10:32:29,339] {logging_mixin.py:109} INFO - [2021-09-22 10:32:29,339] {dag.py:1834} INFO - Sync 1 DAGs
[2021-09-22 10:32:29,350] {logging_mixin.py:109} INFO - [2021-09-22 10:32:29,350] {dag.py:2287} INFO - Setting next_dagrun for tutorial_taskflow_api_etl_virtualenv to None
[2021-09-22 10:32:29,361] {processor.py:170} INFO - Processing /home/airflow/.local/lib/python3.6/site-packages/airflow/example_dags/tutorial_taskflow_api_etl_virtualenv.py took 0.216 seconds
[2021-09-22 10:33:00,190] {processor.py:162} INFO - Started process (PID=826) to work on /home/airflow/.local/lib/python3.6/site-packages/airflow/example_dags/tutorial_taskflow_api_etl_virtualenv.py
[2021-09-22 10:33:00,192] {processor.py:613} INFO - Processing file /home/airflow/.local/lib/python3.6/site-packages/airflow/example_dags/tutorial_taskflow_api_etl_virtualenv.py for tasks to queue
[2021-09-22 10:33:00,192] {logging_mixin.py:109} INFO - [2021-09-22 10:33:00,192] {dagbag.py:496} INFO - Filling up the DagBag from /home/airflow/.local/lib/python3.6/site-packages/airflow/example_dags/tutorial_taskflow_api_etl_virtualenv.py
[2021-09-22 10:33:00,208] {processor.py:623} INFO - DAG(s) dict_keys(['tutorial_taskflow_api_etl_virtualenv']) retrieved from /home/airflow/.local/lib/python3.6/site-packages/airflow/example_dags/tutorial_taskflow_api_etl_virtualenv.py
[2021-09-22 10:33:00,395] {logging_mixin.py:109} INFO - [2021-09-22 10:33:00,395] {dag.py:1834} INFO - Sync 1 DAGs
[2021-09-22 10:33:00,406] {logging_mixin.py:109} INFO - [2021-09-22 10:33:00,406] {dag.py:2287} INFO - Setting next_dagrun for tutorial_taskflow_api_etl_virtualenv to None
[2021-09-22 10:33:00,417] {processor.py:170} INFO - Processing /home/airflow/.local/lib/python3.6/site-packages/airflow/example_dags/tutorial_taskflow_api_etl_virtualenv.py took 0.229 seconds
[2021-09-22 10:33:31,366] {processor.py:162} INFO - Started process (PID=878) to work on /home/airflow/.local/lib/python3.6/site-packages/airflow/example_dags/tutorial_taskflow_api_etl_virtualenv.py
[2021-09-22 10:33:31,367] {processor.py:613} INFO - Processing file /home/airflow/.local/lib/python3.6/site-packages/airflow/example_dags/tutorial_taskflow_api_etl_virtualenv.py for tasks to queue
[2021-09-22 10:33:31,368] {logging_mixin.py:109} INFO - [2021-09-22 10:33:31,368] {dagbag.py:496} INFO - Filling up the DagBag from /home/airflow/.local/lib/python3.6/site-packages/airflow/example_dags/tutorial_taskflow_api_etl_virtualenv.py
[2021-09-22 10:33:31,389] {processor.py:623} INFO - DAG(s) dict_keys(['tutorial_taskflow_api_etl_virtualenv']) retrieved from /home/airflow/.local/lib/python3.6/site-packages/airflow/example_dags/tutorial_taskflow_api_etl_virtualenv.py
[2021-09-22 10:33:31,758] {logging_mixin.py:109} INFO - [2021-09-22 10:33:31,758] {dag.py:1834} INFO - Sync 1 DAGs
[2021-09-22 10:33:31,783] {logging_mixin.py:109} INFO - [2021-09-22 10:33:31,783] {dag.py:2287} INFO - Setting next_dagrun for tutorial_taskflow_api_etl_virtualenv to None
[2021-09-22 10:33:31,809] {processor.py:170} INFO - Processing /home/airflow/.local/lib/python3.6/site-packages/airflow/example_dags/tutorial_taskflow_api_etl_virtualenv.py took 0.447 seconds
[2021-09-22 10:34:02,724] {processor.py:162} INFO - Started process (PID=943) to work on /home/airflow/.local/lib/python3.6/site-packages/airflow/example_dags/tutorial_taskflow_api_etl_virtualenv.py
[2021-09-22 10:34:02,725] {processor.py:613} INFO - Processing file /home/airflow/.local/lib/python3.6/site-packages/airflow/example_dags/tutorial_taskflow_api_etl_virtualenv.py for tasks to queue
[2021-09-22 10:34:02,726] {logging_mixin.py:109} INFO - [2021-09-22 10:34:02,726] {dagbag.py:496} INFO - Filling up the DagBag from /home/airflow/.local/lib/python3.6/site-packages/airflow/example_dags/tutorial_taskflow_api_etl_virtualenv.py
[2021-09-22 10:34:02,748] {processor.py:623} INFO - DAG(s) dict_keys(['tutorial_taskflow_api_etl_virtualenv']) retrieved from /home/airflow/.local/lib/python3.6/site-packages/airflow/example_dags/tutorial_taskflow_api_etl_virtualenv.py
[2021-09-22 10:34:03,070] {logging_mixin.py:109} INFO - [2021-09-22 10:34:03,070] {dag.py:1834} INFO - Sync 1 DAGs
[2021-09-22 10:34:03,087] {logging_mixin.py:109} INFO - [2021-09-22 10:34:03,087] {dag.py:2287} INFO - Setting next_dagrun for tutorial_taskflow_api_etl_virtualenv to None
[2021-09-22 10:34:03,106] {processor.py:170} INFO - Processing /home/airflow/.local/lib/python3.6/site-packages/airflow/example_dags/tutorial_taskflow_api_etl_virtualenv.py took 0.387 seconds
[2021-09-22 10:34:33,190] {processor.py:162} INFO - Started process (PID=995) to work on /home/airflow/.local/lib/python3.6/site-packages/airflow/example_dags/tutorial_taskflow_api_etl_virtualenv.py
[2021-09-22 10:34:33,191] {processor.py:613} INFO - Processing file /home/airflow/.local/lib/python3.6/site-packages/airflow/example_dags/tutorial_taskflow_api_etl_virtualenv.py for tasks to queue
[2021-09-22 10:34:33,192] {logging_mixin.py:109} INFO - [2021-09-22 10:34:33,192] {dagbag.py:496} INFO - Filling up the DagBag from /home/airflow/.local/lib/python3.6/site-packages/airflow/example_dags/tutorial_taskflow_api_etl_virtualenv.py
[2021-09-22 10:34:33,227] {processor.py:623} INFO - DAG(s) dict_keys(['tutorial_taskflow_api_etl_virtualenv']) retrieved from /home/airflow/.local/lib/python3.6/site-packages/airflow/example_dags/tutorial_taskflow_api_etl_virtualenv.py
[2021-09-22 10:34:33,508] {logging_mixin.py:109} INFO - [2021-09-22 10:34:33,508] {dag.py:1834} INFO - Sync 1 DAGs
[2021-09-22 10:34:33,525] {logging_mixin.py:109} INFO - [2021-09-22 10:34:33,525] {dag.py:2287} INFO - Setting next_dagrun for tutorial_taskflow_api_etl_virtualenv to None
[2021-09-22 10:34:33,542] {processor.py:170} INFO - Processing /home/airflow/.local/lib/python3.6/site-packages/airflow/example_dags/tutorial_taskflow_api_etl_virtualenv.py took 0.356 seconds
[2021-09-22 10:35:03,685] {processor.py:162} INFO - Started process (PID=1054) to work on /home/airflow/.local/lib/python3.6/site-packages/airflow/example_dags/tutorial_taskflow_api_etl_virtualenv.py
[2021-09-22 10:35:03,687] {processor.py:613} INFO - Processing file /home/airflow/.local/lib/python3.6/site-packages/airflow/example_dags/tutorial_taskflow_api_etl_virtualenv.py for tasks to queue
[2021-09-22 10:35:03,688] {logging_mixin.py:109} INFO - [2021-09-22 10:35:03,688] {dagbag.py:496} INFO - Filling up the DagBag from /home/airflow/.local/lib/python3.6/site-packages/airflow/example_dags/tutorial_taskflow_api_etl_virtualenv.py
[2021-09-22 10:35:03,714] {processor.py:623} INFO - DAG(s) dict_keys(['tutorial_taskflow_api_etl_virtualenv']) retrieved from /home/airflow/.local/lib/python3.6/site-packages/airflow/example_dags/tutorial_taskflow_api_etl_virtualenv.py
[2021-09-22 10:35:04,472] {logging_mixin.py:109} INFO - [2021-09-22 10:35:04,471] {dag.py:1834} INFO - Sync 1 DAGs
[2021-09-22 10:35:04,502] {logging_mixin.py:109} INFO - [2021-09-22 10:35:04,502] {dag.py:2287} INFO - Setting next_dagrun for tutorial_taskflow_api_etl_virtualenv to None
[2021-09-22 10:35:04,547] {processor.py:170} INFO - Processing /home/airflow/.local/lib/python3.6/site-packages/airflow/example_dags/tutorial_taskflow_api_etl_virtualenv.py took 0.866 seconds
[2021-09-22 10:35:35,452] {processor.py:162} INFO - Started process (PID=1108) to work on /home/airflow/.local/lib/python3.6/site-packages/airflow/example_dags/tutorial_taskflow_api_etl_virtualenv.py
[2021-09-22 10:35:35,453] {processor.py:613} INFO - Processing file /home/airflow/.local/lib/python3.6/site-packages/airflow/example_dags/tutorial_taskflow_api_etl_virtualenv.py for tasks to queue
[2021-09-22 10:35:35,454] {logging_mixin.py:109} INFO - [2021-09-22 10:35:35,454] {dagbag.py:496} INFO - Filling up the DagBag from /home/airflow/.local/lib/python3.6/site-packages/airflow/example_dags/tutorial_taskflow_api_etl_virtualenv.py
[2021-09-22 10:35:35,485] {processor.py:623} INFO - DAG(s) dict_keys(['tutorial_taskflow_api_etl_virtualenv']) retrieved from /home/airflow/.local/lib/python3.6/site-packages/airflow/example_dags/tutorial_taskflow_api_etl_virtualenv.py
[2021-09-22 10:35:35,850] {logging_mixin.py:109} INFO - [2021-09-22 10:35:35,849] {dag.py:1834} INFO - Sync 1 DAGs
[2021-09-22 10:35:35,877] {logging_mixin.py:109} INFO - [2021-09-22 10:35:35,877] {dag.py:2287} INFO - Setting next_dagrun for tutorial_taskflow_api_etl_virtualenv to None
[2021-09-22 10:35:35,895] {processor.py:170} INFO - Processing /home/airflow/.local/lib/python3.6/site-packages/airflow/example_dags/tutorial_taskflow_api_etl_virtualenv.py took 0.452 seconds
[2021-09-22 10:36:06,030] {processor.py:162} INFO - Started process (PID=1159) to work on /home/airflow/.local/lib/python3.6/site-packages/airflow/example_dags/tutorial_taskflow_api_etl_virtualenv.py
[2021-09-22 10:36:06,031] {processor.py:613} INFO - Processing file /home/airflow/.local/lib/python3.6/site-packages/airflow/example_dags/tutorial_taskflow_api_etl_virtualenv.py for tasks to queue
[2021-09-22 10:36:06,032] {logging_mixin.py:109} INFO - [2021-09-22 10:36:06,032] {dagbag.py:496} INFO - Filling up the DagBag from /home/airflow/.local/lib/python3.6/site-packages/airflow/example_dags/tutorial_taskflow_api_etl_virtualenv.py
[2021-09-22 10:36:06,052] {processor.py:623} INFO - DAG(s) dict_keys(['tutorial_taskflow_api_etl_virtualenv']) retrieved from /home/airflow/.local/lib/python3.6/site-packages/airflow/example_dags/tutorial_taskflow_api_etl_virtualenv.py
[2021-09-22 10:36:06,317] {logging_mixin.py:109} INFO - [2021-09-22 10:36:06,316] {dag.py:1834} INFO - Sync 1 DAGs
[2021-09-22 10:36:06,334] {logging_mixin.py:109} INFO - [2021-09-22 10:36:06,334] {dag.py:2287} INFO - Setting next_dagrun for tutorial_taskflow_api_etl_virtualenv to None
[2021-09-22 10:36:06,351] {processor.py:170} INFO - Processing /home/airflow/.local/lib/python3.6/site-packages/airflow/example_dags/tutorial_taskflow_api_etl_virtualenv.py took 0.325 seconds
[2021-09-22 10:36:36,500] {processor.py:162} INFO - Started process (PID=1220) to work on /home/airflow/.local/lib/python3.6/site-packages/airflow/example_dags/tutorial_taskflow_api_etl_virtualenv.py
[2021-09-22 10:36:36,506] {processor.py:613} INFO - Processing file /home/airflow/.local/lib/python3.6/site-packages/airflow/example_dags/tutorial_taskflow_api_etl_virtualenv.py for tasks to queue
[2021-09-22 10:36:36,507] {logging_mixin.py:109} INFO - [2021-09-22 10:36:36,507] {dagbag.py:496} INFO - Filling up the DagBag from /home/airflow/.local/lib/python3.6/site-packages/airflow/example_dags/tutorial_taskflow_api_etl_virtualenv.py
[2021-09-22 10:36:36,557] {processor.py:623} INFO - DAG(s) dict_keys(['tutorial_taskflow_api_etl_virtualenv']) retrieved from /home/airflow/.local/lib/python3.6/site-packages/airflow/example_dags/tutorial_taskflow_api_etl_virtualenv.py
[2021-09-22 10:36:36,845] {logging_mixin.py:109} INFO - [2021-09-22 10:36:36,845] {dag.py:1834} INFO - Sync 1 DAGs
[2021-09-22 10:36:36,868] {logging_mixin.py:109} INFO - [2021-09-22 10:36:36,868] {dag.py:2287} INFO - Setting next_dagrun for tutorial_taskflow_api_etl_virtualenv to None
[2021-09-22 10:36:36,888] {processor.py:170} INFO - Processing /home/airflow/.local/lib/python3.6/site-packages/airflow/example_dags/tutorial_taskflow_api_etl_virtualenv.py took 0.394 seconds
[2021-09-22 10:38:21,600] {processor.py:162} INFO - Started process (PID=84) to work on /home/airflow/.local/lib/python3.6/site-packages/airflow/example_dags/tutorial_taskflow_api_etl_virtualenv.py
[2021-09-22 10:38:21,607] {processor.py:613} INFO - Processing file /home/airflow/.local/lib/python3.6/site-packages/airflow/example_dags/tutorial_taskflow_api_etl_virtualenv.py for tasks to queue
[2021-09-22 10:38:21,629] {logging_mixin.py:109} INFO - [2021-09-22 10:38:21,607] {dagbag.py:496} INFO - Filling up the DagBag from /home/airflow/.local/lib/python3.6/site-packages/airflow/example_dags/tutorial_taskflow_api_etl_virtualenv.py
[2021-09-22 10:38:21,746] {processor.py:623} INFO - DAG(s) dict_keys(['tutorial_taskflow_api_etl_virtualenv']) retrieved from /home/airflow/.local/lib/python3.6/site-packages/airflow/example_dags/tutorial_taskflow_api_etl_virtualenv.py
[2021-09-22 10:38:22,901] {logging_mixin.py:109} INFO - [2021-09-22 10:38:22,901] {dag.py:1834} INFO - Sync 1 DAGs
[2021-09-22 10:38:22,924] {logging_mixin.py:109} INFO - [2021-09-22 10:38:22,924] {dag.py:2287} INFO - Setting next_dagrun for tutorial_taskflow_api_etl_virtualenv to None
[2021-09-22 10:38:22,947] {processor.py:170} INFO - Processing /home/airflow/.local/lib/python3.6/site-packages/airflow/example_dags/tutorial_taskflow_api_etl_virtualenv.py took 1.376 seconds
[2021-09-22 10:38:53,171] {processor.py:162} INFO - Started process (PID=135) to work on /home/airflow/.local/lib/python3.6/site-packages/airflow/example_dags/tutorial_taskflow_api_etl_virtualenv.py
[2021-09-22 10:38:53,174] {processor.py:613} INFO - Processing file /home/airflow/.local/lib/python3.6/site-packages/airflow/example_dags/tutorial_taskflow_api_etl_virtualenv.py for tasks to queue
[2021-09-22 10:38:53,175] {logging_mixin.py:109} INFO - [2021-09-22 10:38:53,175] {dagbag.py:496} INFO - Filling up the DagBag from /home/airflow/.local/lib/python3.6/site-packages/airflow/example_dags/tutorial_taskflow_api_etl_virtualenv.py
[2021-09-22 10:38:53,202] {processor.py:623} INFO - DAG(s) dict_keys(['tutorial_taskflow_api_etl_virtualenv']) retrieved from /home/airflow/.local/lib/python3.6/site-packages/airflow/example_dags/tutorial_taskflow_api_etl_virtualenv.py
[2021-09-22 10:38:53,229] {logging_mixin.py:109} INFO - [2021-09-22 10:38:53,229] {dag.py:1834} INFO - Sync 1 DAGs
[2021-09-22 10:38:53,253] {logging_mixin.py:109} INFO - [2021-09-22 10:38:53,253] {dag.py:2287} INFO - Setting next_dagrun for tutorial_taskflow_api_etl_virtualenv to None
[2021-09-22 10:38:53,267] {processor.py:170} INFO - Processing /home/airflow/.local/lib/python3.6/site-packages/airflow/example_dags/tutorial_taskflow_api_etl_virtualenv.py took 0.100 seconds
[2021-09-22 10:41:41,646] {processor.py:162} INFO - Started process (PID=72) to work on /home/airflow/.local/lib/python3.6/site-packages/airflow/example_dags/tutorial_taskflow_api_etl_virtualenv.py
[2021-09-22 10:41:41,653] {processor.py:613} INFO - Processing file /home/airflow/.local/lib/python3.6/site-packages/airflow/example_dags/tutorial_taskflow_api_etl_virtualenv.py for tasks to queue
[2021-09-22 10:41:41,659] {logging_mixin.py:109} INFO - [2021-09-22 10:41:41,654] {dagbag.py:496} INFO - Filling up the DagBag from /home/airflow/.local/lib/python3.6/site-packages/airflow/example_dags/tutorial_taskflow_api_etl_virtualenv.py
[2021-09-22 10:41:41,726] {processor.py:623} INFO - DAG(s) dict_keys(['tutorial_taskflow_api_etl_virtualenv']) retrieved from /home/airflow/.local/lib/python3.6/site-packages/airflow/example_dags/tutorial_taskflow_api_etl_virtualenv.py
[2021-09-22 10:41:42,619] {logging_mixin.py:109} INFO - [2021-09-22 10:41:42,618] {dag.py:1834} INFO - Sync 1 DAGs
[2021-09-22 10:41:42,657] {logging_mixin.py:109} INFO - [2021-09-22 10:41:42,657] {dag.py:2287} INFO - Setting next_dagrun for tutorial_taskflow_api_etl_virtualenv to None
[2021-09-22 10:41:42,676] {processor.py:170} INFO - Processing /home/airflow/.local/lib/python3.6/site-packages/airflow/example_dags/tutorial_taskflow_api_etl_virtualenv.py took 1.040 seconds
[2021-09-22 10:42:13,323] {processor.py:162} INFO - Started process (PID=133) to work on /home/airflow/.local/lib/python3.6/site-packages/airflow/example_dags/tutorial_taskflow_api_etl_virtualenv.py
[2021-09-22 10:42:13,326] {processor.py:613} INFO - Processing file /home/airflow/.local/lib/python3.6/site-packages/airflow/example_dags/tutorial_taskflow_api_etl_virtualenv.py for tasks to queue
[2021-09-22 10:42:13,327] {logging_mixin.py:109} INFO - [2021-09-22 10:42:13,327] {dagbag.py:496} INFO - Filling up the DagBag from /home/airflow/.local/lib/python3.6/site-packages/airflow/example_dags/tutorial_taskflow_api_etl_virtualenv.py
[2021-09-22 10:42:13,375] {processor.py:623} INFO - DAG(s) dict_keys(['tutorial_taskflow_api_etl_virtualenv']) retrieved from /home/airflow/.local/lib/python3.6/site-packages/airflow/example_dags/tutorial_taskflow_api_etl_virtualenv.py
[2021-09-22 10:42:13,406] {logging_mixin.py:109} INFO - [2021-09-22 10:42:13,406] {dag.py:1834} INFO - Sync 1 DAGs
[2021-09-22 10:42:13,426] {logging_mixin.py:109} INFO - [2021-09-22 10:42:13,426] {dag.py:2287} INFO - Setting next_dagrun for tutorial_taskflow_api_etl_virtualenv to None
[2021-09-22 10:42:13,443] {processor.py:170} INFO - Processing /home/airflow/.local/lib/python3.6/site-packages/airflow/example_dags/tutorial_taskflow_api_etl_virtualenv.py took 0.135 seconds
[2021-09-22 10:42:43,872] {processor.py:162} INFO - Started process (PID=186) to work on /home/airflow/.local/lib/python3.6/site-packages/airflow/example_dags/tutorial_taskflow_api_etl_virtualenv.py
[2021-09-22 10:42:43,873] {processor.py:613} INFO - Processing file /home/airflow/.local/lib/python3.6/site-packages/airflow/example_dags/tutorial_taskflow_api_etl_virtualenv.py for tasks to queue
[2021-09-22 10:42:43,874] {logging_mixin.py:109} INFO - [2021-09-22 10:42:43,873] {dagbag.py:496} INFO - Filling up the DagBag from /home/airflow/.local/lib/python3.6/site-packages/airflow/example_dags/tutorial_taskflow_api_etl_virtualenv.py
[2021-09-22 10:42:43,894] {processor.py:623} INFO - DAG(s) dict_keys(['tutorial_taskflow_api_etl_virtualenv']) retrieved from /home/airflow/.local/lib/python3.6/site-packages/airflow/example_dags/tutorial_taskflow_api_etl_virtualenv.py
[2021-09-22 10:42:44,163] {logging_mixin.py:109} INFO - [2021-09-22 10:42:44,163] {dag.py:1834} INFO - Sync 1 DAGs
[2021-09-22 10:42:44,179] {logging_mixin.py:109} INFO - [2021-09-22 10:42:44,179] {dag.py:2287} INFO - Setting next_dagrun for tutorial_taskflow_api_etl_virtualenv to None
[2021-09-22 10:42:44,192] {processor.py:170} INFO - Processing /home/airflow/.local/lib/python3.6/site-packages/airflow/example_dags/tutorial_taskflow_api_etl_virtualenv.py took 0.324 seconds
[2021-09-22 10:43:15,016] {processor.py:162} INFO - Started process (PID=248) to work on /home/airflow/.local/lib/python3.6/site-packages/airflow/example_dags/tutorial_taskflow_api_etl_virtualenv.py
[2021-09-22 10:43:15,031] {processor.py:613} INFO - Processing file /home/airflow/.local/lib/python3.6/site-packages/airflow/example_dags/tutorial_taskflow_api_etl_virtualenv.py for tasks to queue
[2021-09-22 10:43:15,033] {logging_mixin.py:109} INFO - [2021-09-22 10:43:15,032] {dagbag.py:496} INFO - Filling up the DagBag from /home/airflow/.local/lib/python3.6/site-packages/airflow/example_dags/tutorial_taskflow_api_etl_virtualenv.py
[2021-09-22 10:43:15,103] {processor.py:623} INFO - DAG(s) dict_keys(['tutorial_taskflow_api_etl_virtualenv']) retrieved from /home/airflow/.local/lib/python3.6/site-packages/airflow/example_dags/tutorial_taskflow_api_etl_virtualenv.py
[2021-09-22 10:43:15,503] {logging_mixin.py:109} INFO - [2021-09-22 10:43:15,503] {dag.py:1834} INFO - Sync 1 DAGs
[2021-09-22 10:43:15,518] {logging_mixin.py:109} INFO - [2021-09-22 10:43:15,518] {dag.py:2287} INFO - Setting next_dagrun for tutorial_taskflow_api_etl_virtualenv to None
[2021-09-22 10:43:15,532] {processor.py:170} INFO - Processing /home/airflow/.local/lib/python3.6/site-packages/airflow/example_dags/tutorial_taskflow_api_etl_virtualenv.py took 0.525 seconds
[2021-09-22 10:43:45,673] {processor.py:162} INFO - Started process (PID=299) to work on /home/airflow/.local/lib/python3.6/site-packages/airflow/example_dags/tutorial_taskflow_api_etl_virtualenv.py
[2021-09-22 10:43:45,675] {processor.py:613} INFO - Processing file /home/airflow/.local/lib/python3.6/site-packages/airflow/example_dags/tutorial_taskflow_api_etl_virtualenv.py for tasks to queue
[2021-09-22 10:43:45,676] {logging_mixin.py:109} INFO - [2021-09-22 10:43:45,675] {dagbag.py:496} INFO - Filling up the DagBag from /home/airflow/.local/lib/python3.6/site-packages/airflow/example_dags/tutorial_taskflow_api_etl_virtualenv.py
[2021-09-22 10:43:45,751] {processor.py:623} INFO - DAG(s) dict_keys(['tutorial_taskflow_api_etl_virtualenv']) retrieved from /home/airflow/.local/lib/python3.6/site-packages/airflow/example_dags/tutorial_taskflow_api_etl_virtualenv.py
[2021-09-22 10:43:46,301] {logging_mixin.py:109} INFO - [2021-09-22 10:43:46,300] {dag.py:1834} INFO - Sync 1 DAGs
[2021-09-22 10:43:46,317] {logging_mixin.py:109} INFO - [2021-09-22 10:43:46,317] {dag.py:2287} INFO - Setting next_dagrun for tutorial_taskflow_api_etl_virtualenv to None
[2021-09-22 10:43:46,330] {processor.py:170} INFO - Processing /home/airflow/.local/lib/python3.6/site-packages/airflow/example_dags/tutorial_taskflow_api_etl_virtualenv.py took 0.669 seconds
