[2021-09-22 00:18:21,481] {processor.py:162} INFO - Started process (PID=37032) to work on /Users/daniel/sensor-data-ELT/dbt-env/lib/python3.7/site-packages/airflow/example_dags/example_dag_decorator.py
[2021-09-22 00:18:21,482] {processor.py:613} INFO - Processing file /Users/daniel/sensor-data-ELT/dbt-env/lib/python3.7/site-packages/airflow/example_dags/example_dag_decorator.py for tasks to queue
[2021-09-22 00:18:21,483] {logging_mixin.py:109} INFO - [2021-09-22 00:18:21,483] {dagbag.py:496} INFO - Filling up the DagBag from /Users/daniel/sensor-data-ELT/dbt-env/lib/python3.7/site-packages/airflow/example_dags/example_dag_decorator.py
[2021-09-22 00:18:21,506] {processor.py:623} INFO - DAG(s) dict_keys(['example_dag_decorator']) retrieved from /Users/daniel/sensor-data-ELT/dbt-env/lib/python3.7/site-packages/airflow/example_dags/example_dag_decorator.py
[2021-09-22 00:18:21,867] {logging_mixin.py:109} INFO - [2021-09-22 00:18:21,866] {dag.py:1834} INFO - Sync 1 DAGs
[2021-09-22 00:18:21,883] {logging_mixin.py:109} INFO - [2021-09-22 00:18:21,883] {dag.py:2287} INFO - Setting next_dagrun for example_dag_decorator to None
[2021-09-22 00:18:21,903] {processor.py:170} INFO - Processing /Users/daniel/sensor-data-ELT/dbt-env/lib/python3.7/site-packages/airflow/example_dags/example_dag_decorator.py took 0.426 seconds
[2021-09-22 00:18:55,533] {processor.py:162} INFO - Started process (PID=37092) to work on /Users/daniel/sensor-data-ELT/dbt-env/lib/python3.7/site-packages/airflow/example_dags/example_dag_decorator.py
[2021-09-22 00:18:55,535] {processor.py:613} INFO - Processing file /Users/daniel/sensor-data-ELT/dbt-env/lib/python3.7/site-packages/airflow/example_dags/example_dag_decorator.py for tasks to queue
[2021-09-22 00:18:55,536] {logging_mixin.py:109} INFO - [2021-09-22 00:18:55,536] {dagbag.py:496} INFO - Filling up the DagBag from /Users/daniel/sensor-data-ELT/dbt-env/lib/python3.7/site-packages/airflow/example_dags/example_dag_decorator.py
[2021-09-22 00:18:55,559] {processor.py:623} INFO - DAG(s) dict_keys(['example_dag_decorator']) retrieved from /Users/daniel/sensor-data-ELT/dbt-env/lib/python3.7/site-packages/airflow/example_dags/example_dag_decorator.py
[2021-09-22 00:18:55,821] {logging_mixin.py:109} INFO - [2021-09-22 00:18:55,821] {dag.py:1834} INFO - Sync 1 DAGs
[2021-09-22 00:18:55,831] {logging_mixin.py:109} INFO - [2021-09-22 00:18:55,830] {dag.py:2287} INFO - Setting next_dagrun for example_dag_decorator to None
[2021-09-22 00:18:55,842] {processor.py:170} INFO - Processing /Users/daniel/sensor-data-ELT/dbt-env/lib/python3.7/site-packages/airflow/example_dags/example_dag_decorator.py took 0.314 seconds
[2021-09-22 00:19:31,956] {processor.py:162} INFO - Started process (PID=37165) to work on /Users/daniel/sensor-data-ELT/dbt-env/lib/python3.7/site-packages/airflow/example_dags/example_dag_decorator.py
[2021-09-22 00:19:31,959] {processor.py:613} INFO - Processing file /Users/daniel/sensor-data-ELT/dbt-env/lib/python3.7/site-packages/airflow/example_dags/example_dag_decorator.py for tasks to queue
[2021-09-22 00:19:31,960] {logging_mixin.py:109} INFO - [2021-09-22 00:19:31,960] {dagbag.py:496} INFO - Filling up the DagBag from /Users/daniel/sensor-data-ELT/dbt-env/lib/python3.7/site-packages/airflow/example_dags/example_dag_decorator.py
[2021-09-22 00:19:31,993] {processor.py:623} INFO - DAG(s) dict_keys(['example_dag_decorator']) retrieved from /Users/daniel/sensor-data-ELT/dbt-env/lib/python3.7/site-packages/airflow/example_dags/example_dag_decorator.py
[2021-09-22 00:19:32,346] {logging_mixin.py:109} INFO - [2021-09-22 00:19:32,346] {dag.py:1834} INFO - Sync 1 DAGs
[2021-09-22 00:19:32,357] {logging_mixin.py:109} INFO - [2021-09-22 00:19:32,356] {dag.py:2287} INFO - Setting next_dagrun for example_dag_decorator to None
[2021-09-22 00:19:32,373] {processor.py:170} INFO - Processing /Users/daniel/sensor-data-ELT/dbt-env/lib/python3.7/site-packages/airflow/example_dags/example_dag_decorator.py took 0.422 seconds
[2021-09-22 00:20:08,885] {processor.py:162} INFO - Started process (PID=37582) to work on /Users/daniel/sensor-data-ELT/dbt-env/lib/python3.7/site-packages/airflow/example_dags/example_dag_decorator.py
[2021-09-22 00:20:08,888] {processor.py:613} INFO - Processing file /Users/daniel/sensor-data-ELT/dbt-env/lib/python3.7/site-packages/airflow/example_dags/example_dag_decorator.py for tasks to queue
[2021-09-22 00:20:08,889] {logging_mixin.py:109} INFO - [2021-09-22 00:20:08,889] {dagbag.py:496} INFO - Filling up the DagBag from /Users/daniel/sensor-data-ELT/dbt-env/lib/python3.7/site-packages/airflow/example_dags/example_dag_decorator.py
[2021-09-22 00:20:08,919] {processor.py:623} INFO - DAG(s) dict_keys(['example_dag_decorator']) retrieved from /Users/daniel/sensor-data-ELT/dbt-env/lib/python3.7/site-packages/airflow/example_dags/example_dag_decorator.py
[2021-09-22 00:20:09,435] {logging_mixin.py:109} INFO - [2021-09-22 00:20:09,435] {dag.py:1834} INFO - Sync 1 DAGs
[2021-09-22 00:20:09,454] {logging_mixin.py:109} INFO - [2021-09-22 00:20:09,453] {dag.py:2287} INFO - Setting next_dagrun for example_dag_decorator to None
[2021-09-22 00:20:09,475] {processor.py:170} INFO - Processing /Users/daniel/sensor-data-ELT/dbt-env/lib/python3.7/site-packages/airflow/example_dags/example_dag_decorator.py took 0.596 seconds
[2021-09-22 00:20:45,854] {processor.py:162} INFO - Started process (PID=38373) to work on /Users/daniel/sensor-data-ELT/dbt-env/lib/python3.7/site-packages/airflow/example_dags/example_dag_decorator.py
[2021-09-22 00:20:45,857] {processor.py:613} INFO - Processing file /Users/daniel/sensor-data-ELT/dbt-env/lib/python3.7/site-packages/airflow/example_dags/example_dag_decorator.py for tasks to queue
[2021-09-22 00:20:45,858] {logging_mixin.py:109} INFO - [2021-09-22 00:20:45,858] {dagbag.py:496} INFO - Filling up the DagBag from /Users/daniel/sensor-data-ELT/dbt-env/lib/python3.7/site-packages/airflow/example_dags/example_dag_decorator.py
[2021-09-22 00:20:45,885] {processor.py:623} INFO - DAG(s) dict_keys(['example_dag_decorator']) retrieved from /Users/daniel/sensor-data-ELT/dbt-env/lib/python3.7/site-packages/airflow/example_dags/example_dag_decorator.py
[2021-09-22 00:20:46,215] {logging_mixin.py:109} INFO - [2021-09-22 00:20:46,215] {dag.py:1834} INFO - Sync 1 DAGs
[2021-09-22 00:20:46,228] {logging_mixin.py:109} INFO - [2021-09-22 00:20:46,227] {dag.py:2287} INFO - Setting next_dagrun for example_dag_decorator to None
[2021-09-22 00:20:46,242] {processor.py:170} INFO - Processing /Users/daniel/sensor-data-ELT/dbt-env/lib/python3.7/site-packages/airflow/example_dags/example_dag_decorator.py took 0.393 seconds
[2021-09-22 00:21:43,066] {processor.py:162} INFO - Started process (PID=38491) to work on /Users/daniel/sensor-data-ELT/dbt-env/lib/python3.7/site-packages/airflow/example_dags/example_dag_decorator.py
[2021-09-22 00:21:43,068] {processor.py:613} INFO - Processing file /Users/daniel/sensor-data-ELT/dbt-env/lib/python3.7/site-packages/airflow/example_dags/example_dag_decorator.py for tasks to queue
[2021-09-22 00:21:43,069] {logging_mixin.py:109} INFO - [2021-09-22 00:21:43,069] {dagbag.py:496} INFO - Filling up the DagBag from /Users/daniel/sensor-data-ELT/dbt-env/lib/python3.7/site-packages/airflow/example_dags/example_dag_decorator.py
[2021-09-22 00:21:43,096] {processor.py:623} INFO - DAG(s) dict_keys(['example_dag_decorator']) retrieved from /Users/daniel/sensor-data-ELT/dbt-env/lib/python3.7/site-packages/airflow/example_dags/example_dag_decorator.py
[2021-09-22 00:21:43,349] {logging_mixin.py:109} INFO - [2021-09-22 00:21:43,349] {dag.py:1834} INFO - Sync 1 DAGs
[2021-09-22 00:21:43,358] {logging_mixin.py:109} INFO - [2021-09-22 00:21:43,358] {dag.py:2287} INFO - Setting next_dagrun for example_dag_decorator to None
[2021-09-22 00:21:43,369] {processor.py:170} INFO - Processing /Users/daniel/sensor-data-ELT/dbt-env/lib/python3.7/site-packages/airflow/example_dags/example_dag_decorator.py took 0.307 seconds
[2021-09-22 00:22:17,814] {processor.py:162} INFO - Started process (PID=38574) to work on /Users/daniel/sensor-data-ELT/dbt-env/lib/python3.7/site-packages/airflow/example_dags/example_dag_decorator.py
[2021-09-22 00:22:17,815] {processor.py:613} INFO - Processing file /Users/daniel/sensor-data-ELT/dbt-env/lib/python3.7/site-packages/airflow/example_dags/example_dag_decorator.py for tasks to queue
[2021-09-22 00:22:17,816] {logging_mixin.py:109} INFO - [2021-09-22 00:22:17,816] {dagbag.py:496} INFO - Filling up the DagBag from /Users/daniel/sensor-data-ELT/dbt-env/lib/python3.7/site-packages/airflow/example_dags/example_dag_decorator.py
[2021-09-22 00:22:17,838] {processor.py:623} INFO - DAG(s) dict_keys(['example_dag_decorator']) retrieved from /Users/daniel/sensor-data-ELT/dbt-env/lib/python3.7/site-packages/airflow/example_dags/example_dag_decorator.py
[2021-09-22 00:22:18,357] {logging_mixin.py:109} INFO - [2021-09-22 00:22:18,357] {dag.py:1834} INFO - Sync 1 DAGs
[2021-09-22 00:22:18,368] {logging_mixin.py:109} INFO - [2021-09-22 00:22:18,368] {dag.py:2287} INFO - Setting next_dagrun for example_dag_decorator to None
[2021-09-22 00:22:18,381] {processor.py:170} INFO - Processing /Users/daniel/sensor-data-ELT/dbt-env/lib/python3.7/site-packages/airflow/example_dags/example_dag_decorator.py took 0.572 seconds
[2021-09-22 00:22:56,557] {processor.py:162} INFO - Started process (PID=38632) to work on /Users/daniel/sensor-data-ELT/dbt-env/lib/python3.7/site-packages/airflow/example_dags/example_dag_decorator.py
[2021-09-22 00:22:56,561] {processor.py:613} INFO - Processing file /Users/daniel/sensor-data-ELT/dbt-env/lib/python3.7/site-packages/airflow/example_dags/example_dag_decorator.py for tasks to queue
[2021-09-22 00:22:56,562] {logging_mixin.py:109} INFO - [2021-09-22 00:22:56,562] {dagbag.py:496} INFO - Filling up the DagBag from /Users/daniel/sensor-data-ELT/dbt-env/lib/python3.7/site-packages/airflow/example_dags/example_dag_decorator.py
[2021-09-22 00:22:56,592] {processor.py:623} INFO - DAG(s) dict_keys(['example_dag_decorator']) retrieved from /Users/daniel/sensor-data-ELT/dbt-env/lib/python3.7/site-packages/airflow/example_dags/example_dag_decorator.py
[2021-09-22 00:22:56,964] {logging_mixin.py:109} INFO - [2021-09-22 00:22:56,963] {dag.py:1834} INFO - Sync 1 DAGs
[2021-09-22 00:22:56,977] {logging_mixin.py:109} INFO - [2021-09-22 00:22:56,977] {dag.py:2287} INFO - Setting next_dagrun for example_dag_decorator to None
[2021-09-22 00:22:56,992] {processor.py:170} INFO - Processing /Users/daniel/sensor-data-ELT/dbt-env/lib/python3.7/site-packages/airflow/example_dags/example_dag_decorator.py took 0.443 seconds
[2021-09-22 00:23:32,504] {processor.py:162} INFO - Started process (PID=38682) to work on /Users/daniel/sensor-data-ELT/dbt-env/lib/python3.7/site-packages/airflow/example_dags/example_dag_decorator.py
[2021-09-22 00:23:32,507] {processor.py:613} INFO - Processing file /Users/daniel/sensor-data-ELT/dbt-env/lib/python3.7/site-packages/airflow/example_dags/example_dag_decorator.py for tasks to queue
[2021-09-22 00:23:32,508] {logging_mixin.py:109} INFO - [2021-09-22 00:23:32,508] {dagbag.py:496} INFO - Filling up the DagBag from /Users/daniel/sensor-data-ELT/dbt-env/lib/python3.7/site-packages/airflow/example_dags/example_dag_decorator.py
[2021-09-22 00:23:32,532] {processor.py:623} INFO - DAG(s) dict_keys(['example_dag_decorator']) retrieved from /Users/daniel/sensor-data-ELT/dbt-env/lib/python3.7/site-packages/airflow/example_dags/example_dag_decorator.py
[2021-09-22 00:23:32,550] {logging_mixin.py:109} INFO - [2021-09-22 00:23:32,549] {dag.py:1834} INFO - Sync 1 DAGs
[2021-09-22 00:23:32,565] {logging_mixin.py:109} INFO - [2021-09-22 00:23:32,564] {dag.py:2287} INFO - Setting next_dagrun for example_dag_decorator to None
[2021-09-22 00:23:32,583] {processor.py:170} INFO - Processing /Users/daniel/sensor-data-ELT/dbt-env/lib/python3.7/site-packages/airflow/example_dags/example_dag_decorator.py took 0.084 seconds
[2021-09-22 00:24:07,920] {processor.py:162} INFO - Started process (PID=38762) to work on /Users/daniel/sensor-data-ELT/dbt-env/lib/python3.7/site-packages/airflow/example_dags/example_dag_decorator.py
[2021-09-22 00:24:07,922] {processor.py:613} INFO - Processing file /Users/daniel/sensor-data-ELT/dbt-env/lib/python3.7/site-packages/airflow/example_dags/example_dag_decorator.py for tasks to queue
[2021-09-22 00:24:07,924] {logging_mixin.py:109} INFO - [2021-09-22 00:24:07,923] {dagbag.py:496} INFO - Filling up the DagBag from /Users/daniel/sensor-data-ELT/dbt-env/lib/python3.7/site-packages/airflow/example_dags/example_dag_decorator.py
[2021-09-22 00:24:07,949] {processor.py:623} INFO - DAG(s) dict_keys(['example_dag_decorator']) retrieved from /Users/daniel/sensor-data-ELT/dbt-env/lib/python3.7/site-packages/airflow/example_dags/example_dag_decorator.py
[2021-09-22 00:24:08,297] {logging_mixin.py:109} INFO - [2021-09-22 00:24:08,297] {dag.py:1834} INFO - Sync 1 DAGs
[2021-09-22 00:24:08,318] {logging_mixin.py:109} INFO - [2021-09-22 00:24:08,318] {dag.py:2287} INFO - Setting next_dagrun for example_dag_decorator to None
[2021-09-22 00:24:08,332] {processor.py:170} INFO - Processing /Users/daniel/sensor-data-ELT/dbt-env/lib/python3.7/site-packages/airflow/example_dags/example_dag_decorator.py took 0.417 seconds
[2021-09-22 00:33:53,444] {processor.py:162} INFO - Started process (PID=39107) to work on /Users/daniel/sensor-data-ELT/dbt-env/lib/python3.7/site-packages/airflow/example_dags/example_dag_decorator.py
[2021-09-22 00:33:53,447] {processor.py:613} INFO - Processing file /Users/daniel/sensor-data-ELT/dbt-env/lib/python3.7/site-packages/airflow/example_dags/example_dag_decorator.py for tasks to queue
[2021-09-22 00:33:53,448] {logging_mixin.py:109} INFO - [2021-09-22 00:33:53,448] {dagbag.py:496} INFO - Filling up the DagBag from /Users/daniel/sensor-data-ELT/dbt-env/lib/python3.7/site-packages/airflow/example_dags/example_dag_decorator.py
[2021-09-22 00:33:53,469] {processor.py:623} INFO - DAG(s) dict_keys(['example_dag_decorator']) retrieved from /Users/daniel/sensor-data-ELT/dbt-env/lib/python3.7/site-packages/airflow/example_dags/example_dag_decorator.py
[2021-09-22 00:33:53,795] {logging_mixin.py:109} INFO - [2021-09-22 00:33:53,795] {dag.py:1834} INFO - Sync 1 DAGs
[2021-09-22 00:33:53,804] {logging_mixin.py:109} INFO - [2021-09-22 00:33:53,804] {dag.py:2287} INFO - Setting next_dagrun for example_dag_decorator to None
[2021-09-22 00:33:53,814] {processor.py:170} INFO - Processing /Users/daniel/sensor-data-ELT/dbt-env/lib/python3.7/site-packages/airflow/example_dags/example_dag_decorator.py took 0.374 seconds
[2021-09-22 00:34:26,463] {processor.py:162} INFO - Started process (PID=39186) to work on /Users/daniel/sensor-data-ELT/dbt-env/lib/python3.7/site-packages/airflow/example_dags/example_dag_decorator.py
[2021-09-22 00:34:26,466] {processor.py:613} INFO - Processing file /Users/daniel/sensor-data-ELT/dbt-env/lib/python3.7/site-packages/airflow/example_dags/example_dag_decorator.py for tasks to queue
[2021-09-22 00:34:26,468] {logging_mixin.py:109} INFO - [2021-09-22 00:34:26,467] {dagbag.py:496} INFO - Filling up the DagBag from /Users/daniel/sensor-data-ELT/dbt-env/lib/python3.7/site-packages/airflow/example_dags/example_dag_decorator.py
[2021-09-22 00:34:26,519] {processor.py:623} INFO - DAG(s) dict_keys(['example_dag_decorator']) retrieved from /Users/daniel/sensor-data-ELT/dbt-env/lib/python3.7/site-packages/airflow/example_dags/example_dag_decorator.py
[2021-09-22 00:34:26,909] {logging_mixin.py:109} INFO - [2021-09-22 00:34:26,909] {dag.py:1834} INFO - Sync 1 DAGs
[2021-09-22 00:34:26,920] {logging_mixin.py:109} INFO - [2021-09-22 00:34:26,920] {dag.py:2287} INFO - Setting next_dagrun for example_dag_decorator to None
[2021-09-22 00:34:26,933] {processor.py:170} INFO - Processing /Users/daniel/sensor-data-ELT/dbt-env/lib/python3.7/site-packages/airflow/example_dags/example_dag_decorator.py took 0.476 seconds
[2021-09-22 00:35:02,408] {processor.py:162} INFO - Started process (PID=39237) to work on /Users/daniel/sensor-data-ELT/dbt-env/lib/python3.7/site-packages/airflow/example_dags/example_dag_decorator.py
[2021-09-22 00:35:02,411] {processor.py:613} INFO - Processing file /Users/daniel/sensor-data-ELT/dbt-env/lib/python3.7/site-packages/airflow/example_dags/example_dag_decorator.py for tasks to queue
[2021-09-22 00:35:02,412] {logging_mixin.py:109} INFO - [2021-09-22 00:35:02,412] {dagbag.py:496} INFO - Filling up the DagBag from /Users/daniel/sensor-data-ELT/dbt-env/lib/python3.7/site-packages/airflow/example_dags/example_dag_decorator.py
[2021-09-22 00:35:02,436] {processor.py:623} INFO - DAG(s) dict_keys(['example_dag_decorator']) retrieved from /Users/daniel/sensor-data-ELT/dbt-env/lib/python3.7/site-packages/airflow/example_dags/example_dag_decorator.py
[2021-09-22 00:35:02,718] {logging_mixin.py:109} INFO - [2021-09-22 00:35:02,717] {dag.py:1834} INFO - Sync 1 DAGs
[2021-09-22 00:35:02,726] {logging_mixin.py:109} INFO - [2021-09-22 00:35:02,726] {dag.py:2287} INFO - Setting next_dagrun for example_dag_decorator to None
[2021-09-22 00:35:02,739] {processor.py:170} INFO - Processing /Users/daniel/sensor-data-ELT/dbt-env/lib/python3.7/site-packages/airflow/example_dags/example_dag_decorator.py took 0.335 seconds
[2021-09-22 00:35:37,179] {processor.py:162} INFO - Started process (PID=39269) to work on /Users/daniel/sensor-data-ELT/dbt-env/lib/python3.7/site-packages/airflow/example_dags/example_dag_decorator.py
[2021-09-22 00:35:37,182] {processor.py:613} INFO - Processing file /Users/daniel/sensor-data-ELT/dbt-env/lib/python3.7/site-packages/airflow/example_dags/example_dag_decorator.py for tasks to queue
[2021-09-22 00:35:37,183] {logging_mixin.py:109} INFO - [2021-09-22 00:35:37,183] {dagbag.py:496} INFO - Filling up the DagBag from /Users/daniel/sensor-data-ELT/dbt-env/lib/python3.7/site-packages/airflow/example_dags/example_dag_decorator.py
[2021-09-22 00:35:37,210] {processor.py:623} INFO - DAG(s) dict_keys(['example_dag_decorator']) retrieved from /Users/daniel/sensor-data-ELT/dbt-env/lib/python3.7/site-packages/airflow/example_dags/example_dag_decorator.py
[2021-09-22 00:35:37,483] {logging_mixin.py:109} INFO - [2021-09-22 00:35:37,483] {dag.py:1834} INFO - Sync 1 DAGs
[2021-09-22 00:35:37,494] {logging_mixin.py:109} INFO - [2021-09-22 00:35:37,494] {dag.py:2287} INFO - Setting next_dagrun for example_dag_decorator to None
[2021-09-22 00:35:37,507] {processor.py:170} INFO - Processing /Users/daniel/sensor-data-ELT/dbt-env/lib/python3.7/site-packages/airflow/example_dags/example_dag_decorator.py took 0.332 seconds
[2021-09-22 00:36:09,630] {processor.py:162} INFO - Started process (PID=39301) to work on /Users/daniel/sensor-data-ELT/dbt-env/lib/python3.7/site-packages/airflow/example_dags/example_dag_decorator.py
[2021-09-22 00:36:09,633] {processor.py:613} INFO - Processing file /Users/daniel/sensor-data-ELT/dbt-env/lib/python3.7/site-packages/airflow/example_dags/example_dag_decorator.py for tasks to queue
[2021-09-22 00:36:09,634] {logging_mixin.py:109} INFO - [2021-09-22 00:36:09,634] {dagbag.py:496} INFO - Filling up the DagBag from /Users/daniel/sensor-data-ELT/dbt-env/lib/python3.7/site-packages/airflow/example_dags/example_dag_decorator.py
[2021-09-22 00:36:09,658] {processor.py:623} INFO - DAG(s) dict_keys(['example_dag_decorator']) retrieved from /Users/daniel/sensor-data-ELT/dbt-env/lib/python3.7/site-packages/airflow/example_dags/example_dag_decorator.py
[2021-09-22 00:36:09,941] {logging_mixin.py:109} INFO - [2021-09-22 00:36:09,941] {dag.py:1834} INFO - Sync 1 DAGs
[2021-09-22 00:36:09,952] {logging_mixin.py:109} INFO - [2021-09-22 00:36:09,951] {dag.py:2287} INFO - Setting next_dagrun for example_dag_decorator to None
[2021-09-22 00:36:09,963] {processor.py:170} INFO - Processing /Users/daniel/sensor-data-ELT/dbt-env/lib/python3.7/site-packages/airflow/example_dags/example_dag_decorator.py took 0.338 seconds
[2021-09-22 00:36:43,786] {processor.py:162} INFO - Started process (PID=39357) to work on /Users/daniel/sensor-data-ELT/dbt-env/lib/python3.7/site-packages/airflow/example_dags/example_dag_decorator.py
[2021-09-22 00:36:43,788] {processor.py:613} INFO - Processing file /Users/daniel/sensor-data-ELT/dbt-env/lib/python3.7/site-packages/airflow/example_dags/example_dag_decorator.py for tasks to queue
[2021-09-22 00:36:43,789] {logging_mixin.py:109} INFO - [2021-09-22 00:36:43,789] {dagbag.py:496} INFO - Filling up the DagBag from /Users/daniel/sensor-data-ELT/dbt-env/lib/python3.7/site-packages/airflow/example_dags/example_dag_decorator.py
[2021-09-22 00:36:43,821] {processor.py:623} INFO - DAG(s) dict_keys(['example_dag_decorator']) retrieved from /Users/daniel/sensor-data-ELT/dbt-env/lib/python3.7/site-packages/airflow/example_dags/example_dag_decorator.py
[2021-09-22 00:36:44,297] {logging_mixin.py:109} INFO - [2021-09-22 00:36:44,297] {dag.py:1834} INFO - Sync 1 DAGs
[2021-09-22 00:36:44,307] {logging_mixin.py:109} INFO - [2021-09-22 00:36:44,307] {dag.py:2287} INFO - Setting next_dagrun for example_dag_decorator to None
[2021-09-22 00:36:44,319] {processor.py:170} INFO - Processing /Users/daniel/sensor-data-ELT/dbt-env/lib/python3.7/site-packages/airflow/example_dags/example_dag_decorator.py took 0.542 seconds
[2021-09-22 00:37:18,177] {processor.py:162} INFO - Started process (PID=39443) to work on /Users/daniel/sensor-data-ELT/dbt-env/lib/python3.7/site-packages/airflow/example_dags/example_dag_decorator.py
[2021-09-22 00:37:18,179] {processor.py:613} INFO - Processing file /Users/daniel/sensor-data-ELT/dbt-env/lib/python3.7/site-packages/airflow/example_dags/example_dag_decorator.py for tasks to queue
[2021-09-22 00:37:18,180] {logging_mixin.py:109} INFO - [2021-09-22 00:37:18,180] {dagbag.py:496} INFO - Filling up the DagBag from /Users/daniel/sensor-data-ELT/dbt-env/lib/python3.7/site-packages/airflow/example_dags/example_dag_decorator.py
[2021-09-22 00:37:18,204] {processor.py:623} INFO - DAG(s) dict_keys(['example_dag_decorator']) retrieved from /Users/daniel/sensor-data-ELT/dbt-env/lib/python3.7/site-packages/airflow/example_dags/example_dag_decorator.py
[2021-09-22 00:37:18,462] {logging_mixin.py:109} INFO - [2021-09-22 00:37:18,461] {dag.py:1834} INFO - Sync 1 DAGs
[2021-09-22 00:37:18,471] {logging_mixin.py:109} INFO - [2021-09-22 00:37:18,471] {dag.py:2287} INFO - Setting next_dagrun for example_dag_decorator to None
[2021-09-22 00:37:18,483] {processor.py:170} INFO - Processing /Users/daniel/sensor-data-ELT/dbt-env/lib/python3.7/site-packages/airflow/example_dags/example_dag_decorator.py took 0.310 seconds
[2021-09-22 00:37:52,942] {processor.py:162} INFO - Started process (PID=39514) to work on /Users/daniel/sensor-data-ELT/dbt-env/lib/python3.7/site-packages/airflow/example_dags/example_dag_decorator.py
[2021-09-22 00:37:52,943] {processor.py:613} INFO - Processing file /Users/daniel/sensor-data-ELT/dbt-env/lib/python3.7/site-packages/airflow/example_dags/example_dag_decorator.py for tasks to queue
[2021-09-22 00:37:52,945] {logging_mixin.py:109} INFO - [2021-09-22 00:37:52,944] {dagbag.py:496} INFO - Filling up the DagBag from /Users/daniel/sensor-data-ELT/dbt-env/lib/python3.7/site-packages/airflow/example_dags/example_dag_decorator.py
[2021-09-22 00:37:52,969] {processor.py:623} INFO - DAG(s) dict_keys(['example_dag_decorator']) retrieved from /Users/daniel/sensor-data-ELT/dbt-env/lib/python3.7/site-packages/airflow/example_dags/example_dag_decorator.py
[2021-09-22 00:37:53,217] {logging_mixin.py:109} INFO - [2021-09-22 00:37:53,217] {dag.py:1834} INFO - Sync 1 DAGs
[2021-09-22 00:37:53,230] {logging_mixin.py:109} INFO - [2021-09-22 00:37:53,230] {dag.py:2287} INFO - Setting next_dagrun for example_dag_decorator to None
[2021-09-22 00:37:53,247] {processor.py:170} INFO - Processing /Users/daniel/sensor-data-ELT/dbt-env/lib/python3.7/site-packages/airflow/example_dags/example_dag_decorator.py took 0.309 seconds
[2021-09-22 00:38:29,604] {processor.py:162} INFO - Started process (PID=39573) to work on /Users/daniel/sensor-data-ELT/dbt-env/lib/python3.7/site-packages/airflow/example_dags/example_dag_decorator.py
[2021-09-22 00:38:29,605] {processor.py:613} INFO - Processing file /Users/daniel/sensor-data-ELT/dbt-env/lib/python3.7/site-packages/airflow/example_dags/example_dag_decorator.py for tasks to queue
[2021-09-22 00:38:29,607] {logging_mixin.py:109} INFO - [2021-09-22 00:38:29,606] {dagbag.py:496} INFO - Filling up the DagBag from /Users/daniel/sensor-data-ELT/dbt-env/lib/python3.7/site-packages/airflow/example_dags/example_dag_decorator.py
[2021-09-22 00:38:29,629] {processor.py:623} INFO - DAG(s) dict_keys(['example_dag_decorator']) retrieved from /Users/daniel/sensor-data-ELT/dbt-env/lib/python3.7/site-packages/airflow/example_dags/example_dag_decorator.py
[2021-09-22 00:38:29,881] {logging_mixin.py:109} INFO - [2021-09-22 00:38:29,881] {dag.py:1834} INFO - Sync 1 DAGs
[2021-09-22 00:38:29,890] {logging_mixin.py:109} INFO - [2021-09-22 00:38:29,890] {dag.py:2287} INFO - Setting next_dagrun for example_dag_decorator to None
[2021-09-22 00:38:29,903] {processor.py:170} INFO - Processing /Users/daniel/sensor-data-ELT/dbt-env/lib/python3.7/site-packages/airflow/example_dags/example_dag_decorator.py took 0.303 seconds
[2021-09-22 01:18:20,703] {processor.py:162} INFO - Started process (PID=40977) to work on /Users/daniel/sensor-data-ELT/dbt-env/lib/python3.7/site-packages/airflow/example_dags/example_dag_decorator.py
[2021-09-22 01:18:20,705] {processor.py:613} INFO - Processing file /Users/daniel/sensor-data-ELT/dbt-env/lib/python3.7/site-packages/airflow/example_dags/example_dag_decorator.py for tasks to queue
[2021-09-22 01:18:20,706] {logging_mixin.py:109} INFO - [2021-09-22 01:18:20,706] {dagbag.py:496} INFO - Filling up the DagBag from /Users/daniel/sensor-data-ELT/dbt-env/lib/python3.7/site-packages/airflow/example_dags/example_dag_decorator.py
[2021-09-22 01:18:20,730] {processor.py:623} INFO - DAG(s) dict_keys(['example_dag_decorator']) retrieved from /Users/daniel/sensor-data-ELT/dbt-env/lib/python3.7/site-packages/airflow/example_dags/example_dag_decorator.py
[2021-09-22 01:18:21,028] {logging_mixin.py:109} INFO - [2021-09-22 01:18:21,028] {dag.py:1834} INFO - Sync 1 DAGs
[2021-09-22 01:18:21,036] {logging_mixin.py:109} INFO - [2021-09-22 01:18:21,036] {dag.py:2287} INFO - Setting next_dagrun for example_dag_decorator to None
[2021-09-22 01:18:21,046] {processor.py:170} INFO - Processing /Users/daniel/sensor-data-ELT/dbt-env/lib/python3.7/site-packages/airflow/example_dags/example_dag_decorator.py took 0.349 seconds
[2021-09-22 01:19:00,245] {processor.py:162} INFO - Started process (PID=41082) to work on /Users/daniel/sensor-data-ELT/dbt-env/lib/python3.7/site-packages/airflow/example_dags/example_dag_decorator.py
[2021-09-22 01:19:00,249] {processor.py:613} INFO - Processing file /Users/daniel/sensor-data-ELT/dbt-env/lib/python3.7/site-packages/airflow/example_dags/example_dag_decorator.py for tasks to queue
[2021-09-22 01:19:00,251] {logging_mixin.py:109} INFO - [2021-09-22 01:19:00,250] {dagbag.py:496} INFO - Filling up the DagBag from /Users/daniel/sensor-data-ELT/dbt-env/lib/python3.7/site-packages/airflow/example_dags/example_dag_decorator.py
[2021-09-22 01:19:00,304] {processor.py:623} INFO - DAG(s) dict_keys(['example_dag_decorator']) retrieved from /Users/daniel/sensor-data-ELT/dbt-env/lib/python3.7/site-packages/airflow/example_dags/example_dag_decorator.py
[2021-09-22 01:19:00,998] {logging_mixin.py:109} INFO - [2021-09-22 01:19:00,997] {dag.py:1834} INFO - Sync 1 DAGs
[2021-09-22 01:19:01,009] {logging_mixin.py:109} INFO - [2021-09-22 01:19:01,009] {dag.py:2287} INFO - Setting next_dagrun for example_dag_decorator to None
[2021-09-22 01:19:01,043] {processor.py:170} INFO - Processing /Users/daniel/sensor-data-ELT/dbt-env/lib/python3.7/site-packages/airflow/example_dags/example_dag_decorator.py took 0.805 seconds
