[2021-09-22 00:18:14,207] {processor.py:162} INFO - Started process (PID=36995) to work on /Users/daniel/sensor-data-ELT/dbt-env/lib/python3.7/site-packages/airflow/example_dags/example_branch_datetime_operator.py
[2021-09-22 00:18:14,208] {processor.py:613} INFO - Processing file /Users/daniel/sensor-data-ELT/dbt-env/lib/python3.7/site-packages/airflow/example_dags/example_branch_datetime_operator.py for tasks to queue
[2021-09-22 00:18:14,210] {logging_mixin.py:109} INFO - [2021-09-22 00:18:14,209] {dagbag.py:496} INFO - Filling up the DagBag from /Users/daniel/sensor-data-ELT/dbt-env/lib/python3.7/site-packages/airflow/example_dags/example_branch_datetime_operator.py
[2021-09-22 00:18:14,233] {processor.py:623} INFO - DAG(s) dict_keys(['example_branch_datetime_operator_2']) retrieved from /Users/daniel/sensor-data-ELT/dbt-env/lib/python3.7/site-packages/airflow/example_dags/example_branch_datetime_operator.py
[2021-09-22 00:18:14,257] {logging_mixin.py:109} INFO - [2021-09-22 00:18:14,256] {dag.py:1834} INFO - Sync 1 DAGs
[2021-09-22 00:18:14,290] {logging_mixin.py:109} INFO - [2021-09-22 00:18:14,289] {dag.py:2287} INFO - Setting next_dagrun for example_branch_datetime_operator_2 to 2021-09-19 00:00:00+00:00
[2021-09-22 00:18:14,306] {processor.py:170} INFO - Processing /Users/daniel/sensor-data-ELT/dbt-env/lib/python3.7/site-packages/airflow/example_dags/example_branch_datetime_operator.py took 0.104 seconds
[2021-09-22 00:18:49,210] {processor.py:162} INFO - Started process (PID=37078) to work on /Users/daniel/sensor-data-ELT/dbt-env/lib/python3.7/site-packages/airflow/example_dags/example_branch_datetime_operator.py
[2021-09-22 00:18:49,213] {processor.py:613} INFO - Processing file /Users/daniel/sensor-data-ELT/dbt-env/lib/python3.7/site-packages/airflow/example_dags/example_branch_datetime_operator.py for tasks to queue
[2021-09-22 00:18:49,215] {logging_mixin.py:109} INFO - [2021-09-22 00:18:49,215] {dagbag.py:496} INFO - Filling up the DagBag from /Users/daniel/sensor-data-ELT/dbt-env/lib/python3.7/site-packages/airflow/example_dags/example_branch_datetime_operator.py
[2021-09-22 00:18:49,239] {processor.py:623} INFO - DAG(s) dict_keys(['example_branch_datetime_operator_2']) retrieved from /Users/daniel/sensor-data-ELT/dbt-env/lib/python3.7/site-packages/airflow/example_dags/example_branch_datetime_operator.py
[2021-09-22 00:18:49,257] {logging_mixin.py:109} INFO - [2021-09-22 00:18:49,257] {dag.py:1834} INFO - Sync 1 DAGs
[2021-09-22 00:18:49,281] {logging_mixin.py:109} INFO - [2021-09-22 00:18:49,281] {dag.py:2287} INFO - Setting next_dagrun for example_branch_datetime_operator_2 to 2021-09-19 00:00:00+00:00
[2021-09-22 00:18:49,297] {processor.py:170} INFO - Processing /Users/daniel/sensor-data-ELT/dbt-env/lib/python3.7/site-packages/airflow/example_dags/example_branch_datetime_operator.py took 0.093 seconds
[2021-09-22 00:19:25,537] {processor.py:162} INFO - Started process (PID=37159) to work on /Users/daniel/sensor-data-ELT/dbt-env/lib/python3.7/site-packages/airflow/example_dags/example_branch_datetime_operator.py
[2021-09-22 00:19:25,539] {processor.py:613} INFO - Processing file /Users/daniel/sensor-data-ELT/dbt-env/lib/python3.7/site-packages/airflow/example_dags/example_branch_datetime_operator.py for tasks to queue
[2021-09-22 00:19:25,541] {logging_mixin.py:109} INFO - [2021-09-22 00:19:25,540] {dagbag.py:496} INFO - Filling up the DagBag from /Users/daniel/sensor-data-ELT/dbt-env/lib/python3.7/site-packages/airflow/example_dags/example_branch_datetime_operator.py
[2021-09-22 00:19:25,564] {processor.py:623} INFO - DAG(s) dict_keys(['example_branch_datetime_operator_2']) retrieved from /Users/daniel/sensor-data-ELT/dbt-env/lib/python3.7/site-packages/airflow/example_dags/example_branch_datetime_operator.py
[2021-09-22 00:19:25,592] {logging_mixin.py:109} INFO - [2021-09-22 00:19:25,591] {dag.py:1834} INFO - Sync 1 DAGs
[2021-09-22 00:19:25,623] {logging_mixin.py:109} INFO - [2021-09-22 00:19:25,623] {dag.py:2287} INFO - Setting next_dagrun for example_branch_datetime_operator_2 to 2021-09-19 00:00:00+00:00
[2021-09-22 00:19:25,642] {processor.py:170} INFO - Processing /Users/daniel/sensor-data-ELT/dbt-env/lib/python3.7/site-packages/airflow/example_dags/example_branch_datetime_operator.py took 0.112 seconds
[2021-09-22 00:20:01,586] {processor.py:162} INFO - Started process (PID=37576) to work on /Users/daniel/sensor-data-ELT/dbt-env/lib/python3.7/site-packages/airflow/example_dags/example_branch_datetime_operator.py
[2021-09-22 00:20:01,596] {processor.py:613} INFO - Processing file /Users/daniel/sensor-data-ELT/dbt-env/lib/python3.7/site-packages/airflow/example_dags/example_branch_datetime_operator.py for tasks to queue
[2021-09-22 00:20:01,598] {logging_mixin.py:109} INFO - [2021-09-22 00:20:01,598] {dagbag.py:496} INFO - Filling up the DagBag from /Users/daniel/sensor-data-ELT/dbt-env/lib/python3.7/site-packages/airflow/example_dags/example_branch_datetime_operator.py
[2021-09-22 00:20:01,629] {processor.py:623} INFO - DAG(s) dict_keys(['example_branch_datetime_operator_2']) retrieved from /Users/daniel/sensor-data-ELT/dbt-env/lib/python3.7/site-packages/airflow/example_dags/example_branch_datetime_operator.py
[2021-09-22 00:20:01,662] {logging_mixin.py:109} INFO - [2021-09-22 00:20:01,662] {dag.py:1834} INFO - Sync 1 DAGs
[2021-09-22 00:20:01,704] {logging_mixin.py:109} INFO - [2021-09-22 00:20:01,704] {dag.py:2287} INFO - Setting next_dagrun for example_branch_datetime_operator_2 to 2021-09-19 00:00:00+00:00
[2021-09-22 00:20:01,729] {processor.py:170} INFO - Processing /Users/daniel/sensor-data-ELT/dbt-env/lib/python3.7/site-packages/airflow/example_dags/example_branch_datetime_operator.py took 0.148 seconds
[2021-09-22 00:20:37,940] {processor.py:162} INFO - Started process (PID=37773) to work on /Users/daniel/sensor-data-ELT/dbt-env/lib/python3.7/site-packages/airflow/example_dags/example_branch_datetime_operator.py
[2021-09-22 00:20:37,943] {processor.py:613} INFO - Processing file /Users/daniel/sensor-data-ELT/dbt-env/lib/python3.7/site-packages/airflow/example_dags/example_branch_datetime_operator.py for tasks to queue
[2021-09-22 00:20:37,945] {logging_mixin.py:109} INFO - [2021-09-22 00:20:37,944] {dagbag.py:496} INFO - Filling up the DagBag from /Users/daniel/sensor-data-ELT/dbt-env/lib/python3.7/site-packages/airflow/example_dags/example_branch_datetime_operator.py
[2021-09-22 00:20:37,979] {processor.py:623} INFO - DAG(s) dict_keys(['example_branch_datetime_operator_2']) retrieved from /Users/daniel/sensor-data-ELT/dbt-env/lib/python3.7/site-packages/airflow/example_dags/example_branch_datetime_operator.py
[2021-09-22 00:20:38,013] {logging_mixin.py:109} INFO - [2021-09-22 00:20:38,013] {dag.py:1834} INFO - Sync 1 DAGs
[2021-09-22 00:20:38,188] {logging_mixin.py:109} INFO - [2021-09-22 00:20:38,188] {dag.py:2287} INFO - Setting next_dagrun for example_branch_datetime_operator_2 to 2021-09-19 00:00:00+00:00
[2021-09-22 00:20:38,218] {processor.py:170} INFO - Processing /Users/daniel/sensor-data-ELT/dbt-env/lib/python3.7/site-packages/airflow/example_dags/example_branch_datetime_operator.py took 0.286 seconds
[2021-09-22 00:21:37,214] {processor.py:162} INFO - Started process (PID=38477) to work on /Users/daniel/sensor-data-ELT/dbt-env/lib/python3.7/site-packages/airflow/example_dags/example_branch_datetime_operator.py
[2021-09-22 00:21:37,217] {processor.py:613} INFO - Processing file /Users/daniel/sensor-data-ELT/dbt-env/lib/python3.7/site-packages/airflow/example_dags/example_branch_datetime_operator.py for tasks to queue
[2021-09-22 00:21:37,218] {logging_mixin.py:109} INFO - [2021-09-22 00:21:37,217] {dagbag.py:496} INFO - Filling up the DagBag from /Users/daniel/sensor-data-ELT/dbt-env/lib/python3.7/site-packages/airflow/example_dags/example_branch_datetime_operator.py
[2021-09-22 00:21:37,234] {processor.py:623} INFO - DAG(s) dict_keys(['example_branch_datetime_operator_2']) retrieved from /Users/daniel/sensor-data-ELT/dbt-env/lib/python3.7/site-packages/airflow/example_dags/example_branch_datetime_operator.py
[2021-09-22 00:21:37,249] {logging_mixin.py:109} INFO - [2021-09-22 00:21:37,249] {dag.py:1834} INFO - Sync 1 DAGs
[2021-09-22 00:21:37,269] {logging_mixin.py:109} INFO - [2021-09-22 00:21:37,269] {dag.py:2287} INFO - Setting next_dagrun for example_branch_datetime_operator_2 to 2021-09-19 00:00:00+00:00
[2021-09-22 00:21:37,285] {processor.py:170} INFO - Processing /Users/daniel/sensor-data-ELT/dbt-env/lib/python3.7/site-packages/airflow/example_dags/example_branch_datetime_operator.py took 0.075 seconds
[2021-09-22 00:22:11,490] {processor.py:162} INFO - Started process (PID=38555) to work on /Users/daniel/sensor-data-ELT/dbt-env/lib/python3.7/site-packages/airflow/example_dags/example_branch_datetime_operator.py
[2021-09-22 00:22:11,491] {processor.py:613} INFO - Processing file /Users/daniel/sensor-data-ELT/dbt-env/lib/python3.7/site-packages/airflow/example_dags/example_branch_datetime_operator.py for tasks to queue
[2021-09-22 00:22:11,492] {logging_mixin.py:109} INFO - [2021-09-22 00:22:11,492] {dagbag.py:496} INFO - Filling up the DagBag from /Users/daniel/sensor-data-ELT/dbt-env/lib/python3.7/site-packages/airflow/example_dags/example_branch_datetime_operator.py
[2021-09-22 00:22:11,510] {processor.py:623} INFO - DAG(s) dict_keys(['example_branch_datetime_operator_2']) retrieved from /Users/daniel/sensor-data-ELT/dbt-env/lib/python3.7/site-packages/airflow/example_dags/example_branch_datetime_operator.py
[2021-09-22 00:22:11,529] {logging_mixin.py:109} INFO - [2021-09-22 00:22:11,529] {dag.py:1834} INFO - Sync 1 DAGs
[2021-09-22 00:22:11,554] {logging_mixin.py:109} INFO - [2021-09-22 00:22:11,553] {dag.py:2287} INFO - Setting next_dagrun for example_branch_datetime_operator_2 to 2021-09-19 00:00:00+00:00
[2021-09-22 00:22:11,567] {processor.py:170} INFO - Processing /Users/daniel/sensor-data-ELT/dbt-env/lib/python3.7/site-packages/airflow/example_dags/example_branch_datetime_operator.py took 0.081 seconds
[2021-09-22 00:22:50,152] {processor.py:162} INFO - Started process (PID=38626) to work on /Users/daniel/sensor-data-ELT/dbt-env/lib/python3.7/site-packages/airflow/example_dags/example_branch_datetime_operator.py
[2021-09-22 00:22:50,155] {processor.py:613} INFO - Processing file /Users/daniel/sensor-data-ELT/dbt-env/lib/python3.7/site-packages/airflow/example_dags/example_branch_datetime_operator.py for tasks to queue
[2021-09-22 00:22:50,156] {logging_mixin.py:109} INFO - [2021-09-22 00:22:50,156] {dagbag.py:496} INFO - Filling up the DagBag from /Users/daniel/sensor-data-ELT/dbt-env/lib/python3.7/site-packages/airflow/example_dags/example_branch_datetime_operator.py
[2021-09-22 00:22:50,178] {processor.py:623} INFO - DAG(s) dict_keys(['example_branch_datetime_operator_2']) retrieved from /Users/daniel/sensor-data-ELT/dbt-env/lib/python3.7/site-packages/airflow/example_dags/example_branch_datetime_operator.py
[2021-09-22 00:22:50,197] {logging_mixin.py:109} INFO - [2021-09-22 00:22:50,197] {dag.py:1834} INFO - Sync 1 DAGs
[2021-09-22 00:22:50,224] {logging_mixin.py:109} INFO - [2021-09-22 00:22:50,223] {dag.py:2287} INFO - Setting next_dagrun for example_branch_datetime_operator_2 to 2021-09-19 00:00:00+00:00
[2021-09-22 00:22:50,242] {processor.py:170} INFO - Processing /Users/daniel/sensor-data-ELT/dbt-env/lib/python3.7/site-packages/airflow/example_dags/example_branch_datetime_operator.py took 0.095 seconds
[2021-09-22 00:23:26,325] {processor.py:162} INFO - Started process (PID=38670) to work on /Users/daniel/sensor-data-ELT/dbt-env/lib/python3.7/site-packages/airflow/example_dags/example_branch_datetime_operator.py
[2021-09-22 00:23:26,328] {processor.py:613} INFO - Processing file /Users/daniel/sensor-data-ELT/dbt-env/lib/python3.7/site-packages/airflow/example_dags/example_branch_datetime_operator.py for tasks to queue
[2021-09-22 00:23:26,329] {logging_mixin.py:109} INFO - [2021-09-22 00:23:26,329] {dagbag.py:496} INFO - Filling up the DagBag from /Users/daniel/sensor-data-ELT/dbt-env/lib/python3.7/site-packages/airflow/example_dags/example_branch_datetime_operator.py
[2021-09-22 00:23:26,347] {processor.py:623} INFO - DAG(s) dict_keys(['example_branch_datetime_operator_2']) retrieved from /Users/daniel/sensor-data-ELT/dbt-env/lib/python3.7/site-packages/airflow/example_dags/example_branch_datetime_operator.py
[2021-09-22 00:23:26,364] {logging_mixin.py:109} INFO - [2021-09-22 00:23:26,364] {dag.py:1834} INFO - Sync 1 DAGs
[2021-09-22 00:23:26,386] {logging_mixin.py:109} INFO - [2021-09-22 00:23:26,386] {dag.py:2287} INFO - Setting next_dagrun for example_branch_datetime_operator_2 to 2021-09-19 00:00:00+00:00
[2021-09-22 00:23:26,398] {processor.py:170} INFO - Processing /Users/daniel/sensor-data-ELT/dbt-env/lib/python3.7/site-packages/airflow/example_dags/example_branch_datetime_operator.py took 0.078 seconds
[2021-09-22 00:24:01,525] {processor.py:162} INFO - Started process (PID=38749) to work on /Users/daniel/sensor-data-ELT/dbt-env/lib/python3.7/site-packages/airflow/example_dags/example_branch_datetime_operator.py
[2021-09-22 00:24:01,528] {processor.py:613} INFO - Processing file /Users/daniel/sensor-data-ELT/dbt-env/lib/python3.7/site-packages/airflow/example_dags/example_branch_datetime_operator.py for tasks to queue
[2021-09-22 00:24:01,529] {logging_mixin.py:109} INFO - [2021-09-22 00:24:01,529] {dagbag.py:496} INFO - Filling up the DagBag from /Users/daniel/sensor-data-ELT/dbt-env/lib/python3.7/site-packages/airflow/example_dags/example_branch_datetime_operator.py
[2021-09-22 00:24:01,548] {processor.py:623} INFO - DAG(s) dict_keys(['example_branch_datetime_operator_2']) retrieved from /Users/daniel/sensor-data-ELT/dbt-env/lib/python3.7/site-packages/airflow/example_dags/example_branch_datetime_operator.py
[2021-09-22 00:24:01,565] {logging_mixin.py:109} INFO - [2021-09-22 00:24:01,565] {dag.py:1834} INFO - Sync 1 DAGs
[2021-09-22 00:24:01,586] {logging_mixin.py:109} INFO - [2021-09-22 00:24:01,586] {dag.py:2287} INFO - Setting next_dagrun for example_branch_datetime_operator_2 to 2021-09-19 00:00:00+00:00
[2021-09-22 00:24:01,599] {processor.py:170} INFO - Processing /Users/daniel/sensor-data-ELT/dbt-env/lib/python3.7/site-packages/airflow/example_dags/example_branch_datetime_operator.py took 0.078 seconds
[2021-09-22 00:33:46,637] {processor.py:162} INFO - Started process (PID=39093) to work on /Users/daniel/sensor-data-ELT/dbt-env/lib/python3.7/site-packages/airflow/example_dags/example_branch_datetime_operator.py
[2021-09-22 00:33:46,640] {processor.py:613} INFO - Processing file /Users/daniel/sensor-data-ELT/dbt-env/lib/python3.7/site-packages/airflow/example_dags/example_branch_datetime_operator.py for tasks to queue
[2021-09-22 00:33:46,641] {logging_mixin.py:109} INFO - [2021-09-22 00:33:46,641] {dagbag.py:496} INFO - Filling up the DagBag from /Users/daniel/sensor-data-ELT/dbt-env/lib/python3.7/site-packages/airflow/example_dags/example_branch_datetime_operator.py
[2021-09-22 00:33:46,657] {processor.py:623} INFO - DAG(s) dict_keys(['example_branch_datetime_operator_2']) retrieved from /Users/daniel/sensor-data-ELT/dbt-env/lib/python3.7/site-packages/airflow/example_dags/example_branch_datetime_operator.py
[2021-09-22 00:33:46,676] {logging_mixin.py:109} INFO - [2021-09-22 00:33:46,676] {dag.py:1834} INFO - Sync 1 DAGs
[2021-09-22 00:33:46,702] {logging_mixin.py:109} INFO - [2021-09-22 00:33:46,702] {dag.py:2287} INFO - Setting next_dagrun for example_branch_datetime_operator_2 to 2021-09-19 00:00:00+00:00
[2021-09-22 00:33:46,714] {processor.py:170} INFO - Processing /Users/daniel/sensor-data-ELT/dbt-env/lib/python3.7/site-packages/airflow/example_dags/example_branch_datetime_operator.py took 0.080 seconds
[2021-09-22 00:34:20,140] {processor.py:162} INFO - Started process (PID=39153) to work on /Users/daniel/sensor-data-ELT/dbt-env/lib/python3.7/site-packages/airflow/example_dags/example_branch_datetime_operator.py
[2021-09-22 00:34:20,143] {processor.py:613} INFO - Processing file /Users/daniel/sensor-data-ELT/dbt-env/lib/python3.7/site-packages/airflow/example_dags/example_branch_datetime_operator.py for tasks to queue
[2021-09-22 00:34:20,144] {logging_mixin.py:109} INFO - [2021-09-22 00:34:20,144] {dagbag.py:496} INFO - Filling up the DagBag from /Users/daniel/sensor-data-ELT/dbt-env/lib/python3.7/site-packages/airflow/example_dags/example_branch_datetime_operator.py
[2021-09-22 00:34:20,159] {processor.py:623} INFO - DAG(s) dict_keys(['example_branch_datetime_operator_2']) retrieved from /Users/daniel/sensor-data-ELT/dbt-env/lib/python3.7/site-packages/airflow/example_dags/example_branch_datetime_operator.py
[2021-09-22 00:34:20,177] {logging_mixin.py:109} INFO - [2021-09-22 00:34:20,176] {dag.py:1834} INFO - Sync 1 DAGs
[2021-09-22 00:34:20,195] {logging_mixin.py:109} INFO - [2021-09-22 00:34:20,195] {dag.py:2287} INFO - Setting next_dagrun for example_branch_datetime_operator_2 to 2021-09-19 00:00:00+00:00
[2021-09-22 00:34:20,206] {processor.py:170} INFO - Processing /Users/daniel/sensor-data-ELT/dbt-env/lib/python3.7/site-packages/airflow/example_dags/example_branch_datetime_operator.py took 0.070 seconds
[2021-09-22 00:34:56,709] {processor.py:162} INFO - Started process (PID=39231) to work on /Users/daniel/sensor-data-ELT/dbt-env/lib/python3.7/site-packages/airflow/example_dags/example_branch_datetime_operator.py
[2021-09-22 00:34:56,713] {processor.py:613} INFO - Processing file /Users/daniel/sensor-data-ELT/dbt-env/lib/python3.7/site-packages/airflow/example_dags/example_branch_datetime_operator.py for tasks to queue
[2021-09-22 00:34:56,714] {logging_mixin.py:109} INFO - [2021-09-22 00:34:56,714] {dagbag.py:496} INFO - Filling up the DagBag from /Users/daniel/sensor-data-ELT/dbt-env/lib/python3.7/site-packages/airflow/example_dags/example_branch_datetime_operator.py
[2021-09-22 00:34:56,732] {processor.py:623} INFO - DAG(s) dict_keys(['example_branch_datetime_operator_2']) retrieved from /Users/daniel/sensor-data-ELT/dbt-env/lib/python3.7/site-packages/airflow/example_dags/example_branch_datetime_operator.py
[2021-09-22 00:34:56,749] {logging_mixin.py:109} INFO - [2021-09-22 00:34:56,749] {dag.py:1834} INFO - Sync 1 DAGs
[2021-09-22 00:34:56,772] {logging_mixin.py:109} INFO - [2021-09-22 00:34:56,772] {dag.py:2287} INFO - Setting next_dagrun for example_branch_datetime_operator_2 to 2021-09-19 00:00:00+00:00
[2021-09-22 00:34:56,787] {processor.py:170} INFO - Processing /Users/daniel/sensor-data-ELT/dbt-env/lib/python3.7/site-packages/airflow/example_dags/example_branch_datetime_operator.py took 0.082 seconds
[2021-09-22 00:35:30,881] {processor.py:162} INFO - Started process (PID=39263) to work on /Users/daniel/sensor-data-ELT/dbt-env/lib/python3.7/site-packages/airflow/example_dags/example_branch_datetime_operator.py
[2021-09-22 00:35:30,883] {processor.py:613} INFO - Processing file /Users/daniel/sensor-data-ELT/dbt-env/lib/python3.7/site-packages/airflow/example_dags/example_branch_datetime_operator.py for tasks to queue
[2021-09-22 00:35:30,884] {logging_mixin.py:109} INFO - [2021-09-22 00:35:30,884] {dagbag.py:496} INFO - Filling up the DagBag from /Users/daniel/sensor-data-ELT/dbt-env/lib/python3.7/site-packages/airflow/example_dags/example_branch_datetime_operator.py
[2021-09-22 00:35:30,907] {processor.py:623} INFO - DAG(s) dict_keys(['example_branch_datetime_operator_2']) retrieved from /Users/daniel/sensor-data-ELT/dbt-env/lib/python3.7/site-packages/airflow/example_dags/example_branch_datetime_operator.py
[2021-09-22 00:35:30,924] {logging_mixin.py:109} INFO - [2021-09-22 00:35:30,924] {dag.py:1834} INFO - Sync 1 DAGs
[2021-09-22 00:35:30,945] {logging_mixin.py:109} INFO - [2021-09-22 00:35:30,945] {dag.py:2287} INFO - Setting next_dagrun for example_branch_datetime_operator_2 to 2021-09-19 00:00:00+00:00
[2021-09-22 00:35:30,959] {processor.py:170} INFO - Processing /Users/daniel/sensor-data-ELT/dbt-env/lib/python3.7/site-packages/airflow/example_dags/example_branch_datetime_operator.py took 0.083 seconds
[2021-09-22 00:36:03,492] {processor.py:162} INFO - Started process (PID=39295) to work on /Users/daniel/sensor-data-ELT/dbt-env/lib/python3.7/site-packages/airflow/example_dags/example_branch_datetime_operator.py
[2021-09-22 00:36:03,495] {processor.py:613} INFO - Processing file /Users/daniel/sensor-data-ELT/dbt-env/lib/python3.7/site-packages/airflow/example_dags/example_branch_datetime_operator.py for tasks to queue
[2021-09-22 00:36:03,496] {logging_mixin.py:109} INFO - [2021-09-22 00:36:03,496] {dagbag.py:496} INFO - Filling up the DagBag from /Users/daniel/sensor-data-ELT/dbt-env/lib/python3.7/site-packages/airflow/example_dags/example_branch_datetime_operator.py
[2021-09-22 00:36:03,515] {processor.py:623} INFO - DAG(s) dict_keys(['example_branch_datetime_operator_2']) retrieved from /Users/daniel/sensor-data-ELT/dbt-env/lib/python3.7/site-packages/airflow/example_dags/example_branch_datetime_operator.py
[2021-09-22 00:36:03,535] {logging_mixin.py:109} INFO - [2021-09-22 00:36:03,534] {dag.py:1834} INFO - Sync 1 DAGs
[2021-09-22 00:36:03,559] {logging_mixin.py:109} INFO - [2021-09-22 00:36:03,559] {dag.py:2287} INFO - Setting next_dagrun for example_branch_datetime_operator_2 to 2021-09-19 00:00:00+00:00
[2021-09-22 00:36:03,571] {processor.py:170} INFO - Processing /Users/daniel/sensor-data-ELT/dbt-env/lib/python3.7/site-packages/airflow/example_dags/example_branch_datetime_operator.py took 0.085 seconds
[2021-09-22 00:36:37,265] {processor.py:162} INFO - Started process (PID=39345) to work on /Users/daniel/sensor-data-ELT/dbt-env/lib/python3.7/site-packages/airflow/example_dags/example_branch_datetime_operator.py
[2021-09-22 00:36:37,269] {processor.py:613} INFO - Processing file /Users/daniel/sensor-data-ELT/dbt-env/lib/python3.7/site-packages/airflow/example_dags/example_branch_datetime_operator.py for tasks to queue
[2021-09-22 00:36:37,270] {logging_mixin.py:109} INFO - [2021-09-22 00:36:37,270] {dagbag.py:496} INFO - Filling up the DagBag from /Users/daniel/sensor-data-ELT/dbt-env/lib/python3.7/site-packages/airflow/example_dags/example_branch_datetime_operator.py
[2021-09-22 00:36:37,292] {processor.py:623} INFO - DAG(s) dict_keys(['example_branch_datetime_operator_2']) retrieved from /Users/daniel/sensor-data-ELT/dbt-env/lib/python3.7/site-packages/airflow/example_dags/example_branch_datetime_operator.py
[2021-09-22 00:36:37,312] {logging_mixin.py:109} INFO - [2021-09-22 00:36:37,312] {dag.py:1834} INFO - Sync 1 DAGs
[2021-09-22 00:36:37,338] {logging_mixin.py:109} INFO - [2021-09-22 00:36:37,338] {dag.py:2287} INFO - Setting next_dagrun for example_branch_datetime_operator_2 to 2021-09-19 00:00:00+00:00
[2021-09-22 00:36:37,351] {processor.py:170} INFO - Processing /Users/daniel/sensor-data-ELT/dbt-env/lib/python3.7/site-packages/airflow/example_dags/example_branch_datetime_operator.py took 0.092 seconds
[2021-09-22 00:37:12,740] {processor.py:162} INFO - Started process (PID=39427) to work on /Users/daniel/sensor-data-ELT/dbt-env/lib/python3.7/site-packages/airflow/example_dags/example_branch_datetime_operator.py
[2021-09-22 00:37:12,743] {processor.py:613} INFO - Processing file /Users/daniel/sensor-data-ELT/dbt-env/lib/python3.7/site-packages/airflow/example_dags/example_branch_datetime_operator.py for tasks to queue
[2021-09-22 00:37:12,744] {logging_mixin.py:109} INFO - [2021-09-22 00:37:12,744] {dagbag.py:496} INFO - Filling up the DagBag from /Users/daniel/sensor-data-ELT/dbt-env/lib/python3.7/site-packages/airflow/example_dags/example_branch_datetime_operator.py
[2021-09-22 00:37:12,763] {processor.py:623} INFO - DAG(s) dict_keys(['example_branch_datetime_operator_2']) retrieved from /Users/daniel/sensor-data-ELT/dbt-env/lib/python3.7/site-packages/airflow/example_dags/example_branch_datetime_operator.py
[2021-09-22 00:37:12,781] {logging_mixin.py:109} INFO - [2021-09-22 00:37:12,781] {dag.py:1834} INFO - Sync 1 DAGs
[2021-09-22 00:37:12,800] {logging_mixin.py:109} INFO - [2021-09-22 00:37:12,800] {dag.py:2287} INFO - Setting next_dagrun for example_branch_datetime_operator_2 to 2021-09-19 00:00:00+00:00
[2021-09-22 00:37:12,811] {processor.py:170} INFO - Processing /Users/daniel/sensor-data-ELT/dbt-env/lib/python3.7/site-packages/airflow/example_dags/example_branch_datetime_operator.py took 0.076 seconds
[2021-09-22 00:37:46,063] {processor.py:162} INFO - Started process (PID=39482) to work on /Users/daniel/sensor-data-ELT/dbt-env/lib/python3.7/site-packages/airflow/example_dags/example_branch_datetime_operator.py
[2021-09-22 00:37:46,065] {processor.py:613} INFO - Processing file /Users/daniel/sensor-data-ELT/dbt-env/lib/python3.7/site-packages/airflow/example_dags/example_branch_datetime_operator.py for tasks to queue
[2021-09-22 00:37:46,067] {logging_mixin.py:109} INFO - [2021-09-22 00:37:46,066] {dagbag.py:496} INFO - Filling up the DagBag from /Users/daniel/sensor-data-ELT/dbt-env/lib/python3.7/site-packages/airflow/example_dags/example_branch_datetime_operator.py
[2021-09-22 00:37:46,087] {processor.py:623} INFO - DAG(s) dict_keys(['example_branch_datetime_operator_2']) retrieved from /Users/daniel/sensor-data-ELT/dbt-env/lib/python3.7/site-packages/airflow/example_dags/example_branch_datetime_operator.py
[2021-09-22 00:37:46,108] {logging_mixin.py:109} INFO - [2021-09-22 00:37:46,107] {dag.py:1834} INFO - Sync 1 DAGs
[2021-09-22 00:37:46,131] {logging_mixin.py:109} INFO - [2021-09-22 00:37:46,131] {dag.py:2287} INFO - Setting next_dagrun for example_branch_datetime_operator_2 to 2021-09-19 00:00:00+00:00
[2021-09-22 00:37:46,146] {processor.py:170} INFO - Processing /Users/daniel/sensor-data-ELT/dbt-env/lib/python3.7/site-packages/airflow/example_dags/example_branch_datetime_operator.py took 0.088 seconds
[2021-09-22 00:38:23,281] {processor.py:162} INFO - Started process (PID=39567) to work on /Users/daniel/sensor-data-ELT/dbt-env/lib/python3.7/site-packages/airflow/example_dags/example_branch_datetime_operator.py
[2021-09-22 00:38:23,284] {processor.py:613} INFO - Processing file /Users/daniel/sensor-data-ELT/dbt-env/lib/python3.7/site-packages/airflow/example_dags/example_branch_datetime_operator.py for tasks to queue
[2021-09-22 00:38:23,286] {logging_mixin.py:109} INFO - [2021-09-22 00:38:23,285] {dagbag.py:496} INFO - Filling up the DagBag from /Users/daniel/sensor-data-ELT/dbt-env/lib/python3.7/site-packages/airflow/example_dags/example_branch_datetime_operator.py
[2021-09-22 00:38:23,306] {processor.py:623} INFO - DAG(s) dict_keys(['example_branch_datetime_operator_2']) retrieved from /Users/daniel/sensor-data-ELT/dbt-env/lib/python3.7/site-packages/airflow/example_dags/example_branch_datetime_operator.py
[2021-09-22 00:38:23,326] {logging_mixin.py:109} INFO - [2021-09-22 00:38:23,326] {dag.py:1834} INFO - Sync 1 DAGs
[2021-09-22 00:38:23,349] {logging_mixin.py:109} INFO - [2021-09-22 00:38:23,348] {dag.py:2287} INFO - Setting next_dagrun for example_branch_datetime_operator_2 to 2021-09-19 00:00:00+00:00
[2021-09-22 00:38:23,361] {processor.py:170} INFO - Processing /Users/daniel/sensor-data-ELT/dbt-env/lib/python3.7/site-packages/airflow/example_dags/example_branch_datetime_operator.py took 0.087 seconds
[2021-09-22 01:18:13,365] {processor.py:162} INFO - Started process (PID=40960) to work on /Users/daniel/sensor-data-ELT/dbt-env/lib/python3.7/site-packages/airflow/example_dags/example_branch_datetime_operator.py
[2021-09-22 01:18:13,368] {processor.py:613} INFO - Processing file /Users/daniel/sensor-data-ELT/dbt-env/lib/python3.7/site-packages/airflow/example_dags/example_branch_datetime_operator.py for tasks to queue
[2021-09-22 01:18:13,369] {logging_mixin.py:109} INFO - [2021-09-22 01:18:13,368] {dagbag.py:496} INFO - Filling up the DagBag from /Users/daniel/sensor-data-ELT/dbt-env/lib/python3.7/site-packages/airflow/example_dags/example_branch_datetime_operator.py
[2021-09-22 01:18:13,390] {processor.py:623} INFO - DAG(s) dict_keys(['example_branch_datetime_operator_2']) retrieved from /Users/daniel/sensor-data-ELT/dbt-env/lib/python3.7/site-packages/airflow/example_dags/example_branch_datetime_operator.py
[2021-09-22 01:18:13,407] {logging_mixin.py:109} INFO - [2021-09-22 01:18:13,406] {dag.py:1834} INFO - Sync 1 DAGs
[2021-09-22 01:18:13,432] {logging_mixin.py:109} INFO - [2021-09-22 01:18:13,432] {dag.py:2287} INFO - Setting next_dagrun for example_branch_datetime_operator_2 to 2021-09-19 00:00:00+00:00
[2021-09-22 01:18:13,547] {processor.py:170} INFO - Processing /Users/daniel/sensor-data-ELT/dbt-env/lib/python3.7/site-packages/airflow/example_dags/example_branch_datetime_operator.py took 0.188 seconds
[2021-09-22 01:18:53,149] {processor.py:162} INFO - Started process (PID=41067) to work on /Users/daniel/sensor-data-ELT/dbt-env/lib/python3.7/site-packages/airflow/example_dags/example_branch_datetime_operator.py
[2021-09-22 01:18:53,152] {processor.py:613} INFO - Processing file /Users/daniel/sensor-data-ELT/dbt-env/lib/python3.7/site-packages/airflow/example_dags/example_branch_datetime_operator.py for tasks to queue
[2021-09-22 01:18:53,154] {logging_mixin.py:109} INFO - [2021-09-22 01:18:53,153] {dagbag.py:496} INFO - Filling up the DagBag from /Users/daniel/sensor-data-ELT/dbt-env/lib/python3.7/site-packages/airflow/example_dags/example_branch_datetime_operator.py
[2021-09-22 01:18:53,182] {processor.py:623} INFO - DAG(s) dict_keys(['example_branch_datetime_operator_2']) retrieved from /Users/daniel/sensor-data-ELT/dbt-env/lib/python3.7/site-packages/airflow/example_dags/example_branch_datetime_operator.py
[2021-09-22 01:18:53,210] {logging_mixin.py:109} INFO - [2021-09-22 01:18:53,209] {dag.py:1834} INFO - Sync 1 DAGs
[2021-09-22 01:18:53,413] {logging_mixin.py:109} INFO - [2021-09-22 01:18:53,413] {dag.py:2287} INFO - Setting next_dagrun for example_branch_datetime_operator_2 to 2021-09-19 00:00:00+00:00
[2021-09-22 01:18:53,435] {processor.py:170} INFO - Processing /Users/daniel/sensor-data-ELT/dbt-env/lib/python3.7/site-packages/airflow/example_dags/example_branch_datetime_operator.py took 0.292 seconds
