[2021-09-22 00:18:24,366] {processor.py:162} INFO - Started process (PID=37036) to work on /Users/daniel/sensor-data-ELT/dbt-env/lib/python3.7/site-packages/airflow/example_dags/example_kubernetes_executor.py
[2021-09-22 00:18:24,369] {processor.py:613} INFO - Processing file /Users/daniel/sensor-data-ELT/dbt-env/lib/python3.7/site-packages/airflow/example_dags/example_kubernetes_executor.py for tasks to queue
[2021-09-22 00:18:24,371] {logging_mixin.py:109} INFO - [2021-09-22 00:18:24,370] {dagbag.py:496} INFO - Filling up the DagBag from /Users/daniel/sensor-data-ELT/dbt-env/lib/python3.7/site-packages/airflow/example_dags/example_kubernetes_executor.py
[2021-09-22 00:18:24,397] {processor.py:623} INFO - DAG(s) dict_keys(['example_kubernetes_executor']) retrieved from /Users/daniel/sensor-data-ELT/dbt-env/lib/python3.7/site-packages/airflow/example_dags/example_kubernetes_executor.py
[2021-09-22 00:18:24,414] {logging_mixin.py:109} INFO - [2021-09-22 00:18:24,414] {dag.py:1834} INFO - Sync 1 DAGs
[2021-09-22 00:18:24,428] {logging_mixin.py:109} INFO - [2021-09-22 00:18:24,428] {dag.py:2287} INFO - Setting next_dagrun for example_kubernetes_executor to None
[2021-09-22 00:18:24,441] {processor.py:170} INFO - Processing /Users/daniel/sensor-data-ELT/dbt-env/lib/python3.7/site-packages/airflow/example_dags/example_kubernetes_executor.py took 0.083 seconds
[2021-09-22 00:18:58,243] {processor.py:162} INFO - Started process (PID=37103) to work on /Users/daniel/sensor-data-ELT/dbt-env/lib/python3.7/site-packages/airflow/example_dags/example_kubernetes_executor.py
[2021-09-22 00:18:58,245] {processor.py:613} INFO - Processing file /Users/daniel/sensor-data-ELT/dbt-env/lib/python3.7/site-packages/airflow/example_dags/example_kubernetes_executor.py for tasks to queue
[2021-09-22 00:18:58,247] {logging_mixin.py:109} INFO - [2021-09-22 00:18:58,246] {dagbag.py:496} INFO - Filling up the DagBag from /Users/daniel/sensor-data-ELT/dbt-env/lib/python3.7/site-packages/airflow/example_dags/example_kubernetes_executor.py
[2021-09-22 00:18:58,271] {processor.py:623} INFO - DAG(s) dict_keys(['example_kubernetes_executor']) retrieved from /Users/daniel/sensor-data-ELT/dbt-env/lib/python3.7/site-packages/airflow/example_dags/example_kubernetes_executor.py
[2021-09-22 00:18:58,299] {logging_mixin.py:109} INFO - [2021-09-22 00:18:58,299] {dag.py:1834} INFO - Sync 1 DAGs
[2021-09-22 00:18:58,320] {logging_mixin.py:109} INFO - [2021-09-22 00:18:58,319] {dag.py:2287} INFO - Setting next_dagrun for example_kubernetes_executor to None
[2021-09-22 00:18:58,336] {processor.py:170} INFO - Processing /Users/daniel/sensor-data-ELT/dbt-env/lib/python3.7/site-packages/airflow/example_dags/example_kubernetes_executor.py took 0.099 seconds
[2021-09-22 00:19:34,679] {processor.py:162} INFO - Started process (PID=37167) to work on /Users/daniel/sensor-data-ELT/dbt-env/lib/python3.7/site-packages/airflow/example_dags/example_kubernetes_executor.py
[2021-09-22 00:19:34,681] {processor.py:613} INFO - Processing file /Users/daniel/sensor-data-ELT/dbt-env/lib/python3.7/site-packages/airflow/example_dags/example_kubernetes_executor.py for tasks to queue
[2021-09-22 00:19:34,683] {logging_mixin.py:109} INFO - [2021-09-22 00:19:34,682] {dagbag.py:496} INFO - Filling up the DagBag from /Users/daniel/sensor-data-ELT/dbt-env/lib/python3.7/site-packages/airflow/example_dags/example_kubernetes_executor.py
[2021-09-22 00:19:34,703] {processor.py:623} INFO - DAG(s) dict_keys(['example_kubernetes_executor']) retrieved from /Users/daniel/sensor-data-ELT/dbt-env/lib/python3.7/site-packages/airflow/example_dags/example_kubernetes_executor.py
[2021-09-22 00:19:34,723] {logging_mixin.py:109} INFO - [2021-09-22 00:19:34,723] {dag.py:1834} INFO - Sync 1 DAGs
[2021-09-22 00:19:34,737] {logging_mixin.py:109} INFO - [2021-09-22 00:19:34,736] {dag.py:2287} INFO - Setting next_dagrun for example_kubernetes_executor to None
[2021-09-22 00:19:34,751] {processor.py:170} INFO - Processing /Users/daniel/sensor-data-ELT/dbt-env/lib/python3.7/site-packages/airflow/example_dags/example_kubernetes_executor.py took 0.079 seconds
[2021-09-22 00:20:11,933] {processor.py:162} INFO - Started process (PID=37584) to work on /Users/daniel/sensor-data-ELT/dbt-env/lib/python3.7/site-packages/airflow/example_dags/example_kubernetes_executor.py
[2021-09-22 00:20:11,936] {processor.py:613} INFO - Processing file /Users/daniel/sensor-data-ELT/dbt-env/lib/python3.7/site-packages/airflow/example_dags/example_kubernetes_executor.py for tasks to queue
[2021-09-22 00:20:11,937] {logging_mixin.py:109} INFO - [2021-09-22 00:20:11,937] {dagbag.py:496} INFO - Filling up the DagBag from /Users/daniel/sensor-data-ELT/dbt-env/lib/python3.7/site-packages/airflow/example_dags/example_kubernetes_executor.py
[2021-09-22 00:20:11,961] {processor.py:623} INFO - DAG(s) dict_keys(['example_kubernetes_executor']) retrieved from /Users/daniel/sensor-data-ELT/dbt-env/lib/python3.7/site-packages/airflow/example_dags/example_kubernetes_executor.py
[2021-09-22 00:20:11,987] {logging_mixin.py:109} INFO - [2021-09-22 00:20:11,987] {dag.py:1834} INFO - Sync 1 DAGs
[2021-09-22 00:20:12,004] {logging_mixin.py:109} INFO - [2021-09-22 00:20:12,004] {dag.py:2287} INFO - Setting next_dagrun for example_kubernetes_executor to None
[2021-09-22 00:20:12,023] {processor.py:170} INFO - Processing /Users/daniel/sensor-data-ELT/dbt-env/lib/python3.7/site-packages/airflow/example_dags/example_kubernetes_executor.py took 0.098 seconds
[2021-09-22 00:20:48,479] {processor.py:162} INFO - Started process (PID=38379) to work on /Users/daniel/sensor-data-ELT/dbt-env/lib/python3.7/site-packages/airflow/example_dags/example_kubernetes_executor.py
[2021-09-22 00:20:48,482] {processor.py:613} INFO - Processing file /Users/daniel/sensor-data-ELT/dbt-env/lib/python3.7/site-packages/airflow/example_dags/example_kubernetes_executor.py for tasks to queue
[2021-09-22 00:20:48,483] {logging_mixin.py:109} INFO - [2021-09-22 00:20:48,482] {dagbag.py:496} INFO - Filling up the DagBag from /Users/daniel/sensor-data-ELT/dbt-env/lib/python3.7/site-packages/airflow/example_dags/example_kubernetes_executor.py
[2021-09-22 00:20:48,501] {processor.py:623} INFO - DAG(s) dict_keys(['example_kubernetes_executor']) retrieved from /Users/daniel/sensor-data-ELT/dbt-env/lib/python3.7/site-packages/airflow/example_dags/example_kubernetes_executor.py
[2021-09-22 00:20:48,525] {logging_mixin.py:109} INFO - [2021-09-22 00:20:48,525] {dag.py:1834} INFO - Sync 1 DAGs
[2021-09-22 00:20:48,555] {logging_mixin.py:109} INFO - [2021-09-22 00:20:48,555] {dag.py:2287} INFO - Setting next_dagrun for example_kubernetes_executor to None
[2021-09-22 00:20:48,583] {processor.py:170} INFO - Processing /Users/daniel/sensor-data-ELT/dbt-env/lib/python3.7/site-packages/airflow/example_dags/example_kubernetes_executor.py took 0.109 seconds
[2021-09-22 00:21:45,692] {processor.py:162} INFO - Started process (PID=38499) to work on /Users/daniel/sensor-data-ELT/dbt-env/lib/python3.7/site-packages/airflow/example_dags/example_kubernetes_executor.py
[2021-09-22 00:21:45,693] {processor.py:613} INFO - Processing file /Users/daniel/sensor-data-ELT/dbt-env/lib/python3.7/site-packages/airflow/example_dags/example_kubernetes_executor.py for tasks to queue
[2021-09-22 00:21:45,694] {logging_mixin.py:109} INFO - [2021-09-22 00:21:45,694] {dagbag.py:496} INFO - Filling up the DagBag from /Users/daniel/sensor-data-ELT/dbt-env/lib/python3.7/site-packages/airflow/example_dags/example_kubernetes_executor.py
[2021-09-22 00:21:45,709] {processor.py:623} INFO - DAG(s) dict_keys(['example_kubernetes_executor']) retrieved from /Users/daniel/sensor-data-ELT/dbt-env/lib/python3.7/site-packages/airflow/example_dags/example_kubernetes_executor.py
[2021-09-22 00:21:45,728] {logging_mixin.py:109} INFO - [2021-09-22 00:21:45,728] {dag.py:1834} INFO - Sync 1 DAGs
[2021-09-22 00:21:45,742] {logging_mixin.py:109} INFO - [2021-09-22 00:21:45,741] {dag.py:2287} INFO - Setting next_dagrun for example_kubernetes_executor to None
[2021-09-22 00:21:45,755] {processor.py:170} INFO - Processing /Users/daniel/sensor-data-ELT/dbt-env/lib/python3.7/site-packages/airflow/example_dags/example_kubernetes_executor.py took 0.067 seconds
[2021-09-22 00:22:20,692] {processor.py:162} INFO - Started process (PID=38578) to work on /Users/daniel/sensor-data-ELT/dbt-env/lib/python3.7/site-packages/airflow/example_dags/example_kubernetes_executor.py
[2021-09-22 00:22:20,696] {processor.py:613} INFO - Processing file /Users/daniel/sensor-data-ELT/dbt-env/lib/python3.7/site-packages/airflow/example_dags/example_kubernetes_executor.py for tasks to queue
[2021-09-22 00:22:20,697] {logging_mixin.py:109} INFO - [2021-09-22 00:22:20,697] {dagbag.py:496} INFO - Filling up the DagBag from /Users/daniel/sensor-data-ELT/dbt-env/lib/python3.7/site-packages/airflow/example_dags/example_kubernetes_executor.py
[2021-09-22 00:22:20,725] {processor.py:623} INFO - DAG(s) dict_keys(['example_kubernetes_executor']) retrieved from /Users/daniel/sensor-data-ELT/dbt-env/lib/python3.7/site-packages/airflow/example_dags/example_kubernetes_executor.py
[2021-09-22 00:22:20,743] {logging_mixin.py:109} INFO - [2021-09-22 00:22:20,743] {dag.py:1834} INFO - Sync 1 DAGs
[2021-09-22 00:22:20,757] {logging_mixin.py:109} INFO - [2021-09-22 00:22:20,757] {dag.py:2287} INFO - Setting next_dagrun for example_kubernetes_executor to None
[2021-09-22 00:22:20,771] {processor.py:170} INFO - Processing /Users/daniel/sensor-data-ELT/dbt-env/lib/python3.7/site-packages/airflow/example_dags/example_kubernetes_executor.py took 0.089 seconds
[2021-09-22 00:22:59,380] {processor.py:162} INFO - Started process (PID=38634) to work on /Users/daniel/sensor-data-ELT/dbt-env/lib/python3.7/site-packages/airflow/example_dags/example_kubernetes_executor.py
[2021-09-22 00:22:59,383] {processor.py:613} INFO - Processing file /Users/daniel/sensor-data-ELT/dbt-env/lib/python3.7/site-packages/airflow/example_dags/example_kubernetes_executor.py for tasks to queue
[2021-09-22 00:22:59,384] {logging_mixin.py:109} INFO - [2021-09-22 00:22:59,384] {dagbag.py:496} INFO - Filling up the DagBag from /Users/daniel/sensor-data-ELT/dbt-env/lib/python3.7/site-packages/airflow/example_dags/example_kubernetes_executor.py
[2021-09-22 00:22:59,407] {processor.py:623} INFO - DAG(s) dict_keys(['example_kubernetes_executor']) retrieved from /Users/daniel/sensor-data-ELT/dbt-env/lib/python3.7/site-packages/airflow/example_dags/example_kubernetes_executor.py
[2021-09-22 00:22:59,428] {logging_mixin.py:109} INFO - [2021-09-22 00:22:59,428] {dag.py:1834} INFO - Sync 1 DAGs
[2021-09-22 00:22:59,442] {logging_mixin.py:109} INFO - [2021-09-22 00:22:59,442] {dag.py:2287} INFO - Setting next_dagrun for example_kubernetes_executor to None
[2021-09-22 00:22:59,454] {processor.py:170} INFO - Processing /Users/daniel/sensor-data-ELT/dbt-env/lib/python3.7/site-packages/airflow/example_dags/example_kubernetes_executor.py took 0.081 seconds
[2021-09-22 00:23:34,217] {processor.py:162} INFO - Started process (PID=38684) to work on /Users/daniel/sensor-data-ELT/dbt-env/lib/python3.7/site-packages/airflow/example_dags/example_kubernetes_executor.py
[2021-09-22 00:23:34,220] {processor.py:613} INFO - Processing file /Users/daniel/sensor-data-ELT/dbt-env/lib/python3.7/site-packages/airflow/example_dags/example_kubernetes_executor.py for tasks to queue
[2021-09-22 00:23:34,221] {logging_mixin.py:109} INFO - [2021-09-22 00:23:34,221] {dagbag.py:496} INFO - Filling up the DagBag from /Users/daniel/sensor-data-ELT/dbt-env/lib/python3.7/site-packages/airflow/example_dags/example_kubernetes_executor.py
[2021-09-22 00:23:34,247] {processor.py:623} INFO - DAG(s) dict_keys(['example_kubernetes_executor']) retrieved from /Users/daniel/sensor-data-ELT/dbt-env/lib/python3.7/site-packages/airflow/example_dags/example_kubernetes_executor.py
[2021-09-22 00:23:34,266] {logging_mixin.py:109} INFO - [2021-09-22 00:23:34,266] {dag.py:1834} INFO - Sync 1 DAGs
[2021-09-22 00:23:34,283] {logging_mixin.py:109} INFO - [2021-09-22 00:23:34,283] {dag.py:2287} INFO - Setting next_dagrun for example_kubernetes_executor to None
[2021-09-22 00:23:34,309] {processor.py:170} INFO - Processing /Users/daniel/sensor-data-ELT/dbt-env/lib/python3.7/site-packages/airflow/example_dags/example_kubernetes_executor.py took 0.097 seconds
[2021-09-22 00:24:10,788] {processor.py:162} INFO - Started process (PID=38770) to work on /Users/daniel/sensor-data-ELT/dbt-env/lib/python3.7/site-packages/airflow/example_dags/example_kubernetes_executor.py
[2021-09-22 00:24:10,794] {processor.py:613} INFO - Processing file /Users/daniel/sensor-data-ELT/dbt-env/lib/python3.7/site-packages/airflow/example_dags/example_kubernetes_executor.py for tasks to queue
[2021-09-22 00:24:10,796] {logging_mixin.py:109} INFO - [2021-09-22 00:24:10,796] {dagbag.py:496} INFO - Filling up the DagBag from /Users/daniel/sensor-data-ELT/dbt-env/lib/python3.7/site-packages/airflow/example_dags/example_kubernetes_executor.py
[2021-09-22 00:24:10,819] {processor.py:623} INFO - DAG(s) dict_keys(['example_kubernetes_executor']) retrieved from /Users/daniel/sensor-data-ELT/dbt-env/lib/python3.7/site-packages/airflow/example_dags/example_kubernetes_executor.py
[2021-09-22 00:24:10,848] {logging_mixin.py:109} INFO - [2021-09-22 00:24:10,848] {dag.py:1834} INFO - Sync 1 DAGs
[2021-09-22 00:24:10,867] {logging_mixin.py:109} INFO - [2021-09-22 00:24:10,866] {dag.py:2287} INFO - Setting next_dagrun for example_kubernetes_executor to None
[2021-09-22 00:24:10,887] {processor.py:170} INFO - Processing /Users/daniel/sensor-data-ELT/dbt-env/lib/python3.7/site-packages/airflow/example_dags/example_kubernetes_executor.py took 0.104 seconds
[2021-09-22 00:33:55,292] {processor.py:162} INFO - Started process (PID=39115) to work on /Users/daniel/sensor-data-ELT/dbt-env/lib/python3.7/site-packages/airflow/example_dags/example_kubernetes_executor.py
[2021-09-22 00:33:55,295] {processor.py:613} INFO - Processing file /Users/daniel/sensor-data-ELT/dbt-env/lib/python3.7/site-packages/airflow/example_dags/example_kubernetes_executor.py for tasks to queue
[2021-09-22 00:33:55,297] {logging_mixin.py:109} INFO - [2021-09-22 00:33:55,297] {dagbag.py:496} INFO - Filling up the DagBag from /Users/daniel/sensor-data-ELT/dbt-env/lib/python3.7/site-packages/airflow/example_dags/example_kubernetes_executor.py
[2021-09-22 00:33:55,312] {processor.py:623} INFO - DAG(s) dict_keys(['example_kubernetes_executor']) retrieved from /Users/daniel/sensor-data-ELT/dbt-env/lib/python3.7/site-packages/airflow/example_dags/example_kubernetes_executor.py
[2021-09-22 00:33:55,330] {logging_mixin.py:109} INFO - [2021-09-22 00:33:55,330] {dag.py:1834} INFO - Sync 1 DAGs
[2021-09-22 00:33:55,342] {logging_mixin.py:109} INFO - [2021-09-22 00:33:55,342] {dag.py:2287} INFO - Setting next_dagrun for example_kubernetes_executor to None
[2021-09-22 00:33:55,354] {processor.py:170} INFO - Processing /Users/daniel/sensor-data-ELT/dbt-env/lib/python3.7/site-packages/airflow/example_dags/example_kubernetes_executor.py took 0.065 seconds
[2021-09-22 00:34:29,047] {processor.py:162} INFO - Started process (PID=39198) to work on /Users/daniel/sensor-data-ELT/dbt-env/lib/python3.7/site-packages/airflow/example_dags/example_kubernetes_executor.py
[2021-09-22 00:34:29,050] {processor.py:613} INFO - Processing file /Users/daniel/sensor-data-ELT/dbt-env/lib/python3.7/site-packages/airflow/example_dags/example_kubernetes_executor.py for tasks to queue
[2021-09-22 00:34:29,052] {logging_mixin.py:109} INFO - [2021-09-22 00:34:29,052] {dagbag.py:496} INFO - Filling up the DagBag from /Users/daniel/sensor-data-ELT/dbt-env/lib/python3.7/site-packages/airflow/example_dags/example_kubernetes_executor.py
[2021-09-22 00:34:29,068] {processor.py:623} INFO - DAG(s) dict_keys(['example_kubernetes_executor']) retrieved from /Users/daniel/sensor-data-ELT/dbt-env/lib/python3.7/site-packages/airflow/example_dags/example_kubernetes_executor.py
[2021-09-22 00:34:29,089] {logging_mixin.py:109} INFO - [2021-09-22 00:34:29,089] {dag.py:1834} INFO - Sync 1 DAGs
[2021-09-22 00:34:29,102] {logging_mixin.py:109} INFO - [2021-09-22 00:34:29,102] {dag.py:2287} INFO - Setting next_dagrun for example_kubernetes_executor to None
[2021-09-22 00:34:29,114] {processor.py:170} INFO - Processing /Users/daniel/sensor-data-ELT/dbt-env/lib/python3.7/site-packages/airflow/example_dags/example_kubernetes_executor.py took 0.071 seconds
[2021-09-22 00:35:05,020] {processor.py:162} INFO - Started process (PID=39239) to work on /Users/daniel/sensor-data-ELT/dbt-env/lib/python3.7/site-packages/airflow/example_dags/example_kubernetes_executor.py
[2021-09-22 00:35:05,023] {processor.py:613} INFO - Processing file /Users/daniel/sensor-data-ELT/dbt-env/lib/python3.7/site-packages/airflow/example_dags/example_kubernetes_executor.py for tasks to queue
[2021-09-22 00:35:05,024] {logging_mixin.py:109} INFO - [2021-09-22 00:35:05,024] {dagbag.py:496} INFO - Filling up the DagBag from /Users/daniel/sensor-data-ELT/dbt-env/lib/python3.7/site-packages/airflow/example_dags/example_kubernetes_executor.py
[2021-09-22 00:35:05,042] {processor.py:623} INFO - DAG(s) dict_keys(['example_kubernetes_executor']) retrieved from /Users/daniel/sensor-data-ELT/dbt-env/lib/python3.7/site-packages/airflow/example_dags/example_kubernetes_executor.py
[2021-09-22 00:35:05,070] {logging_mixin.py:109} INFO - [2021-09-22 00:35:05,070] {dag.py:1834} INFO - Sync 1 DAGs
[2021-09-22 00:35:05,087] {logging_mixin.py:109} INFO - [2021-09-22 00:35:05,087] {dag.py:2287} INFO - Setting next_dagrun for example_kubernetes_executor to None
[2021-09-22 00:35:05,100] {processor.py:170} INFO - Processing /Users/daniel/sensor-data-ELT/dbt-env/lib/python3.7/site-packages/airflow/example_dags/example_kubernetes_executor.py took 0.086 seconds
[2021-09-22 00:35:38,877] {processor.py:162} INFO - Started process (PID=39271) to work on /Users/daniel/sensor-data-ELT/dbt-env/lib/python3.7/site-packages/airflow/example_dags/example_kubernetes_executor.py
[2021-09-22 00:35:38,879] {processor.py:613} INFO - Processing file /Users/daniel/sensor-data-ELT/dbt-env/lib/python3.7/site-packages/airflow/example_dags/example_kubernetes_executor.py for tasks to queue
[2021-09-22 00:35:38,881] {logging_mixin.py:109} INFO - [2021-09-22 00:35:38,880] {dagbag.py:496} INFO - Filling up the DagBag from /Users/daniel/sensor-data-ELT/dbt-env/lib/python3.7/site-packages/airflow/example_dags/example_kubernetes_executor.py
[2021-09-22 00:35:38,898] {processor.py:623} INFO - DAG(s) dict_keys(['example_kubernetes_executor']) retrieved from /Users/daniel/sensor-data-ELT/dbt-env/lib/python3.7/site-packages/airflow/example_dags/example_kubernetes_executor.py
[2021-09-22 00:35:38,917] {logging_mixin.py:109} INFO - [2021-09-22 00:35:38,917] {dag.py:1834} INFO - Sync 1 DAGs
[2021-09-22 00:35:38,931] {logging_mixin.py:109} INFO - [2021-09-22 00:35:38,930] {dag.py:2287} INFO - Setting next_dagrun for example_kubernetes_executor to None
[2021-09-22 00:35:38,943] {processor.py:170} INFO - Processing /Users/daniel/sensor-data-ELT/dbt-env/lib/python3.7/site-packages/airflow/example_dags/example_kubernetes_executor.py took 0.073 seconds
[2021-09-22 00:36:11,332] {processor.py:162} INFO - Started process (PID=39303) to work on /Users/daniel/sensor-data-ELT/dbt-env/lib/python3.7/site-packages/airflow/example_dags/example_kubernetes_executor.py
[2021-09-22 00:36:11,334] {processor.py:613} INFO - Processing file /Users/daniel/sensor-data-ELT/dbt-env/lib/python3.7/site-packages/airflow/example_dags/example_kubernetes_executor.py for tasks to queue
[2021-09-22 00:36:11,335] {logging_mixin.py:109} INFO - [2021-09-22 00:36:11,334] {dagbag.py:496} INFO - Filling up the DagBag from /Users/daniel/sensor-data-ELT/dbt-env/lib/python3.7/site-packages/airflow/example_dags/example_kubernetes_executor.py
[2021-09-22 00:36:11,352] {processor.py:623} INFO - DAG(s) dict_keys(['example_kubernetes_executor']) retrieved from /Users/daniel/sensor-data-ELT/dbt-env/lib/python3.7/site-packages/airflow/example_dags/example_kubernetes_executor.py
[2021-09-22 00:36:11,370] {logging_mixin.py:109} INFO - [2021-09-22 00:36:11,370] {dag.py:1834} INFO - Sync 1 DAGs
[2021-09-22 00:36:11,382] {logging_mixin.py:109} INFO - [2021-09-22 00:36:11,382] {dag.py:2287} INFO - Setting next_dagrun for example_kubernetes_executor to None
[2021-09-22 00:36:11,394] {processor.py:170} INFO - Processing /Users/daniel/sensor-data-ELT/dbt-env/lib/python3.7/site-packages/airflow/example_dags/example_kubernetes_executor.py took 0.068 seconds
[2021-09-22 00:36:46,525] {processor.py:162} INFO - Started process (PID=39365) to work on /Users/daniel/sensor-data-ELT/dbt-env/lib/python3.7/site-packages/airflow/example_dags/example_kubernetes_executor.py
[2021-09-22 00:36:46,527] {processor.py:613} INFO - Processing file /Users/daniel/sensor-data-ELT/dbt-env/lib/python3.7/site-packages/airflow/example_dags/example_kubernetes_executor.py for tasks to queue
[2021-09-22 00:36:46,528] {logging_mixin.py:109} INFO - [2021-09-22 00:36:46,528] {dagbag.py:496} INFO - Filling up the DagBag from /Users/daniel/sensor-data-ELT/dbt-env/lib/python3.7/site-packages/airflow/example_dags/example_kubernetes_executor.py
[2021-09-22 00:36:46,544] {processor.py:623} INFO - DAG(s) dict_keys(['example_kubernetes_executor']) retrieved from /Users/daniel/sensor-data-ELT/dbt-env/lib/python3.7/site-packages/airflow/example_dags/example_kubernetes_executor.py
[2021-09-22 00:36:46,564] {logging_mixin.py:109} INFO - [2021-09-22 00:36:46,564] {dag.py:1834} INFO - Sync 1 DAGs
[2021-09-22 00:36:46,579] {logging_mixin.py:109} INFO - [2021-09-22 00:36:46,578] {dag.py:2287} INFO - Setting next_dagrun for example_kubernetes_executor to None
[2021-09-22 00:36:46,593] {processor.py:170} INFO - Processing /Users/daniel/sensor-data-ELT/dbt-env/lib/python3.7/site-packages/airflow/example_dags/example_kubernetes_executor.py took 0.072 seconds
[2021-09-22 00:37:20,789] {processor.py:162} INFO - Started process (PID=39445) to work on /Users/daniel/sensor-data-ELT/dbt-env/lib/python3.7/site-packages/airflow/example_dags/example_kubernetes_executor.py
[2021-09-22 00:37:20,791] {processor.py:613} INFO - Processing file /Users/daniel/sensor-data-ELT/dbt-env/lib/python3.7/site-packages/airflow/example_dags/example_kubernetes_executor.py for tasks to queue
[2021-09-22 00:37:20,792] {logging_mixin.py:109} INFO - [2021-09-22 00:37:20,792] {dagbag.py:496} INFO - Filling up the DagBag from /Users/daniel/sensor-data-ELT/dbt-env/lib/python3.7/site-packages/airflow/example_dags/example_kubernetes_executor.py
[2021-09-22 00:37:20,811] {processor.py:623} INFO - DAG(s) dict_keys(['example_kubernetes_executor']) retrieved from /Users/daniel/sensor-data-ELT/dbt-env/lib/python3.7/site-packages/airflow/example_dags/example_kubernetes_executor.py
[2021-09-22 00:37:20,829] {logging_mixin.py:109} INFO - [2021-09-22 00:37:20,829] {dag.py:1834} INFO - Sync 1 DAGs
[2021-09-22 00:37:20,842] {logging_mixin.py:109} INFO - [2021-09-22 00:37:20,842] {dag.py:2287} INFO - Setting next_dagrun for example_kubernetes_executor to None
[2021-09-22 00:37:20,854] {processor.py:170} INFO - Processing /Users/daniel/sensor-data-ELT/dbt-env/lib/python3.7/site-packages/airflow/example_dags/example_kubernetes_executor.py took 0.070 seconds
[2021-09-22 00:37:54,622] {processor.py:162} INFO - Started process (PID=39522) to work on /Users/daniel/sensor-data-ELT/dbt-env/lib/python3.7/site-packages/airflow/example_dags/example_kubernetes_executor.py
[2021-09-22 00:37:54,624] {processor.py:613} INFO - Processing file /Users/daniel/sensor-data-ELT/dbt-env/lib/python3.7/site-packages/airflow/example_dags/example_kubernetes_executor.py for tasks to queue
[2021-09-22 00:37:54,625] {logging_mixin.py:109} INFO - [2021-09-22 00:37:54,625] {dagbag.py:496} INFO - Filling up the DagBag from /Users/daniel/sensor-data-ELT/dbt-env/lib/python3.7/site-packages/airflow/example_dags/example_kubernetes_executor.py
[2021-09-22 00:37:54,642] {processor.py:623} INFO - DAG(s) dict_keys(['example_kubernetes_executor']) retrieved from /Users/daniel/sensor-data-ELT/dbt-env/lib/python3.7/site-packages/airflow/example_dags/example_kubernetes_executor.py
[2021-09-22 00:37:54,660] {logging_mixin.py:109} INFO - [2021-09-22 00:37:54,660] {dag.py:1834} INFO - Sync 1 DAGs
[2021-09-22 00:37:54,672] {logging_mixin.py:109} INFO - [2021-09-22 00:37:54,671] {dag.py:2287} INFO - Setting next_dagrun for example_kubernetes_executor to None
[2021-09-22 00:37:54,684] {processor.py:170} INFO - Processing /Users/daniel/sensor-data-ELT/dbt-env/lib/python3.7/site-packages/airflow/example_dags/example_kubernetes_executor.py took 0.067 seconds
[2021-09-22 00:38:31,300] {processor.py:162} INFO - Started process (PID=39575) to work on /Users/daniel/sensor-data-ELT/dbt-env/lib/python3.7/site-packages/airflow/example_dags/example_kubernetes_executor.py
[2021-09-22 00:38:31,303] {processor.py:613} INFO - Processing file /Users/daniel/sensor-data-ELT/dbt-env/lib/python3.7/site-packages/airflow/example_dags/example_kubernetes_executor.py for tasks to queue
[2021-09-22 00:38:31,304] {logging_mixin.py:109} INFO - [2021-09-22 00:38:31,303] {dagbag.py:496} INFO - Filling up the DagBag from /Users/daniel/sensor-data-ELT/dbt-env/lib/python3.7/site-packages/airflow/example_dags/example_kubernetes_executor.py
[2021-09-22 00:38:31,321] {processor.py:623} INFO - DAG(s) dict_keys(['example_kubernetes_executor']) retrieved from /Users/daniel/sensor-data-ELT/dbt-env/lib/python3.7/site-packages/airflow/example_dags/example_kubernetes_executor.py
[2021-09-22 00:38:31,336] {logging_mixin.py:109} INFO - [2021-09-22 00:38:31,336] {dag.py:1834} INFO - Sync 1 DAGs
[2021-09-22 00:38:31,347] {logging_mixin.py:109} INFO - [2021-09-22 00:38:31,347] {dag.py:2287} INFO - Setting next_dagrun for example_kubernetes_executor to None
[2021-09-22 00:38:31,361] {processor.py:170} INFO - Processing /Users/daniel/sensor-data-ELT/dbt-env/lib/python3.7/site-packages/airflow/example_dags/example_kubernetes_executor.py took 0.065 seconds
[2021-09-22 01:18:23,413] {processor.py:162} INFO - Started process (PID=40979) to work on /Users/daniel/sensor-data-ELT/dbt-env/lib/python3.7/site-packages/airflow/example_dags/example_kubernetes_executor.py
[2021-09-22 01:18:23,416] {processor.py:613} INFO - Processing file /Users/daniel/sensor-data-ELT/dbt-env/lib/python3.7/site-packages/airflow/example_dags/example_kubernetes_executor.py for tasks to queue
[2021-09-22 01:18:23,417] {logging_mixin.py:109} INFO - [2021-09-22 01:18:23,417] {dagbag.py:496} INFO - Filling up the DagBag from /Users/daniel/sensor-data-ELT/dbt-env/lib/python3.7/site-packages/airflow/example_dags/example_kubernetes_executor.py
[2021-09-22 01:18:23,434] {processor.py:623} INFO - DAG(s) dict_keys(['example_kubernetes_executor']) retrieved from /Users/daniel/sensor-data-ELT/dbt-env/lib/python3.7/site-packages/airflow/example_dags/example_kubernetes_executor.py
[2021-09-22 01:18:23,453] {logging_mixin.py:109} INFO - [2021-09-22 01:18:23,453] {dag.py:1834} INFO - Sync 1 DAGs
[2021-09-22 01:18:23,484] {logging_mixin.py:109} INFO - [2021-09-22 01:18:23,483] {dag.py:2287} INFO - Setting next_dagrun for example_kubernetes_executor to None
[2021-09-22 01:18:23,623] {processor.py:170} INFO - Processing /Users/daniel/sensor-data-ELT/dbt-env/lib/python3.7/site-packages/airflow/example_dags/example_kubernetes_executor.py took 0.214 seconds
[2021-09-22 01:19:03,702] {processor.py:162} INFO - Started process (PID=41084) to work on /Users/daniel/sensor-data-ELT/dbt-env/lib/python3.7/site-packages/airflow/example_dags/example_kubernetes_executor.py
[2021-09-22 01:19:03,706] {processor.py:613} INFO - Processing file /Users/daniel/sensor-data-ELT/dbt-env/lib/python3.7/site-packages/airflow/example_dags/example_kubernetes_executor.py for tasks to queue
[2021-09-22 01:19:03,707] {logging_mixin.py:109} INFO - [2021-09-22 01:19:03,707] {dagbag.py:496} INFO - Filling up the DagBag from /Users/daniel/sensor-data-ELT/dbt-env/lib/python3.7/site-packages/airflow/example_dags/example_kubernetes_executor.py
[2021-09-22 01:19:03,738] {processor.py:623} INFO - DAG(s) dict_keys(['example_kubernetes_executor']) retrieved from /Users/daniel/sensor-data-ELT/dbt-env/lib/python3.7/site-packages/airflow/example_dags/example_kubernetes_executor.py
[2021-09-22 01:19:03,774] {logging_mixin.py:109} INFO - [2021-09-22 01:19:03,773] {dag.py:1834} INFO - Sync 1 DAGs
[2021-09-22 01:19:03,927] {logging_mixin.py:109} INFO - [2021-09-22 01:19:03,927] {dag.py:2287} INFO - Setting next_dagrun for example_kubernetes_executor to None
[2021-09-22 01:19:03,939] {processor.py:170} INFO - Processing /Users/daniel/sensor-data-ELT/dbt-env/lib/python3.7/site-packages/airflow/example_dags/example_kubernetes_executor.py took 0.244 seconds
