[2021-09-22 00:18:20,300] {processor.py:162} INFO - Started process (PID=37025) to work on /Users/daniel/sensor-data-ELT/dbt-env/lib/python3.7/site-packages/airflow/example_dags/example_complex.py
[2021-09-22 00:18:20,301] {processor.py:613} INFO - Processing file /Users/daniel/sensor-data-ELT/dbt-env/lib/python3.7/site-packages/airflow/example_dags/example_complex.py for tasks to queue
[2021-09-22 00:18:20,302] {logging_mixin.py:109} INFO - [2021-09-22 00:18:20,302] {dagbag.py:496} INFO - Filling up the DagBag from /Users/daniel/sensor-data-ELT/dbt-env/lib/python3.7/site-packages/airflow/example_dags/example_complex.py
[2021-09-22 00:18:20,327] {processor.py:623} INFO - DAG(s) dict_keys(['example_complex']) retrieved from /Users/daniel/sensor-data-ELT/dbt-env/lib/python3.7/site-packages/airflow/example_dags/example_complex.py
[2021-09-22 00:18:20,352] {logging_mixin.py:109} INFO - [2021-09-22 00:18:20,352] {dag.py:1834} INFO - Sync 1 DAGs
[2021-09-22 00:18:20,369] {logging_mixin.py:109} INFO - [2021-09-22 00:18:20,369] {dag.py:2287} INFO - Setting next_dagrun for example_complex to None
[2021-09-22 00:18:20,388] {processor.py:170} INFO - Processing /Users/daniel/sensor-data-ELT/dbt-env/lib/python3.7/site-packages/airflow/example_dags/example_complex.py took 0.092 seconds
[2021-09-22 00:18:54,370] {processor.py:162} INFO - Started process (PID=37091) to work on /Users/daniel/sensor-data-ELT/dbt-env/lib/python3.7/site-packages/airflow/example_dags/example_complex.py
[2021-09-22 00:18:54,373] {processor.py:613} INFO - Processing file /Users/daniel/sensor-data-ELT/dbt-env/lib/python3.7/site-packages/airflow/example_dags/example_complex.py for tasks to queue
[2021-09-22 00:18:54,374] {logging_mixin.py:109} INFO - [2021-09-22 00:18:54,374] {dagbag.py:496} INFO - Filling up the DagBag from /Users/daniel/sensor-data-ELT/dbt-env/lib/python3.7/site-packages/airflow/example_dags/example_complex.py
[2021-09-22 00:18:54,397] {processor.py:623} INFO - DAG(s) dict_keys(['example_complex']) retrieved from /Users/daniel/sensor-data-ELT/dbt-env/lib/python3.7/site-packages/airflow/example_dags/example_complex.py
[2021-09-22 00:18:54,422] {logging_mixin.py:109} INFO - [2021-09-22 00:18:54,421] {dag.py:1834} INFO - Sync 1 DAGs
[2021-09-22 00:18:54,433] {logging_mixin.py:109} INFO - [2021-09-22 00:18:54,433] {dag.py:2287} INFO - Setting next_dagrun for example_complex to None
[2021-09-22 00:18:54,445] {processor.py:170} INFO - Processing /Users/daniel/sensor-data-ELT/dbt-env/lib/python3.7/site-packages/airflow/example_dags/example_complex.py took 0.079 seconds
[2021-09-22 00:19:31,174] {processor.py:162} INFO - Started process (PID=37164) to work on /Users/daniel/sensor-data-ELT/dbt-env/lib/python3.7/site-packages/airflow/example_dags/example_complex.py
[2021-09-22 00:19:31,178] {processor.py:613} INFO - Processing file /Users/daniel/sensor-data-ELT/dbt-env/lib/python3.7/site-packages/airflow/example_dags/example_complex.py for tasks to queue
[2021-09-22 00:19:31,179] {logging_mixin.py:109} INFO - [2021-09-22 00:19:31,179] {dagbag.py:496} INFO - Filling up the DagBag from /Users/daniel/sensor-data-ELT/dbt-env/lib/python3.7/site-packages/airflow/example_dags/example_complex.py
[2021-09-22 00:19:31,205] {processor.py:623} INFO - DAG(s) dict_keys(['example_complex']) retrieved from /Users/daniel/sensor-data-ELT/dbt-env/lib/python3.7/site-packages/airflow/example_dags/example_complex.py
[2021-09-22 00:19:31,230] {logging_mixin.py:109} INFO - [2021-09-22 00:19:31,230] {dag.py:1834} INFO - Sync 1 DAGs
[2021-09-22 00:19:31,244] {logging_mixin.py:109} INFO - [2021-09-22 00:19:31,243] {dag.py:2287} INFO - Setting next_dagrun for example_complex to None
[2021-09-22 00:19:31,257] {processor.py:170} INFO - Processing /Users/daniel/sensor-data-ELT/dbt-env/lib/python3.7/site-packages/airflow/example_dags/example_complex.py took 0.088 seconds
[2021-09-22 00:20:07,631] {processor.py:162} INFO - Started process (PID=37581) to work on /Users/daniel/sensor-data-ELT/dbt-env/lib/python3.7/site-packages/airflow/example_dags/example_complex.py
[2021-09-22 00:20:07,633] {processor.py:613} INFO - Processing file /Users/daniel/sensor-data-ELT/dbt-env/lib/python3.7/site-packages/airflow/example_dags/example_complex.py for tasks to queue
[2021-09-22 00:20:07,634] {logging_mixin.py:109} INFO - [2021-09-22 00:20:07,634] {dagbag.py:496} INFO - Filling up the DagBag from /Users/daniel/sensor-data-ELT/dbt-env/lib/python3.7/site-packages/airflow/example_dags/example_complex.py
[2021-09-22 00:20:07,669] {processor.py:623} INFO - DAG(s) dict_keys(['example_complex']) retrieved from /Users/daniel/sensor-data-ELT/dbt-env/lib/python3.7/site-packages/airflow/example_dags/example_complex.py
[2021-09-22 00:20:07,705] {logging_mixin.py:109} INFO - [2021-09-22 00:20:07,705] {dag.py:1834} INFO - Sync 1 DAGs
[2021-09-22 00:20:07,721] {logging_mixin.py:109} INFO - [2021-09-22 00:20:07,721] {dag.py:2287} INFO - Setting next_dagrun for example_complex to None
[2021-09-22 00:20:07,739] {processor.py:170} INFO - Processing /Users/daniel/sensor-data-ELT/dbt-env/lib/python3.7/site-packages/airflow/example_dags/example_complex.py took 0.114 seconds
[2021-09-22 00:20:44,695] {processor.py:162} INFO - Started process (PID=38371) to work on /Users/daniel/sensor-data-ELT/dbt-env/lib/python3.7/site-packages/airflow/example_dags/example_complex.py
[2021-09-22 00:20:44,697] {processor.py:613} INFO - Processing file /Users/daniel/sensor-data-ELT/dbt-env/lib/python3.7/site-packages/airflow/example_dags/example_complex.py for tasks to queue
[2021-09-22 00:20:44,698] {logging_mixin.py:109} INFO - [2021-09-22 00:20:44,698] {dagbag.py:496} INFO - Filling up the DagBag from /Users/daniel/sensor-data-ELT/dbt-env/lib/python3.7/site-packages/airflow/example_dags/example_complex.py
[2021-09-22 00:20:44,727] {processor.py:623} INFO - DAG(s) dict_keys(['example_complex']) retrieved from /Users/daniel/sensor-data-ELT/dbt-env/lib/python3.7/site-packages/airflow/example_dags/example_complex.py
[2021-09-22 00:20:44,754] {logging_mixin.py:109} INFO - [2021-09-22 00:20:44,753] {dag.py:1834} INFO - Sync 1 DAGs
[2021-09-22 00:20:44,766] {logging_mixin.py:109} INFO - [2021-09-22 00:20:44,765] {dag.py:2287} INFO - Setting next_dagrun for example_complex to None
[2021-09-22 00:20:44,778] {processor.py:170} INFO - Processing /Users/daniel/sensor-data-ELT/dbt-env/lib/python3.7/site-packages/airflow/example_dags/example_complex.py took 0.088 seconds
[2021-09-22 00:21:42,516] {processor.py:162} INFO - Started process (PID=38490) to work on /Users/daniel/sensor-data-ELT/dbt-env/lib/python3.7/site-packages/airflow/example_dags/example_complex.py
[2021-09-22 00:21:42,518] {processor.py:613} INFO - Processing file /Users/daniel/sensor-data-ELT/dbt-env/lib/python3.7/site-packages/airflow/example_dags/example_complex.py for tasks to queue
[2021-09-22 00:21:42,519] {logging_mixin.py:109} INFO - [2021-09-22 00:21:42,519] {dagbag.py:496} INFO - Filling up the DagBag from /Users/daniel/sensor-data-ELT/dbt-env/lib/python3.7/site-packages/airflow/example_dags/example_complex.py
[2021-09-22 00:21:42,541] {processor.py:623} INFO - DAG(s) dict_keys(['example_complex']) retrieved from /Users/daniel/sensor-data-ELT/dbt-env/lib/python3.7/site-packages/airflow/example_dags/example_complex.py
[2021-09-22 00:21:42,565] {logging_mixin.py:109} INFO - [2021-09-22 00:21:42,565] {dag.py:1834} INFO - Sync 1 DAGs
[2021-09-22 00:21:42,577] {logging_mixin.py:109} INFO - [2021-09-22 00:21:42,577] {dag.py:2287} INFO - Setting next_dagrun for example_complex to None
[2021-09-22 00:21:42,588] {processor.py:170} INFO - Processing /Users/daniel/sensor-data-ELT/dbt-env/lib/python3.7/site-packages/airflow/example_dags/example_complex.py took 0.076 seconds
[2021-09-22 00:22:16,665] {processor.py:162} INFO - Started process (PID=38573) to work on /Users/daniel/sensor-data-ELT/dbt-env/lib/python3.7/site-packages/airflow/example_dags/example_complex.py
[2021-09-22 00:22:16,667] {processor.py:613} INFO - Processing file /Users/daniel/sensor-data-ELT/dbt-env/lib/python3.7/site-packages/airflow/example_dags/example_complex.py for tasks to queue
[2021-09-22 00:22:16,668] {logging_mixin.py:109} INFO - [2021-09-22 00:22:16,668] {dagbag.py:496} INFO - Filling up the DagBag from /Users/daniel/sensor-data-ELT/dbt-env/lib/python3.7/site-packages/airflow/example_dags/example_complex.py
[2021-09-22 00:22:16,695] {processor.py:623} INFO - DAG(s) dict_keys(['example_complex']) retrieved from /Users/daniel/sensor-data-ELT/dbt-env/lib/python3.7/site-packages/airflow/example_dags/example_complex.py
[2021-09-22 00:22:16,720] {logging_mixin.py:109} INFO - [2021-09-22 00:22:16,720] {dag.py:1834} INFO - Sync 1 DAGs
[2021-09-22 00:22:16,733] {logging_mixin.py:109} INFO - [2021-09-22 00:22:16,732] {dag.py:2287} INFO - Setting next_dagrun for example_complex to None
[2021-09-22 00:22:16,747] {processor.py:170} INFO - Processing /Users/daniel/sensor-data-ELT/dbt-env/lib/python3.7/site-packages/airflow/example_dags/example_complex.py took 0.086 seconds
[2021-09-22 00:22:56,230] {processor.py:162} INFO - Started process (PID=38631) to work on /Users/daniel/sensor-data-ELT/dbt-env/lib/python3.7/site-packages/airflow/example_dags/example_complex.py
[2021-09-22 00:22:56,233] {processor.py:613} INFO - Processing file /Users/daniel/sensor-data-ELT/dbt-env/lib/python3.7/site-packages/airflow/example_dags/example_complex.py for tasks to queue
[2021-09-22 00:22:56,234] {logging_mixin.py:109} INFO - [2021-09-22 00:22:56,233] {dagbag.py:496} INFO - Filling up the DagBag from /Users/daniel/sensor-data-ELT/dbt-env/lib/python3.7/site-packages/airflow/example_dags/example_complex.py
[2021-09-22 00:22:56,285] {processor.py:623} INFO - DAG(s) dict_keys(['example_complex']) retrieved from /Users/daniel/sensor-data-ELT/dbt-env/lib/python3.7/site-packages/airflow/example_dags/example_complex.py
[2021-09-22 00:22:56,327] {logging_mixin.py:109} INFO - [2021-09-22 00:22:56,326] {dag.py:1834} INFO - Sync 1 DAGs
[2021-09-22 00:22:56,344] {logging_mixin.py:109} INFO - [2021-09-22 00:22:56,344] {dag.py:2287} INFO - Setting next_dagrun for example_complex to None
[2021-09-22 00:22:56,369] {processor.py:170} INFO - Processing /Users/daniel/sensor-data-ELT/dbt-env/lib/python3.7/site-packages/airflow/example_dags/example_complex.py took 0.144 seconds
[2021-09-22 00:23:31,356] {processor.py:162} INFO - Started process (PID=38681) to work on /Users/daniel/sensor-data-ELT/dbt-env/lib/python3.7/site-packages/airflow/example_dags/example_complex.py
[2021-09-22 00:23:31,359] {processor.py:613} INFO - Processing file /Users/daniel/sensor-data-ELT/dbt-env/lib/python3.7/site-packages/airflow/example_dags/example_complex.py for tasks to queue
[2021-09-22 00:23:31,360] {logging_mixin.py:109} INFO - [2021-09-22 00:23:31,360] {dagbag.py:496} INFO - Filling up the DagBag from /Users/daniel/sensor-data-ELT/dbt-env/lib/python3.7/site-packages/airflow/example_dags/example_complex.py
[2021-09-22 00:23:31,387] {processor.py:623} INFO - DAG(s) dict_keys(['example_complex']) retrieved from /Users/daniel/sensor-data-ELT/dbt-env/lib/python3.7/site-packages/airflow/example_dags/example_complex.py
[2021-09-22 00:23:31,411] {logging_mixin.py:109} INFO - [2021-09-22 00:23:31,411] {dag.py:1834} INFO - Sync 1 DAGs
[2021-09-22 00:23:31,423] {logging_mixin.py:109} INFO - [2021-09-22 00:23:31,423] {dag.py:2287} INFO - Setting next_dagrun for example_complex to None
[2021-09-22 00:23:31,435] {processor.py:170} INFO - Processing /Users/daniel/sensor-data-ELT/dbt-env/lib/python3.7/site-packages/airflow/example_dags/example_complex.py took 0.084 seconds
[2021-09-22 00:24:06,649] {processor.py:162} INFO - Started process (PID=38761) to work on /Users/daniel/sensor-data-ELT/dbt-env/lib/python3.7/site-packages/airflow/example_dags/example_complex.py
[2021-09-22 00:24:06,653] {processor.py:613} INFO - Processing file /Users/daniel/sensor-data-ELT/dbt-env/lib/python3.7/site-packages/airflow/example_dags/example_complex.py for tasks to queue
[2021-09-22 00:24:06,654] {logging_mixin.py:109} INFO - [2021-09-22 00:24:06,654] {dagbag.py:496} INFO - Filling up the DagBag from /Users/daniel/sensor-data-ELT/dbt-env/lib/python3.7/site-packages/airflow/example_dags/example_complex.py
[2021-09-22 00:24:06,709] {processor.py:623} INFO - DAG(s) dict_keys(['example_complex']) retrieved from /Users/daniel/sensor-data-ELT/dbt-env/lib/python3.7/site-packages/airflow/example_dags/example_complex.py
[2021-09-22 00:24:06,751] {logging_mixin.py:109} INFO - [2021-09-22 00:24:06,750] {dag.py:1834} INFO - Sync 1 DAGs
[2021-09-22 00:24:06,778] {logging_mixin.py:109} INFO - [2021-09-22 00:24:06,778] {dag.py:2287} INFO - Setting next_dagrun for example_complex to None
[2021-09-22 00:24:06,805] {processor.py:170} INFO - Processing /Users/daniel/sensor-data-ELT/dbt-env/lib/python3.7/site-packages/airflow/example_dags/example_complex.py took 0.162 seconds
[2021-09-22 00:33:52,299] {processor.py:162} INFO - Started process (PID=39106) to work on /Users/daniel/sensor-data-ELT/dbt-env/lib/python3.7/site-packages/airflow/example_dags/example_complex.py
[2021-09-22 00:33:52,301] {processor.py:613} INFO - Processing file /Users/daniel/sensor-data-ELT/dbt-env/lib/python3.7/site-packages/airflow/example_dags/example_complex.py for tasks to queue
[2021-09-22 00:33:52,303] {logging_mixin.py:109} INFO - [2021-09-22 00:33:52,302] {dagbag.py:496} INFO - Filling up the DagBag from /Users/daniel/sensor-data-ELT/dbt-env/lib/python3.7/site-packages/airflow/example_dags/example_complex.py
[2021-09-22 00:33:52,324] {processor.py:623} INFO - DAG(s) dict_keys(['example_complex']) retrieved from /Users/daniel/sensor-data-ELT/dbt-env/lib/python3.7/site-packages/airflow/example_dags/example_complex.py
[2021-09-22 00:33:52,347] {logging_mixin.py:109} INFO - [2021-09-22 00:33:52,347] {dag.py:1834} INFO - Sync 1 DAGs
[2021-09-22 00:33:52,358] {logging_mixin.py:109} INFO - [2021-09-22 00:33:52,358] {dag.py:2287} INFO - Setting next_dagrun for example_complex to None
[2021-09-22 00:33:52,370] {processor.py:170} INFO - Processing /Users/daniel/sensor-data-ELT/dbt-env/lib/python3.7/site-packages/airflow/example_dags/example_complex.py took 0.075 seconds
[2021-09-22 00:34:25,306] {processor.py:162} INFO - Started process (PID=39174) to work on /Users/daniel/sensor-data-ELT/dbt-env/lib/python3.7/site-packages/airflow/example_dags/example_complex.py
[2021-09-22 00:34:25,308] {processor.py:613} INFO - Processing file /Users/daniel/sensor-data-ELT/dbt-env/lib/python3.7/site-packages/airflow/example_dags/example_complex.py for tasks to queue
[2021-09-22 00:34:25,309] {logging_mixin.py:109} INFO - [2021-09-22 00:34:25,309] {dagbag.py:496} INFO - Filling up the DagBag from /Users/daniel/sensor-data-ELT/dbt-env/lib/python3.7/site-packages/airflow/example_dags/example_complex.py
[2021-09-22 00:34:25,333] {processor.py:623} INFO - DAG(s) dict_keys(['example_complex']) retrieved from /Users/daniel/sensor-data-ELT/dbt-env/lib/python3.7/site-packages/airflow/example_dags/example_complex.py
[2021-09-22 00:34:25,356] {logging_mixin.py:109} INFO - [2021-09-22 00:34:25,355] {dag.py:1834} INFO - Sync 1 DAGs
[2021-09-22 00:34:25,370] {logging_mixin.py:109} INFO - [2021-09-22 00:34:25,370] {dag.py:2287} INFO - Setting next_dagrun for example_complex to None
[2021-09-22 00:34:25,384] {processor.py:170} INFO - Processing /Users/daniel/sensor-data-ELT/dbt-env/lib/python3.7/site-packages/airflow/example_dags/example_complex.py took 0.082 seconds
[2021-09-22 00:35:01,877] {processor.py:162} INFO - Started process (PID=39236) to work on /Users/daniel/sensor-data-ELT/dbt-env/lib/python3.7/site-packages/airflow/example_dags/example_complex.py
[2021-09-22 00:35:01,879] {processor.py:613} INFO - Processing file /Users/daniel/sensor-data-ELT/dbt-env/lib/python3.7/site-packages/airflow/example_dags/example_complex.py for tasks to queue
[2021-09-22 00:35:01,881] {logging_mixin.py:109} INFO - [2021-09-22 00:35:01,881] {dagbag.py:496} INFO - Filling up the DagBag from /Users/daniel/sensor-data-ELT/dbt-env/lib/python3.7/site-packages/airflow/example_dags/example_complex.py
[2021-09-22 00:35:01,905] {processor.py:623} INFO - DAG(s) dict_keys(['example_complex']) retrieved from /Users/daniel/sensor-data-ELT/dbt-env/lib/python3.7/site-packages/airflow/example_dags/example_complex.py
[2021-09-22 00:35:01,930] {logging_mixin.py:109} INFO - [2021-09-22 00:35:01,930] {dag.py:1834} INFO - Sync 1 DAGs
[2021-09-22 00:35:01,942] {logging_mixin.py:109} INFO - [2021-09-22 00:35:01,942] {dag.py:2287} INFO - Setting next_dagrun for example_complex to None
[2021-09-22 00:35:01,954] {processor.py:170} INFO - Processing /Users/daniel/sensor-data-ELT/dbt-env/lib/python3.7/site-packages/airflow/example_dags/example_complex.py took 0.082 seconds
[2021-09-22 00:35:36,033] {processor.py:162} INFO - Started process (PID=39268) to work on /Users/daniel/sensor-data-ELT/dbt-env/lib/python3.7/site-packages/airflow/example_dags/example_complex.py
[2021-09-22 00:35:36,035] {processor.py:613} INFO - Processing file /Users/daniel/sensor-data-ELT/dbt-env/lib/python3.7/site-packages/airflow/example_dags/example_complex.py for tasks to queue
[2021-09-22 00:35:36,037] {logging_mixin.py:109} INFO - [2021-09-22 00:35:36,036] {dagbag.py:496} INFO - Filling up the DagBag from /Users/daniel/sensor-data-ELT/dbt-env/lib/python3.7/site-packages/airflow/example_dags/example_complex.py
[2021-09-22 00:35:36,062] {processor.py:623} INFO - DAG(s) dict_keys(['example_complex']) retrieved from /Users/daniel/sensor-data-ELT/dbt-env/lib/python3.7/site-packages/airflow/example_dags/example_complex.py
[2021-09-22 00:35:36,087] {logging_mixin.py:109} INFO - [2021-09-22 00:35:36,086] {dag.py:1834} INFO - Sync 1 DAGs
[2021-09-22 00:35:36,100] {logging_mixin.py:109} INFO - [2021-09-22 00:35:36,100] {dag.py:2287} INFO - Setting next_dagrun for example_complex to None
[2021-09-22 00:35:36,114] {processor.py:170} INFO - Processing /Users/daniel/sensor-data-ELT/dbt-env/lib/python3.7/site-packages/airflow/example_dags/example_complex.py took 0.087 seconds
[2021-09-22 00:36:08,476] {processor.py:162} INFO - Started process (PID=39300) to work on /Users/daniel/sensor-data-ELT/dbt-env/lib/python3.7/site-packages/airflow/example_dags/example_complex.py
[2021-09-22 00:36:08,479] {processor.py:613} INFO - Processing file /Users/daniel/sensor-data-ELT/dbt-env/lib/python3.7/site-packages/airflow/example_dags/example_complex.py for tasks to queue
[2021-09-22 00:36:08,481] {logging_mixin.py:109} INFO - [2021-09-22 00:36:08,480] {dagbag.py:496} INFO - Filling up the DagBag from /Users/daniel/sensor-data-ELT/dbt-env/lib/python3.7/site-packages/airflow/example_dags/example_complex.py
[2021-09-22 00:36:08,508] {processor.py:623} INFO - DAG(s) dict_keys(['example_complex']) retrieved from /Users/daniel/sensor-data-ELT/dbt-env/lib/python3.7/site-packages/airflow/example_dags/example_complex.py
[2021-09-22 00:36:08,534] {logging_mixin.py:109} INFO - [2021-09-22 00:36:08,534] {dag.py:1834} INFO - Sync 1 DAGs
[2021-09-22 00:36:08,546] {logging_mixin.py:109} INFO - [2021-09-22 00:36:08,546] {dag.py:2287} INFO - Setting next_dagrun for example_complex to None
[2021-09-22 00:36:08,559] {processor.py:170} INFO - Processing /Users/daniel/sensor-data-ELT/dbt-env/lib/python3.7/site-packages/airflow/example_dags/example_complex.py took 0.091 seconds
[2021-09-22 00:36:42,529] {processor.py:162} INFO - Started process (PID=39356) to work on /Users/daniel/sensor-data-ELT/dbt-env/lib/python3.7/site-packages/airflow/example_dags/example_complex.py
[2021-09-22 00:36:42,532] {processor.py:613} INFO - Processing file /Users/daniel/sensor-data-ELT/dbt-env/lib/python3.7/site-packages/airflow/example_dags/example_complex.py for tasks to queue
[2021-09-22 00:36:42,533] {logging_mixin.py:109} INFO - [2021-09-22 00:36:42,532] {dagbag.py:496} INFO - Filling up the DagBag from /Users/daniel/sensor-data-ELT/dbt-env/lib/python3.7/site-packages/airflow/example_dags/example_complex.py
[2021-09-22 00:36:42,564] {processor.py:623} INFO - DAG(s) dict_keys(['example_complex']) retrieved from /Users/daniel/sensor-data-ELT/dbt-env/lib/python3.7/site-packages/airflow/example_dags/example_complex.py
[2021-09-22 00:36:42,593] {logging_mixin.py:109} INFO - [2021-09-22 00:36:42,593] {dag.py:1834} INFO - Sync 1 DAGs
[2021-09-22 00:36:42,611] {logging_mixin.py:109} INFO - [2021-09-22 00:36:42,611] {dag.py:2287} INFO - Setting next_dagrun for example_complex to None
[2021-09-22 00:36:42,626] {processor.py:170} INFO - Processing /Users/daniel/sensor-data-ELT/dbt-env/lib/python3.7/site-packages/airflow/example_dags/example_complex.py took 0.104 seconds
[2021-09-22 00:37:16,932] {processor.py:162} INFO - Started process (PID=39442) to work on /Users/daniel/sensor-data-ELT/dbt-env/lib/python3.7/site-packages/airflow/example_dags/example_complex.py
[2021-09-22 00:37:16,935] {processor.py:613} INFO - Processing file /Users/daniel/sensor-data-ELT/dbt-env/lib/python3.7/site-packages/airflow/example_dags/example_complex.py for tasks to queue
[2021-09-22 00:37:16,937] {logging_mixin.py:109} INFO - [2021-09-22 00:37:16,937] {dagbag.py:496} INFO - Filling up the DagBag from /Users/daniel/sensor-data-ELT/dbt-env/lib/python3.7/site-packages/airflow/example_dags/example_complex.py
[2021-09-22 00:37:16,977] {processor.py:623} INFO - DAG(s) dict_keys(['example_complex']) retrieved from /Users/daniel/sensor-data-ELT/dbt-env/lib/python3.7/site-packages/airflow/example_dags/example_complex.py
[2021-09-22 00:37:17,009] {logging_mixin.py:109} INFO - [2021-09-22 00:37:17,009] {dag.py:1834} INFO - Sync 1 DAGs
[2021-09-22 00:37:17,031] {logging_mixin.py:109} INFO - [2021-09-22 00:37:17,031] {dag.py:2287} INFO - Setting next_dagrun for example_complex to None
[2021-09-22 00:37:17,051] {processor.py:170} INFO - Processing /Users/daniel/sensor-data-ELT/dbt-env/lib/python3.7/site-packages/airflow/example_dags/example_complex.py took 0.128 seconds
[2021-09-22 00:37:51,793] {processor.py:162} INFO - Started process (PID=39511) to work on /Users/daniel/sensor-data-ELT/dbt-env/lib/python3.7/site-packages/airflow/example_dags/example_complex.py
[2021-09-22 00:37:51,795] {processor.py:613} INFO - Processing file /Users/daniel/sensor-data-ELT/dbt-env/lib/python3.7/site-packages/airflow/example_dags/example_complex.py for tasks to queue
[2021-09-22 00:37:51,796] {logging_mixin.py:109} INFO - [2021-09-22 00:37:51,795] {dagbag.py:496} INFO - Filling up the DagBag from /Users/daniel/sensor-data-ELT/dbt-env/lib/python3.7/site-packages/airflow/example_dags/example_complex.py
[2021-09-22 00:37:51,820] {processor.py:623} INFO - DAG(s) dict_keys(['example_complex']) retrieved from /Users/daniel/sensor-data-ELT/dbt-env/lib/python3.7/site-packages/airflow/example_dags/example_complex.py
[2021-09-22 00:37:51,848] {logging_mixin.py:109} INFO - [2021-09-22 00:37:51,848] {dag.py:1834} INFO - Sync 1 DAGs
[2021-09-22 00:37:51,858] {logging_mixin.py:109} INFO - [2021-09-22 00:37:51,858] {dag.py:2287} INFO - Setting next_dagrun for example_complex to None
[2021-09-22 00:37:51,870] {processor.py:170} INFO - Processing /Users/daniel/sensor-data-ELT/dbt-env/lib/python3.7/site-packages/airflow/example_dags/example_complex.py took 0.081 seconds
[2021-09-22 00:38:28,445] {processor.py:162} INFO - Started process (PID=39572) to work on /Users/daniel/sensor-data-ELT/dbt-env/lib/python3.7/site-packages/airflow/example_dags/example_complex.py
[2021-09-22 00:38:28,447] {processor.py:613} INFO - Processing file /Users/daniel/sensor-data-ELT/dbt-env/lib/python3.7/site-packages/airflow/example_dags/example_complex.py for tasks to queue
[2021-09-22 00:38:28,448] {logging_mixin.py:109} INFO - [2021-09-22 00:38:28,448] {dagbag.py:496} INFO - Filling up the DagBag from /Users/daniel/sensor-data-ELT/dbt-env/lib/python3.7/site-packages/airflow/example_dags/example_complex.py
[2021-09-22 00:38:28,475] {processor.py:623} INFO - DAG(s) dict_keys(['example_complex']) retrieved from /Users/daniel/sensor-data-ELT/dbt-env/lib/python3.7/site-packages/airflow/example_dags/example_complex.py
[2021-09-22 00:38:28,499] {logging_mixin.py:109} INFO - [2021-09-22 00:38:28,499] {dag.py:1834} INFO - Sync 1 DAGs
[2021-09-22 00:38:28,510] {logging_mixin.py:109} INFO - [2021-09-22 00:38:28,509] {dag.py:2287} INFO - Setting next_dagrun for example_complex to None
[2021-09-22 00:38:28,522] {processor.py:170} INFO - Processing /Users/daniel/sensor-data-ELT/dbt-env/lib/python3.7/site-packages/airflow/example_dags/example_complex.py took 0.081 seconds
[2021-09-22 01:18:19,444] {processor.py:162} INFO - Started process (PID=40974) to work on /Users/daniel/sensor-data-ELT/dbt-env/lib/python3.7/site-packages/airflow/example_dags/example_complex.py
[2021-09-22 01:18:19,446] {processor.py:613} INFO - Processing file /Users/daniel/sensor-data-ELT/dbt-env/lib/python3.7/site-packages/airflow/example_dags/example_complex.py for tasks to queue
[2021-09-22 01:18:19,447] {logging_mixin.py:109} INFO - [2021-09-22 01:18:19,447] {dagbag.py:496} INFO - Filling up the DagBag from /Users/daniel/sensor-data-ELT/dbt-env/lib/python3.7/site-packages/airflow/example_dags/example_complex.py
[2021-09-22 01:18:19,472] {processor.py:623} INFO - DAG(s) dict_keys(['example_complex']) retrieved from /Users/daniel/sensor-data-ELT/dbt-env/lib/python3.7/site-packages/airflow/example_dags/example_complex.py
[2021-09-22 01:18:19,594] {logging_mixin.py:109} INFO - [2021-09-22 01:18:19,594] {dag.py:1834} INFO - Sync 1 DAGs
[2021-09-22 01:18:19,615] {logging_mixin.py:109} INFO - [2021-09-22 01:18:19,614] {dag.py:2287} INFO - Setting next_dagrun for example_complex to None
[2021-09-22 01:18:19,625] {processor.py:170} INFO - Processing /Users/daniel/sensor-data-ELT/dbt-env/lib/python3.7/site-packages/airflow/example_dags/example_complex.py took 0.186 seconds
[2021-09-22 01:18:58,569] {processor.py:162} INFO - Started process (PID=41078) to work on /Users/daniel/sensor-data-ELT/dbt-env/lib/python3.7/site-packages/airflow/example_dags/example_complex.py
[2021-09-22 01:18:58,575] {processor.py:613} INFO - Processing file /Users/daniel/sensor-data-ELT/dbt-env/lib/python3.7/site-packages/airflow/example_dags/example_complex.py for tasks to queue
[2021-09-22 01:18:58,577] {logging_mixin.py:109} INFO - [2021-09-22 01:18:58,576] {dagbag.py:496} INFO - Filling up the DagBag from /Users/daniel/sensor-data-ELT/dbt-env/lib/python3.7/site-packages/airflow/example_dags/example_complex.py
[2021-09-22 01:18:58,638] {processor.py:623} INFO - DAG(s) dict_keys(['example_complex']) retrieved from /Users/daniel/sensor-data-ELT/dbt-env/lib/python3.7/site-packages/airflow/example_dags/example_complex.py
[2021-09-22 01:18:59,055] {logging_mixin.py:109} INFO - [2021-09-22 01:18:59,054] {dag.py:1834} INFO - Sync 1 DAGs
[2021-09-22 01:18:59,067] {logging_mixin.py:109} INFO - [2021-09-22 01:18:59,067] {dag.py:2287} INFO - Setting next_dagrun for example_complex to None
[2021-09-22 01:18:59,083] {processor.py:170} INFO - Processing /Users/daniel/sensor-data-ELT/dbt-env/lib/python3.7/site-packages/airflow/example_dags/example_complex.py took 0.525 seconds
