[2021-09-22 00:18:31,938] {processor.py:162} INFO - Started process (PID=37043) to work on /Users/daniel/sensor-data-ELT/dbt-env/lib/python3.7/site-packages/airflow/example_dags/example_short_circuit_operator.py
[2021-09-22 00:18:31,940] {processor.py:613} INFO - Processing file /Users/daniel/sensor-data-ELT/dbt-env/lib/python3.7/site-packages/airflow/example_dags/example_short_circuit_operator.py for tasks to queue
[2021-09-22 00:18:31,941] {logging_mixin.py:109} INFO - [2021-09-22 00:18:31,941] {dagbag.py:496} INFO - Filling up the DagBag from /Users/daniel/sensor-data-ELT/dbt-env/lib/python3.7/site-packages/airflow/example_dags/example_short_circuit_operator.py
[2021-09-22 00:18:31,960] {processor.py:623} INFO - DAG(s) dict_keys(['example_short_circuit_operator']) retrieved from /Users/daniel/sensor-data-ELT/dbt-env/lib/python3.7/site-packages/airflow/example_dags/example_short_circuit_operator.py
[2021-09-22 00:18:31,986] {logging_mixin.py:109} INFO - [2021-09-22 00:18:31,986] {dag.py:1834} INFO - Sync 1 DAGs
[2021-09-22 00:18:32,000] {logging_mixin.py:109} INFO - [2021-09-22 00:18:31,999] {dag.py:2287} INFO - Setting next_dagrun for example_short_circuit_operator to 2021-09-19 00:00:00+00:00
[2021-09-22 00:18:32,018] {processor.py:170} INFO - Processing /Users/daniel/sensor-data-ELT/dbt-env/lib/python3.7/site-packages/airflow/example_dags/example_short_circuit_operator.py took 0.085 seconds
[2021-09-22 00:19:07,077] {processor.py:162} INFO - Started process (PID=37124) to work on /Users/daniel/sensor-data-ELT/dbt-env/lib/python3.7/site-packages/airflow/example_dags/example_short_circuit_operator.py
[2021-09-22 00:19:07,079] {processor.py:613} INFO - Processing file /Users/daniel/sensor-data-ELT/dbt-env/lib/python3.7/site-packages/airflow/example_dags/example_short_circuit_operator.py for tasks to queue
[2021-09-22 00:19:07,080] {logging_mixin.py:109} INFO - [2021-09-22 00:19:07,080] {dagbag.py:496} INFO - Filling up the DagBag from /Users/daniel/sensor-data-ELT/dbt-env/lib/python3.7/site-packages/airflow/example_dags/example_short_circuit_operator.py
[2021-09-22 00:19:07,106] {processor.py:623} INFO - DAG(s) dict_keys(['example_short_circuit_operator']) retrieved from /Users/daniel/sensor-data-ELT/dbt-env/lib/python3.7/site-packages/airflow/example_dags/example_short_circuit_operator.py
[2021-09-22 00:19:07,136] {logging_mixin.py:109} INFO - [2021-09-22 00:19:07,136] {dag.py:1834} INFO - Sync 1 DAGs
[2021-09-22 00:19:07,156] {logging_mixin.py:109} INFO - [2021-09-22 00:19:07,156] {dag.py:2287} INFO - Setting next_dagrun for example_short_circuit_operator to 2021-09-19 00:00:00+00:00
[2021-09-22 00:19:07,169] {processor.py:170} INFO - Processing /Users/daniel/sensor-data-ELT/dbt-env/lib/python3.7/site-packages/airflow/example_dags/example_short_circuit_operator.py took 0.097 seconds
[2021-09-22 00:19:42,262] {processor.py:162} INFO - Started process (PID=37174) to work on /Users/daniel/sensor-data-ELT/dbt-env/lib/python3.7/site-packages/airflow/example_dags/example_short_circuit_operator.py
[2021-09-22 00:19:42,265] {processor.py:613} INFO - Processing file /Users/daniel/sensor-data-ELT/dbt-env/lib/python3.7/site-packages/airflow/example_dags/example_short_circuit_operator.py for tasks to queue
[2021-09-22 00:19:42,266] {logging_mixin.py:109} INFO - [2021-09-22 00:19:42,265] {dagbag.py:496} INFO - Filling up the DagBag from /Users/daniel/sensor-data-ELT/dbt-env/lib/python3.7/site-packages/airflow/example_dags/example_short_circuit_operator.py
[2021-09-22 00:19:42,286] {processor.py:623} INFO - DAG(s) dict_keys(['example_short_circuit_operator']) retrieved from /Users/daniel/sensor-data-ELT/dbt-env/lib/python3.7/site-packages/airflow/example_dags/example_short_circuit_operator.py
[2021-09-22 00:19:42,306] {logging_mixin.py:109} INFO - [2021-09-22 00:19:42,305] {dag.py:1834} INFO - Sync 1 DAGs
[2021-09-22 00:19:42,321] {logging_mixin.py:109} INFO - [2021-09-22 00:19:42,320] {dag.py:2287} INFO - Setting next_dagrun for example_short_circuit_operator to 2021-09-19 00:00:00+00:00
[2021-09-22 00:19:42,340] {processor.py:170} INFO - Processing /Users/daniel/sensor-data-ELT/dbt-env/lib/python3.7/site-packages/airflow/example_dags/example_short_circuit_operator.py took 0.082 seconds
[2021-09-22 00:20:19,498] {processor.py:162} INFO - Started process (PID=37591) to work on /Users/daniel/sensor-data-ELT/dbt-env/lib/python3.7/site-packages/airflow/example_dags/example_short_circuit_operator.py
[2021-09-22 00:20:19,501] {processor.py:613} INFO - Processing file /Users/daniel/sensor-data-ELT/dbt-env/lib/python3.7/site-packages/airflow/example_dags/example_short_circuit_operator.py for tasks to queue
[2021-09-22 00:20:19,502] {logging_mixin.py:109} INFO - [2021-09-22 00:20:19,502] {dagbag.py:496} INFO - Filling up the DagBag from /Users/daniel/sensor-data-ELT/dbt-env/lib/python3.7/site-packages/airflow/example_dags/example_short_circuit_operator.py
[2021-09-22 00:20:19,518] {processor.py:623} INFO - DAG(s) dict_keys(['example_short_circuit_operator']) retrieved from /Users/daniel/sensor-data-ELT/dbt-env/lib/python3.7/site-packages/airflow/example_dags/example_short_circuit_operator.py
[2021-09-22 00:20:19,535] {logging_mixin.py:109} INFO - [2021-09-22 00:20:19,535] {dag.py:1834} INFO - Sync 1 DAGs
[2021-09-22 00:20:19,547] {logging_mixin.py:109} INFO - [2021-09-22 00:20:19,547] {dag.py:2287} INFO - Setting next_dagrun for example_short_circuit_operator to 2021-09-19 00:00:00+00:00
[2021-09-22 00:20:19,559] {processor.py:170} INFO - Processing /Users/daniel/sensor-data-ELT/dbt-env/lib/python3.7/site-packages/airflow/example_dags/example_short_circuit_operator.py took 0.065 seconds
[2021-09-22 00:21:53,142] {processor.py:162} INFO - Started process (PID=38513) to work on /Users/daniel/sensor-data-ELT/dbt-env/lib/python3.7/site-packages/airflow/example_dags/example_short_circuit_operator.py
[2021-09-22 00:21:53,144] {processor.py:613} INFO - Processing file /Users/daniel/sensor-data-ELT/dbt-env/lib/python3.7/site-packages/airflow/example_dags/example_short_circuit_operator.py for tasks to queue
[2021-09-22 00:21:53,145] {logging_mixin.py:109} INFO - [2021-09-22 00:21:53,145] {dagbag.py:496} INFO - Filling up the DagBag from /Users/daniel/sensor-data-ELT/dbt-env/lib/python3.7/site-packages/airflow/example_dags/example_short_circuit_operator.py
[2021-09-22 00:21:53,159] {processor.py:623} INFO - DAG(s) dict_keys(['example_short_circuit_operator']) retrieved from /Users/daniel/sensor-data-ELT/dbt-env/lib/python3.7/site-packages/airflow/example_dags/example_short_circuit_operator.py
[2021-09-22 00:21:53,176] {logging_mixin.py:109} INFO - [2021-09-22 00:21:53,176] {dag.py:1834} INFO - Sync 1 DAGs
[2021-09-22 00:21:53,188] {logging_mixin.py:109} INFO - [2021-09-22 00:21:53,187] {dag.py:2287} INFO - Setting next_dagrun for example_short_circuit_operator to 2021-09-19 00:00:00+00:00
[2021-09-22 00:21:53,199] {processor.py:170} INFO - Processing /Users/daniel/sensor-data-ELT/dbt-env/lib/python3.7/site-packages/airflow/example_dags/example_short_circuit_operator.py took 0.062 seconds
[2021-09-22 00:22:29,546] {processor.py:162} INFO - Started process (PID=38598) to work on /Users/daniel/sensor-data-ELT/dbt-env/lib/python3.7/site-packages/airflow/example_dags/example_short_circuit_operator.py
[2021-09-22 00:22:29,550] {processor.py:613} INFO - Processing file /Users/daniel/sensor-data-ELT/dbt-env/lib/python3.7/site-packages/airflow/example_dags/example_short_circuit_operator.py for tasks to queue
[2021-09-22 00:22:29,553] {logging_mixin.py:109} INFO - [2021-09-22 00:22:29,552] {dagbag.py:496} INFO - Filling up the DagBag from /Users/daniel/sensor-data-ELT/dbt-env/lib/python3.7/site-packages/airflow/example_dags/example_short_circuit_operator.py
[2021-09-22 00:22:29,585] {processor.py:623} INFO - DAG(s) dict_keys(['example_short_circuit_operator']) retrieved from /Users/daniel/sensor-data-ELT/dbt-env/lib/python3.7/site-packages/airflow/example_dags/example_short_circuit_operator.py
[2021-09-22 00:22:29,619] {logging_mixin.py:109} INFO - [2021-09-22 00:22:29,618] {dag.py:1834} INFO - Sync 1 DAGs
[2021-09-22 00:22:29,650] {logging_mixin.py:109} INFO - [2021-09-22 00:22:29,649] {dag.py:2287} INFO - Setting next_dagrun for example_short_circuit_operator to 2021-09-19 00:00:00+00:00
[2021-09-22 00:22:29,671] {processor.py:170} INFO - Processing /Users/daniel/sensor-data-ELT/dbt-env/lib/python3.7/site-packages/airflow/example_dags/example_short_circuit_operator.py took 0.133 seconds
[2021-09-22 00:23:06,585] {processor.py:162} INFO - Started process (PID=38641) to work on /Users/daniel/sensor-data-ELT/dbt-env/lib/python3.7/site-packages/airflow/example_dags/example_short_circuit_operator.py
[2021-09-22 00:23:06,588] {processor.py:613} INFO - Processing file /Users/daniel/sensor-data-ELT/dbt-env/lib/python3.7/site-packages/airflow/example_dags/example_short_circuit_operator.py for tasks to queue
[2021-09-22 00:23:06,589] {logging_mixin.py:109} INFO - [2021-09-22 00:23:06,589] {dagbag.py:496} INFO - Filling up the DagBag from /Users/daniel/sensor-data-ELT/dbt-env/lib/python3.7/site-packages/airflow/example_dags/example_short_circuit_operator.py
[2021-09-22 00:23:06,619] {processor.py:623} INFO - DAG(s) dict_keys(['example_short_circuit_operator']) retrieved from /Users/daniel/sensor-data-ELT/dbt-env/lib/python3.7/site-packages/airflow/example_dags/example_short_circuit_operator.py
[2021-09-22 00:23:06,638] {logging_mixin.py:109} INFO - [2021-09-22 00:23:06,638] {dag.py:1834} INFO - Sync 1 DAGs
[2021-09-22 00:23:06,651] {logging_mixin.py:109} INFO - [2021-09-22 00:23:06,651] {dag.py:2287} INFO - Setting next_dagrun for example_short_circuit_operator to 2021-09-19 00:00:00+00:00
[2021-09-22 00:23:06,664] {processor.py:170} INFO - Processing /Users/daniel/sensor-data-ELT/dbt-env/lib/python3.7/site-packages/airflow/example_dags/example_short_circuit_operator.py took 0.084 seconds
[2021-09-22 00:23:41,900] {processor.py:162} INFO - Started process (PID=38703) to work on /Users/daniel/sensor-data-ELT/dbt-env/lib/python3.7/site-packages/airflow/example_dags/example_short_circuit_operator.py
[2021-09-22 00:23:41,902] {processor.py:613} INFO - Processing file /Users/daniel/sensor-data-ELT/dbt-env/lib/python3.7/site-packages/airflow/example_dags/example_short_circuit_operator.py for tasks to queue
[2021-09-22 00:23:41,904] {logging_mixin.py:109} INFO - [2021-09-22 00:23:41,903] {dagbag.py:496} INFO - Filling up the DagBag from /Users/daniel/sensor-data-ELT/dbt-env/lib/python3.7/site-packages/airflow/example_dags/example_short_circuit_operator.py
[2021-09-22 00:23:41,920] {processor.py:623} INFO - DAG(s) dict_keys(['example_short_circuit_operator']) retrieved from /Users/daniel/sensor-data-ELT/dbt-env/lib/python3.7/site-packages/airflow/example_dags/example_short_circuit_operator.py
[2021-09-22 00:23:41,937] {logging_mixin.py:109} INFO - [2021-09-22 00:23:41,937] {dag.py:1834} INFO - Sync 1 DAGs
[2021-09-22 00:23:41,950] {logging_mixin.py:109} INFO - [2021-09-22 00:23:41,950] {dag.py:2287} INFO - Setting next_dagrun for example_short_circuit_operator to 2021-09-19 00:00:00+00:00
[2021-09-22 00:23:41,961] {processor.py:170} INFO - Processing /Users/daniel/sensor-data-ELT/dbt-env/lib/python3.7/site-packages/airflow/example_dags/example_short_circuit_operator.py took 0.066 seconds
[2021-09-22 00:24:18,384] {processor.py:162} INFO - Started process (PID=38787) to work on /Users/daniel/sensor-data-ELT/dbt-env/lib/python3.7/site-packages/airflow/example_dags/example_short_circuit_operator.py
[2021-09-22 00:24:18,389] {processor.py:613} INFO - Processing file /Users/daniel/sensor-data-ELT/dbt-env/lib/python3.7/site-packages/airflow/example_dags/example_short_circuit_operator.py for tasks to queue
[2021-09-22 00:24:18,390] {logging_mixin.py:109} INFO - [2021-09-22 00:24:18,389] {dagbag.py:496} INFO - Filling up the DagBag from /Users/daniel/sensor-data-ELT/dbt-env/lib/python3.7/site-packages/airflow/example_dags/example_short_circuit_operator.py
[2021-09-22 00:24:18,415] {processor.py:623} INFO - DAG(s) dict_keys(['example_short_circuit_operator']) retrieved from /Users/daniel/sensor-data-ELT/dbt-env/lib/python3.7/site-packages/airflow/example_dags/example_short_circuit_operator.py
[2021-09-22 00:24:18,443] {logging_mixin.py:109} INFO - [2021-09-22 00:24:18,443] {dag.py:1834} INFO - Sync 1 DAGs
[2021-09-22 00:24:18,464] {logging_mixin.py:109} INFO - [2021-09-22 00:24:18,464] {dag.py:2287} INFO - Setting next_dagrun for example_short_circuit_operator to 2021-09-19 00:00:00+00:00
[2021-09-22 00:24:18,481] {processor.py:170} INFO - Processing /Users/daniel/sensor-data-ELT/dbt-env/lib/python3.7/site-packages/airflow/example_dags/example_short_circuit_operator.py took 0.106 seconds
[2021-09-22 00:34:02,743] {processor.py:162} INFO - Started process (PID=39122) to work on /Users/daniel/sensor-data-ELT/dbt-env/lib/python3.7/site-packages/airflow/example_dags/example_short_circuit_operator.py
[2021-09-22 00:34:02,746] {processor.py:613} INFO - Processing file /Users/daniel/sensor-data-ELT/dbt-env/lib/python3.7/site-packages/airflow/example_dags/example_short_circuit_operator.py for tasks to queue
[2021-09-22 00:34:02,747] {logging_mixin.py:109} INFO - [2021-09-22 00:34:02,747] {dagbag.py:496} INFO - Filling up the DagBag from /Users/daniel/sensor-data-ELT/dbt-env/lib/python3.7/site-packages/airflow/example_dags/example_short_circuit_operator.py
[2021-09-22 00:34:02,762] {processor.py:623} INFO - DAG(s) dict_keys(['example_short_circuit_operator']) retrieved from /Users/daniel/sensor-data-ELT/dbt-env/lib/python3.7/site-packages/airflow/example_dags/example_short_circuit_operator.py
[2021-09-22 00:34:02,779] {logging_mixin.py:109} INFO - [2021-09-22 00:34:02,778] {dag.py:1834} INFO - Sync 1 DAGs
[2021-09-22 00:34:02,792] {logging_mixin.py:109} INFO - [2021-09-22 00:34:02,791] {dag.py:2287} INFO - Setting next_dagrun for example_short_circuit_operator to 2021-09-19 00:00:00+00:00
[2021-09-22 00:34:02,805] {processor.py:170} INFO - Processing /Users/daniel/sensor-data-ELT/dbt-env/lib/python3.7/site-packages/airflow/example_dags/example_short_circuit_operator.py took 0.066 seconds
[2021-09-22 00:34:35,645] {processor.py:162} INFO - Started process (PID=39212) to work on /Users/daniel/sensor-data-ELT/dbt-env/lib/python3.7/site-packages/airflow/example_dags/example_short_circuit_operator.py
[2021-09-22 00:34:35,648] {processor.py:613} INFO - Processing file /Users/daniel/sensor-data-ELT/dbt-env/lib/python3.7/site-packages/airflow/example_dags/example_short_circuit_operator.py for tasks to queue
[2021-09-22 00:34:35,649] {logging_mixin.py:109} INFO - [2021-09-22 00:34:35,649] {dagbag.py:496} INFO - Filling up the DagBag from /Users/daniel/sensor-data-ELT/dbt-env/lib/python3.7/site-packages/airflow/example_dags/example_short_circuit_operator.py
[2021-09-22 00:34:35,697] {processor.py:623} INFO - DAG(s) dict_keys(['example_short_circuit_operator']) retrieved from /Users/daniel/sensor-data-ELT/dbt-env/lib/python3.7/site-packages/airflow/example_dags/example_short_circuit_operator.py
[2021-09-22 00:34:35,724] {logging_mixin.py:109} INFO - [2021-09-22 00:34:35,723] {dag.py:1834} INFO - Sync 1 DAGs
[2021-09-22 00:34:35,743] {logging_mixin.py:109} INFO - [2021-09-22 00:34:35,742] {dag.py:2287} INFO - Setting next_dagrun for example_short_circuit_operator to 2021-09-19 00:00:00+00:00
[2021-09-22 00:34:35,763] {processor.py:170} INFO - Processing /Users/daniel/sensor-data-ELT/dbt-env/lib/python3.7/site-packages/airflow/example_dags/example_short_circuit_operator.py took 0.130 seconds
[2021-09-22 00:35:12,635] {processor.py:162} INFO - Started process (PID=39246) to work on /Users/daniel/sensor-data-ELT/dbt-env/lib/python3.7/site-packages/airflow/example_dags/example_short_circuit_operator.py
[2021-09-22 00:35:12,639] {processor.py:613} INFO - Processing file /Users/daniel/sensor-data-ELT/dbt-env/lib/python3.7/site-packages/airflow/example_dags/example_short_circuit_operator.py for tasks to queue
[2021-09-22 00:35:12,640] {logging_mixin.py:109} INFO - [2021-09-22 00:35:12,640] {dagbag.py:496} INFO - Filling up the DagBag from /Users/daniel/sensor-data-ELT/dbt-env/lib/python3.7/site-packages/airflow/example_dags/example_short_circuit_operator.py
[2021-09-22 00:35:12,662] {processor.py:623} INFO - DAG(s) dict_keys(['example_short_circuit_operator']) retrieved from /Users/daniel/sensor-data-ELT/dbt-env/lib/python3.7/site-packages/airflow/example_dags/example_short_circuit_operator.py
[2021-09-22 00:35:12,683] {logging_mixin.py:109} INFO - [2021-09-22 00:35:12,682] {dag.py:1834} INFO - Sync 1 DAGs
[2021-09-22 00:35:12,695] {logging_mixin.py:109} INFO - [2021-09-22 00:35:12,694] {dag.py:2287} INFO - Setting next_dagrun for example_short_circuit_operator to 2021-09-19 00:00:00+00:00
[2021-09-22 00:35:12,705] {processor.py:170} INFO - Processing /Users/daniel/sensor-data-ELT/dbt-env/lib/python3.7/site-packages/airflow/example_dags/example_short_circuit_operator.py took 0.075 seconds
[2021-09-22 00:35:46,042] {processor.py:162} INFO - Started process (PID=39278) to work on /Users/daniel/sensor-data-ELT/dbt-env/lib/python3.7/site-packages/airflow/example_dags/example_short_circuit_operator.py
[2021-09-22 00:35:46,046] {processor.py:613} INFO - Processing file /Users/daniel/sensor-data-ELT/dbt-env/lib/python3.7/site-packages/airflow/example_dags/example_short_circuit_operator.py for tasks to queue
[2021-09-22 00:35:46,048] {logging_mixin.py:109} INFO - [2021-09-22 00:35:46,048] {dagbag.py:496} INFO - Filling up the DagBag from /Users/daniel/sensor-data-ELT/dbt-env/lib/python3.7/site-packages/airflow/example_dags/example_short_circuit_operator.py
[2021-09-22 00:35:46,070] {processor.py:623} INFO - DAG(s) dict_keys(['example_short_circuit_operator']) retrieved from /Users/daniel/sensor-data-ELT/dbt-env/lib/python3.7/site-packages/airflow/example_dags/example_short_circuit_operator.py
[2021-09-22 00:35:46,090] {logging_mixin.py:109} INFO - [2021-09-22 00:35:46,089] {dag.py:1834} INFO - Sync 1 DAGs
[2021-09-22 00:35:46,104] {logging_mixin.py:109} INFO - [2021-09-22 00:35:46,103] {dag.py:2287} INFO - Setting next_dagrun for example_short_circuit_operator to 2021-09-19 00:00:00+00:00
[2021-09-22 00:35:46,116] {processor.py:170} INFO - Processing /Users/daniel/sensor-data-ELT/dbt-env/lib/python3.7/site-packages/airflow/example_dags/example_short_circuit_operator.py took 0.079 seconds
[2021-09-22 00:36:18,660] {processor.py:162} INFO - Started process (PID=39310) to work on /Users/daniel/sensor-data-ELT/dbt-env/lib/python3.7/site-packages/airflow/example_dags/example_short_circuit_operator.py
[2021-09-22 00:36:18,664] {processor.py:613} INFO - Processing file /Users/daniel/sensor-data-ELT/dbt-env/lib/python3.7/site-packages/airflow/example_dags/example_short_circuit_operator.py for tasks to queue
[2021-09-22 00:36:18,665] {logging_mixin.py:109} INFO - [2021-09-22 00:36:18,665] {dagbag.py:496} INFO - Filling up the DagBag from /Users/daniel/sensor-data-ELT/dbt-env/lib/python3.7/site-packages/airflow/example_dags/example_short_circuit_operator.py
[2021-09-22 00:36:18,691] {processor.py:623} INFO - DAG(s) dict_keys(['example_short_circuit_operator']) retrieved from /Users/daniel/sensor-data-ELT/dbt-env/lib/python3.7/site-packages/airflow/example_dags/example_short_circuit_operator.py
[2021-09-22 00:36:18,715] {logging_mixin.py:109} INFO - [2021-09-22 00:36:18,714] {dag.py:1834} INFO - Sync 1 DAGs
[2021-09-22 00:36:18,729] {logging_mixin.py:109} INFO - [2021-09-22 00:36:18,729] {dag.py:2287} INFO - Setting next_dagrun for example_short_circuit_operator to 2021-09-19 00:00:00+00:00
[2021-09-22 00:36:18,742] {processor.py:170} INFO - Processing /Users/daniel/sensor-data-ELT/dbt-env/lib/python3.7/site-packages/airflow/example_dags/example_short_circuit_operator.py took 0.086 seconds
[2021-09-22 00:36:54,021] {processor.py:162} INFO - Started process (PID=39378) to work on /Users/daniel/sensor-data-ELT/dbt-env/lib/python3.7/site-packages/airflow/example_dags/example_short_circuit_operator.py
[2021-09-22 00:36:54,023] {processor.py:613} INFO - Processing file /Users/daniel/sensor-data-ELT/dbt-env/lib/python3.7/site-packages/airflow/example_dags/example_short_circuit_operator.py for tasks to queue
[2021-09-22 00:36:54,024] {logging_mixin.py:109} INFO - [2021-09-22 00:36:54,024] {dagbag.py:496} INFO - Filling up the DagBag from /Users/daniel/sensor-data-ELT/dbt-env/lib/python3.7/site-packages/airflow/example_dags/example_short_circuit_operator.py
[2021-09-22 00:36:54,042] {processor.py:623} INFO - DAG(s) dict_keys(['example_short_circuit_operator']) retrieved from /Users/daniel/sensor-data-ELT/dbt-env/lib/python3.7/site-packages/airflow/example_dags/example_short_circuit_operator.py
[2021-09-22 00:36:54,059] {logging_mixin.py:109} INFO - [2021-09-22 00:36:54,058] {dag.py:1834} INFO - Sync 1 DAGs
[2021-09-22 00:36:54,076] {logging_mixin.py:109} INFO - [2021-09-22 00:36:54,075] {dag.py:2287} INFO - Setting next_dagrun for example_short_circuit_operator to 2021-09-19 00:00:00+00:00
[2021-09-22 00:36:54,093] {processor.py:170} INFO - Processing /Users/daniel/sensor-data-ELT/dbt-env/lib/python3.7/site-packages/airflow/example_dags/example_short_circuit_operator.py took 0.076 seconds
[2021-09-22 00:37:28,241] {processor.py:162} INFO - Started process (PID=39452) to work on /Users/daniel/sensor-data-ELT/dbt-env/lib/python3.7/site-packages/airflow/example_dags/example_short_circuit_operator.py
[2021-09-22 00:37:28,243] {processor.py:613} INFO - Processing file /Users/daniel/sensor-data-ELT/dbt-env/lib/python3.7/site-packages/airflow/example_dags/example_short_circuit_operator.py for tasks to queue
[2021-09-22 00:37:28,244] {logging_mixin.py:109} INFO - [2021-09-22 00:37:28,244] {dagbag.py:496} INFO - Filling up the DagBag from /Users/daniel/sensor-data-ELT/dbt-env/lib/python3.7/site-packages/airflow/example_dags/example_short_circuit_operator.py
[2021-09-22 00:37:28,260] {processor.py:623} INFO - DAG(s) dict_keys(['example_short_circuit_operator']) retrieved from /Users/daniel/sensor-data-ELT/dbt-env/lib/python3.7/site-packages/airflow/example_dags/example_short_circuit_operator.py
[2021-09-22 00:37:28,279] {logging_mixin.py:109} INFO - [2021-09-22 00:37:28,278] {dag.py:1834} INFO - Sync 1 DAGs
[2021-09-22 00:37:28,294] {logging_mixin.py:109} INFO - [2021-09-22 00:37:28,294] {dag.py:2287} INFO - Setting next_dagrun for example_short_circuit_operator to 2021-09-19 00:00:00+00:00
[2021-09-22 00:37:28,308] {processor.py:170} INFO - Processing /Users/daniel/sensor-data-ELT/dbt-env/lib/python3.7/site-packages/airflow/example_dags/example_short_circuit_operator.py took 0.072 seconds
[2021-09-22 00:38:02,374] {processor.py:162} INFO - Started process (PID=39543) to work on /Users/daniel/sensor-data-ELT/dbt-env/lib/python3.7/site-packages/airflow/example_dags/example_short_circuit_operator.py
[2021-09-22 00:38:02,377] {processor.py:613} INFO - Processing file /Users/daniel/sensor-data-ELT/dbt-env/lib/python3.7/site-packages/airflow/example_dags/example_short_circuit_operator.py for tasks to queue
[2021-09-22 00:38:02,379] {logging_mixin.py:109} INFO - [2021-09-22 00:38:02,378] {dagbag.py:496} INFO - Filling up the DagBag from /Users/daniel/sensor-data-ELT/dbt-env/lib/python3.7/site-packages/airflow/example_dags/example_short_circuit_operator.py
[2021-09-22 00:38:02,404] {processor.py:623} INFO - DAG(s) dict_keys(['example_short_circuit_operator']) retrieved from /Users/daniel/sensor-data-ELT/dbt-env/lib/python3.7/site-packages/airflow/example_dags/example_short_circuit_operator.py
[2021-09-22 00:38:02,429] {logging_mixin.py:109} INFO - [2021-09-22 00:38:02,429] {dag.py:1834} INFO - Sync 1 DAGs
[2021-09-22 00:38:02,447] {logging_mixin.py:109} INFO - [2021-09-22 00:38:02,446] {dag.py:2287} INFO - Setting next_dagrun for example_short_circuit_operator to 2021-09-19 00:00:00+00:00
[2021-09-22 00:38:02,462] {processor.py:170} INFO - Processing /Users/daniel/sensor-data-ELT/dbt-env/lib/python3.7/site-packages/airflow/example_dags/example_short_circuit_operator.py took 0.097 seconds
[2021-09-22 00:38:37,762] {processor.py:162} INFO - Started process (PID=39584) to work on /Users/daniel/sensor-data-ELT/dbt-env/lib/python3.7/site-packages/airflow/example_dags/example_short_circuit_operator.py
[2021-09-22 00:38:37,765] {processor.py:613} INFO - Processing file /Users/daniel/sensor-data-ELT/dbt-env/lib/python3.7/site-packages/airflow/example_dags/example_short_circuit_operator.py for tasks to queue
[2021-09-22 00:38:37,767] {logging_mixin.py:109} INFO - [2021-09-22 00:38:37,766] {dagbag.py:496} INFO - Filling up the DagBag from /Users/daniel/sensor-data-ELT/dbt-env/lib/python3.7/site-packages/airflow/example_dags/example_short_circuit_operator.py
[2021-09-22 00:38:37,799] {processor.py:623} INFO - DAG(s) dict_keys(['example_short_circuit_operator']) retrieved from /Users/daniel/sensor-data-ELT/dbt-env/lib/python3.7/site-packages/airflow/example_dags/example_short_circuit_operator.py
[2021-09-22 00:38:37,839] {logging_mixin.py:109} INFO - [2021-09-22 00:38:37,839] {dag.py:1834} INFO - Sync 1 DAGs
[2021-09-22 00:38:37,863] {logging_mixin.py:109} INFO - [2021-09-22 00:38:37,863] {dag.py:2287} INFO - Setting next_dagrun for example_short_circuit_operator to 2021-09-19 00:00:00+00:00
[2021-09-22 00:38:37,877] {processor.py:170} INFO - Processing /Users/daniel/sensor-data-ELT/dbt-env/lib/python3.7/site-packages/airflow/example_dags/example_short_circuit_operator.py took 0.125 seconds
[2021-09-22 01:18:31,081] {processor.py:162} INFO - Started process (PID=41006) to work on /Users/daniel/sensor-data-ELT/dbt-env/lib/python3.7/site-packages/airflow/example_dags/example_short_circuit_operator.py
[2021-09-22 01:18:31,084] {processor.py:613} INFO - Processing file /Users/daniel/sensor-data-ELT/dbt-env/lib/python3.7/site-packages/airflow/example_dags/example_short_circuit_operator.py for tasks to queue
[2021-09-22 01:18:31,085] {logging_mixin.py:109} INFO - [2021-09-22 01:18:31,085] {dagbag.py:496} INFO - Filling up the DagBag from /Users/daniel/sensor-data-ELT/dbt-env/lib/python3.7/site-packages/airflow/example_dags/example_short_circuit_operator.py
[2021-09-22 01:18:31,098] {processor.py:623} INFO - DAG(s) dict_keys(['example_short_circuit_operator']) retrieved from /Users/daniel/sensor-data-ELT/dbt-env/lib/python3.7/site-packages/airflow/example_dags/example_short_circuit_operator.py
[2021-09-22 01:18:31,114] {logging_mixin.py:109} INFO - [2021-09-22 01:18:31,114] {dag.py:1834} INFO - Sync 1 DAGs
[2021-09-22 01:18:31,128] {logging_mixin.py:109} INFO - [2021-09-22 01:18:31,127] {dag.py:2287} INFO - Setting next_dagrun for example_short_circuit_operator to 2021-09-19 00:00:00+00:00
[2021-09-22 01:18:31,232] {processor.py:170} INFO - Processing /Users/daniel/sensor-data-ELT/dbt-env/lib/python3.7/site-packages/airflow/example_dags/example_short_circuit_operator.py took 0.155 seconds
