[2021-09-22 00:18:19,046] {processor.py:162} INFO - Started process (PID=37024) to work on /Users/daniel/sensor-data-ELT/dbt-env/lib/python3.7/site-packages/airflow/example_dags/example_branch_python_dop_operator_3.py
[2021-09-22 00:18:19,050] {processor.py:613} INFO - Processing file /Users/daniel/sensor-data-ELT/dbt-env/lib/python3.7/site-packages/airflow/example_dags/example_branch_python_dop_operator_3.py for tasks to queue
[2021-09-22 00:18:19,052] {logging_mixin.py:109} INFO - [2021-09-22 00:18:19,052] {dagbag.py:496} INFO - Filling up the DagBag from /Users/daniel/sensor-data-ELT/dbt-env/lib/python3.7/site-packages/airflow/example_dags/example_branch_python_dop_operator_3.py
[2021-09-22 00:18:19,089] {processor.py:623} INFO - DAG(s) dict_keys(['example_branch_dop_operator_v3']) retrieved from /Users/daniel/sensor-data-ELT/dbt-env/lib/python3.7/site-packages/airflow/example_dags/example_branch_python_dop_operator_3.py
[2021-09-22 00:18:19,121] {logging_mixin.py:109} INFO - [2021-09-22 00:18:19,119] {dag.py:1834} INFO - Sync 1 DAGs
[2021-09-22 00:18:19,171] {logging_mixin.py:109} INFO - [2021-09-22 00:18:19,171] {dag.py:2287} INFO - Setting next_dagrun for example_branch_dop_operator_v3 to 2021-09-19 00:00:00+00:00
[2021-09-22 00:18:19,188] {processor.py:170} INFO - Processing /Users/daniel/sensor-data-ELT/dbt-env/lib/python3.7/site-packages/airflow/example_dags/example_branch_python_dop_operator_3.py took 0.149 seconds
[2021-09-22 00:18:53,927] {processor.py:162} INFO - Started process (PID=37090) to work on /Users/daniel/sensor-data-ELT/dbt-env/lib/python3.7/site-packages/airflow/example_dags/example_branch_python_dop_operator_3.py
[2021-09-22 00:18:53,928] {processor.py:613} INFO - Processing file /Users/daniel/sensor-data-ELT/dbt-env/lib/python3.7/site-packages/airflow/example_dags/example_branch_python_dop_operator_3.py for tasks to queue
[2021-09-22 00:18:53,929] {logging_mixin.py:109} INFO - [2021-09-22 00:18:53,929] {dagbag.py:496} INFO - Filling up the DagBag from /Users/daniel/sensor-data-ELT/dbt-env/lib/python3.7/site-packages/airflow/example_dags/example_branch_python_dop_operator_3.py
[2021-09-22 00:18:53,948] {processor.py:623} INFO - DAG(s) dict_keys(['example_branch_dop_operator_v3']) retrieved from /Users/daniel/sensor-data-ELT/dbt-env/lib/python3.7/site-packages/airflow/example_dags/example_branch_python_dop_operator_3.py
[2021-09-22 00:18:53,964] {logging_mixin.py:109} INFO - [2021-09-22 00:18:53,964] {dag.py:1834} INFO - Sync 1 DAGs
[2021-09-22 00:18:53,999] {logging_mixin.py:109} INFO - [2021-09-22 00:18:53,999] {dag.py:2287} INFO - Setting next_dagrun for example_branch_dop_operator_v3 to 2021-09-19 00:00:00+00:00
[2021-09-22 00:18:54,010] {processor.py:170} INFO - Processing /Users/daniel/sensor-data-ELT/dbt-env/lib/python3.7/site-packages/airflow/example_dags/example_branch_python_dop_operator_3.py took 0.088 seconds
[2021-09-22 00:19:29,922] {processor.py:162} INFO - Started process (PID=37163) to work on /Users/daniel/sensor-data-ELT/dbt-env/lib/python3.7/site-packages/airflow/example_dags/example_branch_python_dop_operator_3.py
[2021-09-22 00:19:29,925] {processor.py:613} INFO - Processing file /Users/daniel/sensor-data-ELT/dbt-env/lib/python3.7/site-packages/airflow/example_dags/example_branch_python_dop_operator_3.py for tasks to queue
[2021-09-22 00:19:29,926] {logging_mixin.py:109} INFO - [2021-09-22 00:19:29,926] {dagbag.py:496} INFO - Filling up the DagBag from /Users/daniel/sensor-data-ELT/dbt-env/lib/python3.7/site-packages/airflow/example_dags/example_branch_python_dop_operator_3.py
[2021-09-22 00:19:29,946] {processor.py:623} INFO - DAG(s) dict_keys(['example_branch_dop_operator_v3']) retrieved from /Users/daniel/sensor-data-ELT/dbt-env/lib/python3.7/site-packages/airflow/example_dags/example_branch_python_dop_operator_3.py
[2021-09-22 00:19:29,967] {logging_mixin.py:109} INFO - [2021-09-22 00:19:29,967] {dag.py:1834} INFO - Sync 1 DAGs
[2021-09-22 00:19:30,001] {logging_mixin.py:109} INFO - [2021-09-22 00:19:30,001] {dag.py:2287} INFO - Setting next_dagrun for example_branch_dop_operator_v3 to 2021-09-19 00:00:00+00:00
[2021-09-22 00:19:30,019] {processor.py:170} INFO - Processing /Users/daniel/sensor-data-ELT/dbt-env/lib/python3.7/site-packages/airflow/example_dags/example_branch_python_dop_operator_3.py took 0.102 seconds
[2021-09-22 00:20:06,359] {processor.py:162} INFO - Started process (PID=37580) to work on /Users/daniel/sensor-data-ELT/dbt-env/lib/python3.7/site-packages/airflow/example_dags/example_branch_python_dop_operator_3.py
[2021-09-22 00:20:06,362] {processor.py:613} INFO - Processing file /Users/daniel/sensor-data-ELT/dbt-env/lib/python3.7/site-packages/airflow/example_dags/example_branch_python_dop_operator_3.py for tasks to queue
[2021-09-22 00:20:06,365] {logging_mixin.py:109} INFO - [2021-09-22 00:20:06,365] {dagbag.py:496} INFO - Filling up the DagBag from /Users/daniel/sensor-data-ELT/dbt-env/lib/python3.7/site-packages/airflow/example_dags/example_branch_python_dop_operator_3.py
[2021-09-22 00:20:06,390] {processor.py:623} INFO - DAG(s) dict_keys(['example_branch_dop_operator_v3']) retrieved from /Users/daniel/sensor-data-ELT/dbt-env/lib/python3.7/site-packages/airflow/example_dags/example_branch_python_dop_operator_3.py
[2021-09-22 00:20:06,417] {logging_mixin.py:109} INFO - [2021-09-22 00:20:06,417] {dag.py:1834} INFO - Sync 1 DAGs
[2021-09-22 00:20:06,457] {logging_mixin.py:109} INFO - [2021-09-22 00:20:06,457] {dag.py:2287} INFO - Setting next_dagrun for example_branch_dop_operator_v3 to 2021-09-19 00:00:00+00:00
[2021-09-22 00:20:06,475] {processor.py:170} INFO - Processing /Users/daniel/sensor-data-ELT/dbt-env/lib/python3.7/site-packages/airflow/example_dags/example_branch_python_dop_operator_3.py took 0.122 seconds
[2021-09-22 00:20:43,446] {processor.py:162} INFO - Started process (PID=38342) to work on /Users/daniel/sensor-data-ELT/dbt-env/lib/python3.7/site-packages/airflow/example_dags/example_branch_python_dop_operator_3.py
[2021-09-22 00:20:43,450] {processor.py:613} INFO - Processing file /Users/daniel/sensor-data-ELT/dbt-env/lib/python3.7/site-packages/airflow/example_dags/example_branch_python_dop_operator_3.py for tasks to queue
[2021-09-22 00:20:43,453] {logging_mixin.py:109} INFO - [2021-09-22 00:20:43,452] {dagbag.py:496} INFO - Filling up the DagBag from /Users/daniel/sensor-data-ELT/dbt-env/lib/python3.7/site-packages/airflow/example_dags/example_branch_python_dop_operator_3.py
[2021-09-22 00:20:43,494] {processor.py:623} INFO - DAG(s) dict_keys(['example_branch_dop_operator_v3']) retrieved from /Users/daniel/sensor-data-ELT/dbt-env/lib/python3.7/site-packages/airflow/example_dags/example_branch_python_dop_operator_3.py
[2021-09-22 00:20:43,525] {logging_mixin.py:109} INFO - [2021-09-22 00:20:43,525] {dag.py:1834} INFO - Sync 1 DAGs
[2021-09-22 00:20:43,605] {logging_mixin.py:109} INFO - [2021-09-22 00:20:43,604] {dag.py:2287} INFO - Setting next_dagrun for example_branch_dop_operator_v3 to 2021-09-19 00:00:00+00:00
[2021-09-22 00:20:43,622] {processor.py:170} INFO - Processing /Users/daniel/sensor-data-ELT/dbt-env/lib/python3.7/site-packages/airflow/example_dags/example_branch_python_dop_operator_3.py took 0.182 seconds
[2021-09-22 00:21:41,368] {processor.py:162} INFO - Started process (PID=38487) to work on /Users/daniel/sensor-data-ELT/dbt-env/lib/python3.7/site-packages/airflow/example_dags/example_branch_python_dop_operator_3.py
[2021-09-22 00:21:41,370] {processor.py:613} INFO - Processing file /Users/daniel/sensor-data-ELT/dbt-env/lib/python3.7/site-packages/airflow/example_dags/example_branch_python_dop_operator_3.py for tasks to queue
[2021-09-22 00:21:41,371] {logging_mixin.py:109} INFO - [2021-09-22 00:21:41,371] {dagbag.py:496} INFO - Filling up the DagBag from /Users/daniel/sensor-data-ELT/dbt-env/lib/python3.7/site-packages/airflow/example_dags/example_branch_python_dop_operator_3.py
[2021-09-22 00:21:41,388] {processor.py:623} INFO - DAG(s) dict_keys(['example_branch_dop_operator_v3']) retrieved from /Users/daniel/sensor-data-ELT/dbt-env/lib/python3.7/site-packages/airflow/example_dags/example_branch_python_dop_operator_3.py
[2021-09-22 00:21:41,405] {logging_mixin.py:109} INFO - [2021-09-22 00:21:41,405] {dag.py:1834} INFO - Sync 1 DAGs
[2021-09-22 00:21:41,434] {logging_mixin.py:109} INFO - [2021-09-22 00:21:41,433] {dag.py:2287} INFO - Setting next_dagrun for example_branch_dop_operator_v3 to 2021-09-19 00:00:00+00:00
[2021-09-22 00:21:41,445] {processor.py:170} INFO - Processing /Users/daniel/sensor-data-ELT/dbt-env/lib/python3.7/site-packages/airflow/example_dags/example_branch_python_dop_operator_3.py took 0.080 seconds
[2021-09-22 00:22:15,515] {processor.py:162} INFO - Started process (PID=38572) to work on /Users/daniel/sensor-data-ELT/dbt-env/lib/python3.7/site-packages/airflow/example_dags/example_branch_python_dop_operator_3.py
[2021-09-22 00:22:15,517] {processor.py:613} INFO - Processing file /Users/daniel/sensor-data-ELT/dbt-env/lib/python3.7/site-packages/airflow/example_dags/example_branch_python_dop_operator_3.py for tasks to queue
[2021-09-22 00:22:15,518] {logging_mixin.py:109} INFO - [2021-09-22 00:22:15,518] {dagbag.py:496} INFO - Filling up the DagBag from /Users/daniel/sensor-data-ELT/dbt-env/lib/python3.7/site-packages/airflow/example_dags/example_branch_python_dop_operator_3.py
[2021-09-22 00:22:15,534] {processor.py:623} INFO - DAG(s) dict_keys(['example_branch_dop_operator_v3']) retrieved from /Users/daniel/sensor-data-ELT/dbt-env/lib/python3.7/site-packages/airflow/example_dags/example_branch_python_dop_operator_3.py
[2021-09-22 00:22:15,551] {logging_mixin.py:109} INFO - [2021-09-22 00:22:15,550] {dag.py:1834} INFO - Sync 1 DAGs
[2021-09-22 00:22:15,585] {logging_mixin.py:109} INFO - [2021-09-22 00:22:15,585] {dag.py:2287} INFO - Setting next_dagrun for example_branch_dop_operator_v3 to 2021-09-19 00:00:00+00:00
[2021-09-22 00:22:15,596] {processor.py:170} INFO - Processing /Users/daniel/sensor-data-ELT/dbt-env/lib/python3.7/site-packages/airflow/example_dags/example_branch_python_dop_operator_3.py took 0.085 seconds
[2021-09-22 00:22:54,964] {processor.py:162} INFO - Started process (PID=38630) to work on /Users/daniel/sensor-data-ELT/dbt-env/lib/python3.7/site-packages/airflow/example_dags/example_branch_python_dop_operator_3.py
[2021-09-22 00:22:54,967] {processor.py:613} INFO - Processing file /Users/daniel/sensor-data-ELT/dbt-env/lib/python3.7/site-packages/airflow/example_dags/example_branch_python_dop_operator_3.py for tasks to queue
[2021-09-22 00:22:54,968] {logging_mixin.py:109} INFO - [2021-09-22 00:22:54,968] {dagbag.py:496} INFO - Filling up the DagBag from /Users/daniel/sensor-data-ELT/dbt-env/lib/python3.7/site-packages/airflow/example_dags/example_branch_python_dop_operator_3.py
[2021-09-22 00:22:54,991] {processor.py:623} INFO - DAG(s) dict_keys(['example_branch_dop_operator_v3']) retrieved from /Users/daniel/sensor-data-ELT/dbt-env/lib/python3.7/site-packages/airflow/example_dags/example_branch_python_dop_operator_3.py
[2021-09-22 00:22:55,019] {logging_mixin.py:109} INFO - [2021-09-22 00:22:55,018] {dag.py:1834} INFO - Sync 1 DAGs
[2021-09-22 00:22:55,067] {logging_mixin.py:109} INFO - [2021-09-22 00:22:55,067] {dag.py:2287} INFO - Setting next_dagrun for example_branch_dop_operator_v3 to 2021-09-19 00:00:00+00:00
[2021-09-22 00:22:55,088] {processor.py:170} INFO - Processing /Users/daniel/sensor-data-ELT/dbt-env/lib/python3.7/site-packages/airflow/example_dags/example_branch_python_dop_operator_3.py took 0.129 seconds
[2021-09-22 00:23:30,199] {processor.py:162} INFO - Started process (PID=38680) to work on /Users/daniel/sensor-data-ELT/dbt-env/lib/python3.7/site-packages/airflow/example_dags/example_branch_python_dop_operator_3.py
[2021-09-22 00:23:30,202] {processor.py:613} INFO - Processing file /Users/daniel/sensor-data-ELT/dbt-env/lib/python3.7/site-packages/airflow/example_dags/example_branch_python_dop_operator_3.py for tasks to queue
[2021-09-22 00:23:30,203] {logging_mixin.py:109} INFO - [2021-09-22 00:23:30,203] {dagbag.py:496} INFO - Filling up the DagBag from /Users/daniel/sensor-data-ELT/dbt-env/lib/python3.7/site-packages/airflow/example_dags/example_branch_python_dop_operator_3.py
[2021-09-22 00:23:30,223] {processor.py:623} INFO - DAG(s) dict_keys(['example_branch_dop_operator_v3']) retrieved from /Users/daniel/sensor-data-ELT/dbt-env/lib/python3.7/site-packages/airflow/example_dags/example_branch_python_dop_operator_3.py
[2021-09-22 00:23:30,239] {logging_mixin.py:109} INFO - [2021-09-22 00:23:30,239] {dag.py:1834} INFO - Sync 1 DAGs
[2021-09-22 00:23:30,268] {logging_mixin.py:109} INFO - [2021-09-22 00:23:30,268] {dag.py:2287} INFO - Setting next_dagrun for example_branch_dop_operator_v3 to 2021-09-19 00:00:00+00:00
[2021-09-22 00:23:30,282] {processor.py:170} INFO - Processing /Users/daniel/sensor-data-ELT/dbt-env/lib/python3.7/site-packages/airflow/example_dags/example_branch_python_dop_operator_3.py took 0.088 seconds
[2021-09-22 00:24:05,487] {processor.py:162} INFO - Started process (PID=38760) to work on /Users/daniel/sensor-data-ELT/dbt-env/lib/python3.7/site-packages/airflow/example_dags/example_branch_python_dop_operator_3.py
[2021-09-22 00:24:05,490] {processor.py:613} INFO - Processing file /Users/daniel/sensor-data-ELT/dbt-env/lib/python3.7/site-packages/airflow/example_dags/example_branch_python_dop_operator_3.py for tasks to queue
[2021-09-22 00:24:05,491] {logging_mixin.py:109} INFO - [2021-09-22 00:24:05,491] {dagbag.py:496} INFO - Filling up the DagBag from /Users/daniel/sensor-data-ELT/dbt-env/lib/python3.7/site-packages/airflow/example_dags/example_branch_python_dop_operator_3.py
[2021-09-22 00:24:05,511] {processor.py:623} INFO - DAG(s) dict_keys(['example_branch_dop_operator_v3']) retrieved from /Users/daniel/sensor-data-ELT/dbt-env/lib/python3.7/site-packages/airflow/example_dags/example_branch_python_dop_operator_3.py
[2021-09-22 00:24:05,532] {logging_mixin.py:109} INFO - [2021-09-22 00:24:05,532] {dag.py:1834} INFO - Sync 1 DAGs
[2021-09-22 00:24:05,562] {logging_mixin.py:109} INFO - [2021-09-22 00:24:05,561] {dag.py:2287} INFO - Setting next_dagrun for example_branch_dop_operator_v3 to 2021-09-19 00:00:00+00:00
[2021-09-22 00:24:05,573] {processor.py:170} INFO - Processing /Users/daniel/sensor-data-ELT/dbt-env/lib/python3.7/site-packages/airflow/example_dags/example_branch_python_dop_operator_3.py took 0.091 seconds
[2021-09-22 00:33:51,154] {processor.py:162} INFO - Started process (PID=39105) to work on /Users/daniel/sensor-data-ELT/dbt-env/lib/python3.7/site-packages/airflow/example_dags/example_branch_python_dop_operator_3.py
[2021-09-22 00:33:51,156] {processor.py:613} INFO - Processing file /Users/daniel/sensor-data-ELT/dbt-env/lib/python3.7/site-packages/airflow/example_dags/example_branch_python_dop_operator_3.py for tasks to queue
[2021-09-22 00:33:51,158] {logging_mixin.py:109} INFO - [2021-09-22 00:33:51,157] {dagbag.py:496} INFO - Filling up the DagBag from /Users/daniel/sensor-data-ELT/dbt-env/lib/python3.7/site-packages/airflow/example_dags/example_branch_python_dop_operator_3.py
[2021-09-22 00:33:51,178] {processor.py:623} INFO - DAG(s) dict_keys(['example_branch_dop_operator_v3']) retrieved from /Users/daniel/sensor-data-ELT/dbt-env/lib/python3.7/site-packages/airflow/example_dags/example_branch_python_dop_operator_3.py
[2021-09-22 00:33:51,201] {logging_mixin.py:109} INFO - [2021-09-22 00:33:51,201] {dag.py:1834} INFO - Sync 1 DAGs
[2021-09-22 00:33:51,229] {logging_mixin.py:109} INFO - [2021-09-22 00:33:51,228] {dag.py:2287} INFO - Setting next_dagrun for example_branch_dop_operator_v3 to 2021-09-19 00:00:00+00:00
[2021-09-22 00:33:51,239] {processor.py:170} INFO - Processing /Users/daniel/sensor-data-ELT/dbt-env/lib/python3.7/site-packages/airflow/example_dags/example_branch_python_dop_operator_3.py took 0.089 seconds
[2021-09-22 00:34:24,746] {processor.py:162} INFO - Started process (PID=39171) to work on /Users/daniel/sensor-data-ELT/dbt-env/lib/python3.7/site-packages/airflow/example_dags/example_branch_python_dop_operator_3.py
[2021-09-22 00:34:24,749] {processor.py:613} INFO - Processing file /Users/daniel/sensor-data-ELT/dbt-env/lib/python3.7/site-packages/airflow/example_dags/example_branch_python_dop_operator_3.py for tasks to queue
[2021-09-22 00:34:24,750] {logging_mixin.py:109} INFO - [2021-09-22 00:34:24,750] {dagbag.py:496} INFO - Filling up the DagBag from /Users/daniel/sensor-data-ELT/dbt-env/lib/python3.7/site-packages/airflow/example_dags/example_branch_python_dop_operator_3.py
[2021-09-22 00:34:24,774] {processor.py:623} INFO - DAG(s) dict_keys(['example_branch_dop_operator_v3']) retrieved from /Users/daniel/sensor-data-ELT/dbt-env/lib/python3.7/site-packages/airflow/example_dags/example_branch_python_dop_operator_3.py
[2021-09-22 00:34:24,794] {logging_mixin.py:109} INFO - [2021-09-22 00:34:24,793] {dag.py:1834} INFO - Sync 1 DAGs
[2021-09-22 00:34:24,824] {logging_mixin.py:109} INFO - [2021-09-22 00:34:24,824] {dag.py:2287} INFO - Setting next_dagrun for example_branch_dop_operator_v3 to 2021-09-19 00:00:00+00:00
[2021-09-22 00:34:24,838] {processor.py:170} INFO - Processing /Users/daniel/sensor-data-ELT/dbt-env/lib/python3.7/site-packages/airflow/example_dags/example_branch_python_dop_operator_3.py took 0.096 seconds
[2021-09-22 00:35:00,623] {processor.py:162} INFO - Started process (PID=39235) to work on /Users/daniel/sensor-data-ELT/dbt-env/lib/python3.7/site-packages/airflow/example_dags/example_branch_python_dop_operator_3.py
[2021-09-22 00:35:00,625] {processor.py:613} INFO - Processing file /Users/daniel/sensor-data-ELT/dbt-env/lib/python3.7/site-packages/airflow/example_dags/example_branch_python_dop_operator_3.py for tasks to queue
[2021-09-22 00:35:00,627] {logging_mixin.py:109} INFO - [2021-09-22 00:35:00,626] {dagbag.py:496} INFO - Filling up the DagBag from /Users/daniel/sensor-data-ELT/dbt-env/lib/python3.7/site-packages/airflow/example_dags/example_branch_python_dop_operator_3.py
[2021-09-22 00:35:00,647] {processor.py:623} INFO - DAG(s) dict_keys(['example_branch_dop_operator_v3']) retrieved from /Users/daniel/sensor-data-ELT/dbt-env/lib/python3.7/site-packages/airflow/example_dags/example_branch_python_dop_operator_3.py
[2021-09-22 00:35:00,670] {logging_mixin.py:109} INFO - [2021-09-22 00:35:00,670] {dag.py:1834} INFO - Sync 1 DAGs
[2021-09-22 00:35:00,702] {logging_mixin.py:109} INFO - [2021-09-22 00:35:00,702] {dag.py:2287} INFO - Setting next_dagrun for example_branch_dop_operator_v3 to 2021-09-19 00:00:00+00:00
[2021-09-22 00:35:00,713] {processor.py:170} INFO - Processing /Users/daniel/sensor-data-ELT/dbt-env/lib/python3.7/site-packages/airflow/example_dags/example_branch_python_dop_operator_3.py took 0.095 seconds
[2021-09-22 00:35:34,880] {processor.py:162} INFO - Started process (PID=39267) to work on /Users/daniel/sensor-data-ELT/dbt-env/lib/python3.7/site-packages/airflow/example_dags/example_branch_python_dop_operator_3.py
[2021-09-22 00:35:34,881] {processor.py:613} INFO - Processing file /Users/daniel/sensor-data-ELT/dbt-env/lib/python3.7/site-packages/airflow/example_dags/example_branch_python_dop_operator_3.py for tasks to queue
[2021-09-22 00:35:34,882] {logging_mixin.py:109} INFO - [2021-09-22 00:35:34,882] {dagbag.py:496} INFO - Filling up the DagBag from /Users/daniel/sensor-data-ELT/dbt-env/lib/python3.7/site-packages/airflow/example_dags/example_branch_python_dop_operator_3.py
[2021-09-22 00:35:34,902] {processor.py:623} INFO - DAG(s) dict_keys(['example_branch_dop_operator_v3']) retrieved from /Users/daniel/sensor-data-ELT/dbt-env/lib/python3.7/site-packages/airflow/example_dags/example_branch_python_dop_operator_3.py
[2021-09-22 00:35:34,920] {logging_mixin.py:109} INFO - [2021-09-22 00:35:34,920] {dag.py:1834} INFO - Sync 1 DAGs
[2021-09-22 00:35:34,948] {logging_mixin.py:109} INFO - [2021-09-22 00:35:34,948] {dag.py:2287} INFO - Setting next_dagrun for example_branch_dop_operator_v3 to 2021-09-19 00:00:00+00:00
[2021-09-22 00:35:34,960] {processor.py:170} INFO - Processing /Users/daniel/sensor-data-ELT/dbt-env/lib/python3.7/site-packages/airflow/example_dags/example_branch_python_dop_operator_3.py took 0.085 seconds
[2021-09-22 00:36:07,319] {processor.py:162} INFO - Started process (PID=39299) to work on /Users/daniel/sensor-data-ELT/dbt-env/lib/python3.7/site-packages/airflow/example_dags/example_branch_python_dop_operator_3.py
[2021-09-22 00:36:07,321] {processor.py:613} INFO - Processing file /Users/daniel/sensor-data-ELT/dbt-env/lib/python3.7/site-packages/airflow/example_dags/example_branch_python_dop_operator_3.py for tasks to queue
[2021-09-22 00:36:07,322] {logging_mixin.py:109} INFO - [2021-09-22 00:36:07,322] {dagbag.py:496} INFO - Filling up the DagBag from /Users/daniel/sensor-data-ELT/dbt-env/lib/python3.7/site-packages/airflow/example_dags/example_branch_python_dop_operator_3.py
[2021-09-22 00:36:07,342] {processor.py:623} INFO - DAG(s) dict_keys(['example_branch_dop_operator_v3']) retrieved from /Users/daniel/sensor-data-ELT/dbt-env/lib/python3.7/site-packages/airflow/example_dags/example_branch_python_dop_operator_3.py
[2021-09-22 00:36:07,360] {logging_mixin.py:109} INFO - [2021-09-22 00:36:07,359] {dag.py:1834} INFO - Sync 1 DAGs
[2021-09-22 00:36:07,396] {logging_mixin.py:109} INFO - [2021-09-22 00:36:07,396] {dag.py:2287} INFO - Setting next_dagrun for example_branch_dop_operator_v3 to 2021-09-19 00:00:00+00:00
[2021-09-22 00:36:07,407] {processor.py:170} INFO - Processing /Users/daniel/sensor-data-ELT/dbt-env/lib/python3.7/site-packages/airflow/example_dags/example_branch_python_dop_operator_3.py took 0.093 seconds
[2021-09-22 00:36:41,262] {processor.py:162} INFO - Started process (PID=39355) to work on /Users/daniel/sensor-data-ELT/dbt-env/lib/python3.7/site-packages/airflow/example_dags/example_branch_python_dop_operator_3.py
[2021-09-22 00:36:41,265] {processor.py:613} INFO - Processing file /Users/daniel/sensor-data-ELT/dbt-env/lib/python3.7/site-packages/airflow/example_dags/example_branch_python_dop_operator_3.py for tasks to queue
[2021-09-22 00:36:41,266] {logging_mixin.py:109} INFO - [2021-09-22 00:36:41,266] {dagbag.py:496} INFO - Filling up the DagBag from /Users/daniel/sensor-data-ELT/dbt-env/lib/python3.7/site-packages/airflow/example_dags/example_branch_python_dop_operator_3.py
[2021-09-22 00:36:41,292] {processor.py:623} INFO - DAG(s) dict_keys(['example_branch_dop_operator_v3']) retrieved from /Users/daniel/sensor-data-ELT/dbt-env/lib/python3.7/site-packages/airflow/example_dags/example_branch_python_dop_operator_3.py
[2021-09-22 00:36:41,315] {logging_mixin.py:109} INFO - [2021-09-22 00:36:41,314] {dag.py:1834} INFO - Sync 1 DAGs
[2021-09-22 00:36:41,353] {logging_mixin.py:109} INFO - [2021-09-22 00:36:41,353] {dag.py:2287} INFO - Setting next_dagrun for example_branch_dop_operator_v3 to 2021-09-19 00:00:00+00:00
[2021-09-22 00:36:41,367] {processor.py:170} INFO - Processing /Users/daniel/sensor-data-ELT/dbt-env/lib/python3.7/site-packages/airflow/example_dags/example_branch_python_dop_operator_3.py took 0.109 seconds
[2021-09-22 00:37:15,746] {processor.py:162} INFO - Started process (PID=39439) to work on /Users/daniel/sensor-data-ELT/dbt-env/lib/python3.7/site-packages/airflow/example_dags/example_branch_python_dop_operator_3.py
[2021-09-22 00:37:15,748] {processor.py:613} INFO - Processing file /Users/daniel/sensor-data-ELT/dbt-env/lib/python3.7/site-packages/airflow/example_dags/example_branch_python_dop_operator_3.py for tasks to queue
[2021-09-22 00:37:15,752] {logging_mixin.py:109} INFO - [2021-09-22 00:37:15,751] {dagbag.py:496} INFO - Filling up the DagBag from /Users/daniel/sensor-data-ELT/dbt-env/lib/python3.7/site-packages/airflow/example_dags/example_branch_python_dop_operator_3.py
[2021-09-22 00:37:15,774] {processor.py:623} INFO - DAG(s) dict_keys(['example_branch_dop_operator_v3']) retrieved from /Users/daniel/sensor-data-ELT/dbt-env/lib/python3.7/site-packages/airflow/example_dags/example_branch_python_dop_operator_3.py
[2021-09-22 00:37:15,793] {logging_mixin.py:109} INFO - [2021-09-22 00:37:15,793] {dag.py:1834} INFO - Sync 1 DAGs
[2021-09-22 00:37:15,823] {logging_mixin.py:109} INFO - [2021-09-22 00:37:15,823] {dag.py:2287} INFO - Setting next_dagrun for example_branch_dop_operator_v3 to 2021-09-19 00:00:00+00:00
[2021-09-22 00:37:15,834] {processor.py:170} INFO - Processing /Users/daniel/sensor-data-ELT/dbt-env/lib/python3.7/site-packages/airflow/example_dags/example_branch_python_dop_operator_3.py took 0.093 seconds
[2021-09-22 00:37:50,621] {processor.py:162} INFO - Started process (PID=39510) to work on /Users/daniel/sensor-data-ELT/dbt-env/lib/python3.7/site-packages/airflow/example_dags/example_branch_python_dop_operator_3.py
[2021-09-22 00:37:50,623] {processor.py:613} INFO - Processing file /Users/daniel/sensor-data-ELT/dbt-env/lib/python3.7/site-packages/airflow/example_dags/example_branch_python_dop_operator_3.py for tasks to queue
[2021-09-22 00:37:50,624] {logging_mixin.py:109} INFO - [2021-09-22 00:37:50,624] {dagbag.py:496} INFO - Filling up the DagBag from /Users/daniel/sensor-data-ELT/dbt-env/lib/python3.7/site-packages/airflow/example_dags/example_branch_python_dop_operator_3.py
[2021-09-22 00:37:50,643] {processor.py:623} INFO - DAG(s) dict_keys(['example_branch_dop_operator_v3']) retrieved from /Users/daniel/sensor-data-ELT/dbt-env/lib/python3.7/site-packages/airflow/example_dags/example_branch_python_dop_operator_3.py
[2021-09-22 00:37:50,661] {logging_mixin.py:109} INFO - [2021-09-22 00:37:50,661] {dag.py:1834} INFO - Sync 1 DAGs
[2021-09-22 00:37:50,691] {logging_mixin.py:109} INFO - [2021-09-22 00:37:50,691] {dag.py:2287} INFO - Setting next_dagrun for example_branch_dop_operator_v3 to 2021-09-19 00:00:00+00:00
[2021-09-22 00:37:50,704] {processor.py:170} INFO - Processing /Users/daniel/sensor-data-ELT/dbt-env/lib/python3.7/site-packages/airflow/example_dags/example_branch_python_dop_operator_3.py took 0.087 seconds
[2021-09-22 00:38:27,299] {processor.py:162} INFO - Started process (PID=39571) to work on /Users/daniel/sensor-data-ELT/dbt-env/lib/python3.7/site-packages/airflow/example_dags/example_branch_python_dop_operator_3.py
[2021-09-22 00:38:27,302] {processor.py:613} INFO - Processing file /Users/daniel/sensor-data-ELT/dbt-env/lib/python3.7/site-packages/airflow/example_dags/example_branch_python_dop_operator_3.py for tasks to queue
[2021-09-22 00:38:27,303] {logging_mixin.py:109} INFO - [2021-09-22 00:38:27,303] {dagbag.py:496} INFO - Filling up the DagBag from /Users/daniel/sensor-data-ELT/dbt-env/lib/python3.7/site-packages/airflow/example_dags/example_branch_python_dop_operator_3.py
[2021-09-22 00:38:27,323] {processor.py:623} INFO - DAG(s) dict_keys(['example_branch_dop_operator_v3']) retrieved from /Users/daniel/sensor-data-ELT/dbt-env/lib/python3.7/site-packages/airflow/example_dags/example_branch_python_dop_operator_3.py
[2021-09-22 00:38:27,340] {logging_mixin.py:109} INFO - [2021-09-22 00:38:27,340] {dag.py:1834} INFO - Sync 1 DAGs
[2021-09-22 00:38:27,369] {logging_mixin.py:109} INFO - [2021-09-22 00:38:27,369] {dag.py:2287} INFO - Setting next_dagrun for example_branch_dop_operator_v3 to 2021-09-19 00:00:00+00:00
[2021-09-22 00:38:27,384] {processor.py:170} INFO - Processing /Users/daniel/sensor-data-ELT/dbt-env/lib/python3.7/site-packages/airflow/example_dags/example_branch_python_dop_operator_3.py took 0.088 seconds
[2021-09-22 01:18:18,184] {processor.py:162} INFO - Started process (PID=40967) to work on /Users/daniel/sensor-data-ELT/dbt-env/lib/python3.7/site-packages/airflow/example_dags/example_branch_python_dop_operator_3.py
[2021-09-22 01:18:18,186] {processor.py:613} INFO - Processing file /Users/daniel/sensor-data-ELT/dbt-env/lib/python3.7/site-packages/airflow/example_dags/example_branch_python_dop_operator_3.py for tasks to queue
[2021-09-22 01:18:18,187] {logging_mixin.py:109} INFO - [2021-09-22 01:18:18,187] {dagbag.py:496} INFO - Filling up the DagBag from /Users/daniel/sensor-data-ELT/dbt-env/lib/python3.7/site-packages/airflow/example_dags/example_branch_python_dop_operator_3.py
[2021-09-22 01:18:18,204] {processor.py:623} INFO - DAG(s) dict_keys(['example_branch_dop_operator_v3']) retrieved from /Users/daniel/sensor-data-ELT/dbt-env/lib/python3.7/site-packages/airflow/example_dags/example_branch_python_dop_operator_3.py
[2021-09-22 01:18:18,221] {logging_mixin.py:109} INFO - [2021-09-22 01:18:18,221] {dag.py:1834} INFO - Sync 1 DAGs
[2021-09-22 01:18:18,252] {logging_mixin.py:109} INFO - [2021-09-22 01:18:18,252] {dag.py:2287} INFO - Setting next_dagrun for example_branch_dop_operator_v3 to 2021-09-19 00:00:00+00:00
[2021-09-22 01:18:18,371] {processor.py:170} INFO - Processing /Users/daniel/sensor-data-ELT/dbt-env/lib/python3.7/site-packages/airflow/example_dags/example_branch_python_dop_operator_3.py took 0.191 seconds
[2021-09-22 01:18:57,525] {processor.py:162} INFO - Started process (PID=41077) to work on /Users/daniel/sensor-data-ELT/dbt-env/lib/python3.7/site-packages/airflow/example_dags/example_branch_python_dop_operator_3.py
[2021-09-22 01:18:57,528] {processor.py:613} INFO - Processing file /Users/daniel/sensor-data-ELT/dbt-env/lib/python3.7/site-packages/airflow/example_dags/example_branch_python_dop_operator_3.py for tasks to queue
[2021-09-22 01:18:57,529] {logging_mixin.py:109} INFO - [2021-09-22 01:18:57,529] {dagbag.py:496} INFO - Filling up the DagBag from /Users/daniel/sensor-data-ELT/dbt-env/lib/python3.7/site-packages/airflow/example_dags/example_branch_python_dop_operator_3.py
[2021-09-22 01:18:57,551] {processor.py:623} INFO - DAG(s) dict_keys(['example_branch_dop_operator_v3']) retrieved from /Users/daniel/sensor-data-ELT/dbt-env/lib/python3.7/site-packages/airflow/example_dags/example_branch_python_dop_operator_3.py
[2021-09-22 01:18:57,573] {logging_mixin.py:109} INFO - [2021-09-22 01:18:57,573] {dag.py:1834} INFO - Sync 1 DAGs
[2021-09-22 01:18:57,714] {logging_mixin.py:109} INFO - [2021-09-22 01:18:57,713] {dag.py:2287} INFO - Setting next_dagrun for example_branch_dop_operator_v3 to 2021-09-19 00:00:00+00:00
[2021-09-22 01:18:57,723] {processor.py:170} INFO - Processing /Users/daniel/sensor-data-ELT/dbt-env/lib/python3.7/site-packages/airflow/example_dags/example_branch_python_dop_operator_3.py took 0.202 seconds
