[2021-09-22 00:18:33,514] {processor.py:162} INFO - Started process (PID=37045) to work on /Users/daniel/sensor-data-ELT/dbt-env/lib/python3.7/site-packages/airflow/example_dags/example_subdag_operator.py
[2021-09-22 00:18:33,517] {processor.py:613} INFO - Processing file /Users/daniel/sensor-data-ELT/dbt-env/lib/python3.7/site-packages/airflow/example_dags/example_subdag_operator.py for tasks to queue
[2021-09-22 00:18:33,518] {logging_mixin.py:109} INFO - [2021-09-22 00:18:33,517] {dagbag.py:496} INFO - Filling up the DagBag from /Users/daniel/sensor-data-ELT/dbt-env/lib/python3.7/site-packages/airflow/example_dags/example_subdag_operator.py
[2021-09-22 00:18:33,545] {processor.py:623} INFO - DAG(s) dict_keys(['example_subdag_operator.section-1', 'example_subdag_operator.section-2', 'example_subdag_operator']) retrieved from /Users/daniel/sensor-data-ELT/dbt-env/lib/python3.7/site-packages/airflow/example_dags/example_subdag_operator.py
[2021-09-22 00:18:33,559] {logging_mixin.py:109} INFO - [2021-09-22 00:18:33,558] {dag.py:1834} INFO - Sync 3 DAGs
[2021-09-22 00:18:33,571] {logging_mixin.py:109} INFO - [2021-09-22 00:18:33,571] {dag.py:2287} INFO - Setting next_dagrun for example_subdag_operator to 2021-09-19 00:00:00+00:00
[2021-09-22 00:18:33,573] {logging_mixin.py:109} INFO - [2021-09-22 00:18:33,573] {dag.py:2287} INFO - Setting next_dagrun for example_subdag_operator.section-1 to None
[2021-09-22 00:18:33,574] {logging_mixin.py:109} INFO - [2021-09-22 00:18:33,574] {dag.py:2287} INFO - Setting next_dagrun for example_subdag_operator.section-2 to None
[2021-09-22 00:18:33,583] {logging_mixin.py:109} INFO - [2021-09-22 00:18:33,583] {dag.py:1834} INFO - Sync 2 DAGs
[2021-09-22 00:18:33,589] {logging_mixin.py:109} INFO - [2021-09-22 00:18:33,588] {dag.py:2287} INFO - Setting next_dagrun for example_subdag_operator.section-1 to None
[2021-09-22 00:18:33,589] {logging_mixin.py:109} INFO - [2021-09-22 00:18:33,589] {dag.py:2287} INFO - Setting next_dagrun for example_subdag_operator.section-2 to None
[2021-09-22 00:18:33,595] {processor.py:170} INFO - Processing /Users/daniel/sensor-data-ELT/dbt-env/lib/python3.7/site-packages/airflow/example_dags/example_subdag_operator.py took 0.085 seconds
[2021-09-22 00:19:09,485] {processor.py:162} INFO - Started process (PID=37131) to work on /Users/daniel/sensor-data-ELT/dbt-env/lib/python3.7/site-packages/airflow/example_dags/example_subdag_operator.py
[2021-09-22 00:19:09,489] {processor.py:613} INFO - Processing file /Users/daniel/sensor-data-ELT/dbt-env/lib/python3.7/site-packages/airflow/example_dags/example_subdag_operator.py for tasks to queue
[2021-09-22 00:19:09,490] {logging_mixin.py:109} INFO - [2021-09-22 00:19:09,490] {dagbag.py:496} INFO - Filling up the DagBag from /Users/daniel/sensor-data-ELT/dbt-env/lib/python3.7/site-packages/airflow/example_dags/example_subdag_operator.py
[2021-09-22 00:19:09,529] {processor.py:623} INFO - DAG(s) dict_keys(['example_subdag_operator.section-1', 'example_subdag_operator.section-2', 'example_subdag_operator']) retrieved from /Users/daniel/sensor-data-ELT/dbt-env/lib/python3.7/site-packages/airflow/example_dags/example_subdag_operator.py
[2021-09-22 00:19:09,544] {logging_mixin.py:109} INFO - [2021-09-22 00:19:09,543] {dag.py:1834} INFO - Sync 3 DAGs
[2021-09-22 00:19:09,556] {logging_mixin.py:109} INFO - [2021-09-22 00:19:09,556] {dag.py:2287} INFO - Setting next_dagrun for example_subdag_operator to 2021-09-19 00:00:00+00:00
[2021-09-22 00:19:09,558] {logging_mixin.py:109} INFO - [2021-09-22 00:19:09,557] {dag.py:2287} INFO - Setting next_dagrun for example_subdag_operator.section-1 to None
[2021-09-22 00:19:09,558] {logging_mixin.py:109} INFO - [2021-09-22 00:19:09,558] {dag.py:2287} INFO - Setting next_dagrun for example_subdag_operator.section-2 to None
[2021-09-22 00:19:09,566] {logging_mixin.py:109} INFO - [2021-09-22 00:19:09,565] {dag.py:1834} INFO - Sync 2 DAGs
[2021-09-22 00:19:09,572] {logging_mixin.py:109} INFO - [2021-09-22 00:19:09,572] {dag.py:2287} INFO - Setting next_dagrun for example_subdag_operator.section-1 to None
[2021-09-22 00:19:09,573] {logging_mixin.py:109} INFO - [2021-09-22 00:19:09,573] {dag.py:2287} INFO - Setting next_dagrun for example_subdag_operator.section-2 to None
[2021-09-22 00:19:09,580] {processor.py:170} INFO - Processing /Users/daniel/sensor-data-ELT/dbt-env/lib/python3.7/site-packages/airflow/example_dags/example_subdag_operator.py took 0.099 seconds
[2021-09-22 00:19:43,859] {processor.py:162} INFO - Started process (PID=37176) to work on /Users/daniel/sensor-data-ELT/dbt-env/lib/python3.7/site-packages/airflow/example_dags/example_subdag_operator.py
[2021-09-22 00:19:43,861] {processor.py:613} INFO - Processing file /Users/daniel/sensor-data-ELT/dbt-env/lib/python3.7/site-packages/airflow/example_dags/example_subdag_operator.py for tasks to queue
[2021-09-22 00:19:43,863] {logging_mixin.py:109} INFO - [2021-09-22 00:19:43,862] {dagbag.py:496} INFO - Filling up the DagBag from /Users/daniel/sensor-data-ELT/dbt-env/lib/python3.7/site-packages/airflow/example_dags/example_subdag_operator.py
[2021-09-22 00:19:43,896] {processor.py:623} INFO - DAG(s) dict_keys(['example_subdag_operator.section-1', 'example_subdag_operator.section-2', 'example_subdag_operator']) retrieved from /Users/daniel/sensor-data-ELT/dbt-env/lib/python3.7/site-packages/airflow/example_dags/example_subdag_operator.py
[2021-09-22 00:19:43,920] {logging_mixin.py:109} INFO - [2021-09-22 00:19:43,920] {dag.py:1834} INFO - Sync 3 DAGs
[2021-09-22 00:19:43,934] {logging_mixin.py:109} INFO - [2021-09-22 00:19:43,934] {dag.py:2287} INFO - Setting next_dagrun for example_subdag_operator to 2021-09-19 00:00:00+00:00
[2021-09-22 00:19:43,935] {logging_mixin.py:109} INFO - [2021-09-22 00:19:43,935] {dag.py:2287} INFO - Setting next_dagrun for example_subdag_operator.section-1 to None
[2021-09-22 00:19:43,936] {logging_mixin.py:109} INFO - [2021-09-22 00:19:43,936] {dag.py:2287} INFO - Setting next_dagrun for example_subdag_operator.section-2 to None
[2021-09-22 00:19:43,944] {logging_mixin.py:109} INFO - [2021-09-22 00:19:43,944] {dag.py:1834} INFO - Sync 2 DAGs
[2021-09-22 00:19:43,951] {logging_mixin.py:109} INFO - [2021-09-22 00:19:43,951] {dag.py:2287} INFO - Setting next_dagrun for example_subdag_operator.section-1 to None
[2021-09-22 00:19:43,952] {logging_mixin.py:109} INFO - [2021-09-22 00:19:43,951] {dag.py:2287} INFO - Setting next_dagrun for example_subdag_operator.section-2 to None
[2021-09-22 00:19:43,959] {processor.py:170} INFO - Processing /Users/daniel/sensor-data-ELT/dbt-env/lib/python3.7/site-packages/airflow/example_dags/example_subdag_operator.py took 0.104 seconds
[2021-09-22 00:20:21,000] {processor.py:162} INFO - Started process (PID=37593) to work on /Users/daniel/sensor-data-ELT/dbt-env/lib/python3.7/site-packages/airflow/example_dags/example_subdag_operator.py
[2021-09-22 00:20:21,002] {processor.py:613} INFO - Processing file /Users/daniel/sensor-data-ELT/dbt-env/lib/python3.7/site-packages/airflow/example_dags/example_subdag_operator.py for tasks to queue
[2021-09-22 00:20:21,003] {logging_mixin.py:109} INFO - [2021-09-22 00:20:21,003] {dagbag.py:496} INFO - Filling up the DagBag from /Users/daniel/sensor-data-ELT/dbt-env/lib/python3.7/site-packages/airflow/example_dags/example_subdag_operator.py
[2021-09-22 00:20:21,034] {processor.py:623} INFO - DAG(s) dict_keys(['example_subdag_operator.section-1', 'example_subdag_operator.section-2', 'example_subdag_operator']) retrieved from /Users/daniel/sensor-data-ELT/dbt-env/lib/python3.7/site-packages/airflow/example_dags/example_subdag_operator.py
[2021-09-22 00:20:21,059] {logging_mixin.py:109} INFO - [2021-09-22 00:20:21,059] {dag.py:1834} INFO - Sync 3 DAGs
[2021-09-22 00:20:21,075] {logging_mixin.py:109} INFO - [2021-09-22 00:20:21,075] {dag.py:2287} INFO - Setting next_dagrun for example_subdag_operator to 2021-09-19 00:00:00+00:00
[2021-09-22 00:20:21,077] {logging_mixin.py:109} INFO - [2021-09-22 00:20:21,076] {dag.py:2287} INFO - Setting next_dagrun for example_subdag_operator.section-1 to None
[2021-09-22 00:20:21,077] {logging_mixin.py:109} INFO - [2021-09-22 00:20:21,077] {dag.py:2287} INFO - Setting next_dagrun for example_subdag_operator.section-2 to None
[2021-09-22 00:20:21,089] {logging_mixin.py:109} INFO - [2021-09-22 00:20:21,088] {dag.py:1834} INFO - Sync 2 DAGs
[2021-09-22 00:20:21,095] {logging_mixin.py:109} INFO - [2021-09-22 00:20:21,095] {dag.py:2287} INFO - Setting next_dagrun for example_subdag_operator.section-1 to None
[2021-09-22 00:20:21,096] {logging_mixin.py:109} INFO - [2021-09-22 00:20:21,096] {dag.py:2287} INFO - Setting next_dagrun for example_subdag_operator.section-2 to None
[2021-09-22 00:20:21,103] {processor.py:170} INFO - Processing /Users/daniel/sensor-data-ELT/dbt-env/lib/python3.7/site-packages/airflow/example_dags/example_subdag_operator.py took 0.108 seconds
[2021-09-22 00:21:54,850] {processor.py:162} INFO - Started process (PID=38521) to work on /Users/daniel/sensor-data-ELT/dbt-env/lib/python3.7/site-packages/airflow/example_dags/example_subdag_operator.py
[2021-09-22 00:21:54,853] {processor.py:613} INFO - Processing file /Users/daniel/sensor-data-ELT/dbt-env/lib/python3.7/site-packages/airflow/example_dags/example_subdag_operator.py for tasks to queue
[2021-09-22 00:21:54,854] {logging_mixin.py:109} INFO - [2021-09-22 00:21:54,854] {dagbag.py:496} INFO - Filling up the DagBag from /Users/daniel/sensor-data-ELT/dbt-env/lib/python3.7/site-packages/airflow/example_dags/example_subdag_operator.py
[2021-09-22 00:21:54,882] {processor.py:623} INFO - DAG(s) dict_keys(['example_subdag_operator.section-1', 'example_subdag_operator.section-2', 'example_subdag_operator']) retrieved from /Users/daniel/sensor-data-ELT/dbt-env/lib/python3.7/site-packages/airflow/example_dags/example_subdag_operator.py
[2021-09-22 00:21:54,895] {logging_mixin.py:109} INFO - [2021-09-22 00:21:54,894] {dag.py:1834} INFO - Sync 3 DAGs
[2021-09-22 00:21:54,906] {logging_mixin.py:109} INFO - [2021-09-22 00:21:54,905] {dag.py:2287} INFO - Setting next_dagrun for example_subdag_operator to 2021-09-19 00:00:00+00:00
[2021-09-22 00:21:54,907] {logging_mixin.py:109} INFO - [2021-09-22 00:21:54,907] {dag.py:2287} INFO - Setting next_dagrun for example_subdag_operator.section-1 to None
[2021-09-22 00:21:54,908] {logging_mixin.py:109} INFO - [2021-09-22 00:21:54,907] {dag.py:2287} INFO - Setting next_dagrun for example_subdag_operator.section-2 to None
[2021-09-22 00:21:54,916] {logging_mixin.py:109} INFO - [2021-09-22 00:21:54,916] {dag.py:1834} INFO - Sync 2 DAGs
[2021-09-22 00:21:54,922] {logging_mixin.py:109} INFO - [2021-09-22 00:21:54,922] {dag.py:2287} INFO - Setting next_dagrun for example_subdag_operator.section-1 to None
[2021-09-22 00:21:54,923] {logging_mixin.py:109} INFO - [2021-09-22 00:21:54,923] {dag.py:2287} INFO - Setting next_dagrun for example_subdag_operator.section-2 to None
[2021-09-22 00:21:54,931] {processor.py:170} INFO - Processing /Users/daniel/sensor-data-ELT/dbt-env/lib/python3.7/site-packages/airflow/example_dags/example_subdag_operator.py took 0.085 seconds
[2021-09-22 00:22:32,128] {processor.py:162} INFO - Started process (PID=38600) to work on /Users/daniel/sensor-data-ELT/dbt-env/lib/python3.7/site-packages/airflow/example_dags/example_subdag_operator.py
[2021-09-22 00:22:32,132] {processor.py:613} INFO - Processing file /Users/daniel/sensor-data-ELT/dbt-env/lib/python3.7/site-packages/airflow/example_dags/example_subdag_operator.py for tasks to queue
[2021-09-22 00:22:32,133] {logging_mixin.py:109} INFO - [2021-09-22 00:22:32,133] {dagbag.py:496} INFO - Filling up the DagBag from /Users/daniel/sensor-data-ELT/dbt-env/lib/python3.7/site-packages/airflow/example_dags/example_subdag_operator.py
[2021-09-22 00:22:32,221] {processor.py:623} INFO - DAG(s) dict_keys(['example_subdag_operator.section-1', 'example_subdag_operator.section-2', 'example_subdag_operator']) retrieved from /Users/daniel/sensor-data-ELT/dbt-env/lib/python3.7/site-packages/airflow/example_dags/example_subdag_operator.py
[2021-09-22 00:22:32,251] {logging_mixin.py:109} INFO - [2021-09-22 00:22:32,250] {dag.py:1834} INFO - Sync 3 DAGs
[2021-09-22 00:22:32,272] {logging_mixin.py:109} INFO - [2021-09-22 00:22:32,272] {dag.py:2287} INFO - Setting next_dagrun for example_subdag_operator to 2021-09-19 00:00:00+00:00
[2021-09-22 00:22:32,274] {logging_mixin.py:109} INFO - [2021-09-22 00:22:32,273] {dag.py:2287} INFO - Setting next_dagrun for example_subdag_operator.section-1 to None
[2021-09-22 00:22:32,274] {logging_mixin.py:109} INFO - [2021-09-22 00:22:32,274] {dag.py:2287} INFO - Setting next_dagrun for example_subdag_operator.section-2 to None
[2021-09-22 00:22:32,298] {logging_mixin.py:109} INFO - [2021-09-22 00:22:32,298] {dag.py:1834} INFO - Sync 2 DAGs
[2021-09-22 00:22:32,310] {logging_mixin.py:109} INFO - [2021-09-22 00:22:32,309] {dag.py:2287} INFO - Setting next_dagrun for example_subdag_operator.section-1 to None
[2021-09-22 00:22:32,315] {logging_mixin.py:109} INFO - [2021-09-22 00:22:32,315] {dag.py:2287} INFO - Setting next_dagrun for example_subdag_operator.section-2 to None
[2021-09-22 00:22:32,324] {processor.py:170} INFO - Processing /Users/daniel/sensor-data-ELT/dbt-env/lib/python3.7/site-packages/airflow/example_dags/example_subdag_operator.py took 0.205 seconds
[2021-09-22 00:23:08,445] {processor.py:162} INFO - Started process (PID=38643) to work on /Users/daniel/sensor-data-ELT/dbt-env/lib/python3.7/site-packages/airflow/example_dags/example_subdag_operator.py
[2021-09-22 00:23:08,447] {processor.py:613} INFO - Processing file /Users/daniel/sensor-data-ELT/dbt-env/lib/python3.7/site-packages/airflow/example_dags/example_subdag_operator.py for tasks to queue
[2021-09-22 00:23:08,448] {logging_mixin.py:109} INFO - [2021-09-22 00:23:08,448] {dagbag.py:496} INFO - Filling up the DagBag from /Users/daniel/sensor-data-ELT/dbt-env/lib/python3.7/site-packages/airflow/example_dags/example_subdag_operator.py
[2021-09-22 00:23:08,483] {processor.py:623} INFO - DAG(s) dict_keys(['example_subdag_operator.section-1', 'example_subdag_operator.section-2', 'example_subdag_operator']) retrieved from /Users/daniel/sensor-data-ELT/dbt-env/lib/python3.7/site-packages/airflow/example_dags/example_subdag_operator.py
[2021-09-22 00:23:08,499] {logging_mixin.py:109} INFO - [2021-09-22 00:23:08,498] {dag.py:1834} INFO - Sync 3 DAGs
[2021-09-22 00:23:08,512] {logging_mixin.py:109} INFO - [2021-09-22 00:23:08,511] {dag.py:2287} INFO - Setting next_dagrun for example_subdag_operator to 2021-09-19 00:00:00+00:00
[2021-09-22 00:23:08,513] {logging_mixin.py:109} INFO - [2021-09-22 00:23:08,513] {dag.py:2287} INFO - Setting next_dagrun for example_subdag_operator.section-1 to None
[2021-09-22 00:23:08,514] {logging_mixin.py:109} INFO - [2021-09-22 00:23:08,514] {dag.py:2287} INFO - Setting next_dagrun for example_subdag_operator.section-2 to None
[2021-09-22 00:23:08,522] {logging_mixin.py:109} INFO - [2021-09-22 00:23:08,521] {dag.py:1834} INFO - Sync 2 DAGs
[2021-09-22 00:23:08,529] {logging_mixin.py:109} INFO - [2021-09-22 00:23:08,529] {dag.py:2287} INFO - Setting next_dagrun for example_subdag_operator.section-1 to None
[2021-09-22 00:23:08,530] {logging_mixin.py:109} INFO - [2021-09-22 00:23:08,530] {dag.py:2287} INFO - Setting next_dagrun for example_subdag_operator.section-2 to None
[2021-09-22 00:23:08,537] {processor.py:170} INFO - Processing /Users/daniel/sensor-data-ELT/dbt-env/lib/python3.7/site-packages/airflow/example_dags/example_subdag_operator.py took 0.097 seconds
[2021-09-22 00:23:43,382] {processor.py:162} INFO - Started process (PID=38706) to work on /Users/daniel/sensor-data-ELT/dbt-env/lib/python3.7/site-packages/airflow/example_dags/example_subdag_operator.py
[2021-09-22 00:23:43,385] {processor.py:613} INFO - Processing file /Users/daniel/sensor-data-ELT/dbt-env/lib/python3.7/site-packages/airflow/example_dags/example_subdag_operator.py for tasks to queue
[2021-09-22 00:23:43,386] {logging_mixin.py:109} INFO - [2021-09-22 00:23:43,386] {dagbag.py:496} INFO - Filling up the DagBag from /Users/daniel/sensor-data-ELT/dbt-env/lib/python3.7/site-packages/airflow/example_dags/example_subdag_operator.py
[2021-09-22 00:23:43,417] {processor.py:623} INFO - DAG(s) dict_keys(['example_subdag_operator.section-1', 'example_subdag_operator.section-2', 'example_subdag_operator']) retrieved from /Users/daniel/sensor-data-ELT/dbt-env/lib/python3.7/site-packages/airflow/example_dags/example_subdag_operator.py
[2021-09-22 00:23:43,437] {logging_mixin.py:109} INFO - [2021-09-22 00:23:43,436] {dag.py:1834} INFO - Sync 3 DAGs
[2021-09-22 00:23:43,452] {logging_mixin.py:109} INFO - [2021-09-22 00:23:43,451] {dag.py:2287} INFO - Setting next_dagrun for example_subdag_operator to 2021-09-19 00:00:00+00:00
[2021-09-22 00:23:43,453] {logging_mixin.py:109} INFO - [2021-09-22 00:23:43,453] {dag.py:2287} INFO - Setting next_dagrun for example_subdag_operator.section-1 to None
[2021-09-22 00:23:43,453] {logging_mixin.py:109} INFO - [2021-09-22 00:23:43,453] {dag.py:2287} INFO - Setting next_dagrun for example_subdag_operator.section-2 to None
[2021-09-22 00:23:43,464] {logging_mixin.py:109} INFO - [2021-09-22 00:23:43,463] {dag.py:1834} INFO - Sync 2 DAGs
[2021-09-22 00:23:43,479] {logging_mixin.py:109} INFO - [2021-09-22 00:23:43,479] {dag.py:2287} INFO - Setting next_dagrun for example_subdag_operator.section-1 to None
[2021-09-22 00:23:43,480] {logging_mixin.py:109} INFO - [2021-09-22 00:23:43,479] {dag.py:2287} INFO - Setting next_dagrun for example_subdag_operator.section-2 to None
[2021-09-22 00:23:43,489] {processor.py:170} INFO - Processing /Users/daniel/sensor-data-ELT/dbt-env/lib/python3.7/site-packages/airflow/example_dags/example_subdag_operator.py took 0.112 seconds
[2021-09-22 00:24:20,077] {processor.py:162} INFO - Started process (PID=38789) to work on /Users/daniel/sensor-data-ELT/dbt-env/lib/python3.7/site-packages/airflow/example_dags/example_subdag_operator.py
[2021-09-22 00:24:20,080] {processor.py:613} INFO - Processing file /Users/daniel/sensor-data-ELT/dbt-env/lib/python3.7/site-packages/airflow/example_dags/example_subdag_operator.py for tasks to queue
[2021-09-22 00:24:20,082] {logging_mixin.py:109} INFO - [2021-09-22 00:24:20,081] {dagbag.py:496} INFO - Filling up the DagBag from /Users/daniel/sensor-data-ELT/dbt-env/lib/python3.7/site-packages/airflow/example_dags/example_subdag_operator.py
[2021-09-22 00:24:20,111] {processor.py:623} INFO - DAG(s) dict_keys(['example_subdag_operator.section-1', 'example_subdag_operator.section-2', 'example_subdag_operator']) retrieved from /Users/daniel/sensor-data-ELT/dbt-env/lib/python3.7/site-packages/airflow/example_dags/example_subdag_operator.py
[2021-09-22 00:24:20,127] {logging_mixin.py:109} INFO - [2021-09-22 00:24:20,126] {dag.py:1834} INFO - Sync 3 DAGs
[2021-09-22 00:24:20,145] {logging_mixin.py:109} INFO - [2021-09-22 00:24:20,144] {dag.py:2287} INFO - Setting next_dagrun for example_subdag_operator to 2021-09-19 00:00:00+00:00
[2021-09-22 00:24:20,146] {logging_mixin.py:109} INFO - [2021-09-22 00:24:20,146] {dag.py:2287} INFO - Setting next_dagrun for example_subdag_operator.section-1 to None
[2021-09-22 00:24:20,147] {logging_mixin.py:109} INFO - [2021-09-22 00:24:20,147] {dag.py:2287} INFO - Setting next_dagrun for example_subdag_operator.section-2 to None
[2021-09-22 00:24:20,157] {logging_mixin.py:109} INFO - [2021-09-22 00:24:20,157] {dag.py:1834} INFO - Sync 2 DAGs
[2021-09-22 00:24:20,163] {logging_mixin.py:109} INFO - [2021-09-22 00:24:20,163] {dag.py:2287} INFO - Setting next_dagrun for example_subdag_operator.section-1 to None
[2021-09-22 00:24:20,164] {logging_mixin.py:109} INFO - [2021-09-22 00:24:20,163] {dag.py:2287} INFO - Setting next_dagrun for example_subdag_operator.section-2 to None
[2021-09-22 00:24:20,172] {processor.py:170} INFO - Processing /Users/daniel/sensor-data-ELT/dbt-env/lib/python3.7/site-packages/airflow/example_dags/example_subdag_operator.py took 0.099 seconds
[2021-09-22 00:34:04,458] {processor.py:162} INFO - Started process (PID=39124) to work on /Users/daniel/sensor-data-ELT/dbt-env/lib/python3.7/site-packages/airflow/example_dags/example_subdag_operator.py
[2021-09-22 00:34:04,462] {processor.py:613} INFO - Processing file /Users/daniel/sensor-data-ELT/dbt-env/lib/python3.7/site-packages/airflow/example_dags/example_subdag_operator.py for tasks to queue
[2021-09-22 00:34:04,463] {logging_mixin.py:109} INFO - [2021-09-22 00:34:04,462] {dagbag.py:496} INFO - Filling up the DagBag from /Users/daniel/sensor-data-ELT/dbt-env/lib/python3.7/site-packages/airflow/example_dags/example_subdag_operator.py
[2021-09-22 00:34:04,493] {processor.py:623} INFO - DAG(s) dict_keys(['example_subdag_operator.section-1', 'example_subdag_operator.section-2', 'example_subdag_operator']) retrieved from /Users/daniel/sensor-data-ELT/dbt-env/lib/python3.7/site-packages/airflow/example_dags/example_subdag_operator.py
[2021-09-22 00:34:04,506] {logging_mixin.py:109} INFO - [2021-09-22 00:34:04,506] {dag.py:1834} INFO - Sync 3 DAGs
[2021-09-22 00:34:04,519] {logging_mixin.py:109} INFO - [2021-09-22 00:34:04,519] {dag.py:2287} INFO - Setting next_dagrun for example_subdag_operator to 2021-09-19 00:00:00+00:00
[2021-09-22 00:34:04,521] {logging_mixin.py:109} INFO - [2021-09-22 00:34:04,521] {dag.py:2287} INFO - Setting next_dagrun for example_subdag_operator.section-1 to None
[2021-09-22 00:34:04,522] {logging_mixin.py:109} INFO - [2021-09-22 00:34:04,521] {dag.py:2287} INFO - Setting next_dagrun for example_subdag_operator.section-2 to None
[2021-09-22 00:34:04,531] {logging_mixin.py:109} INFO - [2021-09-22 00:34:04,531] {dag.py:1834} INFO - Sync 2 DAGs
[2021-09-22 00:34:04,536] {logging_mixin.py:109} INFO - [2021-09-22 00:34:04,536] {dag.py:2287} INFO - Setting next_dagrun for example_subdag_operator.section-1 to None
[2021-09-22 00:34:04,537] {logging_mixin.py:109} INFO - [2021-09-22 00:34:04,537] {dag.py:2287} INFO - Setting next_dagrun for example_subdag_operator.section-2 to None
[2021-09-22 00:34:04,544] {processor.py:170} INFO - Processing /Users/daniel/sensor-data-ELT/dbt-env/lib/python3.7/site-packages/airflow/example_dags/example_subdag_operator.py took 0.090 seconds
[2021-09-22 00:34:38,205] {processor.py:162} INFO - Started process (PID=39214) to work on /Users/daniel/sensor-data-ELT/dbt-env/lib/python3.7/site-packages/airflow/example_dags/example_subdag_operator.py
[2021-09-22 00:34:38,208] {processor.py:613} INFO - Processing file /Users/daniel/sensor-data-ELT/dbt-env/lib/python3.7/site-packages/airflow/example_dags/example_subdag_operator.py for tasks to queue
[2021-09-22 00:34:38,210] {logging_mixin.py:109} INFO - [2021-09-22 00:34:38,210] {dagbag.py:496} INFO - Filling up the DagBag from /Users/daniel/sensor-data-ELT/dbt-env/lib/python3.7/site-packages/airflow/example_dags/example_subdag_operator.py
[2021-09-22 00:34:38,272] {processor.py:623} INFO - DAG(s) dict_keys(['example_subdag_operator.section-1', 'example_subdag_operator.section-2', 'example_subdag_operator']) retrieved from /Users/daniel/sensor-data-ELT/dbt-env/lib/python3.7/site-packages/airflow/example_dags/example_subdag_operator.py
[2021-09-22 00:34:38,301] {logging_mixin.py:109} INFO - [2021-09-22 00:34:38,301] {dag.py:1834} INFO - Sync 3 DAGs
[2021-09-22 00:34:38,324] {logging_mixin.py:109} INFO - [2021-09-22 00:34:38,324] {dag.py:2287} INFO - Setting next_dagrun for example_subdag_operator to 2021-09-19 00:00:00+00:00
[2021-09-22 00:34:38,327] {logging_mixin.py:109} INFO - [2021-09-22 00:34:38,327] {dag.py:2287} INFO - Setting next_dagrun for example_subdag_operator.section-1 to None
[2021-09-22 00:34:38,328] {logging_mixin.py:109} INFO - [2021-09-22 00:34:38,328] {dag.py:2287} INFO - Setting next_dagrun for example_subdag_operator.section-2 to None
[2021-09-22 00:34:38,342] {logging_mixin.py:109} INFO - [2021-09-22 00:34:38,342] {dag.py:1834} INFO - Sync 2 DAGs
[2021-09-22 00:34:38,352] {logging_mixin.py:109} INFO - [2021-09-22 00:34:38,352] {dag.py:2287} INFO - Setting next_dagrun for example_subdag_operator.section-1 to None
[2021-09-22 00:34:38,354] {logging_mixin.py:109} INFO - [2021-09-22 00:34:38,353] {dag.py:2287} INFO - Setting next_dagrun for example_subdag_operator.section-2 to None
[2021-09-22 00:34:38,365] {processor.py:170} INFO - Processing /Users/daniel/sensor-data-ELT/dbt-env/lib/python3.7/site-packages/airflow/example_dags/example_subdag_operator.py took 0.168 seconds
[2021-09-22 00:35:14,205] {processor.py:162} INFO - Started process (PID=39248) to work on /Users/daniel/sensor-data-ELT/dbt-env/lib/python3.7/site-packages/airflow/example_dags/example_subdag_operator.py
[2021-09-22 00:35:14,207] {processor.py:613} INFO - Processing file /Users/daniel/sensor-data-ELT/dbt-env/lib/python3.7/site-packages/airflow/example_dags/example_subdag_operator.py for tasks to queue
[2021-09-22 00:35:14,208] {logging_mixin.py:109} INFO - [2021-09-22 00:35:14,208] {dagbag.py:496} INFO - Filling up the DagBag from /Users/daniel/sensor-data-ELT/dbt-env/lib/python3.7/site-packages/airflow/example_dags/example_subdag_operator.py
[2021-09-22 00:35:14,238] {processor.py:623} INFO - DAG(s) dict_keys(['example_subdag_operator.section-1', 'example_subdag_operator.section-2', 'example_subdag_operator']) retrieved from /Users/daniel/sensor-data-ELT/dbt-env/lib/python3.7/site-packages/airflow/example_dags/example_subdag_operator.py
[2021-09-22 00:35:14,252] {logging_mixin.py:109} INFO - [2021-09-22 00:35:14,251] {dag.py:1834} INFO - Sync 3 DAGs
[2021-09-22 00:35:14,265] {logging_mixin.py:109} INFO - [2021-09-22 00:35:14,265] {dag.py:2287} INFO - Setting next_dagrun for example_subdag_operator to 2021-09-19 00:00:00+00:00
[2021-09-22 00:35:14,266] {logging_mixin.py:109} INFO - [2021-09-22 00:35:14,266] {dag.py:2287} INFO - Setting next_dagrun for example_subdag_operator.section-1 to None
[2021-09-22 00:35:14,267] {logging_mixin.py:109} INFO - [2021-09-22 00:35:14,267] {dag.py:2287} INFO - Setting next_dagrun for example_subdag_operator.section-2 to None
[2021-09-22 00:35:14,276] {logging_mixin.py:109} INFO - [2021-09-22 00:35:14,276] {dag.py:1834} INFO - Sync 2 DAGs
[2021-09-22 00:35:14,285] {logging_mixin.py:109} INFO - [2021-09-22 00:35:14,285] {dag.py:2287} INFO - Setting next_dagrun for example_subdag_operator.section-1 to None
[2021-09-22 00:35:14,286] {logging_mixin.py:109} INFO - [2021-09-22 00:35:14,286] {dag.py:2287} INFO - Setting next_dagrun for example_subdag_operator.section-2 to None
[2021-09-22 00:35:14,293] {processor.py:170} INFO - Processing /Users/daniel/sensor-data-ELT/dbt-env/lib/python3.7/site-packages/airflow/example_dags/example_subdag_operator.py took 0.093 seconds
[2021-09-22 00:35:48,343] {processor.py:162} INFO - Started process (PID=39280) to work on /Users/daniel/sensor-data-ELT/dbt-env/lib/python3.7/site-packages/airflow/example_dags/example_subdag_operator.py
[2021-09-22 00:35:48,346] {processor.py:613} INFO - Processing file /Users/daniel/sensor-data-ELT/dbt-env/lib/python3.7/site-packages/airflow/example_dags/example_subdag_operator.py for tasks to queue
[2021-09-22 00:35:48,347] {logging_mixin.py:109} INFO - [2021-09-22 00:35:48,347] {dagbag.py:496} INFO - Filling up the DagBag from /Users/daniel/sensor-data-ELT/dbt-env/lib/python3.7/site-packages/airflow/example_dags/example_subdag_operator.py
[2021-09-22 00:35:48,382] {processor.py:623} INFO - DAG(s) dict_keys(['example_subdag_operator.section-1', 'example_subdag_operator.section-2', 'example_subdag_operator']) retrieved from /Users/daniel/sensor-data-ELT/dbt-env/lib/python3.7/site-packages/airflow/example_dags/example_subdag_operator.py
[2021-09-22 00:35:48,397] {logging_mixin.py:109} INFO - [2021-09-22 00:35:48,397] {dag.py:1834} INFO - Sync 3 DAGs
[2021-09-22 00:35:48,409] {logging_mixin.py:109} INFO - [2021-09-22 00:35:48,409] {dag.py:2287} INFO - Setting next_dagrun for example_subdag_operator to 2021-09-19 00:00:00+00:00
[2021-09-22 00:35:48,411] {logging_mixin.py:109} INFO - [2021-09-22 00:35:48,411] {dag.py:2287} INFO - Setting next_dagrun for example_subdag_operator.section-1 to None
[2021-09-22 00:35:48,412] {logging_mixin.py:109} INFO - [2021-09-22 00:35:48,411] {dag.py:2287} INFO - Setting next_dagrun for example_subdag_operator.section-2 to None
[2021-09-22 00:35:48,421] {logging_mixin.py:109} INFO - [2021-09-22 00:35:48,421] {dag.py:1834} INFO - Sync 2 DAGs
[2021-09-22 00:35:48,427] {logging_mixin.py:109} INFO - [2021-09-22 00:35:48,427] {dag.py:2287} INFO - Setting next_dagrun for example_subdag_operator.section-1 to None
[2021-09-22 00:35:48,428] {logging_mixin.py:109} INFO - [2021-09-22 00:35:48,427] {dag.py:2287} INFO - Setting next_dagrun for example_subdag_operator.section-2 to None
[2021-09-22 00:35:48,435] {processor.py:170} INFO - Processing /Users/daniel/sensor-data-ELT/dbt-env/lib/python3.7/site-packages/airflow/example_dags/example_subdag_operator.py took 0.097 seconds
[2021-09-22 00:36:20,358] {processor.py:162} INFO - Started process (PID=39312) to work on /Users/daniel/sensor-data-ELT/dbt-env/lib/python3.7/site-packages/airflow/example_dags/example_subdag_operator.py
[2021-09-22 00:36:20,363] {processor.py:613} INFO - Processing file /Users/daniel/sensor-data-ELT/dbt-env/lib/python3.7/site-packages/airflow/example_dags/example_subdag_operator.py for tasks to queue
[2021-09-22 00:36:20,365] {logging_mixin.py:109} INFO - [2021-09-22 00:36:20,364] {dagbag.py:496} INFO - Filling up the DagBag from /Users/daniel/sensor-data-ELT/dbt-env/lib/python3.7/site-packages/airflow/example_dags/example_subdag_operator.py
[2021-09-22 00:36:20,403] {processor.py:623} INFO - DAG(s) dict_keys(['example_subdag_operator.section-1', 'example_subdag_operator.section-2', 'example_subdag_operator']) retrieved from /Users/daniel/sensor-data-ELT/dbt-env/lib/python3.7/site-packages/airflow/example_dags/example_subdag_operator.py
[2021-09-22 00:36:20,421] {logging_mixin.py:109} INFO - [2021-09-22 00:36:20,421] {dag.py:1834} INFO - Sync 3 DAGs
[2021-09-22 00:36:20,435] {logging_mixin.py:109} INFO - [2021-09-22 00:36:20,434] {dag.py:2287} INFO - Setting next_dagrun for example_subdag_operator to 2021-09-19 00:00:00+00:00
[2021-09-22 00:36:20,436] {logging_mixin.py:109} INFO - [2021-09-22 00:36:20,436] {dag.py:2287} INFO - Setting next_dagrun for example_subdag_operator.section-1 to None
[2021-09-22 00:36:20,437] {logging_mixin.py:109} INFO - [2021-09-22 00:36:20,436] {dag.py:2287} INFO - Setting next_dagrun for example_subdag_operator.section-2 to None
[2021-09-22 00:36:20,445] {logging_mixin.py:109} INFO - [2021-09-22 00:36:20,445] {dag.py:1834} INFO - Sync 2 DAGs
[2021-09-22 00:36:20,453] {logging_mixin.py:109} INFO - [2021-09-22 00:36:20,453] {dag.py:2287} INFO - Setting next_dagrun for example_subdag_operator.section-1 to None
[2021-09-22 00:36:20,453] {logging_mixin.py:109} INFO - [2021-09-22 00:36:20,453] {dag.py:2287} INFO - Setting next_dagrun for example_subdag_operator.section-2 to None
[2021-09-22 00:36:20,460] {processor.py:170} INFO - Processing /Users/daniel/sensor-data-ELT/dbt-env/lib/python3.7/site-packages/airflow/example_dags/example_subdag_operator.py took 0.107 seconds
[2021-09-22 00:36:56,449] {processor.py:162} INFO - Started process (PID=39386) to work on /Users/daniel/sensor-data-ELT/dbt-env/lib/python3.7/site-packages/airflow/example_dags/example_subdag_operator.py
[2021-09-22 00:36:56,452] {processor.py:613} INFO - Processing file /Users/daniel/sensor-data-ELT/dbt-env/lib/python3.7/site-packages/airflow/example_dags/example_subdag_operator.py for tasks to queue
[2021-09-22 00:36:56,454] {logging_mixin.py:109} INFO - [2021-09-22 00:36:56,453] {dagbag.py:496} INFO - Filling up the DagBag from /Users/daniel/sensor-data-ELT/dbt-env/lib/python3.7/site-packages/airflow/example_dags/example_subdag_operator.py
[2021-09-22 00:36:56,501] {processor.py:623} INFO - DAG(s) dict_keys(['example_subdag_operator.section-1', 'example_subdag_operator.section-2', 'example_subdag_operator']) retrieved from /Users/daniel/sensor-data-ELT/dbt-env/lib/python3.7/site-packages/airflow/example_dags/example_subdag_operator.py
[2021-09-22 00:36:56,523] {logging_mixin.py:109} INFO - [2021-09-22 00:36:56,523] {dag.py:1834} INFO - Sync 3 DAGs
[2021-09-22 00:36:56,542] {logging_mixin.py:109} INFO - [2021-09-22 00:36:56,542] {dag.py:2287} INFO - Setting next_dagrun for example_subdag_operator to 2021-09-19 00:00:00+00:00
[2021-09-22 00:36:56,544] {logging_mixin.py:109} INFO - [2021-09-22 00:36:56,544] {dag.py:2287} INFO - Setting next_dagrun for example_subdag_operator.section-1 to None
[2021-09-22 00:36:56,545] {logging_mixin.py:109} INFO - [2021-09-22 00:36:56,544] {dag.py:2287} INFO - Setting next_dagrun for example_subdag_operator.section-2 to None
[2021-09-22 00:36:56,553] {logging_mixin.py:109} INFO - [2021-09-22 00:36:56,553] {dag.py:1834} INFO - Sync 2 DAGs
[2021-09-22 00:36:56,560] {logging_mixin.py:109} INFO - [2021-09-22 00:36:56,560] {dag.py:2287} INFO - Setting next_dagrun for example_subdag_operator.section-1 to None
[2021-09-22 00:36:56,561] {logging_mixin.py:109} INFO - [2021-09-22 00:36:56,561] {dag.py:2287} INFO - Setting next_dagrun for example_subdag_operator.section-2 to None
[2021-09-22 00:36:56,568] {processor.py:170} INFO - Processing /Users/daniel/sensor-data-ELT/dbt-env/lib/python3.7/site-packages/airflow/example_dags/example_subdag_operator.py took 0.125 seconds
[2021-09-22 00:37:29,959] {processor.py:162} INFO - Started process (PID=39454) to work on /Users/daniel/sensor-data-ELT/dbt-env/lib/python3.7/site-packages/airflow/example_dags/example_subdag_operator.py
[2021-09-22 00:37:29,961] {processor.py:613} INFO - Processing file /Users/daniel/sensor-data-ELT/dbt-env/lib/python3.7/site-packages/airflow/example_dags/example_subdag_operator.py for tasks to queue
[2021-09-22 00:37:29,962] {logging_mixin.py:109} INFO - [2021-09-22 00:37:29,962] {dagbag.py:496} INFO - Filling up the DagBag from /Users/daniel/sensor-data-ELT/dbt-env/lib/python3.7/site-packages/airflow/example_dags/example_subdag_operator.py
[2021-09-22 00:37:29,995] {processor.py:623} INFO - DAG(s) dict_keys(['example_subdag_operator.section-1', 'example_subdag_operator.section-2', 'example_subdag_operator']) retrieved from /Users/daniel/sensor-data-ELT/dbt-env/lib/python3.7/site-packages/airflow/example_dags/example_subdag_operator.py
[2021-09-22 00:37:30,011] {logging_mixin.py:109} INFO - [2021-09-22 00:37:30,010] {dag.py:1834} INFO - Sync 3 DAGs
[2021-09-22 00:37:30,024] {logging_mixin.py:109} INFO - [2021-09-22 00:37:30,024] {dag.py:2287} INFO - Setting next_dagrun for example_subdag_operator to 2021-09-19 00:00:00+00:00
[2021-09-22 00:37:30,026] {logging_mixin.py:109} INFO - [2021-09-22 00:37:30,026] {dag.py:2287} INFO - Setting next_dagrun for example_subdag_operator.section-1 to None
[2021-09-22 00:37:30,026] {logging_mixin.py:109} INFO - [2021-09-22 00:37:30,026] {dag.py:2287} INFO - Setting next_dagrun for example_subdag_operator.section-2 to None
[2021-09-22 00:37:30,035] {logging_mixin.py:109} INFO - [2021-09-22 00:37:30,035] {dag.py:1834} INFO - Sync 2 DAGs
[2021-09-22 00:37:30,042] {logging_mixin.py:109} INFO - [2021-09-22 00:37:30,042] {dag.py:2287} INFO - Setting next_dagrun for example_subdag_operator.section-1 to None
[2021-09-22 00:37:30,042] {logging_mixin.py:109} INFO - [2021-09-22 00:37:30,042] {dag.py:2287} INFO - Setting next_dagrun for example_subdag_operator.section-2 to None
[2021-09-22 00:37:30,049] {processor.py:170} INFO - Processing /Users/daniel/sensor-data-ELT/dbt-env/lib/python3.7/site-packages/airflow/example_dags/example_subdag_operator.py took 0.094 seconds
[2021-09-22 00:38:04,933] {processor.py:162} INFO - Started process (PID=39548) to work on /Users/daniel/sensor-data-ELT/dbt-env/lib/python3.7/site-packages/airflow/example_dags/example_subdag_operator.py
[2021-09-22 00:38:04,936] {processor.py:613} INFO - Processing file /Users/daniel/sensor-data-ELT/dbt-env/lib/python3.7/site-packages/airflow/example_dags/example_subdag_operator.py for tasks to queue
[2021-09-22 00:38:04,938] {logging_mixin.py:109} INFO - [2021-09-22 00:38:04,937] {dagbag.py:496} INFO - Filling up the DagBag from /Users/daniel/sensor-data-ELT/dbt-env/lib/python3.7/site-packages/airflow/example_dags/example_subdag_operator.py
[2021-09-22 00:38:04,997] {processor.py:623} INFO - DAG(s) dict_keys(['example_subdag_operator.section-1', 'example_subdag_operator.section-2', 'example_subdag_operator']) retrieved from /Users/daniel/sensor-data-ELT/dbt-env/lib/python3.7/site-packages/airflow/example_dags/example_subdag_operator.py
[2021-09-22 00:38:05,245] {logging_mixin.py:109} INFO - [2021-09-22 00:38:05,239] {dag.py:1834} INFO - Sync 3 DAGs
[2021-09-22 00:38:05,270] {logging_mixin.py:109} INFO - [2021-09-22 00:38:05,270] {dag.py:2287} INFO - Setting next_dagrun for example_subdag_operator to 2021-09-19 00:00:00+00:00
[2021-09-22 00:38:05,274] {logging_mixin.py:109} INFO - [2021-09-22 00:38:05,273] {dag.py:2287} INFO - Setting next_dagrun for example_subdag_operator.section-1 to None
[2021-09-22 00:38:05,274] {logging_mixin.py:109} INFO - [2021-09-22 00:38:05,274] {dag.py:2287} INFO - Setting next_dagrun for example_subdag_operator.section-2 to None
[2021-09-22 00:38:05,290] {logging_mixin.py:109} INFO - [2021-09-22 00:38:05,290] {dag.py:1834} INFO - Sync 2 DAGs
[2021-09-22 00:38:05,302] {logging_mixin.py:109} INFO - [2021-09-22 00:38:05,301] {dag.py:2287} INFO - Setting next_dagrun for example_subdag_operator.section-1 to None
[2021-09-22 00:38:05,302] {logging_mixin.py:109} INFO - [2021-09-22 00:38:05,302] {dag.py:2287} INFO - Setting next_dagrun for example_subdag_operator.section-2 to None
[2021-09-22 00:38:05,398] {processor.py:170} INFO - Processing /Users/daniel/sensor-data-ELT/dbt-env/lib/python3.7/site-packages/airflow/example_dags/example_subdag_operator.py took 0.476 seconds
[2021-09-22 00:38:40,272] {processor.py:162} INFO - Started process (PID=39586) to work on /Users/daniel/sensor-data-ELT/dbt-env/lib/python3.7/site-packages/airflow/example_dags/example_subdag_operator.py
[2021-09-22 00:38:40,275] {processor.py:613} INFO - Processing file /Users/daniel/sensor-data-ELT/dbt-env/lib/python3.7/site-packages/airflow/example_dags/example_subdag_operator.py for tasks to queue
[2021-09-22 00:38:40,277] {logging_mixin.py:109} INFO - [2021-09-22 00:38:40,277] {dagbag.py:496} INFO - Filling up the DagBag from /Users/daniel/sensor-data-ELT/dbt-env/lib/python3.7/site-packages/airflow/example_dags/example_subdag_operator.py
[2021-09-22 00:38:40,341] {processor.py:623} INFO - DAG(s) dict_keys(['example_subdag_operator.section-1', 'example_subdag_operator.section-2', 'example_subdag_operator']) retrieved from /Users/daniel/sensor-data-ELT/dbt-env/lib/python3.7/site-packages/airflow/example_dags/example_subdag_operator.py
[2021-09-22 00:38:40,378] {logging_mixin.py:109} INFO - [2021-09-22 00:38:40,377] {dag.py:1834} INFO - Sync 3 DAGs
[2021-09-22 00:38:40,394] {logging_mixin.py:109} INFO - [2021-09-22 00:38:40,394] {dag.py:2287} INFO - Setting next_dagrun for example_subdag_operator to 2021-09-19 00:00:00+00:00
[2021-09-22 00:38:40,395] {logging_mixin.py:109} INFO - [2021-09-22 00:38:40,395] {dag.py:2287} INFO - Setting next_dagrun for example_subdag_operator.section-1 to None
[2021-09-22 00:38:40,396] {logging_mixin.py:109} INFO - [2021-09-22 00:38:40,396] {dag.py:2287} INFO - Setting next_dagrun for example_subdag_operator.section-2 to None
[2021-09-22 00:38:40,405] {logging_mixin.py:109} INFO - [2021-09-22 00:38:40,404] {dag.py:1834} INFO - Sync 2 DAGs
[2021-09-22 00:38:40,411] {logging_mixin.py:109} INFO - [2021-09-22 00:38:40,411] {dag.py:2287} INFO - Setting next_dagrun for example_subdag_operator.section-1 to None
[2021-09-22 00:38:40,411] {logging_mixin.py:109} INFO - [2021-09-22 00:38:40,411] {dag.py:2287} INFO - Setting next_dagrun for example_subdag_operator.section-2 to None
[2021-09-22 00:38:40,420] {processor.py:170} INFO - Processing /Users/daniel/sensor-data-ELT/dbt-env/lib/python3.7/site-packages/airflow/example_dags/example_subdag_operator.py took 0.156 seconds
[2021-09-22 01:18:33,499] {processor.py:162} INFO - Started process (PID=41011) to work on /Users/daniel/sensor-data-ELT/dbt-env/lib/python3.7/site-packages/airflow/example_dags/example_subdag_operator.py
[2021-09-22 01:18:33,501] {processor.py:613} INFO - Processing file /Users/daniel/sensor-data-ELT/dbt-env/lib/python3.7/site-packages/airflow/example_dags/example_subdag_operator.py for tasks to queue
[2021-09-22 01:18:33,503] {logging_mixin.py:109} INFO - [2021-09-22 01:18:33,503] {dagbag.py:496} INFO - Filling up the DagBag from /Users/daniel/sensor-data-ELT/dbt-env/lib/python3.7/site-packages/airflow/example_dags/example_subdag_operator.py
[2021-09-22 01:18:33,545] {processor.py:623} INFO - DAG(s) dict_keys(['example_subdag_operator.section-1', 'example_subdag_operator.section-2', 'example_subdag_operator']) retrieved from /Users/daniel/sensor-data-ELT/dbt-env/lib/python3.7/site-packages/airflow/example_dags/example_subdag_operator.py
[2021-09-22 01:18:33,569] {logging_mixin.py:109} INFO - [2021-09-22 01:18:33,569] {dag.py:1834} INFO - Sync 3 DAGs
[2021-09-22 01:18:33,726] {logging_mixin.py:109} INFO - [2021-09-22 01:18:33,725] {dag.py:2287} INFO - Setting next_dagrun for example_subdag_operator to 2021-09-19 00:00:00+00:00
[2021-09-22 01:18:33,727] {logging_mixin.py:109} INFO - [2021-09-22 01:18:33,727] {dag.py:2287} INFO - Setting next_dagrun for example_subdag_operator.section-1 to None
[2021-09-22 01:18:33,728] {logging_mixin.py:109} INFO - [2021-09-22 01:18:33,727] {dag.py:2287} INFO - Setting next_dagrun for example_subdag_operator.section-2 to None
[2021-09-22 01:18:33,736] {logging_mixin.py:109} INFO - [2021-09-22 01:18:33,736] {dag.py:1834} INFO - Sync 2 DAGs
[2021-09-22 01:18:33,750] {logging_mixin.py:109} INFO - [2021-09-22 01:18:33,750] {dag.py:2287} INFO - Setting next_dagrun for example_subdag_operator.section-1 to None
[2021-09-22 01:18:33,751] {logging_mixin.py:109} INFO - [2021-09-22 01:18:33,751] {dag.py:2287} INFO - Setting next_dagrun for example_subdag_operator.section-2 to None
[2021-09-22 01:18:33,759] {processor.py:170} INFO - Processing /Users/daniel/sensor-data-ELT/dbt-env/lib/python3.7/site-packages/airflow/example_dags/example_subdag_operator.py took 0.265 seconds
