[2021-09-22 00:18:16,748] {processor.py:162} INFO - Started process (PID=37020) to work on /Users/daniel/sensor-data-ELT/dbt-env/lib/python3.7/site-packages/airflow/example_dags/example_branch_labels.py
[2021-09-22 00:18:16,750] {processor.py:613} INFO - Processing file /Users/daniel/sensor-data-ELT/dbt-env/lib/python3.7/site-packages/airflow/example_dags/example_branch_labels.py for tasks to queue
[2021-09-22 00:18:16,751] {logging_mixin.py:109} INFO - [2021-09-22 00:18:16,751] {dagbag.py:496} INFO - Filling up the DagBag from /Users/daniel/sensor-data-ELT/dbt-env/lib/python3.7/site-packages/airflow/example_dags/example_branch_labels.py
[2021-09-22 00:18:16,767] {processor.py:623} INFO - DAG(s) dict_keys(['example_branch_labels']) retrieved from /Users/daniel/sensor-data-ELT/dbt-env/lib/python3.7/site-packages/airflow/example_dags/example_branch_labels.py
[2021-09-22 00:18:16,784] {logging_mixin.py:109} INFO - [2021-09-22 00:18:16,784] {dag.py:1834} INFO - Sync 1 DAGs
[2021-09-22 00:18:16,803] {logging_mixin.py:109} INFO - [2021-09-22 00:18:16,803] {dag.py:2287} INFO - Setting next_dagrun for example_branch_labels to 2021-09-19 00:00:00+00:00
[2021-09-22 00:18:16,814] {processor.py:170} INFO - Processing /Users/daniel/sensor-data-ELT/dbt-env/lib/python3.7/site-packages/airflow/example_dags/example_branch_labels.py took 0.070 seconds
[2021-09-22 00:18:51,524] {processor.py:162} INFO - Started process (PID=37082) to work on /Users/daniel/sensor-data-ELT/dbt-env/lib/python3.7/site-packages/airflow/example_dags/example_branch_labels.py
[2021-09-22 00:18:51,526] {processor.py:613} INFO - Processing file /Users/daniel/sensor-data-ELT/dbt-env/lib/python3.7/site-packages/airflow/example_dags/example_branch_labels.py for tasks to queue
[2021-09-22 00:18:51,528] {logging_mixin.py:109} INFO - [2021-09-22 00:18:51,528] {dagbag.py:496} INFO - Filling up the DagBag from /Users/daniel/sensor-data-ELT/dbt-env/lib/python3.7/site-packages/airflow/example_dags/example_branch_labels.py
[2021-09-22 00:18:51,558] {processor.py:623} INFO - DAG(s) dict_keys(['example_branch_labels']) retrieved from /Users/daniel/sensor-data-ELT/dbt-env/lib/python3.7/site-packages/airflow/example_dags/example_branch_labels.py
[2021-09-22 00:18:51,579] {logging_mixin.py:109} INFO - [2021-09-22 00:18:51,579] {dag.py:1834} INFO - Sync 1 DAGs
[2021-09-22 00:18:51,599] {logging_mixin.py:109} INFO - [2021-09-22 00:18:51,599] {dag.py:2287} INFO - Setting next_dagrun for example_branch_labels to 2021-09-19 00:00:00+00:00
[2021-09-22 00:18:51,613] {processor.py:170} INFO - Processing /Users/daniel/sensor-data-ELT/dbt-env/lib/python3.7/site-packages/airflow/example_dags/example_branch_labels.py took 0.094 seconds
[2021-09-22 00:19:27,963] {processor.py:162} INFO - Started process (PID=37161) to work on /Users/daniel/sensor-data-ELT/dbt-env/lib/python3.7/site-packages/airflow/example_dags/example_branch_labels.py
[2021-09-22 00:19:27,966] {processor.py:613} INFO - Processing file /Users/daniel/sensor-data-ELT/dbt-env/lib/python3.7/site-packages/airflow/example_dags/example_branch_labels.py for tasks to queue
[2021-09-22 00:19:27,968] {logging_mixin.py:109} INFO - [2021-09-22 00:19:27,967] {dagbag.py:496} INFO - Filling up the DagBag from /Users/daniel/sensor-data-ELT/dbt-env/lib/python3.7/site-packages/airflow/example_dags/example_branch_labels.py
[2021-09-22 00:19:27,990] {processor.py:623} INFO - DAG(s) dict_keys(['example_branch_labels']) retrieved from /Users/daniel/sensor-data-ELT/dbt-env/lib/python3.7/site-packages/airflow/example_dags/example_branch_labels.py
[2021-09-22 00:19:28,018] {logging_mixin.py:109} INFO - [2021-09-22 00:19:28,017] {dag.py:1834} INFO - Sync 1 DAGs
[2021-09-22 00:19:28,044] {logging_mixin.py:109} INFO - [2021-09-22 00:19:28,044] {dag.py:2287} INFO - Setting next_dagrun for example_branch_labels to 2021-09-19 00:00:00+00:00
[2021-09-22 00:19:28,055] {processor.py:170} INFO - Processing /Users/daniel/sensor-data-ELT/dbt-env/lib/python3.7/site-packages/airflow/example_dags/example_branch_labels.py took 0.097 seconds
[2021-09-22 00:20:03,926] {processor.py:162} INFO - Started process (PID=37578) to work on /Users/daniel/sensor-data-ELT/dbt-env/lib/python3.7/site-packages/airflow/example_dags/example_branch_labels.py
[2021-09-22 00:20:03,929] {processor.py:613} INFO - Processing file /Users/daniel/sensor-data-ELT/dbt-env/lib/python3.7/site-packages/airflow/example_dags/example_branch_labels.py for tasks to queue
[2021-09-22 00:20:03,930] {logging_mixin.py:109} INFO - [2021-09-22 00:20:03,930] {dagbag.py:496} INFO - Filling up the DagBag from /Users/daniel/sensor-data-ELT/dbt-env/lib/python3.7/site-packages/airflow/example_dags/example_branch_labels.py
[2021-09-22 00:20:03,951] {processor.py:623} INFO - DAG(s) dict_keys(['example_branch_labels']) retrieved from /Users/daniel/sensor-data-ELT/dbt-env/lib/python3.7/site-packages/airflow/example_dags/example_branch_labels.py
[2021-09-22 00:20:03,973] {logging_mixin.py:109} INFO - [2021-09-22 00:20:03,972] {dag.py:1834} INFO - Sync 1 DAGs
[2021-09-22 00:20:03,997] {logging_mixin.py:109} INFO - [2021-09-22 00:20:03,997] {dag.py:2287} INFO - Setting next_dagrun for example_branch_labels to 2021-09-19 00:00:00+00:00
[2021-09-22 00:20:04,009] {processor.py:170} INFO - Processing /Users/daniel/sensor-data-ELT/dbt-env/lib/python3.7/site-packages/airflow/example_dags/example_branch_labels.py took 0.088 seconds
[2021-09-22 00:20:40,560] {processor.py:162} INFO - Started process (PID=37969) to work on /Users/daniel/sensor-data-ELT/dbt-env/lib/python3.7/site-packages/airflow/example_dags/example_branch_labels.py
[2021-09-22 00:20:40,564] {processor.py:613} INFO - Processing file /Users/daniel/sensor-data-ELT/dbt-env/lib/python3.7/site-packages/airflow/example_dags/example_branch_labels.py for tasks to queue
[2021-09-22 00:20:40,566] {logging_mixin.py:109} INFO - [2021-09-22 00:20:40,566] {dagbag.py:496} INFO - Filling up the DagBag from /Users/daniel/sensor-data-ELT/dbt-env/lib/python3.7/site-packages/airflow/example_dags/example_branch_labels.py
[2021-09-22 00:20:40,602] {processor.py:623} INFO - DAG(s) dict_keys(['example_branch_labels']) retrieved from /Users/daniel/sensor-data-ELT/dbt-env/lib/python3.7/site-packages/airflow/example_dags/example_branch_labels.py
[2021-09-22 00:20:40,652] {logging_mixin.py:109} INFO - [2021-09-22 00:20:40,651] {dag.py:1834} INFO - Sync 1 DAGs
[2021-09-22 00:20:40,705] {logging_mixin.py:109} INFO - [2021-09-22 00:20:40,703] {dag.py:2287} INFO - Setting next_dagrun for example_branch_labels to 2021-09-19 00:00:00+00:00
[2021-09-22 00:20:40,972] {processor.py:170} INFO - Processing /Users/daniel/sensor-data-ELT/dbt-env/lib/python3.7/site-packages/airflow/example_dags/example_branch_labels.py took 0.422 seconds
[2021-09-22 00:21:39,060] {processor.py:162} INFO - Started process (PID=38479) to work on /Users/daniel/sensor-data-ELT/dbt-env/lib/python3.7/site-packages/airflow/example_dags/example_branch_labels.py
[2021-09-22 00:21:39,063] {processor.py:613} INFO - Processing file /Users/daniel/sensor-data-ELT/dbt-env/lib/python3.7/site-packages/airflow/example_dags/example_branch_labels.py for tasks to queue
[2021-09-22 00:21:39,064] {logging_mixin.py:109} INFO - [2021-09-22 00:21:39,064] {dagbag.py:496} INFO - Filling up the DagBag from /Users/daniel/sensor-data-ELT/dbt-env/lib/python3.7/site-packages/airflow/example_dags/example_branch_labels.py
[2021-09-22 00:21:39,087] {processor.py:623} INFO - DAG(s) dict_keys(['example_branch_labels']) retrieved from /Users/daniel/sensor-data-ELT/dbt-env/lib/python3.7/site-packages/airflow/example_dags/example_branch_labels.py
[2021-09-22 00:21:39,104] {logging_mixin.py:109} INFO - [2021-09-22 00:21:39,103] {dag.py:1834} INFO - Sync 1 DAGs
[2021-09-22 00:21:39,124] {logging_mixin.py:109} INFO - [2021-09-22 00:21:39,124] {dag.py:2287} INFO - Setting next_dagrun for example_branch_labels to 2021-09-19 00:00:00+00:00
[2021-09-22 00:21:39,135] {processor.py:170} INFO - Processing /Users/daniel/sensor-data-ELT/dbt-env/lib/python3.7/site-packages/airflow/example_dags/example_branch_labels.py took 0.079 seconds
[2021-09-22 00:22:13,902] {processor.py:162} INFO - Started process (PID=38562) to work on /Users/daniel/sensor-data-ELT/dbt-env/lib/python3.7/site-packages/airflow/example_dags/example_branch_labels.py
[2021-09-22 00:22:13,903] {processor.py:613} INFO - Processing file /Users/daniel/sensor-data-ELT/dbt-env/lib/python3.7/site-packages/airflow/example_dags/example_branch_labels.py for tasks to queue
[2021-09-22 00:22:13,904] {logging_mixin.py:109} INFO - [2021-09-22 00:22:13,904] {dagbag.py:496} INFO - Filling up the DagBag from /Users/daniel/sensor-data-ELT/dbt-env/lib/python3.7/site-packages/airflow/example_dags/example_branch_labels.py
[2021-09-22 00:22:13,921] {processor.py:623} INFO - DAG(s) dict_keys(['example_branch_labels']) retrieved from /Users/daniel/sensor-data-ELT/dbt-env/lib/python3.7/site-packages/airflow/example_dags/example_branch_labels.py
[2021-09-22 00:22:13,939] {logging_mixin.py:109} INFO - [2021-09-22 00:22:13,939] {dag.py:1834} INFO - Sync 1 DAGs
[2021-09-22 00:22:13,973] {logging_mixin.py:109} INFO - [2021-09-22 00:22:13,973] {dag.py:2287} INFO - Setting next_dagrun for example_branch_labels to 2021-09-19 00:00:00+00:00
[2021-09-22 00:22:13,988] {processor.py:170} INFO - Processing /Users/daniel/sensor-data-ELT/dbt-env/lib/python3.7/site-packages/airflow/example_dags/example_branch_labels.py took 0.091 seconds
[2021-09-22 00:22:52,554] {processor.py:162} INFO - Started process (PID=38628) to work on /Users/daniel/sensor-data-ELT/dbt-env/lib/python3.7/site-packages/airflow/example_dags/example_branch_labels.py
[2021-09-22 00:22:52,556] {processor.py:613} INFO - Processing file /Users/daniel/sensor-data-ELT/dbt-env/lib/python3.7/site-packages/airflow/example_dags/example_branch_labels.py for tasks to queue
[2021-09-22 00:22:52,558] {logging_mixin.py:109} INFO - [2021-09-22 00:22:52,557] {dagbag.py:496} INFO - Filling up the DagBag from /Users/daniel/sensor-data-ELT/dbt-env/lib/python3.7/site-packages/airflow/example_dags/example_branch_labels.py
[2021-09-22 00:22:52,578] {processor.py:623} INFO - DAG(s) dict_keys(['example_branch_labels']) retrieved from /Users/daniel/sensor-data-ELT/dbt-env/lib/python3.7/site-packages/airflow/example_dags/example_branch_labels.py
[2021-09-22 00:22:52,599] {logging_mixin.py:109} INFO - [2021-09-22 00:22:52,598] {dag.py:1834} INFO - Sync 1 DAGs
[2021-09-22 00:22:52,624] {logging_mixin.py:109} INFO - [2021-09-22 00:22:52,624] {dag.py:2287} INFO - Setting next_dagrun for example_branch_labels to 2021-09-19 00:00:00+00:00
[2021-09-22 00:22:52,635] {processor.py:170} INFO - Processing /Users/daniel/sensor-data-ELT/dbt-env/lib/python3.7/site-packages/airflow/example_dags/example_branch_labels.py took 0.087 seconds
[2021-09-22 00:23:27,891] {processor.py:162} INFO - Started process (PID=38672) to work on /Users/daniel/sensor-data-ELT/dbt-env/lib/python3.7/site-packages/airflow/example_dags/example_branch_labels.py
[2021-09-22 00:23:27,893] {processor.py:613} INFO - Processing file /Users/daniel/sensor-data-ELT/dbt-env/lib/python3.7/site-packages/airflow/example_dags/example_branch_labels.py for tasks to queue
[2021-09-22 00:23:27,894] {logging_mixin.py:109} INFO - [2021-09-22 00:23:27,894] {dagbag.py:496} INFO - Filling up the DagBag from /Users/daniel/sensor-data-ELT/dbt-env/lib/python3.7/site-packages/airflow/example_dags/example_branch_labels.py
[2021-09-22 00:23:27,912] {processor.py:623} INFO - DAG(s) dict_keys(['example_branch_labels']) retrieved from /Users/daniel/sensor-data-ELT/dbt-env/lib/python3.7/site-packages/airflow/example_dags/example_branch_labels.py
[2021-09-22 00:23:27,929] {logging_mixin.py:109} INFO - [2021-09-22 00:23:27,929] {dag.py:1834} INFO - Sync 1 DAGs
[2021-09-22 00:23:27,950] {logging_mixin.py:109} INFO - [2021-09-22 00:23:27,950] {dag.py:2287} INFO - Setting next_dagrun for example_branch_labels to 2021-09-19 00:00:00+00:00
[2021-09-22 00:23:27,960] {processor.py:170} INFO - Processing /Users/daniel/sensor-data-ELT/dbt-env/lib/python3.7/site-packages/airflow/example_dags/example_branch_labels.py took 0.073 seconds
[2021-09-22 00:24:03,836] {processor.py:162} INFO - Started process (PID=38752) to work on /Users/daniel/sensor-data-ELT/dbt-env/lib/python3.7/site-packages/airflow/example_dags/example_branch_labels.py
[2021-09-22 00:24:03,839] {processor.py:613} INFO - Processing file /Users/daniel/sensor-data-ELT/dbt-env/lib/python3.7/site-packages/airflow/example_dags/example_branch_labels.py for tasks to queue
[2021-09-22 00:24:03,840] {logging_mixin.py:109} INFO - [2021-09-22 00:24:03,840] {dagbag.py:496} INFO - Filling up the DagBag from /Users/daniel/sensor-data-ELT/dbt-env/lib/python3.7/site-packages/airflow/example_dags/example_branch_labels.py
[2021-09-22 00:24:03,857] {processor.py:623} INFO - DAG(s) dict_keys(['example_branch_labels']) retrieved from /Users/daniel/sensor-data-ELT/dbt-env/lib/python3.7/site-packages/airflow/example_dags/example_branch_labels.py
[2021-09-22 00:24:03,876] {logging_mixin.py:109} INFO - [2021-09-22 00:24:03,876] {dag.py:1834} INFO - Sync 1 DAGs
[2021-09-22 00:24:03,898] {logging_mixin.py:109} INFO - [2021-09-22 00:24:03,898] {dag.py:2287} INFO - Setting next_dagrun for example_branch_labels to 2021-09-19 00:00:00+00:00
[2021-09-22 00:24:03,909] {processor.py:170} INFO - Processing /Users/daniel/sensor-data-ELT/dbt-env/lib/python3.7/site-packages/airflow/example_dags/example_branch_labels.py took 0.077 seconds
[2021-09-22 00:33:48,831] {processor.py:162} INFO - Started process (PID=39095) to work on /Users/daniel/sensor-data-ELT/dbt-env/lib/python3.7/site-packages/airflow/example_dags/example_branch_labels.py
[2021-09-22 00:33:48,833] {processor.py:613} INFO - Processing file /Users/daniel/sensor-data-ELT/dbt-env/lib/python3.7/site-packages/airflow/example_dags/example_branch_labels.py for tasks to queue
[2021-09-22 00:33:48,834] {logging_mixin.py:109} INFO - [2021-09-22 00:33:48,834] {dagbag.py:496} INFO - Filling up the DagBag from /Users/daniel/sensor-data-ELT/dbt-env/lib/python3.7/site-packages/airflow/example_dags/example_branch_labels.py
[2021-09-22 00:33:48,854] {processor.py:623} INFO - DAG(s) dict_keys(['example_branch_labels']) retrieved from /Users/daniel/sensor-data-ELT/dbt-env/lib/python3.7/site-packages/airflow/example_dags/example_branch_labels.py
[2021-09-22 00:33:48,874] {logging_mixin.py:109} INFO - [2021-09-22 00:33:48,874] {dag.py:1834} INFO - Sync 1 DAGs
[2021-09-22 00:33:48,900] {logging_mixin.py:109} INFO - [2021-09-22 00:33:48,900] {dag.py:2287} INFO - Setting next_dagrun for example_branch_labels to 2021-09-19 00:00:00+00:00
[2021-09-22 00:33:48,912] {processor.py:170} INFO - Processing /Users/daniel/sensor-data-ELT/dbt-env/lib/python3.7/site-packages/airflow/example_dags/example_branch_labels.py took 0.085 seconds
[2021-09-22 00:34:22,451] {processor.py:162} INFO - Started process (PID=39158) to work on /Users/daniel/sensor-data-ELT/dbt-env/lib/python3.7/site-packages/airflow/example_dags/example_branch_labels.py
[2021-09-22 00:34:22,452] {processor.py:613} INFO - Processing file /Users/daniel/sensor-data-ELT/dbt-env/lib/python3.7/site-packages/airflow/example_dags/example_branch_labels.py for tasks to queue
[2021-09-22 00:34:22,454] {logging_mixin.py:109} INFO - [2021-09-22 00:34:22,453] {dagbag.py:496} INFO - Filling up the DagBag from /Users/daniel/sensor-data-ELT/dbt-env/lib/python3.7/site-packages/airflow/example_dags/example_branch_labels.py
[2021-09-22 00:34:22,471] {processor.py:623} INFO - DAG(s) dict_keys(['example_branch_labels']) retrieved from /Users/daniel/sensor-data-ELT/dbt-env/lib/python3.7/site-packages/airflow/example_dags/example_branch_labels.py
[2021-09-22 00:34:22,489] {logging_mixin.py:109} INFO - [2021-09-22 00:34:22,489] {dag.py:1834} INFO - Sync 1 DAGs
[2021-09-22 00:34:22,512] {logging_mixin.py:109} INFO - [2021-09-22 00:34:22,512] {dag.py:2287} INFO - Setting next_dagrun for example_branch_labels to 2021-09-19 00:00:00+00:00
[2021-09-22 00:34:22,522] {processor.py:170} INFO - Processing /Users/daniel/sensor-data-ELT/dbt-env/lib/python3.7/site-packages/airflow/example_dags/example_branch_labels.py took 0.076 seconds
[2021-09-22 00:34:58,412] {processor.py:162} INFO - Started process (PID=39233) to work on /Users/daniel/sensor-data-ELT/dbt-env/lib/python3.7/site-packages/airflow/example_dags/example_branch_labels.py
[2021-09-22 00:34:58,414] {processor.py:613} INFO - Processing file /Users/daniel/sensor-data-ELT/dbt-env/lib/python3.7/site-packages/airflow/example_dags/example_branch_labels.py for tasks to queue
[2021-09-22 00:34:58,416] {logging_mixin.py:109} INFO - [2021-09-22 00:34:58,415] {dagbag.py:496} INFO - Filling up the DagBag from /Users/daniel/sensor-data-ELT/dbt-env/lib/python3.7/site-packages/airflow/example_dags/example_branch_labels.py
[2021-09-22 00:34:58,433] {processor.py:623} INFO - DAG(s) dict_keys(['example_branch_labels']) retrieved from /Users/daniel/sensor-data-ELT/dbt-env/lib/python3.7/site-packages/airflow/example_dags/example_branch_labels.py
[2021-09-22 00:34:58,451] {logging_mixin.py:109} INFO - [2021-09-22 00:34:58,451] {dag.py:1834} INFO - Sync 1 DAGs
[2021-09-22 00:34:58,471] {logging_mixin.py:109} INFO - [2021-09-22 00:34:58,471] {dag.py:2287} INFO - Setting next_dagrun for example_branch_labels to 2021-09-19 00:00:00+00:00
[2021-09-22 00:34:58,483] {processor.py:170} INFO - Processing /Users/daniel/sensor-data-ELT/dbt-env/lib/python3.7/site-packages/airflow/example_dags/example_branch_labels.py took 0.075 seconds
[2021-09-22 00:35:33,177] {processor.py:162} INFO - Started process (PID=39265) to work on /Users/daniel/sensor-data-ELT/dbt-env/lib/python3.7/site-packages/airflow/example_dags/example_branch_labels.py
[2021-09-22 00:35:33,180] {processor.py:613} INFO - Processing file /Users/daniel/sensor-data-ELT/dbt-env/lib/python3.7/site-packages/airflow/example_dags/example_branch_labels.py for tasks to queue
[2021-09-22 00:35:33,181] {logging_mixin.py:109} INFO - [2021-09-22 00:35:33,181] {dagbag.py:496} INFO - Filling up the DagBag from /Users/daniel/sensor-data-ELT/dbt-env/lib/python3.7/site-packages/airflow/example_dags/example_branch_labels.py
[2021-09-22 00:35:33,199] {processor.py:623} INFO - DAG(s) dict_keys(['example_branch_labels']) retrieved from /Users/daniel/sensor-data-ELT/dbt-env/lib/python3.7/site-packages/airflow/example_dags/example_branch_labels.py
[2021-09-22 00:35:33,218] {logging_mixin.py:109} INFO - [2021-09-22 00:35:33,217] {dag.py:1834} INFO - Sync 1 DAGs
[2021-09-22 00:35:33,239] {logging_mixin.py:109} INFO - [2021-09-22 00:35:33,238] {dag.py:2287} INFO - Setting next_dagrun for example_branch_labels to 2021-09-19 00:00:00+00:00
[2021-09-22 00:35:33,249] {processor.py:170} INFO - Processing /Users/daniel/sensor-data-ELT/dbt-env/lib/python3.7/site-packages/airflow/example_dags/example_branch_labels.py took 0.078 seconds
[2021-09-22 00:36:05,003] {processor.py:162} INFO - Started process (PID=39297) to work on /Users/daniel/sensor-data-ELT/dbt-env/lib/python3.7/site-packages/airflow/example_dags/example_branch_labels.py
[2021-09-22 00:36:05,006] {processor.py:613} INFO - Processing file /Users/daniel/sensor-data-ELT/dbt-env/lib/python3.7/site-packages/airflow/example_dags/example_branch_labels.py for tasks to queue
[2021-09-22 00:36:05,008] {logging_mixin.py:109} INFO - [2021-09-22 00:36:05,007] {dagbag.py:496} INFO - Filling up the DagBag from /Users/daniel/sensor-data-ELT/dbt-env/lib/python3.7/site-packages/airflow/example_dags/example_branch_labels.py
[2021-09-22 00:36:05,025] {processor.py:623} INFO - DAG(s) dict_keys(['example_branch_labels']) retrieved from /Users/daniel/sensor-data-ELT/dbt-env/lib/python3.7/site-packages/airflow/example_dags/example_branch_labels.py
[2021-09-22 00:36:05,043] {logging_mixin.py:109} INFO - [2021-09-22 00:36:05,043] {dag.py:1834} INFO - Sync 1 DAGs
[2021-09-22 00:36:05,065] {logging_mixin.py:109} INFO - [2021-09-22 00:36:05,065] {dag.py:2287} INFO - Setting next_dagrun for example_branch_labels to 2021-09-19 00:00:00+00:00
[2021-09-22 00:36:05,077] {processor.py:170} INFO - Processing /Users/daniel/sensor-data-ELT/dbt-env/lib/python3.7/site-packages/airflow/example_dags/example_branch_labels.py took 0.079 seconds
[2021-09-22 00:36:39,584] {processor.py:162} INFO - Started process (PID=39347) to work on /Users/daniel/sensor-data-ELT/dbt-env/lib/python3.7/site-packages/airflow/example_dags/example_branch_labels.py
[2021-09-22 00:36:39,587] {processor.py:613} INFO - Processing file /Users/daniel/sensor-data-ELT/dbt-env/lib/python3.7/site-packages/airflow/example_dags/example_branch_labels.py for tasks to queue
[2021-09-22 00:36:39,588] {logging_mixin.py:109} INFO - [2021-09-22 00:36:39,588] {dagbag.py:496} INFO - Filling up the DagBag from /Users/daniel/sensor-data-ELT/dbt-env/lib/python3.7/site-packages/airflow/example_dags/example_branch_labels.py
[2021-09-22 00:36:39,604] {processor.py:623} INFO - DAG(s) dict_keys(['example_branch_labels']) retrieved from /Users/daniel/sensor-data-ELT/dbt-env/lib/python3.7/site-packages/airflow/example_dags/example_branch_labels.py
[2021-09-22 00:36:39,621] {logging_mixin.py:109} INFO - [2021-09-22 00:36:39,621] {dag.py:1834} INFO - Sync 1 DAGs
[2021-09-22 00:36:39,641] {logging_mixin.py:109} INFO - [2021-09-22 00:36:39,641] {dag.py:2287} INFO - Setting next_dagrun for example_branch_labels to 2021-09-19 00:00:00+00:00
[2021-09-22 00:36:39,651] {processor.py:170} INFO - Processing /Users/daniel/sensor-data-ELT/dbt-env/lib/python3.7/site-packages/airflow/example_dags/example_branch_labels.py took 0.072 seconds
[2021-09-22 00:37:14,333] {processor.py:162} INFO - Started process (PID=39431) to work on /Users/daniel/sensor-data-ELT/dbt-env/lib/python3.7/site-packages/airflow/example_dags/example_branch_labels.py
[2021-09-22 00:37:14,335] {processor.py:613} INFO - Processing file /Users/daniel/sensor-data-ELT/dbt-env/lib/python3.7/site-packages/airflow/example_dags/example_branch_labels.py for tasks to queue
[2021-09-22 00:37:14,336] {logging_mixin.py:109} INFO - [2021-09-22 00:37:14,336] {dagbag.py:496} INFO - Filling up the DagBag from /Users/daniel/sensor-data-ELT/dbt-env/lib/python3.7/site-packages/airflow/example_dags/example_branch_labels.py
[2021-09-22 00:37:14,351] {processor.py:623} INFO - DAG(s) dict_keys(['example_branch_labels']) retrieved from /Users/daniel/sensor-data-ELT/dbt-env/lib/python3.7/site-packages/airflow/example_dags/example_branch_labels.py
[2021-09-22 00:37:14,370] {logging_mixin.py:109} INFO - [2021-09-22 00:37:14,369] {dag.py:1834} INFO - Sync 1 DAGs
[2021-09-22 00:37:14,391] {logging_mixin.py:109} INFO - [2021-09-22 00:37:14,391] {dag.py:2287} INFO - Setting next_dagrun for example_branch_labels to 2021-09-19 00:00:00+00:00
[2021-09-22 00:37:14,401] {processor.py:170} INFO - Processing /Users/daniel/sensor-data-ELT/dbt-env/lib/python3.7/site-packages/airflow/example_dags/example_branch_labels.py took 0.072 seconds
[2021-09-22 00:37:48,492] {processor.py:162} INFO - Started process (PID=39502) to work on /Users/daniel/sensor-data-ELT/dbt-env/lib/python3.7/site-packages/airflow/example_dags/example_branch_labels.py
[2021-09-22 00:37:48,493] {processor.py:613} INFO - Processing file /Users/daniel/sensor-data-ELT/dbt-env/lib/python3.7/site-packages/airflow/example_dags/example_branch_labels.py for tasks to queue
[2021-09-22 00:37:48,494] {logging_mixin.py:109} INFO - [2021-09-22 00:37:48,494] {dagbag.py:496} INFO - Filling up the DagBag from /Users/daniel/sensor-data-ELT/dbt-env/lib/python3.7/site-packages/airflow/example_dags/example_branch_labels.py
[2021-09-22 00:37:48,512] {processor.py:623} INFO - DAG(s) dict_keys(['example_branch_labels']) retrieved from /Users/daniel/sensor-data-ELT/dbt-env/lib/python3.7/site-packages/airflow/example_dags/example_branch_labels.py
[2021-09-22 00:37:48,530] {logging_mixin.py:109} INFO - [2021-09-22 00:37:48,529] {dag.py:1834} INFO - Sync 1 DAGs
[2021-09-22 00:37:48,551] {logging_mixin.py:109} INFO - [2021-09-22 00:37:48,551] {dag.py:2287} INFO - Setting next_dagrun for example_branch_labels to 2021-09-19 00:00:00+00:00
[2021-09-22 00:37:48,561] {processor.py:170} INFO - Processing /Users/daniel/sensor-data-ELT/dbt-env/lib/python3.7/site-packages/airflow/example_dags/example_branch_labels.py took 0.074 seconds
[2021-09-22 00:38:25,571] {processor.py:162} INFO - Started process (PID=39569) to work on /Users/daniel/sensor-data-ELT/dbt-env/lib/python3.7/site-packages/airflow/example_dags/example_branch_labels.py
[2021-09-22 00:38:25,574] {processor.py:613} INFO - Processing file /Users/daniel/sensor-data-ELT/dbt-env/lib/python3.7/site-packages/airflow/example_dags/example_branch_labels.py for tasks to queue
[2021-09-22 00:38:25,576] {logging_mixin.py:109} INFO - [2021-09-22 00:38:25,575] {dagbag.py:496} INFO - Filling up the DagBag from /Users/daniel/sensor-data-ELT/dbt-env/lib/python3.7/site-packages/airflow/example_dags/example_branch_labels.py
[2021-09-22 00:38:25,593] {processor.py:623} INFO - DAG(s) dict_keys(['example_branch_labels']) retrieved from /Users/daniel/sensor-data-ELT/dbt-env/lib/python3.7/site-packages/airflow/example_dags/example_branch_labels.py
[2021-09-22 00:38:25,610] {logging_mixin.py:109} INFO - [2021-09-22 00:38:25,610] {dag.py:1834} INFO - Sync 1 DAGs
[2021-09-22 00:38:25,630] {logging_mixin.py:109} INFO - [2021-09-22 00:38:25,629] {dag.py:2287} INFO - Setting next_dagrun for example_branch_labels to 2021-09-19 00:00:00+00:00
[2021-09-22 00:38:25,638] {processor.py:170} INFO - Processing /Users/daniel/sensor-data-ELT/dbt-env/lib/python3.7/site-packages/airflow/example_dags/example_branch_labels.py took 0.073 seconds
[2021-09-22 01:18:15,550] {processor.py:162} INFO - Started process (PID=40965) to work on /Users/daniel/sensor-data-ELT/dbt-env/lib/python3.7/site-packages/airflow/example_dags/example_branch_labels.py
[2021-09-22 01:18:15,552] {processor.py:613} INFO - Processing file /Users/daniel/sensor-data-ELT/dbt-env/lib/python3.7/site-packages/airflow/example_dags/example_branch_labels.py for tasks to queue
[2021-09-22 01:18:15,553] {logging_mixin.py:109} INFO - [2021-09-22 01:18:15,553] {dagbag.py:496} INFO - Filling up the DagBag from /Users/daniel/sensor-data-ELT/dbt-env/lib/python3.7/site-packages/airflow/example_dags/example_branch_labels.py
[2021-09-22 01:18:15,571] {processor.py:623} INFO - DAG(s) dict_keys(['example_branch_labels']) retrieved from /Users/daniel/sensor-data-ELT/dbt-env/lib/python3.7/site-packages/airflow/example_dags/example_branch_labels.py
[2021-09-22 01:18:15,591] {logging_mixin.py:109} INFO - [2021-09-22 01:18:15,591] {dag.py:1834} INFO - Sync 1 DAGs
[2021-09-22 01:18:15,616] {logging_mixin.py:109} INFO - [2021-09-22 01:18:15,615] {dag.py:2287} INFO - Setting next_dagrun for example_branch_labels to 2021-09-19 00:00:00+00:00
[2021-09-22 01:18:15,626] {processor.py:170} INFO - Processing /Users/daniel/sensor-data-ELT/dbt-env/lib/python3.7/site-packages/airflow/example_dags/example_branch_labels.py took 0.080 seconds
[2021-09-22 01:18:55,789] {processor.py:162} INFO - Started process (PID=41075) to work on /Users/daniel/sensor-data-ELT/dbt-env/lib/python3.7/site-packages/airflow/example_dags/example_branch_labels.py
[2021-09-22 01:18:55,792] {processor.py:613} INFO - Processing file /Users/daniel/sensor-data-ELT/dbt-env/lib/python3.7/site-packages/airflow/example_dags/example_branch_labels.py for tasks to queue
[2021-09-22 01:18:55,793] {logging_mixin.py:109} INFO - [2021-09-22 01:18:55,793] {dagbag.py:496} INFO - Filling up the DagBag from /Users/daniel/sensor-data-ELT/dbt-env/lib/python3.7/site-packages/airflow/example_dags/example_branch_labels.py
[2021-09-22 01:18:55,808] {processor.py:623} INFO - DAG(s) dict_keys(['example_branch_labels']) retrieved from /Users/daniel/sensor-data-ELT/dbt-env/lib/python3.7/site-packages/airflow/example_dags/example_branch_labels.py
[2021-09-22 01:18:55,825] {logging_mixin.py:109} INFO - [2021-09-22 01:18:55,825] {dag.py:1834} INFO - Sync 1 DAGs
[2021-09-22 01:18:55,847] {logging_mixin.py:109} INFO - [2021-09-22 01:18:55,846] {dag.py:2287} INFO - Setting next_dagrun for example_branch_labels to 2021-09-19 00:00:00+00:00
[2021-09-22 01:18:55,963] {processor.py:170} INFO - Processing /Users/daniel/sensor-data-ELT/dbt-env/lib/python3.7/site-packages/airflow/example_dags/example_branch_labels.py took 0.177 seconds
