[2021-09-22 00:18:39,843] {processor.py:162} INFO - Started process (PID=37051) to work on /Users/daniel/sensor-data-ELT/dbt-env/lib/python3.7/site-packages/airflow/example_dags/example_xcomargs.py
[2021-09-22 00:18:39,845] {processor.py:613} INFO - Processing file /Users/daniel/sensor-data-ELT/dbt-env/lib/python3.7/site-packages/airflow/example_dags/example_xcomargs.py for tasks to queue
[2021-09-22 00:18:39,847] {logging_mixin.py:109} INFO - [2021-09-22 00:18:39,846] {dagbag.py:496} INFO - Filling up the DagBag from /Users/daniel/sensor-data-ELT/dbt-env/lib/python3.7/site-packages/airflow/example_dags/example_xcomargs.py
[2021-09-22 00:18:39,872] {processor.py:623} INFO - DAG(s) dict_keys(['example_xcom_args', 'example_xcom_args_with_operators']) retrieved from /Users/daniel/sensor-data-ELT/dbt-env/lib/python3.7/site-packages/airflow/example_dags/example_xcomargs.py
[2021-09-22 00:18:40,207] {logging_mixin.py:109} INFO - [2021-09-22 00:18:40,207] {dag.py:1834} INFO - Sync 2 DAGs
[2021-09-22 00:18:40,218] {logging_mixin.py:109} INFO - [2021-09-22 00:18:40,218] {dag.py:2287} INFO - Setting next_dagrun for example_xcom_args to None
[2021-09-22 00:18:40,219] {logging_mixin.py:109} INFO - [2021-09-22 00:18:40,219] {dag.py:2287} INFO - Setting next_dagrun for example_xcom_args_with_operators to None
[2021-09-22 00:18:40,233] {processor.py:170} INFO - Processing /Users/daniel/sensor-data-ELT/dbt-env/lib/python3.7/site-packages/airflow/example_dags/example_xcomargs.py took 0.395 seconds
[2021-09-22 00:19:14,985] {processor.py:162} INFO - Started process (PID=37145) to work on /Users/daniel/sensor-data-ELT/dbt-env/lib/python3.7/site-packages/airflow/example_dags/example_xcomargs.py
[2021-09-22 00:19:14,993] {processor.py:613} INFO - Processing file /Users/daniel/sensor-data-ELT/dbt-env/lib/python3.7/site-packages/airflow/example_dags/example_xcomargs.py for tasks to queue
[2021-09-22 00:19:14,995] {logging_mixin.py:109} INFO - [2021-09-22 00:19:14,994] {dagbag.py:496} INFO - Filling up the DagBag from /Users/daniel/sensor-data-ELT/dbt-env/lib/python3.7/site-packages/airflow/example_dags/example_xcomargs.py
[2021-09-22 00:19:15,136] {processor.py:623} INFO - DAG(s) dict_keys(['example_xcom_args', 'example_xcom_args_with_operators']) retrieved from /Users/daniel/sensor-data-ELT/dbt-env/lib/python3.7/site-packages/airflow/example_dags/example_xcomargs.py
[2021-09-22 00:19:15,757] {logging_mixin.py:109} INFO - [2021-09-22 00:19:15,757] {dag.py:1834} INFO - Sync 2 DAGs
[2021-09-22 00:19:15,775] {logging_mixin.py:109} INFO - [2021-09-22 00:19:15,774] {dag.py:2287} INFO - Setting next_dagrun for example_xcom_args to None
[2021-09-22 00:19:15,776] {logging_mixin.py:109} INFO - [2021-09-22 00:19:15,776] {dag.py:2287} INFO - Setting next_dagrun for example_xcom_args_with_operators to None
[2021-09-22 00:19:15,791] {processor.py:170} INFO - Processing /Users/daniel/sensor-data-ELT/dbt-env/lib/python3.7/site-packages/airflow/example_dags/example_xcomargs.py took 0.815 seconds
[2021-09-22 00:19:51,528] {processor.py:162} INFO - Started process (PID=37564) to work on /Users/daniel/sensor-data-ELT/dbt-env/lib/python3.7/site-packages/airflow/example_dags/example_xcomargs.py
[2021-09-22 00:19:51,530] {processor.py:613} INFO - Processing file /Users/daniel/sensor-data-ELT/dbt-env/lib/python3.7/site-packages/airflow/example_dags/example_xcomargs.py for tasks to queue
[2021-09-22 00:19:51,531] {logging_mixin.py:109} INFO - [2021-09-22 00:19:51,531] {dagbag.py:496} INFO - Filling up the DagBag from /Users/daniel/sensor-data-ELT/dbt-env/lib/python3.7/site-packages/airflow/example_dags/example_xcomargs.py
[2021-09-22 00:19:51,558] {processor.py:623} INFO - DAG(s) dict_keys(['example_xcom_args', 'example_xcom_args_with_operators']) retrieved from /Users/daniel/sensor-data-ELT/dbt-env/lib/python3.7/site-packages/airflow/example_dags/example_xcomargs.py
[2021-09-22 00:19:51,899] {logging_mixin.py:109} INFO - [2021-09-22 00:19:51,899] {dag.py:1834} INFO - Sync 2 DAGs
[2021-09-22 00:19:51,911] {logging_mixin.py:109} INFO - [2021-09-22 00:19:51,911] {dag.py:2287} INFO - Setting next_dagrun for example_xcom_args to None
[2021-09-22 00:19:51,912] {logging_mixin.py:109} INFO - [2021-09-22 00:19:51,912] {dag.py:2287} INFO - Setting next_dagrun for example_xcom_args_with_operators to None
[2021-09-22 00:19:51,926] {processor.py:170} INFO - Processing /Users/daniel/sensor-data-ELT/dbt-env/lib/python3.7/site-packages/airflow/example_dags/example_xcomargs.py took 0.403 seconds
[2021-09-22 00:20:28,588] {processor.py:162} INFO - Started process (PID=37607) to work on /Users/daniel/sensor-data-ELT/dbt-env/lib/python3.7/site-packages/airflow/example_dags/example_xcomargs.py
[2021-09-22 00:20:28,593] {processor.py:613} INFO - Processing file /Users/daniel/sensor-data-ELT/dbt-env/lib/python3.7/site-packages/airflow/example_dags/example_xcomargs.py for tasks to queue
[2021-09-22 00:20:28,595] {logging_mixin.py:109} INFO - [2021-09-22 00:20:28,595] {dagbag.py:496} INFO - Filling up the DagBag from /Users/daniel/sensor-data-ELT/dbt-env/lib/python3.7/site-packages/airflow/example_dags/example_xcomargs.py
[2021-09-22 00:20:28,628] {processor.py:623} INFO - DAG(s) dict_keys(['example_xcom_args', 'example_xcom_args_with_operators']) retrieved from /Users/daniel/sensor-data-ELT/dbt-env/lib/python3.7/site-packages/airflow/example_dags/example_xcomargs.py
[2021-09-22 00:20:28,648] {logging_mixin.py:109} INFO - [2021-09-22 00:20:28,648] {dag.py:1834} INFO - Sync 2 DAGs
[2021-09-22 00:20:28,662] {logging_mixin.py:109} INFO - [2021-09-22 00:20:28,661] {dag.py:2287} INFO - Setting next_dagrun for example_xcom_args to None
[2021-09-22 00:20:28,663] {logging_mixin.py:109} INFO - [2021-09-22 00:20:28,663] {dag.py:2287} INFO - Setting next_dagrun for example_xcom_args_with_operators to None
[2021-09-22 00:20:28,675] {processor.py:170} INFO - Processing /Users/daniel/sensor-data-ELT/dbt-env/lib/python3.7/site-packages/airflow/example_dags/example_xcomargs.py took 0.096 seconds
[2021-09-22 00:22:01,154] {processor.py:162} INFO - Started process (PID=38533) to work on /Users/daniel/sensor-data-ELT/dbt-env/lib/python3.7/site-packages/airflow/example_dags/example_xcomargs.py
[2021-09-22 00:22:01,157] {processor.py:613} INFO - Processing file /Users/daniel/sensor-data-ELT/dbt-env/lib/python3.7/site-packages/airflow/example_dags/example_xcomargs.py for tasks to queue
[2021-09-22 00:22:01,158] {logging_mixin.py:109} INFO - [2021-09-22 00:22:01,158] {dagbag.py:496} INFO - Filling up the DagBag from /Users/daniel/sensor-data-ELT/dbt-env/lib/python3.7/site-packages/airflow/example_dags/example_xcomargs.py
[2021-09-22 00:22:01,179] {processor.py:623} INFO - DAG(s) dict_keys(['example_xcom_args', 'example_xcom_args_with_operators']) retrieved from /Users/daniel/sensor-data-ELT/dbt-env/lib/python3.7/site-packages/airflow/example_dags/example_xcomargs.py
[2021-09-22 00:22:01,451] {logging_mixin.py:109} INFO - [2021-09-22 00:22:01,451] {dag.py:1834} INFO - Sync 2 DAGs
[2021-09-22 00:22:01,461] {logging_mixin.py:109} INFO - [2021-09-22 00:22:01,461] {dag.py:2287} INFO - Setting next_dagrun for example_xcom_args to None
[2021-09-22 00:22:01,462] {logging_mixin.py:109} INFO - [2021-09-22 00:22:01,462] {dag.py:2287} INFO - Setting next_dagrun for example_xcom_args_with_operators to None
[2021-09-22 00:22:01,475] {processor.py:170} INFO - Processing /Users/daniel/sensor-data-ELT/dbt-env/lib/python3.7/site-packages/airflow/example_dags/example_xcomargs.py took 0.325 seconds
[2021-09-22 00:22:40,014] {processor.py:162} INFO - Started process (PID=38607) to work on /Users/daniel/sensor-data-ELT/dbt-env/lib/python3.7/site-packages/airflow/example_dags/example_xcomargs.py
[2021-09-22 00:22:40,019] {processor.py:613} INFO - Processing file /Users/daniel/sensor-data-ELT/dbt-env/lib/python3.7/site-packages/airflow/example_dags/example_xcomargs.py for tasks to queue
[2021-09-22 00:22:40,021] {logging_mixin.py:109} INFO - [2021-09-22 00:22:40,021] {dagbag.py:496} INFO - Filling up the DagBag from /Users/daniel/sensor-data-ELT/dbt-env/lib/python3.7/site-packages/airflow/example_dags/example_xcomargs.py
[2021-09-22 00:22:40,104] {processor.py:623} INFO - DAG(s) dict_keys(['example_xcom_args', 'example_xcom_args_with_operators']) retrieved from /Users/daniel/sensor-data-ELT/dbt-env/lib/python3.7/site-packages/airflow/example_dags/example_xcomargs.py
[2021-09-22 00:22:40,588] {logging_mixin.py:109} INFO - [2021-09-22 00:22:40,588] {dag.py:1834} INFO - Sync 2 DAGs
[2021-09-22 00:22:40,599] {logging_mixin.py:109} INFO - [2021-09-22 00:22:40,599] {dag.py:2287} INFO - Setting next_dagrun for example_xcom_args to None
[2021-09-22 00:22:40,601] {logging_mixin.py:109} INFO - [2021-09-22 00:22:40,601] {dag.py:2287} INFO - Setting next_dagrun for example_xcom_args_with_operators to None
[2021-09-22 00:22:40,804] {processor.py:170} INFO - Processing /Users/daniel/sensor-data-ELT/dbt-env/lib/python3.7/site-packages/airflow/example_dags/example_xcomargs.py took 0.801 seconds
[2021-09-22 00:23:15,898] {processor.py:162} INFO - Started process (PID=38649) to work on /Users/daniel/sensor-data-ELT/dbt-env/lib/python3.7/site-packages/airflow/example_dags/example_xcomargs.py
[2021-09-22 00:23:15,902] {processor.py:613} INFO - Processing file /Users/daniel/sensor-data-ELT/dbt-env/lib/python3.7/site-packages/airflow/example_dags/example_xcomargs.py for tasks to queue
[2021-09-22 00:23:15,903] {logging_mixin.py:109} INFO - [2021-09-22 00:23:15,903] {dagbag.py:496} INFO - Filling up the DagBag from /Users/daniel/sensor-data-ELT/dbt-env/lib/python3.7/site-packages/airflow/example_dags/example_xcomargs.py
[2021-09-22 00:23:15,928] {processor.py:623} INFO - DAG(s) dict_keys(['example_xcom_args', 'example_xcom_args_with_operators']) retrieved from /Users/daniel/sensor-data-ELT/dbt-env/lib/python3.7/site-packages/airflow/example_dags/example_xcomargs.py
[2021-09-22 00:23:16,244] {logging_mixin.py:109} INFO - [2021-09-22 00:23:16,243] {dag.py:1834} INFO - Sync 2 DAGs
[2021-09-22 00:23:16,255] {logging_mixin.py:109} INFO - [2021-09-22 00:23:16,254] {dag.py:2287} INFO - Setting next_dagrun for example_xcom_args to None
[2021-09-22 00:23:16,256] {logging_mixin.py:109} INFO - [2021-09-22 00:23:16,256] {dag.py:2287} INFO - Setting next_dagrun for example_xcom_args_with_operators to None
[2021-09-22 00:23:16,268] {processor.py:170} INFO - Processing /Users/daniel/sensor-data-ELT/dbt-env/lib/python3.7/site-packages/airflow/example_dags/example_xcomargs.py took 0.375 seconds
[2021-09-22 00:23:50,334] {processor.py:162} INFO - Started process (PID=38724) to work on /Users/daniel/sensor-data-ELT/dbt-env/lib/python3.7/site-packages/airflow/example_dags/example_xcomargs.py
[2021-09-22 00:23:50,337] {processor.py:613} INFO - Processing file /Users/daniel/sensor-data-ELT/dbt-env/lib/python3.7/site-packages/airflow/example_dags/example_xcomargs.py for tasks to queue
[2021-09-22 00:23:50,338] {logging_mixin.py:109} INFO - [2021-09-22 00:23:50,338] {dagbag.py:496} INFO - Filling up the DagBag from /Users/daniel/sensor-data-ELT/dbt-env/lib/python3.7/site-packages/airflow/example_dags/example_xcomargs.py
[2021-09-22 00:23:50,363] {processor.py:623} INFO - DAG(s) dict_keys(['example_xcom_args', 'example_xcom_args_with_operators']) retrieved from /Users/daniel/sensor-data-ELT/dbt-env/lib/python3.7/site-packages/airflow/example_dags/example_xcomargs.py
[2021-09-22 00:23:50,385] {logging_mixin.py:109} INFO - [2021-09-22 00:23:50,384] {dag.py:1834} INFO - Sync 2 DAGs
[2021-09-22 00:23:50,399] {logging_mixin.py:109} INFO - [2021-09-22 00:23:50,399] {dag.py:2287} INFO - Setting next_dagrun for example_xcom_args to None
[2021-09-22 00:23:50,400] {logging_mixin.py:109} INFO - [2021-09-22 00:23:50,400] {dag.py:2287} INFO - Setting next_dagrun for example_xcom_args_with_operators to None
[2021-09-22 00:23:50,413] {processor.py:170} INFO - Processing /Users/daniel/sensor-data-ELT/dbt-env/lib/python3.7/site-packages/airflow/example_dags/example_xcomargs.py took 0.083 seconds
[2021-09-22 00:24:26,523] {processor.py:162} INFO - Started process (PID=38818) to work on /Users/daniel/sensor-data-ELT/dbt-env/lib/python3.7/site-packages/airflow/example_dags/example_xcomargs.py
[2021-09-22 00:24:26,526] {processor.py:613} INFO - Processing file /Users/daniel/sensor-data-ELT/dbt-env/lib/python3.7/site-packages/airflow/example_dags/example_xcomargs.py for tasks to queue
[2021-09-22 00:24:26,527] {logging_mixin.py:109} INFO - [2021-09-22 00:24:26,527] {dagbag.py:496} INFO - Filling up the DagBag from /Users/daniel/sensor-data-ELT/dbt-env/lib/python3.7/site-packages/airflow/example_dags/example_xcomargs.py
[2021-09-22 00:24:26,553] {processor.py:623} INFO - DAG(s) dict_keys(['example_xcom_args', 'example_xcom_args_with_operators']) retrieved from /Users/daniel/sensor-data-ELT/dbt-env/lib/python3.7/site-packages/airflow/example_dags/example_xcomargs.py
[2021-09-22 00:24:26,820] {logging_mixin.py:109} INFO - [2021-09-22 00:24:26,820] {dag.py:1834} INFO - Sync 2 DAGs
[2021-09-22 00:24:26,843] {logging_mixin.py:109} INFO - [2021-09-22 00:24:26,833] {dag.py:2287} INFO - Setting next_dagrun for example_xcom_args to None
[2021-09-22 00:24:26,844] {logging_mixin.py:109} INFO - [2021-09-22 00:24:26,844] {dag.py:2287} INFO - Setting next_dagrun for example_xcom_args_with_operators to None
[2021-09-22 00:24:26,856] {processor.py:170} INFO - Processing /Users/daniel/sensor-data-ELT/dbt-env/lib/python3.7/site-packages/airflow/example_dags/example_xcomargs.py took 0.341 seconds
[2021-09-22 00:34:10,782] {processor.py:162} INFO - Started process (PID=39130) to work on /Users/daniel/sensor-data-ELT/dbt-env/lib/python3.7/site-packages/airflow/example_dags/example_xcomargs.py
[2021-09-22 00:34:10,784] {processor.py:613} INFO - Processing file /Users/daniel/sensor-data-ELT/dbt-env/lib/python3.7/site-packages/airflow/example_dags/example_xcomargs.py for tasks to queue
[2021-09-22 00:34:10,786] {logging_mixin.py:109} INFO - [2021-09-22 00:34:10,786] {dagbag.py:496} INFO - Filling up the DagBag from /Users/daniel/sensor-data-ELT/dbt-env/lib/python3.7/site-packages/airflow/example_dags/example_xcomargs.py
[2021-09-22 00:34:10,823] {processor.py:623} INFO - DAG(s) dict_keys(['example_xcom_args', 'example_xcom_args_with_operators']) retrieved from /Users/daniel/sensor-data-ELT/dbt-env/lib/python3.7/site-packages/airflow/example_dags/example_xcomargs.py
[2021-09-22 00:34:11,124] {logging_mixin.py:109} INFO - [2021-09-22 00:34:11,124] {dag.py:1834} INFO - Sync 2 DAGs
[2021-09-22 00:34:11,134] {logging_mixin.py:109} INFO - [2021-09-22 00:34:11,134] {dag.py:2287} INFO - Setting next_dagrun for example_xcom_args to None
[2021-09-22 00:34:11,135] {logging_mixin.py:109} INFO - [2021-09-22 00:34:11,135] {dag.py:2287} INFO - Setting next_dagrun for example_xcom_args_with_operators to None
[2021-09-22 00:34:11,149] {processor.py:170} INFO - Processing /Users/daniel/sensor-data-ELT/dbt-env/lib/python3.7/site-packages/airflow/example_dags/example_xcomargs.py took 0.374 seconds
[2021-09-22 00:34:46,619] {processor.py:162} INFO - Started process (PID=39222) to work on /Users/daniel/sensor-data-ELT/dbt-env/lib/python3.7/site-packages/airflow/example_dags/example_xcomargs.py
[2021-09-22 00:34:46,621] {processor.py:613} INFO - Processing file /Users/daniel/sensor-data-ELT/dbt-env/lib/python3.7/site-packages/airflow/example_dags/example_xcomargs.py for tasks to queue
[2021-09-22 00:34:46,622] {logging_mixin.py:109} INFO - [2021-09-22 00:34:46,622] {dagbag.py:496} INFO - Filling up the DagBag from /Users/daniel/sensor-data-ELT/dbt-env/lib/python3.7/site-packages/airflow/example_dags/example_xcomargs.py
[2021-09-22 00:34:46,651] {processor.py:623} INFO - DAG(s) dict_keys(['example_xcom_args', 'example_xcom_args_with_operators']) retrieved from /Users/daniel/sensor-data-ELT/dbt-env/lib/python3.7/site-packages/airflow/example_dags/example_xcomargs.py
[2021-09-22 00:34:46,931] {logging_mixin.py:109} INFO - [2021-09-22 00:34:46,931] {dag.py:1834} INFO - Sync 2 DAGs
[2021-09-22 00:34:46,941] {logging_mixin.py:109} INFO - [2021-09-22 00:34:46,941] {dag.py:2287} INFO - Setting next_dagrun for example_xcom_args to None
[2021-09-22 00:34:46,943] {logging_mixin.py:109} INFO - [2021-09-22 00:34:46,942] {dag.py:2287} INFO - Setting next_dagrun for example_xcom_args_with_operators to None
[2021-09-22 00:34:46,954] {processor.py:170} INFO - Processing /Users/daniel/sensor-data-ELT/dbt-env/lib/python3.7/site-packages/airflow/example_dags/example_xcomargs.py took 0.339 seconds
[2021-09-22 00:35:20,519] {processor.py:162} INFO - Started process (PID=39254) to work on /Users/daniel/sensor-data-ELT/dbt-env/lib/python3.7/site-packages/airflow/example_dags/example_xcomargs.py
[2021-09-22 00:35:20,521] {processor.py:613} INFO - Processing file /Users/daniel/sensor-data-ELT/dbt-env/lib/python3.7/site-packages/airflow/example_dags/example_xcomargs.py for tasks to queue
[2021-09-22 00:35:20,523] {logging_mixin.py:109} INFO - [2021-09-22 00:35:20,522] {dagbag.py:496} INFO - Filling up the DagBag from /Users/daniel/sensor-data-ELT/dbt-env/lib/python3.7/site-packages/airflow/example_dags/example_xcomargs.py
[2021-09-22 00:35:20,546] {processor.py:623} INFO - DAG(s) dict_keys(['example_xcom_args', 'example_xcom_args_with_operators']) retrieved from /Users/daniel/sensor-data-ELT/dbt-env/lib/python3.7/site-packages/airflow/example_dags/example_xcomargs.py
[2021-09-22 00:35:20,818] {logging_mixin.py:109} INFO - [2021-09-22 00:35:20,818] {dag.py:1834} INFO - Sync 2 DAGs
[2021-09-22 00:35:20,828] {logging_mixin.py:109} INFO - [2021-09-22 00:35:20,828] {dag.py:2287} INFO - Setting next_dagrun for example_xcom_args to None
[2021-09-22 00:35:20,829] {logging_mixin.py:109} INFO - [2021-09-22 00:35:20,829] {dag.py:2287} INFO - Setting next_dagrun for example_xcom_args_with_operators to None
[2021-09-22 00:35:20,841] {processor.py:170} INFO - Processing /Users/daniel/sensor-data-ELT/dbt-env/lib/python3.7/site-packages/airflow/example_dags/example_xcomargs.py took 0.328 seconds
[2021-09-22 00:35:54,367] {processor.py:162} INFO - Started process (PID=39286) to work on /Users/daniel/sensor-data-ELT/dbt-env/lib/python3.7/site-packages/airflow/example_dags/example_xcomargs.py
[2021-09-22 00:35:54,369] {processor.py:613} INFO - Processing file /Users/daniel/sensor-data-ELT/dbt-env/lib/python3.7/site-packages/airflow/example_dags/example_xcomargs.py for tasks to queue
[2021-09-22 00:35:54,370] {logging_mixin.py:109} INFO - [2021-09-22 00:35:54,370] {dagbag.py:496} INFO - Filling up the DagBag from /Users/daniel/sensor-data-ELT/dbt-env/lib/python3.7/site-packages/airflow/example_dags/example_xcomargs.py
[2021-09-22 00:35:54,395] {processor.py:623} INFO - DAG(s) dict_keys(['example_xcom_args', 'example_xcom_args_with_operators']) retrieved from /Users/daniel/sensor-data-ELT/dbt-env/lib/python3.7/site-packages/airflow/example_dags/example_xcomargs.py
[2021-09-22 00:35:54,416] {logging_mixin.py:109} INFO - [2021-09-22 00:35:54,416] {dag.py:1834} INFO - Sync 2 DAGs
[2021-09-22 00:35:54,427] {logging_mixin.py:109} INFO - [2021-09-22 00:35:54,427] {dag.py:2287} INFO - Setting next_dagrun for example_xcom_args to None
[2021-09-22 00:35:54,428] {logging_mixin.py:109} INFO - [2021-09-22 00:35:54,428] {dag.py:2287} INFO - Setting next_dagrun for example_xcom_args_with_operators to None
[2021-09-22 00:35:54,441] {processor.py:170} INFO - Processing /Users/daniel/sensor-data-ELT/dbt-env/lib/python3.7/site-packages/airflow/example_dags/example_xcomargs.py took 0.081 seconds
[2021-09-22 00:36:26,788] {processor.py:162} INFO - Started process (PID=39324) to work on /Users/daniel/sensor-data-ELT/dbt-env/lib/python3.7/site-packages/airflow/example_dags/example_xcomargs.py
[2021-09-22 00:36:26,791] {processor.py:613} INFO - Processing file /Users/daniel/sensor-data-ELT/dbt-env/lib/python3.7/site-packages/airflow/example_dags/example_xcomargs.py for tasks to queue
[2021-09-22 00:36:26,792] {logging_mixin.py:109} INFO - [2021-09-22 00:36:26,792] {dagbag.py:496} INFO - Filling up the DagBag from /Users/daniel/sensor-data-ELT/dbt-env/lib/python3.7/site-packages/airflow/example_dags/example_xcomargs.py
[2021-09-22 00:36:26,820] {processor.py:623} INFO - DAG(s) dict_keys(['example_xcom_args', 'example_xcom_args_with_operators']) retrieved from /Users/daniel/sensor-data-ELT/dbt-env/lib/python3.7/site-packages/airflow/example_dags/example_xcomargs.py
[2021-09-22 00:36:26,839] {logging_mixin.py:109} INFO - [2021-09-22 00:36:26,839] {dag.py:1834} INFO - Sync 2 DAGs
[2021-09-22 00:36:26,853] {logging_mixin.py:109} INFO - [2021-09-22 00:36:26,852] {dag.py:2287} INFO - Setting next_dagrun for example_xcom_args to None
[2021-09-22 00:36:26,854] {logging_mixin.py:109} INFO - [2021-09-22 00:36:26,854] {dag.py:2287} INFO - Setting next_dagrun for example_xcom_args_with_operators to None
[2021-09-22 00:36:26,866] {processor.py:170} INFO - Processing /Users/daniel/sensor-data-ELT/dbt-env/lib/python3.7/site-packages/airflow/example_dags/example_xcomargs.py took 0.085 seconds
[2021-09-22 00:37:02,136] {processor.py:162} INFO - Started process (PID=39400) to work on /Users/daniel/sensor-data-ELT/dbt-env/lib/python3.7/site-packages/airflow/example_dags/example_xcomargs.py
[2021-09-22 00:37:02,139] {processor.py:613} INFO - Processing file /Users/daniel/sensor-data-ELT/dbt-env/lib/python3.7/site-packages/airflow/example_dags/example_xcomargs.py for tasks to queue
[2021-09-22 00:37:02,139] {logging_mixin.py:109} INFO - [2021-09-22 00:37:02,139] {dagbag.py:496} INFO - Filling up the DagBag from /Users/daniel/sensor-data-ELT/dbt-env/lib/python3.7/site-packages/airflow/example_dags/example_xcomargs.py
[2021-09-22 00:37:02,163] {processor.py:623} INFO - DAG(s) dict_keys(['example_xcom_args', 'example_xcom_args_with_operators']) retrieved from /Users/daniel/sensor-data-ELT/dbt-env/lib/python3.7/site-packages/airflow/example_dags/example_xcomargs.py
[2021-09-22 00:37:02,528] {logging_mixin.py:109} INFO - [2021-09-22 00:37:02,528] {dag.py:1834} INFO - Sync 2 DAGs
[2021-09-22 00:37:02,539] {logging_mixin.py:109} INFO - [2021-09-22 00:37:02,539] {dag.py:2287} INFO - Setting next_dagrun for example_xcom_args to None
[2021-09-22 00:37:02,540] {logging_mixin.py:109} INFO - [2021-09-22 00:37:02,540] {dag.py:2287} INFO - Setting next_dagrun for example_xcom_args_with_operators to None
[2021-09-22 00:37:02,554] {processor.py:170} INFO - Processing /Users/daniel/sensor-data-ELT/dbt-env/lib/python3.7/site-packages/airflow/example_dags/example_xcomargs.py took 0.422 seconds
[2021-09-22 00:37:36,281] {processor.py:162} INFO - Started process (PID=39460) to work on /Users/daniel/sensor-data-ELT/dbt-env/lib/python3.7/site-packages/airflow/example_dags/example_xcomargs.py
[2021-09-22 00:37:36,282] {processor.py:613} INFO - Processing file /Users/daniel/sensor-data-ELT/dbt-env/lib/python3.7/site-packages/airflow/example_dags/example_xcomargs.py for tasks to queue
[2021-09-22 00:37:36,284] {logging_mixin.py:109} INFO - [2021-09-22 00:37:36,283] {dagbag.py:496} INFO - Filling up the DagBag from /Users/daniel/sensor-data-ELT/dbt-env/lib/python3.7/site-packages/airflow/example_dags/example_xcomargs.py
[2021-09-22 00:37:36,311] {processor.py:623} INFO - DAG(s) dict_keys(['example_xcom_args', 'example_xcom_args_with_operators']) retrieved from /Users/daniel/sensor-data-ELT/dbt-env/lib/python3.7/site-packages/airflow/example_dags/example_xcomargs.py
[2021-09-22 00:37:36,577] {logging_mixin.py:109} INFO - [2021-09-22 00:37:36,577] {dag.py:1834} INFO - Sync 2 DAGs
[2021-09-22 00:37:36,588] {logging_mixin.py:109} INFO - [2021-09-22 00:37:36,588] {dag.py:2287} INFO - Setting next_dagrun for example_xcom_args to None
[2021-09-22 00:37:36,589] {logging_mixin.py:109} INFO - [2021-09-22 00:37:36,589] {dag.py:2287} INFO - Setting next_dagrun for example_xcom_args_with_operators to None
[2021-09-22 00:37:36,601] {processor.py:170} INFO - Processing /Users/daniel/sensor-data-ELT/dbt-env/lib/python3.7/site-packages/airflow/example_dags/example_xcomargs.py took 0.327 seconds
[2021-09-22 00:38:13,058] {processor.py:162} INFO - Started process (PID=39554) to work on /Users/daniel/sensor-data-ELT/dbt-env/lib/python3.7/site-packages/airflow/example_dags/example_xcomargs.py
[2021-09-22 00:38:13,060] {processor.py:613} INFO - Processing file /Users/daniel/sensor-data-ELT/dbt-env/lib/python3.7/site-packages/airflow/example_dags/example_xcomargs.py for tasks to queue
[2021-09-22 00:38:13,061] {logging_mixin.py:109} INFO - [2021-09-22 00:38:13,061] {dagbag.py:496} INFO - Filling up the DagBag from /Users/daniel/sensor-data-ELT/dbt-env/lib/python3.7/site-packages/airflow/example_dags/example_xcomargs.py
[2021-09-22 00:38:13,089] {processor.py:623} INFO - DAG(s) dict_keys(['example_xcom_args', 'example_xcom_args_with_operators']) retrieved from /Users/daniel/sensor-data-ELT/dbt-env/lib/python3.7/site-packages/airflow/example_dags/example_xcomargs.py
[2021-09-22 00:38:13,373] {logging_mixin.py:109} INFO - [2021-09-22 00:38:13,373] {dag.py:1834} INFO - Sync 2 DAGs
[2021-09-22 00:38:13,383] {logging_mixin.py:109} INFO - [2021-09-22 00:38:13,383] {dag.py:2287} INFO - Setting next_dagrun for example_xcom_args to None
[2021-09-22 00:38:13,384] {logging_mixin.py:109} INFO - [2021-09-22 00:38:13,384] {dag.py:2287} INFO - Setting next_dagrun for example_xcom_args_with_operators to None
[2021-09-22 00:38:13,397] {processor.py:170} INFO - Processing /Users/daniel/sensor-data-ELT/dbt-env/lib/python3.7/site-packages/airflow/example_dags/example_xcomargs.py took 0.345 seconds
[2021-09-22 00:38:47,849] {processor.py:162} INFO - Started process (PID=39597) to work on /Users/daniel/sensor-data-ELT/dbt-env/lib/python3.7/site-packages/airflow/example_dags/example_xcomargs.py
[2021-09-22 00:38:47,853] {processor.py:613} INFO - Processing file /Users/daniel/sensor-data-ELT/dbt-env/lib/python3.7/site-packages/airflow/example_dags/example_xcomargs.py for tasks to queue
[2021-09-22 00:38:47,854] {logging_mixin.py:109} INFO - [2021-09-22 00:38:47,853] {dagbag.py:496} INFO - Filling up the DagBag from /Users/daniel/sensor-data-ELT/dbt-env/lib/python3.7/site-packages/airflow/example_dags/example_xcomargs.py
[2021-09-22 00:38:47,877] {processor.py:623} INFO - DAG(s) dict_keys(['example_xcom_args', 'example_xcom_args_with_operators']) retrieved from /Users/daniel/sensor-data-ELT/dbt-env/lib/python3.7/site-packages/airflow/example_dags/example_xcomargs.py
[2021-09-22 00:38:48,169] {logging_mixin.py:109} INFO - [2021-09-22 00:38:48,169] {dag.py:1834} INFO - Sync 2 DAGs
[2021-09-22 00:38:48,190] {logging_mixin.py:109} INFO - [2021-09-22 00:38:48,189] {dag.py:2287} INFO - Setting next_dagrun for example_xcom_args to None
[2021-09-22 00:38:48,191] {logging_mixin.py:109} INFO - [2021-09-22 00:38:48,191] {dag.py:2287} INFO - Setting next_dagrun for example_xcom_args_with_operators to None
[2021-09-22 00:38:48,204] {processor.py:170} INFO - Processing /Users/daniel/sensor-data-ELT/dbt-env/lib/python3.7/site-packages/airflow/example_dags/example_xcomargs.py took 0.360 seconds
[2021-09-22 01:18:40,712] {processor.py:162} INFO - Started process (PID=41036) to work on /Users/daniel/sensor-data-ELT/dbt-env/lib/python3.7/site-packages/airflow/example_dags/example_xcomargs.py
[2021-09-22 01:18:40,715] {processor.py:613} INFO - Processing file /Users/daniel/sensor-data-ELT/dbt-env/lib/python3.7/site-packages/airflow/example_dags/example_xcomargs.py for tasks to queue
[2021-09-22 01:18:40,717] {logging_mixin.py:109} INFO - [2021-09-22 01:18:40,717] {dagbag.py:496} INFO - Filling up the DagBag from /Users/daniel/sensor-data-ELT/dbt-env/lib/python3.7/site-packages/airflow/example_dags/example_xcomargs.py
[2021-09-22 01:18:40,775] {processor.py:623} INFO - DAG(s) dict_keys(['example_xcom_args', 'example_xcom_args_with_operators']) retrieved from /Users/daniel/sensor-data-ELT/dbt-env/lib/python3.7/site-packages/airflow/example_dags/example_xcomargs.py
[2021-09-22 01:18:41,093] {logging_mixin.py:109} INFO - [2021-09-22 01:18:41,093] {dag.py:1834} INFO - Sync 2 DAGs
[2021-09-22 01:18:41,102] {logging_mixin.py:109} INFO - [2021-09-22 01:18:41,102] {dag.py:2287} INFO - Setting next_dagrun for example_xcom_args to None
[2021-09-22 01:18:41,103] {logging_mixin.py:109} INFO - [2021-09-22 01:18:41,103] {dag.py:2287} INFO - Setting next_dagrun for example_xcom_args_with_operators to None
[2021-09-22 01:18:41,115] {processor.py:170} INFO - Processing /Users/daniel/sensor-data-ELT/dbt-env/lib/python3.7/site-packages/airflow/example_dags/example_xcomargs.py took 0.409 seconds
