[2021-09-22 00:18:27,809] {processor.py:162} INFO - Started process (PID=37039) to work on /Users/daniel/sensor-data-ELT/dbt-env/lib/python3.7/site-packages/airflow/example_dags/example_latest_only_with_trigger.py
[2021-09-22 00:18:27,811] {processor.py:613} INFO - Processing file /Users/daniel/sensor-data-ELT/dbt-env/lib/python3.7/site-packages/airflow/example_dags/example_latest_only_with_trigger.py for tasks to queue
[2021-09-22 00:18:27,812] {logging_mixin.py:109} INFO - [2021-09-22 00:18:27,812] {dagbag.py:496} INFO - Filling up the DagBag from /Users/daniel/sensor-data-ELT/dbt-env/lib/python3.7/site-packages/airflow/example_dags/example_latest_only_with_trigger.py
[2021-09-22 00:18:27,838] {processor.py:623} INFO - DAG(s) dict_keys(['latest_only_with_trigger']) retrieved from /Users/daniel/sensor-data-ELT/dbt-env/lib/python3.7/site-packages/airflow/example_dags/example_latest_only_with_trigger.py
[2021-09-22 00:18:27,861] {logging_mixin.py:109} INFO - [2021-09-22 00:18:27,861] {dag.py:1834} INFO - Sync 1 DAGs
[2021-09-22 00:18:27,875] {logging_mixin.py:109} INFO - [2021-09-22 00:18:27,875] {dag.py:2287} INFO - Setting next_dagrun for latest_only_with_trigger to 2021-09-19 00:00:00+00:00
[2021-09-22 00:18:27,889] {processor.py:170} INFO - Processing /Users/daniel/sensor-data-ELT/dbt-env/lib/python3.7/site-packages/airflow/example_dags/example_latest_only_with_trigger.py took 0.084 seconds
[2021-09-22 00:19:01,974] {processor.py:162} INFO - Started process (PID=37113) to work on /Users/daniel/sensor-data-ELT/dbt-env/lib/python3.7/site-packages/airflow/example_dags/example_latest_only_with_trigger.py
[2021-09-22 00:19:01,977] {processor.py:613} INFO - Processing file /Users/daniel/sensor-data-ELT/dbt-env/lib/python3.7/site-packages/airflow/example_dags/example_latest_only_with_trigger.py for tasks to queue
[2021-09-22 00:19:01,979] {logging_mixin.py:109} INFO - [2021-09-22 00:19:01,979] {dagbag.py:496} INFO - Filling up the DagBag from /Users/daniel/sensor-data-ELT/dbt-env/lib/python3.7/site-packages/airflow/example_dags/example_latest_only_with_trigger.py
[2021-09-22 00:19:02,004] {processor.py:623} INFO - DAG(s) dict_keys(['latest_only_with_trigger']) retrieved from /Users/daniel/sensor-data-ELT/dbt-env/lib/python3.7/site-packages/airflow/example_dags/example_latest_only_with_trigger.py
[2021-09-22 00:19:02,033] {logging_mixin.py:109} INFO - [2021-09-22 00:19:02,033] {dag.py:1834} INFO - Sync 1 DAGs
[2021-09-22 00:19:02,065] {logging_mixin.py:109} INFO - [2021-09-22 00:19:02,065] {dag.py:2287} INFO - Setting next_dagrun for latest_only_with_trigger to 2021-09-19 00:00:00+00:00
[2021-09-22 00:19:02,082] {processor.py:170} INFO - Processing /Users/daniel/sensor-data-ELT/dbt-env/lib/python3.7/site-packages/airflow/example_dags/example_latest_only_with_trigger.py took 0.115 seconds
[2021-09-22 00:19:37,523] {processor.py:162} INFO - Started process (PID=37170) to work on /Users/daniel/sensor-data-ELT/dbt-env/lib/python3.7/site-packages/airflow/example_dags/example_latest_only_with_trigger.py
[2021-09-22 00:19:37,525] {processor.py:613} INFO - Processing file /Users/daniel/sensor-data-ELT/dbt-env/lib/python3.7/site-packages/airflow/example_dags/example_latest_only_with_trigger.py for tasks to queue
[2021-09-22 00:19:37,527] {logging_mixin.py:109} INFO - [2021-09-22 00:19:37,526] {dagbag.py:496} INFO - Filling up the DagBag from /Users/daniel/sensor-data-ELT/dbt-env/lib/python3.7/site-packages/airflow/example_dags/example_latest_only_with_trigger.py
[2021-09-22 00:19:37,542] {processor.py:623} INFO - DAG(s) dict_keys(['latest_only_with_trigger']) retrieved from /Users/daniel/sensor-data-ELT/dbt-env/lib/python3.7/site-packages/airflow/example_dags/example_latest_only_with_trigger.py
[2021-09-22 00:19:37,562] {logging_mixin.py:109} INFO - [2021-09-22 00:19:37,562] {dag.py:1834} INFO - Sync 1 DAGs
[2021-09-22 00:19:37,575] {logging_mixin.py:109} INFO - [2021-09-22 00:19:37,575] {dag.py:2287} INFO - Setting next_dagrun for latest_only_with_trigger to 2021-09-19 00:00:00+00:00
[2021-09-22 00:19:37,589] {processor.py:170} INFO - Processing /Users/daniel/sensor-data-ELT/dbt-env/lib/python3.7/site-packages/airflow/example_dags/example_latest_only_with_trigger.py took 0.070 seconds
[2021-09-22 00:20:14,664] {processor.py:162} INFO - Started process (PID=37587) to work on /Users/daniel/sensor-data-ELT/dbt-env/lib/python3.7/site-packages/airflow/example_dags/example_latest_only_with_trigger.py
[2021-09-22 00:20:14,666] {processor.py:613} INFO - Processing file /Users/daniel/sensor-data-ELT/dbt-env/lib/python3.7/site-packages/airflow/example_dags/example_latest_only_with_trigger.py for tasks to queue
[2021-09-22 00:20:14,667] {logging_mixin.py:109} INFO - [2021-09-22 00:20:14,667] {dagbag.py:496} INFO - Filling up the DagBag from /Users/daniel/sensor-data-ELT/dbt-env/lib/python3.7/site-packages/airflow/example_dags/example_latest_only_with_trigger.py
[2021-09-22 00:20:14,685] {processor.py:623} INFO - DAG(s) dict_keys(['latest_only_with_trigger']) retrieved from /Users/daniel/sensor-data-ELT/dbt-env/lib/python3.7/site-packages/airflow/example_dags/example_latest_only_with_trigger.py
[2021-09-22 00:20:14,705] {logging_mixin.py:109} INFO - [2021-09-22 00:20:14,705] {dag.py:1834} INFO - Sync 1 DAGs
[2021-09-22 00:20:14,721] {logging_mixin.py:109} INFO - [2021-09-22 00:20:14,720] {dag.py:2287} INFO - Setting next_dagrun for latest_only_with_trigger to 2021-09-19 00:00:00+00:00
[2021-09-22 00:20:14,735] {processor.py:170} INFO - Processing /Users/daniel/sensor-data-ELT/dbt-env/lib/python3.7/site-packages/airflow/example_dags/example_latest_only_with_trigger.py took 0.078 seconds
[2021-09-22 00:20:51,331] {processor.py:162} INFO - Started process (PID=38390) to work on /Users/daniel/sensor-data-ELT/dbt-env/lib/python3.7/site-packages/airflow/example_dags/example_latest_only_with_trigger.py
[2021-09-22 00:20:51,334] {processor.py:613} INFO - Processing file /Users/daniel/sensor-data-ELT/dbt-env/lib/python3.7/site-packages/airflow/example_dags/example_latest_only_with_trigger.py for tasks to queue
[2021-09-22 00:20:51,335] {logging_mixin.py:109} INFO - [2021-09-22 00:20:51,335] {dagbag.py:496} INFO - Filling up the DagBag from /Users/daniel/sensor-data-ELT/dbt-env/lib/python3.7/site-packages/airflow/example_dags/example_latest_only_with_trigger.py
[2021-09-22 00:20:51,350] {processor.py:623} INFO - DAG(s) dict_keys(['latest_only_with_trigger']) retrieved from /Users/daniel/sensor-data-ELT/dbt-env/lib/python3.7/site-packages/airflow/example_dags/example_latest_only_with_trigger.py
[2021-09-22 00:20:51,367] {logging_mixin.py:109} INFO - [2021-09-22 00:20:51,366] {dag.py:1834} INFO - Sync 1 DAGs
[2021-09-22 00:20:51,379] {logging_mixin.py:109} INFO - [2021-09-22 00:20:51,379] {dag.py:2287} INFO - Setting next_dagrun for latest_only_with_trigger to 2021-09-19 00:00:00+00:00
[2021-09-22 00:20:51,391] {processor.py:170} INFO - Processing /Users/daniel/sensor-data-ELT/dbt-env/lib/python3.7/site-packages/airflow/example_dags/example_latest_only_with_trigger.py took 0.065 seconds
[2021-09-22 00:21:48,531] {processor.py:162} INFO - Started process (PID=38502) to work on /Users/daniel/sensor-data-ELT/dbt-env/lib/python3.7/site-packages/airflow/example_dags/example_latest_only_with_trigger.py
[2021-09-22 00:21:48,532] {processor.py:613} INFO - Processing file /Users/daniel/sensor-data-ELT/dbt-env/lib/python3.7/site-packages/airflow/example_dags/example_latest_only_with_trigger.py for tasks to queue
[2021-09-22 00:21:48,533] {logging_mixin.py:109} INFO - [2021-09-22 00:21:48,533] {dagbag.py:496} INFO - Filling up the DagBag from /Users/daniel/sensor-data-ELT/dbt-env/lib/python3.7/site-packages/airflow/example_dags/example_latest_only_with_trigger.py
[2021-09-22 00:21:48,547] {processor.py:623} INFO - DAG(s) dict_keys(['latest_only_with_trigger']) retrieved from /Users/daniel/sensor-data-ELT/dbt-env/lib/python3.7/site-packages/airflow/example_dags/example_latest_only_with_trigger.py
[2021-09-22 00:21:48,565] {logging_mixin.py:109} INFO - [2021-09-22 00:21:48,565] {dag.py:1834} INFO - Sync 1 DAGs
[2021-09-22 00:21:48,577] {logging_mixin.py:109} INFO - [2021-09-22 00:21:48,577] {dag.py:2287} INFO - Setting next_dagrun for latest_only_with_trigger to 2021-09-19 00:00:00+00:00
[2021-09-22 00:21:48,588] {processor.py:170} INFO - Processing /Users/daniel/sensor-data-ELT/dbt-env/lib/python3.7/site-packages/airflow/example_dags/example_latest_only_with_trigger.py took 0.061 seconds
[2021-09-22 00:22:24,412] {processor.py:162} INFO - Started process (PID=38592) to work on /Users/daniel/sensor-data-ELT/dbt-env/lib/python3.7/site-packages/airflow/example_dags/example_latest_only_with_trigger.py
[2021-09-22 00:22:24,415] {processor.py:613} INFO - Processing file /Users/daniel/sensor-data-ELT/dbt-env/lib/python3.7/site-packages/airflow/example_dags/example_latest_only_with_trigger.py for tasks to queue
[2021-09-22 00:22:24,417] {logging_mixin.py:109} INFO - [2021-09-22 00:22:24,416] {dagbag.py:496} INFO - Filling up the DagBag from /Users/daniel/sensor-data-ELT/dbt-env/lib/python3.7/site-packages/airflow/example_dags/example_latest_only_with_trigger.py
[2021-09-22 00:22:24,443] {processor.py:623} INFO - DAG(s) dict_keys(['latest_only_with_trigger']) retrieved from /Users/daniel/sensor-data-ELT/dbt-env/lib/python3.7/site-packages/airflow/example_dags/example_latest_only_with_trigger.py
[2021-09-22 00:22:24,470] {logging_mixin.py:109} INFO - [2021-09-22 00:22:24,470] {dag.py:1834} INFO - Sync 1 DAGs
[2021-09-22 00:22:24,490] {logging_mixin.py:109} INFO - [2021-09-22 00:22:24,490] {dag.py:2287} INFO - Setting next_dagrun for latest_only_with_trigger to 2021-09-19 00:00:00+00:00
[2021-09-22 00:22:24,511] {processor.py:170} INFO - Processing /Users/daniel/sensor-data-ELT/dbt-env/lib/python3.7/site-packages/airflow/example_dags/example_latest_only_with_trigger.py took 0.106 seconds
[2021-09-22 00:23:02,122] {processor.py:162} INFO - Started process (PID=38637) to work on /Users/daniel/sensor-data-ELT/dbt-env/lib/python3.7/site-packages/airflow/example_dags/example_latest_only_with_trigger.py
[2021-09-22 00:23:02,125] {processor.py:613} INFO - Processing file /Users/daniel/sensor-data-ELT/dbt-env/lib/python3.7/site-packages/airflow/example_dags/example_latest_only_with_trigger.py for tasks to queue
[2021-09-22 00:23:02,127] {logging_mixin.py:109} INFO - [2021-09-22 00:23:02,126] {dagbag.py:496} INFO - Filling up the DagBag from /Users/daniel/sensor-data-ELT/dbt-env/lib/python3.7/site-packages/airflow/example_dags/example_latest_only_with_trigger.py
[2021-09-22 00:23:02,142] {processor.py:623} INFO - DAG(s) dict_keys(['latest_only_with_trigger']) retrieved from /Users/daniel/sensor-data-ELT/dbt-env/lib/python3.7/site-packages/airflow/example_dags/example_latest_only_with_trigger.py
[2021-09-22 00:23:02,162] {logging_mixin.py:109} INFO - [2021-09-22 00:23:02,162] {dag.py:1834} INFO - Sync 1 DAGs
[2021-09-22 00:23:02,178] {logging_mixin.py:109} INFO - [2021-09-22 00:23:02,177] {dag.py:2287} INFO - Setting next_dagrun for latest_only_with_trigger to 2021-09-19 00:00:00+00:00
[2021-09-22 00:23:02,201] {processor.py:170} INFO - Processing /Users/daniel/sensor-data-ELT/dbt-env/lib/python3.7/site-packages/airflow/example_dags/example_latest_only_with_trigger.py took 0.084 seconds
[2021-09-22 00:23:37,494] {processor.py:162} INFO - Started process (PID=38693) to work on /Users/daniel/sensor-data-ELT/dbt-env/lib/python3.7/site-packages/airflow/example_dags/example_latest_only_with_trigger.py
[2021-09-22 00:23:37,497] {processor.py:613} INFO - Processing file /Users/daniel/sensor-data-ELT/dbt-env/lib/python3.7/site-packages/airflow/example_dags/example_latest_only_with_trigger.py for tasks to queue
[2021-09-22 00:23:37,498] {logging_mixin.py:109} INFO - [2021-09-22 00:23:37,498] {dagbag.py:496} INFO - Filling up the DagBag from /Users/daniel/sensor-data-ELT/dbt-env/lib/python3.7/site-packages/airflow/example_dags/example_latest_only_with_trigger.py
[2021-09-22 00:23:37,514] {processor.py:623} INFO - DAG(s) dict_keys(['latest_only_with_trigger']) retrieved from /Users/daniel/sensor-data-ELT/dbt-env/lib/python3.7/site-packages/airflow/example_dags/example_latest_only_with_trigger.py
[2021-09-22 00:23:37,531] {logging_mixin.py:109} INFO - [2021-09-22 00:23:37,531] {dag.py:1834} INFO - Sync 1 DAGs
[2021-09-22 00:23:37,543] {logging_mixin.py:109} INFO - [2021-09-22 00:23:37,543] {dag.py:2287} INFO - Setting next_dagrun for latest_only_with_trigger to 2021-09-19 00:00:00+00:00
[2021-09-22 00:23:37,554] {processor.py:170} INFO - Processing /Users/daniel/sensor-data-ELT/dbt-env/lib/python3.7/site-packages/airflow/example_dags/example_latest_only_with_trigger.py took 0.065 seconds
[2021-09-22 00:24:14,453] {processor.py:162} INFO - Started process (PID=38773) to work on /Users/daniel/sensor-data-ELT/dbt-env/lib/python3.7/site-packages/airflow/example_dags/example_latest_only_with_trigger.py
[2021-09-22 00:24:14,458] {processor.py:613} INFO - Processing file /Users/daniel/sensor-data-ELT/dbt-env/lib/python3.7/site-packages/airflow/example_dags/example_latest_only_with_trigger.py for tasks to queue
[2021-09-22 00:24:14,460] {logging_mixin.py:109} INFO - [2021-09-22 00:24:14,459] {dagbag.py:496} INFO - Filling up the DagBag from /Users/daniel/sensor-data-ELT/dbt-env/lib/python3.7/site-packages/airflow/example_dags/example_latest_only_with_trigger.py
[2021-09-22 00:24:14,487] {processor.py:623} INFO - DAG(s) dict_keys(['latest_only_with_trigger']) retrieved from /Users/daniel/sensor-data-ELT/dbt-env/lib/python3.7/site-packages/airflow/example_dags/example_latest_only_with_trigger.py
[2021-09-22 00:24:14,517] {logging_mixin.py:109} INFO - [2021-09-22 00:24:14,517] {dag.py:1834} INFO - Sync 1 DAGs
[2021-09-22 00:24:14,538] {logging_mixin.py:109} INFO - [2021-09-22 00:24:14,536] {dag.py:2287} INFO - Setting next_dagrun for latest_only_with_trigger to 2021-09-19 00:00:00+00:00
[2021-09-22 00:24:14,563] {processor.py:170} INFO - Processing /Users/daniel/sensor-data-ELT/dbt-env/lib/python3.7/site-packages/airflow/example_dags/example_latest_only_with_trigger.py took 0.115 seconds
[2021-09-22 00:33:58,731] {processor.py:162} INFO - Started process (PID=39118) to work on /Users/daniel/sensor-data-ELT/dbt-env/lib/python3.7/site-packages/airflow/example_dags/example_latest_only_with_trigger.py
[2021-09-22 00:33:58,733] {processor.py:613} INFO - Processing file /Users/daniel/sensor-data-ELT/dbt-env/lib/python3.7/site-packages/airflow/example_dags/example_latest_only_with_trigger.py for tasks to queue
[2021-09-22 00:33:58,734] {logging_mixin.py:109} INFO - [2021-09-22 00:33:58,734] {dagbag.py:496} INFO - Filling up the DagBag from /Users/daniel/sensor-data-ELT/dbt-env/lib/python3.7/site-packages/airflow/example_dags/example_latest_only_with_trigger.py
[2021-09-22 00:33:58,748] {processor.py:623} INFO - DAG(s) dict_keys(['latest_only_with_trigger']) retrieved from /Users/daniel/sensor-data-ELT/dbt-env/lib/python3.7/site-packages/airflow/example_dags/example_latest_only_with_trigger.py
[2021-09-22 00:33:58,767] {logging_mixin.py:109} INFO - [2021-09-22 00:33:58,766] {dag.py:1834} INFO - Sync 1 DAGs
[2021-09-22 00:33:58,779] {logging_mixin.py:109} INFO - [2021-09-22 00:33:58,779] {dag.py:2287} INFO - Setting next_dagrun for latest_only_with_trigger to 2021-09-19 00:00:00+00:00
[2021-09-22 00:33:58,793] {processor.py:170} INFO - Processing /Users/daniel/sensor-data-ELT/dbt-env/lib/python3.7/site-packages/airflow/example_dags/example_latest_only_with_trigger.py took 0.066 seconds
[2021-09-22 00:34:31,619] {processor.py:162} INFO - Started process (PID=39201) to work on /Users/daniel/sensor-data-ELT/dbt-env/lib/python3.7/site-packages/airflow/example_dags/example_latest_only_with_trigger.py
[2021-09-22 00:34:31,622] {processor.py:613} INFO - Processing file /Users/daniel/sensor-data-ELT/dbt-env/lib/python3.7/site-packages/airflow/example_dags/example_latest_only_with_trigger.py for tasks to queue
[2021-09-22 00:34:31,623] {logging_mixin.py:109} INFO - [2021-09-22 00:34:31,623] {dagbag.py:496} INFO - Filling up the DagBag from /Users/daniel/sensor-data-ELT/dbt-env/lib/python3.7/site-packages/airflow/example_dags/example_latest_only_with_trigger.py
[2021-09-22 00:34:31,643] {processor.py:623} INFO - DAG(s) dict_keys(['latest_only_with_trigger']) retrieved from /Users/daniel/sensor-data-ELT/dbt-env/lib/python3.7/site-packages/airflow/example_dags/example_latest_only_with_trigger.py
[2021-09-22 00:34:31,663] {logging_mixin.py:109} INFO - [2021-09-22 00:34:31,663] {dag.py:1834} INFO - Sync 1 DAGs
[2021-09-22 00:34:31,676] {logging_mixin.py:109} INFO - [2021-09-22 00:34:31,676] {dag.py:2287} INFO - Setting next_dagrun for latest_only_with_trigger to 2021-09-19 00:00:00+00:00
[2021-09-22 00:34:31,689] {processor.py:170} INFO - Processing /Users/daniel/sensor-data-ELT/dbt-env/lib/python3.7/site-packages/airflow/example_dags/example_latest_only_with_trigger.py took 0.074 seconds
[2021-09-22 00:35:07,868] {processor.py:162} INFO - Started process (PID=39242) to work on /Users/daniel/sensor-data-ELT/dbt-env/lib/python3.7/site-packages/airflow/example_dags/example_latest_only_with_trigger.py
[2021-09-22 00:35:07,871] {processor.py:613} INFO - Processing file /Users/daniel/sensor-data-ELT/dbt-env/lib/python3.7/site-packages/airflow/example_dags/example_latest_only_with_trigger.py for tasks to queue
[2021-09-22 00:35:07,872] {logging_mixin.py:109} INFO - [2021-09-22 00:35:07,872] {dagbag.py:496} INFO - Filling up the DagBag from /Users/daniel/sensor-data-ELT/dbt-env/lib/python3.7/site-packages/airflow/example_dags/example_latest_only_with_trigger.py
[2021-09-22 00:35:07,890] {processor.py:623} INFO - DAG(s) dict_keys(['latest_only_with_trigger']) retrieved from /Users/daniel/sensor-data-ELT/dbt-env/lib/python3.7/site-packages/airflow/example_dags/example_latest_only_with_trigger.py
[2021-09-22 00:35:07,909] {logging_mixin.py:109} INFO - [2021-09-22 00:35:07,909] {dag.py:1834} INFO - Sync 1 DAGs
[2021-09-22 00:35:07,923] {logging_mixin.py:109} INFO - [2021-09-22 00:35:07,923] {dag.py:2287} INFO - Setting next_dagrun for latest_only_with_trigger to 2021-09-19 00:00:00+00:00
[2021-09-22 00:35:07,935] {processor.py:170} INFO - Processing /Users/daniel/sensor-data-ELT/dbt-env/lib/python3.7/site-packages/airflow/example_dags/example_latest_only_with_trigger.py took 0.071 seconds
[2021-09-22 00:35:42,354] {processor.py:162} INFO - Started process (PID=39274) to work on /Users/daniel/sensor-data-ELT/dbt-env/lib/python3.7/site-packages/airflow/example_dags/example_latest_only_with_trigger.py
[2021-09-22 00:35:42,356] {processor.py:613} INFO - Processing file /Users/daniel/sensor-data-ELT/dbt-env/lib/python3.7/site-packages/airflow/example_dags/example_latest_only_with_trigger.py for tasks to queue
[2021-09-22 00:35:42,358] {logging_mixin.py:109} INFO - [2021-09-22 00:35:42,358] {dagbag.py:496} INFO - Filling up the DagBag from /Users/daniel/sensor-data-ELT/dbt-env/lib/python3.7/site-packages/airflow/example_dags/example_latest_only_with_trigger.py
[2021-09-22 00:35:42,377] {processor.py:623} INFO - DAG(s) dict_keys(['latest_only_with_trigger']) retrieved from /Users/daniel/sensor-data-ELT/dbt-env/lib/python3.7/site-packages/airflow/example_dags/example_latest_only_with_trigger.py
[2021-09-22 00:35:42,400] {logging_mixin.py:109} INFO - [2021-09-22 00:35:42,400] {dag.py:1834} INFO - Sync 1 DAGs
[2021-09-22 00:35:42,413] {logging_mixin.py:109} INFO - [2021-09-22 00:35:42,412] {dag.py:2287} INFO - Setting next_dagrun for latest_only_with_trigger to 2021-09-19 00:00:00+00:00
[2021-09-22 00:35:42,424] {processor.py:170} INFO - Processing /Users/daniel/sensor-data-ELT/dbt-env/lib/python3.7/site-packages/airflow/example_dags/example_latest_only_with_trigger.py took 0.075 seconds
[2021-09-22 00:36:14,780] {processor.py:162} INFO - Started process (PID=39306) to work on /Users/daniel/sensor-data-ELT/dbt-env/lib/python3.7/site-packages/airflow/example_dags/example_latest_only_with_trigger.py
[2021-09-22 00:36:14,783] {processor.py:613} INFO - Processing file /Users/daniel/sensor-data-ELT/dbt-env/lib/python3.7/site-packages/airflow/example_dags/example_latest_only_with_trigger.py for tasks to queue
[2021-09-22 00:36:14,784] {logging_mixin.py:109} INFO - [2021-09-22 00:36:14,784] {dagbag.py:496} INFO - Filling up the DagBag from /Users/daniel/sensor-data-ELT/dbt-env/lib/python3.7/site-packages/airflow/example_dags/example_latest_only_with_trigger.py
[2021-09-22 00:36:14,800] {processor.py:623} INFO - DAG(s) dict_keys(['latest_only_with_trigger']) retrieved from /Users/daniel/sensor-data-ELT/dbt-env/lib/python3.7/site-packages/airflow/example_dags/example_latest_only_with_trigger.py
[2021-09-22 00:36:14,821] {logging_mixin.py:109} INFO - [2021-09-22 00:36:14,821] {dag.py:1834} INFO - Sync 1 DAGs
[2021-09-22 00:36:14,833] {logging_mixin.py:109} INFO - [2021-09-22 00:36:14,833] {dag.py:2287} INFO - Setting next_dagrun for latest_only_with_trigger to 2021-09-19 00:00:00+00:00
[2021-09-22 00:36:14,849] {processor.py:170} INFO - Processing /Users/daniel/sensor-data-ELT/dbt-env/lib/python3.7/site-packages/airflow/example_dags/example_latest_only_with_trigger.py took 0.074 seconds
[2021-09-22 00:36:50,016] {processor.py:162} INFO - Started process (PID=39368) to work on /Users/daniel/sensor-data-ELT/dbt-env/lib/python3.7/site-packages/airflow/example_dags/example_latest_only_with_trigger.py
[2021-09-22 00:36:50,019] {processor.py:613} INFO - Processing file /Users/daniel/sensor-data-ELT/dbt-env/lib/python3.7/site-packages/airflow/example_dags/example_latest_only_with_trigger.py for tasks to queue
[2021-09-22 00:36:50,020] {logging_mixin.py:109} INFO - [2021-09-22 00:36:50,019] {dagbag.py:496} INFO - Filling up the DagBag from /Users/daniel/sensor-data-ELT/dbt-env/lib/python3.7/site-packages/airflow/example_dags/example_latest_only_with_trigger.py
[2021-09-22 00:36:50,034] {processor.py:623} INFO - DAG(s) dict_keys(['latest_only_with_trigger']) retrieved from /Users/daniel/sensor-data-ELT/dbt-env/lib/python3.7/site-packages/airflow/example_dags/example_latest_only_with_trigger.py
[2021-09-22 00:36:50,051] {logging_mixin.py:109} INFO - [2021-09-22 00:36:50,051] {dag.py:1834} INFO - Sync 1 DAGs
[2021-09-22 00:36:50,063] {logging_mixin.py:109} INFO - [2021-09-22 00:36:50,063] {dag.py:2287} INFO - Setting next_dagrun for latest_only_with_trigger to 2021-09-19 00:00:00+00:00
[2021-09-22 00:36:50,075] {processor.py:170} INFO - Processing /Users/daniel/sensor-data-ELT/dbt-env/lib/python3.7/site-packages/airflow/example_dags/example_latest_only_with_trigger.py took 0.064 seconds
[2021-09-22 00:37:23,639] {processor.py:162} INFO - Started process (PID=39448) to work on /Users/daniel/sensor-data-ELT/dbt-env/lib/python3.7/site-packages/airflow/example_dags/example_latest_only_with_trigger.py
[2021-09-22 00:37:23,641] {processor.py:613} INFO - Processing file /Users/daniel/sensor-data-ELT/dbt-env/lib/python3.7/site-packages/airflow/example_dags/example_latest_only_with_trigger.py for tasks to queue
[2021-09-22 00:37:23,642] {logging_mixin.py:109} INFO - [2021-09-22 00:37:23,641] {dagbag.py:496} INFO - Filling up the DagBag from /Users/daniel/sensor-data-ELT/dbt-env/lib/python3.7/site-packages/airflow/example_dags/example_latest_only_with_trigger.py
[2021-09-22 00:37:23,658] {processor.py:623} INFO - DAG(s) dict_keys(['latest_only_with_trigger']) retrieved from /Users/daniel/sensor-data-ELT/dbt-env/lib/python3.7/site-packages/airflow/example_dags/example_latest_only_with_trigger.py
[2021-09-22 00:37:23,677] {logging_mixin.py:109} INFO - [2021-09-22 00:37:23,677] {dag.py:1834} INFO - Sync 1 DAGs
[2021-09-22 00:37:23,689] {logging_mixin.py:109} INFO - [2021-09-22 00:37:23,688] {dag.py:2287} INFO - Setting next_dagrun for latest_only_with_trigger to 2021-09-19 00:00:00+00:00
[2021-09-22 00:37:23,700] {processor.py:170} INFO - Processing /Users/daniel/sensor-data-ELT/dbt-env/lib/python3.7/site-packages/airflow/example_dags/example_latest_only_with_trigger.py took 0.066 seconds
[2021-09-22 00:37:58,087] {processor.py:162} INFO - Started process (PID=39532) to work on /Users/daniel/sensor-data-ELT/dbt-env/lib/python3.7/site-packages/airflow/example_dags/example_latest_only_with_trigger.py
[2021-09-22 00:37:58,089] {processor.py:613} INFO - Processing file /Users/daniel/sensor-data-ELT/dbt-env/lib/python3.7/site-packages/airflow/example_dags/example_latest_only_with_trigger.py for tasks to queue
[2021-09-22 00:37:58,091] {logging_mixin.py:109} INFO - [2021-09-22 00:37:58,090] {dagbag.py:496} INFO - Filling up the DagBag from /Users/daniel/sensor-data-ELT/dbt-env/lib/python3.7/site-packages/airflow/example_dags/example_latest_only_with_trigger.py
[2021-09-22 00:37:58,114] {processor.py:623} INFO - DAG(s) dict_keys(['latest_only_with_trigger']) retrieved from /Users/daniel/sensor-data-ELT/dbt-env/lib/python3.7/site-packages/airflow/example_dags/example_latest_only_with_trigger.py
[2021-09-22 00:37:58,138] {logging_mixin.py:109} INFO - [2021-09-22 00:37:58,138] {dag.py:1834} INFO - Sync 1 DAGs
[2021-09-22 00:37:58,158] {logging_mixin.py:109} INFO - [2021-09-22 00:37:58,157] {dag.py:2287} INFO - Setting next_dagrun for latest_only_with_trigger to 2021-09-19 00:00:00+00:00
[2021-09-22 00:37:58,178] {processor.py:170} INFO - Processing /Users/daniel/sensor-data-ELT/dbt-env/lib/python3.7/site-packages/airflow/example_dags/example_latest_only_with_trigger.py took 0.098 seconds
[2021-09-22 00:38:33,823] {processor.py:162} INFO - Started process (PID=39578) to work on /Users/daniel/sensor-data-ELT/dbt-env/lib/python3.7/site-packages/airflow/example_dags/example_latest_only_with_trigger.py
[2021-09-22 00:38:33,826] {processor.py:613} INFO - Processing file /Users/daniel/sensor-data-ELT/dbt-env/lib/python3.7/site-packages/airflow/example_dags/example_latest_only_with_trigger.py for tasks to queue
[2021-09-22 00:38:33,827] {logging_mixin.py:109} INFO - [2021-09-22 00:38:33,827] {dagbag.py:496} INFO - Filling up the DagBag from /Users/daniel/sensor-data-ELT/dbt-env/lib/python3.7/site-packages/airflow/example_dags/example_latest_only_with_trigger.py
[2021-09-22 00:38:33,841] {processor.py:623} INFO - DAG(s) dict_keys(['latest_only_with_trigger']) retrieved from /Users/daniel/sensor-data-ELT/dbt-env/lib/python3.7/site-packages/airflow/example_dags/example_latest_only_with_trigger.py
[2021-09-22 00:38:33,859] {logging_mixin.py:109} INFO - [2021-09-22 00:38:33,859] {dag.py:1834} INFO - Sync 1 DAGs
[2021-09-22 00:38:33,869] {logging_mixin.py:109} INFO - [2021-09-22 00:38:33,869] {dag.py:2287} INFO - Setting next_dagrun for latest_only_with_trigger to 2021-09-19 00:00:00+00:00
[2021-09-22 00:38:33,881] {processor.py:170} INFO - Processing /Users/daniel/sensor-data-ELT/dbt-env/lib/python3.7/site-packages/airflow/example_dags/example_latest_only_with_trigger.py took 0.062 seconds
[2021-09-22 01:18:26,157] {processor.py:162} INFO - Started process (PID=40988) to work on /Users/daniel/sensor-data-ELT/dbt-env/lib/python3.7/site-packages/airflow/example_dags/example_latest_only_with_trigger.py
[2021-09-22 01:18:26,159] {processor.py:613} INFO - Processing file /Users/daniel/sensor-data-ELT/dbt-env/lib/python3.7/site-packages/airflow/example_dags/example_latest_only_with_trigger.py for tasks to queue
[2021-09-22 01:18:26,160] {logging_mixin.py:109} INFO - [2021-09-22 01:18:26,160] {dagbag.py:496} INFO - Filling up the DagBag from /Users/daniel/sensor-data-ELT/dbt-env/lib/python3.7/site-packages/airflow/example_dags/example_latest_only_with_trigger.py
[2021-09-22 01:18:26,173] {processor.py:623} INFO - DAG(s) dict_keys(['latest_only_with_trigger']) retrieved from /Users/daniel/sensor-data-ELT/dbt-env/lib/python3.7/site-packages/airflow/example_dags/example_latest_only_with_trigger.py
[2021-09-22 01:18:26,188] {logging_mixin.py:109} INFO - [2021-09-22 01:18:26,188] {dag.py:1834} INFO - Sync 1 DAGs
[2021-09-22 01:18:26,203] {logging_mixin.py:109} INFO - [2021-09-22 01:18:26,203] {dag.py:2287} INFO - Setting next_dagrun for latest_only_with_trigger to 2021-09-19 00:00:00+00:00
[2021-09-22 01:18:26,214] {processor.py:170} INFO - Processing /Users/daniel/sensor-data-ELT/dbt-env/lib/python3.7/site-packages/airflow/example_dags/example_latest_only_with_trigger.py took 0.061 seconds
