[2021-09-22 00:18:37,283] {processor.py:162} INFO - Started process (PID=37048) to work on /Users/daniel/sensor-data-ELT/dbt-env/lib/python3.7/site-packages/airflow/example_dags/example_trigger_controller_dag.py
[2021-09-22 00:18:37,285] {processor.py:613} INFO - Processing file /Users/daniel/sensor-data-ELT/dbt-env/lib/python3.7/site-packages/airflow/example_dags/example_trigger_controller_dag.py for tasks to queue
[2021-09-22 00:18:37,287] {logging_mixin.py:109} INFO - [2021-09-22 00:18:37,286] {dagbag.py:496} INFO - Filling up the DagBag from /Users/daniel/sensor-data-ELT/dbt-env/lib/python3.7/site-packages/airflow/example_dags/example_trigger_controller_dag.py
[2021-09-22 00:18:37,299] {processor.py:623} INFO - DAG(s) dict_keys(['example_trigger_controller_dag']) retrieved from /Users/daniel/sensor-data-ELT/dbt-env/lib/python3.7/site-packages/airflow/example_dags/example_trigger_controller_dag.py
[2021-09-22 00:18:37,314] {logging_mixin.py:109} INFO - [2021-09-22 00:18:37,313] {dag.py:1834} INFO - Sync 1 DAGs
[2021-09-22 00:18:37,326] {logging_mixin.py:109} INFO - [2021-09-22 00:18:37,325] {dag.py:2287} INFO - Setting next_dagrun for example_trigger_controller_dag to 2021-09-19 00:00:00+00:00
[2021-09-22 00:18:37,339] {processor.py:170} INFO - Processing /Users/daniel/sensor-data-ELT/dbt-env/lib/python3.7/site-packages/airflow/example_dags/example_trigger_controller_dag.py took 0.060 seconds
[2021-09-22 00:19:12,527] {processor.py:162} INFO - Started process (PID=37140) to work on /Users/daniel/sensor-data-ELT/dbt-env/lib/python3.7/site-packages/airflow/example_dags/example_trigger_controller_dag.py
[2021-09-22 00:19:12,530] {processor.py:613} INFO - Processing file /Users/daniel/sensor-data-ELT/dbt-env/lib/python3.7/site-packages/airflow/example_dags/example_trigger_controller_dag.py for tasks to queue
[2021-09-22 00:19:12,532] {logging_mixin.py:109} INFO - [2021-09-22 00:19:12,532] {dagbag.py:496} INFO - Filling up the DagBag from /Users/daniel/sensor-data-ELT/dbt-env/lib/python3.7/site-packages/airflow/example_dags/example_trigger_controller_dag.py
[2021-09-22 00:19:12,551] {processor.py:623} INFO - DAG(s) dict_keys(['example_trigger_controller_dag']) retrieved from /Users/daniel/sensor-data-ELT/dbt-env/lib/python3.7/site-packages/airflow/example_dags/example_trigger_controller_dag.py
[2021-09-22 00:19:12,578] {logging_mixin.py:109} INFO - [2021-09-22 00:19:12,577] {dag.py:1834} INFO - Sync 1 DAGs
[2021-09-22 00:19:12,596] {logging_mixin.py:109} INFO - [2021-09-22 00:19:12,595] {dag.py:2287} INFO - Setting next_dagrun for example_trigger_controller_dag to 2021-09-19 00:00:00+00:00
[2021-09-22 00:19:12,608] {processor.py:170} INFO - Processing /Users/daniel/sensor-data-ELT/dbt-env/lib/python3.7/site-packages/airflow/example_dags/example_trigger_controller_dag.py took 0.086 seconds
[2021-09-22 00:19:47,828] {processor.py:162} INFO - Started process (PID=37215) to work on /Users/daniel/sensor-data-ELT/dbt-env/lib/python3.7/site-packages/airflow/example_dags/example_trigger_controller_dag.py
[2021-09-22 00:19:47,830] {processor.py:613} INFO - Processing file /Users/daniel/sensor-data-ELT/dbt-env/lib/python3.7/site-packages/airflow/example_dags/example_trigger_controller_dag.py for tasks to queue
[2021-09-22 00:19:47,831] {logging_mixin.py:109} INFO - [2021-09-22 00:19:47,831] {dagbag.py:496} INFO - Filling up the DagBag from /Users/daniel/sensor-data-ELT/dbt-env/lib/python3.7/site-packages/airflow/example_dags/example_trigger_controller_dag.py
[2021-09-22 00:19:47,851] {processor.py:623} INFO - DAG(s) dict_keys(['example_trigger_controller_dag']) retrieved from /Users/daniel/sensor-data-ELT/dbt-env/lib/python3.7/site-packages/airflow/example_dags/example_trigger_controller_dag.py
[2021-09-22 00:19:47,874] {logging_mixin.py:109} INFO - [2021-09-22 00:19:47,874] {dag.py:1834} INFO - Sync 1 DAGs
[2021-09-22 00:19:47,891] {logging_mixin.py:109} INFO - [2021-09-22 00:19:47,890] {dag.py:2287} INFO - Setting next_dagrun for example_trigger_controller_dag to 2021-09-19 00:00:00+00:00
[2021-09-22 00:19:47,905] {processor.py:170} INFO - Processing /Users/daniel/sensor-data-ELT/dbt-env/lib/python3.7/site-packages/airflow/example_dags/example_trigger_controller_dag.py took 0.082 seconds
[2021-09-22 00:20:24,996] {processor.py:162} INFO - Started process (PID=37602) to work on /Users/daniel/sensor-data-ELT/dbt-env/lib/python3.7/site-packages/airflow/example_dags/example_trigger_controller_dag.py
[2021-09-22 00:20:24,999] {processor.py:613} INFO - Processing file /Users/daniel/sensor-data-ELT/dbt-env/lib/python3.7/site-packages/airflow/example_dags/example_trigger_controller_dag.py for tasks to queue
[2021-09-22 00:20:25,000] {logging_mixin.py:109} INFO - [2021-09-22 00:20:25,000] {dagbag.py:496} INFO - Filling up the DagBag from /Users/daniel/sensor-data-ELT/dbt-env/lib/python3.7/site-packages/airflow/example_dags/example_trigger_controller_dag.py
[2021-09-22 00:20:25,015] {processor.py:623} INFO - DAG(s) dict_keys(['example_trigger_controller_dag']) retrieved from /Users/daniel/sensor-data-ELT/dbt-env/lib/python3.7/site-packages/airflow/example_dags/example_trigger_controller_dag.py
[2021-09-22 00:20:25,032] {logging_mixin.py:109} INFO - [2021-09-22 00:20:25,032] {dag.py:1834} INFO - Sync 1 DAGs
[2021-09-22 00:20:25,051] {logging_mixin.py:109} INFO - [2021-09-22 00:20:25,051] {dag.py:2287} INFO - Setting next_dagrun for example_trigger_controller_dag to 2021-09-19 00:00:00+00:00
[2021-09-22 00:20:25,063] {processor.py:170} INFO - Processing /Users/daniel/sensor-data-ELT/dbt-env/lib/python3.7/site-packages/airflow/example_dags/example_trigger_controller_dag.py took 0.072 seconds
[2021-09-22 00:21:58,598] {processor.py:162} INFO - Started process (PID=38524) to work on /Users/daniel/sensor-data-ELT/dbt-env/lib/python3.7/site-packages/airflow/example_dags/example_trigger_controller_dag.py
[2021-09-22 00:21:58,601] {processor.py:613} INFO - Processing file /Users/daniel/sensor-data-ELT/dbt-env/lib/python3.7/site-packages/airflow/example_dags/example_trigger_controller_dag.py for tasks to queue
[2021-09-22 00:21:58,602] {logging_mixin.py:109} INFO - [2021-09-22 00:21:58,602] {dagbag.py:496} INFO - Filling up the DagBag from /Users/daniel/sensor-data-ELT/dbt-env/lib/python3.7/site-packages/airflow/example_dags/example_trigger_controller_dag.py
[2021-09-22 00:21:58,615] {processor.py:623} INFO - DAG(s) dict_keys(['example_trigger_controller_dag']) retrieved from /Users/daniel/sensor-data-ELT/dbt-env/lib/python3.7/site-packages/airflow/example_dags/example_trigger_controller_dag.py
[2021-09-22 00:21:58,633] {logging_mixin.py:109} INFO - [2021-09-22 00:21:58,633] {dag.py:1834} INFO - Sync 1 DAGs
[2021-09-22 00:21:58,645] {logging_mixin.py:109} INFO - [2021-09-22 00:21:58,644] {dag.py:2287} INFO - Setting next_dagrun for example_trigger_controller_dag to 2021-09-19 00:00:00+00:00
[2021-09-22 00:21:58,656] {processor.py:170} INFO - Processing /Users/daniel/sensor-data-ELT/dbt-env/lib/python3.7/site-packages/airflow/example_dags/example_trigger_controller_dag.py took 0.062 seconds
[2021-09-22 00:22:36,526] {processor.py:162} INFO - Started process (PID=38603) to work on /Users/daniel/sensor-data-ELT/dbt-env/lib/python3.7/site-packages/airflow/example_dags/example_trigger_controller_dag.py
[2021-09-22 00:22:36,528] {processor.py:613} INFO - Processing file /Users/daniel/sensor-data-ELT/dbt-env/lib/python3.7/site-packages/airflow/example_dags/example_trigger_controller_dag.py for tasks to queue
[2021-09-22 00:22:36,529] {logging_mixin.py:109} INFO - [2021-09-22 00:22:36,529] {dagbag.py:496} INFO - Filling up the DagBag from /Users/daniel/sensor-data-ELT/dbt-env/lib/python3.7/site-packages/airflow/example_dags/example_trigger_controller_dag.py
[2021-09-22 00:22:36,549] {processor.py:623} INFO - DAG(s) dict_keys(['example_trigger_controller_dag']) retrieved from /Users/daniel/sensor-data-ELT/dbt-env/lib/python3.7/site-packages/airflow/example_dags/example_trigger_controller_dag.py
[2021-09-22 00:22:36,568] {logging_mixin.py:109} INFO - [2021-09-22 00:22:36,567] {dag.py:1834} INFO - Sync 1 DAGs
[2021-09-22 00:22:36,582] {logging_mixin.py:109} INFO - [2021-09-22 00:22:36,581] {dag.py:2287} INFO - Setting next_dagrun for example_trigger_controller_dag to 2021-09-19 00:00:00+00:00
[2021-09-22 00:22:36,592] {processor.py:170} INFO - Processing /Users/daniel/sensor-data-ELT/dbt-env/lib/python3.7/site-packages/airflow/example_dags/example_trigger_controller_dag.py took 0.070 seconds
[2021-09-22 00:23:12,317] {processor.py:162} INFO - Started process (PID=38646) to work on /Users/daniel/sensor-data-ELT/dbt-env/lib/python3.7/site-packages/airflow/example_dags/example_trigger_controller_dag.py
[2021-09-22 00:23:12,319] {processor.py:613} INFO - Processing file /Users/daniel/sensor-data-ELT/dbt-env/lib/python3.7/site-packages/airflow/example_dags/example_trigger_controller_dag.py for tasks to queue
[2021-09-22 00:23:12,323] {logging_mixin.py:109} INFO - [2021-09-22 00:23:12,322] {dagbag.py:496} INFO - Filling up the DagBag from /Users/daniel/sensor-data-ELT/dbt-env/lib/python3.7/site-packages/airflow/example_dags/example_trigger_controller_dag.py
[2021-09-22 00:23:12,354] {processor.py:623} INFO - DAG(s) dict_keys(['example_trigger_controller_dag']) retrieved from /Users/daniel/sensor-data-ELT/dbt-env/lib/python3.7/site-packages/airflow/example_dags/example_trigger_controller_dag.py
[2021-09-22 00:23:12,384] {logging_mixin.py:109} INFO - [2021-09-22 00:23:12,384] {dag.py:1834} INFO - Sync 1 DAGs
[2021-09-22 00:23:12,406] {logging_mixin.py:109} INFO - [2021-09-22 00:23:12,405] {dag.py:2287} INFO - Setting next_dagrun for example_trigger_controller_dag to 2021-09-19 00:00:00+00:00
[2021-09-22 00:23:12,422] {processor.py:170} INFO - Processing /Users/daniel/sensor-data-ELT/dbt-env/lib/python3.7/site-packages/airflow/example_dags/example_trigger_controller_dag.py took 0.113 seconds
[2021-09-22 00:23:47,470] {processor.py:162} INFO - Started process (PID=38715) to work on /Users/daniel/sensor-data-ELT/dbt-env/lib/python3.7/site-packages/airflow/example_dags/example_trigger_controller_dag.py
[2021-09-22 00:23:47,473] {processor.py:613} INFO - Processing file /Users/daniel/sensor-data-ELT/dbt-env/lib/python3.7/site-packages/airflow/example_dags/example_trigger_controller_dag.py for tasks to queue
[2021-09-22 00:23:47,474] {logging_mixin.py:109} INFO - [2021-09-22 00:23:47,474] {dagbag.py:496} INFO - Filling up the DagBag from /Users/daniel/sensor-data-ELT/dbt-env/lib/python3.7/site-packages/airflow/example_dags/example_trigger_controller_dag.py
[2021-09-22 00:23:47,489] {processor.py:623} INFO - DAG(s) dict_keys(['example_trigger_controller_dag']) retrieved from /Users/daniel/sensor-data-ELT/dbt-env/lib/python3.7/site-packages/airflow/example_dags/example_trigger_controller_dag.py
[2021-09-22 00:23:47,506] {logging_mixin.py:109} INFO - [2021-09-22 00:23:47,506] {dag.py:1834} INFO - Sync 1 DAGs
[2021-09-22 00:23:47,517] {logging_mixin.py:109} INFO - [2021-09-22 00:23:47,517] {dag.py:2287} INFO - Setting next_dagrun for example_trigger_controller_dag to 2021-09-19 00:00:00+00:00
[2021-09-22 00:23:47,530] {processor.py:170} INFO - Processing /Users/daniel/sensor-data-ELT/dbt-env/lib/python3.7/site-packages/airflow/example_dags/example_trigger_controller_dag.py took 0.064 seconds
[2021-09-22 00:24:23,351] {processor.py:162} INFO - Started process (PID=38809) to work on /Users/daniel/sensor-data-ELT/dbt-env/lib/python3.7/site-packages/airflow/example_dags/example_trigger_controller_dag.py
[2021-09-22 00:24:23,353] {processor.py:613} INFO - Processing file /Users/daniel/sensor-data-ELT/dbt-env/lib/python3.7/site-packages/airflow/example_dags/example_trigger_controller_dag.py for tasks to queue
[2021-09-22 00:24:23,355] {logging_mixin.py:109} INFO - [2021-09-22 00:24:23,354] {dagbag.py:496} INFO - Filling up the DagBag from /Users/daniel/sensor-data-ELT/dbt-env/lib/python3.7/site-packages/airflow/example_dags/example_trigger_controller_dag.py
[2021-09-22 00:24:23,373] {processor.py:623} INFO - DAG(s) dict_keys(['example_trigger_controller_dag']) retrieved from /Users/daniel/sensor-data-ELT/dbt-env/lib/python3.7/site-packages/airflow/example_dags/example_trigger_controller_dag.py
[2021-09-22 00:24:23,390] {logging_mixin.py:109} INFO - [2021-09-22 00:24:23,390] {dag.py:1834} INFO - Sync 1 DAGs
[2021-09-22 00:24:23,402] {logging_mixin.py:109} INFO - [2021-09-22 00:24:23,402] {dag.py:2287} INFO - Setting next_dagrun for example_trigger_controller_dag to 2021-09-19 00:00:00+00:00
[2021-09-22 00:24:23,413] {processor.py:170} INFO - Processing /Users/daniel/sensor-data-ELT/dbt-env/lib/python3.7/site-packages/airflow/example_dags/example_trigger_controller_dag.py took 0.067 seconds
[2021-09-22 00:34:08,223] {processor.py:162} INFO - Started process (PID=39127) to work on /Users/daniel/sensor-data-ELT/dbt-env/lib/python3.7/site-packages/airflow/example_dags/example_trigger_controller_dag.py
[2021-09-22 00:34:08,225] {processor.py:613} INFO - Processing file /Users/daniel/sensor-data-ELT/dbt-env/lib/python3.7/site-packages/airflow/example_dags/example_trigger_controller_dag.py for tasks to queue
[2021-09-22 00:34:08,226] {logging_mixin.py:109} INFO - [2021-09-22 00:34:08,226] {dagbag.py:496} INFO - Filling up the DagBag from /Users/daniel/sensor-data-ELT/dbt-env/lib/python3.7/site-packages/airflow/example_dags/example_trigger_controller_dag.py
[2021-09-22 00:34:08,239] {processor.py:623} INFO - DAG(s) dict_keys(['example_trigger_controller_dag']) retrieved from /Users/daniel/sensor-data-ELT/dbt-env/lib/python3.7/site-packages/airflow/example_dags/example_trigger_controller_dag.py
[2021-09-22 00:34:08,256] {logging_mixin.py:109} INFO - [2021-09-22 00:34:08,256] {dag.py:1834} INFO - Sync 1 DAGs
[2021-09-22 00:34:08,269] {logging_mixin.py:109} INFO - [2021-09-22 00:34:08,269] {dag.py:2287} INFO - Setting next_dagrun for example_trigger_controller_dag to 2021-09-19 00:00:00+00:00
[2021-09-22 00:34:08,282] {processor.py:170} INFO - Processing /Users/daniel/sensor-data-ELT/dbt-env/lib/python3.7/site-packages/airflow/example_dags/example_trigger_controller_dag.py took 0.064 seconds
[2021-09-22 00:34:42,972] {processor.py:162} INFO - Started process (PID=39219) to work on /Users/daniel/sensor-data-ELT/dbt-env/lib/python3.7/site-packages/airflow/example_dags/example_trigger_controller_dag.py
[2021-09-22 00:34:42,976] {processor.py:613} INFO - Processing file /Users/daniel/sensor-data-ELT/dbt-env/lib/python3.7/site-packages/airflow/example_dags/example_trigger_controller_dag.py for tasks to queue
[2021-09-22 00:34:42,978] {logging_mixin.py:109} INFO - [2021-09-22 00:34:42,978] {dagbag.py:496} INFO - Filling up the DagBag from /Users/daniel/sensor-data-ELT/dbt-env/lib/python3.7/site-packages/airflow/example_dags/example_trigger_controller_dag.py
[2021-09-22 00:34:43,001] {processor.py:623} INFO - DAG(s) dict_keys(['example_trigger_controller_dag']) retrieved from /Users/daniel/sensor-data-ELT/dbt-env/lib/python3.7/site-packages/airflow/example_dags/example_trigger_controller_dag.py
[2021-09-22 00:34:43,031] {logging_mixin.py:109} INFO - [2021-09-22 00:34:43,030] {dag.py:1834} INFO - Sync 1 DAGs
[2021-09-22 00:34:43,052] {logging_mixin.py:109} INFO - [2021-09-22 00:34:43,051] {dag.py:2287} INFO - Setting next_dagrun for example_trigger_controller_dag to 2021-09-19 00:00:00+00:00
[2021-09-22 00:34:43,073] {processor.py:170} INFO - Processing /Users/daniel/sensor-data-ELT/dbt-env/lib/python3.7/site-packages/airflow/example_dags/example_trigger_controller_dag.py took 0.108 seconds
[2021-09-22 00:35:17,229] {processor.py:162} INFO - Started process (PID=39251) to work on /Users/daniel/sensor-data-ELT/dbt-env/lib/python3.7/site-packages/airflow/example_dags/example_trigger_controller_dag.py
[2021-09-22 00:35:17,231] {processor.py:613} INFO - Processing file /Users/daniel/sensor-data-ELT/dbt-env/lib/python3.7/site-packages/airflow/example_dags/example_trigger_controller_dag.py for tasks to queue
[2021-09-22 00:35:17,232] {logging_mixin.py:109} INFO - [2021-09-22 00:35:17,232] {dagbag.py:496} INFO - Filling up the DagBag from /Users/daniel/sensor-data-ELT/dbt-env/lib/python3.7/site-packages/airflow/example_dags/example_trigger_controller_dag.py
[2021-09-22 00:35:17,247] {processor.py:623} INFO - DAG(s) dict_keys(['example_trigger_controller_dag']) retrieved from /Users/daniel/sensor-data-ELT/dbt-env/lib/python3.7/site-packages/airflow/example_dags/example_trigger_controller_dag.py
[2021-09-22 00:35:17,265] {logging_mixin.py:109} INFO - [2021-09-22 00:35:17,265] {dag.py:1834} INFO - Sync 1 DAGs
[2021-09-22 00:35:17,282] {logging_mixin.py:109} INFO - [2021-09-22 00:35:17,281] {dag.py:2287} INFO - Setting next_dagrun for example_trigger_controller_dag to 2021-09-19 00:00:00+00:00
[2021-09-22 00:35:17,298] {processor.py:170} INFO - Processing /Users/daniel/sensor-data-ELT/dbt-env/lib/python3.7/site-packages/airflow/example_dags/example_trigger_controller_dag.py took 0.073 seconds
[2021-09-22 00:35:51,814] {processor.py:162} INFO - Started process (PID=39283) to work on /Users/daniel/sensor-data-ELT/dbt-env/lib/python3.7/site-packages/airflow/example_dags/example_trigger_controller_dag.py
[2021-09-22 00:35:51,817] {processor.py:613} INFO - Processing file /Users/daniel/sensor-data-ELT/dbt-env/lib/python3.7/site-packages/airflow/example_dags/example_trigger_controller_dag.py for tasks to queue
[2021-09-22 00:35:51,818] {logging_mixin.py:109} INFO - [2021-09-22 00:35:51,818] {dagbag.py:496} INFO - Filling up the DagBag from /Users/daniel/sensor-data-ELT/dbt-env/lib/python3.7/site-packages/airflow/example_dags/example_trigger_controller_dag.py
[2021-09-22 00:35:51,833] {processor.py:623} INFO - DAG(s) dict_keys(['example_trigger_controller_dag']) retrieved from /Users/daniel/sensor-data-ELT/dbt-env/lib/python3.7/site-packages/airflow/example_dags/example_trigger_controller_dag.py
[2021-09-22 00:35:51,850] {logging_mixin.py:109} INFO - [2021-09-22 00:35:51,850] {dag.py:1834} INFO - Sync 1 DAGs
[2021-09-22 00:35:51,863] {logging_mixin.py:109} INFO - [2021-09-22 00:35:51,862] {dag.py:2287} INFO - Setting next_dagrun for example_trigger_controller_dag to 2021-09-19 00:00:00+00:00
[2021-09-22 00:35:51,875] {processor.py:170} INFO - Processing /Users/daniel/sensor-data-ELT/dbt-env/lib/python3.7/site-packages/airflow/example_dags/example_trigger_controller_dag.py took 0.066 seconds
[2021-09-22 00:36:24,226] {processor.py:162} INFO - Started process (PID=39315) to work on /Users/daniel/sensor-data-ELT/dbt-env/lib/python3.7/site-packages/airflow/example_dags/example_trigger_controller_dag.py
[2021-09-22 00:36:24,229] {processor.py:613} INFO - Processing file /Users/daniel/sensor-data-ELT/dbt-env/lib/python3.7/site-packages/airflow/example_dags/example_trigger_controller_dag.py for tasks to queue
[2021-09-22 00:36:24,231] {logging_mixin.py:109} INFO - [2021-09-22 00:36:24,231] {dagbag.py:496} INFO - Filling up the DagBag from /Users/daniel/sensor-data-ELT/dbt-env/lib/python3.7/site-packages/airflow/example_dags/example_trigger_controller_dag.py
[2021-09-22 00:36:24,245] {processor.py:623} INFO - DAG(s) dict_keys(['example_trigger_controller_dag']) retrieved from /Users/daniel/sensor-data-ELT/dbt-env/lib/python3.7/site-packages/airflow/example_dags/example_trigger_controller_dag.py
[2021-09-22 00:36:24,262] {logging_mixin.py:109} INFO - [2021-09-22 00:36:24,262] {dag.py:1834} INFO - Sync 1 DAGs
[2021-09-22 00:36:24,277] {logging_mixin.py:109} INFO - [2021-09-22 00:36:24,277] {dag.py:2287} INFO - Setting next_dagrun for example_trigger_controller_dag to 2021-09-19 00:00:00+00:00
[2021-09-22 00:36:24,293] {processor.py:170} INFO - Processing /Users/daniel/sensor-data-ELT/dbt-env/lib/python3.7/site-packages/airflow/example_dags/example_trigger_controller_dag.py took 0.072 seconds
[2021-09-22 00:36:59,586] {processor.py:162} INFO - Started process (PID=39389) to work on /Users/daniel/sensor-data-ELT/dbt-env/lib/python3.7/site-packages/airflow/example_dags/example_trigger_controller_dag.py
[2021-09-22 00:36:59,589] {processor.py:613} INFO - Processing file /Users/daniel/sensor-data-ELT/dbt-env/lib/python3.7/site-packages/airflow/example_dags/example_trigger_controller_dag.py for tasks to queue
[2021-09-22 00:36:59,590] {logging_mixin.py:109} INFO - [2021-09-22 00:36:59,589] {dagbag.py:496} INFO - Filling up the DagBag from /Users/daniel/sensor-data-ELT/dbt-env/lib/python3.7/site-packages/airflow/example_dags/example_trigger_controller_dag.py
[2021-09-22 00:36:59,603] {processor.py:623} INFO - DAG(s) dict_keys(['example_trigger_controller_dag']) retrieved from /Users/daniel/sensor-data-ELT/dbt-env/lib/python3.7/site-packages/airflow/example_dags/example_trigger_controller_dag.py
[2021-09-22 00:36:59,620] {logging_mixin.py:109} INFO - [2021-09-22 00:36:59,619] {dag.py:1834} INFO - Sync 1 DAGs
[2021-09-22 00:36:59,632] {logging_mixin.py:109} INFO - [2021-09-22 00:36:59,631] {dag.py:2287} INFO - Setting next_dagrun for example_trigger_controller_dag to 2021-09-19 00:00:00+00:00
[2021-09-22 00:36:59,642] {processor.py:170} INFO - Processing /Users/daniel/sensor-data-ELT/dbt-env/lib/python3.7/site-packages/airflow/example_dags/example_trigger_controller_dag.py took 0.061 seconds
[2021-09-22 00:37:33,525] {processor.py:162} INFO - Started process (PID=39457) to work on /Users/daniel/sensor-data-ELT/dbt-env/lib/python3.7/site-packages/airflow/example_dags/example_trigger_controller_dag.py
[2021-09-22 00:37:33,527] {processor.py:613} INFO - Processing file /Users/daniel/sensor-data-ELT/dbt-env/lib/python3.7/site-packages/airflow/example_dags/example_trigger_controller_dag.py for tasks to queue
[2021-09-22 00:37:33,528] {logging_mixin.py:109} INFO - [2021-09-22 00:37:33,528] {dagbag.py:496} INFO - Filling up the DagBag from /Users/daniel/sensor-data-ELT/dbt-env/lib/python3.7/site-packages/airflow/example_dags/example_trigger_controller_dag.py
[2021-09-22 00:37:33,542] {processor.py:623} INFO - DAG(s) dict_keys(['example_trigger_controller_dag']) retrieved from /Users/daniel/sensor-data-ELT/dbt-env/lib/python3.7/site-packages/airflow/example_dags/example_trigger_controller_dag.py
[2021-09-22 00:37:33,560] {logging_mixin.py:109} INFO - [2021-09-22 00:37:33,559] {dag.py:1834} INFO - Sync 1 DAGs
[2021-09-22 00:37:33,572] {logging_mixin.py:109} INFO - [2021-09-22 00:37:33,572] {dag.py:2287} INFO - Setting next_dagrun for example_trigger_controller_dag to 2021-09-19 00:00:00+00:00
[2021-09-22 00:37:33,583] {processor.py:170} INFO - Processing /Users/daniel/sensor-data-ELT/dbt-env/lib/python3.7/site-packages/airflow/example_dags/example_trigger_controller_dag.py took 0.062 seconds
[2021-09-22 00:38:09,646] {processor.py:162} INFO - Started process (PID=39551) to work on /Users/daniel/sensor-data-ELT/dbt-env/lib/python3.7/site-packages/airflow/example_dags/example_trigger_controller_dag.py
[2021-09-22 00:38:09,649] {processor.py:613} INFO - Processing file /Users/daniel/sensor-data-ELT/dbt-env/lib/python3.7/site-packages/airflow/example_dags/example_trigger_controller_dag.py for tasks to queue
[2021-09-22 00:38:09,650] {logging_mixin.py:109} INFO - [2021-09-22 00:38:09,650] {dagbag.py:496} INFO - Filling up the DagBag from /Users/daniel/sensor-data-ELT/dbt-env/lib/python3.7/site-packages/airflow/example_dags/example_trigger_controller_dag.py
[2021-09-22 00:38:09,664] {processor.py:623} INFO - DAG(s) dict_keys(['example_trigger_controller_dag']) retrieved from /Users/daniel/sensor-data-ELT/dbt-env/lib/python3.7/site-packages/airflow/example_dags/example_trigger_controller_dag.py
[2021-09-22 00:38:09,682] {logging_mixin.py:109} INFO - [2021-09-22 00:38:09,682] {dag.py:1834} INFO - Sync 1 DAGs
[2021-09-22 00:38:09,693] {logging_mixin.py:109} INFO - [2021-09-22 00:38:09,693] {dag.py:2287} INFO - Setting next_dagrun for example_trigger_controller_dag to 2021-09-19 00:00:00+00:00
[2021-09-22 00:38:09,704] {processor.py:170} INFO - Processing /Users/daniel/sensor-data-ELT/dbt-env/lib/python3.7/site-packages/airflow/example_dags/example_trigger_controller_dag.py took 0.063 seconds
[2021-09-22 00:38:45,004] {processor.py:162} INFO - Started process (PID=39594) to work on /Users/daniel/sensor-data-ELT/dbt-env/lib/python3.7/site-packages/airflow/example_dags/example_trigger_controller_dag.py
[2021-09-22 00:38:45,007] {processor.py:613} INFO - Processing file /Users/daniel/sensor-data-ELT/dbt-env/lib/python3.7/site-packages/airflow/example_dags/example_trigger_controller_dag.py for tasks to queue
[2021-09-22 00:38:45,008] {logging_mixin.py:109} INFO - [2021-09-22 00:38:45,008] {dagbag.py:496} INFO - Filling up the DagBag from /Users/daniel/sensor-data-ELT/dbt-env/lib/python3.7/site-packages/airflow/example_dags/example_trigger_controller_dag.py
[2021-09-22 00:38:45,029] {processor.py:623} INFO - DAG(s) dict_keys(['example_trigger_controller_dag']) retrieved from /Users/daniel/sensor-data-ELT/dbt-env/lib/python3.7/site-packages/airflow/example_dags/example_trigger_controller_dag.py
[2021-09-22 00:38:45,052] {logging_mixin.py:109} INFO - [2021-09-22 00:38:45,052] {dag.py:1834} INFO - Sync 1 DAGs
[2021-09-22 00:38:45,070] {logging_mixin.py:109} INFO - [2021-09-22 00:38:45,069] {dag.py:2287} INFO - Setting next_dagrun for example_trigger_controller_dag to 2021-09-19 00:00:00+00:00
[2021-09-22 00:38:45,090] {processor.py:170} INFO - Processing /Users/daniel/sensor-data-ELT/dbt-env/lib/python3.7/site-packages/airflow/example_dags/example_trigger_controller_dag.py took 0.094 seconds
[2021-09-22 01:18:37,663] {processor.py:162} INFO - Started process (PID=41025) to work on /Users/daniel/sensor-data-ELT/dbt-env/lib/python3.7/site-packages/airflow/example_dags/example_trigger_controller_dag.py
[2021-09-22 01:18:37,665] {processor.py:613} INFO - Processing file /Users/daniel/sensor-data-ELT/dbt-env/lib/python3.7/site-packages/airflow/example_dags/example_trigger_controller_dag.py for tasks to queue
[2021-09-22 01:18:37,666] {logging_mixin.py:109} INFO - [2021-09-22 01:18:37,666] {dagbag.py:496} INFO - Filling up the DagBag from /Users/daniel/sensor-data-ELT/dbt-env/lib/python3.7/site-packages/airflow/example_dags/example_trigger_controller_dag.py
[2021-09-22 01:18:37,679] {processor.py:623} INFO - DAG(s) dict_keys(['example_trigger_controller_dag']) retrieved from /Users/daniel/sensor-data-ELT/dbt-env/lib/python3.7/site-packages/airflow/example_dags/example_trigger_controller_dag.py
[2021-09-22 01:18:37,694] {logging_mixin.py:109} INFO - [2021-09-22 01:18:37,694] {dag.py:1834} INFO - Sync 1 DAGs
[2021-09-22 01:18:37,707] {logging_mixin.py:109} INFO - [2021-09-22 01:18:37,707] {dag.py:2287} INFO - Setting next_dagrun for example_trigger_controller_dag to 2021-09-19 00:00:00+00:00
[2021-09-22 01:18:37,811] {processor.py:170} INFO - Processing /Users/daniel/sensor-data-ELT/dbt-env/lib/python3.7/site-packages/airflow/example_dags/example_trigger_controller_dag.py took 0.152 seconds
