[2021-09-22 00:18:15,487] {processor.py:162} INFO - Started process (PID=37014) to work on /Users/daniel/sensor-data-ELT/dbt-env/lib/python3.7/site-packages/airflow/example_dags/example_branch_day_of_week_operator.py
[2021-09-22 00:18:15,489] {processor.py:613} INFO - Processing file /Users/daniel/sensor-data-ELT/dbt-env/lib/python3.7/site-packages/airflow/example_dags/example_branch_day_of_week_operator.py for tasks to queue
[2021-09-22 00:18:15,491] {logging_mixin.py:109} INFO - [2021-09-22 00:18:15,491] {dagbag.py:496} INFO - Filling up the DagBag from /Users/daniel/sensor-data-ELT/dbt-env/lib/python3.7/site-packages/airflow/example_dags/example_branch_day_of_week_operator.py
[2021-09-22 00:18:15,522] {processor.py:623} INFO - DAG(s) dict_keys(['example_weekday_branch_operator']) retrieved from /Users/daniel/sensor-data-ELT/dbt-env/lib/python3.7/site-packages/airflow/example_dags/example_branch_day_of_week_operator.py
[2021-09-22 00:18:15,555] {logging_mixin.py:109} INFO - [2021-09-22 00:18:15,555] {dag.py:1834} INFO - Sync 1 DAGs
[2021-09-22 00:18:15,596] {logging_mixin.py:109} INFO - [2021-09-22 00:18:15,596] {dag.py:2287} INFO - Setting next_dagrun for example_weekday_branch_operator to 2021-09-19 00:00:00+00:00
[2021-09-22 00:18:15,615] {processor.py:170} INFO - Processing /Users/daniel/sensor-data-ELT/dbt-env/lib/python3.7/site-packages/airflow/example_dags/example_branch_day_of_week_operator.py took 0.136 seconds
[2021-09-22 00:18:50,378] {processor.py:162} INFO - Started process (PID=37079) to work on /Users/daniel/sensor-data-ELT/dbt-env/lib/python3.7/site-packages/airflow/example_dags/example_branch_day_of_week_operator.py
[2021-09-22 00:18:50,380] {processor.py:613} INFO - Processing file /Users/daniel/sensor-data-ELT/dbt-env/lib/python3.7/site-packages/airflow/example_dags/example_branch_day_of_week_operator.py for tasks to queue
[2021-09-22 00:18:50,381] {logging_mixin.py:109} INFO - [2021-09-22 00:18:50,381] {dagbag.py:496} INFO - Filling up the DagBag from /Users/daniel/sensor-data-ELT/dbt-env/lib/python3.7/site-packages/airflow/example_dags/example_branch_day_of_week_operator.py
[2021-09-22 00:18:50,403] {processor.py:623} INFO - DAG(s) dict_keys(['example_weekday_branch_operator']) retrieved from /Users/daniel/sensor-data-ELT/dbt-env/lib/python3.7/site-packages/airflow/example_dags/example_branch_day_of_week_operator.py
[2021-09-22 00:18:50,424] {logging_mixin.py:109} INFO - [2021-09-22 00:18:50,423] {dag.py:1834} INFO - Sync 1 DAGs
[2021-09-22 00:18:50,444] {logging_mixin.py:109} INFO - [2021-09-22 00:18:50,444] {dag.py:2287} INFO - Setting next_dagrun for example_weekday_branch_operator to 2021-09-19 00:00:00+00:00
[2021-09-22 00:18:50,456] {processor.py:170} INFO - Processing /Users/daniel/sensor-data-ELT/dbt-env/lib/python3.7/site-packages/airflow/example_dags/example_branch_day_of_week_operator.py took 0.084 seconds
[2021-09-22 00:19:26,796] {processor.py:162} INFO - Started process (PID=37160) to work on /Users/daniel/sensor-data-ELT/dbt-env/lib/python3.7/site-packages/airflow/example_dags/example_branch_day_of_week_operator.py
[2021-09-22 00:19:26,799] {processor.py:613} INFO - Processing file /Users/daniel/sensor-data-ELT/dbt-env/lib/python3.7/site-packages/airflow/example_dags/example_branch_day_of_week_operator.py for tasks to queue
[2021-09-22 00:19:26,801] {logging_mixin.py:109} INFO - [2021-09-22 00:19:26,801] {dagbag.py:496} INFO - Filling up the DagBag from /Users/daniel/sensor-data-ELT/dbt-env/lib/python3.7/site-packages/airflow/example_dags/example_branch_day_of_week_operator.py
[2021-09-22 00:19:26,821] {processor.py:623} INFO - DAG(s) dict_keys(['example_weekday_branch_operator']) retrieved from /Users/daniel/sensor-data-ELT/dbt-env/lib/python3.7/site-packages/airflow/example_dags/example_branch_day_of_week_operator.py
[2021-09-22 00:19:26,837] {logging_mixin.py:109} INFO - [2021-09-22 00:19:26,837] {dag.py:1834} INFO - Sync 1 DAGs
[2021-09-22 00:19:26,858] {logging_mixin.py:109} INFO - [2021-09-22 00:19:26,858] {dag.py:2287} INFO - Setting next_dagrun for example_weekday_branch_operator to 2021-09-19 00:00:00+00:00
[2021-09-22 00:19:26,872] {processor.py:170} INFO - Processing /Users/daniel/sensor-data-ELT/dbt-env/lib/python3.7/site-packages/airflow/example_dags/example_branch_day_of_week_operator.py took 0.080 seconds
[2021-09-22 00:20:02,834] {processor.py:162} INFO - Started process (PID=37577) to work on /Users/daniel/sensor-data-ELT/dbt-env/lib/python3.7/site-packages/airflow/example_dags/example_branch_day_of_week_operator.py
[2021-09-22 00:20:02,837] {processor.py:613} INFO - Processing file /Users/daniel/sensor-data-ELT/dbt-env/lib/python3.7/site-packages/airflow/example_dags/example_branch_day_of_week_operator.py for tasks to queue
[2021-09-22 00:20:02,838] {logging_mixin.py:109} INFO - [2021-09-22 00:20:02,837] {dagbag.py:496} INFO - Filling up the DagBag from /Users/daniel/sensor-data-ELT/dbt-env/lib/python3.7/site-packages/airflow/example_dags/example_branch_day_of_week_operator.py
[2021-09-22 00:20:02,859] {processor.py:623} INFO - DAG(s) dict_keys(['example_weekday_branch_operator']) retrieved from /Users/daniel/sensor-data-ELT/dbt-env/lib/python3.7/site-packages/airflow/example_dags/example_branch_day_of_week_operator.py
[2021-09-22 00:20:02,879] {logging_mixin.py:109} INFO - [2021-09-22 00:20:02,879] {dag.py:1834} INFO - Sync 1 DAGs
[2021-09-22 00:20:02,904] {logging_mixin.py:109} INFO - [2021-09-22 00:20:02,903] {dag.py:2287} INFO - Setting next_dagrun for example_weekday_branch_operator to 2021-09-19 00:00:00+00:00
[2021-09-22 00:20:02,925] {processor.py:170} INFO - Processing /Users/daniel/sensor-data-ELT/dbt-env/lib/python3.7/site-packages/airflow/example_dags/example_branch_day_of_week_operator.py took 0.097 seconds
[2021-09-22 00:20:39,326] {processor.py:162} INFO - Started process (PID=37889) to work on /Users/daniel/sensor-data-ELT/dbt-env/lib/python3.7/site-packages/airflow/example_dags/example_branch_day_of_week_operator.py
[2021-09-22 00:20:39,329] {processor.py:613} INFO - Processing file /Users/daniel/sensor-data-ELT/dbt-env/lib/python3.7/site-packages/airflow/example_dags/example_branch_day_of_week_operator.py for tasks to queue
[2021-09-22 00:20:39,331] {logging_mixin.py:109} INFO - [2021-09-22 00:20:39,330] {dagbag.py:496} INFO - Filling up the DagBag from /Users/daniel/sensor-data-ELT/dbt-env/lib/python3.7/site-packages/airflow/example_dags/example_branch_day_of_week_operator.py
[2021-09-22 00:20:39,359] {processor.py:623} INFO - DAG(s) dict_keys(['example_weekday_branch_operator']) retrieved from /Users/daniel/sensor-data-ELT/dbt-env/lib/python3.7/site-packages/airflow/example_dags/example_branch_day_of_week_operator.py
[2021-09-22 00:20:39,393] {logging_mixin.py:109} INFO - [2021-09-22 00:20:39,393] {dag.py:1834} INFO - Sync 1 DAGs
[2021-09-22 00:20:39,460] {logging_mixin.py:109} INFO - [2021-09-22 00:20:39,459] {dag.py:2287} INFO - Setting next_dagrun for example_weekday_branch_operator to 2021-09-19 00:00:00+00:00
[2021-09-22 00:20:39,494] {processor.py:170} INFO - Processing /Users/daniel/sensor-data-ELT/dbt-env/lib/python3.7/site-packages/airflow/example_dags/example_branch_day_of_week_operator.py took 0.173 seconds
[2021-09-22 00:21:37,899] {processor.py:162} INFO - Started process (PID=38478) to work on /Users/daniel/sensor-data-ELT/dbt-env/lib/python3.7/site-packages/airflow/example_dags/example_branch_day_of_week_operator.py
[2021-09-22 00:21:37,901] {processor.py:613} INFO - Processing file /Users/daniel/sensor-data-ELT/dbt-env/lib/python3.7/site-packages/airflow/example_dags/example_branch_day_of_week_operator.py for tasks to queue
[2021-09-22 00:21:37,902] {logging_mixin.py:109} INFO - [2021-09-22 00:21:37,902] {dagbag.py:496} INFO - Filling up the DagBag from /Users/daniel/sensor-data-ELT/dbt-env/lib/python3.7/site-packages/airflow/example_dags/example_branch_day_of_week_operator.py
[2021-09-22 00:21:37,919] {processor.py:623} INFO - DAG(s) dict_keys(['example_weekday_branch_operator']) retrieved from /Users/daniel/sensor-data-ELT/dbt-env/lib/python3.7/site-packages/airflow/example_dags/example_branch_day_of_week_operator.py
[2021-09-22 00:21:37,935] {logging_mixin.py:109} INFO - [2021-09-22 00:21:37,935] {dag.py:1834} INFO - Sync 1 DAGs
[2021-09-22 00:21:37,955] {logging_mixin.py:109} INFO - [2021-09-22 00:21:37,955] {dag.py:2287} INFO - Setting next_dagrun for example_weekday_branch_operator to 2021-09-19 00:00:00+00:00
[2021-09-22 00:21:37,966] {processor.py:170} INFO - Processing /Users/daniel/sensor-data-ELT/dbt-env/lib/python3.7/site-packages/airflow/example_dags/example_branch_day_of_week_operator.py took 0.072 seconds
[2021-09-22 00:22:12,644] {processor.py:162} INFO - Started process (PID=38558) to work on /Users/daniel/sensor-data-ELT/dbt-env/lib/python3.7/site-packages/airflow/example_dags/example_branch_day_of_week_operator.py
[2021-09-22 00:22:12,646] {processor.py:613} INFO - Processing file /Users/daniel/sensor-data-ELT/dbt-env/lib/python3.7/site-packages/airflow/example_dags/example_branch_day_of_week_operator.py for tasks to queue
[2021-09-22 00:22:12,647] {logging_mixin.py:109} INFO - [2021-09-22 00:22:12,647] {dagbag.py:496} INFO - Filling up the DagBag from /Users/daniel/sensor-data-ELT/dbt-env/lib/python3.7/site-packages/airflow/example_dags/example_branch_day_of_week_operator.py
[2021-09-22 00:22:12,669] {processor.py:623} INFO - DAG(s) dict_keys(['example_weekday_branch_operator']) retrieved from /Users/daniel/sensor-data-ELT/dbt-env/lib/python3.7/site-packages/airflow/example_dags/example_branch_day_of_week_operator.py
[2021-09-22 00:22:12,693] {logging_mixin.py:109} INFO - [2021-09-22 00:22:12,693] {dag.py:1834} INFO - Sync 1 DAGs
[2021-09-22 00:22:12,723] {logging_mixin.py:109} INFO - [2021-09-22 00:22:12,722] {dag.py:2287} INFO - Setting next_dagrun for example_weekday_branch_operator to 2021-09-19 00:00:00+00:00
[2021-09-22 00:22:12,737] {processor.py:170} INFO - Processing /Users/daniel/sensor-data-ELT/dbt-env/lib/python3.7/site-packages/airflow/example_dags/example_branch_day_of_week_operator.py took 0.098 seconds
[2021-09-22 00:22:51,203] {processor.py:162} INFO - Started process (PID=38627) to work on /Users/daniel/sensor-data-ELT/dbt-env/lib/python3.7/site-packages/airflow/example_dags/example_branch_day_of_week_operator.py
[2021-09-22 00:22:51,211] {processor.py:613} INFO - Processing file /Users/daniel/sensor-data-ELT/dbt-env/lib/python3.7/site-packages/airflow/example_dags/example_branch_day_of_week_operator.py for tasks to queue
[2021-09-22 00:22:51,213] {logging_mixin.py:109} INFO - [2021-09-22 00:22:51,213] {dagbag.py:496} INFO - Filling up the DagBag from /Users/daniel/sensor-data-ELT/dbt-env/lib/python3.7/site-packages/airflow/example_dags/example_branch_day_of_week_operator.py
[2021-09-22 00:22:51,265] {processor.py:623} INFO - DAG(s) dict_keys(['example_weekday_branch_operator']) retrieved from /Users/daniel/sensor-data-ELT/dbt-env/lib/python3.7/site-packages/airflow/example_dags/example_branch_day_of_week_operator.py
[2021-09-22 00:22:51,333] {logging_mixin.py:109} INFO - [2021-09-22 00:22:51,332] {dag.py:1834} INFO - Sync 1 DAGs
[2021-09-22 00:22:51,378] {logging_mixin.py:109} INFO - [2021-09-22 00:22:51,377] {dag.py:2287} INFO - Setting next_dagrun for example_weekday_branch_operator to 2021-09-19 00:00:00+00:00
[2021-09-22 00:22:51,393] {processor.py:170} INFO - Processing /Users/daniel/sensor-data-ELT/dbt-env/lib/python3.7/site-packages/airflow/example_dags/example_branch_day_of_week_operator.py took 0.203 seconds
[2021-09-22 00:23:27,483] {processor.py:162} INFO - Started process (PID=38671) to work on /Users/daniel/sensor-data-ELT/dbt-env/lib/python3.7/site-packages/airflow/example_dags/example_branch_day_of_week_operator.py
[2021-09-22 00:23:27,486] {processor.py:613} INFO - Processing file /Users/daniel/sensor-data-ELT/dbt-env/lib/python3.7/site-packages/airflow/example_dags/example_branch_day_of_week_operator.py for tasks to queue
[2021-09-22 00:23:27,488] {logging_mixin.py:109} INFO - [2021-09-22 00:23:27,487] {dagbag.py:496} INFO - Filling up the DagBag from /Users/daniel/sensor-data-ELT/dbt-env/lib/python3.7/site-packages/airflow/example_dags/example_branch_day_of_week_operator.py
[2021-09-22 00:23:27,510] {processor.py:623} INFO - DAG(s) dict_keys(['example_weekday_branch_operator']) retrieved from /Users/daniel/sensor-data-ELT/dbt-env/lib/python3.7/site-packages/airflow/example_dags/example_branch_day_of_week_operator.py
[2021-09-22 00:23:27,531] {logging_mixin.py:109} INFO - [2021-09-22 00:23:27,531] {dag.py:1834} INFO - Sync 1 DAGs
[2021-09-22 00:23:27,552] {logging_mixin.py:109} INFO - [2021-09-22 00:23:27,552] {dag.py:2287} INFO - Setting next_dagrun for example_weekday_branch_operator to 2021-09-19 00:00:00+00:00
[2021-09-22 00:23:27,564] {processor.py:170} INFO - Processing /Users/daniel/sensor-data-ELT/dbt-env/lib/python3.7/site-packages/airflow/example_dags/example_branch_day_of_week_operator.py took 0.086 seconds
[2021-09-22 00:24:02,683] {processor.py:162} INFO - Started process (PID=38751) to work on /Users/daniel/sensor-data-ELT/dbt-env/lib/python3.7/site-packages/airflow/example_dags/example_branch_day_of_week_operator.py
[2021-09-22 00:24:02,687] {processor.py:613} INFO - Processing file /Users/daniel/sensor-data-ELT/dbt-env/lib/python3.7/site-packages/airflow/example_dags/example_branch_day_of_week_operator.py for tasks to queue
[2021-09-22 00:24:02,688] {logging_mixin.py:109} INFO - [2021-09-22 00:24:02,688] {dagbag.py:496} INFO - Filling up the DagBag from /Users/daniel/sensor-data-ELT/dbt-env/lib/python3.7/site-packages/airflow/example_dags/example_branch_day_of_week_operator.py
[2021-09-22 00:24:02,713] {processor.py:623} INFO - DAG(s) dict_keys(['example_weekday_branch_operator']) retrieved from /Users/daniel/sensor-data-ELT/dbt-env/lib/python3.7/site-packages/airflow/example_dags/example_branch_day_of_week_operator.py
[2021-09-22 00:24:02,734] {logging_mixin.py:109} INFO - [2021-09-22 00:24:02,733] {dag.py:1834} INFO - Sync 1 DAGs
[2021-09-22 00:24:02,755] {logging_mixin.py:109} INFO - [2021-09-22 00:24:02,755] {dag.py:2287} INFO - Setting next_dagrun for example_weekday_branch_operator to 2021-09-19 00:00:00+00:00
[2021-09-22 00:24:02,768] {processor.py:170} INFO - Processing /Users/daniel/sensor-data-ELT/dbt-env/lib/python3.7/site-packages/airflow/example_dags/example_branch_day_of_week_operator.py took 0.093 seconds
[2021-09-22 00:33:47,789] {processor.py:162} INFO - Started process (PID=39094) to work on /Users/daniel/sensor-data-ELT/dbt-env/lib/python3.7/site-packages/airflow/example_dags/example_branch_day_of_week_operator.py
[2021-09-22 00:33:47,793] {processor.py:613} INFO - Processing file /Users/daniel/sensor-data-ELT/dbt-env/lib/python3.7/site-packages/airflow/example_dags/example_branch_day_of_week_operator.py for tasks to queue
[2021-09-22 00:33:47,795] {logging_mixin.py:109} INFO - [2021-09-22 00:33:47,794] {dagbag.py:496} INFO - Filling up the DagBag from /Users/daniel/sensor-data-ELT/dbt-env/lib/python3.7/site-packages/airflow/example_dags/example_branch_day_of_week_operator.py
[2021-09-22 00:33:47,813] {processor.py:623} INFO - DAG(s) dict_keys(['example_weekday_branch_operator']) retrieved from /Users/daniel/sensor-data-ELT/dbt-env/lib/python3.7/site-packages/airflow/example_dags/example_branch_day_of_week_operator.py
[2021-09-22 00:33:47,829] {logging_mixin.py:109} INFO - [2021-09-22 00:33:47,829] {dag.py:1834} INFO - Sync 1 DAGs
[2021-09-22 00:33:47,851] {logging_mixin.py:109} INFO - [2021-09-22 00:33:47,851] {dag.py:2287} INFO - Setting next_dagrun for example_weekday_branch_operator to 2021-09-19 00:00:00+00:00
[2021-09-22 00:33:47,863] {processor.py:170} INFO - Processing /Users/daniel/sensor-data-ELT/dbt-env/lib/python3.7/site-packages/airflow/example_dags/example_branch_day_of_week_operator.py took 0.078 seconds
[2021-09-22 00:34:21,301] {processor.py:162} INFO - Started process (PID=39155) to work on /Users/daniel/sensor-data-ELT/dbt-env/lib/python3.7/site-packages/airflow/example_dags/example_branch_day_of_week_operator.py
[2021-09-22 00:34:21,303] {processor.py:613} INFO - Processing file /Users/daniel/sensor-data-ELT/dbt-env/lib/python3.7/site-packages/airflow/example_dags/example_branch_day_of_week_operator.py for tasks to queue
[2021-09-22 00:34:21,304] {logging_mixin.py:109} INFO - [2021-09-22 00:34:21,304] {dagbag.py:496} INFO - Filling up the DagBag from /Users/daniel/sensor-data-ELT/dbt-env/lib/python3.7/site-packages/airflow/example_dags/example_branch_day_of_week_operator.py
[2021-09-22 00:34:21,322] {processor.py:623} INFO - DAG(s) dict_keys(['example_weekday_branch_operator']) retrieved from /Users/daniel/sensor-data-ELT/dbt-env/lib/python3.7/site-packages/airflow/example_dags/example_branch_day_of_week_operator.py
[2021-09-22 00:34:21,341] {logging_mixin.py:109} INFO - [2021-09-22 00:34:21,341] {dag.py:1834} INFO - Sync 1 DAGs
[2021-09-22 00:34:21,371] {logging_mixin.py:109} INFO - [2021-09-22 00:34:21,371] {dag.py:2287} INFO - Setting next_dagrun for example_weekday_branch_operator to 2021-09-19 00:00:00+00:00
[2021-09-22 00:34:21,385] {processor.py:170} INFO - Processing /Users/daniel/sensor-data-ELT/dbt-env/lib/python3.7/site-packages/airflow/example_dags/example_branch_day_of_week_operator.py took 0.088 seconds
[2021-09-22 00:34:57,251] {processor.py:162} INFO - Started process (PID=39232) to work on /Users/daniel/sensor-data-ELT/dbt-env/lib/python3.7/site-packages/airflow/example_dags/example_branch_day_of_week_operator.py
[2021-09-22 00:34:57,253] {processor.py:613} INFO - Processing file /Users/daniel/sensor-data-ELT/dbt-env/lib/python3.7/site-packages/airflow/example_dags/example_branch_day_of_week_operator.py for tasks to queue
[2021-09-22 00:34:57,254] {logging_mixin.py:109} INFO - [2021-09-22 00:34:57,254] {dagbag.py:496} INFO - Filling up the DagBag from /Users/daniel/sensor-data-ELT/dbt-env/lib/python3.7/site-packages/airflow/example_dags/example_branch_day_of_week_operator.py
[2021-09-22 00:34:57,273] {processor.py:623} INFO - DAG(s) dict_keys(['example_weekday_branch_operator']) retrieved from /Users/daniel/sensor-data-ELT/dbt-env/lib/python3.7/site-packages/airflow/example_dags/example_branch_day_of_week_operator.py
[2021-09-22 00:34:57,298] {logging_mixin.py:109} INFO - [2021-09-22 00:34:57,298] {dag.py:1834} INFO - Sync 1 DAGs
[2021-09-22 00:34:57,322] {logging_mixin.py:109} INFO - [2021-09-22 00:34:57,322] {dag.py:2287} INFO - Setting next_dagrun for example_weekday_branch_operator to 2021-09-19 00:00:00+00:00
[2021-09-22 00:34:57,335] {processor.py:170} INFO - Processing /Users/daniel/sensor-data-ELT/dbt-env/lib/python3.7/site-packages/airflow/example_dags/example_branch_day_of_week_operator.py took 0.088 seconds
[2021-09-22 00:35:32,028] {processor.py:162} INFO - Started process (PID=39264) to work on /Users/daniel/sensor-data-ELT/dbt-env/lib/python3.7/site-packages/airflow/example_dags/example_branch_day_of_week_operator.py
[2021-09-22 00:35:32,031] {processor.py:613} INFO - Processing file /Users/daniel/sensor-data-ELT/dbt-env/lib/python3.7/site-packages/airflow/example_dags/example_branch_day_of_week_operator.py for tasks to queue
[2021-09-22 00:35:32,032] {logging_mixin.py:109} INFO - [2021-09-22 00:35:32,032] {dagbag.py:496} INFO - Filling up the DagBag from /Users/daniel/sensor-data-ELT/dbt-env/lib/python3.7/site-packages/airflow/example_dags/example_branch_day_of_week_operator.py
[2021-09-22 00:35:32,049] {processor.py:623} INFO - DAG(s) dict_keys(['example_weekday_branch_operator']) retrieved from /Users/daniel/sensor-data-ELT/dbt-env/lib/python3.7/site-packages/airflow/example_dags/example_branch_day_of_week_operator.py
[2021-09-22 00:35:32,068] {logging_mixin.py:109} INFO - [2021-09-22 00:35:32,068] {dag.py:1834} INFO - Sync 1 DAGs
[2021-09-22 00:35:32,089] {logging_mixin.py:109} INFO - [2021-09-22 00:35:32,089] {dag.py:2287} INFO - Setting next_dagrun for example_weekday_branch_operator to 2021-09-19 00:00:00+00:00
[2021-09-22 00:35:32,103] {processor.py:170} INFO - Processing /Users/daniel/sensor-data-ELT/dbt-env/lib/python3.7/site-packages/airflow/example_dags/example_branch_day_of_week_operator.py took 0.080 seconds
[2021-09-22 00:36:04,656] {processor.py:162} INFO - Started process (PID=39296) to work on /Users/daniel/sensor-data-ELT/dbt-env/lib/python3.7/site-packages/airflow/example_dags/example_branch_day_of_week_operator.py
[2021-09-22 00:36:04,659] {processor.py:613} INFO - Processing file /Users/daniel/sensor-data-ELT/dbt-env/lib/python3.7/site-packages/airflow/example_dags/example_branch_day_of_week_operator.py for tasks to queue
[2021-09-22 00:36:04,660] {logging_mixin.py:109} INFO - [2021-09-22 00:36:04,659] {dagbag.py:496} INFO - Filling up the DagBag from /Users/daniel/sensor-data-ELT/dbt-env/lib/python3.7/site-packages/airflow/example_dags/example_branch_day_of_week_operator.py
[2021-09-22 00:36:04,685] {processor.py:623} INFO - DAG(s) dict_keys(['example_weekday_branch_operator']) retrieved from /Users/daniel/sensor-data-ELT/dbt-env/lib/python3.7/site-packages/airflow/example_dags/example_branch_day_of_week_operator.py
[2021-09-22 00:36:04,706] {logging_mixin.py:109} INFO - [2021-09-22 00:36:04,705] {dag.py:1834} INFO - Sync 1 DAGs
[2021-09-22 00:36:04,731] {logging_mixin.py:109} INFO - [2021-09-22 00:36:04,731] {dag.py:2287} INFO - Setting next_dagrun for example_weekday_branch_operator to 2021-09-19 00:00:00+00:00
[2021-09-22 00:36:04,744] {processor.py:170} INFO - Processing /Users/daniel/sensor-data-ELT/dbt-env/lib/python3.7/site-packages/airflow/example_dags/example_branch_day_of_week_operator.py took 0.092 seconds
[2021-09-22 00:36:38,416] {processor.py:162} INFO - Started process (PID=39346) to work on /Users/daniel/sensor-data-ELT/dbt-env/lib/python3.7/site-packages/airflow/example_dags/example_branch_day_of_week_operator.py
[2021-09-22 00:36:38,419] {processor.py:613} INFO - Processing file /Users/daniel/sensor-data-ELT/dbt-env/lib/python3.7/site-packages/airflow/example_dags/example_branch_day_of_week_operator.py for tasks to queue
[2021-09-22 00:36:38,420] {logging_mixin.py:109} INFO - [2021-09-22 00:36:38,419] {dagbag.py:496} INFO - Filling up the DagBag from /Users/daniel/sensor-data-ELT/dbt-env/lib/python3.7/site-packages/airflow/example_dags/example_branch_day_of_week_operator.py
[2021-09-22 00:36:38,437] {processor.py:623} INFO - DAG(s) dict_keys(['example_weekday_branch_operator']) retrieved from /Users/daniel/sensor-data-ELT/dbt-env/lib/python3.7/site-packages/airflow/example_dags/example_branch_day_of_week_operator.py
[2021-09-22 00:36:38,454] {logging_mixin.py:109} INFO - [2021-09-22 00:36:38,454] {dag.py:1834} INFO - Sync 1 DAGs
[2021-09-22 00:36:38,486] {logging_mixin.py:109} INFO - [2021-09-22 00:36:38,486] {dag.py:2287} INFO - Setting next_dagrun for example_weekday_branch_operator to 2021-09-19 00:00:00+00:00
[2021-09-22 00:36:38,503] {processor.py:170} INFO - Processing /Users/daniel/sensor-data-ELT/dbt-env/lib/python3.7/site-packages/airflow/example_dags/example_branch_day_of_week_operator.py took 0.091 seconds
[2021-09-22 00:37:13,167] {processor.py:162} INFO - Started process (PID=39430) to work on /Users/daniel/sensor-data-ELT/dbt-env/lib/python3.7/site-packages/airflow/example_dags/example_branch_day_of_week_operator.py
[2021-09-22 00:37:13,170] {processor.py:613} INFO - Processing file /Users/daniel/sensor-data-ELT/dbt-env/lib/python3.7/site-packages/airflow/example_dags/example_branch_day_of_week_operator.py for tasks to queue
[2021-09-22 00:37:13,171] {logging_mixin.py:109} INFO - [2021-09-22 00:37:13,171] {dagbag.py:496} INFO - Filling up the DagBag from /Users/daniel/sensor-data-ELT/dbt-env/lib/python3.7/site-packages/airflow/example_dags/example_branch_day_of_week_operator.py
[2021-09-22 00:37:13,192] {processor.py:623} INFO - DAG(s) dict_keys(['example_weekday_branch_operator']) retrieved from /Users/daniel/sensor-data-ELT/dbt-env/lib/python3.7/site-packages/airflow/example_dags/example_branch_day_of_week_operator.py
[2021-09-22 00:37:13,210] {logging_mixin.py:109} INFO - [2021-09-22 00:37:13,209] {dag.py:1834} INFO - Sync 1 DAGs
[2021-09-22 00:37:13,233] {logging_mixin.py:109} INFO - [2021-09-22 00:37:13,232] {dag.py:2287} INFO - Setting next_dagrun for example_weekday_branch_operator to 2021-09-19 00:00:00+00:00
[2021-09-22 00:37:13,246] {processor.py:170} INFO - Processing /Users/daniel/sensor-data-ELT/dbt-env/lib/python3.7/site-packages/airflow/example_dags/example_branch_day_of_week_operator.py took 0.085 seconds
[2021-09-22 00:37:47,236] {processor.py:162} INFO - Started process (PID=39494) to work on /Users/daniel/sensor-data-ELT/dbt-env/lib/python3.7/site-packages/airflow/example_dags/example_branch_day_of_week_operator.py
[2021-09-22 00:37:47,238] {processor.py:613} INFO - Processing file /Users/daniel/sensor-data-ELT/dbt-env/lib/python3.7/site-packages/airflow/example_dags/example_branch_day_of_week_operator.py for tasks to queue
[2021-09-22 00:37:47,240] {logging_mixin.py:109} INFO - [2021-09-22 00:37:47,239] {dagbag.py:496} INFO - Filling up the DagBag from /Users/daniel/sensor-data-ELT/dbt-env/lib/python3.7/site-packages/airflow/example_dags/example_branch_day_of_week_operator.py
[2021-09-22 00:37:47,262] {processor.py:623} INFO - DAG(s) dict_keys(['example_weekday_branch_operator']) retrieved from /Users/daniel/sensor-data-ELT/dbt-env/lib/python3.7/site-packages/airflow/example_dags/example_branch_day_of_week_operator.py
[2021-09-22 00:37:47,285] {logging_mixin.py:109} INFO - [2021-09-22 00:37:47,285] {dag.py:1834} INFO - Sync 1 DAGs
[2021-09-22 00:37:47,324] {logging_mixin.py:109} INFO - [2021-09-22 00:37:47,324] {dag.py:2287} INFO - Setting next_dagrun for example_weekday_branch_operator to 2021-09-19 00:00:00+00:00
[2021-09-22 00:37:47,342] {processor.py:170} INFO - Processing /Users/daniel/sensor-data-ELT/dbt-env/lib/python3.7/site-packages/airflow/example_dags/example_branch_day_of_week_operator.py took 0.111 seconds
[2021-09-22 00:38:24,426] {processor.py:162} INFO - Started process (PID=39568) to work on /Users/daniel/sensor-data-ELT/dbt-env/lib/python3.7/site-packages/airflow/example_dags/example_branch_day_of_week_operator.py
[2021-09-22 00:38:24,428] {processor.py:613} INFO - Processing file /Users/daniel/sensor-data-ELT/dbt-env/lib/python3.7/site-packages/airflow/example_dags/example_branch_day_of_week_operator.py for tasks to queue
[2021-09-22 00:38:24,430] {logging_mixin.py:109} INFO - [2021-09-22 00:38:24,429] {dagbag.py:496} INFO - Filling up the DagBag from /Users/daniel/sensor-data-ELT/dbt-env/lib/python3.7/site-packages/airflow/example_dags/example_branch_day_of_week_operator.py
[2021-09-22 00:38:24,448] {processor.py:623} INFO - DAG(s) dict_keys(['example_weekday_branch_operator']) retrieved from /Users/daniel/sensor-data-ELT/dbt-env/lib/python3.7/site-packages/airflow/example_dags/example_branch_day_of_week_operator.py
[2021-09-22 00:38:24,466] {logging_mixin.py:109} INFO - [2021-09-22 00:38:24,466] {dag.py:1834} INFO - Sync 1 DAGs
[2021-09-22 00:38:24,488] {logging_mixin.py:109} INFO - [2021-09-22 00:38:24,488] {dag.py:2287} INFO - Setting next_dagrun for example_weekday_branch_operator to 2021-09-19 00:00:00+00:00
[2021-09-22 00:38:24,499] {processor.py:170} INFO - Processing /Users/daniel/sensor-data-ELT/dbt-env/lib/python3.7/site-packages/airflow/example_dags/example_branch_day_of_week_operator.py took 0.078 seconds
[2021-09-22 01:18:14,610] {processor.py:162} INFO - Started process (PID=40964) to work on /Users/daniel/sensor-data-ELT/dbt-env/lib/python3.7/site-packages/airflow/example_dags/example_branch_day_of_week_operator.py
[2021-09-22 01:18:14,613] {processor.py:613} INFO - Processing file /Users/daniel/sensor-data-ELT/dbt-env/lib/python3.7/site-packages/airflow/example_dags/example_branch_day_of_week_operator.py for tasks to queue
[2021-09-22 01:18:14,614] {logging_mixin.py:109} INFO - [2021-09-22 01:18:14,614] {dagbag.py:496} INFO - Filling up the DagBag from /Users/daniel/sensor-data-ELT/dbt-env/lib/python3.7/site-packages/airflow/example_dags/example_branch_day_of_week_operator.py
[2021-09-22 01:18:14,631] {processor.py:623} INFO - DAG(s) dict_keys(['example_weekday_branch_operator']) retrieved from /Users/daniel/sensor-data-ELT/dbt-env/lib/python3.7/site-packages/airflow/example_dags/example_branch_day_of_week_operator.py
[2021-09-22 01:18:14,647] {logging_mixin.py:109} INFO - [2021-09-22 01:18:14,647] {dag.py:1834} INFO - Sync 1 DAGs
[2021-09-22 01:18:14,669] {logging_mixin.py:109} INFO - [2021-09-22 01:18:14,668] {dag.py:2287} INFO - Setting next_dagrun for example_weekday_branch_operator to 2021-09-19 00:00:00+00:00
[2021-09-22 01:18:14,679] {processor.py:170} INFO - Processing /Users/daniel/sensor-data-ELT/dbt-env/lib/python3.7/site-packages/airflow/example_dags/example_branch_day_of_week_operator.py took 0.073 seconds
[2021-09-22 01:18:54,544] {processor.py:162} INFO - Started process (PID=41074) to work on /Users/daniel/sensor-data-ELT/dbt-env/lib/python3.7/site-packages/airflow/example_dags/example_branch_day_of_week_operator.py
[2021-09-22 01:18:54,546] {processor.py:613} INFO - Processing file /Users/daniel/sensor-data-ELT/dbt-env/lib/python3.7/site-packages/airflow/example_dags/example_branch_day_of_week_operator.py for tasks to queue
[2021-09-22 01:18:54,547] {logging_mixin.py:109} INFO - [2021-09-22 01:18:54,547] {dagbag.py:496} INFO - Filling up the DagBag from /Users/daniel/sensor-data-ELT/dbt-env/lib/python3.7/site-packages/airflow/example_dags/example_branch_day_of_week_operator.py
[2021-09-22 01:18:54,564] {processor.py:623} INFO - DAG(s) dict_keys(['example_weekday_branch_operator']) retrieved from /Users/daniel/sensor-data-ELT/dbt-env/lib/python3.7/site-packages/airflow/example_dags/example_branch_day_of_week_operator.py
[2021-09-22 01:18:54,580] {logging_mixin.py:109} INFO - [2021-09-22 01:18:54,579] {dag.py:1834} INFO - Sync 1 DAGs
[2021-09-22 01:18:54,695] {logging_mixin.py:109} INFO - [2021-09-22 01:18:54,694] {dag.py:2287} INFO - Setting next_dagrun for example_weekday_branch_operator to 2021-09-19 00:00:00+00:00
[2021-09-22 01:18:54,705] {processor.py:170} INFO - Processing /Users/daniel/sensor-data-ELT/dbt-env/lib/python3.7/site-packages/airflow/example_dags/example_branch_day_of_week_operator.py took 0.166 seconds
