[2021-09-22 00:18:30,789] {processor.py:162} INFO - Started process (PID=37042) to work on /Users/daniel/sensor-data-ELT/dbt-env/lib/python3.7/site-packages/airflow/example_dags/example_python_operator.py
[2021-09-22 00:18:30,791] {processor.py:613} INFO - Processing file /Users/daniel/sensor-data-ELT/dbt-env/lib/python3.7/site-packages/airflow/example_dags/example_python_operator.py for tasks to queue
[2021-09-22 00:18:30,792] {logging_mixin.py:109} INFO - [2021-09-22 00:18:30,792] {dagbag.py:496} INFO - Filling up the DagBag from /Users/daniel/sensor-data-ELT/dbt-env/lib/python3.7/site-packages/airflow/example_dags/example_python_operator.py
[2021-09-22 00:18:30,807] {processor.py:623} INFO - DAG(s) dict_keys(['example_python_operator']) retrieved from /Users/daniel/sensor-data-ELT/dbt-env/lib/python3.7/site-packages/airflow/example_dags/example_python_operator.py
[2021-09-22 00:18:30,824] {logging_mixin.py:109} INFO - [2021-09-22 00:18:30,823] {dag.py:1834} INFO - Sync 1 DAGs
[2021-09-22 00:18:30,835] {logging_mixin.py:109} INFO - [2021-09-22 00:18:30,835] {dag.py:2287} INFO - Setting next_dagrun for example_python_operator to None
[2021-09-22 00:18:30,848] {processor.py:170} INFO - Processing /Users/daniel/sensor-data-ELT/dbt-env/lib/python3.7/site-packages/airflow/example_dags/example_python_operator.py took 0.062 seconds
[2021-09-22 00:19:05,815] {processor.py:162} INFO - Started process (PID=37122) to work on /Users/daniel/sensor-data-ELT/dbt-env/lib/python3.7/site-packages/airflow/example_dags/example_python_operator.py
[2021-09-22 00:19:05,819] {processor.py:613} INFO - Processing file /Users/daniel/sensor-data-ELT/dbt-env/lib/python3.7/site-packages/airflow/example_dags/example_python_operator.py for tasks to queue
[2021-09-22 00:19:05,821] {logging_mixin.py:109} INFO - [2021-09-22 00:19:05,820] {dagbag.py:496} INFO - Filling up the DagBag from /Users/daniel/sensor-data-ELT/dbt-env/lib/python3.7/site-packages/airflow/example_dags/example_python_operator.py
[2021-09-22 00:19:05,850] {processor.py:623} INFO - DAG(s) dict_keys(['example_python_operator']) retrieved from /Users/daniel/sensor-data-ELT/dbt-env/lib/python3.7/site-packages/airflow/example_dags/example_python_operator.py
[2021-09-22 00:19:05,881] {logging_mixin.py:109} INFO - [2021-09-22 00:19:05,881] {dag.py:1834} INFO - Sync 1 DAGs
[2021-09-22 00:19:05,900] {logging_mixin.py:109} INFO - [2021-09-22 00:19:05,900] {dag.py:2287} INFO - Setting next_dagrun for example_python_operator to None
[2021-09-22 00:19:05,916] {processor.py:170} INFO - Processing /Users/daniel/sensor-data-ELT/dbt-env/lib/python3.7/site-packages/airflow/example_dags/example_python_operator.py took 0.106 seconds
[2021-09-22 00:19:41,111] {processor.py:162} INFO - Started process (PID=37173) to work on /Users/daniel/sensor-data-ELT/dbt-env/lib/python3.7/site-packages/airflow/example_dags/example_python_operator.py
[2021-09-22 00:19:41,114] {processor.py:613} INFO - Processing file /Users/daniel/sensor-data-ELT/dbt-env/lib/python3.7/site-packages/airflow/example_dags/example_python_operator.py for tasks to queue
[2021-09-22 00:19:41,115] {logging_mixin.py:109} INFO - [2021-09-22 00:19:41,115] {dagbag.py:496} INFO - Filling up the DagBag from /Users/daniel/sensor-data-ELT/dbt-env/lib/python3.7/site-packages/airflow/example_dags/example_python_operator.py
[2021-09-22 00:19:41,133] {processor.py:623} INFO - DAG(s) dict_keys(['example_python_operator']) retrieved from /Users/daniel/sensor-data-ELT/dbt-env/lib/python3.7/site-packages/airflow/example_dags/example_python_operator.py
[2021-09-22 00:19:41,152] {logging_mixin.py:109} INFO - [2021-09-22 00:19:41,152] {dag.py:1834} INFO - Sync 1 DAGs
[2021-09-22 00:19:41,169] {logging_mixin.py:109} INFO - [2021-09-22 00:19:41,169] {dag.py:2287} INFO - Setting next_dagrun for example_python_operator to None
[2021-09-22 00:19:41,182] {processor.py:170} INFO - Processing /Users/daniel/sensor-data-ELT/dbt-env/lib/python3.7/site-packages/airflow/example_dags/example_python_operator.py took 0.075 seconds
[2021-09-22 00:20:18,350] {processor.py:162} INFO - Started process (PID=37590) to work on /Users/daniel/sensor-data-ELT/dbt-env/lib/python3.7/site-packages/airflow/example_dags/example_python_operator.py
[2021-09-22 00:20:18,353] {processor.py:613} INFO - Processing file /Users/daniel/sensor-data-ELT/dbt-env/lib/python3.7/site-packages/airflow/example_dags/example_python_operator.py for tasks to queue
[2021-09-22 00:20:18,354] {logging_mixin.py:109} INFO - [2021-09-22 00:20:18,354] {dagbag.py:496} INFO - Filling up the DagBag from /Users/daniel/sensor-data-ELT/dbt-env/lib/python3.7/site-packages/airflow/example_dags/example_python_operator.py
[2021-09-22 00:20:18,373] {processor.py:623} INFO - DAG(s) dict_keys(['example_python_operator']) retrieved from /Users/daniel/sensor-data-ELT/dbt-env/lib/python3.7/site-packages/airflow/example_dags/example_python_operator.py
[2021-09-22 00:20:18,395] {logging_mixin.py:109} INFO - [2021-09-22 00:20:18,394] {dag.py:1834} INFO - Sync 1 DAGs
[2021-09-22 00:20:18,407] {logging_mixin.py:109} INFO - [2021-09-22 00:20:18,407] {dag.py:2287} INFO - Setting next_dagrun for example_python_operator to None
[2021-09-22 00:20:18,419] {processor.py:170} INFO - Processing /Users/daniel/sensor-data-ELT/dbt-env/lib/python3.7/site-packages/airflow/example_dags/example_python_operator.py took 0.074 seconds
[2021-09-22 00:21:51,984] {processor.py:162} INFO - Started process (PID=38511) to work on /Users/daniel/sensor-data-ELT/dbt-env/lib/python3.7/site-packages/airflow/example_dags/example_python_operator.py
[2021-09-22 00:21:51,987] {processor.py:613} INFO - Processing file /Users/daniel/sensor-data-ELT/dbt-env/lib/python3.7/site-packages/airflow/example_dags/example_python_operator.py for tasks to queue
[2021-09-22 00:21:51,988] {logging_mixin.py:109} INFO - [2021-09-22 00:21:51,988] {dagbag.py:496} INFO - Filling up the DagBag from /Users/daniel/sensor-data-ELT/dbt-env/lib/python3.7/site-packages/airflow/example_dags/example_python_operator.py
[2021-09-22 00:21:52,002] {processor.py:623} INFO - DAG(s) dict_keys(['example_python_operator']) retrieved from /Users/daniel/sensor-data-ELT/dbt-env/lib/python3.7/site-packages/airflow/example_dags/example_python_operator.py
[2021-09-22 00:21:52,019] {logging_mixin.py:109} INFO - [2021-09-22 00:21:52,018] {dag.py:1834} INFO - Sync 1 DAGs
[2021-09-22 00:21:52,030] {logging_mixin.py:109} INFO - [2021-09-22 00:21:52,030] {dag.py:2287} INFO - Setting next_dagrun for example_python_operator to None
[2021-09-22 00:21:52,043] {processor.py:170} INFO - Processing /Users/daniel/sensor-data-ELT/dbt-env/lib/python3.7/site-packages/airflow/example_dags/example_python_operator.py took 0.062 seconds
[2021-09-22 00:22:28,247] {processor.py:162} INFO - Started process (PID=38597) to work on /Users/daniel/sensor-data-ELT/dbt-env/lib/python3.7/site-packages/airflow/example_dags/example_python_operator.py
[2021-09-22 00:22:28,250] {processor.py:613} INFO - Processing file /Users/daniel/sensor-data-ELT/dbt-env/lib/python3.7/site-packages/airflow/example_dags/example_python_operator.py for tasks to queue
[2021-09-22 00:22:28,252] {logging_mixin.py:109} INFO - [2021-09-22 00:22:28,252] {dagbag.py:496} INFO - Filling up the DagBag from /Users/daniel/sensor-data-ELT/dbt-env/lib/python3.7/site-packages/airflow/example_dags/example_python_operator.py
[2021-09-22 00:22:28,286] {processor.py:623} INFO - DAG(s) dict_keys(['example_python_operator']) retrieved from /Users/daniel/sensor-data-ELT/dbt-env/lib/python3.7/site-packages/airflow/example_dags/example_python_operator.py
[2021-09-22 00:22:28,348] {logging_mixin.py:109} INFO - [2021-09-22 00:22:28,348] {dag.py:1834} INFO - Sync 1 DAGs
[2021-09-22 00:22:28,372] {logging_mixin.py:109} INFO - [2021-09-22 00:22:28,371] {dag.py:2287} INFO - Setting next_dagrun for example_python_operator to None
[2021-09-22 00:22:28,401] {processor.py:170} INFO - Processing /Users/daniel/sensor-data-ELT/dbt-env/lib/python3.7/site-packages/airflow/example_dags/example_python_operator.py took 0.164 seconds
[2021-09-22 00:23:05,416] {processor.py:162} INFO - Started process (PID=38640) to work on /Users/daniel/sensor-data-ELT/dbt-env/lib/python3.7/site-packages/airflow/example_dags/example_python_operator.py
[2021-09-22 00:23:05,419] {processor.py:613} INFO - Processing file /Users/daniel/sensor-data-ELT/dbt-env/lib/python3.7/site-packages/airflow/example_dags/example_python_operator.py for tasks to queue
[2021-09-22 00:23:05,420] {logging_mixin.py:109} INFO - [2021-09-22 00:23:05,420] {dagbag.py:496} INFO - Filling up the DagBag from /Users/daniel/sensor-data-ELT/dbt-env/lib/python3.7/site-packages/airflow/example_dags/example_python_operator.py
[2021-09-22 00:23:05,437] {processor.py:623} INFO - DAG(s) dict_keys(['example_python_operator']) retrieved from /Users/daniel/sensor-data-ELT/dbt-env/lib/python3.7/site-packages/airflow/example_dags/example_python_operator.py
[2021-09-22 00:23:05,461] {logging_mixin.py:109} INFO - [2021-09-22 00:23:05,460] {dag.py:1834} INFO - Sync 1 DAGs
[2021-09-22 00:23:05,474] {logging_mixin.py:109} INFO - [2021-09-22 00:23:05,474] {dag.py:2287} INFO - Setting next_dagrun for example_python_operator to None
[2021-09-22 00:23:05,491] {processor.py:170} INFO - Processing /Users/daniel/sensor-data-ELT/dbt-env/lib/python3.7/site-packages/airflow/example_dags/example_python_operator.py took 0.079 seconds
[2021-09-22 00:23:40,536] {processor.py:162} INFO - Started process (PID=38702) to work on /Users/daniel/sensor-data-ELT/dbt-env/lib/python3.7/site-packages/airflow/example_dags/example_python_operator.py
[2021-09-22 00:23:40,539] {processor.py:613} INFO - Processing file /Users/daniel/sensor-data-ELT/dbt-env/lib/python3.7/site-packages/airflow/example_dags/example_python_operator.py for tasks to queue
[2021-09-22 00:23:40,540] {logging_mixin.py:109} INFO - [2021-09-22 00:23:40,540] {dagbag.py:496} INFO - Filling up the DagBag from /Users/daniel/sensor-data-ELT/dbt-env/lib/python3.7/site-packages/airflow/example_dags/example_python_operator.py
[2021-09-22 00:23:40,557] {processor.py:623} INFO - DAG(s) dict_keys(['example_python_operator']) retrieved from /Users/daniel/sensor-data-ELT/dbt-env/lib/python3.7/site-packages/airflow/example_dags/example_python_operator.py
[2021-09-22 00:23:40,594] {logging_mixin.py:109} INFO - [2021-09-22 00:23:40,593] {dag.py:1834} INFO - Sync 1 DAGs
[2021-09-22 00:23:40,665] {logging_mixin.py:109} INFO - [2021-09-22 00:23:40,665] {dag.py:2287} INFO - Setting next_dagrun for example_python_operator to None
[2021-09-22 00:23:40,745] {processor.py:170} INFO - Processing /Users/daniel/sensor-data-ELT/dbt-env/lib/python3.7/site-packages/airflow/example_dags/example_python_operator.py took 0.214 seconds
[2021-09-22 00:24:17,222] {processor.py:162} INFO - Started process (PID=38784) to work on /Users/daniel/sensor-data-ELT/dbt-env/lib/python3.7/site-packages/airflow/example_dags/example_python_operator.py
[2021-09-22 00:24:17,226] {processor.py:613} INFO - Processing file /Users/daniel/sensor-data-ELT/dbt-env/lib/python3.7/site-packages/airflow/example_dags/example_python_operator.py for tasks to queue
[2021-09-22 00:24:17,227] {logging_mixin.py:109} INFO - [2021-09-22 00:24:17,227] {dagbag.py:496} INFO - Filling up the DagBag from /Users/daniel/sensor-data-ELT/dbt-env/lib/python3.7/site-packages/airflow/example_dags/example_python_operator.py
[2021-09-22 00:24:17,243] {processor.py:623} INFO - DAG(s) dict_keys(['example_python_operator']) retrieved from /Users/daniel/sensor-data-ELT/dbt-env/lib/python3.7/site-packages/airflow/example_dags/example_python_operator.py
[2021-09-22 00:24:17,260] {logging_mixin.py:109} INFO - [2021-09-22 00:24:17,260] {dag.py:1834} INFO - Sync 1 DAGs
[2021-09-22 00:24:17,272] {logging_mixin.py:109} INFO - [2021-09-22 00:24:17,272] {dag.py:2287} INFO - Setting next_dagrun for example_python_operator to None
[2021-09-22 00:24:17,286] {processor.py:170} INFO - Processing /Users/daniel/sensor-data-ELT/dbt-env/lib/python3.7/site-packages/airflow/example_dags/example_python_operator.py took 0.069 seconds
[2021-09-22 00:34:01,595] {processor.py:162} INFO - Started process (PID=39121) to work on /Users/daniel/sensor-data-ELT/dbt-env/lib/python3.7/site-packages/airflow/example_dags/example_python_operator.py
[2021-09-22 00:34:01,598] {processor.py:613} INFO - Processing file /Users/daniel/sensor-data-ELT/dbt-env/lib/python3.7/site-packages/airflow/example_dags/example_python_operator.py for tasks to queue
[2021-09-22 00:34:01,599] {logging_mixin.py:109} INFO - [2021-09-22 00:34:01,598] {dagbag.py:496} INFO - Filling up the DagBag from /Users/daniel/sensor-data-ELT/dbt-env/lib/python3.7/site-packages/airflow/example_dags/example_python_operator.py
[2021-09-22 00:34:01,615] {processor.py:623} INFO - DAG(s) dict_keys(['example_python_operator']) retrieved from /Users/daniel/sensor-data-ELT/dbt-env/lib/python3.7/site-packages/airflow/example_dags/example_python_operator.py
[2021-09-22 00:34:01,638] {logging_mixin.py:109} INFO - [2021-09-22 00:34:01,638] {dag.py:1834} INFO - Sync 1 DAGs
[2021-09-22 00:34:01,652] {logging_mixin.py:109} INFO - [2021-09-22 00:34:01,652] {dag.py:2287} INFO - Setting next_dagrun for example_python_operator to None
[2021-09-22 00:34:01,664] {processor.py:170} INFO - Processing /Users/daniel/sensor-data-ELT/dbt-env/lib/python3.7/site-packages/airflow/example_dags/example_python_operator.py took 0.073 seconds
[2021-09-22 00:34:35,297] {processor.py:162} INFO - Started process (PID=39211) to work on /Users/daniel/sensor-data-ELT/dbt-env/lib/python3.7/site-packages/airflow/example_dags/example_python_operator.py
[2021-09-22 00:34:35,302] {processor.py:613} INFO - Processing file /Users/daniel/sensor-data-ELT/dbt-env/lib/python3.7/site-packages/airflow/example_dags/example_python_operator.py for tasks to queue
[2021-09-22 00:34:35,308] {logging_mixin.py:109} INFO - [2021-09-22 00:34:35,306] {dagbag.py:496} INFO - Filling up the DagBag from /Users/daniel/sensor-data-ELT/dbt-env/lib/python3.7/site-packages/airflow/example_dags/example_python_operator.py
[2021-09-22 00:34:35,340] {processor.py:623} INFO - DAG(s) dict_keys(['example_python_operator']) retrieved from /Users/daniel/sensor-data-ELT/dbt-env/lib/python3.7/site-packages/airflow/example_dags/example_python_operator.py
[2021-09-22 00:34:35,369] {logging_mixin.py:109} INFO - [2021-09-22 00:34:35,368] {dag.py:1834} INFO - Sync 1 DAGs
[2021-09-22 00:34:35,392] {logging_mixin.py:109} INFO - [2021-09-22 00:34:35,392] {dag.py:2287} INFO - Setting next_dagrun for example_python_operator to None
[2021-09-22 00:34:35,412] {processor.py:170} INFO - Processing /Users/daniel/sensor-data-ELT/dbt-env/lib/python3.7/site-packages/airflow/example_dags/example_python_operator.py took 0.121 seconds
[2021-09-22 00:35:11,436] {processor.py:162} INFO - Started process (PID=39245) to work on /Users/daniel/sensor-data-ELT/dbt-env/lib/python3.7/site-packages/airflow/example_dags/example_python_operator.py
[2021-09-22 00:35:11,439] {processor.py:613} INFO - Processing file /Users/daniel/sensor-data-ELT/dbt-env/lib/python3.7/site-packages/airflow/example_dags/example_python_operator.py for tasks to queue
[2021-09-22 00:35:11,440] {logging_mixin.py:109} INFO - [2021-09-22 00:35:11,440] {dagbag.py:496} INFO - Filling up the DagBag from /Users/daniel/sensor-data-ELT/dbt-env/lib/python3.7/site-packages/airflow/example_dags/example_python_operator.py
[2021-09-22 00:35:11,457] {processor.py:623} INFO - DAG(s) dict_keys(['example_python_operator']) retrieved from /Users/daniel/sensor-data-ELT/dbt-env/lib/python3.7/site-packages/airflow/example_dags/example_python_operator.py
[2021-09-22 00:35:11,475] {logging_mixin.py:109} INFO - [2021-09-22 00:35:11,475] {dag.py:1834} INFO - Sync 1 DAGs
[2021-09-22 00:35:11,489] {logging_mixin.py:109} INFO - [2021-09-22 00:35:11,489] {dag.py:2287} INFO - Setting next_dagrun for example_python_operator to None
[2021-09-22 00:35:11,524] {processor.py:170} INFO - Processing /Users/daniel/sensor-data-ELT/dbt-env/lib/python3.7/site-packages/airflow/example_dags/example_python_operator.py took 0.094 seconds
[2021-09-22 00:35:44,883] {processor.py:162} INFO - Started process (PID=39277) to work on /Users/daniel/sensor-data-ELT/dbt-env/lib/python3.7/site-packages/airflow/example_dags/example_python_operator.py
[2021-09-22 00:35:44,886] {processor.py:613} INFO - Processing file /Users/daniel/sensor-data-ELT/dbt-env/lib/python3.7/site-packages/airflow/example_dags/example_python_operator.py for tasks to queue
[2021-09-22 00:35:44,887] {logging_mixin.py:109} INFO - [2021-09-22 00:35:44,887] {dagbag.py:496} INFO - Filling up the DagBag from /Users/daniel/sensor-data-ELT/dbt-env/lib/python3.7/site-packages/airflow/example_dags/example_python_operator.py
[2021-09-22 00:35:44,905] {processor.py:623} INFO - DAG(s) dict_keys(['example_python_operator']) retrieved from /Users/daniel/sensor-data-ELT/dbt-env/lib/python3.7/site-packages/airflow/example_dags/example_python_operator.py
[2021-09-22 00:35:44,926] {logging_mixin.py:109} INFO - [2021-09-22 00:35:44,925] {dag.py:1834} INFO - Sync 1 DAGs
[2021-09-22 00:35:44,940] {logging_mixin.py:109} INFO - [2021-09-22 00:35:44,939] {dag.py:2287} INFO - Setting next_dagrun for example_python_operator to None
[2021-09-22 00:35:44,952] {processor.py:170} INFO - Processing /Users/daniel/sensor-data-ELT/dbt-env/lib/python3.7/site-packages/airflow/example_dags/example_python_operator.py took 0.076 seconds
[2021-09-22 00:36:17,506] {processor.py:162} INFO - Started process (PID=39309) to work on /Users/daniel/sensor-data-ELT/dbt-env/lib/python3.7/site-packages/airflow/example_dags/example_python_operator.py
[2021-09-22 00:36:17,509] {processor.py:613} INFO - Processing file /Users/daniel/sensor-data-ELT/dbt-env/lib/python3.7/site-packages/airflow/example_dags/example_python_operator.py for tasks to queue
[2021-09-22 00:36:17,510] {logging_mixin.py:109} INFO - [2021-09-22 00:36:17,510] {dagbag.py:496} INFO - Filling up the DagBag from /Users/daniel/sensor-data-ELT/dbt-env/lib/python3.7/site-packages/airflow/example_dags/example_python_operator.py
[2021-09-22 00:36:17,527] {processor.py:623} INFO - DAG(s) dict_keys(['example_python_operator']) retrieved from /Users/daniel/sensor-data-ELT/dbt-env/lib/python3.7/site-packages/airflow/example_dags/example_python_operator.py
[2021-09-22 00:36:17,545] {logging_mixin.py:109} INFO - [2021-09-22 00:36:17,545] {dag.py:1834} INFO - Sync 1 DAGs
[2021-09-22 00:36:17,558] {logging_mixin.py:109} INFO - [2021-09-22 00:36:17,557] {dag.py:2287} INFO - Setting next_dagrun for example_python_operator to None
[2021-09-22 00:36:17,570] {processor.py:170} INFO - Processing /Users/daniel/sensor-data-ELT/dbt-env/lib/python3.7/site-packages/airflow/example_dags/example_python_operator.py took 0.069 seconds
[2021-09-22 00:36:52,873] {processor.py:162} INFO - Started process (PID=39377) to work on /Users/daniel/sensor-data-ELT/dbt-env/lib/python3.7/site-packages/airflow/example_dags/example_python_operator.py
[2021-09-22 00:36:52,875] {processor.py:613} INFO - Processing file /Users/daniel/sensor-data-ELT/dbt-env/lib/python3.7/site-packages/airflow/example_dags/example_python_operator.py for tasks to queue
[2021-09-22 00:36:52,877] {logging_mixin.py:109} INFO - [2021-09-22 00:36:52,876] {dagbag.py:496} INFO - Filling up the DagBag from /Users/daniel/sensor-data-ELT/dbt-env/lib/python3.7/site-packages/airflow/example_dags/example_python_operator.py
[2021-09-22 00:36:52,893] {processor.py:623} INFO - DAG(s) dict_keys(['example_python_operator']) retrieved from /Users/daniel/sensor-data-ELT/dbt-env/lib/python3.7/site-packages/airflow/example_dags/example_python_operator.py
[2021-09-22 00:36:52,911] {logging_mixin.py:109} INFO - [2021-09-22 00:36:52,911] {dag.py:1834} INFO - Sync 1 DAGs
[2021-09-22 00:36:52,924] {logging_mixin.py:109} INFO - [2021-09-22 00:36:52,924] {dag.py:2287} INFO - Setting next_dagrun for example_python_operator to None
[2021-09-22 00:36:52,936] {processor.py:170} INFO - Processing /Users/daniel/sensor-data-ELT/dbt-env/lib/python3.7/site-packages/airflow/example_dags/example_python_operator.py took 0.068 seconds
[2021-09-22 00:37:27,095] {processor.py:162} INFO - Started process (PID=39451) to work on /Users/daniel/sensor-data-ELT/dbt-env/lib/python3.7/site-packages/airflow/example_dags/example_python_operator.py
[2021-09-22 00:37:27,097] {processor.py:613} INFO - Processing file /Users/daniel/sensor-data-ELT/dbt-env/lib/python3.7/site-packages/airflow/example_dags/example_python_operator.py for tasks to queue
[2021-09-22 00:37:27,098] {logging_mixin.py:109} INFO - [2021-09-22 00:37:27,097] {dagbag.py:496} INFO - Filling up the DagBag from /Users/daniel/sensor-data-ELT/dbt-env/lib/python3.7/site-packages/airflow/example_dags/example_python_operator.py
[2021-09-22 00:37:27,113] {processor.py:623} INFO - DAG(s) dict_keys(['example_python_operator']) retrieved from /Users/daniel/sensor-data-ELT/dbt-env/lib/python3.7/site-packages/airflow/example_dags/example_python_operator.py
[2021-09-22 00:37:27,131] {logging_mixin.py:109} INFO - [2021-09-22 00:37:27,130] {dag.py:1834} INFO - Sync 1 DAGs
[2021-09-22 00:37:27,142] {logging_mixin.py:109} INFO - [2021-09-22 00:37:27,142] {dag.py:2287} INFO - Setting next_dagrun for example_python_operator to None
[2021-09-22 00:37:27,153] {processor.py:170} INFO - Processing /Users/daniel/sensor-data-ELT/dbt-env/lib/python3.7/site-packages/airflow/example_dags/example_python_operator.py took 0.063 seconds
[2021-09-22 00:38:01,092] {processor.py:162} INFO - Started process (PID=39541) to work on /Users/daniel/sensor-data-ELT/dbt-env/lib/python3.7/site-packages/airflow/example_dags/example_python_operator.py
[2021-09-22 00:38:01,097] {processor.py:613} INFO - Processing file /Users/daniel/sensor-data-ELT/dbt-env/lib/python3.7/site-packages/airflow/example_dags/example_python_operator.py for tasks to queue
[2021-09-22 00:38:01,099] {logging_mixin.py:109} INFO - [2021-09-22 00:38:01,098] {dagbag.py:496} INFO - Filling up the DagBag from /Users/daniel/sensor-data-ELT/dbt-env/lib/python3.7/site-packages/airflow/example_dags/example_python_operator.py
[2021-09-22 00:38:01,127] {processor.py:623} INFO - DAG(s) dict_keys(['example_python_operator']) retrieved from /Users/daniel/sensor-data-ELT/dbt-env/lib/python3.7/site-packages/airflow/example_dags/example_python_operator.py
[2021-09-22 00:38:01,158] {logging_mixin.py:109} INFO - [2021-09-22 00:38:01,158] {dag.py:1834} INFO - Sync 1 DAGs
[2021-09-22 00:38:01,179] {logging_mixin.py:109} INFO - [2021-09-22 00:38:01,178] {dag.py:2287} INFO - Setting next_dagrun for example_python_operator to None
[2021-09-22 00:38:01,199] {processor.py:170} INFO - Processing /Users/daniel/sensor-data-ELT/dbt-env/lib/python3.7/site-packages/airflow/example_dags/example_python_operator.py took 0.118 seconds
[2021-09-22 00:38:36,458] {processor.py:162} INFO - Started process (PID=39581) to work on /Users/daniel/sensor-data-ELT/dbt-env/lib/python3.7/site-packages/airflow/example_dags/example_python_operator.py
[2021-09-22 00:38:36,460] {processor.py:613} INFO - Processing file /Users/daniel/sensor-data-ELT/dbt-env/lib/python3.7/site-packages/airflow/example_dags/example_python_operator.py for tasks to queue
[2021-09-22 00:38:36,462] {logging_mixin.py:109} INFO - [2021-09-22 00:38:36,461] {dagbag.py:496} INFO - Filling up the DagBag from /Users/daniel/sensor-data-ELT/dbt-env/lib/python3.7/site-packages/airflow/example_dags/example_python_operator.py
[2021-09-22 00:38:36,489] {processor.py:623} INFO - DAG(s) dict_keys(['example_python_operator']) retrieved from /Users/daniel/sensor-data-ELT/dbt-env/lib/python3.7/site-packages/airflow/example_dags/example_python_operator.py
[2021-09-22 00:38:36,519] {logging_mixin.py:109} INFO - [2021-09-22 00:38:36,519] {dag.py:1834} INFO - Sync 1 DAGs
[2021-09-22 00:38:36,579] {logging_mixin.py:109} INFO - [2021-09-22 00:38:36,578] {dag.py:2287} INFO - Setting next_dagrun for example_python_operator to None
[2021-09-22 00:38:36,597] {processor.py:170} INFO - Processing /Users/daniel/sensor-data-ELT/dbt-env/lib/python3.7/site-packages/airflow/example_dags/example_python_operator.py took 0.144 seconds
[2021-09-22 01:18:29,825] {processor.py:162} INFO - Started process (PID=41002) to work on /Users/daniel/sensor-data-ELT/dbt-env/lib/python3.7/site-packages/airflow/example_dags/example_python_operator.py
[2021-09-22 01:18:29,828] {processor.py:613} INFO - Processing file /Users/daniel/sensor-data-ELT/dbt-env/lib/python3.7/site-packages/airflow/example_dags/example_python_operator.py for tasks to queue
[2021-09-22 01:18:29,829] {logging_mixin.py:109} INFO - [2021-09-22 01:18:29,828] {dagbag.py:496} INFO - Filling up the DagBag from /Users/daniel/sensor-data-ELT/dbt-env/lib/python3.7/site-packages/airflow/example_dags/example_python_operator.py
[2021-09-22 01:18:29,843] {processor.py:623} INFO - DAG(s) dict_keys(['example_python_operator']) retrieved from /Users/daniel/sensor-data-ELT/dbt-env/lib/python3.7/site-packages/airflow/example_dags/example_python_operator.py
[2021-09-22 01:18:29,859] {logging_mixin.py:109} INFO - [2021-09-22 01:18:29,859] {dag.py:1834} INFO - Sync 1 DAGs
[2021-09-22 01:18:29,873] {logging_mixin.py:109} INFO - [2021-09-22 01:18:29,873] {dag.py:2287} INFO - Setting next_dagrun for example_python_operator to None
[2021-09-22 01:18:29,972] {processor.py:170} INFO - Processing /Users/daniel/sensor-data-ELT/dbt-env/lib/python3.7/site-packages/airflow/example_dags/example_python_operator.py took 0.151 seconds
