[2021-09-22 00:18:35,826] {processor.py:162} INFO - Started process (PID=37047) to work on /Users/daniel/sensor-data-ELT/dbt-env/lib/python3.7/site-packages/airflow/example_dags/example_task_group_decorator.py
[2021-09-22 00:18:35,828] {processor.py:613} INFO - Processing file /Users/daniel/sensor-data-ELT/dbt-env/lib/python3.7/site-packages/airflow/example_dags/example_task_group_decorator.py for tasks to queue
[2021-09-22 00:18:35,829] {logging_mixin.py:109} INFO - [2021-09-22 00:18:35,829] {dagbag.py:496} INFO - Filling up the DagBag from /Users/daniel/sensor-data-ELT/dbt-env/lib/python3.7/site-packages/airflow/example_dags/example_task_group_decorator.py
[2021-09-22 00:18:35,858] {processor.py:623} INFO - DAG(s) dict_keys(['example_task_group_decorator']) retrieved from /Users/daniel/sensor-data-ELT/dbt-env/lib/python3.7/site-packages/airflow/example_dags/example_task_group_decorator.py
[2021-09-22 00:18:36,194] {logging_mixin.py:109} INFO - [2021-09-22 00:18:36,194] {dag.py:1834} INFO - Sync 1 DAGs
[2021-09-22 00:18:36,204] {logging_mixin.py:109} INFO - [2021-09-22 00:18:36,204] {dag.py:2287} INFO - Setting next_dagrun for example_task_group_decorator to 2021-09-19 00:00:00+00:00
[2021-09-22 00:18:36,217] {processor.py:170} INFO - Processing /Users/daniel/sensor-data-ELT/dbt-env/lib/python3.7/site-packages/airflow/example_dags/example_task_group_decorator.py took 0.395 seconds
[2021-09-22 00:19:10,973] {processor.py:162} INFO - Started process (PID=37133) to work on /Users/daniel/sensor-data-ELT/dbt-env/lib/python3.7/site-packages/airflow/example_dags/example_task_group_decorator.py
[2021-09-22 00:19:10,975] {processor.py:613} INFO - Processing file /Users/daniel/sensor-data-ELT/dbt-env/lib/python3.7/site-packages/airflow/example_dags/example_task_group_decorator.py for tasks to queue
[2021-09-22 00:19:10,976] {logging_mixin.py:109} INFO - [2021-09-22 00:19:10,975] {dagbag.py:496} INFO - Filling up the DagBag from /Users/daniel/sensor-data-ELT/dbt-env/lib/python3.7/site-packages/airflow/example_dags/example_task_group_decorator.py
[2021-09-22 00:19:11,012] {processor.py:623} INFO - DAG(s) dict_keys(['example_task_group_decorator']) retrieved from /Users/daniel/sensor-data-ELT/dbt-env/lib/python3.7/site-packages/airflow/example_dags/example_task_group_decorator.py
[2021-09-22 00:19:11,346] {logging_mixin.py:109} INFO - [2021-09-22 00:19:11,346] {dag.py:1834} INFO - Sync 1 DAGs
[2021-09-22 00:19:11,356] {logging_mixin.py:109} INFO - [2021-09-22 00:19:11,355] {dag.py:2287} INFO - Setting next_dagrun for example_task_group_decorator to 2021-09-19 00:00:00+00:00
[2021-09-22 00:19:11,368] {processor.py:170} INFO - Processing /Users/daniel/sensor-data-ELT/dbt-env/lib/python3.7/site-packages/airflow/example_dags/example_task_group_decorator.py took 0.400 seconds
[2021-09-22 00:19:46,275] {processor.py:162} INFO - Started process (PID=37178) to work on /Users/daniel/sensor-data-ELT/dbt-env/lib/python3.7/site-packages/airflow/example_dags/example_task_group_decorator.py
[2021-09-22 00:19:46,278] {processor.py:613} INFO - Processing file /Users/daniel/sensor-data-ELT/dbt-env/lib/python3.7/site-packages/airflow/example_dags/example_task_group_decorator.py for tasks to queue
[2021-09-22 00:19:46,279] {logging_mixin.py:109} INFO - [2021-09-22 00:19:46,279] {dagbag.py:496} INFO - Filling up the DagBag from /Users/daniel/sensor-data-ELT/dbt-env/lib/python3.7/site-packages/airflow/example_dags/example_task_group_decorator.py
[2021-09-22 00:19:46,315] {processor.py:623} INFO - DAG(s) dict_keys(['example_task_group_decorator']) retrieved from /Users/daniel/sensor-data-ELT/dbt-env/lib/python3.7/site-packages/airflow/example_dags/example_task_group_decorator.py
[2021-09-22 00:19:46,703] {logging_mixin.py:109} INFO - [2021-09-22 00:19:46,703] {dag.py:1834} INFO - Sync 1 DAGs
[2021-09-22 00:19:46,713] {logging_mixin.py:109} INFO - [2021-09-22 00:19:46,712] {dag.py:2287} INFO - Setting next_dagrun for example_task_group_decorator to 2021-09-19 00:00:00+00:00
[2021-09-22 00:19:46,726] {processor.py:170} INFO - Processing /Users/daniel/sensor-data-ELT/dbt-env/lib/python3.7/site-packages/airflow/example_dags/example_task_group_decorator.py took 0.456 seconds
[2021-09-22 00:20:23,432] {processor.py:162} INFO - Started process (PID=37596) to work on /Users/daniel/sensor-data-ELT/dbt-env/lib/python3.7/site-packages/airflow/example_dags/example_task_group_decorator.py
[2021-09-22 00:20:23,434] {processor.py:613} INFO - Processing file /Users/daniel/sensor-data-ELT/dbt-env/lib/python3.7/site-packages/airflow/example_dags/example_task_group_decorator.py for tasks to queue
[2021-09-22 00:20:23,440] {logging_mixin.py:109} INFO - [2021-09-22 00:20:23,436] {dagbag.py:496} INFO - Filling up the DagBag from /Users/daniel/sensor-data-ELT/dbt-env/lib/python3.7/site-packages/airflow/example_dags/example_task_group_decorator.py
[2021-09-22 00:20:23,733] {processor.py:623} INFO - DAG(s) dict_keys(['example_task_group_decorator']) retrieved from /Users/daniel/sensor-data-ELT/dbt-env/lib/python3.7/site-packages/airflow/example_dags/example_task_group_decorator.py
[2021-09-22 00:20:24,345] {logging_mixin.py:109} INFO - [2021-09-22 00:20:24,344] {dag.py:1834} INFO - Sync 1 DAGs
[2021-09-22 00:20:24,358] {logging_mixin.py:109} INFO - [2021-09-22 00:20:24,357] {dag.py:2287} INFO - Setting next_dagrun for example_task_group_decorator to 2021-09-19 00:00:00+00:00
[2021-09-22 00:20:24,373] {processor.py:170} INFO - Processing /Users/daniel/sensor-data-ELT/dbt-env/lib/python3.7/site-packages/airflow/example_dags/example_task_group_decorator.py took 0.952 seconds
[2021-09-22 00:21:57,142] {processor.py:162} INFO - Started process (PID=38523) to work on /Users/daniel/sensor-data-ELT/dbt-env/lib/python3.7/site-packages/airflow/example_dags/example_task_group_decorator.py
[2021-09-22 00:21:57,145] {processor.py:613} INFO - Processing file /Users/daniel/sensor-data-ELT/dbt-env/lib/python3.7/site-packages/airflow/example_dags/example_task_group_decorator.py for tasks to queue
[2021-09-22 00:21:57,146] {logging_mixin.py:109} INFO - [2021-09-22 00:21:57,146] {dagbag.py:496} INFO - Filling up the DagBag from /Users/daniel/sensor-data-ELT/dbt-env/lib/python3.7/site-packages/airflow/example_dags/example_task_group_decorator.py
[2021-09-22 00:21:57,173] {processor.py:623} INFO - DAG(s) dict_keys(['example_task_group_decorator']) retrieved from /Users/daniel/sensor-data-ELT/dbt-env/lib/python3.7/site-packages/airflow/example_dags/example_task_group_decorator.py
[2021-09-22 00:21:57,421] {logging_mixin.py:109} INFO - [2021-09-22 00:21:57,421] {dag.py:1834} INFO - Sync 1 DAGs
[2021-09-22 00:21:57,430] {logging_mixin.py:109} INFO - [2021-09-22 00:21:57,430] {dag.py:2287} INFO - Setting next_dagrun for example_task_group_decorator to 2021-09-19 00:00:00+00:00
[2021-09-22 00:21:57,442] {processor.py:170} INFO - Processing /Users/daniel/sensor-data-ELT/dbt-env/lib/python3.7/site-packages/airflow/example_dags/example_task_group_decorator.py took 0.304 seconds
[2021-09-22 00:22:34,858] {processor.py:162} INFO - Started process (PID=38602) to work on /Users/daniel/sensor-data-ELT/dbt-env/lib/python3.7/site-packages/airflow/example_dags/example_task_group_decorator.py
[2021-09-22 00:22:34,861] {processor.py:613} INFO - Processing file /Users/daniel/sensor-data-ELT/dbt-env/lib/python3.7/site-packages/airflow/example_dags/example_task_group_decorator.py for tasks to queue
[2021-09-22 00:22:34,863] {logging_mixin.py:109} INFO - [2021-09-22 00:22:34,863] {dagbag.py:496} INFO - Filling up the DagBag from /Users/daniel/sensor-data-ELT/dbt-env/lib/python3.7/site-packages/airflow/example_dags/example_task_group_decorator.py
[2021-09-22 00:22:34,919] {processor.py:623} INFO - DAG(s) dict_keys(['example_task_group_decorator']) retrieved from /Users/daniel/sensor-data-ELT/dbt-env/lib/python3.7/site-packages/airflow/example_dags/example_task_group_decorator.py
[2021-09-22 00:22:35,366] {logging_mixin.py:109} INFO - [2021-09-22 00:22:35,365] {dag.py:1834} INFO - Sync 1 DAGs
[2021-09-22 00:22:35,376] {logging_mixin.py:109} INFO - [2021-09-22 00:22:35,376] {dag.py:2287} INFO - Setting next_dagrun for example_task_group_decorator to 2021-09-19 00:00:00+00:00
[2021-09-22 00:22:35,393] {processor.py:170} INFO - Processing /Users/daniel/sensor-data-ELT/dbt-env/lib/python3.7/site-packages/airflow/example_dags/example_task_group_decorator.py took 0.540 seconds
[2021-09-22 00:23:10,843] {processor.py:162} INFO - Started process (PID=38645) to work on /Users/daniel/sensor-data-ELT/dbt-env/lib/python3.7/site-packages/airflow/example_dags/example_task_group_decorator.py
[2021-09-22 00:23:10,846] {processor.py:613} INFO - Processing file /Users/daniel/sensor-data-ELT/dbt-env/lib/python3.7/site-packages/airflow/example_dags/example_task_group_decorator.py for tasks to queue
[2021-09-22 00:23:10,847] {logging_mixin.py:109} INFO - [2021-09-22 00:23:10,847] {dagbag.py:496} INFO - Filling up the DagBag from /Users/daniel/sensor-data-ELT/dbt-env/lib/python3.7/site-packages/airflow/example_dags/example_task_group_decorator.py
[2021-09-22 00:23:10,880] {processor.py:623} INFO - DAG(s) dict_keys(['example_task_group_decorator']) retrieved from /Users/daniel/sensor-data-ELT/dbt-env/lib/python3.7/site-packages/airflow/example_dags/example_task_group_decorator.py
[2021-09-22 00:23:11,185] {logging_mixin.py:109} INFO - [2021-09-22 00:23:11,184] {dag.py:1834} INFO - Sync 1 DAGs
[2021-09-22 00:23:11,197] {logging_mixin.py:109} INFO - [2021-09-22 00:23:11,196] {dag.py:2287} INFO - Setting next_dagrun for example_task_group_decorator to 2021-09-19 00:00:00+00:00
[2021-09-22 00:23:11,209] {processor.py:170} INFO - Processing /Users/daniel/sensor-data-ELT/dbt-env/lib/python3.7/site-packages/airflow/example_dags/example_task_group_decorator.py took 0.371 seconds
[2021-09-22 00:23:45,920] {processor.py:162} INFO - Started process (PID=38714) to work on /Users/daniel/sensor-data-ELT/dbt-env/lib/python3.7/site-packages/airflow/example_dags/example_task_group_decorator.py
[2021-09-22 00:23:45,922] {processor.py:613} INFO - Processing file /Users/daniel/sensor-data-ELT/dbt-env/lib/python3.7/site-packages/airflow/example_dags/example_task_group_decorator.py for tasks to queue
[2021-09-22 00:23:45,924] {logging_mixin.py:109} INFO - [2021-09-22 00:23:45,923] {dagbag.py:496} INFO - Filling up the DagBag from /Users/daniel/sensor-data-ELT/dbt-env/lib/python3.7/site-packages/airflow/example_dags/example_task_group_decorator.py
[2021-09-22 00:23:45,956] {processor.py:623} INFO - DAG(s) dict_keys(['example_task_group_decorator']) retrieved from /Users/daniel/sensor-data-ELT/dbt-env/lib/python3.7/site-packages/airflow/example_dags/example_task_group_decorator.py
[2021-09-22 00:23:46,326] {logging_mixin.py:109} INFO - [2021-09-22 00:23:46,325] {dag.py:1834} INFO - Sync 1 DAGs
[2021-09-22 00:23:46,336] {logging_mixin.py:109} INFO - [2021-09-22 00:23:46,336] {dag.py:2287} INFO - Setting next_dagrun for example_task_group_decorator to 2021-09-19 00:00:00+00:00
[2021-09-22 00:23:46,348] {processor.py:170} INFO - Processing /Users/daniel/sensor-data-ELT/dbt-env/lib/python3.7/site-packages/airflow/example_dags/example_task_group_decorator.py took 0.433 seconds
[2021-09-22 00:24:21,799] {processor.py:162} INFO - Started process (PID=38806) to work on /Users/daniel/sensor-data-ELT/dbt-env/lib/python3.7/site-packages/airflow/example_dags/example_task_group_decorator.py
[2021-09-22 00:24:21,801] {processor.py:613} INFO - Processing file /Users/daniel/sensor-data-ELT/dbt-env/lib/python3.7/site-packages/airflow/example_dags/example_task_group_decorator.py for tasks to queue
[2021-09-22 00:24:21,803] {logging_mixin.py:109} INFO - [2021-09-22 00:24:21,802] {dagbag.py:496} INFO - Filling up the DagBag from /Users/daniel/sensor-data-ELT/dbt-env/lib/python3.7/site-packages/airflow/example_dags/example_task_group_decorator.py
[2021-09-22 00:24:21,833] {processor.py:623} INFO - DAG(s) dict_keys(['example_task_group_decorator']) retrieved from /Users/daniel/sensor-data-ELT/dbt-env/lib/python3.7/site-packages/airflow/example_dags/example_task_group_decorator.py
[2021-09-22 00:24:22,182] {logging_mixin.py:109} INFO - [2021-09-22 00:24:22,182] {dag.py:1834} INFO - Sync 1 DAGs
[2021-09-22 00:24:22,193] {logging_mixin.py:109} INFO - [2021-09-22 00:24:22,193] {dag.py:2287} INFO - Setting next_dagrun for example_task_group_decorator to 2021-09-19 00:00:00+00:00
[2021-09-22 00:24:22,205] {processor.py:170} INFO - Processing /Users/daniel/sensor-data-ELT/dbt-env/lib/python3.7/site-packages/airflow/example_dags/example_task_group_decorator.py took 0.411 seconds
[2021-09-22 00:34:06,765] {processor.py:162} INFO - Started process (PID=39126) to work on /Users/daniel/sensor-data-ELT/dbt-env/lib/python3.7/site-packages/airflow/example_dags/example_task_group_decorator.py
[2021-09-22 00:34:06,768] {processor.py:613} INFO - Processing file /Users/daniel/sensor-data-ELT/dbt-env/lib/python3.7/site-packages/airflow/example_dags/example_task_group_decorator.py for tasks to queue
[2021-09-22 00:34:06,769] {logging_mixin.py:109} INFO - [2021-09-22 00:34:06,769] {dagbag.py:496} INFO - Filling up the DagBag from /Users/daniel/sensor-data-ELT/dbt-env/lib/python3.7/site-packages/airflow/example_dags/example_task_group_decorator.py
[2021-09-22 00:34:06,799] {processor.py:623} INFO - DAG(s) dict_keys(['example_task_group_decorator']) retrieved from /Users/daniel/sensor-data-ELT/dbt-env/lib/python3.7/site-packages/airflow/example_dags/example_task_group_decorator.py
[2021-09-22 00:34:07,071] {logging_mixin.py:109} INFO - [2021-09-22 00:34:07,071] {dag.py:1834} INFO - Sync 1 DAGs
[2021-09-22 00:34:07,082] {logging_mixin.py:109} INFO - [2021-09-22 00:34:07,082] {dag.py:2287} INFO - Setting next_dagrun for example_task_group_decorator to 2021-09-19 00:00:00+00:00
[2021-09-22 00:34:07,098] {processor.py:170} INFO - Processing /Users/daniel/sensor-data-ELT/dbt-env/lib/python3.7/site-packages/airflow/example_dags/example_task_group_decorator.py took 0.338 seconds
[2021-09-22 00:34:40,775] {processor.py:162} INFO - Started process (PID=39218) to work on /Users/daniel/sensor-data-ELT/dbt-env/lib/python3.7/site-packages/airflow/example_dags/example_task_group_decorator.py
[2021-09-22 00:34:40,781] {processor.py:613} INFO - Processing file /Users/daniel/sensor-data-ELT/dbt-env/lib/python3.7/site-packages/airflow/example_dags/example_task_group_decorator.py for tasks to queue
[2021-09-22 00:34:40,784] {logging_mixin.py:109} INFO - [2021-09-22 00:34:40,783] {dagbag.py:496} INFO - Filling up the DagBag from /Users/daniel/sensor-data-ELT/dbt-env/lib/python3.7/site-packages/airflow/example_dags/example_task_group_decorator.py
[2021-09-22 00:34:40,869] {processor.py:623} INFO - DAG(s) dict_keys(['example_task_group_decorator']) retrieved from /Users/daniel/sensor-data-ELT/dbt-env/lib/python3.7/site-packages/airflow/example_dags/example_task_group_decorator.py
[2021-09-22 00:34:41,735] {logging_mixin.py:109} INFO - [2021-09-22 00:34:41,734] {dag.py:1834} INFO - Sync 1 DAGs
[2021-09-22 00:34:41,766] {logging_mixin.py:109} INFO - [2021-09-22 00:34:41,765] {dag.py:2287} INFO - Setting next_dagrun for example_task_group_decorator to 2021-09-19 00:00:00+00:00
[2021-09-22 00:34:41,811] {processor.py:170} INFO - Processing /Users/daniel/sensor-data-ELT/dbt-env/lib/python3.7/site-packages/airflow/example_dags/example_task_group_decorator.py took 1.045 seconds
[2021-09-22 00:35:15,782] {processor.py:162} INFO - Started process (PID=39250) to work on /Users/daniel/sensor-data-ELT/dbt-env/lib/python3.7/site-packages/airflow/example_dags/example_task_group_decorator.py
[2021-09-22 00:35:15,783] {processor.py:613} INFO - Processing file /Users/daniel/sensor-data-ELT/dbt-env/lib/python3.7/site-packages/airflow/example_dags/example_task_group_decorator.py for tasks to queue
[2021-09-22 00:35:15,784] {logging_mixin.py:109} INFO - [2021-09-22 00:35:15,784] {dagbag.py:496} INFO - Filling up the DagBag from /Users/daniel/sensor-data-ELT/dbt-env/lib/python3.7/site-packages/airflow/example_dags/example_task_group_decorator.py
[2021-09-22 00:35:15,813] {processor.py:623} INFO - DAG(s) dict_keys(['example_task_group_decorator']) retrieved from /Users/daniel/sensor-data-ELT/dbt-env/lib/python3.7/site-packages/airflow/example_dags/example_task_group_decorator.py
[2021-09-22 00:35:16,095] {logging_mixin.py:109} INFO - [2021-09-22 00:35:16,095] {dag.py:1834} INFO - Sync 1 DAGs
[2021-09-22 00:35:16,106] {logging_mixin.py:109} INFO - [2021-09-22 00:35:16,106] {dag.py:2287} INFO - Setting next_dagrun for example_task_group_decorator to 2021-09-19 00:00:00+00:00
[2021-09-22 00:35:16,120] {processor.py:170} INFO - Processing /Users/daniel/sensor-data-ELT/dbt-env/lib/python3.7/site-packages/airflow/example_dags/example_task_group_decorator.py took 0.342 seconds
[2021-09-22 00:35:50,365] {processor.py:162} INFO - Started process (PID=39282) to work on /Users/daniel/sensor-data-ELT/dbt-env/lib/python3.7/site-packages/airflow/example_dags/example_task_group_decorator.py
[2021-09-22 00:35:50,368] {processor.py:613} INFO - Processing file /Users/daniel/sensor-data-ELT/dbt-env/lib/python3.7/site-packages/airflow/example_dags/example_task_group_decorator.py for tasks to queue
[2021-09-22 00:35:50,369] {logging_mixin.py:109} INFO - [2021-09-22 00:35:50,369] {dagbag.py:496} INFO - Filling up the DagBag from /Users/daniel/sensor-data-ELT/dbt-env/lib/python3.7/site-packages/airflow/example_dags/example_task_group_decorator.py
[2021-09-22 00:35:50,402] {processor.py:623} INFO - DAG(s) dict_keys(['example_task_group_decorator']) retrieved from /Users/daniel/sensor-data-ELT/dbt-env/lib/python3.7/site-packages/airflow/example_dags/example_task_group_decorator.py
[2021-09-22 00:35:50,700] {logging_mixin.py:109} INFO - [2021-09-22 00:35:50,699] {dag.py:1834} INFO - Sync 1 DAGs
[2021-09-22 00:35:50,709] {logging_mixin.py:109} INFO - [2021-09-22 00:35:50,708] {dag.py:2287} INFO - Setting next_dagrun for example_task_group_decorator to 2021-09-19 00:00:00+00:00
[2021-09-22 00:35:50,722] {processor.py:170} INFO - Processing /Users/daniel/sensor-data-ELT/dbt-env/lib/python3.7/site-packages/airflow/example_dags/example_task_group_decorator.py took 0.361 seconds
[2021-09-22 00:36:22,777] {processor.py:162} INFO - Started process (PID=39314) to work on /Users/daniel/sensor-data-ELT/dbt-env/lib/python3.7/site-packages/airflow/example_dags/example_task_group_decorator.py
[2021-09-22 00:36:22,782] {processor.py:613} INFO - Processing file /Users/daniel/sensor-data-ELT/dbt-env/lib/python3.7/site-packages/airflow/example_dags/example_task_group_decorator.py for tasks to queue
[2021-09-22 00:36:22,783] {logging_mixin.py:109} INFO - [2021-09-22 00:36:22,783] {dagbag.py:496} INFO - Filling up the DagBag from /Users/daniel/sensor-data-ELT/dbt-env/lib/python3.7/site-packages/airflow/example_dags/example_task_group_decorator.py
[2021-09-22 00:36:22,814] {processor.py:623} INFO - DAG(s) dict_keys(['example_task_group_decorator']) retrieved from /Users/daniel/sensor-data-ELT/dbt-env/lib/python3.7/site-packages/airflow/example_dags/example_task_group_decorator.py
[2021-09-22 00:36:23,100] {logging_mixin.py:109} INFO - [2021-09-22 00:36:23,100] {dag.py:1834} INFO - Sync 1 DAGs
[2021-09-22 00:36:23,111] {logging_mixin.py:109} INFO - [2021-09-22 00:36:23,111] {dag.py:2287} INFO - Setting next_dagrun for example_task_group_decorator to 2021-09-19 00:00:00+00:00
[2021-09-22 00:36:23,125] {processor.py:170} INFO - Processing /Users/daniel/sensor-data-ELT/dbt-env/lib/python3.7/site-packages/airflow/example_dags/example_task_group_decorator.py took 0.353 seconds
[2021-09-22 00:36:58,135] {processor.py:162} INFO - Started process (PID=39388) to work on /Users/daniel/sensor-data-ELT/dbt-env/lib/python3.7/site-packages/airflow/example_dags/example_task_group_decorator.py
[2021-09-22 00:36:58,137] {processor.py:613} INFO - Processing file /Users/daniel/sensor-data-ELT/dbt-env/lib/python3.7/site-packages/airflow/example_dags/example_task_group_decorator.py for tasks to queue
[2021-09-22 00:36:58,138] {logging_mixin.py:109} INFO - [2021-09-22 00:36:58,138] {dagbag.py:496} INFO - Filling up the DagBag from /Users/daniel/sensor-data-ELT/dbt-env/lib/python3.7/site-packages/airflow/example_dags/example_task_group_decorator.py
[2021-09-22 00:36:58,168] {processor.py:623} INFO - DAG(s) dict_keys(['example_task_group_decorator']) retrieved from /Users/daniel/sensor-data-ELT/dbt-env/lib/python3.7/site-packages/airflow/example_dags/example_task_group_decorator.py
[2021-09-22 00:36:58,429] {logging_mixin.py:109} INFO - [2021-09-22 00:36:58,429] {dag.py:1834} INFO - Sync 1 DAGs
[2021-09-22 00:36:58,438] {logging_mixin.py:109} INFO - [2021-09-22 00:36:58,438] {dag.py:2287} INFO - Setting next_dagrun for example_task_group_decorator to 2021-09-19 00:00:00+00:00
[2021-09-22 00:36:58,451] {processor.py:170} INFO - Processing /Users/daniel/sensor-data-ELT/dbt-env/lib/python3.7/site-packages/airflow/example_dags/example_task_group_decorator.py took 0.320 seconds
[2021-09-22 00:37:32,064] {processor.py:162} INFO - Started process (PID=39456) to work on /Users/daniel/sensor-data-ELT/dbt-env/lib/python3.7/site-packages/airflow/example_dags/example_task_group_decorator.py
[2021-09-22 00:37:32,066] {processor.py:613} INFO - Processing file /Users/daniel/sensor-data-ELT/dbt-env/lib/python3.7/site-packages/airflow/example_dags/example_task_group_decorator.py for tasks to queue
[2021-09-22 00:37:32,067] {logging_mixin.py:109} INFO - [2021-09-22 00:37:32,067] {dagbag.py:496} INFO - Filling up the DagBag from /Users/daniel/sensor-data-ELT/dbt-env/lib/python3.7/site-packages/airflow/example_dags/example_task_group_decorator.py
[2021-09-22 00:37:32,097] {processor.py:623} INFO - DAG(s) dict_keys(['example_task_group_decorator']) retrieved from /Users/daniel/sensor-data-ELT/dbt-env/lib/python3.7/site-packages/airflow/example_dags/example_task_group_decorator.py
[2021-09-22 00:37:32,364] {logging_mixin.py:109} INFO - [2021-09-22 00:37:32,364] {dag.py:1834} INFO - Sync 1 DAGs
[2021-09-22 00:37:32,377] {logging_mixin.py:109} INFO - [2021-09-22 00:37:32,377] {dag.py:2287} INFO - Setting next_dagrun for example_task_group_decorator to 2021-09-19 00:00:00+00:00
[2021-09-22 00:37:32,390] {processor.py:170} INFO - Processing /Users/daniel/sensor-data-ELT/dbt-env/lib/python3.7/site-packages/airflow/example_dags/example_task_group_decorator.py took 0.330 seconds
[2021-09-22 00:38:07,799] {processor.py:162} INFO - Started process (PID=39550) to work on /Users/daniel/sensor-data-ELT/dbt-env/lib/python3.7/site-packages/airflow/example_dags/example_task_group_decorator.py
[2021-09-22 00:38:07,802] {processor.py:613} INFO - Processing file /Users/daniel/sensor-data-ELT/dbt-env/lib/python3.7/site-packages/airflow/example_dags/example_task_group_decorator.py for tasks to queue
[2021-09-22 00:38:07,803] {logging_mixin.py:109} INFO - [2021-09-22 00:38:07,803] {dagbag.py:496} INFO - Filling up the DagBag from /Users/daniel/sensor-data-ELT/dbt-env/lib/python3.7/site-packages/airflow/example_dags/example_task_group_decorator.py
[2021-09-22 00:38:07,864] {processor.py:623} INFO - DAG(s) dict_keys(['example_task_group_decorator']) retrieved from /Users/daniel/sensor-data-ELT/dbt-env/lib/python3.7/site-packages/airflow/example_dags/example_task_group_decorator.py
[2021-09-22 00:38:08,526] {logging_mixin.py:109} INFO - [2021-09-22 00:38:08,526] {dag.py:1834} INFO - Sync 1 DAGs
[2021-09-22 00:38:08,548] {logging_mixin.py:109} INFO - [2021-09-22 00:38:08,547] {dag.py:2287} INFO - Setting next_dagrun for example_task_group_decorator to 2021-09-19 00:00:00+00:00
[2021-09-22 00:38:08,568] {processor.py:170} INFO - Processing /Users/daniel/sensor-data-ELT/dbt-env/lib/python3.7/site-packages/airflow/example_dags/example_task_group_decorator.py took 0.776 seconds
[2021-09-22 00:38:42,813] {processor.py:162} INFO - Started process (PID=39591) to work on /Users/daniel/sensor-data-ELT/dbt-env/lib/python3.7/site-packages/airflow/example_dags/example_task_group_decorator.py
[2021-09-22 00:38:42,825] {processor.py:613} INFO - Processing file /Users/daniel/sensor-data-ELT/dbt-env/lib/python3.7/site-packages/airflow/example_dags/example_task_group_decorator.py for tasks to queue
[2021-09-22 00:38:42,827] {logging_mixin.py:109} INFO - [2021-09-22 00:38:42,826] {dagbag.py:496} INFO - Filling up the DagBag from /Users/daniel/sensor-data-ELT/dbt-env/lib/python3.7/site-packages/airflow/example_dags/example_task_group_decorator.py
[2021-09-22 00:38:42,895] {processor.py:623} INFO - DAG(s) dict_keys(['example_task_group_decorator']) retrieved from /Users/daniel/sensor-data-ELT/dbt-env/lib/python3.7/site-packages/airflow/example_dags/example_task_group_decorator.py
[2021-09-22 00:38:43,698] {logging_mixin.py:109} INFO - [2021-09-22 00:38:43,696] {dag.py:1834} INFO - Sync 1 DAGs
[2021-09-22 00:38:43,723] {logging_mixin.py:109} INFO - [2021-09-22 00:38:43,723] {dag.py:2287} INFO - Setting next_dagrun for example_task_group_decorator to 2021-09-19 00:00:00+00:00
[2021-09-22 00:38:43,748] {processor.py:170} INFO - Processing /Users/daniel/sensor-data-ELT/dbt-env/lib/python3.7/site-packages/airflow/example_dags/example_task_group_decorator.py took 0.942 seconds
[2021-09-22 01:18:36,103] {processor.py:162} INFO - Started process (PID=41024) to work on /Users/daniel/sensor-data-ELT/dbt-env/lib/python3.7/site-packages/airflow/example_dags/example_task_group_decorator.py
[2021-09-22 01:18:36,105] {processor.py:613} INFO - Processing file /Users/daniel/sensor-data-ELT/dbt-env/lib/python3.7/site-packages/airflow/example_dags/example_task_group_decorator.py for tasks to queue
[2021-09-22 01:18:36,106] {logging_mixin.py:109} INFO - [2021-09-22 01:18:36,106] {dagbag.py:496} INFO - Filling up the DagBag from /Users/daniel/sensor-data-ELT/dbt-env/lib/python3.7/site-packages/airflow/example_dags/example_task_group_decorator.py
[2021-09-22 01:18:36,138] {processor.py:623} INFO - DAG(s) dict_keys(['example_task_group_decorator']) retrieved from /Users/daniel/sensor-data-ELT/dbt-env/lib/python3.7/site-packages/airflow/example_dags/example_task_group_decorator.py
[2021-09-22 01:18:36,479] {logging_mixin.py:109} INFO - [2021-09-22 01:18:36,479] {dag.py:1834} INFO - Sync 1 DAGs
[2021-09-22 01:18:36,489] {logging_mixin.py:109} INFO - [2021-09-22 01:18:36,488] {dag.py:2287} INFO - Setting next_dagrun for example_task_group_decorator to 2021-09-19 00:00:00+00:00
[2021-09-22 01:18:36,501] {processor.py:170} INFO - Processing /Users/daniel/sensor-data-ELT/dbt-env/lib/python3.7/site-packages/airflow/example_dags/example_task_group_decorator.py took 0.402 seconds
