[2021-09-22 00:18:23,061] {processor.py:162} INFO - Started process (PID=37034) to work on /Users/daniel/sensor-data-ELT/dbt-env/lib/python3.7/site-packages/airflow/example_dags/example_external_task_marker_dag.py
[2021-09-22 00:18:23,063] {processor.py:613} INFO - Processing file /Users/daniel/sensor-data-ELT/dbt-env/lib/python3.7/site-packages/airflow/example_dags/example_external_task_marker_dag.py for tasks to queue
[2021-09-22 00:18:23,064] {logging_mixin.py:109} INFO - [2021-09-22 00:18:23,064] {dagbag.py:496} INFO - Filling up the DagBag from /Users/daniel/sensor-data-ELT/dbt-env/lib/python3.7/site-packages/airflow/example_dags/example_external_task_marker_dag.py
[2021-09-22 00:18:23,092] {processor.py:623} INFO - DAG(s) dict_keys(['example_external_task_marker_parent', 'example_external_task_marker_child']) retrieved from /Users/daniel/sensor-data-ELT/dbt-env/lib/python3.7/site-packages/airflow/example_dags/example_external_task_marker_dag.py
[2021-09-22 00:18:23,137] {logging_mixin.py:109} INFO - [2021-09-22 00:18:23,137] {dag.py:1834} INFO - Sync 2 DAGs
[2021-09-22 00:18:23,157] {logging_mixin.py:109} INFO - [2021-09-22 00:18:23,157] {dag.py:2287} INFO - Setting next_dagrun for example_external_task_marker_child to None
[2021-09-22 00:18:23,159] {logging_mixin.py:109} INFO - [2021-09-22 00:18:23,159] {dag.py:2287} INFO - Setting next_dagrun for example_external_task_marker_parent to None
[2021-09-22 00:18:23,177] {processor.py:170} INFO - Processing /Users/daniel/sensor-data-ELT/dbt-env/lib/python3.7/site-packages/airflow/example_dags/example_external_task_marker_dag.py took 0.125 seconds
[2021-09-22 00:18:56,998] {processor.py:162} INFO - Started process (PID=37101) to work on /Users/daniel/sensor-data-ELT/dbt-env/lib/python3.7/site-packages/airflow/example_dags/example_external_task_marker_dag.py
[2021-09-22 00:18:57,001] {processor.py:613} INFO - Processing file /Users/daniel/sensor-data-ELT/dbt-env/lib/python3.7/site-packages/airflow/example_dags/example_external_task_marker_dag.py for tasks to queue
[2021-09-22 00:18:57,002] {logging_mixin.py:109} INFO - [2021-09-22 00:18:57,002] {dagbag.py:496} INFO - Filling up the DagBag from /Users/daniel/sensor-data-ELT/dbt-env/lib/python3.7/site-packages/airflow/example_dags/example_external_task_marker_dag.py
[2021-09-22 00:18:57,023] {processor.py:623} INFO - DAG(s) dict_keys(['example_external_task_marker_parent', 'example_external_task_marker_child']) retrieved from /Users/daniel/sensor-data-ELT/dbt-env/lib/python3.7/site-packages/airflow/example_dags/example_external_task_marker_dag.py
[2021-09-22 00:18:57,055] {logging_mixin.py:109} INFO - [2021-09-22 00:18:57,055] {dag.py:1834} INFO - Sync 2 DAGs
[2021-09-22 00:18:57,078] {logging_mixin.py:109} INFO - [2021-09-22 00:18:57,078] {dag.py:2287} INFO - Setting next_dagrun for example_external_task_marker_child to None
[2021-09-22 00:18:57,080] {logging_mixin.py:109} INFO - [2021-09-22 00:18:57,080] {dag.py:2287} INFO - Setting next_dagrun for example_external_task_marker_parent to None
[2021-09-22 00:18:57,104] {processor.py:170} INFO - Processing /Users/daniel/sensor-data-ELT/dbt-env/lib/python3.7/site-packages/airflow/example_dags/example_external_task_marker_dag.py took 0.112 seconds
[2021-09-22 00:19:33,526] {processor.py:162} INFO - Started process (PID=37166) to work on /Users/daniel/sensor-data-ELT/dbt-env/lib/python3.7/site-packages/airflow/example_dags/example_external_task_marker_dag.py
[2021-09-22 00:19:33,529] {processor.py:613} INFO - Processing file /Users/daniel/sensor-data-ELT/dbt-env/lib/python3.7/site-packages/airflow/example_dags/example_external_task_marker_dag.py for tasks to queue
[2021-09-22 00:19:33,530] {logging_mixin.py:109} INFO - [2021-09-22 00:19:33,530] {dagbag.py:496} INFO - Filling up the DagBag from /Users/daniel/sensor-data-ELT/dbt-env/lib/python3.7/site-packages/airflow/example_dags/example_external_task_marker_dag.py
[2021-09-22 00:19:33,548] {processor.py:623} INFO - DAG(s) dict_keys(['example_external_task_marker_parent', 'example_external_task_marker_child']) retrieved from /Users/daniel/sensor-data-ELT/dbt-env/lib/python3.7/site-packages/airflow/example_dags/example_external_task_marker_dag.py
[2021-09-22 00:19:33,572] {logging_mixin.py:109} INFO - [2021-09-22 00:19:33,571] {dag.py:1834} INFO - Sync 2 DAGs
[2021-09-22 00:19:33,585] {logging_mixin.py:109} INFO - [2021-09-22 00:19:33,585] {dag.py:2287} INFO - Setting next_dagrun for example_external_task_marker_child to None
[2021-09-22 00:19:33,587] {logging_mixin.py:109} INFO - [2021-09-22 00:19:33,586] {dag.py:2287} INFO - Setting next_dagrun for example_external_task_marker_parent to None
[2021-09-22 00:19:33,599] {processor.py:170} INFO - Processing /Users/daniel/sensor-data-ELT/dbt-env/lib/python3.7/site-packages/airflow/example_dags/example_external_task_marker_dag.py took 0.079 seconds
[2021-09-22 00:20:10,666] {processor.py:162} INFO - Started process (PID=37583) to work on /Users/daniel/sensor-data-ELT/dbt-env/lib/python3.7/site-packages/airflow/example_dags/example_external_task_marker_dag.py
[2021-09-22 00:20:10,669] {processor.py:613} INFO - Processing file /Users/daniel/sensor-data-ELT/dbt-env/lib/python3.7/site-packages/airflow/example_dags/example_external_task_marker_dag.py for tasks to queue
[2021-09-22 00:20:10,671] {logging_mixin.py:109} INFO - [2021-09-22 00:20:10,670] {dagbag.py:496} INFO - Filling up the DagBag from /Users/daniel/sensor-data-ELT/dbt-env/lib/python3.7/site-packages/airflow/example_dags/example_external_task_marker_dag.py
[2021-09-22 00:20:10,694] {processor.py:623} INFO - DAG(s) dict_keys(['example_external_task_marker_parent', 'example_external_task_marker_child']) retrieved from /Users/daniel/sensor-data-ELT/dbt-env/lib/python3.7/site-packages/airflow/example_dags/example_external_task_marker_dag.py
[2021-09-22 00:20:10,724] {logging_mixin.py:109} INFO - [2021-09-22 00:20:10,724] {dag.py:1834} INFO - Sync 2 DAGs
[2021-09-22 00:20:10,749] {logging_mixin.py:109} INFO - [2021-09-22 00:20:10,749] {dag.py:2287} INFO - Setting next_dagrun for example_external_task_marker_child to None
[2021-09-22 00:20:10,752] {logging_mixin.py:109} INFO - [2021-09-22 00:20:10,751] {dag.py:2287} INFO - Setting next_dagrun for example_external_task_marker_parent to None
[2021-09-22 00:20:10,767] {processor.py:170} INFO - Processing /Users/daniel/sensor-data-ELT/dbt-env/lib/python3.7/site-packages/airflow/example_dags/example_external_task_marker_dag.py took 0.110 seconds
[2021-09-22 00:20:47,330] {processor.py:162} INFO - Started process (PID=38378) to work on /Users/daniel/sensor-data-ELT/dbt-env/lib/python3.7/site-packages/airflow/example_dags/example_external_task_marker_dag.py
[2021-09-22 00:20:47,333] {processor.py:613} INFO - Processing file /Users/daniel/sensor-data-ELT/dbt-env/lib/python3.7/site-packages/airflow/example_dags/example_external_task_marker_dag.py for tasks to queue
[2021-09-22 00:20:47,334] {logging_mixin.py:109} INFO - [2021-09-22 00:20:47,334] {dagbag.py:496} INFO - Filling up the DagBag from /Users/daniel/sensor-data-ELT/dbt-env/lib/python3.7/site-packages/airflow/example_dags/example_external_task_marker_dag.py
[2021-09-22 00:20:47,349] {processor.py:623} INFO - DAG(s) dict_keys(['example_external_task_marker_parent', 'example_external_task_marker_child']) retrieved from /Users/daniel/sensor-data-ELT/dbt-env/lib/python3.7/site-packages/airflow/example_dags/example_external_task_marker_dag.py
[2021-09-22 00:20:47,371] {logging_mixin.py:109} INFO - [2021-09-22 00:20:47,370] {dag.py:1834} INFO - Sync 2 DAGs
[2021-09-22 00:20:47,383] {logging_mixin.py:109} INFO - [2021-09-22 00:20:47,383] {dag.py:2287} INFO - Setting next_dagrun for example_external_task_marker_child to None
[2021-09-22 00:20:47,385] {logging_mixin.py:109} INFO - [2021-09-22 00:20:47,385] {dag.py:2287} INFO - Setting next_dagrun for example_external_task_marker_parent to None
[2021-09-22 00:20:47,395] {processor.py:170} INFO - Processing /Users/daniel/sensor-data-ELT/dbt-env/lib/python3.7/site-packages/airflow/example_dags/example_external_task_marker_dag.py took 0.069 seconds
[2021-09-22 00:21:44,533] {processor.py:162} INFO - Started process (PID=38498) to work on /Users/daniel/sensor-data-ELT/dbt-env/lib/python3.7/site-packages/airflow/example_dags/example_external_task_marker_dag.py
[2021-09-22 00:21:44,535] {processor.py:613} INFO - Processing file /Users/daniel/sensor-data-ELT/dbt-env/lib/python3.7/site-packages/airflow/example_dags/example_external_task_marker_dag.py for tasks to queue
[2021-09-22 00:21:44,535] {logging_mixin.py:109} INFO - [2021-09-22 00:21:44,535] {dagbag.py:496} INFO - Filling up the DagBag from /Users/daniel/sensor-data-ELT/dbt-env/lib/python3.7/site-packages/airflow/example_dags/example_external_task_marker_dag.py
[2021-09-22 00:21:44,551] {processor.py:623} INFO - DAG(s) dict_keys(['example_external_task_marker_parent', 'example_external_task_marker_child']) retrieved from /Users/daniel/sensor-data-ELT/dbt-env/lib/python3.7/site-packages/airflow/example_dags/example_external_task_marker_dag.py
[2021-09-22 00:21:44,571] {logging_mixin.py:109} INFO - [2021-09-22 00:21:44,571] {dag.py:1834} INFO - Sync 2 DAGs
[2021-09-22 00:21:44,584] {logging_mixin.py:109} INFO - [2021-09-22 00:21:44,583] {dag.py:2287} INFO - Setting next_dagrun for example_external_task_marker_child to None
[2021-09-22 00:21:44,585] {logging_mixin.py:109} INFO - [2021-09-22 00:21:44,585] {dag.py:2287} INFO - Setting next_dagrun for example_external_task_marker_parent to None
[2021-09-22 00:21:44,597] {processor.py:170} INFO - Processing /Users/daniel/sensor-data-ELT/dbt-env/lib/python3.7/site-packages/airflow/example_dags/example_external_task_marker_dag.py took 0.069 seconds
[2021-09-22 00:22:19,480] {processor.py:162} INFO - Started process (PID=38575) to work on /Users/daniel/sensor-data-ELT/dbt-env/lib/python3.7/site-packages/airflow/example_dags/example_external_task_marker_dag.py
[2021-09-22 00:22:19,482] {processor.py:613} INFO - Processing file /Users/daniel/sensor-data-ELT/dbt-env/lib/python3.7/site-packages/airflow/example_dags/example_external_task_marker_dag.py for tasks to queue
[2021-09-22 00:22:19,483] {logging_mixin.py:109} INFO - [2021-09-22 00:22:19,482] {dagbag.py:496} INFO - Filling up the DagBag from /Users/daniel/sensor-data-ELT/dbt-env/lib/python3.7/site-packages/airflow/example_dags/example_external_task_marker_dag.py
[2021-09-22 00:22:19,498] {processor.py:623} INFO - DAG(s) dict_keys(['example_external_task_marker_parent', 'example_external_task_marker_child']) retrieved from /Users/daniel/sensor-data-ELT/dbt-env/lib/python3.7/site-packages/airflow/example_dags/example_external_task_marker_dag.py
[2021-09-22 00:22:19,524] {logging_mixin.py:109} INFO - [2021-09-22 00:22:19,523] {dag.py:1834} INFO - Sync 2 DAGs
[2021-09-22 00:22:19,545] {logging_mixin.py:109} INFO - [2021-09-22 00:22:19,545] {dag.py:2287} INFO - Setting next_dagrun for example_external_task_marker_child to None
[2021-09-22 00:22:19,547] {logging_mixin.py:109} INFO - [2021-09-22 00:22:19,546] {dag.py:2287} INFO - Setting next_dagrun for example_external_task_marker_parent to None
[2021-09-22 00:22:19,565] {processor.py:170} INFO - Processing /Users/daniel/sensor-data-ELT/dbt-env/lib/python3.7/site-packages/airflow/example_dags/example_external_task_marker_dag.py took 0.089 seconds
[2021-09-22 00:22:58,124] {processor.py:162} INFO - Started process (PID=38633) to work on /Users/daniel/sensor-data-ELT/dbt-env/lib/python3.7/site-packages/airflow/example_dags/example_external_task_marker_dag.py
[2021-09-22 00:22:58,127] {processor.py:613} INFO - Processing file /Users/daniel/sensor-data-ELT/dbt-env/lib/python3.7/site-packages/airflow/example_dags/example_external_task_marker_dag.py for tasks to queue
[2021-09-22 00:22:58,128] {logging_mixin.py:109} INFO - [2021-09-22 00:22:58,128] {dagbag.py:496} INFO - Filling up the DagBag from /Users/daniel/sensor-data-ELT/dbt-env/lib/python3.7/site-packages/airflow/example_dags/example_external_task_marker_dag.py
[2021-09-22 00:22:58,150] {processor.py:623} INFO - DAG(s) dict_keys(['example_external_task_marker_parent', 'example_external_task_marker_child']) retrieved from /Users/daniel/sensor-data-ELT/dbt-env/lib/python3.7/site-packages/airflow/example_dags/example_external_task_marker_dag.py
[2021-09-22 00:22:58,183] {logging_mixin.py:109} INFO - [2021-09-22 00:22:58,182] {dag.py:1834} INFO - Sync 2 DAGs
[2021-09-22 00:22:58,207] {logging_mixin.py:109} INFO - [2021-09-22 00:22:58,207] {dag.py:2287} INFO - Setting next_dagrun for example_external_task_marker_child to None
[2021-09-22 00:22:58,209] {logging_mixin.py:109} INFO - [2021-09-22 00:22:58,209] {dag.py:2287} INFO - Setting next_dagrun for example_external_task_marker_parent to None
[2021-09-22 00:22:58,238] {processor.py:170} INFO - Processing /Users/daniel/sensor-data-ELT/dbt-env/lib/python3.7/site-packages/airflow/example_dags/example_external_task_marker_dag.py took 0.120 seconds
[2021-09-22 00:23:33,051] {processor.py:162} INFO - Started process (PID=38683) to work on /Users/daniel/sensor-data-ELT/dbt-env/lib/python3.7/site-packages/airflow/example_dags/example_external_task_marker_dag.py
[2021-09-22 00:23:33,054] {processor.py:613} INFO - Processing file /Users/daniel/sensor-data-ELT/dbt-env/lib/python3.7/site-packages/airflow/example_dags/example_external_task_marker_dag.py for tasks to queue
[2021-09-22 00:23:33,055] {logging_mixin.py:109} INFO - [2021-09-22 00:23:33,055] {dagbag.py:496} INFO - Filling up the DagBag from /Users/daniel/sensor-data-ELT/dbt-env/lib/python3.7/site-packages/airflow/example_dags/example_external_task_marker_dag.py
[2021-09-22 00:23:33,072] {processor.py:623} INFO - DAG(s) dict_keys(['example_external_task_marker_parent', 'example_external_task_marker_child']) retrieved from /Users/daniel/sensor-data-ELT/dbt-env/lib/python3.7/site-packages/airflow/example_dags/example_external_task_marker_dag.py
[2021-09-22 00:23:33,094] {logging_mixin.py:109} INFO - [2021-09-22 00:23:33,094] {dag.py:1834} INFO - Sync 2 DAGs
[2021-09-22 00:23:33,107] {logging_mixin.py:109} INFO - [2021-09-22 00:23:33,107] {dag.py:2287} INFO - Setting next_dagrun for example_external_task_marker_child to None
[2021-09-22 00:23:33,108] {logging_mixin.py:109} INFO - [2021-09-22 00:23:33,108] {dag.py:2287} INFO - Setting next_dagrun for example_external_task_marker_parent to None
[2021-09-22 00:23:33,119] {processor.py:170} INFO - Processing /Users/daniel/sensor-data-ELT/dbt-env/lib/python3.7/site-packages/airflow/example_dags/example_external_task_marker_dag.py took 0.072 seconds
[2021-09-22 00:24:09,522] {processor.py:162} INFO - Started process (PID=38763) to work on /Users/daniel/sensor-data-ELT/dbt-env/lib/python3.7/site-packages/airflow/example_dags/example_external_task_marker_dag.py
[2021-09-22 00:24:09,535] {processor.py:613} INFO - Processing file /Users/daniel/sensor-data-ELT/dbt-env/lib/python3.7/site-packages/airflow/example_dags/example_external_task_marker_dag.py for tasks to queue
[2021-09-22 00:24:09,537] {logging_mixin.py:109} INFO - [2021-09-22 00:24:09,537] {dagbag.py:496} INFO - Filling up the DagBag from /Users/daniel/sensor-data-ELT/dbt-env/lib/python3.7/site-packages/airflow/example_dags/example_external_task_marker_dag.py
[2021-09-22 00:24:09,578] {processor.py:623} INFO - DAG(s) dict_keys(['example_external_task_marker_parent', 'example_external_task_marker_child']) retrieved from /Users/daniel/sensor-data-ELT/dbt-env/lib/python3.7/site-packages/airflow/example_dags/example_external_task_marker_dag.py
[2021-09-22 00:24:09,618] {logging_mixin.py:109} INFO - [2021-09-22 00:24:09,617] {dag.py:1834} INFO - Sync 2 DAGs
[2021-09-22 00:24:09,637] {logging_mixin.py:109} INFO - [2021-09-22 00:24:09,637] {dag.py:2287} INFO - Setting next_dagrun for example_external_task_marker_child to None
[2021-09-22 00:24:09,639] {logging_mixin.py:109} INFO - [2021-09-22 00:24:09,639] {dag.py:2287} INFO - Setting next_dagrun for example_external_task_marker_parent to None
[2021-09-22 00:24:09,664] {processor.py:170} INFO - Processing /Users/daniel/sensor-data-ELT/dbt-env/lib/python3.7/site-packages/airflow/example_dags/example_external_task_marker_dag.py took 0.158 seconds
[2021-09-22 00:33:54,016] {processor.py:162} INFO - Started process (PID=39108) to work on /Users/daniel/sensor-data-ELT/dbt-env/lib/python3.7/site-packages/airflow/example_dags/example_external_task_marker_dag.py
[2021-09-22 00:33:54,018] {processor.py:613} INFO - Processing file /Users/daniel/sensor-data-ELT/dbt-env/lib/python3.7/site-packages/airflow/example_dags/example_external_task_marker_dag.py for tasks to queue
[2021-09-22 00:33:54,019] {logging_mixin.py:109} INFO - [2021-09-22 00:33:54,019] {dagbag.py:496} INFO - Filling up the DagBag from /Users/daniel/sensor-data-ELT/dbt-env/lib/python3.7/site-packages/airflow/example_dags/example_external_task_marker_dag.py
[2021-09-22 00:33:54,035] {processor.py:623} INFO - DAG(s) dict_keys(['example_external_task_marker_parent', 'example_external_task_marker_child']) retrieved from /Users/daniel/sensor-data-ELT/dbt-env/lib/python3.7/site-packages/airflow/example_dags/example_external_task_marker_dag.py
[2021-09-22 00:33:54,084] {logging_mixin.py:109} INFO - [2021-09-22 00:33:54,083] {dag.py:1834} INFO - Sync 2 DAGs
[2021-09-22 00:33:54,113] {logging_mixin.py:109} INFO - [2021-09-22 00:33:54,112] {dag.py:2287} INFO - Setting next_dagrun for example_external_task_marker_child to None
[2021-09-22 00:33:54,115] {logging_mixin.py:109} INFO - [2021-09-22 00:33:54,115] {dag.py:2287} INFO - Setting next_dagrun for example_external_task_marker_parent to None
[2021-09-22 00:33:54,134] {processor.py:170} INFO - Processing /Users/daniel/sensor-data-ELT/dbt-env/lib/python3.7/site-packages/airflow/example_dags/example_external_task_marker_dag.py took 0.122 seconds
[2021-09-22 00:34:28,016] {processor.py:162} INFO - Started process (PID=39189) to work on /Users/daniel/sensor-data-ELT/dbt-env/lib/python3.7/site-packages/airflow/example_dags/example_external_task_marker_dag.py
[2021-09-22 00:34:28,019] {processor.py:613} INFO - Processing file /Users/daniel/sensor-data-ELT/dbt-env/lib/python3.7/site-packages/airflow/example_dags/example_external_task_marker_dag.py for tasks to queue
[2021-09-22 00:34:28,020] {logging_mixin.py:109} INFO - [2021-09-22 00:34:28,019] {dagbag.py:496} INFO - Filling up the DagBag from /Users/daniel/sensor-data-ELT/dbt-env/lib/python3.7/site-packages/airflow/example_dags/example_external_task_marker_dag.py
[2021-09-22 00:34:28,038] {processor.py:623} INFO - DAG(s) dict_keys(['example_external_task_marker_parent', 'example_external_task_marker_child']) retrieved from /Users/daniel/sensor-data-ELT/dbt-env/lib/python3.7/site-packages/airflow/example_dags/example_external_task_marker_dag.py
[2021-09-22 00:34:28,062] {logging_mixin.py:109} INFO - [2021-09-22 00:34:28,061] {dag.py:1834} INFO - Sync 2 DAGs
[2021-09-22 00:34:28,075] {logging_mixin.py:109} INFO - [2021-09-22 00:34:28,075] {dag.py:2287} INFO - Setting next_dagrun for example_external_task_marker_child to None
[2021-09-22 00:34:28,078] {logging_mixin.py:109} INFO - [2021-09-22 00:34:28,077] {dag.py:2287} INFO - Setting next_dagrun for example_external_task_marker_parent to None
[2021-09-22 00:34:28,089] {processor.py:170} INFO - Processing /Users/daniel/sensor-data-ELT/dbt-env/lib/python3.7/site-packages/airflow/example_dags/example_external_task_marker_dag.py took 0.077 seconds
[2021-09-22 00:35:03,865] {processor.py:162} INFO - Started process (PID=39238) to work on /Users/daniel/sensor-data-ELT/dbt-env/lib/python3.7/site-packages/airflow/example_dags/example_external_task_marker_dag.py
[2021-09-22 00:35:03,868] {processor.py:613} INFO - Processing file /Users/daniel/sensor-data-ELT/dbt-env/lib/python3.7/site-packages/airflow/example_dags/example_external_task_marker_dag.py for tasks to queue
[2021-09-22 00:35:03,869] {logging_mixin.py:109} INFO - [2021-09-22 00:35:03,869] {dagbag.py:496} INFO - Filling up the DagBag from /Users/daniel/sensor-data-ELT/dbt-env/lib/python3.7/site-packages/airflow/example_dags/example_external_task_marker_dag.py
[2021-09-22 00:35:03,889] {processor.py:623} INFO - DAG(s) dict_keys(['example_external_task_marker_parent', 'example_external_task_marker_child']) retrieved from /Users/daniel/sensor-data-ELT/dbt-env/lib/python3.7/site-packages/airflow/example_dags/example_external_task_marker_dag.py
[2021-09-22 00:35:03,912] {logging_mixin.py:109} INFO - [2021-09-22 00:35:03,912] {dag.py:1834} INFO - Sync 2 DAGs
[2021-09-22 00:35:03,925] {logging_mixin.py:109} INFO - [2021-09-22 00:35:03,925] {dag.py:2287} INFO - Setting next_dagrun for example_external_task_marker_child to None
[2021-09-22 00:35:03,926] {logging_mixin.py:109} INFO - [2021-09-22 00:35:03,926] {dag.py:2287} INFO - Setting next_dagrun for example_external_task_marker_parent to None
[2021-09-22 00:35:03,939] {processor.py:170} INFO - Processing /Users/daniel/sensor-data-ELT/dbt-env/lib/python3.7/site-packages/airflow/example_dags/example_external_task_marker_dag.py took 0.078 seconds
[2021-09-22 00:35:38,635] {processor.py:162} INFO - Started process (PID=39270) to work on /Users/daniel/sensor-data-ELT/dbt-env/lib/python3.7/site-packages/airflow/example_dags/example_external_task_marker_dag.py
[2021-09-22 00:35:38,637] {processor.py:613} INFO - Processing file /Users/daniel/sensor-data-ELT/dbt-env/lib/python3.7/site-packages/airflow/example_dags/example_external_task_marker_dag.py for tasks to queue
[2021-09-22 00:35:38,639] {logging_mixin.py:109} INFO - [2021-09-22 00:35:38,638] {dagbag.py:496} INFO - Filling up the DagBag from /Users/daniel/sensor-data-ELT/dbt-env/lib/python3.7/site-packages/airflow/example_dags/example_external_task_marker_dag.py
[2021-09-22 00:35:38,655] {processor.py:623} INFO - DAG(s) dict_keys(['example_external_task_marker_parent', 'example_external_task_marker_child']) retrieved from /Users/daniel/sensor-data-ELT/dbt-env/lib/python3.7/site-packages/airflow/example_dags/example_external_task_marker_dag.py
[2021-09-22 00:35:38,682] {logging_mixin.py:109} INFO - [2021-09-22 00:35:38,682] {dag.py:1834} INFO - Sync 2 DAGs
[2021-09-22 00:35:38,696] {logging_mixin.py:109} INFO - [2021-09-22 00:35:38,696] {dag.py:2287} INFO - Setting next_dagrun for example_external_task_marker_child to None
[2021-09-22 00:35:38,697] {logging_mixin.py:109} INFO - [2021-09-22 00:35:38,697] {dag.py:2287} INFO - Setting next_dagrun for example_external_task_marker_parent to None
[2021-09-22 00:35:38,710] {processor.py:170} INFO - Processing /Users/daniel/sensor-data-ELT/dbt-env/lib/python3.7/site-packages/airflow/example_dags/example_external_task_marker_dag.py took 0.080 seconds
[2021-09-22 00:36:10,163] {processor.py:162} INFO - Started process (PID=39302) to work on /Users/daniel/sensor-data-ELT/dbt-env/lib/python3.7/site-packages/airflow/example_dags/example_external_task_marker_dag.py
[2021-09-22 00:36:10,166] {processor.py:613} INFO - Processing file /Users/daniel/sensor-data-ELT/dbt-env/lib/python3.7/site-packages/airflow/example_dags/example_external_task_marker_dag.py for tasks to queue
[2021-09-22 00:36:10,168] {logging_mixin.py:109} INFO - [2021-09-22 00:36:10,167] {dagbag.py:496} INFO - Filling up the DagBag from /Users/daniel/sensor-data-ELT/dbt-env/lib/python3.7/site-packages/airflow/example_dags/example_external_task_marker_dag.py
[2021-09-22 00:36:10,185] {processor.py:623} INFO - DAG(s) dict_keys(['example_external_task_marker_parent', 'example_external_task_marker_child']) retrieved from /Users/daniel/sensor-data-ELT/dbt-env/lib/python3.7/site-packages/airflow/example_dags/example_external_task_marker_dag.py
[2021-09-22 00:36:10,207] {logging_mixin.py:109} INFO - [2021-09-22 00:36:10,207] {dag.py:1834} INFO - Sync 2 DAGs
[2021-09-22 00:36:10,220] {logging_mixin.py:109} INFO - [2021-09-22 00:36:10,219] {dag.py:2287} INFO - Setting next_dagrun for example_external_task_marker_child to None
[2021-09-22 00:36:10,221] {logging_mixin.py:109} INFO - [2021-09-22 00:36:10,221] {dag.py:2287} INFO - Setting next_dagrun for example_external_task_marker_parent to None
[2021-09-22 00:36:10,233] {processor.py:170} INFO - Processing /Users/daniel/sensor-data-ELT/dbt-env/lib/python3.7/site-packages/airflow/example_dags/example_external_task_marker_dag.py took 0.074 seconds
[2021-09-22 00:36:45,431] {processor.py:162} INFO - Started process (PID=39364) to work on /Users/daniel/sensor-data-ELT/dbt-env/lib/python3.7/site-packages/airflow/example_dags/example_external_task_marker_dag.py
[2021-09-22 00:36:45,434] {processor.py:613} INFO - Processing file /Users/daniel/sensor-data-ELT/dbt-env/lib/python3.7/site-packages/airflow/example_dags/example_external_task_marker_dag.py for tasks to queue
[2021-09-22 00:36:45,435] {logging_mixin.py:109} INFO - [2021-09-22 00:36:45,435] {dagbag.py:496} INFO - Filling up the DagBag from /Users/daniel/sensor-data-ELT/dbt-env/lib/python3.7/site-packages/airflow/example_dags/example_external_task_marker_dag.py
[2021-09-22 00:36:45,451] {processor.py:623} INFO - DAG(s) dict_keys(['example_external_task_marker_parent', 'example_external_task_marker_child']) retrieved from /Users/daniel/sensor-data-ELT/dbt-env/lib/python3.7/site-packages/airflow/example_dags/example_external_task_marker_dag.py
[2021-09-22 00:36:45,472] {logging_mixin.py:109} INFO - [2021-09-22 00:36:45,471] {dag.py:1834} INFO - Sync 2 DAGs
[2021-09-22 00:36:45,484] {logging_mixin.py:109} INFO - [2021-09-22 00:36:45,484] {dag.py:2287} INFO - Setting next_dagrun for example_external_task_marker_child to None
[2021-09-22 00:36:45,485] {logging_mixin.py:109} INFO - [2021-09-22 00:36:45,485] {dag.py:2287} INFO - Setting next_dagrun for example_external_task_marker_parent to None
[2021-09-22 00:36:45,499] {processor.py:170} INFO - Processing /Users/daniel/sensor-data-ELT/dbt-env/lib/python3.7/site-packages/airflow/example_dags/example_external_task_marker_dag.py took 0.072 seconds
[2021-09-22 00:37:19,638] {processor.py:162} INFO - Started process (PID=39444) to work on /Users/daniel/sensor-data-ELT/dbt-env/lib/python3.7/site-packages/airflow/example_dags/example_external_task_marker_dag.py
[2021-09-22 00:37:19,640] {processor.py:613} INFO - Processing file /Users/daniel/sensor-data-ELT/dbt-env/lib/python3.7/site-packages/airflow/example_dags/example_external_task_marker_dag.py for tasks to queue
[2021-09-22 00:37:19,641] {logging_mixin.py:109} INFO - [2021-09-22 00:37:19,641] {dagbag.py:496} INFO - Filling up the DagBag from /Users/daniel/sensor-data-ELT/dbt-env/lib/python3.7/site-packages/airflow/example_dags/example_external_task_marker_dag.py
[2021-09-22 00:37:19,657] {processor.py:623} INFO - DAG(s) dict_keys(['example_external_task_marker_parent', 'example_external_task_marker_child']) retrieved from /Users/daniel/sensor-data-ELT/dbt-env/lib/python3.7/site-packages/airflow/example_dags/example_external_task_marker_dag.py
[2021-09-22 00:37:19,678] {logging_mixin.py:109} INFO - [2021-09-22 00:37:19,677] {dag.py:1834} INFO - Sync 2 DAGs
[2021-09-22 00:37:19,690] {logging_mixin.py:109} INFO - [2021-09-22 00:37:19,690] {dag.py:2287} INFO - Setting next_dagrun for example_external_task_marker_child to None
[2021-09-22 00:37:19,692] {logging_mixin.py:109} INFO - [2021-09-22 00:37:19,691] {dag.py:2287} INFO - Setting next_dagrun for example_external_task_marker_parent to None
[2021-09-22 00:37:19,705] {processor.py:170} INFO - Processing /Users/daniel/sensor-data-ELT/dbt-env/lib/python3.7/site-packages/airflow/example_dags/example_external_task_marker_dag.py took 0.071 seconds
[2021-09-22 00:37:54,398] {processor.py:162} INFO - Started process (PID=39521) to work on /Users/daniel/sensor-data-ELT/dbt-env/lib/python3.7/site-packages/airflow/example_dags/example_external_task_marker_dag.py
[2021-09-22 00:37:54,399] {processor.py:613} INFO - Processing file /Users/daniel/sensor-data-ELT/dbt-env/lib/python3.7/site-packages/airflow/example_dags/example_external_task_marker_dag.py for tasks to queue
[2021-09-22 00:37:54,400] {logging_mixin.py:109} INFO - [2021-09-22 00:37:54,400] {dagbag.py:496} INFO - Filling up the DagBag from /Users/daniel/sensor-data-ELT/dbt-env/lib/python3.7/site-packages/airflow/example_dags/example_external_task_marker_dag.py
[2021-09-22 00:37:54,415] {processor.py:623} INFO - DAG(s) dict_keys(['example_external_task_marker_parent', 'example_external_task_marker_child']) retrieved from /Users/daniel/sensor-data-ELT/dbt-env/lib/python3.7/site-packages/airflow/example_dags/example_external_task_marker_dag.py
[2021-09-22 00:37:54,434] {logging_mixin.py:109} INFO - [2021-09-22 00:37:54,434] {dag.py:1834} INFO - Sync 2 DAGs
[2021-09-22 00:37:54,446] {logging_mixin.py:109} INFO - [2021-09-22 00:37:54,445] {dag.py:2287} INFO - Setting next_dagrun for example_external_task_marker_child to None
[2021-09-22 00:37:54,447] {logging_mixin.py:109} INFO - [2021-09-22 00:37:54,447] {dag.py:2287} INFO - Setting next_dagrun for example_external_task_marker_parent to None
[2021-09-22 00:37:54,459] {processor.py:170} INFO - Processing /Users/daniel/sensor-data-ELT/dbt-env/lib/python3.7/site-packages/airflow/example_dags/example_external_task_marker_dag.py took 0.066 seconds
[2021-09-22 00:38:31,056] {processor.py:162} INFO - Started process (PID=39574) to work on /Users/daniel/sensor-data-ELT/dbt-env/lib/python3.7/site-packages/airflow/example_dags/example_external_task_marker_dag.py
[2021-09-22 00:38:31,058] {processor.py:613} INFO - Processing file /Users/daniel/sensor-data-ELT/dbt-env/lib/python3.7/site-packages/airflow/example_dags/example_external_task_marker_dag.py for tasks to queue
[2021-09-22 00:38:31,059] {logging_mixin.py:109} INFO - [2021-09-22 00:38:31,059] {dagbag.py:496} INFO - Filling up the DagBag from /Users/daniel/sensor-data-ELT/dbt-env/lib/python3.7/site-packages/airflow/example_dags/example_external_task_marker_dag.py
[2021-09-22 00:38:31,076] {processor.py:623} INFO - DAG(s) dict_keys(['example_external_task_marker_parent', 'example_external_task_marker_child']) retrieved from /Users/daniel/sensor-data-ELT/dbt-env/lib/python3.7/site-packages/airflow/example_dags/example_external_task_marker_dag.py
[2021-09-22 00:38:31,094] {logging_mixin.py:109} INFO - [2021-09-22 00:38:31,094] {dag.py:1834} INFO - Sync 2 DAGs
[2021-09-22 00:38:31,107] {logging_mixin.py:109} INFO - [2021-09-22 00:38:31,107] {dag.py:2287} INFO - Setting next_dagrun for example_external_task_marker_child to None
[2021-09-22 00:38:31,108] {logging_mixin.py:109} INFO - [2021-09-22 00:38:31,108] {dag.py:2287} INFO - Setting next_dagrun for example_external_task_marker_parent to None
[2021-09-22 00:38:31,119] {processor.py:170} INFO - Processing /Users/daniel/sensor-data-ELT/dbt-env/lib/python3.7/site-packages/airflow/example_dags/example_external_task_marker_dag.py took 0.068 seconds
[2021-09-22 01:18:22,162] {processor.py:162} INFO - Started process (PID=40978) to work on /Users/daniel/sensor-data-ELT/dbt-env/lib/python3.7/site-packages/airflow/example_dags/example_external_task_marker_dag.py
[2021-09-22 01:18:22,164] {processor.py:613} INFO - Processing file /Users/daniel/sensor-data-ELT/dbt-env/lib/python3.7/site-packages/airflow/example_dags/example_external_task_marker_dag.py for tasks to queue
[2021-09-22 01:18:22,165] {logging_mixin.py:109} INFO - [2021-09-22 01:18:22,165] {dagbag.py:496} INFO - Filling up the DagBag from /Users/daniel/sensor-data-ELT/dbt-env/lib/python3.7/site-packages/airflow/example_dags/example_external_task_marker_dag.py
[2021-09-22 01:18:22,178] {processor.py:623} INFO - DAG(s) dict_keys(['example_external_task_marker_parent', 'example_external_task_marker_child']) retrieved from /Users/daniel/sensor-data-ELT/dbt-env/lib/python3.7/site-packages/airflow/example_dags/example_external_task_marker_dag.py
[2021-09-22 01:18:22,197] {logging_mixin.py:109} INFO - [2021-09-22 01:18:22,197] {dag.py:1834} INFO - Sync 2 DAGs
[2021-09-22 01:18:22,211] {logging_mixin.py:109} INFO - [2021-09-22 01:18:22,211] {dag.py:2287} INFO - Setting next_dagrun for example_external_task_marker_child to None
[2021-09-22 01:18:22,212] {logging_mixin.py:109} INFO - [2021-09-22 01:18:22,212] {dag.py:2287} INFO - Setting next_dagrun for example_external_task_marker_parent to None
[2021-09-22 01:18:22,311] {processor.py:170} INFO - Processing /Users/daniel/sensor-data-ELT/dbt-env/lib/python3.7/site-packages/airflow/example_dags/example_external_task_marker_dag.py took 0.154 seconds
[2021-09-22 01:19:02,213] {processor.py:162} INFO - Started process (PID=41083) to work on /Users/daniel/sensor-data-ELT/dbt-env/lib/python3.7/site-packages/airflow/example_dags/example_external_task_marker_dag.py
[2021-09-22 01:19:02,217] {processor.py:613} INFO - Processing file /Users/daniel/sensor-data-ELT/dbt-env/lib/python3.7/site-packages/airflow/example_dags/example_external_task_marker_dag.py for tasks to queue
[2021-09-22 01:19:02,219] {logging_mixin.py:109} INFO - [2021-09-22 01:19:02,218] {dagbag.py:496} INFO - Filling up the DagBag from /Users/daniel/sensor-data-ELT/dbt-env/lib/python3.7/site-packages/airflow/example_dags/example_external_task_marker_dag.py
[2021-09-22 01:19:02,253] {processor.py:623} INFO - DAG(s) dict_keys(['example_external_task_marker_parent', 'example_external_task_marker_child']) retrieved from /Users/daniel/sensor-data-ELT/dbt-env/lib/python3.7/site-packages/airflow/example_dags/example_external_task_marker_dag.py
[2021-09-22 01:19:02,295] {logging_mixin.py:109} INFO - [2021-09-22 01:19:02,295] {dag.py:1834} INFO - Sync 2 DAGs
[2021-09-22 01:19:02,509] {logging_mixin.py:109} INFO - [2021-09-22 01:19:02,509] {dag.py:2287} INFO - Setting next_dagrun for example_external_task_marker_child to None
[2021-09-22 01:19:02,513] {logging_mixin.py:109} INFO - [2021-09-22 01:19:02,511] {dag.py:2287} INFO - Setting next_dagrun for example_external_task_marker_parent to None
[2021-09-22 01:19:02,542] {processor.py:170} INFO - Processing /Users/daniel/sensor-data-ELT/dbt-env/lib/python3.7/site-packages/airflow/example_dags/example_external_task_marker_dag.py took 0.334 seconds
