[2021-09-22 00:18:12,937] {processor.py:162} INFO - Started process (PID=36990) to work on /Users/daniel/sensor-data-ELT/dbt-env/lib/python3.7/site-packages/airflow/example_dags/example_bash_operator.py
[2021-09-22 00:18:12,939] {processor.py:613} INFO - Processing file /Users/daniel/sensor-data-ELT/dbt-env/lib/python3.7/site-packages/airflow/example_dags/example_bash_operator.py for tasks to queue
[2021-09-22 00:18:12,939] {logging_mixin.py:109} INFO - [2021-09-22 00:18:12,939] {dagbag.py:496} INFO - Filling up the DagBag from /Users/daniel/sensor-data-ELT/dbt-env/lib/python3.7/site-packages/airflow/example_dags/example_bash_operator.py
[2021-09-22 00:18:12,971] {processor.py:623} INFO - DAG(s) dict_keys(['example_bash_operator']) retrieved from /Users/daniel/sensor-data-ELT/dbt-env/lib/python3.7/site-packages/airflow/example_dags/example_bash_operator.py
[2021-09-22 00:18:12,995] {logging_mixin.py:109} INFO - [2021-09-22 00:18:12,994] {dag.py:1834} INFO - Sync 1 DAGs
[2021-09-22 00:18:13,018] {logging_mixin.py:109} INFO - [2021-09-22 00:18:13,018] {dag.py:2287} INFO - Setting next_dagrun for example_bash_operator to 2021-09-19 00:00:00+00:00
[2021-09-22 00:18:13,034] {processor.py:170} INFO - Processing /Users/daniel/sensor-data-ELT/dbt-env/lib/python3.7/site-packages/airflow/example_dags/example_bash_operator.py took 0.101 seconds
[2021-09-22 00:18:47,947] {processor.py:162} INFO - Started process (PID=37074) to work on /Users/daniel/sensor-data-ELT/dbt-env/lib/python3.7/site-packages/airflow/example_dags/example_bash_operator.py
[2021-09-22 00:18:47,950] {processor.py:613} INFO - Processing file /Users/daniel/sensor-data-ELT/dbt-env/lib/python3.7/site-packages/airflow/example_dags/example_bash_operator.py for tasks to queue
[2021-09-22 00:18:47,952] {logging_mixin.py:109} INFO - [2021-09-22 00:18:47,952] {dagbag.py:496} INFO - Filling up the DagBag from /Users/daniel/sensor-data-ELT/dbt-env/lib/python3.7/site-packages/airflow/example_dags/example_bash_operator.py
[2021-09-22 00:18:48,007] {processor.py:623} INFO - DAG(s) dict_keys(['example_bash_operator']) retrieved from /Users/daniel/sensor-data-ELT/dbt-env/lib/python3.7/site-packages/airflow/example_dags/example_bash_operator.py
[2021-09-22 00:18:48,044] {logging_mixin.py:109} INFO - [2021-09-22 00:18:48,044] {dag.py:1834} INFO - Sync 1 DAGs
[2021-09-22 00:18:48,077] {logging_mixin.py:109} INFO - [2021-09-22 00:18:48,077] {dag.py:2287} INFO - Setting next_dagrun for example_bash_operator to 2021-09-19 00:00:00+00:00
[2021-09-22 00:18:48,095] {processor.py:170} INFO - Processing /Users/daniel/sensor-data-ELT/dbt-env/lib/python3.7/site-packages/airflow/example_dags/example_bash_operator.py took 0.155 seconds
[2021-09-22 00:19:24,265] {processor.py:162} INFO - Started process (PID=37156) to work on /Users/daniel/sensor-data-ELT/dbt-env/lib/python3.7/site-packages/airflow/example_dags/example_bash_operator.py
[2021-09-22 00:19:24,282] {processor.py:613} INFO - Processing file /Users/daniel/sensor-data-ELT/dbt-env/lib/python3.7/site-packages/airflow/example_dags/example_bash_operator.py for tasks to queue
[2021-09-22 00:19:24,285] {logging_mixin.py:109} INFO - [2021-09-22 00:19:24,283] {dagbag.py:496} INFO - Filling up the DagBag from /Users/daniel/sensor-data-ELT/dbt-env/lib/python3.7/site-packages/airflow/example_dags/example_bash_operator.py
[2021-09-22 00:19:24,333] {processor.py:623} INFO - DAG(s) dict_keys(['example_bash_operator']) retrieved from /Users/daniel/sensor-data-ELT/dbt-env/lib/python3.7/site-packages/airflow/example_dags/example_bash_operator.py
[2021-09-22 00:19:24,363] {logging_mixin.py:109} INFO - [2021-09-22 00:19:24,363] {dag.py:1834} INFO - Sync 1 DAGs
[2021-09-22 00:19:24,392] {logging_mixin.py:109} INFO - [2021-09-22 00:19:24,392] {dag.py:2287} INFO - Setting next_dagrun for example_bash_operator to 2021-09-19 00:00:00+00:00
[2021-09-22 00:19:24,410] {processor.py:170} INFO - Processing /Users/daniel/sensor-data-ELT/dbt-env/lib/python3.7/site-packages/airflow/example_dags/example_bash_operator.py took 0.153 seconds
[2021-09-22 00:20:00,291] {processor.py:162} INFO - Started process (PID=37575) to work on /Users/daniel/sensor-data-ELT/dbt-env/lib/python3.7/site-packages/airflow/example_dags/example_bash_operator.py
[2021-09-22 00:20:00,294] {processor.py:613} INFO - Processing file /Users/daniel/sensor-data-ELT/dbt-env/lib/python3.7/site-packages/airflow/example_dags/example_bash_operator.py for tasks to queue
[2021-09-22 00:20:00,295] {logging_mixin.py:109} INFO - [2021-09-22 00:20:00,295] {dagbag.py:496} INFO - Filling up the DagBag from /Users/daniel/sensor-data-ELT/dbt-env/lib/python3.7/site-packages/airflow/example_dags/example_bash_operator.py
[2021-09-22 00:20:00,321] {processor.py:623} INFO - DAG(s) dict_keys(['example_bash_operator']) retrieved from /Users/daniel/sensor-data-ELT/dbt-env/lib/python3.7/site-packages/airflow/example_dags/example_bash_operator.py
[2021-09-22 00:20:00,348] {logging_mixin.py:109} INFO - [2021-09-22 00:20:00,348] {dag.py:1834} INFO - Sync 1 DAGs
[2021-09-22 00:20:00,384] {logging_mixin.py:109} INFO - [2021-09-22 00:20:00,384] {dag.py:2287} INFO - Setting next_dagrun for example_bash_operator to 2021-09-19 00:00:00+00:00
[2021-09-22 00:20:00,398] {processor.py:170} INFO - Processing /Users/daniel/sensor-data-ELT/dbt-env/lib/python3.7/site-packages/airflow/example_dags/example_bash_operator.py took 0.112 seconds
[2021-09-22 00:20:36,573] {processor.py:162} INFO - Started process (PID=37646) to work on /Users/daniel/sensor-data-ELT/dbt-env/lib/python3.7/site-packages/airflow/example_dags/example_bash_operator.py
[2021-09-22 00:20:36,575] {processor.py:613} INFO - Processing file /Users/daniel/sensor-data-ELT/dbt-env/lib/python3.7/site-packages/airflow/example_dags/example_bash_operator.py for tasks to queue
[2021-09-22 00:20:36,578] {logging_mixin.py:109} INFO - [2021-09-22 00:20:36,578] {dagbag.py:496} INFO - Filling up the DagBag from /Users/daniel/sensor-data-ELT/dbt-env/lib/python3.7/site-packages/airflow/example_dags/example_bash_operator.py
[2021-09-22 00:20:36,612] {processor.py:623} INFO - DAG(s) dict_keys(['example_bash_operator']) retrieved from /Users/daniel/sensor-data-ELT/dbt-env/lib/python3.7/site-packages/airflow/example_dags/example_bash_operator.py
[2021-09-22 00:20:36,640] {logging_mixin.py:109} INFO - [2021-09-22 00:20:36,639] {dag.py:1834} INFO - Sync 1 DAGs
[2021-09-22 00:20:36,798] {logging_mixin.py:109} INFO - [2021-09-22 00:20:36,798] {dag.py:2287} INFO - Setting next_dagrun for example_bash_operator to 2021-09-19 00:00:00+00:00
[2021-09-22 00:20:36,834] {processor.py:170} INFO - Processing /Users/daniel/sensor-data-ELT/dbt-env/lib/python3.7/site-packages/airflow/example_dags/example_bash_operator.py took 0.274 seconds
[2021-09-22 00:21:36,047] {processor.py:162} INFO - Started process (PID=38473) to work on /Users/daniel/sensor-data-ELT/dbt-env/lib/python3.7/site-packages/airflow/example_dags/example_bash_operator.py
[2021-09-22 00:21:36,050] {processor.py:613} INFO - Processing file /Users/daniel/sensor-data-ELT/dbt-env/lib/python3.7/site-packages/airflow/example_dags/example_bash_operator.py for tasks to queue
[2021-09-22 00:21:36,051] {logging_mixin.py:109} INFO - [2021-09-22 00:21:36,051] {dagbag.py:496} INFO - Filling up the DagBag from /Users/daniel/sensor-data-ELT/dbt-env/lib/python3.7/site-packages/airflow/example_dags/example_bash_operator.py
[2021-09-22 00:21:36,071] {processor.py:623} INFO - DAG(s) dict_keys(['example_bash_operator']) retrieved from /Users/daniel/sensor-data-ELT/dbt-env/lib/python3.7/site-packages/airflow/example_dags/example_bash_operator.py
[2021-09-22 00:21:36,096] {logging_mixin.py:109} INFO - [2021-09-22 00:21:36,096] {dag.py:1834} INFO - Sync 1 DAGs
[2021-09-22 00:21:36,117] {logging_mixin.py:109} INFO - [2021-09-22 00:21:36,117] {dag.py:2287} INFO - Setting next_dagrun for example_bash_operator to 2021-09-19 00:00:00+00:00
[2021-09-22 00:21:36,131] {processor.py:170} INFO - Processing /Users/daniel/sensor-data-ELT/dbt-env/lib/python3.7/site-packages/airflow/example_dags/example_bash_operator.py took 0.088 seconds
[2021-09-22 00:22:10,344] {processor.py:162} INFO - Started process (PID=38553) to work on /Users/daniel/sensor-data-ELT/dbt-env/lib/python3.7/site-packages/airflow/example_dags/example_bash_operator.py
[2021-09-22 00:22:10,345] {processor.py:613} INFO - Processing file /Users/daniel/sensor-data-ELT/dbt-env/lib/python3.7/site-packages/airflow/example_dags/example_bash_operator.py for tasks to queue
[2021-09-22 00:22:10,346] {logging_mixin.py:109} INFO - [2021-09-22 00:22:10,346] {dagbag.py:496} INFO - Filling up the DagBag from /Users/daniel/sensor-data-ELT/dbt-env/lib/python3.7/site-packages/airflow/example_dags/example_bash_operator.py
[2021-09-22 00:22:10,368] {processor.py:623} INFO - DAG(s) dict_keys(['example_bash_operator']) retrieved from /Users/daniel/sensor-data-ELT/dbt-env/lib/python3.7/site-packages/airflow/example_dags/example_bash_operator.py
[2021-09-22 00:22:10,386] {logging_mixin.py:109} INFO - [2021-09-22 00:22:10,385] {dag.py:1834} INFO - Sync 1 DAGs
[2021-09-22 00:22:10,404] {logging_mixin.py:109} INFO - [2021-09-22 00:22:10,404] {dag.py:2287} INFO - Setting next_dagrun for example_bash_operator to 2021-09-19 00:00:00+00:00
[2021-09-22 00:22:10,417] {processor.py:170} INFO - Processing /Users/daniel/sensor-data-ELT/dbt-env/lib/python3.7/site-packages/airflow/example_dags/example_bash_operator.py took 0.078 seconds
[2021-09-22 00:22:48,888] {processor.py:162} INFO - Started process (PID=38625) to work on /Users/daniel/sensor-data-ELT/dbt-env/lib/python3.7/site-packages/airflow/example_dags/example_bash_operator.py
[2021-09-22 00:22:48,891] {processor.py:613} INFO - Processing file /Users/daniel/sensor-data-ELT/dbt-env/lib/python3.7/site-packages/airflow/example_dags/example_bash_operator.py for tasks to queue
[2021-09-22 00:22:48,892] {logging_mixin.py:109} INFO - [2021-09-22 00:22:48,892] {dagbag.py:496} INFO - Filling up the DagBag from /Users/daniel/sensor-data-ELT/dbt-env/lib/python3.7/site-packages/airflow/example_dags/example_bash_operator.py
[2021-09-22 00:22:48,914] {processor.py:623} INFO - DAG(s) dict_keys(['example_bash_operator']) retrieved from /Users/daniel/sensor-data-ELT/dbt-env/lib/python3.7/site-packages/airflow/example_dags/example_bash_operator.py
[2021-09-22 00:22:48,935] {logging_mixin.py:109} INFO - [2021-09-22 00:22:48,935] {dag.py:1834} INFO - Sync 1 DAGs
[2021-09-22 00:22:48,961] {logging_mixin.py:109} INFO - [2021-09-22 00:22:48,961] {dag.py:2287} INFO - Setting next_dagrun for example_bash_operator to 2021-09-19 00:00:00+00:00
[2021-09-22 00:22:48,976] {processor.py:170} INFO - Processing /Users/daniel/sensor-data-ELT/dbt-env/lib/python3.7/site-packages/airflow/example_dags/example_bash_operator.py took 0.095 seconds
[2021-09-22 00:23:25,169] {processor.py:162} INFO - Started process (PID=38669) to work on /Users/daniel/sensor-data-ELT/dbt-env/lib/python3.7/site-packages/airflow/example_dags/example_bash_operator.py
[2021-09-22 00:23:25,172] {processor.py:613} INFO - Processing file /Users/daniel/sensor-data-ELT/dbt-env/lib/python3.7/site-packages/airflow/example_dags/example_bash_operator.py for tasks to queue
[2021-09-22 00:23:25,173] {logging_mixin.py:109} INFO - [2021-09-22 00:23:25,173] {dagbag.py:496} INFO - Filling up the DagBag from /Users/daniel/sensor-data-ELT/dbt-env/lib/python3.7/site-packages/airflow/example_dags/example_bash_operator.py
[2021-09-22 00:23:25,194] {processor.py:623} INFO - DAG(s) dict_keys(['example_bash_operator']) retrieved from /Users/daniel/sensor-data-ELT/dbt-env/lib/python3.7/site-packages/airflow/example_dags/example_bash_operator.py
[2021-09-22 00:23:25,212] {logging_mixin.py:109} INFO - [2021-09-22 00:23:25,212] {dag.py:1834} INFO - Sync 1 DAGs
[2021-09-22 00:23:25,236] {logging_mixin.py:109} INFO - [2021-09-22 00:23:25,235] {dag.py:2287} INFO - Setting next_dagrun for example_bash_operator to 2021-09-19 00:00:00+00:00
[2021-09-22 00:23:25,248] {processor.py:170} INFO - Processing /Users/daniel/sensor-data-ELT/dbt-env/lib/python3.7/site-packages/airflow/example_dags/example_bash_operator.py took 0.084 seconds
[2021-09-22 00:24:00,249] {processor.py:162} INFO - Started process (PID=38748) to work on /Users/daniel/sensor-data-ELT/dbt-env/lib/python3.7/site-packages/airflow/example_dags/example_bash_operator.py
[2021-09-22 00:24:00,252] {processor.py:613} INFO - Processing file /Users/daniel/sensor-data-ELT/dbt-env/lib/python3.7/site-packages/airflow/example_dags/example_bash_operator.py for tasks to queue
[2021-09-22 00:24:00,255] {logging_mixin.py:109} INFO - [2021-09-22 00:24:00,254] {dagbag.py:496} INFO - Filling up the DagBag from /Users/daniel/sensor-data-ELT/dbt-env/lib/python3.7/site-packages/airflow/example_dags/example_bash_operator.py
[2021-09-22 00:24:00,316] {processor.py:623} INFO - DAG(s) dict_keys(['example_bash_operator']) retrieved from /Users/daniel/sensor-data-ELT/dbt-env/lib/python3.7/site-packages/airflow/example_dags/example_bash_operator.py
[2021-09-22 00:24:00,347] {logging_mixin.py:109} INFO - [2021-09-22 00:24:00,347] {dag.py:1834} INFO - Sync 1 DAGs
[2021-09-22 00:24:00,383] {logging_mixin.py:109} INFO - [2021-09-22 00:24:00,383] {dag.py:2287} INFO - Setting next_dagrun for example_bash_operator to 2021-09-19 00:00:00+00:00
[2021-09-22 00:24:00,403] {processor.py:170} INFO - Processing /Users/daniel/sensor-data-ELT/dbt-env/lib/python3.7/site-packages/airflow/example_dags/example_bash_operator.py took 0.159 seconds
[2021-09-22 00:33:45,479] {processor.py:162} INFO - Started process (PID=39092) to work on /Users/daniel/sensor-data-ELT/dbt-env/lib/python3.7/site-packages/airflow/example_dags/example_bash_operator.py
[2021-09-22 00:33:45,482] {processor.py:613} INFO - Processing file /Users/daniel/sensor-data-ELT/dbt-env/lib/python3.7/site-packages/airflow/example_dags/example_bash_operator.py for tasks to queue
[2021-09-22 00:33:45,483] {logging_mixin.py:109} INFO - [2021-09-22 00:33:45,483] {dagbag.py:496} INFO - Filling up the DagBag from /Users/daniel/sensor-data-ELT/dbt-env/lib/python3.7/site-packages/airflow/example_dags/example_bash_operator.py
[2021-09-22 00:33:45,503] {processor.py:623} INFO - DAG(s) dict_keys(['example_bash_operator']) retrieved from /Users/daniel/sensor-data-ELT/dbt-env/lib/python3.7/site-packages/airflow/example_dags/example_bash_operator.py
[2021-09-22 00:33:45,523] {logging_mixin.py:109} INFO - [2021-09-22 00:33:45,523] {dag.py:1834} INFO - Sync 1 DAGs
[2021-09-22 00:33:45,545] {logging_mixin.py:109} INFO - [2021-09-22 00:33:45,545] {dag.py:2287} INFO - Setting next_dagrun for example_bash_operator to 2021-09-19 00:00:00+00:00
[2021-09-22 00:33:45,557] {processor.py:170} INFO - Processing /Users/daniel/sensor-data-ELT/dbt-env/lib/python3.7/site-packages/airflow/example_dags/example_bash_operator.py took 0.083 seconds
[2021-09-22 00:34:19,887] {processor.py:162} INFO - Started process (PID=39152) to work on /Users/daniel/sensor-data-ELT/dbt-env/lib/python3.7/site-packages/airflow/example_dags/example_bash_operator.py
[2021-09-22 00:34:19,889] {processor.py:613} INFO - Processing file /Users/daniel/sensor-data-ELT/dbt-env/lib/python3.7/site-packages/airflow/example_dags/example_bash_operator.py for tasks to queue
[2021-09-22 00:34:19,890] {logging_mixin.py:109} INFO - [2021-09-22 00:34:19,890] {dagbag.py:496} INFO - Filling up the DagBag from /Users/daniel/sensor-data-ELT/dbt-env/lib/python3.7/site-packages/airflow/example_dags/example_bash_operator.py
[2021-09-22 00:34:19,911] {processor.py:623} INFO - DAG(s) dict_keys(['example_bash_operator']) retrieved from /Users/daniel/sensor-data-ELT/dbt-env/lib/python3.7/site-packages/airflow/example_dags/example_bash_operator.py
[2021-09-22 00:34:19,930] {logging_mixin.py:109} INFO - [2021-09-22 00:34:19,930] {dag.py:1834} INFO - Sync 1 DAGs
[2021-09-22 00:34:19,957] {logging_mixin.py:109} INFO - [2021-09-22 00:34:19,956] {dag.py:2287} INFO - Setting next_dagrun for example_bash_operator to 2021-09-19 00:00:00+00:00
[2021-09-22 00:34:19,974] {processor.py:170} INFO - Processing /Users/daniel/sensor-data-ELT/dbt-env/lib/python3.7/site-packages/airflow/example_dags/example_bash_operator.py took 0.092 seconds
[2021-09-22 00:34:55,552] {processor.py:162} INFO - Started process (PID=39230) to work on /Users/daniel/sensor-data-ELT/dbt-env/lib/python3.7/site-packages/airflow/example_dags/example_bash_operator.py
[2021-09-22 00:34:55,555] {processor.py:613} INFO - Processing file /Users/daniel/sensor-data-ELT/dbt-env/lib/python3.7/site-packages/airflow/example_dags/example_bash_operator.py for tasks to queue
[2021-09-22 00:34:55,556] {logging_mixin.py:109} INFO - [2021-09-22 00:34:55,555] {dagbag.py:496} INFO - Filling up the DagBag from /Users/daniel/sensor-data-ELT/dbt-env/lib/python3.7/site-packages/airflow/example_dags/example_bash_operator.py
[2021-09-22 00:34:55,578] {processor.py:623} INFO - DAG(s) dict_keys(['example_bash_operator']) retrieved from /Users/daniel/sensor-data-ELT/dbt-env/lib/python3.7/site-packages/airflow/example_dags/example_bash_operator.py
[2021-09-22 00:34:55,599] {logging_mixin.py:109} INFO - [2021-09-22 00:34:55,599] {dag.py:1834} INFO - Sync 1 DAGs
[2021-09-22 00:34:55,621] {logging_mixin.py:109} INFO - [2021-09-22 00:34:55,621] {dag.py:2287} INFO - Setting next_dagrun for example_bash_operator to 2021-09-19 00:00:00+00:00
[2021-09-22 00:34:55,633] {processor.py:170} INFO - Processing /Users/daniel/sensor-data-ELT/dbt-env/lib/python3.7/site-packages/airflow/example_dags/example_bash_operator.py took 0.086 seconds
[2021-09-22 00:35:29,718] {processor.py:162} INFO - Started process (PID=39262) to work on /Users/daniel/sensor-data-ELT/dbt-env/lib/python3.7/site-packages/airflow/example_dags/example_bash_operator.py
[2021-09-22 00:35:29,721] {processor.py:613} INFO - Processing file /Users/daniel/sensor-data-ELT/dbt-env/lib/python3.7/site-packages/airflow/example_dags/example_bash_operator.py for tasks to queue
[2021-09-22 00:35:29,722] {logging_mixin.py:109} INFO - [2021-09-22 00:35:29,722] {dagbag.py:496} INFO - Filling up the DagBag from /Users/daniel/sensor-data-ELT/dbt-env/lib/python3.7/site-packages/airflow/example_dags/example_bash_operator.py
[2021-09-22 00:35:29,744] {processor.py:623} INFO - DAG(s) dict_keys(['example_bash_operator']) retrieved from /Users/daniel/sensor-data-ELT/dbt-env/lib/python3.7/site-packages/airflow/example_dags/example_bash_operator.py
[2021-09-22 00:35:29,771] {logging_mixin.py:109} INFO - [2021-09-22 00:35:29,770] {dag.py:1834} INFO - Sync 1 DAGs
[2021-09-22 00:35:29,792] {logging_mixin.py:109} INFO - [2021-09-22 00:35:29,792] {dag.py:2287} INFO - Setting next_dagrun for example_bash_operator to 2021-09-19 00:00:00+00:00
[2021-09-22 00:35:29,807] {processor.py:170} INFO - Processing /Users/daniel/sensor-data-ELT/dbt-env/lib/python3.7/site-packages/airflow/example_dags/example_bash_operator.py took 0.094 seconds
[2021-09-22 00:36:02,342] {processor.py:162} INFO - Started process (PID=39294) to work on /Users/daniel/sensor-data-ELT/dbt-env/lib/python3.7/site-packages/airflow/example_dags/example_bash_operator.py
[2021-09-22 00:36:02,344] {processor.py:613} INFO - Processing file /Users/daniel/sensor-data-ELT/dbt-env/lib/python3.7/site-packages/airflow/example_dags/example_bash_operator.py for tasks to queue
[2021-09-22 00:36:02,345] {logging_mixin.py:109} INFO - [2021-09-22 00:36:02,345] {dagbag.py:496} INFO - Filling up the DagBag from /Users/daniel/sensor-data-ELT/dbt-env/lib/python3.7/site-packages/airflow/example_dags/example_bash_operator.py
[2021-09-22 00:36:02,364] {processor.py:623} INFO - DAG(s) dict_keys(['example_bash_operator']) retrieved from /Users/daniel/sensor-data-ELT/dbt-env/lib/python3.7/site-packages/airflow/example_dags/example_bash_operator.py
[2021-09-22 00:36:02,383] {logging_mixin.py:109} INFO - [2021-09-22 00:36:02,382] {dag.py:1834} INFO - Sync 1 DAGs
[2021-09-22 00:36:02,403] {logging_mixin.py:109} INFO - [2021-09-22 00:36:02,403] {dag.py:2287} INFO - Setting next_dagrun for example_bash_operator to 2021-09-19 00:00:00+00:00
[2021-09-22 00:36:02,415] {processor.py:170} INFO - Processing /Users/daniel/sensor-data-ELT/dbt-env/lib/python3.7/site-packages/airflow/example_dags/example_bash_operator.py took 0.079 seconds
[2021-09-22 00:36:36,000] {processor.py:162} INFO - Started process (PID=39344) to work on /Users/daniel/sensor-data-ELT/dbt-env/lib/python3.7/site-packages/airflow/example_dags/example_bash_operator.py
[2021-09-22 00:36:36,003] {processor.py:613} INFO - Processing file /Users/daniel/sensor-data-ELT/dbt-env/lib/python3.7/site-packages/airflow/example_dags/example_bash_operator.py for tasks to queue
[2021-09-22 00:36:36,004] {logging_mixin.py:109} INFO - [2021-09-22 00:36:36,004] {dagbag.py:496} INFO - Filling up the DagBag from /Users/daniel/sensor-data-ELT/dbt-env/lib/python3.7/site-packages/airflow/example_dags/example_bash_operator.py
[2021-09-22 00:36:36,034] {processor.py:623} INFO - DAG(s) dict_keys(['example_bash_operator']) retrieved from /Users/daniel/sensor-data-ELT/dbt-env/lib/python3.7/site-packages/airflow/example_dags/example_bash_operator.py
[2021-09-22 00:36:36,058] {logging_mixin.py:109} INFO - [2021-09-22 00:36:36,058] {dag.py:1834} INFO - Sync 1 DAGs
[2021-09-22 00:36:36,081] {logging_mixin.py:109} INFO - [2021-09-22 00:36:36,081] {dag.py:2287} INFO - Setting next_dagrun for example_bash_operator to 2021-09-19 00:00:00+00:00
[2021-09-22 00:36:36,095] {processor.py:170} INFO - Processing /Users/daniel/sensor-data-ELT/dbt-env/lib/python3.7/site-packages/airflow/example_dags/example_bash_operator.py took 0.100 seconds
[2021-09-22 00:37:11,471] {processor.py:162} INFO - Started process (PID=39426) to work on /Users/daniel/sensor-data-ELT/dbt-env/lib/python3.7/site-packages/airflow/example_dags/example_bash_operator.py
[2021-09-22 00:37:11,474] {processor.py:613} INFO - Processing file /Users/daniel/sensor-data-ELT/dbt-env/lib/python3.7/site-packages/airflow/example_dags/example_bash_operator.py for tasks to queue
[2021-09-22 00:37:11,476] {logging_mixin.py:109} INFO - [2021-09-22 00:37:11,476] {dagbag.py:496} INFO - Filling up the DagBag from /Users/daniel/sensor-data-ELT/dbt-env/lib/python3.7/site-packages/airflow/example_dags/example_bash_operator.py
[2021-09-22 00:37:11,503] {processor.py:623} INFO - DAG(s) dict_keys(['example_bash_operator']) retrieved from /Users/daniel/sensor-data-ELT/dbt-env/lib/python3.7/site-packages/airflow/example_dags/example_bash_operator.py
[2021-09-22 00:37:11,525] {logging_mixin.py:109} INFO - [2021-09-22 00:37:11,524] {dag.py:1834} INFO - Sync 1 DAGs
[2021-09-22 00:37:11,546] {logging_mixin.py:109} INFO - [2021-09-22 00:37:11,546] {dag.py:2287} INFO - Setting next_dagrun for example_bash_operator to 2021-09-19 00:00:00+00:00
[2021-09-22 00:37:11,562] {processor.py:170} INFO - Processing /Users/daniel/sensor-data-ELT/dbt-env/lib/python3.7/site-packages/airflow/example_dags/example_bash_operator.py took 0.097 seconds
[2021-09-22 00:37:45,457] {processor.py:162} INFO - Started process (PID=39480) to work on /Users/daniel/sensor-data-ELT/dbt-env/lib/python3.7/site-packages/airflow/example_dags/example_bash_operator.py
[2021-09-22 00:37:45,458] {processor.py:613} INFO - Processing file /Users/daniel/sensor-data-ELT/dbt-env/lib/python3.7/site-packages/airflow/example_dags/example_bash_operator.py for tasks to queue
[2021-09-22 00:37:45,459] {logging_mixin.py:109} INFO - [2021-09-22 00:37:45,459] {dagbag.py:496} INFO - Filling up the DagBag from /Users/daniel/sensor-data-ELT/dbt-env/lib/python3.7/site-packages/airflow/example_dags/example_bash_operator.py
[2021-09-22 00:37:45,479] {processor.py:623} INFO - DAG(s) dict_keys(['example_bash_operator']) retrieved from /Users/daniel/sensor-data-ELT/dbt-env/lib/python3.7/site-packages/airflow/example_dags/example_bash_operator.py
[2021-09-22 00:37:45,496] {logging_mixin.py:109} INFO - [2021-09-22 00:37:45,495] {dag.py:1834} INFO - Sync 1 DAGs
[2021-09-22 00:37:45,514] {logging_mixin.py:109} INFO - [2021-09-22 00:37:45,514] {dag.py:2287} INFO - Setting next_dagrun for example_bash_operator to 2021-09-19 00:00:00+00:00
[2021-09-22 00:37:45,527] {processor.py:170} INFO - Processing /Users/daniel/sensor-data-ELT/dbt-env/lib/python3.7/site-packages/airflow/example_dags/example_bash_operator.py took 0.075 seconds
[2021-09-22 00:38:22,129] {processor.py:162} INFO - Started process (PID=39566) to work on /Users/daniel/sensor-data-ELT/dbt-env/lib/python3.7/site-packages/airflow/example_dags/example_bash_operator.py
[2021-09-22 00:38:22,131] {processor.py:613} INFO - Processing file /Users/daniel/sensor-data-ELT/dbt-env/lib/python3.7/site-packages/airflow/example_dags/example_bash_operator.py for tasks to queue
[2021-09-22 00:38:22,133] {logging_mixin.py:109} INFO - [2021-09-22 00:38:22,132] {dagbag.py:496} INFO - Filling up the DagBag from /Users/daniel/sensor-data-ELT/dbt-env/lib/python3.7/site-packages/airflow/example_dags/example_bash_operator.py
[2021-09-22 00:38:22,155] {processor.py:623} INFO - DAG(s) dict_keys(['example_bash_operator']) retrieved from /Users/daniel/sensor-data-ELT/dbt-env/lib/python3.7/site-packages/airflow/example_dags/example_bash_operator.py
[2021-09-22 00:38:22,174] {logging_mixin.py:109} INFO - [2021-09-22 00:38:22,174] {dag.py:1834} INFO - Sync 1 DAGs
[2021-09-22 00:38:22,196] {logging_mixin.py:109} INFO - [2021-09-22 00:38:22,196] {dag.py:2287} INFO - Setting next_dagrun for example_bash_operator to 2021-09-19 00:00:00+00:00
[2021-09-22 00:38:22,211] {processor.py:170} INFO - Processing /Users/daniel/sensor-data-ELT/dbt-env/lib/python3.7/site-packages/airflow/example_dags/example_bash_operator.py took 0.086 seconds
[2021-09-22 01:18:12,104] {processor.py:162} INFO - Started process (PID=40954) to work on /Users/daniel/sensor-data-ELT/dbt-env/lib/python3.7/site-packages/airflow/example_dags/example_bash_operator.py
[2021-09-22 01:18:12,106] {processor.py:613} INFO - Processing file /Users/daniel/sensor-data-ELT/dbt-env/lib/python3.7/site-packages/airflow/example_dags/example_bash_operator.py for tasks to queue
[2021-09-22 01:18:12,107] {logging_mixin.py:109} INFO - [2021-09-22 01:18:12,107] {dagbag.py:496} INFO - Filling up the DagBag from /Users/daniel/sensor-data-ELT/dbt-env/lib/python3.7/site-packages/airflow/example_dags/example_bash_operator.py
[2021-09-22 01:18:12,123] {processor.py:623} INFO - DAG(s) dict_keys(['example_bash_operator']) retrieved from /Users/daniel/sensor-data-ELT/dbt-env/lib/python3.7/site-packages/airflow/example_dags/example_bash_operator.py
[2021-09-22 01:18:12,140] {logging_mixin.py:109} INFO - [2021-09-22 01:18:12,140] {dag.py:1834} INFO - Sync 1 DAGs
[2021-09-22 01:18:12,163] {logging_mixin.py:109} INFO - [2021-09-22 01:18:12,162] {dag.py:2287} INFO - Setting next_dagrun for example_bash_operator to 2021-09-19 00:00:00+00:00
[2021-09-22 01:18:12,262] {processor.py:170} INFO - Processing /Users/daniel/sensor-data-ELT/dbt-env/lib/python3.7/site-packages/airflow/example_dags/example_bash_operator.py took 0.163 seconds
[2021-09-22 01:18:51,669] {processor.py:162} INFO - Started process (PID=41066) to work on /Users/daniel/sensor-data-ELT/dbt-env/lib/python3.7/site-packages/airflow/example_dags/example_bash_operator.py
[2021-09-22 01:18:51,672] {processor.py:613} INFO - Processing file /Users/daniel/sensor-data-ELT/dbt-env/lib/python3.7/site-packages/airflow/example_dags/example_bash_operator.py for tasks to queue
[2021-09-22 01:18:51,674] {logging_mixin.py:109} INFO - [2021-09-22 01:18:51,674] {dagbag.py:496} INFO - Filling up the DagBag from /Users/daniel/sensor-data-ELT/dbt-env/lib/python3.7/site-packages/airflow/example_dags/example_bash_operator.py
[2021-09-22 01:18:51,704] {processor.py:623} INFO - DAG(s) dict_keys(['example_bash_operator']) retrieved from /Users/daniel/sensor-data-ELT/dbt-env/lib/python3.7/site-packages/airflow/example_dags/example_bash_operator.py
[2021-09-22 01:18:51,734] {logging_mixin.py:109} INFO - [2021-09-22 01:18:51,734] {dag.py:1834} INFO - Sync 1 DAGs
[2021-09-22 01:18:51,948] {logging_mixin.py:109} INFO - [2021-09-22 01:18:51,947] {dag.py:2287} INFO - Setting next_dagrun for example_bash_operator to 2021-09-19 00:00:00+00:00
[2021-09-22 01:18:51,989] {processor.py:170} INFO - Processing /Users/daniel/sensor-data-ELT/dbt-env/lib/python3.7/site-packages/airflow/example_dags/example_bash_operator.py took 0.326 seconds
