[2021-09-22 00:18:38,437] {processor.py:162} INFO - Started process (PID=37049) to work on /Users/daniel/sensor-data-ELT/dbt-env/lib/python3.7/site-packages/airflow/example_dags/example_trigger_target_dag.py
[2021-09-22 00:18:38,438] {processor.py:613} INFO - Processing file /Users/daniel/sensor-data-ELT/dbt-env/lib/python3.7/site-packages/airflow/example_dags/example_trigger_target_dag.py for tasks to queue
[2021-09-22 00:18:38,439] {logging_mixin.py:109} INFO - [2021-09-22 00:18:38,439] {dagbag.py:496} INFO - Filling up the DagBag from /Users/daniel/sensor-data-ELT/dbt-env/lib/python3.7/site-packages/airflow/example_dags/example_trigger_target_dag.py
[2021-09-22 00:18:38,459] {processor.py:623} INFO - DAG(s) dict_keys(['example_trigger_target_dag']) retrieved from /Users/daniel/sensor-data-ELT/dbt-env/lib/python3.7/site-packages/airflow/example_dags/example_trigger_target_dag.py
[2021-09-22 00:18:38,480] {logging_mixin.py:109} INFO - [2021-09-22 00:18:38,480] {dag.py:1834} INFO - Sync 1 DAGs
[2021-09-22 00:18:38,494] {logging_mixin.py:109} INFO - [2021-09-22 00:18:38,493] {dag.py:2287} INFO - Setting next_dagrun for example_trigger_target_dag to None
[2021-09-22 00:18:38,508] {processor.py:170} INFO - Processing /Users/daniel/sensor-data-ELT/dbt-env/lib/python3.7/site-packages/airflow/example_dags/example_trigger_target_dag.py took 0.076 seconds
[2021-09-22 00:19:13,501] {processor.py:162} INFO - Started process (PID=37141) to work on /Users/daniel/sensor-data-ELT/dbt-env/lib/python3.7/site-packages/airflow/example_dags/example_trigger_target_dag.py
[2021-09-22 00:19:13,503] {processor.py:613} INFO - Processing file /Users/daniel/sensor-data-ELT/dbt-env/lib/python3.7/site-packages/airflow/example_dags/example_trigger_target_dag.py for tasks to queue
[2021-09-22 00:19:13,504] {logging_mixin.py:109} INFO - [2021-09-22 00:19:13,504] {dagbag.py:496} INFO - Filling up the DagBag from /Users/daniel/sensor-data-ELT/dbt-env/lib/python3.7/site-packages/airflow/example_dags/example_trigger_target_dag.py
[2021-09-22 00:19:13,520] {processor.py:623} INFO - DAG(s) dict_keys(['example_trigger_target_dag']) retrieved from /Users/daniel/sensor-data-ELT/dbt-env/lib/python3.7/site-packages/airflow/example_dags/example_trigger_target_dag.py
[2021-09-22 00:19:13,536] {logging_mixin.py:109} INFO - [2021-09-22 00:19:13,536] {dag.py:1834} INFO - Sync 1 DAGs
[2021-09-22 00:19:13,548] {logging_mixin.py:109} INFO - [2021-09-22 00:19:13,547] {dag.py:2287} INFO - Setting next_dagrun for example_trigger_target_dag to None
[2021-09-22 00:19:13,559] {processor.py:170} INFO - Processing /Users/daniel/sensor-data-ELT/dbt-env/lib/python3.7/site-packages/airflow/example_dags/example_trigger_target_dag.py took 0.063 seconds
[2021-09-22 00:19:49,016] {processor.py:162} INFO - Started process (PID=37493) to work on /Users/daniel/sensor-data-ELT/dbt-env/lib/python3.7/site-packages/airflow/example_dags/example_trigger_target_dag.py
[2021-09-22 00:19:49,025] {processor.py:613} INFO - Processing file /Users/daniel/sensor-data-ELT/dbt-env/lib/python3.7/site-packages/airflow/example_dags/example_trigger_target_dag.py for tasks to queue
[2021-09-22 00:19:49,027] {logging_mixin.py:109} INFO - [2021-09-22 00:19:49,027] {dagbag.py:496} INFO - Filling up the DagBag from /Users/daniel/sensor-data-ELT/dbt-env/lib/python3.7/site-packages/airflow/example_dags/example_trigger_target_dag.py
[2021-09-22 00:19:49,078] {processor.py:623} INFO - DAG(s) dict_keys(['example_trigger_target_dag']) retrieved from /Users/daniel/sensor-data-ELT/dbt-env/lib/python3.7/site-packages/airflow/example_dags/example_trigger_target_dag.py
[2021-09-22 00:19:49,138] {logging_mixin.py:109} INFO - [2021-09-22 00:19:49,138] {dag.py:1834} INFO - Sync 1 DAGs
[2021-09-22 00:19:49,159] {logging_mixin.py:109} INFO - [2021-09-22 00:19:49,158] {dag.py:2287} INFO - Setting next_dagrun for example_trigger_target_dag to None
[2021-09-22 00:19:49,189] {processor.py:170} INFO - Processing /Users/daniel/sensor-data-ELT/dbt-env/lib/python3.7/site-packages/airflow/example_dags/example_trigger_target_dag.py took 0.180 seconds
[2021-09-22 00:20:26,182] {processor.py:162} INFO - Started process (PID=37603) to work on /Users/daniel/sensor-data-ELT/dbt-env/lib/python3.7/site-packages/airflow/example_dags/example_trigger_target_dag.py
[2021-09-22 00:20:26,187] {processor.py:613} INFO - Processing file /Users/daniel/sensor-data-ELT/dbt-env/lib/python3.7/site-packages/airflow/example_dags/example_trigger_target_dag.py for tasks to queue
[2021-09-22 00:20:26,189] {logging_mixin.py:109} INFO - [2021-09-22 00:20:26,188] {dagbag.py:496} INFO - Filling up the DagBag from /Users/daniel/sensor-data-ELT/dbt-env/lib/python3.7/site-packages/airflow/example_dags/example_trigger_target_dag.py
[2021-09-22 00:20:26,228] {processor.py:623} INFO - DAG(s) dict_keys(['example_trigger_target_dag']) retrieved from /Users/daniel/sensor-data-ELT/dbt-env/lib/python3.7/site-packages/airflow/example_dags/example_trigger_target_dag.py
[2021-09-22 00:20:26,255] {logging_mixin.py:109} INFO - [2021-09-22 00:20:26,254] {dag.py:1834} INFO - Sync 1 DAGs
[2021-09-22 00:20:26,284] {logging_mixin.py:109} INFO - [2021-09-22 00:20:26,283] {dag.py:2287} INFO - Setting next_dagrun for example_trigger_target_dag to None
[2021-09-22 00:20:26,309] {processor.py:170} INFO - Processing /Users/daniel/sensor-data-ELT/dbt-env/lib/python3.7/site-packages/airflow/example_dags/example_trigger_target_dag.py took 0.139 seconds
[2021-09-22 00:21:58,850] {processor.py:162} INFO - Started process (PID=38525) to work on /Users/daniel/sensor-data-ELT/dbt-env/lib/python3.7/site-packages/airflow/example_dags/example_trigger_target_dag.py
[2021-09-22 00:21:58,852] {processor.py:613} INFO - Processing file /Users/daniel/sensor-data-ELT/dbt-env/lib/python3.7/site-packages/airflow/example_dags/example_trigger_target_dag.py for tasks to queue
[2021-09-22 00:21:58,853] {logging_mixin.py:109} INFO - [2021-09-22 00:21:58,853] {dagbag.py:496} INFO - Filling up the DagBag from /Users/daniel/sensor-data-ELT/dbt-env/lib/python3.7/site-packages/airflow/example_dags/example_trigger_target_dag.py
[2021-09-22 00:21:58,868] {processor.py:623} INFO - DAG(s) dict_keys(['example_trigger_target_dag']) retrieved from /Users/daniel/sensor-data-ELT/dbt-env/lib/python3.7/site-packages/airflow/example_dags/example_trigger_target_dag.py
[2021-09-22 00:21:58,884] {logging_mixin.py:109} INFO - [2021-09-22 00:21:58,884] {dag.py:1834} INFO - Sync 1 DAGs
[2021-09-22 00:21:58,895] {logging_mixin.py:109} INFO - [2021-09-22 00:21:58,895] {dag.py:2287} INFO - Setting next_dagrun for example_trigger_target_dag to None
[2021-09-22 00:21:58,907] {processor.py:170} INFO - Processing /Users/daniel/sensor-data-ELT/dbt-env/lib/python3.7/site-packages/airflow/example_dags/example_trigger_target_dag.py took 0.061 seconds
[2021-09-22 00:22:37,690] {processor.py:162} INFO - Started process (PID=38604) to work on /Users/daniel/sensor-data-ELT/dbt-env/lib/python3.7/site-packages/airflow/example_dags/example_trigger_target_dag.py
[2021-09-22 00:22:37,692] {processor.py:613} INFO - Processing file /Users/daniel/sensor-data-ELT/dbt-env/lib/python3.7/site-packages/airflow/example_dags/example_trigger_target_dag.py for tasks to queue
[2021-09-22 00:22:37,693] {logging_mixin.py:109} INFO - [2021-09-22 00:22:37,693] {dagbag.py:496} INFO - Filling up the DagBag from /Users/daniel/sensor-data-ELT/dbt-env/lib/python3.7/site-packages/airflow/example_dags/example_trigger_target_dag.py
[2021-09-22 00:22:37,715] {processor.py:623} INFO - DAG(s) dict_keys(['example_trigger_target_dag']) retrieved from /Users/daniel/sensor-data-ELT/dbt-env/lib/python3.7/site-packages/airflow/example_dags/example_trigger_target_dag.py
[2021-09-22 00:22:37,735] {logging_mixin.py:109} INFO - [2021-09-22 00:22:37,735] {dag.py:1834} INFO - Sync 1 DAGs
[2021-09-22 00:22:37,750] {logging_mixin.py:109} INFO - [2021-09-22 00:22:37,750] {dag.py:2287} INFO - Setting next_dagrun for example_trigger_target_dag to None
[2021-09-22 00:22:37,765] {processor.py:170} INFO - Processing /Users/daniel/sensor-data-ELT/dbt-env/lib/python3.7/site-packages/airflow/example_dags/example_trigger_target_dag.py took 0.080 seconds
[2021-09-22 00:23:13,586] {processor.py:162} INFO - Started process (PID=38647) to work on /Users/daniel/sensor-data-ELT/dbt-env/lib/python3.7/site-packages/airflow/example_dags/example_trigger_target_dag.py
[2021-09-22 00:23:13,588] {processor.py:613} INFO - Processing file /Users/daniel/sensor-data-ELT/dbt-env/lib/python3.7/site-packages/airflow/example_dags/example_trigger_target_dag.py for tasks to queue
[2021-09-22 00:23:13,590] {logging_mixin.py:109} INFO - [2021-09-22 00:23:13,589] {dagbag.py:496} INFO - Filling up the DagBag from /Users/daniel/sensor-data-ELT/dbt-env/lib/python3.7/site-packages/airflow/example_dags/example_trigger_target_dag.py
[2021-09-22 00:23:13,609] {processor.py:623} INFO - DAG(s) dict_keys(['example_trigger_target_dag']) retrieved from /Users/daniel/sensor-data-ELT/dbt-env/lib/python3.7/site-packages/airflow/example_dags/example_trigger_target_dag.py
[2021-09-22 00:23:13,627] {logging_mixin.py:109} INFO - [2021-09-22 00:23:13,627] {dag.py:1834} INFO - Sync 1 DAGs
[2021-09-22 00:23:13,640] {logging_mixin.py:109} INFO - [2021-09-22 00:23:13,640] {dag.py:2287} INFO - Setting next_dagrun for example_trigger_target_dag to None
[2021-09-22 00:23:13,654] {processor.py:170} INFO - Processing /Users/daniel/sensor-data-ELT/dbt-env/lib/python3.7/site-packages/airflow/example_dags/example_trigger_target_dag.py took 0.072 seconds
[2021-09-22 00:23:48,633] {processor.py:162} INFO - Started process (PID=38716) to work on /Users/daniel/sensor-data-ELT/dbt-env/lib/python3.7/site-packages/airflow/example_dags/example_trigger_target_dag.py
[2021-09-22 00:23:48,636] {processor.py:613} INFO - Processing file /Users/daniel/sensor-data-ELT/dbt-env/lib/python3.7/site-packages/airflow/example_dags/example_trigger_target_dag.py for tasks to queue
[2021-09-22 00:23:48,638] {logging_mixin.py:109} INFO - [2021-09-22 00:23:48,638] {dagbag.py:496} INFO - Filling up the DagBag from /Users/daniel/sensor-data-ELT/dbt-env/lib/python3.7/site-packages/airflow/example_dags/example_trigger_target_dag.py
[2021-09-22 00:23:48,666] {processor.py:623} INFO - DAG(s) dict_keys(['example_trigger_target_dag']) retrieved from /Users/daniel/sensor-data-ELT/dbt-env/lib/python3.7/site-packages/airflow/example_dags/example_trigger_target_dag.py
[2021-09-22 00:23:48,706] {logging_mixin.py:109} INFO - [2021-09-22 00:23:48,696] {dag.py:1834} INFO - Sync 1 DAGs
[2021-09-22 00:23:48,726] {logging_mixin.py:109} INFO - [2021-09-22 00:23:48,726] {dag.py:2287} INFO - Setting next_dagrun for example_trigger_target_dag to None
[2021-09-22 00:23:48,748] {processor.py:170} INFO - Processing /Users/daniel/sensor-data-ELT/dbt-env/lib/python3.7/site-packages/airflow/example_dags/example_trigger_target_dag.py took 0.122 seconds
[2021-09-22 00:24:24,510] {processor.py:162} INFO - Started process (PID=38810) to work on /Users/daniel/sensor-data-ELT/dbt-env/lib/python3.7/site-packages/airflow/example_dags/example_trigger_target_dag.py
[2021-09-22 00:24:24,514] {processor.py:613} INFO - Processing file /Users/daniel/sensor-data-ELT/dbt-env/lib/python3.7/site-packages/airflow/example_dags/example_trigger_target_dag.py for tasks to queue
[2021-09-22 00:24:24,517] {logging_mixin.py:109} INFO - [2021-09-22 00:24:24,516] {dagbag.py:496} INFO - Filling up the DagBag from /Users/daniel/sensor-data-ELT/dbt-env/lib/python3.7/site-packages/airflow/example_dags/example_trigger_target_dag.py
[2021-09-22 00:24:24,540] {processor.py:623} INFO - DAG(s) dict_keys(['example_trigger_target_dag']) retrieved from /Users/daniel/sensor-data-ELT/dbt-env/lib/python3.7/site-packages/airflow/example_dags/example_trigger_target_dag.py
[2021-09-22 00:24:24,559] {logging_mixin.py:109} INFO - [2021-09-22 00:24:24,559] {dag.py:1834} INFO - Sync 1 DAGs
[2021-09-22 00:24:24,577] {logging_mixin.py:109} INFO - [2021-09-22 00:24:24,576] {dag.py:2287} INFO - Setting next_dagrun for example_trigger_target_dag to None
[2021-09-22 00:24:24,591] {processor.py:170} INFO - Processing /Users/daniel/sensor-data-ELT/dbt-env/lib/python3.7/site-packages/airflow/example_dags/example_trigger_target_dag.py took 0.093 seconds
[2021-09-22 00:34:09,367] {processor.py:162} INFO - Started process (PID=39128) to work on /Users/daniel/sensor-data-ELT/dbt-env/lib/python3.7/site-packages/airflow/example_dags/example_trigger_target_dag.py
[2021-09-22 00:34:09,369] {processor.py:613} INFO - Processing file /Users/daniel/sensor-data-ELT/dbt-env/lib/python3.7/site-packages/airflow/example_dags/example_trigger_target_dag.py for tasks to queue
[2021-09-22 00:34:09,371] {logging_mixin.py:109} INFO - [2021-09-22 00:34:09,370] {dagbag.py:496} INFO - Filling up the DagBag from /Users/daniel/sensor-data-ELT/dbt-env/lib/python3.7/site-packages/airflow/example_dags/example_trigger_target_dag.py
[2021-09-22 00:34:09,389] {processor.py:623} INFO - DAG(s) dict_keys(['example_trigger_target_dag']) retrieved from /Users/daniel/sensor-data-ELT/dbt-env/lib/python3.7/site-packages/airflow/example_dags/example_trigger_target_dag.py
[2021-09-22 00:34:09,408] {logging_mixin.py:109} INFO - [2021-09-22 00:34:09,408] {dag.py:1834} INFO - Sync 1 DAGs
[2021-09-22 00:34:09,420] {logging_mixin.py:109} INFO - [2021-09-22 00:34:09,420] {dag.py:2287} INFO - Setting next_dagrun for example_trigger_target_dag to None
[2021-09-22 00:34:09,432] {processor.py:170} INFO - Processing /Users/daniel/sensor-data-ELT/dbt-env/lib/python3.7/site-packages/airflow/example_dags/example_trigger_target_dag.py took 0.070 seconds
[2021-09-22 00:34:44,210] {processor.py:162} INFO - Started process (PID=39220) to work on /Users/daniel/sensor-data-ELT/dbt-env/lib/python3.7/site-packages/airflow/example_dags/example_trigger_target_dag.py
[2021-09-22 00:34:44,214] {processor.py:613} INFO - Processing file /Users/daniel/sensor-data-ELT/dbt-env/lib/python3.7/site-packages/airflow/example_dags/example_trigger_target_dag.py for tasks to queue
[2021-09-22 00:34:44,215] {logging_mixin.py:109} INFO - [2021-09-22 00:34:44,215] {dagbag.py:496} INFO - Filling up the DagBag from /Users/daniel/sensor-data-ELT/dbt-env/lib/python3.7/site-packages/airflow/example_dags/example_trigger_target_dag.py
[2021-09-22 00:34:44,240] {processor.py:623} INFO - DAG(s) dict_keys(['example_trigger_target_dag']) retrieved from /Users/daniel/sensor-data-ELT/dbt-env/lib/python3.7/site-packages/airflow/example_dags/example_trigger_target_dag.py
[2021-09-22 00:34:44,264] {logging_mixin.py:109} INFO - [2021-09-22 00:34:44,264] {dag.py:1834} INFO - Sync 1 DAGs
[2021-09-22 00:34:44,292] {logging_mixin.py:109} INFO - [2021-09-22 00:34:44,292] {dag.py:2287} INFO - Setting next_dagrun for example_trigger_target_dag to None
[2021-09-22 00:34:44,310] {processor.py:170} INFO - Processing /Users/daniel/sensor-data-ELT/dbt-env/lib/python3.7/site-packages/airflow/example_dags/example_trigger_target_dag.py took 0.106 seconds
[2021-09-22 00:35:18,208] {processor.py:162} INFO - Started process (PID=39252) to work on /Users/daniel/sensor-data-ELT/dbt-env/lib/python3.7/site-packages/airflow/example_dags/example_trigger_target_dag.py
[2021-09-22 00:35:18,210] {processor.py:613} INFO - Processing file /Users/daniel/sensor-data-ELT/dbt-env/lib/python3.7/site-packages/airflow/example_dags/example_trigger_target_dag.py for tasks to queue
[2021-09-22 00:35:18,211] {logging_mixin.py:109} INFO - [2021-09-22 00:35:18,211] {dagbag.py:496} INFO - Filling up the DagBag from /Users/daniel/sensor-data-ELT/dbt-env/lib/python3.7/site-packages/airflow/example_dags/example_trigger_target_dag.py
[2021-09-22 00:35:18,229] {processor.py:623} INFO - DAG(s) dict_keys(['example_trigger_target_dag']) retrieved from /Users/daniel/sensor-data-ELT/dbt-env/lib/python3.7/site-packages/airflow/example_dags/example_trigger_target_dag.py
[2021-09-22 00:35:18,246] {logging_mixin.py:109} INFO - [2021-09-22 00:35:18,246] {dag.py:1834} INFO - Sync 1 DAGs
[2021-09-22 00:35:18,259] {logging_mixin.py:109} INFO - [2021-09-22 00:35:18,259] {dag.py:2287} INFO - Setting next_dagrun for example_trigger_target_dag to None
[2021-09-22 00:35:18,270] {processor.py:170} INFO - Processing /Users/daniel/sensor-data-ELT/dbt-env/lib/python3.7/site-packages/airflow/example_dags/example_trigger_target_dag.py took 0.067 seconds
[2021-09-22 00:35:52,969] {processor.py:162} INFO - Started process (PID=39284) to work on /Users/daniel/sensor-data-ELT/dbt-env/lib/python3.7/site-packages/airflow/example_dags/example_trigger_target_dag.py
[2021-09-22 00:35:52,972] {processor.py:613} INFO - Processing file /Users/daniel/sensor-data-ELT/dbt-env/lib/python3.7/site-packages/airflow/example_dags/example_trigger_target_dag.py for tasks to queue
[2021-09-22 00:35:52,974] {logging_mixin.py:109} INFO - [2021-09-22 00:35:52,973] {dagbag.py:496} INFO - Filling up the DagBag from /Users/daniel/sensor-data-ELT/dbt-env/lib/python3.7/site-packages/airflow/example_dags/example_trigger_target_dag.py
[2021-09-22 00:35:52,995] {processor.py:623} INFO - DAG(s) dict_keys(['example_trigger_target_dag']) retrieved from /Users/daniel/sensor-data-ELT/dbt-env/lib/python3.7/site-packages/airflow/example_dags/example_trigger_target_dag.py
[2021-09-22 00:35:53,013] {logging_mixin.py:109} INFO - [2021-09-22 00:35:53,013] {dag.py:1834} INFO - Sync 1 DAGs
[2021-09-22 00:35:53,026] {logging_mixin.py:109} INFO - [2021-09-22 00:35:53,025] {dag.py:2287} INFO - Setting next_dagrun for example_trigger_target_dag to None
[2021-09-22 00:35:53,038] {processor.py:170} INFO - Processing /Users/daniel/sensor-data-ELT/dbt-env/lib/python3.7/site-packages/airflow/example_dags/example_trigger_target_dag.py took 0.076 seconds
[2021-09-22 00:36:25,378] {processor.py:162} INFO - Started process (PID=39322) to work on /Users/daniel/sensor-data-ELT/dbt-env/lib/python3.7/site-packages/airflow/example_dags/example_trigger_target_dag.py
[2021-09-22 00:36:25,381] {processor.py:613} INFO - Processing file /Users/daniel/sensor-data-ELT/dbt-env/lib/python3.7/site-packages/airflow/example_dags/example_trigger_target_dag.py for tasks to queue
[2021-09-22 00:36:25,383] {logging_mixin.py:109} INFO - [2021-09-22 00:36:25,383] {dagbag.py:496} INFO - Filling up the DagBag from /Users/daniel/sensor-data-ELT/dbt-env/lib/python3.7/site-packages/airflow/example_dags/example_trigger_target_dag.py
[2021-09-22 00:36:25,409] {processor.py:623} INFO - DAG(s) dict_keys(['example_trigger_target_dag']) retrieved from /Users/daniel/sensor-data-ELT/dbt-env/lib/python3.7/site-packages/airflow/example_dags/example_trigger_target_dag.py
[2021-09-22 00:36:25,430] {logging_mixin.py:109} INFO - [2021-09-22 00:36:25,430] {dag.py:1834} INFO - Sync 1 DAGs
[2021-09-22 00:36:25,447] {logging_mixin.py:109} INFO - [2021-09-22 00:36:25,447] {dag.py:2287} INFO - Setting next_dagrun for example_trigger_target_dag to None
[2021-09-22 00:36:25,460] {processor.py:170} INFO - Processing /Users/daniel/sensor-data-ELT/dbt-env/lib/python3.7/site-packages/airflow/example_dags/example_trigger_target_dag.py took 0.087 seconds
[2021-09-22 00:37:00,590] {processor.py:162} INFO - Started process (PID=39396) to work on /Users/daniel/sensor-data-ELT/dbt-env/lib/python3.7/site-packages/airflow/example_dags/example_trigger_target_dag.py
[2021-09-22 00:37:00,593] {processor.py:613} INFO - Processing file /Users/daniel/sensor-data-ELT/dbt-env/lib/python3.7/site-packages/airflow/example_dags/example_trigger_target_dag.py for tasks to queue
[2021-09-22 00:37:00,594] {logging_mixin.py:109} INFO - [2021-09-22 00:37:00,594] {dagbag.py:496} INFO - Filling up the DagBag from /Users/daniel/sensor-data-ELT/dbt-env/lib/python3.7/site-packages/airflow/example_dags/example_trigger_target_dag.py
[2021-09-22 00:37:00,612] {processor.py:623} INFO - DAG(s) dict_keys(['example_trigger_target_dag']) retrieved from /Users/daniel/sensor-data-ELT/dbt-env/lib/python3.7/site-packages/airflow/example_dags/example_trigger_target_dag.py
[2021-09-22 00:37:00,629] {logging_mixin.py:109} INFO - [2021-09-22 00:37:00,629] {dag.py:1834} INFO - Sync 1 DAGs
[2021-09-22 00:37:00,641] {logging_mixin.py:109} INFO - [2021-09-22 00:37:00,641] {dag.py:2287} INFO - Setting next_dagrun for example_trigger_target_dag to None
[2021-09-22 00:37:00,652] {processor.py:170} INFO - Processing /Users/daniel/sensor-data-ELT/dbt-env/lib/python3.7/site-packages/airflow/example_dags/example_trigger_target_dag.py took 0.066 seconds
[2021-09-22 00:37:33,960] {processor.py:162} INFO - Started process (PID=39458) to work on /Users/daniel/sensor-data-ELT/dbt-env/lib/python3.7/site-packages/airflow/example_dags/example_trigger_target_dag.py
[2021-09-22 00:37:33,962] {processor.py:613} INFO - Processing file /Users/daniel/sensor-data-ELT/dbt-env/lib/python3.7/site-packages/airflow/example_dags/example_trigger_target_dag.py for tasks to queue
[2021-09-22 00:37:33,963] {logging_mixin.py:109} INFO - [2021-09-22 00:37:33,963] {dagbag.py:496} INFO - Filling up the DagBag from /Users/daniel/sensor-data-ELT/dbt-env/lib/python3.7/site-packages/airflow/example_dags/example_trigger_target_dag.py
[2021-09-22 00:37:33,980] {processor.py:623} INFO - DAG(s) dict_keys(['example_trigger_target_dag']) retrieved from /Users/daniel/sensor-data-ELT/dbt-env/lib/python3.7/site-packages/airflow/example_dags/example_trigger_target_dag.py
[2021-09-22 00:37:33,997] {logging_mixin.py:109} INFO - [2021-09-22 00:37:33,997] {dag.py:1834} INFO - Sync 1 DAGs
[2021-09-22 00:37:34,009] {logging_mixin.py:109} INFO - [2021-09-22 00:37:34,008] {dag.py:2287} INFO - Setting next_dagrun for example_trigger_target_dag to None
[2021-09-22 00:37:34,021] {processor.py:170} INFO - Processing /Users/daniel/sensor-data-ELT/dbt-env/lib/python3.7/site-packages/airflow/example_dags/example_trigger_target_dag.py took 0.065 seconds
[2021-09-22 00:38:10,513] {processor.py:162} INFO - Started process (PID=39552) to work on /Users/daniel/sensor-data-ELT/dbt-env/lib/python3.7/site-packages/airflow/example_dags/example_trigger_target_dag.py
[2021-09-22 00:38:10,516] {processor.py:613} INFO - Processing file /Users/daniel/sensor-data-ELT/dbt-env/lib/python3.7/site-packages/airflow/example_dags/example_trigger_target_dag.py for tasks to queue
[2021-09-22 00:38:10,519] {logging_mixin.py:109} INFO - [2021-09-22 00:38:10,518] {dagbag.py:496} INFO - Filling up the DagBag from /Users/daniel/sensor-data-ELT/dbt-env/lib/python3.7/site-packages/airflow/example_dags/example_trigger_target_dag.py
[2021-09-22 00:38:10,547] {processor.py:623} INFO - DAG(s) dict_keys(['example_trigger_target_dag']) retrieved from /Users/daniel/sensor-data-ELT/dbt-env/lib/python3.7/site-packages/airflow/example_dags/example_trigger_target_dag.py
[2021-09-22 00:38:10,568] {logging_mixin.py:109} INFO - [2021-09-22 00:38:10,568] {dag.py:1834} INFO - Sync 1 DAGs
[2021-09-22 00:38:10,585] {logging_mixin.py:109} INFO - [2021-09-22 00:38:10,585] {dag.py:2287} INFO - Setting next_dagrun for example_trigger_target_dag to None
[2021-09-22 00:38:10,601] {processor.py:170} INFO - Processing /Users/daniel/sensor-data-ELT/dbt-env/lib/python3.7/site-packages/airflow/example_dags/example_trigger_target_dag.py took 0.093 seconds
[2021-09-22 00:38:46,264] {processor.py:162} INFO - Started process (PID=39595) to work on /Users/daniel/sensor-data-ELT/dbt-env/lib/python3.7/site-packages/airflow/example_dags/example_trigger_target_dag.py
[2021-09-22 00:38:46,268] {processor.py:613} INFO - Processing file /Users/daniel/sensor-data-ELT/dbt-env/lib/python3.7/site-packages/airflow/example_dags/example_trigger_target_dag.py for tasks to queue
[2021-09-22 00:38:46,269] {logging_mixin.py:109} INFO - [2021-09-22 00:38:46,269] {dagbag.py:496} INFO - Filling up the DagBag from /Users/daniel/sensor-data-ELT/dbt-env/lib/python3.7/site-packages/airflow/example_dags/example_trigger_target_dag.py
[2021-09-22 00:38:46,289] {processor.py:623} INFO - DAG(s) dict_keys(['example_trigger_target_dag']) retrieved from /Users/daniel/sensor-data-ELT/dbt-env/lib/python3.7/site-packages/airflow/example_dags/example_trigger_target_dag.py
[2021-09-22 00:38:46,307] {logging_mixin.py:109} INFO - [2021-09-22 00:38:46,307] {dag.py:1834} INFO - Sync 1 DAGs
[2021-09-22 00:38:46,321] {logging_mixin.py:109} INFO - [2021-09-22 00:38:46,321] {dag.py:2287} INFO - Setting next_dagrun for example_trigger_target_dag to None
[2021-09-22 00:38:46,334] {processor.py:170} INFO - Processing /Users/daniel/sensor-data-ELT/dbt-env/lib/python3.7/site-packages/airflow/example_dags/example_trigger_target_dag.py took 0.074 seconds
[2021-09-22 01:18:38,916] {processor.py:162} INFO - Started process (PID=41032) to work on /Users/daniel/sensor-data-ELT/dbt-env/lib/python3.7/site-packages/airflow/example_dags/example_trigger_target_dag.py
[2021-09-22 01:18:38,919] {processor.py:613} INFO - Processing file /Users/daniel/sensor-data-ELT/dbt-env/lib/python3.7/site-packages/airflow/example_dags/example_trigger_target_dag.py for tasks to queue
[2021-09-22 01:18:38,921] {logging_mixin.py:109} INFO - [2021-09-22 01:18:38,920] {dagbag.py:496} INFO - Filling up the DagBag from /Users/daniel/sensor-data-ELT/dbt-env/lib/python3.7/site-packages/airflow/example_dags/example_trigger_target_dag.py
[2021-09-22 01:18:38,949] {processor.py:623} INFO - DAG(s) dict_keys(['example_trigger_target_dag']) retrieved from /Users/daniel/sensor-data-ELT/dbt-env/lib/python3.7/site-packages/airflow/example_dags/example_trigger_target_dag.py
[2021-09-22 01:18:38,983] {logging_mixin.py:109} INFO - [2021-09-22 01:18:38,982] {dag.py:1834} INFO - Sync 1 DAGs
[2021-09-22 01:18:39,108] {logging_mixin.py:109} INFO - [2021-09-22 01:18:39,108] {dag.py:2287} INFO - Setting next_dagrun for example_trigger_target_dag to None
[2021-09-22 01:18:39,120] {processor.py:170} INFO - Processing /Users/daniel/sensor-data-ELT/dbt-env/lib/python3.7/site-packages/airflow/example_dags/example_trigger_target_dag.py took 0.210 seconds
