[2021-09-22 00:18:25,505] {processor.py:162} INFO - Started process (PID=37037) to work on /Users/daniel/sensor-data-ELT/dbt-env/lib/python3.7/site-packages/airflow/example_dags/example_kubernetes_executor_config.py
[2021-09-22 00:18:25,507] {processor.py:613} INFO - Processing file /Users/daniel/sensor-data-ELT/dbt-env/lib/python3.7/site-packages/airflow/example_dags/example_kubernetes_executor_config.py for tasks to queue
[2021-09-22 00:18:25,508] {logging_mixin.py:109} INFO - [2021-09-22 00:18:25,507] {dagbag.py:496} INFO - Filling up the DagBag from /Users/daniel/sensor-data-ELT/dbt-env/lib/python3.7/site-packages/airflow/example_dags/example_kubernetes_executor_config.py
[2021-09-22 00:18:25,518] {logging_mixin.py:109} INFO - [2021-09-22 00:18:25,517] {example_kubernetes_executor_config.py:175} WARNING - Could not import DAGs in example_kubernetes_executor_config.py: No module named 'kubernetes'
[2021-09-22 00:18:25,518] {logging_mixin.py:109} INFO - [2021-09-22 00:18:25,518] {example_kubernetes_executor_config.py:176} WARNING - Install kubernetes dependencies with: pip install apache-airflow['cncf.kubernetes']
[2021-09-22 00:18:25,518] {processor.py:625} WARNING - No viable dags retrieved from /Users/daniel/sensor-data-ELT/dbt-env/lib/python3.7/site-packages/airflow/example_dags/example_kubernetes_executor_config.py
[2021-09-22 00:18:25,527] {processor.py:170} INFO - Processing /Users/daniel/sensor-data-ELT/dbt-env/lib/python3.7/site-packages/airflow/example_dags/example_kubernetes_executor_config.py took 0.026 seconds
[2021-09-22 00:18:59,516] {processor.py:162} INFO - Started process (PID=37108) to work on /Users/daniel/sensor-data-ELT/dbt-env/lib/python3.7/site-packages/airflow/example_dags/example_kubernetes_executor_config.py
[2021-09-22 00:18:59,519] {processor.py:613} INFO - Processing file /Users/daniel/sensor-data-ELT/dbt-env/lib/python3.7/site-packages/airflow/example_dags/example_kubernetes_executor_config.py for tasks to queue
[2021-09-22 00:18:59,520] {logging_mixin.py:109} INFO - [2021-09-22 00:18:59,520] {dagbag.py:496} INFO - Filling up the DagBag from /Users/daniel/sensor-data-ELT/dbt-env/lib/python3.7/site-packages/airflow/example_dags/example_kubernetes_executor_config.py
[2021-09-22 00:18:59,534] {logging_mixin.py:109} INFO - [2021-09-22 00:18:59,533] {example_kubernetes_executor_config.py:175} WARNING - Could not import DAGs in example_kubernetes_executor_config.py: No module named 'kubernetes'
[2021-09-22 00:18:59,534] {logging_mixin.py:109} INFO - [2021-09-22 00:18:59,534] {example_kubernetes_executor_config.py:176} WARNING - Install kubernetes dependencies with: pip install apache-airflow['cncf.kubernetes']
[2021-09-22 00:18:59,535] {processor.py:625} WARNING - No viable dags retrieved from /Users/daniel/sensor-data-ELT/dbt-env/lib/python3.7/site-packages/airflow/example_dags/example_kubernetes_executor_config.py
[2021-09-22 00:18:59,552] {processor.py:170} INFO - Processing /Users/daniel/sensor-data-ELT/dbt-env/lib/python3.7/site-packages/airflow/example_dags/example_kubernetes_executor_config.py took 0.050 seconds
[2021-09-22 00:19:35,837] {processor.py:162} INFO - Started process (PID=37168) to work on /Users/daniel/sensor-data-ELT/dbt-env/lib/python3.7/site-packages/airflow/example_dags/example_kubernetes_executor_config.py
[2021-09-22 00:19:35,838] {processor.py:613} INFO - Processing file /Users/daniel/sensor-data-ELT/dbt-env/lib/python3.7/site-packages/airflow/example_dags/example_kubernetes_executor_config.py for tasks to queue
[2021-09-22 00:19:35,839] {logging_mixin.py:109} INFO - [2021-09-22 00:19:35,839] {dagbag.py:496} INFO - Filling up the DagBag from /Users/daniel/sensor-data-ELT/dbt-env/lib/python3.7/site-packages/airflow/example_dags/example_kubernetes_executor_config.py
[2021-09-22 00:19:35,850] {logging_mixin.py:109} INFO - [2021-09-22 00:19:35,850] {example_kubernetes_executor_config.py:175} WARNING - Could not import DAGs in example_kubernetes_executor_config.py: No module named 'kubernetes'
[2021-09-22 00:19:35,851] {logging_mixin.py:109} INFO - [2021-09-22 00:19:35,851] {example_kubernetes_executor_config.py:176} WARNING - Install kubernetes dependencies with: pip install apache-airflow['cncf.kubernetes']
[2021-09-22 00:19:35,851] {processor.py:625} WARNING - No viable dags retrieved from /Users/daniel/sensor-data-ELT/dbt-env/lib/python3.7/site-packages/airflow/example_dags/example_kubernetes_executor_config.py
[2021-09-22 00:19:35,861] {processor.py:170} INFO - Processing /Users/daniel/sensor-data-ELT/dbt-env/lib/python3.7/site-packages/airflow/example_dags/example_kubernetes_executor_config.py took 0.029 seconds
[2021-09-22 00:20:13,194] {processor.py:162} INFO - Started process (PID=37585) to work on /Users/daniel/sensor-data-ELT/dbt-env/lib/python3.7/site-packages/airflow/example_dags/example_kubernetes_executor_config.py
[2021-09-22 00:20:13,201] {processor.py:613} INFO - Processing file /Users/daniel/sensor-data-ELT/dbt-env/lib/python3.7/site-packages/airflow/example_dags/example_kubernetes_executor_config.py for tasks to queue
[2021-09-22 00:20:13,203] {logging_mixin.py:109} INFO - [2021-09-22 00:20:13,202] {dagbag.py:496} INFO - Filling up the DagBag from /Users/daniel/sensor-data-ELT/dbt-env/lib/python3.7/site-packages/airflow/example_dags/example_kubernetes_executor_config.py
[2021-09-22 00:20:13,218] {logging_mixin.py:109} INFO - [2021-09-22 00:20:13,218] {example_kubernetes_executor_config.py:175} WARNING - Could not import DAGs in example_kubernetes_executor_config.py: No module named 'kubernetes'
[2021-09-22 00:20:13,218] {logging_mixin.py:109} INFO - [2021-09-22 00:20:13,218] {example_kubernetes_executor_config.py:176} WARNING - Install kubernetes dependencies with: pip install apache-airflow['cncf.kubernetes']
[2021-09-22 00:20:13,219] {processor.py:625} WARNING - No viable dags retrieved from /Users/daniel/sensor-data-ELT/dbt-env/lib/python3.7/site-packages/airflow/example_dags/example_kubernetes_executor_config.py
[2021-09-22 00:20:13,229] {processor.py:170} INFO - Processing /Users/daniel/sensor-data-ELT/dbt-env/lib/python3.7/site-packages/airflow/example_dags/example_kubernetes_executor_config.py took 0.040 seconds
[2021-09-22 00:20:49,754] {processor.py:162} INFO - Started process (PID=38388) to work on /Users/daniel/sensor-data-ELT/dbt-env/lib/python3.7/site-packages/airflow/example_dags/example_kubernetes_executor_config.py
[2021-09-22 00:20:49,758] {processor.py:613} INFO - Processing file /Users/daniel/sensor-data-ELT/dbt-env/lib/python3.7/site-packages/airflow/example_dags/example_kubernetes_executor_config.py for tasks to queue
[2021-09-22 00:20:49,759] {logging_mixin.py:109} INFO - [2021-09-22 00:20:49,758] {dagbag.py:496} INFO - Filling up the DagBag from /Users/daniel/sensor-data-ELT/dbt-env/lib/python3.7/site-packages/airflow/example_dags/example_kubernetes_executor_config.py
[2021-09-22 00:20:49,772] {logging_mixin.py:109} INFO - [2021-09-22 00:20:49,771] {example_kubernetes_executor_config.py:175} WARNING - Could not import DAGs in example_kubernetes_executor_config.py: No module named 'kubernetes'
[2021-09-22 00:20:49,772] {logging_mixin.py:109} INFO - [2021-09-22 00:20:49,772] {example_kubernetes_executor_config.py:176} WARNING - Install kubernetes dependencies with: pip install apache-airflow['cncf.kubernetes']
[2021-09-22 00:20:49,773] {processor.py:625} WARNING - No viable dags retrieved from /Users/daniel/sensor-data-ELT/dbt-env/lib/python3.7/site-packages/airflow/example_dags/example_kubernetes_executor_config.py
[2021-09-22 00:20:49,790] {processor.py:170} INFO - Processing /Users/daniel/sensor-data-ELT/dbt-env/lib/python3.7/site-packages/airflow/example_dags/example_kubernetes_executor_config.py took 0.041 seconds
[2021-09-22 00:21:46,845] {processor.py:162} INFO - Started process (PID=38500) to work on /Users/daniel/sensor-data-ELT/dbt-env/lib/python3.7/site-packages/airflow/example_dags/example_kubernetes_executor_config.py
[2021-09-22 00:21:46,847] {processor.py:613} INFO - Processing file /Users/daniel/sensor-data-ELT/dbt-env/lib/python3.7/site-packages/airflow/example_dags/example_kubernetes_executor_config.py for tasks to queue
[2021-09-22 00:21:46,848] {logging_mixin.py:109} INFO - [2021-09-22 00:21:46,848] {dagbag.py:496} INFO - Filling up the DagBag from /Users/daniel/sensor-data-ELT/dbt-env/lib/python3.7/site-packages/airflow/example_dags/example_kubernetes_executor_config.py
[2021-09-22 00:21:46,856] {logging_mixin.py:109} INFO - [2021-09-22 00:21:46,856] {example_kubernetes_executor_config.py:175} WARNING - Could not import DAGs in example_kubernetes_executor_config.py: No module named 'kubernetes'
[2021-09-22 00:21:46,856] {logging_mixin.py:109} INFO - [2021-09-22 00:21:46,856] {example_kubernetes_executor_config.py:176} WARNING - Install kubernetes dependencies with: pip install apache-airflow['cncf.kubernetes']
[2021-09-22 00:21:46,857] {processor.py:625} WARNING - No viable dags retrieved from /Users/daniel/sensor-data-ELT/dbt-env/lib/python3.7/site-packages/airflow/example_dags/example_kubernetes_executor_config.py
[2021-09-22 00:21:46,865] {processor.py:170} INFO - Processing /Users/daniel/sensor-data-ELT/dbt-env/lib/python3.7/site-packages/airflow/example_dags/example_kubernetes_executor_config.py took 0.026 seconds
[2021-09-22 00:22:21,962] {processor.py:162} INFO - Started process (PID=38580) to work on /Users/daniel/sensor-data-ELT/dbt-env/lib/python3.7/site-packages/airflow/example_dags/example_kubernetes_executor_config.py
[2021-09-22 00:22:21,965] {processor.py:613} INFO - Processing file /Users/daniel/sensor-data-ELT/dbt-env/lib/python3.7/site-packages/airflow/example_dags/example_kubernetes_executor_config.py for tasks to queue
[2021-09-22 00:22:21,967] {logging_mixin.py:109} INFO - [2021-09-22 00:22:21,966] {dagbag.py:496} INFO - Filling up the DagBag from /Users/daniel/sensor-data-ELT/dbt-env/lib/python3.7/site-packages/airflow/example_dags/example_kubernetes_executor_config.py
[2021-09-22 00:22:21,990] {logging_mixin.py:109} INFO - [2021-09-22 00:22:21,989] {example_kubernetes_executor_config.py:175} WARNING - Could not import DAGs in example_kubernetes_executor_config.py: No module named 'kubernetes'
[2021-09-22 00:22:21,991] {logging_mixin.py:109} INFO - [2021-09-22 00:22:21,991] {example_kubernetes_executor_config.py:176} WARNING - Install kubernetes dependencies with: pip install apache-airflow['cncf.kubernetes']
[2021-09-22 00:22:21,992] {processor.py:625} WARNING - No viable dags retrieved from /Users/daniel/sensor-data-ELT/dbt-env/lib/python3.7/site-packages/airflow/example_dags/example_kubernetes_executor_config.py
[2021-09-22 00:22:22,008] {processor.py:170} INFO - Processing /Users/daniel/sensor-data-ELT/dbt-env/lib/python3.7/site-packages/airflow/example_dags/example_kubernetes_executor_config.py took 0.060 seconds
[2021-09-22 00:23:00,541] {processor.py:162} INFO - Started process (PID=38635) to work on /Users/daniel/sensor-data-ELT/dbt-env/lib/python3.7/site-packages/airflow/example_dags/example_kubernetes_executor_config.py
[2021-09-22 00:23:00,545] {processor.py:613} INFO - Processing file /Users/daniel/sensor-data-ELT/dbt-env/lib/python3.7/site-packages/airflow/example_dags/example_kubernetes_executor_config.py for tasks to queue
[2021-09-22 00:23:00,546] {logging_mixin.py:109} INFO - [2021-09-22 00:23:00,546] {dagbag.py:496} INFO - Filling up the DagBag from /Users/daniel/sensor-data-ELT/dbt-env/lib/python3.7/site-packages/airflow/example_dags/example_kubernetes_executor_config.py
[2021-09-22 00:23:00,560] {logging_mixin.py:109} INFO - [2021-09-22 00:23:00,559] {example_kubernetes_executor_config.py:175} WARNING - Could not import DAGs in example_kubernetes_executor_config.py: No module named 'kubernetes'
[2021-09-22 00:23:00,561] {logging_mixin.py:109} INFO - [2021-09-22 00:23:00,560] {example_kubernetes_executor_config.py:176} WARNING - Install kubernetes dependencies with: pip install apache-airflow['cncf.kubernetes']
[2021-09-22 00:23:00,561] {processor.py:625} WARNING - No viable dags retrieved from /Users/daniel/sensor-data-ELT/dbt-env/lib/python3.7/site-packages/airflow/example_dags/example_kubernetes_executor_config.py
[2021-09-22 00:23:00,569] {processor.py:170} INFO - Processing /Users/daniel/sensor-data-ELT/dbt-env/lib/python3.7/site-packages/airflow/example_dags/example_kubernetes_executor_config.py took 0.036 seconds
[2021-09-22 00:23:35,175] {processor.py:162} INFO - Started process (PID=38691) to work on /Users/daniel/sensor-data-ELT/dbt-env/lib/python3.7/site-packages/airflow/example_dags/example_kubernetes_executor_config.py
[2021-09-22 00:23:35,177] {processor.py:613} INFO - Processing file /Users/daniel/sensor-data-ELT/dbt-env/lib/python3.7/site-packages/airflow/example_dags/example_kubernetes_executor_config.py for tasks to queue
[2021-09-22 00:23:35,178] {logging_mixin.py:109} INFO - [2021-09-22 00:23:35,178] {dagbag.py:496} INFO - Filling up the DagBag from /Users/daniel/sensor-data-ELT/dbt-env/lib/python3.7/site-packages/airflow/example_dags/example_kubernetes_executor_config.py
[2021-09-22 00:23:35,189] {logging_mixin.py:109} INFO - [2021-09-22 00:23:35,188] {example_kubernetes_executor_config.py:175} WARNING - Could not import DAGs in example_kubernetes_executor_config.py: No module named 'kubernetes'
[2021-09-22 00:23:35,189] {logging_mixin.py:109} INFO - [2021-09-22 00:23:35,189] {example_kubernetes_executor_config.py:176} WARNING - Install kubernetes dependencies with: pip install apache-airflow['cncf.kubernetes']
[2021-09-22 00:23:35,189] {processor.py:625} WARNING - No viable dags retrieved from /Users/daniel/sensor-data-ELT/dbt-env/lib/python3.7/site-packages/airflow/example_dags/example_kubernetes_executor_config.py
[2021-09-22 00:23:35,198] {processor.py:170} INFO - Processing /Users/daniel/sensor-data-ELT/dbt-env/lib/python3.7/site-packages/airflow/example_dags/example_kubernetes_executor_config.py took 0.029 seconds
[2021-09-22 00:24:12,035] {processor.py:162} INFO - Started process (PID=38771) to work on /Users/daniel/sensor-data-ELT/dbt-env/lib/python3.7/site-packages/airflow/example_dags/example_kubernetes_executor_config.py
[2021-09-22 00:24:12,038] {processor.py:613} INFO - Processing file /Users/daniel/sensor-data-ELT/dbt-env/lib/python3.7/site-packages/airflow/example_dags/example_kubernetes_executor_config.py for tasks to queue
[2021-09-22 00:24:12,039] {logging_mixin.py:109} INFO - [2021-09-22 00:24:12,039] {dagbag.py:496} INFO - Filling up the DagBag from /Users/daniel/sensor-data-ELT/dbt-env/lib/python3.7/site-packages/airflow/example_dags/example_kubernetes_executor_config.py
[2021-09-22 00:24:12,048] {logging_mixin.py:109} INFO - [2021-09-22 00:24:12,048] {example_kubernetes_executor_config.py:175} WARNING - Could not import DAGs in example_kubernetes_executor_config.py: No module named 'kubernetes'
[2021-09-22 00:24:12,049] {logging_mixin.py:109} INFO - [2021-09-22 00:24:12,048] {example_kubernetes_executor_config.py:176} WARNING - Install kubernetes dependencies with: pip install apache-airflow['cncf.kubernetes']
[2021-09-22 00:24:12,050] {processor.py:625} WARNING - No viable dags retrieved from /Users/daniel/sensor-data-ELT/dbt-env/lib/python3.7/site-packages/airflow/example_dags/example_kubernetes_executor_config.py
[2021-09-22 00:24:12,063] {processor.py:170} INFO - Processing /Users/daniel/sensor-data-ELT/dbt-env/lib/python3.7/site-packages/airflow/example_dags/example_kubernetes_executor_config.py took 0.032 seconds
[2021-09-22 00:33:56,438] {processor.py:162} INFO - Started process (PID=39116) to work on /Users/daniel/sensor-data-ELT/dbt-env/lib/python3.7/site-packages/airflow/example_dags/example_kubernetes_executor_config.py
[2021-09-22 00:33:56,440] {processor.py:613} INFO - Processing file /Users/daniel/sensor-data-ELT/dbt-env/lib/python3.7/site-packages/airflow/example_dags/example_kubernetes_executor_config.py for tasks to queue
[2021-09-22 00:33:56,441] {logging_mixin.py:109} INFO - [2021-09-22 00:33:56,441] {dagbag.py:496} INFO - Filling up the DagBag from /Users/daniel/sensor-data-ELT/dbt-env/lib/python3.7/site-packages/airflow/example_dags/example_kubernetes_executor_config.py
[2021-09-22 00:33:56,450] {logging_mixin.py:109} INFO - [2021-09-22 00:33:56,449] {example_kubernetes_executor_config.py:175} WARNING - Could not import DAGs in example_kubernetes_executor_config.py: No module named 'kubernetes'
[2021-09-22 00:33:56,450] {logging_mixin.py:109} INFO - [2021-09-22 00:33:56,450] {example_kubernetes_executor_config.py:176} WARNING - Install kubernetes dependencies with: pip install apache-airflow['cncf.kubernetes']
[2021-09-22 00:33:56,450] {processor.py:625} WARNING - No viable dags retrieved from /Users/daniel/sensor-data-ELT/dbt-env/lib/python3.7/site-packages/airflow/example_dags/example_kubernetes_executor_config.py
[2021-09-22 00:33:56,458] {processor.py:170} INFO - Processing /Users/daniel/sensor-data-ELT/dbt-env/lib/python3.7/site-packages/airflow/example_dags/example_kubernetes_executor_config.py took 0.024 seconds
[2021-09-22 00:34:30,205] {processor.py:162} INFO - Started process (PID=39199) to work on /Users/daniel/sensor-data-ELT/dbt-env/lib/python3.7/site-packages/airflow/example_dags/example_kubernetes_executor_config.py
[2021-09-22 00:34:30,207] {processor.py:613} INFO - Processing file /Users/daniel/sensor-data-ELT/dbt-env/lib/python3.7/site-packages/airflow/example_dags/example_kubernetes_executor_config.py for tasks to queue
[2021-09-22 00:34:30,208] {logging_mixin.py:109} INFO - [2021-09-22 00:34:30,208] {dagbag.py:496} INFO - Filling up the DagBag from /Users/daniel/sensor-data-ELT/dbt-env/lib/python3.7/site-packages/airflow/example_dags/example_kubernetes_executor_config.py
[2021-09-22 00:34:30,217] {logging_mixin.py:109} INFO - [2021-09-22 00:34:30,216] {example_kubernetes_executor_config.py:175} WARNING - Could not import DAGs in example_kubernetes_executor_config.py: No module named 'kubernetes'
[2021-09-22 00:34:30,217] {logging_mixin.py:109} INFO - [2021-09-22 00:34:30,217] {example_kubernetes_executor_config.py:176} WARNING - Install kubernetes dependencies with: pip install apache-airflow['cncf.kubernetes']
[2021-09-22 00:34:30,217] {processor.py:625} WARNING - No viable dags retrieved from /Users/daniel/sensor-data-ELT/dbt-env/lib/python3.7/site-packages/airflow/example_dags/example_kubernetes_executor_config.py
[2021-09-22 00:34:30,226] {processor.py:170} INFO - Processing /Users/daniel/sensor-data-ELT/dbt-env/lib/python3.7/site-packages/airflow/example_dags/example_kubernetes_executor_config.py took 0.025 seconds
[2021-09-22 00:35:06,170] {processor.py:162} INFO - Started process (PID=39240) to work on /Users/daniel/sensor-data-ELT/dbt-env/lib/python3.7/site-packages/airflow/example_dags/example_kubernetes_executor_config.py
[2021-09-22 00:35:06,172] {processor.py:613} INFO - Processing file /Users/daniel/sensor-data-ELT/dbt-env/lib/python3.7/site-packages/airflow/example_dags/example_kubernetes_executor_config.py for tasks to queue
[2021-09-22 00:35:06,173] {logging_mixin.py:109} INFO - [2021-09-22 00:35:06,173] {dagbag.py:496} INFO - Filling up the DagBag from /Users/daniel/sensor-data-ELT/dbt-env/lib/python3.7/site-packages/airflow/example_dags/example_kubernetes_executor_config.py
[2021-09-22 00:35:06,188] {logging_mixin.py:109} INFO - [2021-09-22 00:35:06,187] {example_kubernetes_executor_config.py:175} WARNING - Could not import DAGs in example_kubernetes_executor_config.py: No module named 'kubernetes'
[2021-09-22 00:35:06,188] {logging_mixin.py:109} INFO - [2021-09-22 00:35:06,188] {example_kubernetes_executor_config.py:176} WARNING - Install kubernetes dependencies with: pip install apache-airflow['cncf.kubernetes']
[2021-09-22 00:35:06,188] {processor.py:625} WARNING - No viable dags retrieved from /Users/daniel/sensor-data-ELT/dbt-env/lib/python3.7/site-packages/airflow/example_dags/example_kubernetes_executor_config.py
[2021-09-22 00:35:06,197] {processor.py:170} INFO - Processing /Users/daniel/sensor-data-ELT/dbt-env/lib/python3.7/site-packages/airflow/example_dags/example_kubernetes_executor_config.py took 0.033 seconds
[2021-09-22 00:35:40,038] {processor.py:162} INFO - Started process (PID=39272) to work on /Users/daniel/sensor-data-ELT/dbt-env/lib/python3.7/site-packages/airflow/example_dags/example_kubernetes_executor_config.py
[2021-09-22 00:35:40,041] {processor.py:613} INFO - Processing file /Users/daniel/sensor-data-ELT/dbt-env/lib/python3.7/site-packages/airflow/example_dags/example_kubernetes_executor_config.py for tasks to queue
[2021-09-22 00:35:40,043] {logging_mixin.py:109} INFO - [2021-09-22 00:35:40,042] {dagbag.py:496} INFO - Filling up the DagBag from /Users/daniel/sensor-data-ELT/dbt-env/lib/python3.7/site-packages/airflow/example_dags/example_kubernetes_executor_config.py
[2021-09-22 00:35:40,052] {logging_mixin.py:109} INFO - [2021-09-22 00:35:40,051] {example_kubernetes_executor_config.py:175} WARNING - Could not import DAGs in example_kubernetes_executor_config.py: No module named 'kubernetes'
[2021-09-22 00:35:40,052] {logging_mixin.py:109} INFO - [2021-09-22 00:35:40,052] {example_kubernetes_executor_config.py:176} WARNING - Install kubernetes dependencies with: pip install apache-airflow['cncf.kubernetes']
[2021-09-22 00:35:40,052] {processor.py:625} WARNING - No viable dags retrieved from /Users/daniel/sensor-data-ELT/dbt-env/lib/python3.7/site-packages/airflow/example_dags/example_kubernetes_executor_config.py
[2021-09-22 00:35:40,062] {processor.py:170} INFO - Processing /Users/daniel/sensor-data-ELT/dbt-env/lib/python3.7/site-packages/airflow/example_dags/example_kubernetes_executor_config.py took 0.028 seconds
[2021-09-22 00:36:12,477] {processor.py:162} INFO - Started process (PID=39304) to work on /Users/daniel/sensor-data-ELT/dbt-env/lib/python3.7/site-packages/airflow/example_dags/example_kubernetes_executor_config.py
[2021-09-22 00:36:12,480] {processor.py:613} INFO - Processing file /Users/daniel/sensor-data-ELT/dbt-env/lib/python3.7/site-packages/airflow/example_dags/example_kubernetes_executor_config.py for tasks to queue
[2021-09-22 00:36:12,481] {logging_mixin.py:109} INFO - [2021-09-22 00:36:12,481] {dagbag.py:496} INFO - Filling up the DagBag from /Users/daniel/sensor-data-ELT/dbt-env/lib/python3.7/site-packages/airflow/example_dags/example_kubernetes_executor_config.py
[2021-09-22 00:36:12,490] {logging_mixin.py:109} INFO - [2021-09-22 00:36:12,490] {example_kubernetes_executor_config.py:175} WARNING - Could not import DAGs in example_kubernetes_executor_config.py: No module named 'kubernetes'
[2021-09-22 00:36:12,490] {logging_mixin.py:109} INFO - [2021-09-22 00:36:12,490] {example_kubernetes_executor_config.py:176} WARNING - Install kubernetes dependencies with: pip install apache-airflow['cncf.kubernetes']
[2021-09-22 00:36:12,491] {processor.py:625} WARNING - No viable dags retrieved from /Users/daniel/sensor-data-ELT/dbt-env/lib/python3.7/site-packages/airflow/example_dags/example_kubernetes_executor_config.py
[2021-09-22 00:36:12,499] {processor.py:170} INFO - Processing /Users/daniel/sensor-data-ELT/dbt-env/lib/python3.7/site-packages/airflow/example_dags/example_kubernetes_executor_config.py took 0.027 seconds
[2021-09-22 00:36:47,722] {processor.py:162} INFO - Started process (PID=39366) to work on /Users/daniel/sensor-data-ELT/dbt-env/lib/python3.7/site-packages/airflow/example_dags/example_kubernetes_executor_config.py
[2021-09-22 00:36:47,724] {processor.py:613} INFO - Processing file /Users/daniel/sensor-data-ELT/dbt-env/lib/python3.7/site-packages/airflow/example_dags/example_kubernetes_executor_config.py for tasks to queue
[2021-09-22 00:36:47,725] {logging_mixin.py:109} INFO - [2021-09-22 00:36:47,725] {dagbag.py:496} INFO - Filling up the DagBag from /Users/daniel/sensor-data-ELT/dbt-env/lib/python3.7/site-packages/airflow/example_dags/example_kubernetes_executor_config.py
[2021-09-22 00:36:47,734] {logging_mixin.py:109} INFO - [2021-09-22 00:36:47,734] {example_kubernetes_executor_config.py:175} WARNING - Could not import DAGs in example_kubernetes_executor_config.py: No module named 'kubernetes'
[2021-09-22 00:36:47,735] {logging_mixin.py:109} INFO - [2021-09-22 00:36:47,735] {example_kubernetes_executor_config.py:176} WARNING - Install kubernetes dependencies with: pip install apache-airflow['cncf.kubernetes']
[2021-09-22 00:36:47,735] {processor.py:625} WARNING - No viable dags retrieved from /Users/daniel/sensor-data-ELT/dbt-env/lib/python3.7/site-packages/airflow/example_dags/example_kubernetes_executor_config.py
[2021-09-22 00:36:47,744] {processor.py:170} INFO - Processing /Users/daniel/sensor-data-ELT/dbt-env/lib/python3.7/site-packages/airflow/example_dags/example_kubernetes_executor_config.py took 0.027 seconds
[2021-09-22 00:37:21,934] {processor.py:162} INFO - Started process (PID=39446) to work on /Users/daniel/sensor-data-ELT/dbt-env/lib/python3.7/site-packages/airflow/example_dags/example_kubernetes_executor_config.py
[2021-09-22 00:37:21,936] {processor.py:613} INFO - Processing file /Users/daniel/sensor-data-ELT/dbt-env/lib/python3.7/site-packages/airflow/example_dags/example_kubernetes_executor_config.py for tasks to queue
[2021-09-22 00:37:21,937] {logging_mixin.py:109} INFO - [2021-09-22 00:37:21,937] {dagbag.py:496} INFO - Filling up the DagBag from /Users/daniel/sensor-data-ELT/dbt-env/lib/python3.7/site-packages/airflow/example_dags/example_kubernetes_executor_config.py
[2021-09-22 00:37:21,946] {logging_mixin.py:109} INFO - [2021-09-22 00:37:21,946] {example_kubernetes_executor_config.py:175} WARNING - Could not import DAGs in example_kubernetes_executor_config.py: No module named 'kubernetes'
[2021-09-22 00:37:21,947] {logging_mixin.py:109} INFO - [2021-09-22 00:37:21,947] {example_kubernetes_executor_config.py:176} WARNING - Install kubernetes dependencies with: pip install apache-airflow['cncf.kubernetes']
[2021-09-22 00:37:21,948] {processor.py:625} WARNING - No viable dags retrieved from /Users/daniel/sensor-data-ELT/dbt-env/lib/python3.7/site-packages/airflow/example_dags/example_kubernetes_executor_config.py
[2021-09-22 00:37:21,960] {processor.py:170} INFO - Processing /Users/daniel/sensor-data-ELT/dbt-env/lib/python3.7/site-packages/airflow/example_dags/example_kubernetes_executor_config.py took 0.029 seconds
[2021-09-22 00:37:55,790] {processor.py:162} INFO - Started process (PID=39523) to work on /Users/daniel/sensor-data-ELT/dbt-env/lib/python3.7/site-packages/airflow/example_dags/example_kubernetes_executor_config.py
[2021-09-22 00:37:55,792] {processor.py:613} INFO - Processing file /Users/daniel/sensor-data-ELT/dbt-env/lib/python3.7/site-packages/airflow/example_dags/example_kubernetes_executor_config.py for tasks to queue
[2021-09-22 00:37:55,793] {logging_mixin.py:109} INFO - [2021-09-22 00:37:55,793] {dagbag.py:496} INFO - Filling up the DagBag from /Users/daniel/sensor-data-ELT/dbt-env/lib/python3.7/site-packages/airflow/example_dags/example_kubernetes_executor_config.py
[2021-09-22 00:37:55,803] {logging_mixin.py:109} INFO - [2021-09-22 00:37:55,802] {example_kubernetes_executor_config.py:175} WARNING - Could not import DAGs in example_kubernetes_executor_config.py: No module named 'kubernetes'
[2021-09-22 00:37:55,803] {logging_mixin.py:109} INFO - [2021-09-22 00:37:55,803] {example_kubernetes_executor_config.py:176} WARNING - Install kubernetes dependencies with: pip install apache-airflow['cncf.kubernetes']
[2021-09-22 00:37:55,803] {processor.py:625} WARNING - No viable dags retrieved from /Users/daniel/sensor-data-ELT/dbt-env/lib/python3.7/site-packages/airflow/example_dags/example_kubernetes_executor_config.py
[2021-09-22 00:37:55,811] {processor.py:170} INFO - Processing /Users/daniel/sensor-data-ELT/dbt-env/lib/python3.7/site-packages/airflow/example_dags/example_kubernetes_executor_config.py took 0.026 seconds
[2021-09-22 00:38:31,514] {processor.py:162} INFO - Started process (PID=39576) to work on /Users/daniel/sensor-data-ELT/dbt-env/lib/python3.7/site-packages/airflow/example_dags/example_kubernetes_executor_config.py
[2021-09-22 00:38:31,517] {processor.py:613} INFO - Processing file /Users/daniel/sensor-data-ELT/dbt-env/lib/python3.7/site-packages/airflow/example_dags/example_kubernetes_executor_config.py for tasks to queue
[2021-09-22 00:38:31,518] {logging_mixin.py:109} INFO - [2021-09-22 00:38:31,518] {dagbag.py:496} INFO - Filling up the DagBag from /Users/daniel/sensor-data-ELT/dbt-env/lib/python3.7/site-packages/airflow/example_dags/example_kubernetes_executor_config.py
[2021-09-22 00:38:31,529] {logging_mixin.py:109} INFO - [2021-09-22 00:38:31,529] {example_kubernetes_executor_config.py:175} WARNING - Could not import DAGs in example_kubernetes_executor_config.py: No module named 'kubernetes'
[2021-09-22 00:38:31,529] {logging_mixin.py:109} INFO - [2021-09-22 00:38:31,529] {example_kubernetes_executor_config.py:176} WARNING - Install kubernetes dependencies with: pip install apache-airflow['cncf.kubernetes']
[2021-09-22 00:38:31,529] {processor.py:625} WARNING - No viable dags retrieved from /Users/daniel/sensor-data-ELT/dbt-env/lib/python3.7/site-packages/airflow/example_dags/example_kubernetes_executor_config.py
[2021-09-22 00:38:31,537] {processor.py:170} INFO - Processing /Users/daniel/sensor-data-ELT/dbt-env/lib/python3.7/site-packages/airflow/example_dags/example_kubernetes_executor_config.py took 0.027 seconds
[2021-09-22 01:18:24,778] {processor.py:162} INFO - Started process (PID=40986) to work on /Users/daniel/sensor-data-ELT/dbt-env/lib/python3.7/site-packages/airflow/example_dags/example_kubernetes_executor_config.py
[2021-09-22 01:18:24,781] {processor.py:613} INFO - Processing file /Users/daniel/sensor-data-ELT/dbt-env/lib/python3.7/site-packages/airflow/example_dags/example_kubernetes_executor_config.py for tasks to queue
[2021-09-22 01:18:24,782] {logging_mixin.py:109} INFO - [2021-09-22 01:18:24,782] {dagbag.py:496} INFO - Filling up the DagBag from /Users/daniel/sensor-data-ELT/dbt-env/lib/python3.7/site-packages/airflow/example_dags/example_kubernetes_executor_config.py
[2021-09-22 01:18:24,801] {processor.py:623} INFO - DAG(s) dict_keys(['example_kubernetes_executor_config']) retrieved from /Users/daniel/sensor-data-ELT/dbt-env/lib/python3.7/site-packages/airflow/example_dags/example_kubernetes_executor_config.py
[2021-09-22 01:18:24,828] {logging_mixin.py:109} INFO - [2021-09-22 01:18:24,828] {dag.py:1834} INFO - Sync 1 DAGs
[2021-09-22 01:18:24,944] {logging_mixin.py:109} INFO - [2021-09-22 01:18:24,944] {dag.py:2287} INFO - Setting next_dagrun for example_kubernetes_executor_config to None
[2021-09-22 01:18:24,955] {processor.py:170} INFO - Processing /Users/daniel/sensor-data-ELT/dbt-env/lib/python3.7/site-packages/airflow/example_dags/example_kubernetes_executor_config.py took 0.183 seconds
[2021-09-22 01:19:34,861] {processor.py:162} INFO - Started process (PID=41104) to work on /Users/daniel/sensor-data-ELT/dbt-env/lib/python3.7/site-packages/airflow/example_dags/example_kubernetes_executor_config.py
[2021-09-22 01:19:34,863] {processor.py:613} INFO - Processing file /Users/daniel/sensor-data-ELT/dbt-env/lib/python3.7/site-packages/airflow/example_dags/example_kubernetes_executor_config.py for tasks to queue
[2021-09-22 01:19:34,864] {logging_mixin.py:109} INFO - [2021-09-22 01:19:34,864] {dagbag.py:496} INFO - Filling up the DagBag from /Users/daniel/sensor-data-ELT/dbt-env/lib/python3.7/site-packages/airflow/example_dags/example_kubernetes_executor_config.py
[2021-09-22 01:19:34,887] {processor.py:623} INFO - DAG(s) dict_keys(['example_kubernetes_executor_config']) retrieved from /Users/daniel/sensor-data-ELT/dbt-env/lib/python3.7/site-packages/airflow/example_dags/example_kubernetes_executor_config.py
[2021-09-22 01:19:34,908] {logging_mixin.py:109} INFO - [2021-09-22 01:19:34,908] {dag.py:1834} INFO - Sync 1 DAGs
[2021-09-22 01:19:35,007] {logging_mixin.py:109} INFO - [2021-09-22 01:19:35,007] {dag.py:2287} INFO - Setting next_dagrun for example_kubernetes_executor_config to None
[2021-09-22 01:19:35,016] {processor.py:170} INFO - Processing /Users/daniel/sensor-data-ELT/dbt-env/lib/python3.7/site-packages/airflow/example_dags/example_kubernetes_executor_config.py took 0.160 seconds
