[2021-09-22 00:18:42,989] {processor.py:162} INFO - Started process (PID=37061) to work on /Users/daniel/sensor-data-ELT/dbt-env/lib/python3.7/site-packages/airflow/example_dags/tutorial_etl_dag.py
[2021-09-22 00:18:42,992] {processor.py:613} INFO - Processing file /Users/daniel/sensor-data-ELT/dbt-env/lib/python3.7/site-packages/airflow/example_dags/tutorial_etl_dag.py for tasks to queue
[2021-09-22 00:18:42,993] {logging_mixin.py:109} INFO - [2021-09-22 00:18:42,993] {dagbag.py:496} INFO - Filling up the DagBag from /Users/daniel/sensor-data-ELT/dbt-env/lib/python3.7/site-packages/airflow/example_dags/tutorial_etl_dag.py
[2021-09-22 00:18:43,033] {processor.py:623} INFO - DAG(s) dict_keys(['tutorial_etl_dag']) retrieved from /Users/daniel/sensor-data-ELT/dbt-env/lib/python3.7/site-packages/airflow/example_dags/tutorial_etl_dag.py
[2021-09-22 00:18:43,070] {logging_mixin.py:109} INFO - [2021-09-22 00:18:43,069] {dag.py:1834} INFO - Sync 1 DAGs
[2021-09-22 00:18:43,088] {logging_mixin.py:109} INFO - [2021-09-22 00:18:43,088] {dag.py:2287} INFO - Setting next_dagrun for tutorial_etl_dag to None
[2021-09-22 00:18:43,118] {processor.py:170} INFO - Processing /Users/daniel/sensor-data-ELT/dbt-env/lib/python3.7/site-packages/airflow/example_dags/tutorial_etl_dag.py took 0.150 seconds
[2021-09-22 00:19:19,235] {processor.py:162} INFO - Started process (PID=37150) to work on /Users/daniel/sensor-data-ELT/dbt-env/lib/python3.7/site-packages/airflow/example_dags/tutorial_etl_dag.py
[2021-09-22 00:19:19,237] {processor.py:613} INFO - Processing file /Users/daniel/sensor-data-ELT/dbt-env/lib/python3.7/site-packages/airflow/example_dags/tutorial_etl_dag.py for tasks to queue
[2021-09-22 00:19:19,239] {logging_mixin.py:109} INFO - [2021-09-22 00:19:19,238] {dagbag.py:496} INFO - Filling up the DagBag from /Users/daniel/sensor-data-ELT/dbt-env/lib/python3.7/site-packages/airflow/example_dags/tutorial_etl_dag.py
[2021-09-22 00:19:19,254] {processor.py:623} INFO - DAG(s) dict_keys(['tutorial_etl_dag']) retrieved from /Users/daniel/sensor-data-ELT/dbt-env/lib/python3.7/site-packages/airflow/example_dags/tutorial_etl_dag.py
[2021-09-22 00:19:19,272] {logging_mixin.py:109} INFO - [2021-09-22 00:19:19,272] {dag.py:1834} INFO - Sync 1 DAGs
[2021-09-22 00:19:19,286] {logging_mixin.py:109} INFO - [2021-09-22 00:19:19,286] {dag.py:2287} INFO - Setting next_dagrun for tutorial_etl_dag to None
[2021-09-22 00:19:19,298] {processor.py:170} INFO - Processing /Users/daniel/sensor-data-ELT/dbt-env/lib/python3.7/site-packages/airflow/example_dags/tutorial_etl_dag.py took 0.067 seconds
[2021-09-22 00:19:55,438] {processor.py:162} INFO - Started process (PID=37567) to work on /Users/daniel/sensor-data-ELT/dbt-env/lib/python3.7/site-packages/airflow/example_dags/tutorial_etl_dag.py
[2021-09-22 00:19:55,442] {processor.py:613} INFO - Processing file /Users/daniel/sensor-data-ELT/dbt-env/lib/python3.7/site-packages/airflow/example_dags/tutorial_etl_dag.py for tasks to queue
[2021-09-22 00:19:55,443] {logging_mixin.py:109} INFO - [2021-09-22 00:19:55,442] {dagbag.py:496} INFO - Filling up the DagBag from /Users/daniel/sensor-data-ELT/dbt-env/lib/python3.7/site-packages/airflow/example_dags/tutorial_etl_dag.py
[2021-09-22 00:19:55,469] {processor.py:623} INFO - DAG(s) dict_keys(['tutorial_etl_dag']) retrieved from /Users/daniel/sensor-data-ELT/dbt-env/lib/python3.7/site-packages/airflow/example_dags/tutorial_etl_dag.py
[2021-09-22 00:19:55,517] {logging_mixin.py:109} INFO - [2021-09-22 00:19:55,517] {dag.py:1834} INFO - Sync 1 DAGs
[2021-09-22 00:19:55,534] {logging_mixin.py:109} INFO - [2021-09-22 00:19:55,534] {dag.py:2287} INFO - Setting next_dagrun for tutorial_etl_dag to None
[2021-09-22 00:19:55,551] {processor.py:170} INFO - Processing /Users/daniel/sensor-data-ELT/dbt-env/lib/python3.7/site-packages/airflow/example_dags/tutorial_etl_dag.py took 0.120 seconds
[2021-09-22 00:20:31,349] {processor.py:162} INFO - Started process (PID=37616) to work on /Users/daniel/sensor-data-ELT/dbt-env/lib/python3.7/site-packages/airflow/example_dags/tutorial_etl_dag.py
[2021-09-22 00:20:31,352] {processor.py:613} INFO - Processing file /Users/daniel/sensor-data-ELT/dbt-env/lib/python3.7/site-packages/airflow/example_dags/tutorial_etl_dag.py for tasks to queue
[2021-09-22 00:20:31,353] {logging_mixin.py:109} INFO - [2021-09-22 00:20:31,353] {dagbag.py:496} INFO - Filling up the DagBag from /Users/daniel/sensor-data-ELT/dbt-env/lib/python3.7/site-packages/airflow/example_dags/tutorial_etl_dag.py
[2021-09-22 00:20:31,371] {processor.py:623} INFO - DAG(s) dict_keys(['tutorial_etl_dag']) retrieved from /Users/daniel/sensor-data-ELT/dbt-env/lib/python3.7/site-packages/airflow/example_dags/tutorial_etl_dag.py
[2021-09-22 00:20:31,403] {logging_mixin.py:109} INFO - [2021-09-22 00:20:31,403] {dag.py:1834} INFO - Sync 1 DAGs
[2021-09-22 00:20:31,415] {logging_mixin.py:109} INFO - [2021-09-22 00:20:31,415] {dag.py:2287} INFO - Setting next_dagrun for tutorial_etl_dag to None
[2021-09-22 00:20:31,429] {processor.py:170} INFO - Processing /Users/daniel/sensor-data-ELT/dbt-env/lib/python3.7/site-packages/airflow/example_dags/tutorial_etl_dag.py took 0.092 seconds
[2021-09-22 00:22:04,017] {processor.py:162} INFO - Started process (PID=38536) to work on /Users/daniel/sensor-data-ELT/dbt-env/lib/python3.7/site-packages/airflow/example_dags/tutorial_etl_dag.py
[2021-09-22 00:22:04,020] {processor.py:613} INFO - Processing file /Users/daniel/sensor-data-ELT/dbt-env/lib/python3.7/site-packages/airflow/example_dags/tutorial_etl_dag.py for tasks to queue
[2021-09-22 00:22:04,021] {logging_mixin.py:109} INFO - [2021-09-22 00:22:04,021] {dagbag.py:496} INFO - Filling up the DagBag from /Users/daniel/sensor-data-ELT/dbt-env/lib/python3.7/site-packages/airflow/example_dags/tutorial_etl_dag.py
[2021-09-22 00:22:04,034] {processor.py:623} INFO - DAG(s) dict_keys(['tutorial_etl_dag']) retrieved from /Users/daniel/sensor-data-ELT/dbt-env/lib/python3.7/site-packages/airflow/example_dags/tutorial_etl_dag.py
[2021-09-22 00:22:04,049] {logging_mixin.py:109} INFO - [2021-09-22 00:22:04,048] {dag.py:1834} INFO - Sync 1 DAGs
[2021-09-22 00:22:04,059] {logging_mixin.py:109} INFO - [2021-09-22 00:22:04,059] {dag.py:2287} INFO - Setting next_dagrun for tutorial_etl_dag to None
[2021-09-22 00:22:04,071] {processor.py:170} INFO - Processing /Users/daniel/sensor-data-ELT/dbt-env/lib/python3.7/site-packages/airflow/example_dags/tutorial_etl_dag.py took 0.058 seconds
[2021-09-22 00:22:44,600] {processor.py:162} INFO - Started process (PID=38618) to work on /Users/daniel/sensor-data-ELT/dbt-env/lib/python3.7/site-packages/airflow/example_dags/tutorial_etl_dag.py
[2021-09-22 00:22:44,604] {processor.py:613} INFO - Processing file /Users/daniel/sensor-data-ELT/dbt-env/lib/python3.7/site-packages/airflow/example_dags/tutorial_etl_dag.py for tasks to queue
[2021-09-22 00:22:44,605] {logging_mixin.py:109} INFO - [2021-09-22 00:22:44,605] {dagbag.py:496} INFO - Filling up the DagBag from /Users/daniel/sensor-data-ELT/dbt-env/lib/python3.7/site-packages/airflow/example_dags/tutorial_etl_dag.py
[2021-09-22 00:22:44,644] {processor.py:623} INFO - DAG(s) dict_keys(['tutorial_etl_dag']) retrieved from /Users/daniel/sensor-data-ELT/dbt-env/lib/python3.7/site-packages/airflow/example_dags/tutorial_etl_dag.py
[2021-09-22 00:22:44,678] {logging_mixin.py:109} INFO - [2021-09-22 00:22:44,675] {dag.py:1834} INFO - Sync 1 DAGs
[2021-09-22 00:22:44,699] {logging_mixin.py:109} INFO - [2021-09-22 00:22:44,698] {dag.py:2287} INFO - Setting next_dagrun for tutorial_etl_dag to None
[2021-09-22 00:22:44,711] {processor.py:170} INFO - Processing /Users/daniel/sensor-data-ELT/dbt-env/lib/python3.7/site-packages/airflow/example_dags/tutorial_etl_dag.py took 0.124 seconds
[2021-09-22 00:23:18,753] {processor.py:162} INFO - Started process (PID=38652) to work on /Users/daniel/sensor-data-ELT/dbt-env/lib/python3.7/site-packages/airflow/example_dags/tutorial_etl_dag.py
[2021-09-22 00:23:18,756] {processor.py:613} INFO - Processing file /Users/daniel/sensor-data-ELT/dbt-env/lib/python3.7/site-packages/airflow/example_dags/tutorial_etl_dag.py for tasks to queue
[2021-09-22 00:23:18,757] {logging_mixin.py:109} INFO - [2021-09-22 00:23:18,757] {dagbag.py:496} INFO - Filling up the DagBag from /Users/daniel/sensor-data-ELT/dbt-env/lib/python3.7/site-packages/airflow/example_dags/tutorial_etl_dag.py
[2021-09-22 00:23:18,775] {processor.py:623} INFO - DAG(s) dict_keys(['tutorial_etl_dag']) retrieved from /Users/daniel/sensor-data-ELT/dbt-env/lib/python3.7/site-packages/airflow/example_dags/tutorial_etl_dag.py
[2021-09-22 00:23:18,792] {logging_mixin.py:109} INFO - [2021-09-22 00:23:18,792] {dag.py:1834} INFO - Sync 1 DAGs
[2021-09-22 00:23:18,804] {logging_mixin.py:109} INFO - [2021-09-22 00:23:18,804] {dag.py:2287} INFO - Setting next_dagrun for tutorial_etl_dag to None
[2021-09-22 00:23:18,817] {processor.py:170} INFO - Processing /Users/daniel/sensor-data-ELT/dbt-env/lib/python3.7/site-packages/airflow/example_dags/tutorial_etl_dag.py took 0.068 seconds
[2021-09-22 00:23:53,808] {processor.py:162} INFO - Started process (PID=38727) to work on /Users/daniel/sensor-data-ELT/dbt-env/lib/python3.7/site-packages/airflow/example_dags/tutorial_etl_dag.py
[2021-09-22 00:23:53,829] {processor.py:613} INFO - Processing file /Users/daniel/sensor-data-ELT/dbt-env/lib/python3.7/site-packages/airflow/example_dags/tutorial_etl_dag.py for tasks to queue
[2021-09-22 00:23:53,832] {logging_mixin.py:109} INFO - [2021-09-22 00:23:53,831] {dagbag.py:496} INFO - Filling up the DagBag from /Users/daniel/sensor-data-ELT/dbt-env/lib/python3.7/site-packages/airflow/example_dags/tutorial_etl_dag.py
[2021-09-22 00:23:53,856] {processor.py:623} INFO - DAG(s) dict_keys(['tutorial_etl_dag']) retrieved from /Users/daniel/sensor-data-ELT/dbt-env/lib/python3.7/site-packages/airflow/example_dags/tutorial_etl_dag.py
[2021-09-22 00:23:53,894] {logging_mixin.py:109} INFO - [2021-09-22 00:23:53,894] {dag.py:1834} INFO - Sync 1 DAGs
[2021-09-22 00:23:53,917] {logging_mixin.py:109} INFO - [2021-09-22 00:23:53,916] {dag.py:2287} INFO - Setting next_dagrun for tutorial_etl_dag to None
[2021-09-22 00:23:53,935] {processor.py:170} INFO - Processing /Users/daniel/sensor-data-ELT/dbt-env/lib/python3.7/site-packages/airflow/example_dags/tutorial_etl_dag.py took 0.138 seconds
[2021-09-22 00:34:13,885] {processor.py:162} INFO - Started process (PID=39139) to work on /Users/daniel/sensor-data-ELT/dbt-env/lib/python3.7/site-packages/airflow/example_dags/tutorial_etl_dag.py
[2021-09-22 00:34:13,888] {processor.py:613} INFO - Processing file /Users/daniel/sensor-data-ELT/dbt-env/lib/python3.7/site-packages/airflow/example_dags/tutorial_etl_dag.py for tasks to queue
[2021-09-22 00:34:13,889] {logging_mixin.py:109} INFO - [2021-09-22 00:34:13,889] {dagbag.py:496} INFO - Filling up the DagBag from /Users/daniel/sensor-data-ELT/dbt-env/lib/python3.7/site-packages/airflow/example_dags/tutorial_etl_dag.py
[2021-09-22 00:34:13,903] {processor.py:623} INFO - DAG(s) dict_keys(['tutorial_etl_dag']) retrieved from /Users/daniel/sensor-data-ELT/dbt-env/lib/python3.7/site-packages/airflow/example_dags/tutorial_etl_dag.py
[2021-09-22 00:34:13,920] {logging_mixin.py:109} INFO - [2021-09-22 00:34:13,919] {dag.py:1834} INFO - Sync 1 DAGs
[2021-09-22 00:34:13,931] {logging_mixin.py:109} INFO - [2021-09-22 00:34:13,931] {dag.py:2287} INFO - Setting next_dagrun for tutorial_etl_dag to None
[2021-09-22 00:34:13,943] {processor.py:170} INFO - Processing /Users/daniel/sensor-data-ELT/dbt-env/lib/python3.7/site-packages/airflow/example_dags/tutorial_etl_dag.py took 0.062 seconds
[2021-09-22 00:34:50,382] {processor.py:162} INFO - Started process (PID=39225) to work on /Users/daniel/sensor-data-ELT/dbt-env/lib/python3.7/site-packages/airflow/example_dags/tutorial_etl_dag.py
[2021-09-22 00:34:50,384] {processor.py:613} INFO - Processing file /Users/daniel/sensor-data-ELT/dbt-env/lib/python3.7/site-packages/airflow/example_dags/tutorial_etl_dag.py for tasks to queue
[2021-09-22 00:34:50,385] {logging_mixin.py:109} INFO - [2021-09-22 00:34:50,385] {dagbag.py:496} INFO - Filling up the DagBag from /Users/daniel/sensor-data-ELT/dbt-env/lib/python3.7/site-packages/airflow/example_dags/tutorial_etl_dag.py
[2021-09-22 00:34:50,401] {processor.py:623} INFO - DAG(s) dict_keys(['tutorial_etl_dag']) retrieved from /Users/daniel/sensor-data-ELT/dbt-env/lib/python3.7/site-packages/airflow/example_dags/tutorial_etl_dag.py
[2021-09-22 00:34:50,417] {logging_mixin.py:109} INFO - [2021-09-22 00:34:50,417] {dag.py:1834} INFO - Sync 1 DAGs
[2021-09-22 00:34:50,429] {logging_mixin.py:109} INFO - [2021-09-22 00:34:50,429] {dag.py:2287} INFO - Setting next_dagrun for tutorial_etl_dag to None
[2021-09-22 00:34:50,440] {processor.py:170} INFO - Processing /Users/daniel/sensor-data-ELT/dbt-env/lib/python3.7/site-packages/airflow/example_dags/tutorial_etl_dag.py took 0.063 seconds
[2021-09-22 00:35:23,371] {processor.py:162} INFO - Started process (PID=39257) to work on /Users/daniel/sensor-data-ELT/dbt-env/lib/python3.7/site-packages/airflow/example_dags/tutorial_etl_dag.py
[2021-09-22 00:35:23,374] {processor.py:613} INFO - Processing file /Users/daniel/sensor-data-ELT/dbt-env/lib/python3.7/site-packages/airflow/example_dags/tutorial_etl_dag.py for tasks to queue
[2021-09-22 00:35:23,375] {logging_mixin.py:109} INFO - [2021-09-22 00:35:23,375] {dagbag.py:496} INFO - Filling up the DagBag from /Users/daniel/sensor-data-ELT/dbt-env/lib/python3.7/site-packages/airflow/example_dags/tutorial_etl_dag.py
[2021-09-22 00:35:23,392] {processor.py:623} INFO - DAG(s) dict_keys(['tutorial_etl_dag']) retrieved from /Users/daniel/sensor-data-ELT/dbt-env/lib/python3.7/site-packages/airflow/example_dags/tutorial_etl_dag.py
[2021-09-22 00:35:23,410] {logging_mixin.py:109} INFO - [2021-09-22 00:35:23,410] {dag.py:1834} INFO - Sync 1 DAGs
[2021-09-22 00:35:23,422] {logging_mixin.py:109} INFO - [2021-09-22 00:35:23,422] {dag.py:2287} INFO - Setting next_dagrun for tutorial_etl_dag to None
[2021-09-22 00:35:23,434] {processor.py:170} INFO - Processing /Users/daniel/sensor-data-ELT/dbt-env/lib/python3.7/site-packages/airflow/example_dags/tutorial_etl_dag.py took 0.067 seconds
[2021-09-22 00:35:57,825] {processor.py:162} INFO - Started process (PID=39289) to work on /Users/daniel/sensor-data-ELT/dbt-env/lib/python3.7/site-packages/airflow/example_dags/tutorial_etl_dag.py
[2021-09-22 00:35:57,828] {processor.py:613} INFO - Processing file /Users/daniel/sensor-data-ELT/dbt-env/lib/python3.7/site-packages/airflow/example_dags/tutorial_etl_dag.py for tasks to queue
[2021-09-22 00:35:57,829] {logging_mixin.py:109} INFO - [2021-09-22 00:35:57,829] {dagbag.py:496} INFO - Filling up the DagBag from /Users/daniel/sensor-data-ELT/dbt-env/lib/python3.7/site-packages/airflow/example_dags/tutorial_etl_dag.py
[2021-09-22 00:35:57,844] {processor.py:623} INFO - DAG(s) dict_keys(['tutorial_etl_dag']) retrieved from /Users/daniel/sensor-data-ELT/dbt-env/lib/python3.7/site-packages/airflow/example_dags/tutorial_etl_dag.py
[2021-09-22 00:35:57,863] {logging_mixin.py:109} INFO - [2021-09-22 00:35:57,862] {dag.py:1834} INFO - Sync 1 DAGs
[2021-09-22 00:35:57,876] {logging_mixin.py:109} INFO - [2021-09-22 00:35:57,876] {dag.py:2287} INFO - Setting next_dagrun for tutorial_etl_dag to None
[2021-09-22 00:35:57,889] {processor.py:170} INFO - Processing /Users/daniel/sensor-data-ELT/dbt-env/lib/python3.7/site-packages/airflow/example_dags/tutorial_etl_dag.py took 0.068 seconds
[2021-09-22 00:36:30,364] {processor.py:162} INFO - Started process (PID=39333) to work on /Users/daniel/sensor-data-ELT/dbt-env/lib/python3.7/site-packages/airflow/example_dags/tutorial_etl_dag.py
[2021-09-22 00:36:30,366] {processor.py:613} INFO - Processing file /Users/daniel/sensor-data-ELT/dbt-env/lib/python3.7/site-packages/airflow/example_dags/tutorial_etl_dag.py for tasks to queue
[2021-09-22 00:36:30,367] {logging_mixin.py:109} INFO - [2021-09-22 00:36:30,367] {dagbag.py:496} INFO - Filling up the DagBag from /Users/daniel/sensor-data-ELT/dbt-env/lib/python3.7/site-packages/airflow/example_dags/tutorial_etl_dag.py
[2021-09-22 00:36:30,385] {processor.py:623} INFO - DAG(s) dict_keys(['tutorial_etl_dag']) retrieved from /Users/daniel/sensor-data-ELT/dbt-env/lib/python3.7/site-packages/airflow/example_dags/tutorial_etl_dag.py
[2021-09-22 00:36:30,408] {logging_mixin.py:109} INFO - [2021-09-22 00:36:30,408] {dag.py:1834} INFO - Sync 1 DAGs
[2021-09-22 00:36:30,423] {logging_mixin.py:109} INFO - [2021-09-22 00:36:30,423] {dag.py:2287} INFO - Setting next_dagrun for tutorial_etl_dag to None
[2021-09-22 00:36:30,436] {processor.py:170} INFO - Processing /Users/daniel/sensor-data-ELT/dbt-env/lib/python3.7/site-packages/airflow/example_dags/tutorial_etl_dag.py took 0.077 seconds
[2021-09-22 00:37:06,008] {processor.py:162} INFO - Started process (PID=39413) to work on /Users/daniel/sensor-data-ELT/dbt-env/lib/python3.7/site-packages/airflow/example_dags/tutorial_etl_dag.py
[2021-09-22 00:37:06,010] {processor.py:613} INFO - Processing file /Users/daniel/sensor-data-ELT/dbt-env/lib/python3.7/site-packages/airflow/example_dags/tutorial_etl_dag.py for tasks to queue
[2021-09-22 00:37:06,012] {logging_mixin.py:109} INFO - [2021-09-22 00:37:06,011] {dagbag.py:496} INFO - Filling up the DagBag from /Users/daniel/sensor-data-ELT/dbt-env/lib/python3.7/site-packages/airflow/example_dags/tutorial_etl_dag.py
[2021-09-22 00:37:06,029] {processor.py:623} INFO - DAG(s) dict_keys(['tutorial_etl_dag']) retrieved from /Users/daniel/sensor-data-ELT/dbt-env/lib/python3.7/site-packages/airflow/example_dags/tutorial_etl_dag.py
[2021-09-22 00:37:06,048] {logging_mixin.py:109} INFO - [2021-09-22 00:37:06,047] {dag.py:1834} INFO - Sync 1 DAGs
[2021-09-22 00:37:06,061] {logging_mixin.py:109} INFO - [2021-09-22 00:37:06,061] {dag.py:2287} INFO - Setting next_dagrun for tutorial_etl_dag to None
[2021-09-22 00:37:06,073] {processor.py:170} INFO - Processing /Users/daniel/sensor-data-ELT/dbt-env/lib/python3.7/site-packages/airflow/example_dags/tutorial_etl_dag.py took 0.070 seconds
[2021-09-22 00:37:39,121] {processor.py:162} INFO - Started process (PID=39463) to work on /Users/daniel/sensor-data-ELT/dbt-env/lib/python3.7/site-packages/airflow/example_dags/tutorial_etl_dag.py
[2021-09-22 00:37:39,123] {processor.py:613} INFO - Processing file /Users/daniel/sensor-data-ELT/dbt-env/lib/python3.7/site-packages/airflow/example_dags/tutorial_etl_dag.py for tasks to queue
[2021-09-22 00:37:39,124] {logging_mixin.py:109} INFO - [2021-09-22 00:37:39,124] {dagbag.py:496} INFO - Filling up the DagBag from /Users/daniel/sensor-data-ELT/dbt-env/lib/python3.7/site-packages/airflow/example_dags/tutorial_etl_dag.py
[2021-09-22 00:37:39,141] {processor.py:623} INFO - DAG(s) dict_keys(['tutorial_etl_dag']) retrieved from /Users/daniel/sensor-data-ELT/dbt-env/lib/python3.7/site-packages/airflow/example_dags/tutorial_etl_dag.py
[2021-09-22 00:37:39,159] {logging_mixin.py:109} INFO - [2021-09-22 00:37:39,159] {dag.py:1834} INFO - Sync 1 DAGs
[2021-09-22 00:37:39,172] {logging_mixin.py:109} INFO - [2021-09-22 00:37:39,171] {dag.py:2287} INFO - Setting next_dagrun for tutorial_etl_dag to None
[2021-09-22 00:37:39,185] {processor.py:170} INFO - Processing /Users/daniel/sensor-data-ELT/dbt-env/lib/python3.7/site-packages/airflow/example_dags/tutorial_etl_dag.py took 0.069 seconds
[2021-09-22 00:38:16,362] {processor.py:162} INFO - Started process (PID=39559) to work on /Users/daniel/sensor-data-ELT/dbt-env/lib/python3.7/site-packages/airflow/example_dags/tutorial_etl_dag.py
[2021-09-22 00:38:16,364] {processor.py:613} INFO - Processing file /Users/daniel/sensor-data-ELT/dbt-env/lib/python3.7/site-packages/airflow/example_dags/tutorial_etl_dag.py for tasks to queue
[2021-09-22 00:38:16,365] {logging_mixin.py:109} INFO - [2021-09-22 00:38:16,365] {dagbag.py:496} INFO - Filling up the DagBag from /Users/daniel/sensor-data-ELT/dbt-env/lib/python3.7/site-packages/airflow/example_dags/tutorial_etl_dag.py
[2021-09-22 00:38:16,400] {processor.py:623} INFO - DAG(s) dict_keys(['tutorial_etl_dag']) retrieved from /Users/daniel/sensor-data-ELT/dbt-env/lib/python3.7/site-packages/airflow/example_dags/tutorial_etl_dag.py
[2021-09-22 00:38:16,420] {logging_mixin.py:109} INFO - [2021-09-22 00:38:16,420] {dag.py:1834} INFO - Sync 1 DAGs
[2021-09-22 00:38:16,433] {logging_mixin.py:109} INFO - [2021-09-22 00:38:16,433] {dag.py:2287} INFO - Setting next_dagrun for tutorial_etl_dag to None
[2021-09-22 00:38:16,447] {processor.py:170} INFO - Processing /Users/daniel/sensor-data-ELT/dbt-env/lib/python3.7/site-packages/airflow/example_dags/tutorial_etl_dag.py took 0.091 seconds
[2021-09-22 00:39:21,013] {processor.py:162} INFO - Started process (PID=39619) to work on /Users/daniel/sensor-data-ELT/dbt-env/lib/python3.7/site-packages/airflow/example_dags/tutorial_etl_dag.py
[2021-09-22 00:39:21,017] {processor.py:613} INFO - Processing file /Users/daniel/sensor-data-ELT/dbt-env/lib/python3.7/site-packages/airflow/example_dags/tutorial_etl_dag.py for tasks to queue
[2021-09-22 00:39:21,018] {logging_mixin.py:109} INFO - [2021-09-22 00:39:21,018] {dagbag.py:496} INFO - Filling up the DagBag from /Users/daniel/sensor-data-ELT/dbt-env/lib/python3.7/site-packages/airflow/example_dags/tutorial_etl_dag.py
[2021-09-22 00:39:21,047] {processor.py:623} INFO - DAG(s) dict_keys(['tutorial_etl_dag']) retrieved from /Users/daniel/sensor-data-ELT/dbt-env/lib/python3.7/site-packages/airflow/example_dags/tutorial_etl_dag.py
[2021-09-22 00:39:21,078] {logging_mixin.py:109} INFO - [2021-09-22 00:39:21,078] {dag.py:1834} INFO - Sync 1 DAGs
[2021-09-22 00:39:21,101] {logging_mixin.py:109} INFO - [2021-09-22 00:39:21,101] {dag.py:2287} INFO - Setting next_dagrun for tutorial_etl_dag to None
[2021-09-22 00:39:21,118] {processor.py:170} INFO - Processing /Users/daniel/sensor-data-ELT/dbt-env/lib/python3.7/site-packages/airflow/example_dags/tutorial_etl_dag.py took 0.111 seconds
[2021-09-22 01:18:44,193] {processor.py:162} INFO - Started process (PID=41047) to work on /Users/daniel/sensor-data-ELT/dbt-env/lib/python3.7/site-packages/airflow/example_dags/tutorial_etl_dag.py
[2021-09-22 01:18:44,195] {processor.py:613} INFO - Processing file /Users/daniel/sensor-data-ELT/dbt-env/lib/python3.7/site-packages/airflow/example_dags/tutorial_etl_dag.py for tasks to queue
[2021-09-22 01:18:44,197] {logging_mixin.py:109} INFO - [2021-09-22 01:18:44,196] {dagbag.py:496} INFO - Filling up the DagBag from /Users/daniel/sensor-data-ELT/dbt-env/lib/python3.7/site-packages/airflow/example_dags/tutorial_etl_dag.py
[2021-09-22 01:18:44,221] {processor.py:623} INFO - DAG(s) dict_keys(['tutorial_etl_dag']) retrieved from /Users/daniel/sensor-data-ELT/dbt-env/lib/python3.7/site-packages/airflow/example_dags/tutorial_etl_dag.py
[2021-09-22 01:18:44,243] {logging_mixin.py:109} INFO - [2021-09-22 01:18:44,243] {dag.py:1834} INFO - Sync 1 DAGs
[2021-09-22 01:18:44,378] {logging_mixin.py:109} INFO - [2021-09-22 01:18:44,378] {dag.py:2287} INFO - Setting next_dagrun for tutorial_etl_dag to None
[2021-09-22 01:18:44,391] {processor.py:170} INFO - Processing /Users/daniel/sensor-data-ELT/dbt-env/lib/python3.7/site-packages/airflow/example_dags/tutorial_etl_dag.py took 0.202 seconds
